[0.159s] Invoking command in '/home/faith/Work/carto_ws/build/orbbec_camera_msgs': CMAKE_PREFIX_PATH=${CMAKE_PREFIX_PATH}:/home/faith/Work/carto_ws/install/fishbot_description:/opt/ros/humble /usr/bin/cmake --build /home/faith/Work/carto_ws/build/orbbec_camera_msgs -- -j8 -l8
[0.802s] [  0%] Built target orbbec_camera_msgs__cpp
[0.802s] [  0%] Built target ament_cmake_python_copy_orbbec_camera_msgs
[0.802s] [35m[1mConsolidate compiler generated dependencies of target orbbec_camera_msgs__rosidl_generator_c[0m
[0.803s] [35m[1mConsolidate compiler generated dependencies of target orbbec_camera_msgs__rosidl_typesupport_cpp[0m
[0.803s] [ 12%] Built target orbbec_camera_msgs__rosidl_generator_c
[0.803s] [35m[1mConsolidate compiler generated dependencies of target orbbec_camera_msgs__rosidl_typesupport_introspection_cpp[0m
[0.803s] [35m[1mConsolidate compiler generated dependencies of target orbbec_camera_msgs__rosidl_typesupport_fastrtps_cpp[0m
[0.803s] [35m[1mConsolidate compiler generated dependencies of target orbbec_camera_msgs__rosidl_typesupport_introspection_c[0m
[0.803s] [35m[1mConsolidate compiler generated dependencies of target orbbec_camera_msgs__rosidl_typesupport_c[0m
[0.803s] [35m[1mConsolidate compiler generated dependencies of target orbbec_camera_msgs__rosidl_typesupport_fastrtps_c[0m
[0.803s] [ 24%] Built target orbbec_camera_msgs__rosidl_typesupport_cpp
[0.803s] [ 36%] Built target orbbec_camera_msgs__rosidl_typesupport_introspection_c
[0.803s] [ 48%] Built target orbbec_camera_msgs__rosidl_typesupport_introspection_cpp
[0.803s] [ 59%] Built target orbbec_camera_msgs__rosidl_typesupport_c
[0.803s] [ 71%] Built target orbbec_camera_msgs__rosidl_typesupport_fastrtps_c
[0.804s] [ 82%] Built target orbbec_camera_msgs__rosidl_typesupport_fastrtps_cpp
[0.804s] [ 82%] Built target orbbec_camera_msgs
[0.870s] [ 83%] Built target orbbec_camera_msgs__py
[0.923s] running egg_info
[0.929s] writing orbbec_camera_msgs.egg-info/PKG-INFO
[0.932s] writing dependency_links to orbbec_camera_msgs.egg-info/dependency_links.txt
[0.934s] writing top-level names to orbbec_camera_msgs.egg-info/top_level.txt
[0.966s] reading manifest file 'orbbec_camera_msgs.egg-info/SOURCES.txt'
[0.968s] writing manifest file 'orbbec_camera_msgs.egg-info/SOURCES.txt'
[0.969s] [35m[1mConsolidate compiler generated dependencies of target orbbec_camera_msgs__rosidl_generator_py[0m
[1.048s] [ 94%] Built target orbbec_camera_msgs__rosidl_generator_py
[1.092s] [35m[1mConsolidate compiler generated dependencies of target orbbec_camera_msgs__rosidl_typesupport_introspection_c__pyext[0m
[1.109s] [35m[1mConsolidate compiler generated dependencies of target orbbec_camera_msgs__rosidl_typesupport_fastrtps_c__pyext[0m
[1.111s] [35m[1mConsolidate compiler generated dependencies of target orbbec_camera_msgs__rosidl_typesupport_c__pyext[0m
[1.113s] [ 96%] Built target orbbec_camera_msgs__rosidl_typesupport_introspection_c__pyext
[1.137s] [ 98%] Built target orbbec_camera_msgs__rosidl_typesupport_fastrtps_c__pyext
[1.138s] [ 98%] Built target ament_cmake_python_build_orbbec_camera_msgs_egg
[1.147s] [100%] Built target orbbec_camera_msgs__rosidl_typesupport_c__pyext
[1.207s] Invoked command in '/home/faith/Work/carto_ws/build/orbbec_camera_msgs' returned '0': CMAKE_PREFIX_PATH=${CMAKE_PREFIX_PATH}:/home/faith/Work/carto_ws/install/fishbot_description:/opt/ros/humble /usr/bin/cmake --build /home/faith/Work/carto_ws/build/orbbec_camera_msgs -- -j8 -l8
[2.040s] Invoking command in '/home/faith/Work/carto_ws/build/orbbec_camera_msgs': CMAKE_PREFIX_PATH=${CMAKE_PREFIX_PATH}:/home/faith/Work/carto_ws/install/fishbot_description:/opt/ros/humble /usr/bin/cmake --install /home/faith/Work/carto_ws/build/orbbec_camera_msgs
[2.086s] -- Install configuration: "Release"
[2.087s] -- Up-to-date: /home/faith/Work/carto_ws/install/orbbec_camera_msgs/share/ament_index/resource_index/rosidl_interfaces/orbbec_camera_msgs
[2.087s] -- Up-to-date: /home/faith/Work/carto_ws/install/orbbec_camera_msgs/include/orbbec_camera_msgs/orbbec_camera_msgs
[2.087s] -- Up-to-date: /home/faith/Work/carto_ws/install/orbbec_camera_msgs/include/orbbec_camera_msgs/orbbec_camera_msgs/srv
[2.088s] -- Up-to-date: /home/faith/Work/carto_ws/install/orbbec_camera_msgs/include/orbbec_camera_msgs/orbbec_camera_msgs/srv/get_device_info.h
[2.088s] -- Up-to-date: /home/faith/Work/carto_ws/install/orbbec_camera_msgs/include/orbbec_camera_msgs/orbbec_camera_msgs/srv/set_int32.h
[2.089s] -- Up-to-date: /home/faith/Work/carto_ws/install/orbbec_camera_msgs/include/orbbec_camera_msgs/orbbec_camera_msgs/srv/get_camera_info.h
[2.089s] -- Up-to-date: /home/faith/Work/carto_ws/install/orbbec_camera_msgs/include/orbbec_camera_msgs/orbbec_camera_msgs/srv/detail
[2.089s] -- Up-to-date: /home/faith/Work/carto_ws/install/orbbec_camera_msgs/include/orbbec_camera_msgs/orbbec_camera_msgs/srv/detail/get_string__functions.c
[2.090s] -- Up-to-date: /home/faith/Work/carto_ws/install/orbbec_camera_msgs/include/orbbec_camera_msgs/orbbec_camera_msgs/srv/detail/set_string__type_support.h
[2.090s] -- Up-to-date: /home/faith/Work/carto_ws/install/orbbec_camera_msgs/include/orbbec_camera_msgs/orbbec_camera_msgs/srv/detail/get_device_info__type_support.h
[2.090s] -- Up-to-date: /home/faith/Work/carto_ws/install/orbbec_camera_msgs/include/orbbec_camera_msgs/orbbec_camera_msgs/srv/detail/set_int32__functions.h
[2.090s] -- Up-to-date: /home/faith/Work/carto_ws/install/orbbec_camera_msgs/include/orbbec_camera_msgs/orbbec_camera_msgs/srv/detail/get_camera_info__functions.c
[2.091s] -- Up-to-date: /home/faith/Work/carto_ws/install/orbbec_camera_msgs/include/orbbec_camera_msgs/orbbec_camera_msgs/srv/detail/get_bool__type_support.h
[2.091s] -- Up-to-date: /home/faith/Work/carto_ws/install/orbbec_camera_msgs/include/orbbec_camera_msgs/orbbec_camera_msgs/srv/detail/get_camera_info__type_support.h
[2.092s] -- Up-to-date: /home/faith/Work/carto_ws/install/orbbec_camera_msgs/include/orbbec_camera_msgs/orbbec_camera_msgs/srv/detail/get_camera_info__struct.h
[2.093s] -- Up-to-date: /home/faith/Work/carto_ws/install/orbbec_camera_msgs/include/orbbec_camera_msgs/orbbec_camera_msgs/srv/detail/get_bool__struct.h
[2.093s] -- Up-to-date: /home/faith/Work/carto_ws/install/orbbec_camera_msgs/include/orbbec_camera_msgs/orbbec_camera_msgs/srv/detail/set_string__struct.h
[2.094s] -- Up-to-date: /home/faith/Work/carto_ws/install/orbbec_camera_msgs/include/orbbec_camera_msgs/orbbec_camera_msgs/srv/detail/set_int32__type_support.h
[2.094s] -- Up-to-date: /home/faith/Work/carto_ws/install/orbbec_camera_msgs/include/orbbec_camera_msgs/orbbec_camera_msgs/srv/detail/get_int32__functions.c
[2.096s] -- Up-to-date: /home/faith/Work/carto_ws/install/orbbec_camera_msgs/include/orbbec_camera_msgs/orbbec_camera_msgs/srv/detail/set_string__functions.c
[2.097s] -- Up-to-date: /home/faith/Work/carto_ws/install/orbbec_camera_msgs/include/orbbec_camera_msgs/orbbec_camera_msgs/srv/detail/get_string__functions.h
[2.098s] -- Up-to-date: /home/faith/Work/carto_ws/install/orbbec_camera_msgs/include/orbbec_camera_msgs/orbbec_camera_msgs/srv/detail/get_string__struct.h
[2.098s] -- Up-to-date: /home/faith/Work/carto_ws/install/orbbec_camera_msgs/include/orbbec_camera_msgs/orbbec_camera_msgs/srv/detail/get_bool__functions.h
[2.098s] -- Up-to-date: /home/faith/Work/carto_ws/install/orbbec_camera_msgs/include/orbbec_camera_msgs/orbbec_camera_msgs/srv/detail/get_bool__functions.c
[2.098s] -- Up-to-date: /home/faith/Work/carto_ws/install/orbbec_camera_msgs/include/orbbec_camera_msgs/orbbec_camera_msgs/srv/detail/get_int32__functions.h
[2.098s] -- Up-to-date: /home/faith/Work/carto_ws/install/orbbec_camera_msgs/include/orbbec_camera_msgs/orbbec_camera_msgs/srv/detail/get_int32__type_support.h
[2.098s] -- Up-to-date: /home/faith/Work/carto_ws/install/orbbec_camera_msgs/include/orbbec_camera_msgs/orbbec_camera_msgs/srv/detail/get_string__type_support.h
[2.098s] -- Up-to-date: /home/faith/Work/carto_ws/install/orbbec_camera_msgs/include/orbbec_camera_msgs/orbbec_camera_msgs/srv/detail/get_device_info__functions.h
[2.099s] -- Up-to-date: /home/faith/Work/carto_ws/install/orbbec_camera_msgs/include/orbbec_camera_msgs/orbbec_camera_msgs/srv/detail/set_string__functions.h
[2.099s] -- Up-to-date: /home/faith/Work/carto_ws/install/orbbec_camera_msgs/include/orbbec_camera_msgs/orbbec_camera_msgs/srv/detail/set_int32__functions.c
[2.099s] -- Up-to-date: /home/faith/Work/carto_ws/install/orbbec_camera_msgs/include/orbbec_camera_msgs/orbbec_camera_msgs/srv/detail/get_int32__struct.h
[2.099s] -- Up-to-date: /home/faith/Work/carto_ws/install/orbbec_camera_msgs/include/orbbec_camera_msgs/orbbec_camera_msgs/srv/detail/get_device_info__struct.h
[2.099s] -- Up-to-date: /home/faith/Work/carto_ws/install/orbbec_camera_msgs/include/orbbec_camera_msgs/orbbec_camera_msgs/srv/detail/get_device_info__functions.c
[2.099s] -- Up-to-date: /home/faith/Work/carto_ws/install/orbbec_camera_msgs/include/orbbec_camera_msgs/orbbec_camera_msgs/srv/detail/get_camera_info__functions.h
[2.099s] -- Up-to-date: /home/faith/Work/carto_ws/install/orbbec_camera_msgs/include/orbbec_camera_msgs/orbbec_camera_msgs/srv/detail/set_int32__struct.h
[2.100s] -- Up-to-date: /home/faith/Work/carto_ws/install/orbbec_camera_msgs/include/orbbec_camera_msgs/orbbec_camera_msgs/srv/get_string.h
[2.100s] -- Up-to-date: /home/faith/Work/carto_ws/install/orbbec_camera_msgs/include/orbbec_camera_msgs/orbbec_camera_msgs/srv/get_bool.h
[2.100s] -- Up-to-date: /home/faith/Work/carto_ws/install/orbbec_camera_msgs/include/orbbec_camera_msgs/orbbec_camera_msgs/srv/get_int32.h
[2.100s] -- Up-to-date: /home/faith/Work/carto_ws/install/orbbec_camera_msgs/include/orbbec_camera_msgs/orbbec_camera_msgs/srv/set_string.h
[2.100s] -- Up-to-date: /home/faith/Work/carto_ws/install/orbbec_camera_msgs/include/orbbec_camera_msgs/orbbec_camera_msgs/msg
[2.100s] -- Up-to-date: /home/faith/Work/carto_ws/install/orbbec_camera_msgs/include/orbbec_camera_msgs/orbbec_camera_msgs/msg/detail
[2.101s] -- Up-to-date: /home/faith/Work/carto_ws/install/orbbec_camera_msgs/include/orbbec_camera_msgs/orbbec_camera_msgs/msg/detail/extrinsics__functions.c
[2.101s] -- Up-to-date: /home/faith/Work/carto_ws/install/orbbec_camera_msgs/include/orbbec_camera_msgs/orbbec_camera_msgs/msg/detail/metadata__functions.c
[2.101s] -- Up-to-date: /home/faith/Work/carto_ws/install/orbbec_camera_msgs/include/orbbec_camera_msgs/orbbec_camera_msgs/msg/detail/extrinsics__functions.h
[2.101s] -- Up-to-date: /home/faith/Work/carto_ws/install/orbbec_camera_msgs/include/orbbec_camera_msgs/orbbec_camera_msgs/msg/detail/device_info__functions.c
[2.102s] -- Up-to-date: /home/faith/Work/carto_ws/install/orbbec_camera_msgs/include/orbbec_camera_msgs/orbbec_camera_msgs/msg/detail/metadata__type_support.h
[2.102s] -- Up-to-date: /home/faith/Work/carto_ws/install/orbbec_camera_msgs/include/orbbec_camera_msgs/orbbec_camera_msgs/msg/detail/metadata__struct.h
[2.102s] -- Up-to-date: /home/faith/Work/carto_ws/install/orbbec_camera_msgs/include/orbbec_camera_msgs/orbbec_camera_msgs/msg/detail/extrinsics__type_support.h
[2.102s] -- Up-to-date: /home/faith/Work/carto_ws/install/orbbec_camera_msgs/include/orbbec_camera_msgs/orbbec_camera_msgs/msg/detail/metadata__functions.h
[2.103s] -- Up-to-date: /home/faith/Work/carto_ws/install/orbbec_camera_msgs/include/orbbec_camera_msgs/orbbec_camera_msgs/msg/detail/device_info__functions.h
[2.103s] -- Up-to-date: /home/faith/Work/carto_ws/install/orbbec_camera_msgs/include/orbbec_camera_msgs/orbbec_camera_msgs/msg/detail/device_info__type_support.h
[2.103s] -- Up-to-date: /home/faith/Work/carto_ws/install/orbbec_camera_msgs/include/orbbec_camera_msgs/orbbec_camera_msgs/msg/detail/extrinsics__struct.h
[2.105s] -- Up-to-date: /home/faith/Work/carto_ws/install/orbbec_camera_msgs/include/orbbec_camera_msgs/orbbec_camera_msgs/msg/detail/device_info__struct.h
[2.106s] -- Up-to-date: /home/faith/Work/carto_ws/install/orbbec_camera_msgs/include/orbbec_camera_msgs/orbbec_camera_msgs/msg/device_info.h
[2.107s] -- Up-to-date: /home/faith/Work/carto_ws/install/orbbec_camera_msgs/include/orbbec_camera_msgs/orbbec_camera_msgs/msg/rosidl_generator_c__visibility_control.h
[2.108s] -- Up-to-date: /home/faith/Work/carto_ws/install/orbbec_camera_msgs/include/orbbec_camera_msgs/orbbec_camera_msgs/msg/metadata.h
[2.108s] -- Up-to-date: /home/faith/Work/carto_ws/install/orbbec_camera_msgs/include/orbbec_camera_msgs/orbbec_camera_msgs/msg/extrinsics.h
[2.108s] -- Up-to-date: /home/faith/Work/carto_ws/install/orbbec_camera_msgs/share/orbbec_camera_msgs/environment/library_path.sh
[2.108s] -- Up-to-date: /home/faith/Work/carto_ws/install/orbbec_camera_msgs/share/orbbec_camera_msgs/environment/library_path.dsv
[2.108s] -- Up-to-date: /home/faith/Work/carto_ws/install/orbbec_camera_msgs/lib/liborbbec_camera_msgs__rosidl_generator_c.so
[2.108s] -- Up-to-date: /home/faith/Work/carto_ws/install/orbbec_camera_msgs/include/orbbec_camera_msgs/orbbec_camera_msgs
[2.109s] -- Up-to-date: /home/faith/Work/carto_ws/install/orbbec_camera_msgs/include/orbbec_camera_msgs/orbbec_camera_msgs/srv
[2.109s] -- Up-to-date: /home/faith/Work/carto_ws/install/orbbec_camera_msgs/include/orbbec_camera_msgs/orbbec_camera_msgs/srv/detail
[2.109s] -- Up-to-date: /home/faith/Work/carto_ws/install/orbbec_camera_msgs/include/orbbec_camera_msgs/orbbec_camera_msgs/srv/detail/get_device_info__rosidl_typesupport_fastrtps_c.h
[2.109s] -- Up-to-date: /home/faith/Work/carto_ws/install/orbbec_camera_msgs/include/orbbec_camera_msgs/orbbec_camera_msgs/srv/detail/set_string__rosidl_typesupport_fastrtps_c.h
[2.109s] -- Up-to-date: /home/faith/Work/carto_ws/install/orbbec_camera_msgs/include/orbbec_camera_msgs/orbbec_camera_msgs/srv/detail/get_bool__rosidl_typesupport_fastrtps_c.h
[2.111s] -- Up-to-date: /home/faith/Work/carto_ws/install/orbbec_camera_msgs/include/orbbec_camera_msgs/orbbec_camera_msgs/srv/detail/set_int32__rosidl_typesupport_fastrtps_c.h
[2.111s] -- Up-to-date: /home/faith/Work/carto_ws/install/orbbec_camera_msgs/include/orbbec_camera_msgs/orbbec_camera_msgs/srv/detail/get_string__rosidl_typesupport_fastrtps_c.h
[2.111s] -- Up-to-date: /home/faith/Work/carto_ws/install/orbbec_camera_msgs/include/orbbec_camera_msgs/orbbec_camera_msgs/srv/detail/get_int32__rosidl_typesupport_fastrtps_c.h
[2.111s] -- Up-to-date: /home/faith/Work/carto_ws/install/orbbec_camera_msgs/include/orbbec_camera_msgs/orbbec_camera_msgs/srv/detail/get_camera_info__rosidl_typesupport_fastrtps_c.h
[2.111s] -- Up-to-date: /home/faith/Work/carto_ws/install/orbbec_camera_msgs/include/orbbec_camera_msgs/orbbec_camera_msgs/msg
[2.112s] -- Up-to-date: /home/faith/Work/carto_ws/install/orbbec_camera_msgs/include/orbbec_camera_msgs/orbbec_camera_msgs/msg/detail
[2.112s] -- Up-to-date: /home/faith/Work/carto_ws/install/orbbec_camera_msgs/include/orbbec_camera_msgs/orbbec_camera_msgs/msg/detail/metadata__rosidl_typesupport_fastrtps_c.h
[2.112s] -- Up-to-date: /home/faith/Work/carto_ws/install/orbbec_camera_msgs/include/orbbec_camera_msgs/orbbec_camera_msgs/msg/detail/extrinsics__rosidl_typesupport_fastrtps_c.h
[2.112s] -- Up-to-date: /home/faith/Work/carto_ws/install/orbbec_camera_msgs/include/orbbec_camera_msgs/orbbec_camera_msgs/msg/detail/device_info__rosidl_typesupport_fastrtps_c.h
[2.112s] -- Up-to-date: /home/faith/Work/carto_ws/install/orbbec_camera_msgs/include/orbbec_camera_msgs/orbbec_camera_msgs/msg/rosidl_typesupport_fastrtps_c__visibility_control.h
[2.113s] -- Up-to-date: /home/faith/Work/carto_ws/install/orbbec_camera_msgs/lib/liborbbec_camera_msgs__rosidl_typesupport_fastrtps_c.so
[2.117s] -- Up-to-date: /home/faith/Work/carto_ws/install/orbbec_camera_msgs/include/orbbec_camera_msgs/orbbec_camera_msgs
[2.119s] -- Up-to-date: /home/faith/Work/carto_ws/install/orbbec_camera_msgs/include/orbbec_camera_msgs/orbbec_camera_msgs/srv
[2.121s] -- Up-to-date: /home/faith/Work/carto_ws/install/orbbec_camera_msgs/include/orbbec_camera_msgs/orbbec_camera_msgs/srv/detail
[2.122s] -- Up-to-date: /home/faith/Work/carto_ws/install/orbbec_camera_msgs/include/orbbec_camera_msgs/orbbec_camera_msgs/srv/detail/get_camera_info__type_support.c
[2.122s] -- Up-to-date: /home/faith/Work/carto_ws/install/orbbec_camera_msgs/include/orbbec_camera_msgs/orbbec_camera_msgs/srv/detail/get_int32__type_support.c
[2.123s] -- Up-to-date: /home/faith/Work/carto_ws/install/orbbec_camera_msgs/include/orbbec_camera_msgs/orbbec_camera_msgs/srv/detail/set_string__type_support.c
[2.124s] -- Up-to-date: /home/faith/Work/carto_ws/install/orbbec_camera_msgs/include/orbbec_camera_msgs/orbbec_camera_msgs/srv/detail/get_device_info__rosidl_typesupport_introspection_c.h
[2.126s] -- Up-to-date: /home/faith/Work/carto_ws/install/orbbec_camera_msgs/include/orbbec_camera_msgs/orbbec_camera_msgs/srv/detail/get_bool__rosidl_typesupport_introspection_c.h
[2.126s] -- Up-to-date: /home/faith/Work/carto_ws/install/orbbec_camera_msgs/include/orbbec_camera_msgs/orbbec_camera_msgs/srv/detail/get_bool__type_support.c
[2.128s] -- Up-to-date: /home/faith/Work/carto_ws/install/orbbec_camera_msgs/include/orbbec_camera_msgs/orbbec_camera_msgs/srv/detail/get_camera_info__rosidl_typesupport_introspection_c.h
[2.130s] -- Up-to-date: /home/faith/Work/carto_ws/install/orbbec_camera_msgs/include/orbbec_camera_msgs/orbbec_camera_msgs/srv/detail/get_string__type_support.c
[2.131s] -- Up-to-date: /home/faith/Work/carto_ws/install/orbbec_camera_msgs/include/orbbec_camera_msgs/orbbec_camera_msgs/srv/detail/get_string__rosidl_typesupport_introspection_c.h
[2.133s] -- Up-to-date: /home/faith/Work/carto_ws/install/orbbec_camera_msgs/include/orbbec_camera_msgs/orbbec_camera_msgs/srv/detail/get_int32__rosidl_typesupport_introspection_c.h
[2.134s] -- Up-to-date: /home/faith/Work/carto_ws/install/orbbec_camera_msgs/include/orbbec_camera_msgs/orbbec_camera_msgs/srv/detail/set_int32__type_support.c
[2.135s] -- Up-to-date: /home/faith/Work/carto_ws/install/orbbec_camera_msgs/include/orbbec_camera_msgs/orbbec_camera_msgs/srv/detail/set_string__rosidl_typesupport_introspection_c.h
[2.135s] -- Up-to-date: /home/faith/Work/carto_ws/install/orbbec_camera_msgs/include/orbbec_camera_msgs/orbbec_camera_msgs/srv/detail/set_int32__rosidl_typesupport_introspection_c.h
[2.135s] -- Up-to-date: /home/faith/Work/carto_ws/install/orbbec_camera_msgs/include/orbbec_camera_msgs/orbbec_camera_msgs/srv/detail/get_device_info__type_support.c
[2.136s] -- Up-to-date: /home/faith/Work/carto_ws/install/orbbec_camera_msgs/include/orbbec_camera_msgs/orbbec_camera_msgs/msg
[2.136s] -- Up-to-date: /home/faith/Work/carto_ws/install/orbbec_camera_msgs/include/orbbec_camera_msgs/orbbec_camera_msgs/msg/detail
[2.136s] -- Up-to-date: /home/faith/Work/carto_ws/install/orbbec_camera_msgs/include/orbbec_camera_msgs/orbbec_camera_msgs/msg/detail/device_info__rosidl_typesupport_introspection_c.h
[2.136s] -- Up-to-date: /home/faith/Work/carto_ws/install/orbbec_camera_msgs/include/orbbec_camera_msgs/orbbec_camera_msgs/msg/detail/extrinsics__rosidl_typesupport_introspection_c.h
[2.136s] -- Up-to-date: /home/faith/Work/carto_ws/install/orbbec_camera_msgs/include/orbbec_camera_msgs/orbbec_camera_msgs/msg/detail/metadata__rosidl_typesupport_introspection_c.h
[2.136s] -- Up-to-date: /home/faith/Work/carto_ws/install/orbbec_camera_msgs/include/orbbec_camera_msgs/orbbec_camera_msgs/msg/detail/device_info__type_support.c
[2.136s] -- Up-to-date: /home/faith/Work/carto_ws/install/orbbec_camera_msgs/include/orbbec_camera_msgs/orbbec_camera_msgs/msg/detail/metadata__type_support.c
[2.136s] -- Up-to-date: /home/faith/Work/carto_ws/install/orbbec_camera_msgs/include/orbbec_camera_msgs/orbbec_camera_msgs/msg/detail/extrinsics__type_support.c
[2.137s] -- Up-to-date: /home/faith/Work/carto_ws/install/orbbec_camera_msgs/include/orbbec_camera_msgs/orbbec_camera_msgs/msg/rosidl_typesupport_introspection_c__visibility_control.h
[2.137s] -- Up-to-date: /home/faith/Work/carto_ws/install/orbbec_camera_msgs/lib/liborbbec_camera_msgs__rosidl_typesupport_introspection_c.so
[2.137s] -- Up-to-date: /home/faith/Work/carto_ws/install/orbbec_camera_msgs/lib/liborbbec_camera_msgs__rosidl_typesupport_c.so
[2.137s] -- Up-to-date: /home/faith/Work/carto_ws/install/orbbec_camera_msgs/include/orbbec_camera_msgs/orbbec_camera_msgs
[2.137s] -- Up-to-date: /home/faith/Work/carto_ws/install/orbbec_camera_msgs/include/orbbec_camera_msgs/orbbec_camera_msgs/srv
[2.137s] -- Up-to-date: /home/faith/Work/carto_ws/install/orbbec_camera_msgs/include/orbbec_camera_msgs/orbbec_camera_msgs/srv/set_string.hpp
[2.137s] -- Up-to-date: /home/faith/Work/carto_ws/install/orbbec_camera_msgs/include/orbbec_camera_msgs/orbbec_camera_msgs/srv/detail
[2.137s] -- Up-to-date: /home/faith/Work/carto_ws/install/orbbec_camera_msgs/include/orbbec_camera_msgs/orbbec_camera_msgs/srv/detail/get_bool__struct.hpp
[2.138s] -- Up-to-date: /home/faith/Work/carto_ws/install/orbbec_camera_msgs/include/orbbec_camera_msgs/orbbec_camera_msgs/srv/detail/get_string__traits.hpp
[2.138s] -- Up-to-date: /home/faith/Work/carto_ws/install/orbbec_camera_msgs/include/orbbec_camera_msgs/orbbec_camera_msgs/srv/detail/get_bool__traits.hpp
[2.138s] -- Up-to-date: /home/faith/Work/carto_ws/install/orbbec_camera_msgs/include/orbbec_camera_msgs/orbbec_camera_msgs/srv/detail/get_int32__traits.hpp
[2.138s] -- Up-to-date: /home/faith/Work/carto_ws/install/orbbec_camera_msgs/include/orbbec_camera_msgs/orbbec_camera_msgs/srv/detail/get_string__builder.hpp
[2.138s] -- Up-to-date: /home/faith/Work/carto_ws/install/orbbec_camera_msgs/include/orbbec_camera_msgs/orbbec_camera_msgs/srv/detail/get_bool__builder.hpp
[2.138s] -- Up-to-date: /home/faith/Work/carto_ws/install/orbbec_camera_msgs/include/orbbec_camera_msgs/orbbec_camera_msgs/srv/detail/set_string__builder.hpp
[2.138s] -- Up-to-date: /home/faith/Work/carto_ws/install/orbbec_camera_msgs/include/orbbec_camera_msgs/orbbec_camera_msgs/srv/detail/get_camera_info__traits.hpp
[2.138s] -- Up-to-date: /home/faith/Work/carto_ws/install/orbbec_camera_msgs/include/orbbec_camera_msgs/orbbec_camera_msgs/srv/detail/get_int32__builder.hpp
[2.138s] -- Up-to-date: /home/faith/Work/carto_ws/install/orbbec_camera_msgs/include/orbbec_camera_msgs/orbbec_camera_msgs/srv/detail/set_int32__builder.hpp
[2.138s] -- Up-to-date: /home/faith/Work/carto_ws/install/orbbec_camera_msgs/include/orbbec_camera_msgs/orbbec_camera_msgs/srv/detail/get_camera_info__struct.hpp
[2.139s] -- Up-to-date: /home/faith/Work/carto_ws/install/orbbec_camera_msgs/include/orbbec_camera_msgs/orbbec_camera_msgs/srv/detail/get_camera_info__builder.hpp
[2.139s] -- Up-to-date: /home/faith/Work/carto_ws/install/orbbec_camera_msgs/include/orbbec_camera_msgs/orbbec_camera_msgs/srv/detail/set_int32__traits.hpp
[2.139s] -- Up-to-date: /home/faith/Work/carto_ws/install/orbbec_camera_msgs/include/orbbec_camera_msgs/orbbec_camera_msgs/srv/detail/get_device_info__traits.hpp
[2.139s] -- Up-to-date: /home/faith/Work/carto_ws/install/orbbec_camera_msgs/include/orbbec_camera_msgs/orbbec_camera_msgs/srv/detail/set_int32__struct.hpp
[2.139s] -- Up-to-date: /home/faith/Work/carto_ws/install/orbbec_camera_msgs/include/orbbec_camera_msgs/orbbec_camera_msgs/srv/detail/set_string__struct.hpp
[2.139s] -- Up-to-date: /home/faith/Work/carto_ws/install/orbbec_camera_msgs/include/orbbec_camera_msgs/orbbec_camera_msgs/srv/detail/get_int32__struct.hpp
[2.139s] -- Up-to-date: /home/faith/Work/carto_ws/install/orbbec_camera_msgs/include/orbbec_camera_msgs/orbbec_camera_msgs/srv/detail/get_string__struct.hpp
[2.139s] -- Up-to-date: /home/faith/Work/carto_ws/install/orbbec_camera_msgs/include/orbbec_camera_msgs/orbbec_camera_msgs/srv/detail/get_device_info__struct.hpp
[2.139s] -- Up-to-date: /home/faith/Work/carto_ws/install/orbbec_camera_msgs/include/orbbec_camera_msgs/orbbec_camera_msgs/srv/detail/get_device_info__builder.hpp
[2.139s] -- Up-to-date: /home/faith/Work/carto_ws/install/orbbec_camera_msgs/include/orbbec_camera_msgs/orbbec_camera_msgs/srv/detail/set_string__traits.hpp
[2.139s] -- Up-to-date: /home/faith/Work/carto_ws/install/orbbec_camera_msgs/include/orbbec_camera_msgs/orbbec_camera_msgs/srv/get_device_info.hpp
[2.139s] -- Up-to-date: /home/faith/Work/carto_ws/install/orbbec_camera_msgs/include/orbbec_camera_msgs/orbbec_camera_msgs/srv/get_bool.hpp
[2.140s] -- Up-to-date: /home/faith/Work/carto_ws/install/orbbec_camera_msgs/include/orbbec_camera_msgs/orbbec_camera_msgs/srv/get_int32.hpp
[2.140s] -- Up-to-date: /home/faith/Work/carto_ws/install/orbbec_camera_msgs/include/orbbec_camera_msgs/orbbec_camera_msgs/srv/set_int32.hpp
[2.140s] -- Up-to-date: /home/faith/Work/carto_ws/install/orbbec_camera_msgs/include/orbbec_camera_msgs/orbbec_camera_msgs/srv/get_camera_info.hpp
[2.140s] -- Up-to-date: /home/faith/Work/carto_ws/install/orbbec_camera_msgs/include/orbbec_camera_msgs/orbbec_camera_msgs/srv/get_string.hpp
[2.140s] -- Up-to-date: /home/faith/Work/carto_ws/install/orbbec_camera_msgs/include/orbbec_camera_msgs/orbbec_camera_msgs/msg
[2.140s] -- Up-to-date: /home/faith/Work/carto_ws/install/orbbec_camera_msgs/include/orbbec_camera_msgs/orbbec_camera_msgs/msg/device_info.hpp
[2.140s] -- Up-to-date: /home/faith/Work/carto_ws/install/orbbec_camera_msgs/include/orbbec_camera_msgs/orbbec_camera_msgs/msg/detail
[2.140s] -- Up-to-date: /home/faith/Work/carto_ws/install/orbbec_camera_msgs/include/orbbec_camera_msgs/orbbec_camera_msgs/msg/detail/extrinsics__traits.hpp
[2.140s] -- Up-to-date: /home/faith/Work/carto_ws/install/orbbec_camera_msgs/include/orbbec_camera_msgs/orbbec_camera_msgs/msg/detail/metadata__struct.hpp
[2.140s] -- Up-to-date: /home/faith/Work/carto_ws/install/orbbec_camera_msgs/include/orbbec_camera_msgs/orbbec_camera_msgs/msg/detail/device_info__builder.hpp
[2.140s] -- Up-to-date: /home/faith/Work/carto_ws/install/orbbec_camera_msgs/include/orbbec_camera_msgs/orbbec_camera_msgs/msg/detail/extrinsics__builder.hpp
[2.140s] -- Up-to-date: /home/faith/Work/carto_ws/install/orbbec_camera_msgs/include/orbbec_camera_msgs/orbbec_camera_msgs/msg/detail/extrinsics__struct.hpp
[2.141s] -- Up-to-date: /home/faith/Work/carto_ws/install/orbbec_camera_msgs/include/orbbec_camera_msgs/orbbec_camera_msgs/msg/detail/device_info__traits.hpp
[2.141s] -- Up-to-date: /home/faith/Work/carto_ws/install/orbbec_camera_msgs/include/orbbec_camera_msgs/orbbec_camera_msgs/msg/detail/metadata__traits.hpp
[2.141s] -- Up-to-date: /home/faith/Work/carto_ws/install/orbbec_camera_msgs/include/orbbec_camera_msgs/orbbec_camera_msgs/msg/detail/metadata__builder.hpp
[2.141s] -- Up-to-date: /home/faith/Work/carto_ws/install/orbbec_camera_msgs/include/orbbec_camera_msgs/orbbec_camera_msgs/msg/detail/device_info__struct.hpp
[2.141s] -- Up-to-date: /home/faith/Work/carto_ws/install/orbbec_camera_msgs/include/orbbec_camera_msgs/orbbec_camera_msgs/msg/extrinsics.hpp
[2.141s] -- Up-to-date: /home/faith/Work/carto_ws/install/orbbec_camera_msgs/include/orbbec_camera_msgs/orbbec_camera_msgs/msg/metadata.hpp
[2.141s] -- Up-to-date: /home/faith/Work/carto_ws/install/orbbec_camera_msgs/include/orbbec_camera_msgs/orbbec_camera_msgs
[2.141s] -- Up-to-date: /home/faith/Work/carto_ws/install/orbbec_camera_msgs/include/orbbec_camera_msgs/orbbec_camera_msgs/srv
[2.141s] -- Up-to-date: /home/faith/Work/carto_ws/install/orbbec_camera_msgs/include/orbbec_camera_msgs/orbbec_camera_msgs/srv/detail
[2.141s] -- Up-to-date: /home/faith/Work/carto_ws/install/orbbec_camera_msgs/include/orbbec_camera_msgs/orbbec_camera_msgs/srv/detail/dds_fastrtps
[2.141s] -- Up-to-date: /home/faith/Work/carto_ws/install/orbbec_camera_msgs/include/orbbec_camera_msgs/orbbec_camera_msgs/srv/detail/get_int32__rosidl_typesupport_fastrtps_cpp.hpp
[2.141s] -- Up-to-date: /home/faith/Work/carto_ws/install/orbbec_camera_msgs/include/orbbec_camera_msgs/orbbec_camera_msgs/srv/detail/get_camera_info__rosidl_typesupport_fastrtps_cpp.hpp
[2.142s] -- Up-to-date: /home/faith/Work/carto_ws/install/orbbec_camera_msgs/include/orbbec_camera_msgs/orbbec_camera_msgs/srv/detail/get_bool__rosidl_typesupport_fastrtps_cpp.hpp
[2.142s] -- Up-to-date: /home/faith/Work/carto_ws/install/orbbec_camera_msgs/include/orbbec_camera_msgs/orbbec_camera_msgs/srv/detail/set_string__rosidl_typesupport_fastrtps_cpp.hpp
[2.142s] -- Up-to-date: /home/faith/Work/carto_ws/install/orbbec_camera_msgs/include/orbbec_camera_msgs/orbbec_camera_msgs/srv/detail/get_string__rosidl_typesupport_fastrtps_cpp.hpp
[2.142s] -- Up-to-date: /home/faith/Work/carto_ws/install/orbbec_camera_msgs/include/orbbec_camera_msgs/orbbec_camera_msgs/srv/detail/set_int32__rosidl_typesupport_fastrtps_cpp.hpp
[2.142s] -- Up-to-date: /home/faith/Work/carto_ws/install/orbbec_camera_msgs/include/orbbec_camera_msgs/orbbec_camera_msgs/srv/detail/get_device_info__rosidl_typesupport_fastrtps_cpp.hpp
[2.142s] -- Up-to-date: /home/faith/Work/carto_ws/install/orbbec_camera_msgs/include/orbbec_camera_msgs/orbbec_camera_msgs/msg
[2.142s] -- Up-to-date: /home/faith/Work/carto_ws/install/orbbec_camera_msgs/include/orbbec_camera_msgs/orbbec_camera_msgs/msg/detail
[2.142s] -- Up-to-date: /home/faith/Work/carto_ws/install/orbbec_camera_msgs/include/orbbec_camera_msgs/orbbec_camera_msgs/msg/detail/dds_fastrtps
[2.142s] -- Up-to-date: /home/faith/Work/carto_ws/install/orbbec_camera_msgs/include/orbbec_camera_msgs/orbbec_camera_msgs/msg/detail/device_info__rosidl_typesupport_fastrtps_cpp.hpp
[2.142s] -- Up-to-date: /home/faith/Work/carto_ws/install/orbbec_camera_msgs/include/orbbec_camera_msgs/orbbec_camera_msgs/msg/detail/extrinsics__rosidl_typesupport_fastrtps_cpp.hpp
[2.142s] -- Up-to-date: /home/faith/Work/carto_ws/install/orbbec_camera_msgs/include/orbbec_camera_msgs/orbbec_camera_msgs/msg/detail/metadata__rosidl_typesupport_fastrtps_cpp.hpp
[2.142s] -- Up-to-date: /home/faith/Work/carto_ws/install/orbbec_camera_msgs/include/orbbec_camera_msgs/orbbec_camera_msgs/msg/rosidl_typesupport_fastrtps_cpp__visibility_control.h
[2.143s] -- Up-to-date: /home/faith/Work/carto_ws/install/orbbec_camera_msgs/lib/liborbbec_camera_msgs__rosidl_typesupport_fastrtps_cpp.so
[2.143s] -- Up-to-date: /home/faith/Work/carto_ws/install/orbbec_camera_msgs/include/orbbec_camera_msgs/orbbec_camera_msgs
[2.143s] -- Up-to-date: /home/faith/Work/carto_ws/install/orbbec_camera_msgs/include/orbbec_camera_msgs/orbbec_camera_msgs/srv
[2.143s] -- Up-to-date: /home/faith/Work/carto_ws/install/orbbec_camera_msgs/include/orbbec_camera_msgs/orbbec_camera_msgs/srv/detail
[2.143s] -- Up-to-date: /home/faith/Work/carto_ws/install/orbbec_camera_msgs/include/orbbec_camera_msgs/orbbec_camera_msgs/srv/detail/set_int32__type_support.cpp
[2.143s] -- Up-to-date: /home/faith/Work/carto_ws/install/orbbec_camera_msgs/include/orbbec_camera_msgs/orbbec_camera_msgs/srv/detail/set_int32__rosidl_typesupport_introspection_cpp.hpp
[2.143s] -- Up-to-date: /home/faith/Work/carto_ws/install/orbbec_camera_msgs/include/orbbec_camera_msgs/orbbec_camera_msgs/srv/detail/get_camera_info__type_support.cpp
[2.143s] -- Up-to-date: /home/faith/Work/carto_ws/install/orbbec_camera_msgs/include/orbbec_camera_msgs/orbbec_camera_msgs/srv/detail/get_string__rosidl_typesupport_introspection_cpp.hpp
[2.143s] -- Up-to-date: /home/faith/Work/carto_ws/install/orbbec_camera_msgs/include/orbbec_camera_msgs/orbbec_camera_msgs/srv/detail/get_device_info__rosidl_typesupport_introspection_cpp.hpp
[2.143s] -- Up-to-date: /home/faith/Work/carto_ws/install/orbbec_camera_msgs/include/orbbec_camera_msgs/orbbec_camera_msgs/srv/detail/get_int32__type_support.cpp
[2.143s] -- Up-to-date: /home/faith/Work/carto_ws/install/orbbec_camera_msgs/include/orbbec_camera_msgs/orbbec_camera_msgs/srv/detail/get_string__type_support.cpp
[2.143s] -- Up-to-date: /home/faith/Work/carto_ws/install/orbbec_camera_msgs/include/orbbec_camera_msgs/orbbec_camera_msgs/srv/detail/get_camera_info__rosidl_typesupport_introspection_cpp.hpp
[2.143s] -- Up-to-date: /home/faith/Work/carto_ws/install/orbbec_camera_msgs/include/orbbec_camera_msgs/orbbec_camera_msgs/srv/detail/get_bool__type_support.cpp
[2.144s] -- Up-to-date: /home/faith/Work/carto_ws/install/orbbec_camera_msgs/include/orbbec_camera_msgs/orbbec_camera_msgs/srv/detail/get_bool__rosidl_typesupport_introspection_cpp.hpp
[2.144s] -- Up-to-date: /home/faith/Work/carto_ws/install/orbbec_camera_msgs/include/orbbec_camera_msgs/orbbec_camera_msgs/srv/detail/get_int32__rosidl_typesupport_introspection_cpp.hpp
[2.144s] -- Up-to-date: /home/faith/Work/carto_ws/install/orbbec_camera_msgs/include/orbbec_camera_msgs/orbbec_camera_msgs/srv/detail/get_device_info__type_support.cpp
[2.144s] -- Up-to-date: /home/faith/Work/carto_ws/install/orbbec_camera_msgs/include/orbbec_camera_msgs/orbbec_camera_msgs/srv/detail/set_string__type_support.cpp
[2.144s] -- Up-to-date: /home/faith/Work/carto_ws/install/orbbec_camera_msgs/include/orbbec_camera_msgs/orbbec_camera_msgs/srv/detail/set_string__rosidl_typesupport_introspection_cpp.hpp
[2.144s] -- Up-to-date: /home/faith/Work/carto_ws/install/orbbec_camera_msgs/include/orbbec_camera_msgs/orbbec_camera_msgs/msg
[2.144s] -- Up-to-date: /home/faith/Work/carto_ws/install/orbbec_camera_msgs/include/orbbec_camera_msgs/orbbec_camera_msgs/msg/detail
[2.144s] -- Up-to-date: /home/faith/Work/carto_ws/install/orbbec_camera_msgs/include/orbbec_camera_msgs/orbbec_camera_msgs/msg/detail/metadata__rosidl_typesupport_introspection_cpp.hpp
[2.144s] -- Up-to-date: /home/faith/Work/carto_ws/install/orbbec_camera_msgs/include/orbbec_camera_msgs/orbbec_camera_msgs/msg/detail/device_info__type_support.cpp
[2.144s] -- Up-to-date: /home/faith/Work/carto_ws/install/orbbec_camera_msgs/include/orbbec_camera_msgs/orbbec_camera_msgs/msg/detail/device_info__rosidl_typesupport_introspection_cpp.hpp
[2.144s] -- Up-to-date: /home/faith/Work/carto_ws/install/orbbec_camera_msgs/include/orbbec_camera_msgs/orbbec_camera_msgs/msg/detail/extrinsics__rosidl_typesupport_introspection_cpp.hpp
[2.145s] -- Up-to-date: /home/faith/Work/carto_ws/install/orbbec_camera_msgs/include/orbbec_camera_msgs/orbbec_camera_msgs/msg/detail/extrinsics__type_support.cpp
[2.145s] -- Up-to-date: /home/faith/Work/carto_ws/install/orbbec_camera_msgs/include/orbbec_camera_msgs/orbbec_camera_msgs/msg/detail/metadata__type_support.cpp
[2.145s] -- Up-to-date: /home/faith/Work/carto_ws/install/orbbec_camera_msgs/lib/liborbbec_camera_msgs__rosidl_typesupport_introspection_cpp.so
[2.145s] -- Up-to-date: /home/faith/Work/carto_ws/install/orbbec_camera_msgs/lib/liborbbec_camera_msgs__rosidl_typesupport_cpp.so
[2.145s] -- Up-to-date: /home/faith/Work/carto_ws/install/orbbec_camera_msgs/share/orbbec_camera_msgs/environment/pythonpath.sh
[2.145s] -- Up-to-date: /home/faith/Work/carto_ws/install/orbbec_camera_msgs/share/orbbec_camera_msgs/environment/pythonpath.dsv
[2.145s] -- Up-to-date: /home/faith/Work/carto_ws/install/orbbec_camera_msgs/local/lib/python3.10/dist-packages/orbbec_camera_msgs-1.2.2-py3.10.egg-info
[2.145s] -- Installing: /home/faith/Work/carto_ws/install/orbbec_camera_msgs/local/lib/python3.10/dist-packages/orbbec_camera_msgs-1.2.2-py3.10.egg-info/SOURCES.txt
[2.145s] -- Installing: /home/faith/Work/carto_ws/install/orbbec_camera_msgs/local/lib/python3.10/dist-packages/orbbec_camera_msgs-1.2.2-py3.10.egg-info/PKG-INFO
[2.145s] -- Installing: /home/faith/Work/carto_ws/install/orbbec_camera_msgs/local/lib/python3.10/dist-packages/orbbec_camera_msgs-1.2.2-py3.10.egg-info/top_level.txt
[2.146s] -- Installing: /home/faith/Work/carto_ws/install/orbbec_camera_msgs/local/lib/python3.10/dist-packages/orbbec_camera_msgs-1.2.2-py3.10.egg-info/dependency_links.txt
[2.146s] -- Up-to-date: /home/faith/Work/carto_ws/install/orbbec_camera_msgs/local/lib/python3.10/dist-packages/orbbec_camera_msgs
[2.146s] -- Up-to-date: /home/faith/Work/carto_ws/install/orbbec_camera_msgs/local/lib/python3.10/dist-packages/orbbec_camera_msgs/liborbbec_camera_msgs__rosidl_generator_py.so
[2.146s] -- Up-to-date: /home/faith/Work/carto_ws/install/orbbec_camera_msgs/local/lib/python3.10/dist-packages/orbbec_camera_msgs/_orbbec_camera_msgs_s.ep.rosidl_typesupport_introspection_c.c
[2.146s] -- Up-to-date: /home/faith/Work/carto_ws/install/orbbec_camera_msgs/local/lib/python3.10/dist-packages/orbbec_camera_msgs/srv
[2.146s] -- Up-to-date: /home/faith/Work/carto_ws/install/orbbec_camera_msgs/local/lib/python3.10/dist-packages/orbbec_camera_msgs/srv/_get_camera_info_s.c
[2.146s] -- Up-to-date: /home/faith/Work/carto_ws/install/orbbec_camera_msgs/local/lib/python3.10/dist-packages/orbbec_camera_msgs/srv/_set_string.py
[2.146s] -- Up-to-date: /home/faith/Work/carto_ws/install/orbbec_camera_msgs/local/lib/python3.10/dist-packages/orbbec_camera_msgs/srv/_get_string_s.c
[2.146s] -- Up-to-date: /home/faith/Work/carto_ws/install/orbbec_camera_msgs/local/lib/python3.10/dist-packages/orbbec_camera_msgs/srv/_get_camera_info.py
[2.147s] -- Up-to-date: /home/faith/Work/carto_ws/install/orbbec_camera_msgs/local/lib/python3.10/dist-packages/orbbec_camera_msgs/srv/_set_int32.py
[2.147s] -- Up-to-date: /home/faith/Work/carto_ws/install/orbbec_camera_msgs/local/lib/python3.10/dist-packages/orbbec_camera_msgs/srv/_get_device_info.py
[2.147s] -- Up-to-date: /home/faith/Work/carto_ws/install/orbbec_camera_msgs/local/lib/python3.10/dist-packages/orbbec_camera_msgs/srv/_get_device_info_s.c
[2.147s] -- Up-to-date: /home/faith/Work/carto_ws/install/orbbec_camera_msgs/local/lib/python3.10/dist-packages/orbbec_camera_msgs/srv/_get_bool_s.c
[2.147s] -- Up-to-date: /home/faith/Work/carto_ws/install/orbbec_camera_msgs/local/lib/python3.10/dist-packages/orbbec_camera_msgs/srv/_get_int32_s.c
[2.147s] -- Up-to-date: /home/faith/Work/carto_ws/install/orbbec_camera_msgs/local/lib/python3.10/dist-packages/orbbec_camera_msgs/srv/_get_string.py
[2.147s] -- Up-to-date: /home/faith/Work/carto_ws/install/orbbec_camera_msgs/local/lib/python3.10/dist-packages/orbbec_camera_msgs/srv/__init__.py
[2.147s] -- Up-to-date: /home/faith/Work/carto_ws/install/orbbec_camera_msgs/local/lib/python3.10/dist-packages/orbbec_camera_msgs/srv/_set_string_s.c
[2.147s] -- Up-to-date: /home/faith/Work/carto_ws/install/orbbec_camera_msgs/local/lib/python3.10/dist-packages/orbbec_camera_msgs/srv/_set_int32_s.c
[2.147s] -- Up-to-date: /home/faith/Work/carto_ws/install/orbbec_camera_msgs/local/lib/python3.10/dist-packages/orbbec_camera_msgs/srv/_get_int32.py
[2.147s] -- Up-to-date: /home/faith/Work/carto_ws/install/orbbec_camera_msgs/local/lib/python3.10/dist-packages/orbbec_camera_msgs/srv/_get_bool.py
[2.147s] -- Up-to-date: /home/faith/Work/carto_ws/install/orbbec_camera_msgs/local/lib/python3.10/dist-packages/orbbec_camera_msgs/orbbec_camera_msgs_s__rosidl_typesupport_fastrtps_c.cpython-310-aarch64-linux-gnu.so
[2.148s] -- Up-to-date: /home/faith/Work/carto_ws/install/orbbec_camera_msgs/local/lib/python3.10/dist-packages/orbbec_camera_msgs/orbbec_camera_msgs_s__rosidl_typesupport_introspection_c.cpython-310-aarch64-linux-gnu.so
[2.148s] -- Up-to-date: /home/faith/Work/carto_ws/install/orbbec_camera_msgs/local/lib/python3.10/dist-packages/orbbec_camera_msgs/msg
[2.148s] -- Up-to-date: /home/faith/Work/carto_ws/install/orbbec_camera_msgs/local/lib/python3.10/dist-packages/orbbec_camera_msgs/msg/_extrinsics.py
[2.148s] -- Up-to-date: /home/faith/Work/carto_ws/install/orbbec_camera_msgs/local/lib/python3.10/dist-packages/orbbec_camera_msgs/msg/_metadata_s.c
[2.148s] -- Up-to-date: /home/faith/Work/carto_ws/install/orbbec_camera_msgs/local/lib/python3.10/dist-packages/orbbec_camera_msgs/msg/_metadata.py
[2.148s] -- Up-to-date: /home/faith/Work/carto_ws/install/orbbec_camera_msgs/local/lib/python3.10/dist-packages/orbbec_camera_msgs/msg/_device_info_s.c
[2.148s] -- Up-to-date: /home/faith/Work/carto_ws/install/orbbec_camera_msgs/local/lib/python3.10/dist-packages/orbbec_camera_msgs/msg/__init__.py
[2.148s] -- Up-to-date: /home/faith/Work/carto_ws/install/orbbec_camera_msgs/local/lib/python3.10/dist-packages/orbbec_camera_msgs/msg/_device_info.py
[2.148s] -- Up-to-date: /home/faith/Work/carto_ws/install/orbbec_camera_msgs/local/lib/python3.10/dist-packages/orbbec_camera_msgs/msg/_extrinsics_s.c
[2.148s] -- Up-to-date: /home/faith/Work/carto_ws/install/orbbec_camera_msgs/local/lib/python3.10/dist-packages/orbbec_camera_msgs/__init__.py
[2.148s] -- Up-to-date: /home/faith/Work/carto_ws/install/orbbec_camera_msgs/local/lib/python3.10/dist-packages/orbbec_camera_msgs/_orbbec_camera_msgs_s.ep.rosidl_typesupport_c.c
[2.148s] -- Up-to-date: /home/faith/Work/carto_ws/install/orbbec_camera_msgs/local/lib/python3.10/dist-packages/orbbec_camera_msgs/_orbbec_camera_msgs_s.ep.rosidl_typesupport_fastrtps_c.c
[2.149s] -- Up-to-date: /home/faith/Work/carto_ws/install/orbbec_camera_msgs/local/lib/python3.10/dist-packages/orbbec_camera_msgs/orbbec_camera_msgs_s__rosidl_typesupport_c.cpython-310-aarch64-linux-gnu.so
[2.302s] Listing '/home/faith/Work/carto_ws/install/orbbec_camera_msgs/local/lib/python3.10/dist-packages/orbbec_camera_msgs'...
[2.302s] Listing '/home/faith/Work/carto_ws/install/orbbec_camera_msgs/local/lib/python3.10/dist-packages/orbbec_camera_msgs/msg'...
[2.303s] Listing '/home/faith/Work/carto_ws/install/orbbec_camera_msgs/local/lib/python3.10/dist-packages/orbbec_camera_msgs/srv'...
[2.323s] -- Up-to-date: /home/faith/Work/carto_ws/install/orbbec_camera_msgs/local/lib/python3.10/dist-packages/orbbec_camera_msgs/orbbec_camera_msgs_s__rosidl_typesupport_fastrtps_c.cpython-310-aarch64-linux-gnu.so
[2.330s] -- Up-to-date: /home/faith/Work/carto_ws/install/orbbec_camera_msgs/local/lib/python3.10/dist-packages/orbbec_camera_msgs/orbbec_camera_msgs_s__rosidl_typesupport_introspection_c.cpython-310-aarch64-linux-gnu.so
[2.331s] -- Up-to-date: /home/faith/Work/carto_ws/install/orbbec_camera_msgs/local/lib/python3.10/dist-packages/orbbec_camera_msgs/orbbec_camera_msgs_s__rosidl_typesupport_c.cpython-310-aarch64-linux-gnu.so
[2.334s] -- Up-to-date: /home/faith/Work/carto_ws/install/orbbec_camera_msgs/lib/liborbbec_camera_msgs__rosidl_generator_py.so
[2.335s] -- Up-to-date: /home/faith/Work/carto_ws/install/orbbec_camera_msgs/share/orbbec_camera_msgs/msg/DeviceInfo.idl
[2.335s] -- Up-to-date: /home/faith/Work/carto_ws/install/orbbec_camera_msgs/share/orbbec_camera_msgs/msg/Extrinsics.idl
[2.335s] -- Up-to-date: /home/faith/Work/carto_ws/install/orbbec_camera_msgs/share/orbbec_camera_msgs/msg/Metadata.idl
[2.336s] -- Up-to-date: /home/faith/Work/carto_ws/install/orbbec_camera_msgs/share/orbbec_camera_msgs/srv/GetBool.idl
[2.337s] -- Up-to-date: /home/faith/Work/carto_ws/install/orbbec_camera_msgs/share/orbbec_camera_msgs/srv/GetDeviceInfo.idl
[2.338s] -- Up-to-date: /home/faith/Work/carto_ws/install/orbbec_camera_msgs/share/orbbec_camera_msgs/srv/GetCameraInfo.idl
[2.340s] -- Up-to-date: /home/faith/Work/carto_ws/install/orbbec_camera_msgs/share/orbbec_camera_msgs/srv/GetInt32.idl
[2.341s] -- Up-to-date: /home/faith/Work/carto_ws/install/orbbec_camera_msgs/share/orbbec_camera_msgs/srv/GetString.idl
[2.341s] -- Up-to-date: /home/faith/Work/carto_ws/install/orbbec_camera_msgs/share/orbbec_camera_msgs/srv/SetInt32.idl
[2.341s] -- Up-to-date: /home/faith/Work/carto_ws/install/orbbec_camera_msgs/share/orbbec_camera_msgs/srv/SetString.idl
[2.341s] -- Up-to-date: /home/faith/Work/carto_ws/install/orbbec_camera_msgs/share/orbbec_camera_msgs/msg/DeviceInfo.msg
[2.346s] -- Up-to-date: /home/faith/Work/carto_ws/install/orbbec_camera_msgs/share/orbbec_camera_msgs/msg/Extrinsics.msg
[2.347s] -- Up-to-date: /home/faith/Work/carto_ws/install/orbbec_camera_msgs/share/orbbec_camera_msgs/msg/Metadata.msg
[2.348s] -- Up-to-date: /home/faith/Work/carto_ws/install/orbbec_camera_msgs/share/orbbec_camera_msgs/srv/GetBool.srv
[2.349s] -- Up-to-date: /home/faith/Work/carto_ws/install/orbbec_camera_msgs/share/orbbec_camera_msgs/srv/GetBool_Request.msg
[2.350s] -- Up-to-date: /home/faith/Work/carto_ws/install/orbbec_camera_msgs/share/orbbec_camera_msgs/srv/GetBool_Response.msg
[2.350s] -- Up-to-date: /home/faith/Work/carto_ws/install/orbbec_camera_msgs/share/orbbec_camera_msgs/srv/GetDeviceInfo.srv
[2.351s] -- Up-to-date: /home/faith/Work/carto_ws/install/orbbec_camera_msgs/share/orbbec_camera_msgs/srv/GetDeviceInfo_Request.msg
[2.351s] -- Up-to-date: /home/faith/Work/carto_ws/install/orbbec_camera_msgs/share/orbbec_camera_msgs/srv/GetDeviceInfo_Response.msg
[2.351s] -- Up-to-date: /home/faith/Work/carto_ws/install/orbbec_camera_msgs/share/orbbec_camera_msgs/srv/GetCameraInfo.srv
[2.351s] -- Up-to-date: /home/faith/Work/carto_ws/install/orbbec_camera_msgs/share/orbbec_camera_msgs/srv/GetCameraInfo_Request.msg
[2.351s] -- Up-to-date: /home/faith/Work/carto_ws/install/orbbec_camera_msgs/share/orbbec_camera_msgs/srv/GetCameraInfo_Response.msg
[2.352s] -- Up-to-date: /home/faith/Work/carto_ws/install/orbbec_camera_msgs/share/orbbec_camera_msgs/srv/GetInt32.srv
[2.352s] -- Up-to-date: /home/faith/Work/carto_ws/install/orbbec_camera_msgs/share/orbbec_camera_msgs/srv/GetInt32_Request.msg
[2.352s] -- Up-to-date: /home/faith/Work/carto_ws/install/orbbec_camera_msgs/share/orbbec_camera_msgs/srv/GetInt32_Response.msg
[2.352s] -- Up-to-date: /home/faith/Work/carto_ws/install/orbbec_camera_msgs/share/orbbec_camera_msgs/srv/GetString.srv
[2.352s] -- Up-to-date: /home/faith/Work/carto_ws/install/orbbec_camera_msgs/share/orbbec_camera_msgs/srv/GetString_Request.msg
[2.353s] -- Up-to-date: /home/faith/Work/carto_ws/install/orbbec_camera_msgs/share/orbbec_camera_msgs/srv/GetString_Response.msg
[2.353s] -- Up-to-date: /home/faith/Work/carto_ws/install/orbbec_camera_msgs/share/orbbec_camera_msgs/srv/SetInt32.srv
[2.353s] -- Up-to-date: /home/faith/Work/carto_ws/install/orbbec_camera_msgs/share/orbbec_camera_msgs/srv/SetInt32_Request.msg
[2.354s] -- Up-to-date: /home/faith/Work/carto_ws/install/orbbec_camera_msgs/share/orbbec_camera_msgs/srv/SetInt32_Response.msg
[2.354s] -- Up-to-date: /home/faith/Work/carto_ws/install/orbbec_camera_msgs/share/orbbec_camera_msgs/srv/SetString.srv
[2.354s] -- Up-to-date: /home/faith/Work/carto_ws/install/orbbec_camera_msgs/share/orbbec_camera_msgs/srv/SetString_Request.msg
[2.354s] -- Up-to-date: /home/faith/Work/carto_ws/install/orbbec_camera_msgs/share/orbbec_camera_msgs/srv/SetString_Response.msg
[2.354s] -- Up-to-date: /home/faith/Work/carto_ws/install/orbbec_camera_msgs/share/ament_index/resource_index/package_run_dependencies/orbbec_camera_msgs
[2.354s] -- Up-to-date: /home/faith/Work/carto_ws/install/orbbec_camera_msgs/share/ament_index/resource_index/parent_prefix_path/orbbec_camera_msgs
[2.354s] -- Up-to-date: /home/faith/Work/carto_ws/install/orbbec_camera_msgs/share/orbbec_camera_msgs/environment/ament_prefix_path.sh
[2.354s] -- Up-to-date: /home/faith/Work/carto_ws/install/orbbec_camera_msgs/share/orbbec_camera_msgs/environment/ament_prefix_path.dsv
[2.354s] -- Up-to-date: /home/faith/Work/carto_ws/install/orbbec_camera_msgs/share/orbbec_camera_msgs/environment/path.sh
[2.355s] -- Up-to-date: /home/faith/Work/carto_ws/install/orbbec_camera_msgs/share/orbbec_camera_msgs/environment/path.dsv
[2.355s] -- Up-to-date: /home/faith/Work/carto_ws/install/orbbec_camera_msgs/share/orbbec_camera_msgs/local_setup.bash
[2.355s] -- Up-to-date: /home/faith/Work/carto_ws/install/orbbec_camera_msgs/share/orbbec_camera_msgs/local_setup.sh
[2.355s] -- Up-to-date: /home/faith/Work/carto_ws/install/orbbec_camera_msgs/share/orbbec_camera_msgs/local_setup.zsh
[2.355s] -- Up-to-date: /home/faith/Work/carto_ws/install/orbbec_camera_msgs/share/orbbec_camera_msgs/local_setup.dsv
[2.355s] -- Installing: /home/faith/Work/carto_ws/install/orbbec_camera_msgs/share/orbbec_camera_msgs/package.dsv
[2.355s] -- Up-to-date: /home/faith/Work/carto_ws/install/orbbec_camera_msgs/share/ament_index/resource_index/packages/orbbec_camera_msgs
[2.356s] -- Up-to-date: /home/faith/Work/carto_ws/install/orbbec_camera_msgs/share/orbbec_camera_msgs/cmake/export_orbbec_camera_msgs__rosidl_generator_cExport.cmake
[2.356s] -- Up-to-date: /home/faith/Work/carto_ws/install/orbbec_camera_msgs/share/orbbec_camera_msgs/cmake/export_orbbec_camera_msgs__rosidl_generator_cExport-release.cmake
[2.356s] -- Up-to-date: /home/faith/Work/carto_ws/install/orbbec_camera_msgs/share/orbbec_camera_msgs/cmake/export_orbbec_camera_msgs__rosidl_typesupport_fastrtps_cExport.cmake
[2.356s] -- Up-to-date: /home/faith/Work/carto_ws/install/orbbec_camera_msgs/share/orbbec_camera_msgs/cmake/export_orbbec_camera_msgs__rosidl_typesupport_fastrtps_cExport-release.cmake
[2.356s] -- Up-to-date: /home/faith/Work/carto_ws/install/orbbec_camera_msgs/share/orbbec_camera_msgs/cmake/orbbec_camera_msgs__rosidl_typesupport_introspection_cExport.cmake
[2.356s] -- Up-to-date: /home/faith/Work/carto_ws/install/orbbec_camera_msgs/share/orbbec_camera_msgs/cmake/orbbec_camera_msgs__rosidl_typesupport_introspection_cExport-release.cmake
[2.356s] -- Up-to-date: /home/faith/Work/carto_ws/install/orbbec_camera_msgs/share/orbbec_camera_msgs/cmake/orbbec_camera_msgs__rosidl_typesupport_cExport.cmake
[2.356s] -- Up-to-date: /home/faith/Work/carto_ws/install/orbbec_camera_msgs/share/orbbec_camera_msgs/cmake/orbbec_camera_msgs__rosidl_typesupport_cExport-release.cmake
[2.356s] -- Up-to-date: /home/faith/Work/carto_ws/install/orbbec_camera_msgs/share/orbbec_camera_msgs/cmake/export_orbbec_camera_msgs__rosidl_generator_cppExport.cmake
[2.358s] -- Up-to-date: /home/faith/Work/carto_ws/install/orbbec_camera_msgs/share/orbbec_camera_msgs/cmake/export_orbbec_camera_msgs__rosidl_typesupport_fastrtps_cppExport.cmake
[2.358s] -- Up-to-date: /home/faith/Work/carto_ws/install/orbbec_camera_msgs/share/orbbec_camera_msgs/cmake/export_orbbec_camera_msgs__rosidl_typesupport_fastrtps_cppExport-release.cmake
[2.359s] -- Up-to-date: /home/faith/Work/carto_ws/install/orbbec_camera_msgs/share/orbbec_camera_msgs/cmake/orbbec_camera_msgs__rosidl_typesupport_introspection_cppExport.cmake
[2.359s] -- Up-to-date: /home/faith/Work/carto_ws/install/orbbec_camera_msgs/share/orbbec_camera_msgs/cmake/orbbec_camera_msgs__rosidl_typesupport_introspection_cppExport-release.cmake
[2.362s] -- Up-to-date: /home/faith/Work/carto_ws/install/orbbec_camera_msgs/share/orbbec_camera_msgs/cmake/orbbec_camera_msgs__rosidl_typesupport_cppExport.cmake
[2.362s] -- Up-to-date: /home/faith/Work/carto_ws/install/orbbec_camera_msgs/share/orbbec_camera_msgs/cmake/orbbec_camera_msgs__rosidl_typesupport_cppExport-release.cmake
[2.365s] -- Up-to-date: /home/faith/Work/carto_ws/install/orbbec_camera_msgs/share/orbbec_camera_msgs/cmake/export_orbbec_camera_msgs__rosidl_generator_pyExport.cmake
[2.367s] -- Up-to-date: /home/faith/Work/carto_ws/install/orbbec_camera_msgs/share/orbbec_camera_msgs/cmake/export_orbbec_camera_msgs__rosidl_generator_pyExport-release.cmake
[2.368s] -- Up-to-date: /home/faith/Work/carto_ws/install/orbbec_camera_msgs/share/orbbec_camera_msgs/cmake/rosidl_cmake-extras.cmake
[2.369s] -- Up-to-date: /home/faith/Work/carto_ws/install/orbbec_camera_msgs/share/orbbec_camera_msgs/cmake/ament_cmake_export_dependencies-extras.cmake
[2.369s] -- Up-to-date: /home/faith/Work/carto_ws/install/orbbec_camera_msgs/share/orbbec_camera_msgs/cmake/ament_cmake_export_include_directories-extras.cmake
[2.371s] -- Up-to-date: /home/faith/Work/carto_ws/install/orbbec_camera_msgs/share/orbbec_camera_msgs/cmake/ament_cmake_export_libraries-extras.cmake
[2.372s] -- Up-to-date: /home/faith/Work/carto_ws/install/orbbec_camera_msgs/share/orbbec_camera_msgs/cmake/ament_cmake_export_targets-extras.cmake
[2.374s] -- Up-to-date: /home/faith/Work/carto_ws/install/orbbec_camera_msgs/share/orbbec_camera_msgs/cmake/rosidl_cmake_export_typesupport_targets-extras.cmake
[2.375s] -- Up-to-date: /home/faith/Work/carto_ws/install/orbbec_camera_msgs/share/orbbec_camera_msgs/cmake/rosidl_cmake_export_typesupport_libraries-extras.cmake
[2.382s] -- Up-to-date: /home/faith/Work/carto_ws/install/orbbec_camera_msgs/share/orbbec_camera_msgs/cmake/orbbec_camera_msgsConfig.cmake
[2.389s] -- Up-to-date: /home/faith/Work/carto_ws/install/orbbec_camera_msgs/share/orbbec_camera_msgs/cmake/orbbec_camera_msgsConfig-version.cmake
[2.391s] -- Up-to-date: /home/faith/Work/carto_ws/install/orbbec_camera_msgs/share/orbbec_camera_msgs/package.xml
[2.392s] Invoked command in '/home/faith/Work/carto_ws/build/orbbec_camera_msgs' returned '0': CMAKE_PREFIX_PATH=${CMAKE_PREFIX_PATH}:/home/faith/Work/carto_ws/install/fishbot_description:/opt/ros/humble /usr/bin/cmake --install /home/faith/Work/carto_ws/build/orbbec_camera_msgs
