[0.107s] Invoking command in '/home/faith/Work/carto_ws/build/cartographer_ros_msgs': CMAKE_PREFIX_PATH=${CMAKE_PREFIX_PATH}:/home/faith/Work/carto_ws/install/fishbot_description:/opt/ros/humble /usr/bin/cmake /home/faith/Work/carto_ws/src/cartographer_ros/cartographer_ros_msgs -DCMAKE_BUILD_TYPE=Release -DCMAKE_INSTALL_PREFIX=/home/faith/Work/carto_ws/install/cartographer_ros_msgs
[0.636s] -- Found ament_cmake: 1.3.5 (/opt/ros/humble/share/ament_cmake/cmake)
[0.636s] -- Found rosidl_default_generators: 1.2.0 (/opt/ros/humble/share/rosidl_default_generators/cmake)
[0.637s] -- Using all available rosidl_typesupport_c: rosidl_typesupport_fastrtps_c;rosidl_typesupport_introspection_c
[0.637s] -- Found rosidl_adapter: 3.1.4 (/opt/ros/humble/share/rosidl_adapter/cmake)
[0.638s] -- Using all available rosidl_typesupport_cpp: rosidl_typesupport_fastrtps_cpp;rosidl_typesupport_introspection_cpp
[0.639s] -- Found builtin_interfaces: 1.2.1 (/opt/ros/humble/share/builtin_interfaces/cmake)
[0.654s] -- Found geometry_msgs: 4.2.3 (/opt/ros/humble/share/geometry_msgs/cmake)
[1.530s] -- Found ament_cmake_cppcheck: 0.12.6 (/opt/ros/humble/share/ament_cmake_cppcheck/cmake)
[1.533s] -- Found ament_cmake_cpplint: 0.12.6 (/opt/ros/humble/share/ament_cmake_cpplint/cmake)
[1.537s] -- Found ament_cmake_uncrustify: 0.12.6 (/opt/ros/humble/share/ament_cmake_uncrustify/cmake)
[1.543s] -- Found ament_cmake_ros: 0.10.0 (/opt/ros/humble/share/ament_cmake_ros/cmake)
[2.213s] -- Using all available rosidl_typesupport_c: rosidl_typesupport_fastrtps_c;rosidl_typesupport_introspection_c
[3.305s] -- Using all available rosidl_typesupport_cpp: rosidl_typesupport_fastrtps_cpp;rosidl_typesupport_introspection_cpp
[3.343s] -- Found python_cmake_module: 0.10.0 (/opt/ros/humble/share/python_cmake_module/cmake)
[3.379s] -- Using PYTHON_EXECUTABLE: /usr/bin/python3
[3.380s] -- Using PYTHON_INCLUDE_DIRS: /usr/include/python3.10
[3.380s] -- Using PYTHON_LIBRARIES: /usr/lib/aarch64-linux-gnu/libpython3.10.so
[3.446s] -- Found ament_cmake_flake8: 0.12.6 (/opt/ros/humble/share/ament_cmake_flake8/cmake)
[3.446s] -- Found ament_cmake_pep257: 0.12.6 (/opt/ros/humble/share/ament_cmake_pep257/cmake)
[3.457s] -- Configuring done
[3.577s] -- Generating done
[3.583s] -- Build files have been written to: /home/faith/Work/carto_ws/build/cartographer_ros_msgs
[3.609s] Invoked command in '/home/faith/Work/carto_ws/build/cartographer_ros_msgs' returned '0': CMAKE_PREFIX_PATH=${CMAKE_PREFIX_PATH}:/home/faith/Work/carto_ws/install/fishbot_description:/opt/ros/humble /usr/bin/cmake /home/faith/Work/carto_ws/src/cartographer_ros/cartographer_ros_msgs -DCMAKE_BUILD_TYPE=Release -DCMAKE_INSTALL_PREFIX=/home/faith/Work/carto_ws/install/cartographer_ros_msgs
[3.612s] Invoking command in '/home/faith/Work/carto_ws/build/cartographer_ros_msgs': CMAKE_PREFIX_PATH=${CMAKE_PREFIX_PATH}:/home/faith/Work/carto_ws/install/fishbot_description:/opt/ros/humble /usr/bin/cmake --build /home/faith/Work/carto_ws/build/cartographer_ros_msgs -- -j8 -l8
[3.738s] [  0%] Built target cartographer_ros_msgs__cpp
[3.754s] [35m[1mConsolidate compiler generated dependencies of target cartographer_ros_msgs__rosidl_generator_c[0m
[3.799s] [35m[1mConsolidate compiler generated dependencies of target cartographer_ros_msgs__rosidl_typesupport_cpp[0m
[3.817s] [35m[1mConsolidate compiler generated dependencies of target cartographer_ros_msgs__rosidl_typesupport_introspection_cpp[0m
[3.819s] [ 12%] Built target cartographer_ros_msgs__rosidl_generator_c
[3.820s] [35m[1mConsolidate compiler generated dependencies of target cartographer_ros_msgs__rosidl_typesupport_fastrtps_cpp[0m
[3.837s] [ 12%] Built target ament_cmake_python_copy_cartographer_ros_msgs
[3.888s] [35m[1mConsolidate compiler generated dependencies of target cartographer_ros_msgs__rosidl_typesupport_introspection_c[0m
[3.890s] [ 24%] Built target cartographer_ros_msgs__rosidl_typesupport_cpp
[3.894s] [35m[1mConsolidate compiler generated dependencies of target cartographer_ros_msgs__rosidl_typesupport_c[0m
[3.899s] [ 36%] Built target cartographer_ros_msgs__rosidl_typesupport_fastrtps_cpp
[3.907s] [35m[1mConsolidate compiler generated dependencies of target cartographer_ros_msgs__rosidl_typesupport_fastrtps_c[0m
[3.924s] [ 49%] Built target cartographer_ros_msgs__rosidl_typesupport_introspection_cpp
[3.935s] [ 61%] Built target cartographer_ros_msgs__rosidl_typesupport_introspection_c
[3.943s] [ 73%] Built target cartographer_ros_msgs__rosidl_typesupport_c
[3.978s] [ 85%] Built target cartographer_ros_msgs__rosidl_typesupport_fastrtps_c
[4.066s] [ 85%] Built target cartographer_ros_msgs
[4.140s] [ 86%] Built target cartographer_ros_msgs__py
[4.194s] [35m[1mConsolidate compiler generated dependencies of target cartographer_ros_msgs__rosidl_generator_py[0m
[4.240s] running egg_info
[4.241s] writing cartographer_ros_msgs.egg-info/PKG-INFO
[4.242s] writing dependency_links to cartographer_ros_msgs.egg-info/dependency_links.txt
[4.243s] writing top-level names to cartographer_ros_msgs.egg-info/top_level.txt
[4.246s] reading manifest file 'cartographer_ros_msgs.egg-info/SOURCES.txt'
[4.247s] writing manifest file 'cartographer_ros_msgs.egg-info/SOURCES.txt'
[4.259s] [ 97%] Built target cartographer_ros_msgs__rosidl_generator_py
[4.274s] [35m[1mConsolidate compiler generated dependencies of target cartographer_ros_msgs__rosidl_typesupport_fastrtps_c__pyext[0m
[4.283s] [35m[1mConsolidate compiler generated dependencies of target cartographer_ros_msgs__rosidl_typesupport_c__pyext[0m
[4.294s] [ 98%] Built target cartographer_ros_msgs__rosidl_typesupport_fastrtps_c__pyext
[4.297s] [35m[1mConsolidate compiler generated dependencies of target cartographer_ros_msgs__rosidl_typesupport_introspection_c__pyext[0m
[4.304s] [ 99%] Built target cartographer_ros_msgs__rosidl_typesupport_c__pyext
[4.332s] [100%] Built target cartographer_ros_msgs__rosidl_typesupport_introspection_c__pyext
[4.338s] [100%] Built target ament_cmake_python_build_cartographer_ros_msgs_egg
[4.358s] Invoked command in '/home/faith/Work/carto_ws/build/cartographer_ros_msgs' returned '0': CMAKE_PREFIX_PATH=${CMAKE_PREFIX_PATH}:/home/faith/Work/carto_ws/install/fishbot_description:/opt/ros/humble /usr/bin/cmake --build /home/faith/Work/carto_ws/build/cartographer_ros_msgs -- -j8 -l8
[5.183s] Invoking command in '/home/faith/Work/carto_ws/build/cartographer_ros_msgs': CMAKE_PREFIX_PATH=${CMAKE_PREFIX_PATH}:/home/faith/Work/carto_ws/install/fishbot_description:/opt/ros/humble /usr/bin/cmake --install /home/faith/Work/carto_ws/build/cartographer_ros_msgs
[5.215s] -- Install configuration: "Release"
[5.216s] -- Up-to-date: /home/faith/Work/carto_ws/install/cartographer_ros_msgs/share/ament_index/resource_index/rosidl_interfaces/cartographer_ros_msgs
[5.218s] -- Up-to-date: /home/faith/Work/carto_ws/install/cartographer_ros_msgs/include/cartographer_ros_msgs/cartographer_ros_msgs
[5.220s] -- Up-to-date: /home/faith/Work/carto_ws/install/cartographer_ros_msgs/include/cartographer_ros_msgs/cartographer_ros_msgs/srv
[5.222s] -- Up-to-date: /home/faith/Work/carto_ws/install/cartographer_ros_msgs/include/cartographer_ros_msgs/cartographer_ros_msgs/srv/read_metrics.h
[5.223s] -- Up-to-date: /home/faith/Work/carto_ws/install/cartographer_ros_msgs/include/cartographer_ros_msgs/cartographer_ros_msgs/srv/write_state.h
[5.224s] -- Up-to-date: /home/faith/Work/carto_ws/install/cartographer_ros_msgs/include/cartographer_ros_msgs/cartographer_ros_msgs/srv/submap_query.h
[5.224s] -- Up-to-date: /home/faith/Work/carto_ws/install/cartographer_ros_msgs/include/cartographer_ros_msgs/cartographer_ros_msgs/srv/detail
[5.224s] -- Up-to-date: /home/faith/Work/carto_ws/install/cartographer_ros_msgs/include/cartographer_ros_msgs/cartographer_ros_msgs/srv/detail/get_trajectory_states__functions.h
[5.225s] -- Up-to-date: /home/faith/Work/carto_ws/install/cartographer_ros_msgs/include/cartographer_ros_msgs/cartographer_ros_msgs/srv/detail/finish_trajectory__functions.h
[5.225s] -- Up-to-date: /home/faith/Work/carto_ws/install/cartographer_ros_msgs/include/cartographer_ros_msgs/cartographer_ros_msgs/srv/detail/submap_query__functions.c
[5.227s] -- Up-to-date: /home/faith/Work/carto_ws/install/cartographer_ros_msgs/include/cartographer_ros_msgs/cartographer_ros_msgs/srv/detail/trajectory_query__functions.h
[5.229s] -- Up-to-date: /home/faith/Work/carto_ws/install/cartographer_ros_msgs/include/cartographer_ros_msgs/cartographer_ros_msgs/srv/detail/read_metrics__type_support.h
[5.231s] -- Up-to-date: /home/faith/Work/carto_ws/install/cartographer_ros_msgs/include/cartographer_ros_msgs/cartographer_ros_msgs/srv/detail/start_trajectory__functions.h
[5.232s] -- Up-to-date: /home/faith/Work/carto_ws/install/cartographer_ros_msgs/include/cartographer_ros_msgs/cartographer_ros_msgs/srv/detail/write_state__struct.h
[5.234s] -- Up-to-date: /home/faith/Work/carto_ws/install/cartographer_ros_msgs/include/cartographer_ros_msgs/cartographer_ros_msgs/srv/detail/get_trajectory_states__type_support.h
[5.236s] -- Up-to-date: /home/faith/Work/carto_ws/install/cartographer_ros_msgs/include/cartographer_ros_msgs/cartographer_ros_msgs/srv/detail/start_trajectory__functions.c
[5.238s] -- Up-to-date: /home/faith/Work/carto_ws/install/cartographer_ros_msgs/include/cartographer_ros_msgs/cartographer_ros_msgs/srv/detail/read_metrics__functions.h
[5.240s] -- Up-to-date: /home/faith/Work/carto_ws/install/cartographer_ros_msgs/include/cartographer_ros_msgs/cartographer_ros_msgs/srv/detail/start_trajectory__type_support.h
[5.240s] -- Up-to-date: /home/faith/Work/carto_ws/install/cartographer_ros_msgs/include/cartographer_ros_msgs/cartographer_ros_msgs/srv/detail/write_state__functions.c
[5.242s] -- Up-to-date: /home/faith/Work/carto_ws/install/cartographer_ros_msgs/include/cartographer_ros_msgs/cartographer_ros_msgs/srv/detail/trajectory_query__functions.c
[5.243s] -- Up-to-date: /home/faith/Work/carto_ws/install/cartographer_ros_msgs/include/cartographer_ros_msgs/cartographer_ros_msgs/srv/detail/submap_query__struct.h
[5.244s] -- Up-to-date: /home/faith/Work/carto_ws/install/cartographer_ros_msgs/include/cartographer_ros_msgs/cartographer_ros_msgs/srv/detail/finish_trajectory__functions.c
[5.245s] -- Up-to-date: /home/faith/Work/carto_ws/install/cartographer_ros_msgs/include/cartographer_ros_msgs/cartographer_ros_msgs/srv/detail/submap_query__type_support.h
[5.247s] -- Up-to-date: /home/faith/Work/carto_ws/install/cartographer_ros_msgs/include/cartographer_ros_msgs/cartographer_ros_msgs/srv/detail/get_trajectory_states__struct.h
[5.248s] -- Up-to-date: /home/faith/Work/carto_ws/install/cartographer_ros_msgs/include/cartographer_ros_msgs/cartographer_ros_msgs/srv/detail/finish_trajectory__type_support.h
[5.250s] -- Up-to-date: /home/faith/Work/carto_ws/install/cartographer_ros_msgs/include/cartographer_ros_msgs/cartographer_ros_msgs/srv/detail/trajectory_query__type_support.h
[5.252s] -- Up-to-date: /home/faith/Work/carto_ws/install/cartographer_ros_msgs/include/cartographer_ros_msgs/cartographer_ros_msgs/srv/detail/write_state__type_support.h
[5.253s] -- Up-to-date: /home/faith/Work/carto_ws/install/cartographer_ros_msgs/include/cartographer_ros_msgs/cartographer_ros_msgs/srv/detail/read_metrics__struct.h
[5.254s] -- Up-to-date: /home/faith/Work/carto_ws/install/cartographer_ros_msgs/include/cartographer_ros_msgs/cartographer_ros_msgs/srv/detail/trajectory_query__struct.h
[5.256s] -- Up-to-date: /home/faith/Work/carto_ws/install/cartographer_ros_msgs/include/cartographer_ros_msgs/cartographer_ros_msgs/srv/detail/submap_query__functions.h
[5.258s] -- Up-to-date: /home/faith/Work/carto_ws/install/cartographer_ros_msgs/include/cartographer_ros_msgs/cartographer_ros_msgs/srv/detail/finish_trajectory__struct.h
[5.259s] -- Up-to-date: /home/faith/Work/carto_ws/install/cartographer_ros_msgs/include/cartographer_ros_msgs/cartographer_ros_msgs/srv/detail/get_trajectory_states__functions.c
[5.259s] -- Up-to-date: /home/faith/Work/carto_ws/install/cartographer_ros_msgs/include/cartographer_ros_msgs/cartographer_ros_msgs/srv/detail/write_state__functions.h
[5.260s] -- Up-to-date: /home/faith/Work/carto_ws/install/cartographer_ros_msgs/include/cartographer_ros_msgs/cartographer_ros_msgs/srv/detail/start_trajectory__struct.h
[5.260s] -- Up-to-date: /home/faith/Work/carto_ws/install/cartographer_ros_msgs/include/cartographer_ros_msgs/cartographer_ros_msgs/srv/detail/read_metrics__functions.c
[5.260s] -- Up-to-date: /home/faith/Work/carto_ws/install/cartographer_ros_msgs/include/cartographer_ros_msgs/cartographer_ros_msgs/srv/finish_trajectory.h
[5.261s] -- Up-to-date: /home/faith/Work/carto_ws/install/cartographer_ros_msgs/include/cartographer_ros_msgs/cartographer_ros_msgs/srv/get_trajectory_states.h
[5.261s] -- Up-to-date: /home/faith/Work/carto_ws/install/cartographer_ros_msgs/include/cartographer_ros_msgs/cartographer_ros_msgs/srv/start_trajectory.h
[5.262s] -- Up-to-date: /home/faith/Work/carto_ws/install/cartographer_ros_msgs/include/cartographer_ros_msgs/cartographer_ros_msgs/srv/trajectory_query.h
[5.262s] -- Up-to-date: /home/faith/Work/carto_ws/install/cartographer_ros_msgs/include/cartographer_ros_msgs/cartographer_ros_msgs/msg
[5.263s] -- Up-to-date: /home/faith/Work/carto_ws/install/cartographer_ros_msgs/include/cartographer_ros_msgs/cartographer_ros_msgs/msg/submap_texture.h
[5.263s] -- Up-to-date: /home/faith/Work/carto_ws/install/cartographer_ros_msgs/include/cartographer_ros_msgs/cartographer_ros_msgs/msg/status_code.h
[5.263s] -- Up-to-date: /home/faith/Work/carto_ws/install/cartographer_ros_msgs/include/cartographer_ros_msgs/cartographer_ros_msgs/msg/status_response.h
[5.263s] -- Up-to-date: /home/faith/Work/carto_ws/install/cartographer_ros_msgs/include/cartographer_ros_msgs/cartographer_ros_msgs/msg/detail
[5.263s] -- Up-to-date: /home/faith/Work/carto_ws/install/cartographer_ros_msgs/include/cartographer_ros_msgs/cartographer_ros_msgs/msg/detail/landmark_list__functions.h
[5.263s] -- Up-to-date: /home/faith/Work/carto_ws/install/cartographer_ros_msgs/include/cartographer_ros_msgs/cartographer_ros_msgs/msg/detail/trajectory_states__functions.c
[5.263s] -- Up-to-date: /home/faith/Work/carto_ws/install/cartographer_ros_msgs/include/cartographer_ros_msgs/cartographer_ros_msgs/msg/detail/trajectory_states__type_support.h
[5.263s] -- Up-to-date: /home/faith/Work/carto_ws/install/cartographer_ros_msgs/include/cartographer_ros_msgs/cartographer_ros_msgs/msg/detail/submap_list__type_support.h
[5.263s] -- Up-to-date: /home/faith/Work/carto_ws/install/cartographer_ros_msgs/include/cartographer_ros_msgs/cartographer_ros_msgs/msg/detail/bagfile_progress__struct.h
[5.264s] -- Up-to-date: /home/faith/Work/carto_ws/install/cartographer_ros_msgs/include/cartographer_ros_msgs/cartographer_ros_msgs/msg/detail/landmark_list__functions.c
[5.264s] -- Up-to-date: /home/faith/Work/carto_ws/install/cartographer_ros_msgs/include/cartographer_ros_msgs/cartographer_ros_msgs/msg/detail/metric_label__functions.h
[5.264s] -- Up-to-date: /home/faith/Work/carto_ws/install/cartographer_ros_msgs/include/cartographer_ros_msgs/cartographer_ros_msgs/msg/detail/submap_entry__functions.h
[5.264s] -- Up-to-date: /home/faith/Work/carto_ws/install/cartographer_ros_msgs/include/cartographer_ros_msgs/cartographer_ros_msgs/msg/detail/bagfile_progress__type_support.h
[5.264s] -- Up-to-date: /home/faith/Work/carto_ws/install/cartographer_ros_msgs/include/cartographer_ros_msgs/cartographer_ros_msgs/msg/detail/landmark_entry__functions.c
[5.264s] -- Up-to-date: /home/faith/Work/carto_ws/install/cartographer_ros_msgs/include/cartographer_ros_msgs/cartographer_ros_msgs/msg/detail/metric_label__functions.c
[5.264s] -- Up-to-date: /home/faith/Work/carto_ws/install/cartographer_ros_msgs/include/cartographer_ros_msgs/cartographer_ros_msgs/msg/detail/status_code__functions.c
[5.264s] -- Up-to-date: /home/faith/Work/carto_ws/install/cartographer_ros_msgs/include/cartographer_ros_msgs/cartographer_ros_msgs/msg/detail/landmark_entry__struct.h
[5.264s] -- Up-to-date: /home/faith/Work/carto_ws/install/cartographer_ros_msgs/include/cartographer_ros_msgs/cartographer_ros_msgs/msg/detail/metric_family__functions.h
[5.265s] -- Up-to-date: /home/faith/Work/carto_ws/install/cartographer_ros_msgs/include/cartographer_ros_msgs/cartographer_ros_msgs/msg/detail/status_response__type_support.h
[5.265s] -- Up-to-date: /home/faith/Work/carto_ws/install/cartographer_ros_msgs/include/cartographer_ros_msgs/cartographer_ros_msgs/msg/detail/status_response__struct.h
[5.265s] -- Up-to-date: /home/faith/Work/carto_ws/install/cartographer_ros_msgs/include/cartographer_ros_msgs/cartographer_ros_msgs/msg/detail/submap_texture__struct.h
[5.265s] -- Up-to-date: /home/faith/Work/carto_ws/install/cartographer_ros_msgs/include/cartographer_ros_msgs/cartographer_ros_msgs/msg/detail/status_code__type_support.h
[5.265s] -- Up-to-date: /home/faith/Work/carto_ws/install/cartographer_ros_msgs/include/cartographer_ros_msgs/cartographer_ros_msgs/msg/detail/status_code__struct.h
[5.266s] -- Up-to-date: /home/faith/Work/carto_ws/install/cartographer_ros_msgs/include/cartographer_ros_msgs/cartographer_ros_msgs/msg/detail/trajectory_states__struct.h
[5.266s] -- Up-to-date: /home/faith/Work/carto_ws/install/cartographer_ros_msgs/include/cartographer_ros_msgs/cartographer_ros_msgs/msg/detail/landmark_list__struct.h
[5.266s] -- Up-to-date: /home/faith/Work/carto_ws/install/cartographer_ros_msgs/include/cartographer_ros_msgs/cartographer_ros_msgs/msg/detail/metric_label__struct.h
[5.266s] -- Up-to-date: /home/faith/Work/carto_ws/install/cartographer_ros_msgs/include/cartographer_ros_msgs/cartographer_ros_msgs/msg/detail/landmark_entry__type_support.h
[5.266s] -- Up-to-date: /home/faith/Work/carto_ws/install/cartographer_ros_msgs/include/cartographer_ros_msgs/cartographer_ros_msgs/msg/detail/status_code__functions.h
[5.266s] -- Up-to-date: /home/faith/Work/carto_ws/install/cartographer_ros_msgs/include/cartographer_ros_msgs/cartographer_ros_msgs/msg/detail/status_response__functions.c
[5.266s] -- Up-to-date: /home/faith/Work/carto_ws/install/cartographer_ros_msgs/include/cartographer_ros_msgs/cartographer_ros_msgs/msg/detail/metric__functions.c
[5.266s] -- Up-to-date: /home/faith/Work/carto_ws/install/cartographer_ros_msgs/include/cartographer_ros_msgs/cartographer_ros_msgs/msg/detail/histogram_bucket__struct.h
[5.266s] -- Up-to-date: /home/faith/Work/carto_ws/install/cartographer_ros_msgs/include/cartographer_ros_msgs/cartographer_ros_msgs/msg/detail/submap_entry__struct.h
[5.266s] -- Up-to-date: /home/faith/Work/carto_ws/install/cartographer_ros_msgs/include/cartographer_ros_msgs/cartographer_ros_msgs/msg/detail/histogram_bucket__functions.h
[5.267s] -- Up-to-date: /home/faith/Work/carto_ws/install/cartographer_ros_msgs/include/cartographer_ros_msgs/cartographer_ros_msgs/msg/detail/submap_texture__type_support.h
[5.267s] -- Up-to-date: /home/faith/Work/carto_ws/install/cartographer_ros_msgs/include/cartographer_ros_msgs/cartographer_ros_msgs/msg/detail/metric_family__functions.c
[5.267s] -- Up-to-date: /home/faith/Work/carto_ws/install/cartographer_ros_msgs/include/cartographer_ros_msgs/cartographer_ros_msgs/msg/detail/submap_entry__functions.c
[5.267s] -- Up-to-date: /home/faith/Work/carto_ws/install/cartographer_ros_msgs/include/cartographer_ros_msgs/cartographer_ros_msgs/msg/detail/trajectory_states__functions.h
[5.267s] -- Up-to-date: /home/faith/Work/carto_ws/install/cartographer_ros_msgs/include/cartographer_ros_msgs/cartographer_ros_msgs/msg/detail/metric_label__type_support.h
[5.267s] -- Up-to-date: /home/faith/Work/carto_ws/install/cartographer_ros_msgs/include/cartographer_ros_msgs/cartographer_ros_msgs/msg/detail/landmark_entry__functions.h
[5.267s] -- Up-to-date: /home/faith/Work/carto_ws/install/cartographer_ros_msgs/include/cartographer_ros_msgs/cartographer_ros_msgs/msg/detail/metric__functions.h
[5.267s] -- Up-to-date: /home/faith/Work/carto_ws/install/cartographer_ros_msgs/include/cartographer_ros_msgs/cartographer_ros_msgs/msg/detail/submap_list__functions.h
[5.267s] -- Up-to-date: /home/faith/Work/carto_ws/install/cartographer_ros_msgs/include/cartographer_ros_msgs/cartographer_ros_msgs/msg/detail/bagfile_progress__functions.c
[5.268s] -- Up-to-date: /home/faith/Work/carto_ws/install/cartographer_ros_msgs/include/cartographer_ros_msgs/cartographer_ros_msgs/msg/detail/landmark_list__type_support.h
[5.268s] -- Up-to-date: /home/faith/Work/carto_ws/install/cartographer_ros_msgs/include/cartographer_ros_msgs/cartographer_ros_msgs/msg/detail/histogram_bucket__type_support.h
[5.268s] -- Up-to-date: /home/faith/Work/carto_ws/install/cartographer_ros_msgs/include/cartographer_ros_msgs/cartographer_ros_msgs/msg/detail/submap_list__functions.c
[5.268s] -- Up-to-date: /home/faith/Work/carto_ws/install/cartographer_ros_msgs/include/cartographer_ros_msgs/cartographer_ros_msgs/msg/detail/metric_family__struct.h
[5.268s] -- Up-to-date: /home/faith/Work/carto_ws/install/cartographer_ros_msgs/include/cartographer_ros_msgs/cartographer_ros_msgs/msg/detail/histogram_bucket__functions.c
[5.268s] -- Up-to-date: /home/faith/Work/carto_ws/install/cartographer_ros_msgs/include/cartographer_ros_msgs/cartographer_ros_msgs/msg/detail/metric__type_support.h
[5.268s] -- Up-to-date: /home/faith/Work/carto_ws/install/cartographer_ros_msgs/include/cartographer_ros_msgs/cartographer_ros_msgs/msg/detail/metric_family__type_support.h
[5.268s] -- Up-to-date: /home/faith/Work/carto_ws/install/cartographer_ros_msgs/include/cartographer_ros_msgs/cartographer_ros_msgs/msg/detail/submap_list__struct.h
[5.268s] -- Up-to-date: /home/faith/Work/carto_ws/install/cartographer_ros_msgs/include/cartographer_ros_msgs/cartographer_ros_msgs/msg/detail/metric__struct.h
[5.269s] -- Up-to-date: /home/faith/Work/carto_ws/install/cartographer_ros_msgs/include/cartographer_ros_msgs/cartographer_ros_msgs/msg/detail/submap_texture__functions.c
[5.269s] -- Up-to-date: /home/faith/Work/carto_ws/install/cartographer_ros_msgs/include/cartographer_ros_msgs/cartographer_ros_msgs/msg/detail/submap_entry__type_support.h
[5.269s] -- Up-to-date: /home/faith/Work/carto_ws/install/cartographer_ros_msgs/include/cartographer_ros_msgs/cartographer_ros_msgs/msg/detail/status_response__functions.h
[5.269s] -- Up-to-date: /home/faith/Work/carto_ws/install/cartographer_ros_msgs/include/cartographer_ros_msgs/cartographer_ros_msgs/msg/detail/bagfile_progress__functions.h
[5.269s] -- Up-to-date: /home/faith/Work/carto_ws/install/cartographer_ros_msgs/include/cartographer_ros_msgs/cartographer_ros_msgs/msg/detail/submap_texture__functions.h
[5.269s] -- Up-to-date: /home/faith/Work/carto_ws/install/cartographer_ros_msgs/include/cartographer_ros_msgs/cartographer_ros_msgs/msg/landmark_list.h
[5.269s] -- Up-to-date: /home/faith/Work/carto_ws/install/cartographer_ros_msgs/include/cartographer_ros_msgs/cartographer_ros_msgs/msg/submap_list.h
[5.269s] -- Up-to-date: /home/faith/Work/carto_ws/install/cartographer_ros_msgs/include/cartographer_ros_msgs/cartographer_ros_msgs/msg/metric_family.h
[5.269s] -- Up-to-date: /home/faith/Work/carto_ws/install/cartographer_ros_msgs/include/cartographer_ros_msgs/cartographer_ros_msgs/msg/metric.h
[5.270s] -- Up-to-date: /home/faith/Work/carto_ws/install/cartographer_ros_msgs/include/cartographer_ros_msgs/cartographer_ros_msgs/msg/metric_label.h
[5.270s] -- Up-to-date: /home/faith/Work/carto_ws/install/cartographer_ros_msgs/include/cartographer_ros_msgs/cartographer_ros_msgs/msg/landmark_entry.h
[5.270s] -- Up-to-date: /home/faith/Work/carto_ws/install/cartographer_ros_msgs/include/cartographer_ros_msgs/cartographer_ros_msgs/msg/trajectory_states.h
[5.270s] -- Up-to-date: /home/faith/Work/carto_ws/install/cartographer_ros_msgs/include/cartographer_ros_msgs/cartographer_ros_msgs/msg/rosidl_generator_c__visibility_control.h
[5.270s] -- Up-to-date: /home/faith/Work/carto_ws/install/cartographer_ros_msgs/include/cartographer_ros_msgs/cartographer_ros_msgs/msg/submap_entry.h
[5.270s] -- Up-to-date: /home/faith/Work/carto_ws/install/cartographer_ros_msgs/include/cartographer_ros_msgs/cartographer_ros_msgs/msg/bagfile_progress.h
[5.270s] -- Up-to-date: /home/faith/Work/carto_ws/install/cartographer_ros_msgs/include/cartographer_ros_msgs/cartographer_ros_msgs/msg/histogram_bucket.h
[5.270s] -- Up-to-date: /home/faith/Work/carto_ws/install/cartographer_ros_msgs/share/cartographer_ros_msgs/environment/library_path.sh
[5.270s] -- Installing: /home/faith/Work/carto_ws/install/cartographer_ros_msgs/share/cartographer_ros_msgs/environment/library_path.dsv
[5.271s] -- Up-to-date: /home/faith/Work/carto_ws/install/cartographer_ros_msgs/lib/libcartographer_ros_msgs__rosidl_generator_c.so
[5.271s] -- Up-to-date: /home/faith/Work/carto_ws/install/cartographer_ros_msgs/include/cartographer_ros_msgs/cartographer_ros_msgs
[5.271s] -- Up-to-date: /home/faith/Work/carto_ws/install/cartographer_ros_msgs/include/cartographer_ros_msgs/cartographer_ros_msgs/srv
[5.271s] -- Up-to-date: /home/faith/Work/carto_ws/install/cartographer_ros_msgs/include/cartographer_ros_msgs/cartographer_ros_msgs/srv/detail
[5.271s] -- Up-to-date: /home/faith/Work/carto_ws/install/cartographer_ros_msgs/include/cartographer_ros_msgs/cartographer_ros_msgs/srv/detail/write_state__rosidl_typesupport_fastrtps_c.h
[5.271s] -- Up-to-date: /home/faith/Work/carto_ws/install/cartographer_ros_msgs/include/cartographer_ros_msgs/cartographer_ros_msgs/srv/detail/finish_trajectory__rosidl_typesupport_fastrtps_c.h
[5.271s] -- Up-to-date: /home/faith/Work/carto_ws/install/cartographer_ros_msgs/include/cartographer_ros_msgs/cartographer_ros_msgs/srv/detail/read_metrics__rosidl_typesupport_fastrtps_c.h
[5.271s] -- Up-to-date: /home/faith/Work/carto_ws/install/cartographer_ros_msgs/include/cartographer_ros_msgs/cartographer_ros_msgs/srv/detail/get_trajectory_states__rosidl_typesupport_fastrtps_c.h
[5.271s] -- Up-to-date: /home/faith/Work/carto_ws/install/cartographer_ros_msgs/include/cartographer_ros_msgs/cartographer_ros_msgs/srv/detail/submap_query__rosidl_typesupport_fastrtps_c.h
[5.271s] -- Up-to-date: /home/faith/Work/carto_ws/install/cartographer_ros_msgs/include/cartographer_ros_msgs/cartographer_ros_msgs/srv/detail/start_trajectory__rosidl_typesupport_fastrtps_c.h
[5.272s] -- Up-to-date: /home/faith/Work/carto_ws/install/cartographer_ros_msgs/include/cartographer_ros_msgs/cartographer_ros_msgs/srv/detail/trajectory_query__rosidl_typesupport_fastrtps_c.h
[5.272s] -- Up-to-date: /home/faith/Work/carto_ws/install/cartographer_ros_msgs/include/cartographer_ros_msgs/cartographer_ros_msgs/msg
[5.272s] -- Up-to-date: /home/faith/Work/carto_ws/install/cartographer_ros_msgs/include/cartographer_ros_msgs/cartographer_ros_msgs/msg/detail
[5.272s] -- Up-to-date: /home/faith/Work/carto_ws/install/cartographer_ros_msgs/include/cartographer_ros_msgs/cartographer_ros_msgs/msg/detail/trajectory_states__rosidl_typesupport_fastrtps_c.h
[5.272s] -- Up-to-date: /home/faith/Work/carto_ws/install/cartographer_ros_msgs/include/cartographer_ros_msgs/cartographer_ros_msgs/msg/detail/status_code__rosidl_typesupport_fastrtps_c.h
[5.272s] -- Up-to-date: /home/faith/Work/carto_ws/install/cartographer_ros_msgs/include/cartographer_ros_msgs/cartographer_ros_msgs/msg/detail/metric_family__rosidl_typesupport_fastrtps_c.h
[5.272s] -- Up-to-date: /home/faith/Work/carto_ws/install/cartographer_ros_msgs/include/cartographer_ros_msgs/cartographer_ros_msgs/msg/detail/submap_list__rosidl_typesupport_fastrtps_c.h
[5.272s] -- Up-to-date: /home/faith/Work/carto_ws/install/cartographer_ros_msgs/include/cartographer_ros_msgs/cartographer_ros_msgs/msg/detail/landmark_list__rosidl_typesupport_fastrtps_c.h
[5.272s] -- Up-to-date: /home/faith/Work/carto_ws/install/cartographer_ros_msgs/include/cartographer_ros_msgs/cartographer_ros_msgs/msg/detail/metric_label__rosidl_typesupport_fastrtps_c.h
[5.273s] -- Up-to-date: /home/faith/Work/carto_ws/install/cartographer_ros_msgs/include/cartographer_ros_msgs/cartographer_ros_msgs/msg/detail/landmark_entry__rosidl_typesupport_fastrtps_c.h
[5.273s] -- Up-to-date: /home/faith/Work/carto_ws/install/cartographer_ros_msgs/include/cartographer_ros_msgs/cartographer_ros_msgs/msg/detail/histogram_bucket__rosidl_typesupport_fastrtps_c.h
[5.273s] -- Up-to-date: /home/faith/Work/carto_ws/install/cartographer_ros_msgs/include/cartographer_ros_msgs/cartographer_ros_msgs/msg/detail/submap_texture__rosidl_typesupport_fastrtps_c.h
[5.273s] -- Up-to-date: /home/faith/Work/carto_ws/install/cartographer_ros_msgs/include/cartographer_ros_msgs/cartographer_ros_msgs/msg/detail/submap_entry__rosidl_typesupport_fastrtps_c.h
[5.273s] -- Up-to-date: /home/faith/Work/carto_ws/install/cartographer_ros_msgs/include/cartographer_ros_msgs/cartographer_ros_msgs/msg/detail/bagfile_progress__rosidl_typesupport_fastrtps_c.h
[5.273s] -- Up-to-date: /home/faith/Work/carto_ws/install/cartographer_ros_msgs/include/cartographer_ros_msgs/cartographer_ros_msgs/msg/detail/status_response__rosidl_typesupport_fastrtps_c.h
[5.273s] -- Up-to-date: /home/faith/Work/carto_ws/install/cartographer_ros_msgs/include/cartographer_ros_msgs/cartographer_ros_msgs/msg/detail/metric__rosidl_typesupport_fastrtps_c.h
[5.273s] -- Up-to-date: /home/faith/Work/carto_ws/install/cartographer_ros_msgs/include/cartographer_ros_msgs/cartographer_ros_msgs/msg/rosidl_typesupport_fastrtps_c__visibility_control.h
[5.273s] -- Up-to-date: /home/faith/Work/carto_ws/install/cartographer_ros_msgs/lib/libcartographer_ros_msgs__rosidl_typesupport_fastrtps_c.so
[5.274s] -- Up-to-date: /home/faith/Work/carto_ws/install/cartographer_ros_msgs/include/cartographer_ros_msgs/cartographer_ros_msgs
[5.274s] -- Up-to-date: /home/faith/Work/carto_ws/install/cartographer_ros_msgs/include/cartographer_ros_msgs/cartographer_ros_msgs/srv
[5.274s] -- Up-to-date: /home/faith/Work/carto_ws/install/cartographer_ros_msgs/include/cartographer_ros_msgs/cartographer_ros_msgs/srv/detail
[5.274s] -- Up-to-date: /home/faith/Work/carto_ws/install/cartographer_ros_msgs/include/cartographer_ros_msgs/cartographer_ros_msgs/srv/detail/get_trajectory_states__type_support.c
[5.274s] -- Up-to-date: /home/faith/Work/carto_ws/install/cartographer_ros_msgs/include/cartographer_ros_msgs/cartographer_ros_msgs/srv/detail/finish_trajectory__type_support.c
[5.274s] -- Up-to-date: /home/faith/Work/carto_ws/install/cartographer_ros_msgs/include/cartographer_ros_msgs/cartographer_ros_msgs/srv/detail/submap_query__type_support.c
[5.274s] -- Up-to-date: /home/faith/Work/carto_ws/install/cartographer_ros_msgs/include/cartographer_ros_msgs/cartographer_ros_msgs/srv/detail/get_trajectory_states__rosidl_typesupport_introspection_c.h
[5.274s] -- Up-to-date: /home/faith/Work/carto_ws/install/cartographer_ros_msgs/include/cartographer_ros_msgs/cartographer_ros_msgs/srv/detail/finish_trajectory__rosidl_typesupport_introspection_c.h
[5.274s] -- Up-to-date: /home/faith/Work/carto_ws/install/cartographer_ros_msgs/include/cartographer_ros_msgs/cartographer_ros_msgs/srv/detail/read_metrics__type_support.c
[5.274s] -- Up-to-date: /home/faith/Work/carto_ws/install/cartographer_ros_msgs/include/cartographer_ros_msgs/cartographer_ros_msgs/srv/detail/start_trajectory__type_support.c
[5.274s] -- Up-to-date: /home/faith/Work/carto_ws/install/cartographer_ros_msgs/include/cartographer_ros_msgs/cartographer_ros_msgs/srv/detail/trajectory_query__type_support.c
[5.275s] -- Up-to-date: /home/faith/Work/carto_ws/install/cartographer_ros_msgs/include/cartographer_ros_msgs/cartographer_ros_msgs/srv/detail/write_state__rosidl_typesupport_introspection_c.h
[5.275s] -- Up-to-date: /home/faith/Work/carto_ws/install/cartographer_ros_msgs/include/cartographer_ros_msgs/cartographer_ros_msgs/srv/detail/read_metrics__rosidl_typesupport_introspection_c.h
[5.275s] -- Up-to-date: /home/faith/Work/carto_ws/install/cartographer_ros_msgs/include/cartographer_ros_msgs/cartographer_ros_msgs/srv/detail/start_trajectory__rosidl_typesupport_introspection_c.h
[5.275s] -- Up-to-date: /home/faith/Work/carto_ws/install/cartographer_ros_msgs/include/cartographer_ros_msgs/cartographer_ros_msgs/srv/detail/submap_query__rosidl_typesupport_introspection_c.h
[5.275s] -- Up-to-date: /home/faith/Work/carto_ws/install/cartographer_ros_msgs/include/cartographer_ros_msgs/cartographer_ros_msgs/srv/detail/write_state__type_support.c
[5.275s] -- Up-to-date: /home/faith/Work/carto_ws/install/cartographer_ros_msgs/include/cartographer_ros_msgs/cartographer_ros_msgs/srv/detail/trajectory_query__rosidl_typesupport_introspection_c.h
[5.275s] -- Up-to-date: /home/faith/Work/carto_ws/install/cartographer_ros_msgs/include/cartographer_ros_msgs/cartographer_ros_msgs/msg
[5.275s] -- Up-to-date: /home/faith/Work/carto_ws/install/cartographer_ros_msgs/include/cartographer_ros_msgs/cartographer_ros_msgs/msg/detail
[5.276s] -- Up-to-date: /home/faith/Work/carto_ws/install/cartographer_ros_msgs/include/cartographer_ros_msgs/cartographer_ros_msgs/msg/detail/landmark_list__type_support.c
[5.277s] -- Up-to-date: /home/faith/Work/carto_ws/install/cartographer_ros_msgs/include/cartographer_ros_msgs/cartographer_ros_msgs/msg/detail/trajectory_states__type_support.c
[5.277s] -- Up-to-date: /home/faith/Work/carto_ws/install/cartographer_ros_msgs/include/cartographer_ros_msgs/cartographer_ros_msgs/msg/detail/submap_list__type_support.c
[5.277s] -- Up-to-date: /home/faith/Work/carto_ws/install/cartographer_ros_msgs/include/cartographer_ros_msgs/cartographer_ros_msgs/msg/detail/bagfile_progress__type_support.c
[5.277s] -- Up-to-date: /home/faith/Work/carto_ws/install/cartographer_ros_msgs/include/cartographer_ros_msgs/cartographer_ros_msgs/msg/detail/metric_label__type_support.c
[5.277s] -- Up-to-date: /home/faith/Work/carto_ws/install/cartographer_ros_msgs/include/cartographer_ros_msgs/cartographer_ros_msgs/msg/detail/metric__rosidl_typesupport_introspection_c.h
[5.279s] -- Up-to-date: /home/faith/Work/carto_ws/install/cartographer_ros_msgs/include/cartographer_ros_msgs/cartographer_ros_msgs/msg/detail/metric_family__rosidl_typesupport_introspection_c.h
[5.280s] -- Up-to-date: /home/faith/Work/carto_ws/install/cartographer_ros_msgs/include/cartographer_ros_msgs/cartographer_ros_msgs/msg/detail/submap_entry__rosidl_typesupport_introspection_c.h
[5.280s] -- Up-to-date: /home/faith/Work/carto_ws/install/cartographer_ros_msgs/include/cartographer_ros_msgs/cartographer_ros_msgs/msg/detail/metric_label__rosidl_typesupport_introspection_c.h
[5.282s] -- Up-to-date: /home/faith/Work/carto_ws/install/cartographer_ros_msgs/include/cartographer_ros_msgs/cartographer_ros_msgs/msg/detail/status_code__type_support.c
[5.282s] -- Up-to-date: /home/faith/Work/carto_ws/install/cartographer_ros_msgs/include/cartographer_ros_msgs/cartographer_ros_msgs/msg/detail/submap_texture__type_support.c
[5.283s] -- Up-to-date: /home/faith/Work/carto_ws/install/cartographer_ros_msgs/include/cartographer_ros_msgs/cartographer_ros_msgs/msg/detail/submap_list__rosidl_typesupport_introspection_c.h
[5.285s] -- Up-to-date: /home/faith/Work/carto_ws/install/cartographer_ros_msgs/include/cartographer_ros_msgs/cartographer_ros_msgs/msg/detail/landmark_entry__rosidl_typesupport_introspection_c.h
[5.285s] -- Up-to-date: /home/faith/Work/carto_ws/install/cartographer_ros_msgs/include/cartographer_ros_msgs/cartographer_ros_msgs/msg/detail/status_response__type_support.c
[5.285s] -- Up-to-date: /home/faith/Work/carto_ws/install/cartographer_ros_msgs/include/cartographer_ros_msgs/cartographer_ros_msgs/msg/detail/status_code__rosidl_typesupport_introspection_c.h
[5.285s] -- Up-to-date: /home/faith/Work/carto_ws/install/cartographer_ros_msgs/include/cartographer_ros_msgs/cartographer_ros_msgs/msg/detail/metric__type_support.c
[5.285s] -- Up-to-date: /home/faith/Work/carto_ws/install/cartographer_ros_msgs/include/cartographer_ros_msgs/cartographer_ros_msgs/msg/detail/submap_texture__rosidl_typesupport_introspection_c.h
[5.285s] -- Up-to-date: /home/faith/Work/carto_ws/install/cartographer_ros_msgs/include/cartographer_ros_msgs/cartographer_ros_msgs/msg/detail/status_response__rosidl_typesupport_introspection_c.h
[5.285s] -- Up-to-date: /home/faith/Work/carto_ws/install/cartographer_ros_msgs/include/cartographer_ros_msgs/cartographer_ros_msgs/msg/detail/trajectory_states__rosidl_typesupport_introspection_c.h
[5.286s] -- Up-to-date: /home/faith/Work/carto_ws/install/cartographer_ros_msgs/include/cartographer_ros_msgs/cartographer_ros_msgs/msg/detail/landmark_list__rosidl_typesupport_introspection_c.h
[5.286s] -- Up-to-date: /home/faith/Work/carto_ws/install/cartographer_ros_msgs/include/cartographer_ros_msgs/cartographer_ros_msgs/msg/detail/submap_entry__type_support.c
[5.286s] -- Up-to-date: /home/faith/Work/carto_ws/install/cartographer_ros_msgs/include/cartographer_ros_msgs/cartographer_ros_msgs/msg/detail/histogram_bucket__rosidl_typesupport_introspection_c.h
[5.286s] -- Up-to-date: /home/faith/Work/carto_ws/install/cartographer_ros_msgs/include/cartographer_ros_msgs/cartographer_ros_msgs/msg/detail/landmark_entry__type_support.c
[5.286s] -- Up-to-date: /home/faith/Work/carto_ws/install/cartographer_ros_msgs/include/cartographer_ros_msgs/cartographer_ros_msgs/msg/detail/histogram_bucket__type_support.c
[5.286s] -- Up-to-date: /home/faith/Work/carto_ws/install/cartographer_ros_msgs/include/cartographer_ros_msgs/cartographer_ros_msgs/msg/detail/bagfile_progress__rosidl_typesupport_introspection_c.h
[5.286s] -- Up-to-date: /home/faith/Work/carto_ws/install/cartographer_ros_msgs/include/cartographer_ros_msgs/cartographer_ros_msgs/msg/detail/metric_family__type_support.c
[5.286s] -- Up-to-date: /home/faith/Work/carto_ws/install/cartographer_ros_msgs/include/cartographer_ros_msgs/cartographer_ros_msgs/msg/rosidl_typesupport_introspection_c__visibility_control.h
[5.286s] -- Up-to-date: /home/faith/Work/carto_ws/install/cartographer_ros_msgs/lib/libcartographer_ros_msgs__rosidl_typesupport_introspection_c.so
[5.286s] -- Up-to-date: /home/faith/Work/carto_ws/install/cartographer_ros_msgs/lib/libcartographer_ros_msgs__rosidl_typesupport_c.so
[5.286s] -- Up-to-date: /home/faith/Work/carto_ws/install/cartographer_ros_msgs/include/cartographer_ros_msgs/cartographer_ros_msgs
[5.286s] -- Up-to-date: /home/faith/Work/carto_ws/install/cartographer_ros_msgs/include/cartographer_ros_msgs/cartographer_ros_msgs/srv
[5.286s] -- Up-to-date: /home/faith/Work/carto_ws/install/cartographer_ros_msgs/include/cartographer_ros_msgs/cartographer_ros_msgs/srv/finish_trajectory.hpp
[5.287s] -- Up-to-date: /home/faith/Work/carto_ws/install/cartographer_ros_msgs/include/cartographer_ros_msgs/cartographer_ros_msgs/srv/get_trajectory_states.hpp
[5.287s] -- Up-to-date: /home/faith/Work/carto_ws/install/cartographer_ros_msgs/include/cartographer_ros_msgs/cartographer_ros_msgs/srv/detail
[5.287s] -- Up-to-date: /home/faith/Work/carto_ws/install/cartographer_ros_msgs/include/cartographer_ros_msgs/cartographer_ros_msgs/srv/detail/read_metrics__struct.hpp
[5.287s] -- Up-to-date: /home/faith/Work/carto_ws/install/cartographer_ros_msgs/include/cartographer_ros_msgs/cartographer_ros_msgs/srv/detail/submap_query__traits.hpp
[5.287s] -- Up-to-date: /home/faith/Work/carto_ws/install/cartographer_ros_msgs/include/cartographer_ros_msgs/cartographer_ros_msgs/srv/detail/get_trajectory_states__builder.hpp
[5.287s] -- Up-to-date: /home/faith/Work/carto_ws/install/cartographer_ros_msgs/include/cartographer_ros_msgs/cartographer_ros_msgs/srv/detail/read_metrics__traits.hpp
[5.287s] -- Up-to-date: /home/faith/Work/carto_ws/install/cartographer_ros_msgs/include/cartographer_ros_msgs/cartographer_ros_msgs/srv/detail/start_trajectory__builder.hpp
[5.287s] -- Up-to-date: /home/faith/Work/carto_ws/install/cartographer_ros_msgs/include/cartographer_ros_msgs/cartographer_ros_msgs/srv/detail/trajectory_query__struct.hpp
[5.287s] -- Up-to-date: /home/faith/Work/carto_ws/install/cartographer_ros_msgs/include/cartographer_ros_msgs/cartographer_ros_msgs/srv/detail/trajectory_query__traits.hpp
[5.288s] -- Up-to-date: /home/faith/Work/carto_ws/install/cartographer_ros_msgs/include/cartographer_ros_msgs/cartographer_ros_msgs/srv/detail/trajectory_query__builder.hpp
[5.288s] -- Up-to-date: /home/faith/Work/carto_ws/install/cartographer_ros_msgs/include/cartographer_ros_msgs/cartographer_ros_msgs/srv/detail/write_state__traits.hpp
[5.288s] -- Up-to-date: /home/faith/Work/carto_ws/install/cartographer_ros_msgs/include/cartographer_ros_msgs/cartographer_ros_msgs/srv/detail/get_trajectory_states__traits.hpp
[5.288s] -- Up-to-date: /home/faith/Work/carto_ws/install/cartographer_ros_msgs/include/cartographer_ros_msgs/cartographer_ros_msgs/srv/detail/finish_trajectory__builder.hpp
[5.288s] -- Up-to-date: /home/faith/Work/carto_ws/install/cartographer_ros_msgs/include/cartographer_ros_msgs/cartographer_ros_msgs/srv/detail/start_trajectory__traits.hpp
[5.288s] -- Up-to-date: /home/faith/Work/carto_ws/install/cartographer_ros_msgs/include/cartographer_ros_msgs/cartographer_ros_msgs/srv/detail/read_metrics__builder.hpp
[5.288s] -- Up-to-date: /home/faith/Work/carto_ws/install/cartographer_ros_msgs/include/cartographer_ros_msgs/cartographer_ros_msgs/srv/detail/submap_query__struct.hpp
[5.288s] -- Up-to-date: /home/faith/Work/carto_ws/install/cartographer_ros_msgs/include/cartographer_ros_msgs/cartographer_ros_msgs/srv/detail/finish_trajectory__struct.hpp
[5.288s] -- Up-to-date: /home/faith/Work/carto_ws/install/cartographer_ros_msgs/include/cartographer_ros_msgs/cartographer_ros_msgs/srv/detail/write_state__struct.hpp
[5.288s] -- Up-to-date: /home/faith/Work/carto_ws/install/cartographer_ros_msgs/include/cartographer_ros_msgs/cartographer_ros_msgs/srv/detail/get_trajectory_states__struct.hpp
[5.288s] -- Up-to-date: /home/faith/Work/carto_ws/install/cartographer_ros_msgs/include/cartographer_ros_msgs/cartographer_ros_msgs/srv/detail/submap_query__builder.hpp
[5.288s] -- Up-to-date: /home/faith/Work/carto_ws/install/cartographer_ros_msgs/include/cartographer_ros_msgs/cartographer_ros_msgs/srv/detail/start_trajectory__struct.hpp
[5.289s] -- Up-to-date: /home/faith/Work/carto_ws/install/cartographer_ros_msgs/include/cartographer_ros_msgs/cartographer_ros_msgs/srv/detail/finish_trajectory__traits.hpp
[5.289s] -- Up-to-date: /home/faith/Work/carto_ws/install/cartographer_ros_msgs/include/cartographer_ros_msgs/cartographer_ros_msgs/srv/detail/write_state__builder.hpp
[5.289s] -- Up-to-date: /home/faith/Work/carto_ws/install/cartographer_ros_msgs/include/cartographer_ros_msgs/cartographer_ros_msgs/srv/submap_query.hpp
[5.289s] -- Up-to-date: /home/faith/Work/carto_ws/install/cartographer_ros_msgs/include/cartographer_ros_msgs/cartographer_ros_msgs/srv/read_metrics.hpp
[5.289s] -- Up-to-date: /home/faith/Work/carto_ws/install/cartographer_ros_msgs/include/cartographer_ros_msgs/cartographer_ros_msgs/srv/trajectory_query.hpp
[5.289s] -- Up-to-date: /home/faith/Work/carto_ws/install/cartographer_ros_msgs/include/cartographer_ros_msgs/cartographer_ros_msgs/srv/start_trajectory.hpp
[5.289s] -- Up-to-date: /home/faith/Work/carto_ws/install/cartographer_ros_msgs/include/cartographer_ros_msgs/cartographer_ros_msgs/srv/write_state.hpp
[5.289s] -- Up-to-date: /home/faith/Work/carto_ws/install/cartographer_ros_msgs/include/cartographer_ros_msgs/cartographer_ros_msgs/msg
[5.289s] -- Up-to-date: /home/faith/Work/carto_ws/install/cartographer_ros_msgs/include/cartographer_ros_msgs/cartographer_ros_msgs/msg/status_response.hpp
[5.289s] -- Up-to-date: /home/faith/Work/carto_ws/install/cartographer_ros_msgs/include/cartographer_ros_msgs/cartographer_ros_msgs/msg/detail
[5.290s] -- Up-to-date: /home/faith/Work/carto_ws/install/cartographer_ros_msgs/include/cartographer_ros_msgs/cartographer_ros_msgs/msg/detail/metric_family__traits.hpp
[5.290s] -- Up-to-date: /home/faith/Work/carto_ws/install/cartographer_ros_msgs/include/cartographer_ros_msgs/cartographer_ros_msgs/msg/detail/submap_list__struct.hpp
[5.290s] -- Up-to-date: /home/faith/Work/carto_ws/install/cartographer_ros_msgs/include/cartographer_ros_msgs/cartographer_ros_msgs/msg/detail/metric_family__struct.hpp
[5.290s] -- Up-to-date: /home/faith/Work/carto_ws/install/cartographer_ros_msgs/include/cartographer_ros_msgs/cartographer_ros_msgs/msg/detail/landmark_entry__builder.hpp
[5.290s] -- Up-to-date: /home/faith/Work/carto_ws/install/cartographer_ros_msgs/include/cartographer_ros_msgs/cartographer_ros_msgs/msg/detail/status_code__struct.hpp
[5.290s] -- Up-to-date: /home/faith/Work/carto_ws/install/cartographer_ros_msgs/include/cartographer_ros_msgs/cartographer_ros_msgs/msg/detail/submap_texture__builder.hpp
[5.290s] -- Up-to-date: /home/faith/Work/carto_ws/install/cartographer_ros_msgs/include/cartographer_ros_msgs/cartographer_ros_msgs/msg/detail/metric__traits.hpp
[5.291s] -- Up-to-date: /home/faith/Work/carto_ws/install/cartographer_ros_msgs/include/cartographer_ros_msgs/cartographer_ros_msgs/msg/detail/histogram_bucket__builder.hpp
[5.291s] -- Up-to-date: /home/faith/Work/carto_ws/install/cartographer_ros_msgs/include/cartographer_ros_msgs/cartographer_ros_msgs/msg/detail/metric_label__struct.hpp
[5.291s] -- Up-to-date: /home/faith/Work/carto_ws/install/cartographer_ros_msgs/include/cartographer_ros_msgs/cartographer_ros_msgs/msg/detail/status_response__struct.hpp
[5.291s] -- Up-to-date: /home/faith/Work/carto_ws/install/cartographer_ros_msgs/include/cartographer_ros_msgs/cartographer_ros_msgs/msg/detail/landmark_list__struct.hpp
[5.291s] -- Up-to-date: /home/faith/Work/carto_ws/install/cartographer_ros_msgs/include/cartographer_ros_msgs/cartographer_ros_msgs/msg/detail/landmark_list__builder.hpp
[5.291s] -- Up-to-date: /home/faith/Work/carto_ws/install/cartographer_ros_msgs/include/cartographer_ros_msgs/cartographer_ros_msgs/msg/detail/submap_texture__struct.hpp
[5.291s] -- Up-to-date: /home/faith/Work/carto_ws/install/cartographer_ros_msgs/include/cartographer_ros_msgs/cartographer_ros_msgs/msg/detail/status_response__traits.hpp
[5.291s] -- Up-to-date: /home/faith/Work/carto_ws/install/cartographer_ros_msgs/include/cartographer_ros_msgs/cartographer_ros_msgs/msg/detail/submap_entry__struct.hpp
[5.292s] -- Up-to-date: /home/faith/Work/carto_ws/install/cartographer_ros_msgs/include/cartographer_ros_msgs/cartographer_ros_msgs/msg/detail/metric__struct.hpp
[5.292s] -- Up-to-date: /home/faith/Work/carto_ws/install/cartographer_ros_msgs/include/cartographer_ros_msgs/cartographer_ros_msgs/msg/detail/submap_entry__builder.hpp
[5.292s] -- Up-to-date: /home/faith/Work/carto_ws/install/cartographer_ros_msgs/include/cartographer_ros_msgs/cartographer_ros_msgs/msg/detail/histogram_bucket__struct.hpp
[5.292s] -- Up-to-date: /home/faith/Work/carto_ws/install/cartographer_ros_msgs/include/cartographer_ros_msgs/cartographer_ros_msgs/msg/detail/bagfile_progress__builder.hpp
[5.292s] -- Up-to-date: /home/faith/Work/carto_ws/install/cartographer_ros_msgs/include/cartographer_ros_msgs/cartographer_ros_msgs/msg/detail/status_response__builder.hpp
[5.292s] -- Up-to-date: /home/faith/Work/carto_ws/install/cartographer_ros_msgs/include/cartographer_ros_msgs/cartographer_ros_msgs/msg/detail/submap_texture__traits.hpp
[5.292s] -- Up-to-date: /home/faith/Work/carto_ws/install/cartographer_ros_msgs/include/cartographer_ros_msgs/cartographer_ros_msgs/msg/detail/metric_label__traits.hpp
[5.293s] -- Up-to-date: /home/faith/Work/carto_ws/install/cartographer_ros_msgs/include/cartographer_ros_msgs/cartographer_ros_msgs/msg/detail/metric_family__builder.hpp
[5.293s] -- Up-to-date: /home/faith/Work/carto_ws/install/cartographer_ros_msgs/include/cartographer_ros_msgs/cartographer_ros_msgs/msg/detail/metric__builder.hpp
[5.293s] -- Up-to-date: /home/faith/Work/carto_ws/install/cartographer_ros_msgs/include/cartographer_ros_msgs/cartographer_ros_msgs/msg/detail/submap_entry__traits.hpp
[5.293s] -- Up-to-date: /home/faith/Work/carto_ws/install/cartographer_ros_msgs/include/cartographer_ros_msgs/cartographer_ros_msgs/msg/detail/trajectory_states__struct.hpp
[5.293s] -- Up-to-date: /home/faith/Work/carto_ws/install/cartographer_ros_msgs/include/cartographer_ros_msgs/cartographer_ros_msgs/msg/detail/trajectory_states__traits.hpp
[5.293s] -- Up-to-date: /home/faith/Work/carto_ws/install/cartographer_ros_msgs/include/cartographer_ros_msgs/cartographer_ros_msgs/msg/detail/submap_list__traits.hpp
[5.293s] -- Up-to-date: /home/faith/Work/carto_ws/install/cartographer_ros_msgs/include/cartographer_ros_msgs/cartographer_ros_msgs/msg/detail/status_code__traits.hpp
[5.293s] -- Up-to-date: /home/faith/Work/carto_ws/install/cartographer_ros_msgs/include/cartographer_ros_msgs/cartographer_ros_msgs/msg/detail/histogram_bucket__traits.hpp
[5.293s] -- Up-to-date: /home/faith/Work/carto_ws/install/cartographer_ros_msgs/include/cartographer_ros_msgs/cartographer_ros_msgs/msg/detail/landmark_entry__struct.hpp
[5.293s] -- Up-to-date: /home/faith/Work/carto_ws/install/cartographer_ros_msgs/include/cartographer_ros_msgs/cartographer_ros_msgs/msg/detail/status_code__builder.hpp
[5.293s] -- Up-to-date: /home/faith/Work/carto_ws/install/cartographer_ros_msgs/include/cartographer_ros_msgs/cartographer_ros_msgs/msg/detail/submap_list__builder.hpp
[5.294s] -- Up-to-date: /home/faith/Work/carto_ws/install/cartographer_ros_msgs/include/cartographer_ros_msgs/cartographer_ros_msgs/msg/detail/landmark_list__traits.hpp
[5.294s] -- Up-to-date: /home/faith/Work/carto_ws/install/cartographer_ros_msgs/include/cartographer_ros_msgs/cartographer_ros_msgs/msg/detail/bagfile_progress__struct.hpp
[5.294s] -- Up-to-date: /home/faith/Work/carto_ws/install/cartographer_ros_msgs/include/cartographer_ros_msgs/cartographer_ros_msgs/msg/detail/metric_label__builder.hpp
[5.294s] -- Up-to-date: /home/faith/Work/carto_ws/install/cartographer_ros_msgs/include/cartographer_ros_msgs/cartographer_ros_msgs/msg/detail/trajectory_states__builder.hpp
[5.294s] -- Up-to-date: /home/faith/Work/carto_ws/install/cartographer_ros_msgs/include/cartographer_ros_msgs/cartographer_ros_msgs/msg/detail/bagfile_progress__traits.hpp
[5.294s] -- Up-to-date: /home/faith/Work/carto_ws/install/cartographer_ros_msgs/include/cartographer_ros_msgs/cartographer_ros_msgs/msg/detail/landmark_entry__traits.hpp
[5.294s] -- Up-to-date: /home/faith/Work/carto_ws/install/cartographer_ros_msgs/include/cartographer_ros_msgs/cartographer_ros_msgs/msg/submap_entry.hpp
[5.294s] -- Up-to-date: /home/faith/Work/carto_ws/install/cartographer_ros_msgs/include/cartographer_ros_msgs/cartographer_ros_msgs/msg/histogram_bucket.hpp
[5.294s] -- Up-to-date: /home/faith/Work/carto_ws/install/cartographer_ros_msgs/include/cartographer_ros_msgs/cartographer_ros_msgs/msg/metric_label.hpp
[5.294s] -- Up-to-date: /home/faith/Work/carto_ws/install/cartographer_ros_msgs/include/cartographer_ros_msgs/cartographer_ros_msgs/msg/trajectory_states.hpp
[5.294s] -- Up-to-date: /home/faith/Work/carto_ws/install/cartographer_ros_msgs/include/cartographer_ros_msgs/cartographer_ros_msgs/msg/submap_list.hpp
[5.296s] -- Up-to-date: /home/faith/Work/carto_ws/install/cartographer_ros_msgs/include/cartographer_ros_msgs/cartographer_ros_msgs/msg/metric_family.hpp
[5.296s] -- Up-to-date: /home/faith/Work/carto_ws/install/cartographer_ros_msgs/include/cartographer_ros_msgs/cartographer_ros_msgs/msg/metric.hpp
[5.296s] -- Up-to-date: /home/faith/Work/carto_ws/install/cartographer_ros_msgs/include/cartographer_ros_msgs/cartographer_ros_msgs/msg/status_code.hpp
[5.296s] -- Up-to-date: /home/faith/Work/carto_ws/install/cartographer_ros_msgs/include/cartographer_ros_msgs/cartographer_ros_msgs/msg/landmark_entry.hpp
[5.296s] -- Up-to-date: /home/faith/Work/carto_ws/install/cartographer_ros_msgs/include/cartographer_ros_msgs/cartographer_ros_msgs/msg/bagfile_progress.hpp
[5.297s] -- Up-to-date: /home/faith/Work/carto_ws/install/cartographer_ros_msgs/include/cartographer_ros_msgs/cartographer_ros_msgs/msg/landmark_list.hpp
[5.297s] -- Up-to-date: /home/faith/Work/carto_ws/install/cartographer_ros_msgs/include/cartographer_ros_msgs/cartographer_ros_msgs/msg/submap_texture.hpp
[5.297s] -- Up-to-date: /home/faith/Work/carto_ws/install/cartographer_ros_msgs/include/cartographer_ros_msgs/cartographer_ros_msgs
[5.298s] -- Up-to-date: /home/faith/Work/carto_ws/install/cartographer_ros_msgs/include/cartographer_ros_msgs/cartographer_ros_msgs/srv
[5.298s] -- Up-to-date: /home/faith/Work/carto_ws/install/cartographer_ros_msgs/include/cartographer_ros_msgs/cartographer_ros_msgs/srv/detail
[5.298s] -- Up-to-date: /home/faith/Work/carto_ws/install/cartographer_ros_msgs/include/cartographer_ros_msgs/cartographer_ros_msgs/srv/detail/start_trajectory__rosidl_typesupport_fastrtps_cpp.hpp
[5.298s] -- Up-to-date: /home/faith/Work/carto_ws/install/cartographer_ros_msgs/include/cartographer_ros_msgs/cartographer_ros_msgs/srv/detail/dds_fastrtps
[5.298s] -- Up-to-date: /home/faith/Work/carto_ws/install/cartographer_ros_msgs/include/cartographer_ros_msgs/cartographer_ros_msgs/srv/detail/submap_query__rosidl_typesupport_fastrtps_cpp.hpp
[5.298s] -- Up-to-date: /home/faith/Work/carto_ws/install/cartographer_ros_msgs/include/cartographer_ros_msgs/cartographer_ros_msgs/srv/detail/read_metrics__rosidl_typesupport_fastrtps_cpp.hpp
[5.298s] -- Up-to-date: /home/faith/Work/carto_ws/install/cartographer_ros_msgs/include/cartographer_ros_msgs/cartographer_ros_msgs/srv/detail/get_trajectory_states__rosidl_typesupport_fastrtps_cpp.hpp
[5.298s] -- Up-to-date: /home/faith/Work/carto_ws/install/cartographer_ros_msgs/include/cartographer_ros_msgs/cartographer_ros_msgs/srv/detail/write_state__rosidl_typesupport_fastrtps_cpp.hpp
[5.298s] -- Up-to-date: /home/faith/Work/carto_ws/install/cartographer_ros_msgs/include/cartographer_ros_msgs/cartographer_ros_msgs/srv/detail/finish_trajectory__rosidl_typesupport_fastrtps_cpp.hpp
[5.298s] -- Up-to-date: /home/faith/Work/carto_ws/install/cartographer_ros_msgs/include/cartographer_ros_msgs/cartographer_ros_msgs/srv/detail/trajectory_query__rosidl_typesupport_fastrtps_cpp.hpp
[5.299s] -- Up-to-date: /home/faith/Work/carto_ws/install/cartographer_ros_msgs/include/cartographer_ros_msgs/cartographer_ros_msgs/msg
[5.299s] -- Up-to-date: /home/faith/Work/carto_ws/install/cartographer_ros_msgs/include/cartographer_ros_msgs/cartographer_ros_msgs/msg/detail
[5.299s] -- Up-to-date: /home/faith/Work/carto_ws/install/cartographer_ros_msgs/include/cartographer_ros_msgs/cartographer_ros_msgs/msg/detail/submap_list__rosidl_typesupport_fastrtps_cpp.hpp
[5.299s] -- Up-to-date: /home/faith/Work/carto_ws/install/cartographer_ros_msgs/include/cartographer_ros_msgs/cartographer_ros_msgs/msg/detail/dds_fastrtps
[5.299s] -- Up-to-date: /home/faith/Work/carto_ws/install/cartographer_ros_msgs/include/cartographer_ros_msgs/cartographer_ros_msgs/msg/detail/histogram_bucket__rosidl_typesupport_fastrtps_cpp.hpp
[5.299s] -- Up-to-date: /home/faith/Work/carto_ws/install/cartographer_ros_msgs/include/cartographer_ros_msgs/cartographer_ros_msgs/msg/detail/status_code__rosidl_typesupport_fastrtps_cpp.hpp
[5.299s] -- Up-to-date: /home/faith/Work/carto_ws/install/cartographer_ros_msgs/include/cartographer_ros_msgs/cartographer_ros_msgs/msg/detail/submap_entry__rosidl_typesupport_fastrtps_cpp.hpp
[5.299s] -- Up-to-date: /home/faith/Work/carto_ws/install/cartographer_ros_msgs/include/cartographer_ros_msgs/cartographer_ros_msgs/msg/detail/landmark_list__rosidl_typesupport_fastrtps_cpp.hpp
[5.300s] -- Up-to-date: /home/faith/Work/carto_ws/install/cartographer_ros_msgs/include/cartographer_ros_msgs/cartographer_ros_msgs/msg/detail/landmark_entry__rosidl_typesupport_fastrtps_cpp.hpp
[5.300s] -- Up-to-date: /home/faith/Work/carto_ws/install/cartographer_ros_msgs/include/cartographer_ros_msgs/cartographer_ros_msgs/msg/detail/bagfile_progress__rosidl_typesupport_fastrtps_cpp.hpp
[5.301s] -- Up-to-date: /home/faith/Work/carto_ws/install/cartographer_ros_msgs/include/cartographer_ros_msgs/cartographer_ros_msgs/msg/detail/metric_label__rosidl_typesupport_fastrtps_cpp.hpp
[5.301s] -- Up-to-date: /home/faith/Work/carto_ws/install/cartographer_ros_msgs/include/cartographer_ros_msgs/cartographer_ros_msgs/msg/detail/submap_texture__rosidl_typesupport_fastrtps_cpp.hpp
[5.301s] -- Up-to-date: /home/faith/Work/carto_ws/install/cartographer_ros_msgs/include/cartographer_ros_msgs/cartographer_ros_msgs/msg/detail/metric_family__rosidl_typesupport_fastrtps_cpp.hpp
[5.302s] -- Up-to-date: /home/faith/Work/carto_ws/install/cartographer_ros_msgs/include/cartographer_ros_msgs/cartographer_ros_msgs/msg/detail/metric__rosidl_typesupport_fastrtps_cpp.hpp
[5.302s] -- Up-to-date: /home/faith/Work/carto_ws/install/cartographer_ros_msgs/include/cartographer_ros_msgs/cartographer_ros_msgs/msg/detail/trajectory_states__rosidl_typesupport_fastrtps_cpp.hpp
[5.303s] -- Up-to-date: /home/faith/Work/carto_ws/install/cartographer_ros_msgs/include/cartographer_ros_msgs/cartographer_ros_msgs/msg/detail/status_response__rosidl_typesupport_fastrtps_cpp.hpp
[5.303s] -- Up-to-date: /home/faith/Work/carto_ws/install/cartographer_ros_msgs/include/cartographer_ros_msgs/cartographer_ros_msgs/msg/rosidl_typesupport_fastrtps_cpp__visibility_control.h
[5.303s] -- Up-to-date: /home/faith/Work/carto_ws/install/cartographer_ros_msgs/lib/libcartographer_ros_msgs__rosidl_typesupport_fastrtps_cpp.so
[5.303s] -- Up-to-date: /home/faith/Work/carto_ws/install/cartographer_ros_msgs/include/cartographer_ros_msgs/cartographer_ros_msgs
[5.304s] -- Up-to-date: /home/faith/Work/carto_ws/install/cartographer_ros_msgs/include/cartographer_ros_msgs/cartographer_ros_msgs/srv
[5.304s] -- Up-to-date: /home/faith/Work/carto_ws/install/cartographer_ros_msgs/include/cartographer_ros_msgs/cartographer_ros_msgs/srv/detail
[5.304s] -- Up-to-date: /home/faith/Work/carto_ws/install/cartographer_ros_msgs/include/cartographer_ros_msgs/cartographer_ros_msgs/srv/detail/finish_trajectory__rosidl_typesupport_introspection_cpp.hpp
[5.304s] -- Up-to-date: /home/faith/Work/carto_ws/install/cartographer_ros_msgs/include/cartographer_ros_msgs/cartographer_ros_msgs/srv/detail/get_trajectory_states__type_support.cpp
[5.304s] -- Up-to-date: /home/faith/Work/carto_ws/install/cartographer_ros_msgs/include/cartographer_ros_msgs/cartographer_ros_msgs/srv/detail/trajectory_query__type_support.cpp
[5.304s] -- Up-to-date: /home/faith/Work/carto_ws/install/cartographer_ros_msgs/include/cartographer_ros_msgs/cartographer_ros_msgs/srv/detail/read_metrics__rosidl_typesupport_introspection_cpp.hpp
[5.304s] -- Up-to-date: /home/faith/Work/carto_ws/install/cartographer_ros_msgs/include/cartographer_ros_msgs/cartographer_ros_msgs/srv/detail/trajectory_query__rosidl_typesupport_introspection_cpp.hpp
[5.305s] -- Up-to-date: /home/faith/Work/carto_ws/install/cartographer_ros_msgs/include/cartographer_ros_msgs/cartographer_ros_msgs/srv/detail/submap_query__type_support.cpp
[5.306s] -- Up-to-date: /home/faith/Work/carto_ws/install/cartographer_ros_msgs/include/cartographer_ros_msgs/cartographer_ros_msgs/srv/detail/start_trajectory__type_support.cpp
[5.306s] -- Up-to-date: /home/faith/Work/carto_ws/install/cartographer_ros_msgs/include/cartographer_ros_msgs/cartographer_ros_msgs/srv/detail/write_state__rosidl_typesupport_introspection_cpp.hpp
[5.306s] -- Up-to-date: /home/faith/Work/carto_ws/install/cartographer_ros_msgs/include/cartographer_ros_msgs/cartographer_ros_msgs/srv/detail/get_trajectory_states__rosidl_typesupport_introspection_cpp.hpp
[5.307s] -- Up-to-date: /home/faith/Work/carto_ws/install/cartographer_ros_msgs/include/cartographer_ros_msgs/cartographer_ros_msgs/srv/detail/read_metrics__type_support.cpp
[5.307s] -- Up-to-date: /home/faith/Work/carto_ws/install/cartographer_ros_msgs/include/cartographer_ros_msgs/cartographer_ros_msgs/srv/detail/finish_trajectory__type_support.cpp
[5.307s] -- Up-to-date: /home/faith/Work/carto_ws/install/cartographer_ros_msgs/include/cartographer_ros_msgs/cartographer_ros_msgs/srv/detail/write_state__type_support.cpp
[5.307s] -- Up-to-date: /home/faith/Work/carto_ws/install/cartographer_ros_msgs/include/cartographer_ros_msgs/cartographer_ros_msgs/srv/detail/submap_query__rosidl_typesupport_introspection_cpp.hpp
[5.307s] -- Up-to-date: /home/faith/Work/carto_ws/install/cartographer_ros_msgs/include/cartographer_ros_msgs/cartographer_ros_msgs/srv/detail/start_trajectory__rosidl_typesupport_introspection_cpp.hpp
[5.307s] -- Up-to-date: /home/faith/Work/carto_ws/install/cartographer_ros_msgs/include/cartographer_ros_msgs/cartographer_ros_msgs/msg
[5.307s] -- Up-to-date: /home/faith/Work/carto_ws/install/cartographer_ros_msgs/include/cartographer_ros_msgs/cartographer_ros_msgs/msg/detail
[5.307s] -- Up-to-date: /home/faith/Work/carto_ws/install/cartographer_ros_msgs/include/cartographer_ros_msgs/cartographer_ros_msgs/msg/detail/histogram_bucket__type_support.cpp
[5.308s] -- Up-to-date: /home/faith/Work/carto_ws/install/cartographer_ros_msgs/include/cartographer_ros_msgs/cartographer_ros_msgs/msg/detail/landmark_entry__rosidl_typesupport_introspection_cpp.hpp
[5.308s] -- Up-to-date: /home/faith/Work/carto_ws/install/cartographer_ros_msgs/include/cartographer_ros_msgs/cartographer_ros_msgs/msg/detail/submap_texture__type_support.cpp
[5.308s] -- Up-to-date: /home/faith/Work/carto_ws/install/cartographer_ros_msgs/include/cartographer_ros_msgs/cartographer_ros_msgs/msg/detail/metric_family__type_support.cpp
[5.308s] -- Up-to-date: /home/faith/Work/carto_ws/install/cartographer_ros_msgs/include/cartographer_ros_msgs/cartographer_ros_msgs/msg/detail/metric__rosidl_typesupport_introspection_cpp.hpp
[5.308s] -- Up-to-date: /home/faith/Work/carto_ws/install/cartographer_ros_msgs/include/cartographer_ros_msgs/cartographer_ros_msgs/msg/detail/bagfile_progress__type_support.cpp
[5.308s] -- Up-to-date: /home/faith/Work/carto_ws/install/cartographer_ros_msgs/include/cartographer_ros_msgs/cartographer_ros_msgs/msg/detail/metric__type_support.cpp
[5.308s] -- Up-to-date: /home/faith/Work/carto_ws/install/cartographer_ros_msgs/include/cartographer_ros_msgs/cartographer_ros_msgs/msg/detail/metric_family__rosidl_typesupport_introspection_cpp.hpp
[5.308s] -- Up-to-date: /home/faith/Work/carto_ws/install/cartographer_ros_msgs/include/cartographer_ros_msgs/cartographer_ros_msgs/msg/detail/metric_label__type_support.cpp
[5.308s] -- Up-to-date: /home/faith/Work/carto_ws/install/cartographer_ros_msgs/include/cartographer_ros_msgs/cartographer_ros_msgs/msg/detail/submap_entry__rosidl_typesupport_introspection_cpp.hpp
[5.308s] -- Up-to-date: /home/faith/Work/carto_ws/install/cartographer_ros_msgs/include/cartographer_ros_msgs/cartographer_ros_msgs/msg/detail/trajectory_states__type_support.cpp
[5.309s] -- Up-to-date: /home/faith/Work/carto_ws/install/cartographer_ros_msgs/include/cartographer_ros_msgs/cartographer_ros_msgs/msg/detail/submap_entry__type_support.cpp
[5.309s] -- Up-to-date: /home/faith/Work/carto_ws/install/cartographer_ros_msgs/include/cartographer_ros_msgs/cartographer_ros_msgs/msg/detail/landmark_entry__type_support.cpp
[5.309s] -- Up-to-date: /home/faith/Work/carto_ws/install/cartographer_ros_msgs/include/cartographer_ros_msgs/cartographer_ros_msgs/msg/detail/histogram_bucket__rosidl_typesupport_introspection_cpp.hpp
[5.309s] -- Up-to-date: /home/faith/Work/carto_ws/install/cartographer_ros_msgs/include/cartographer_ros_msgs/cartographer_ros_msgs/msg/detail/status_code__type_support.cpp
[5.309s] -- Up-to-date: /home/faith/Work/carto_ws/install/cartographer_ros_msgs/include/cartographer_ros_msgs/cartographer_ros_msgs/msg/detail/landmark_list__rosidl_typesupport_introspection_cpp.hpp
[5.309s] -- Up-to-date: /home/faith/Work/carto_ws/install/cartographer_ros_msgs/include/cartographer_ros_msgs/cartographer_ros_msgs/msg/detail/status_code__rosidl_typesupport_introspection_cpp.hpp
[5.309s] -- Up-to-date: /home/faith/Work/carto_ws/install/cartographer_ros_msgs/include/cartographer_ros_msgs/cartographer_ros_msgs/msg/detail/landmark_list__type_support.cpp
[5.309s] -- Up-to-date: /home/faith/Work/carto_ws/install/cartographer_ros_msgs/include/cartographer_ros_msgs/cartographer_ros_msgs/msg/detail/submap_list__type_support.cpp
[5.310s] -- Up-to-date: /home/faith/Work/carto_ws/install/cartographer_ros_msgs/include/cartographer_ros_msgs/cartographer_ros_msgs/msg/detail/metric_label__rosidl_typesupport_introspection_cpp.hpp
[5.310s] -- Up-to-date: /home/faith/Work/carto_ws/install/cartographer_ros_msgs/include/cartographer_ros_msgs/cartographer_ros_msgs/msg/detail/trajectory_states__rosidl_typesupport_introspection_cpp.hpp
[5.310s] -- Up-to-date: /home/faith/Work/carto_ws/install/cartographer_ros_msgs/include/cartographer_ros_msgs/cartographer_ros_msgs/msg/detail/status_response__type_support.cpp
[5.310s] -- Up-to-date: /home/faith/Work/carto_ws/install/cartographer_ros_msgs/include/cartographer_ros_msgs/cartographer_ros_msgs/msg/detail/bagfile_progress__rosidl_typesupport_introspection_cpp.hpp
[5.310s] -- Up-to-date: /home/faith/Work/carto_ws/install/cartographer_ros_msgs/include/cartographer_ros_msgs/cartographer_ros_msgs/msg/detail/status_response__rosidl_typesupport_introspection_cpp.hpp
[5.310s] -- Up-to-date: /home/faith/Work/carto_ws/install/cartographer_ros_msgs/include/cartographer_ros_msgs/cartographer_ros_msgs/msg/detail/submap_texture__rosidl_typesupport_introspection_cpp.hpp
[5.310s] -- Up-to-date: /home/faith/Work/carto_ws/install/cartographer_ros_msgs/include/cartographer_ros_msgs/cartographer_ros_msgs/msg/detail/submap_list__rosidl_typesupport_introspection_cpp.hpp
[5.310s] -- Up-to-date: /home/faith/Work/carto_ws/install/cartographer_ros_msgs/lib/libcartographer_ros_msgs__rosidl_typesupport_introspection_cpp.so
[5.310s] -- Up-to-date: /home/faith/Work/carto_ws/install/cartographer_ros_msgs/lib/libcartographer_ros_msgs__rosidl_typesupport_cpp.so
[5.311s] -- Up-to-date: /home/faith/Work/carto_ws/install/cartographer_ros_msgs/share/cartographer_ros_msgs/environment/pythonpath.sh
[5.311s] -- Installing: /home/faith/Work/carto_ws/install/cartographer_ros_msgs/share/cartographer_ros_msgs/environment/pythonpath.dsv
[5.311s] -- Up-to-date: /home/faith/Work/carto_ws/install/cartographer_ros_msgs/local/lib/python3.10/dist-packages/cartographer_ros_msgs-2.0.9001-py3.10.egg-info
[5.311s] -- Installing: /home/faith/Work/carto_ws/install/cartographer_ros_msgs/local/lib/python3.10/dist-packages/cartographer_ros_msgs-2.0.9001-py3.10.egg-info/SOURCES.txt
[5.311s] -- Installing: /home/faith/Work/carto_ws/install/cartographer_ros_msgs/local/lib/python3.10/dist-packages/cartographer_ros_msgs-2.0.9001-py3.10.egg-info/PKG-INFO
[5.311s] -- Installing: /home/faith/Work/carto_ws/install/cartographer_ros_msgs/local/lib/python3.10/dist-packages/cartographer_ros_msgs-2.0.9001-py3.10.egg-info/top_level.txt
[5.311s] -- Installing: /home/faith/Work/carto_ws/install/cartographer_ros_msgs/local/lib/python3.10/dist-packages/cartographer_ros_msgs-2.0.9001-py3.10.egg-info/dependency_links.txt
[5.311s] -- Up-to-date: /home/faith/Work/carto_ws/install/cartographer_ros_msgs/local/lib/python3.10/dist-packages/cartographer_ros_msgs
[5.311s] -- Up-to-date: /home/faith/Work/carto_ws/install/cartographer_ros_msgs/local/lib/python3.10/dist-packages/cartographer_ros_msgs/_cartographer_ros_msgs_s.ep.rosidl_typesupport_introspection_c.c
[5.312s] -- Up-to-date: /home/faith/Work/carto_ws/install/cartographer_ros_msgs/local/lib/python3.10/dist-packages/cartographer_ros_msgs/_cartographer_ros_msgs_s.ep.rosidl_typesupport_c.c
[5.312s] -- Up-to-date: /home/faith/Work/carto_ws/install/cartographer_ros_msgs/local/lib/python3.10/dist-packages/cartographer_ros_msgs/srv
[5.312s] -- Up-to-date: /home/faith/Work/carto_ws/install/cartographer_ros_msgs/local/lib/python3.10/dist-packages/cartographer_ros_msgs/srv/_get_trajectory_states_s.c
[5.312s] -- Up-to-date: /home/faith/Work/carto_ws/install/cartographer_ros_msgs/local/lib/python3.10/dist-packages/cartographer_ros_msgs/srv/_read_metrics.py
[5.312s] -- Up-to-date: /home/faith/Work/carto_ws/install/cartographer_ros_msgs/local/lib/python3.10/dist-packages/cartographer_ros_msgs/srv/_finish_trajectory.py
[5.312s] -- Up-to-date: /home/faith/Work/carto_ws/install/cartographer_ros_msgs/local/lib/python3.10/dist-packages/cartographer_ros_msgs/srv/_submap_query_s.c
[5.313s] -- Up-to-date: /home/faith/Work/carto_ws/install/cartographer_ros_msgs/local/lib/python3.10/dist-packages/cartographer_ros_msgs/srv/_start_trajectory.py
[5.313s] -- Up-to-date: /home/faith/Work/carto_ws/install/cartographer_ros_msgs/local/lib/python3.10/dist-packages/cartographer_ros_msgs/srv/_start_trajectory_s.c
[5.313s] -- Up-to-date: /home/faith/Work/carto_ws/install/cartographer_ros_msgs/local/lib/python3.10/dist-packages/cartographer_ros_msgs/srv/_read_metrics_s.c
[5.313s] -- Up-to-date: /home/faith/Work/carto_ws/install/cartographer_ros_msgs/local/lib/python3.10/dist-packages/cartographer_ros_msgs/srv/_get_trajectory_states.py
[5.314s] -- Up-to-date: /home/faith/Work/carto_ws/install/cartographer_ros_msgs/local/lib/python3.10/dist-packages/cartographer_ros_msgs/srv/_trajectory_query.py
[5.317s] -- Up-to-date: /home/faith/Work/carto_ws/install/cartographer_ros_msgs/local/lib/python3.10/dist-packages/cartographer_ros_msgs/srv/__init__.py
[5.317s] -- Up-to-date: /home/faith/Work/carto_ws/install/cartographer_ros_msgs/local/lib/python3.10/dist-packages/cartographer_ros_msgs/srv/_trajectory_query_s.c
[5.318s] -- Up-to-date: /home/faith/Work/carto_ws/install/cartographer_ros_msgs/local/lib/python3.10/dist-packages/cartographer_ros_msgs/srv/_write_state_s.c
[5.320s] -- Up-to-date: /home/faith/Work/carto_ws/install/cartographer_ros_msgs/local/lib/python3.10/dist-packages/cartographer_ros_msgs/srv/_submap_query.py
[5.321s] -- Up-to-date: /home/faith/Work/carto_ws/install/cartographer_ros_msgs/local/lib/python3.10/dist-packages/cartographer_ros_msgs/srv/_finish_trajectory_s.c
[5.322s] -- Up-to-date: /home/faith/Work/carto_ws/install/cartographer_ros_msgs/local/lib/python3.10/dist-packages/cartographer_ros_msgs/srv/_write_state.py
[5.322s] -- Up-to-date: /home/faith/Work/carto_ws/install/cartographer_ros_msgs/local/lib/python3.10/dist-packages/cartographer_ros_msgs/cartographer_ros_msgs_s__rosidl_typesupport_fastrtps_c.cpython-310-aarch64-linux-gnu.so
[5.322s] -- Up-to-date: /home/faith/Work/carto_ws/install/cartographer_ros_msgs/local/lib/python3.10/dist-packages/cartographer_ros_msgs/libcartographer_ros_msgs__rosidl_generator_py.so
[5.323s] -- Up-to-date: /home/faith/Work/carto_ws/install/cartographer_ros_msgs/local/lib/python3.10/dist-packages/cartographer_ros_msgs/msg
[5.323s] -- Up-to-date: /home/faith/Work/carto_ws/install/cartographer_ros_msgs/local/lib/python3.10/dist-packages/cartographer_ros_msgs/msg/_status_code.py
[5.323s] -- Up-to-date: /home/faith/Work/carto_ws/install/cartographer_ros_msgs/local/lib/python3.10/dist-packages/cartographer_ros_msgs/msg/_histogram_bucket.py
[5.323s] -- Up-to-date: /home/faith/Work/carto_ws/install/cartographer_ros_msgs/local/lib/python3.10/dist-packages/cartographer_ros_msgs/msg/_landmark_entry_s.c
[5.323s] -- Up-to-date: /home/faith/Work/carto_ws/install/cartographer_ros_msgs/local/lib/python3.10/dist-packages/cartographer_ros_msgs/msg/_status_code_s.c
[5.323s] -- Up-to-date: /home/faith/Work/carto_ws/install/cartographer_ros_msgs/local/lib/python3.10/dist-packages/cartographer_ros_msgs/msg/_trajectory_states.py
[5.323s] -- Up-to-date: /home/faith/Work/carto_ws/install/cartographer_ros_msgs/local/lib/python3.10/dist-packages/cartographer_ros_msgs/msg/_status_response.py
[5.323s] -- Up-to-date: /home/faith/Work/carto_ws/install/cartographer_ros_msgs/local/lib/python3.10/dist-packages/cartographer_ros_msgs/msg/_metric_label.py
[5.324s] -- Up-to-date: /home/faith/Work/carto_ws/install/cartographer_ros_msgs/local/lib/python3.10/dist-packages/cartographer_ros_msgs/msg/_status_response_s.c
[5.324s] -- Up-to-date: /home/faith/Work/carto_ws/install/cartographer_ros_msgs/local/lib/python3.10/dist-packages/cartographer_ros_msgs/msg/_trajectory_states_s.c
[5.324s] -- Up-to-date: /home/faith/Work/carto_ws/install/cartographer_ros_msgs/local/lib/python3.10/dist-packages/cartographer_ros_msgs/msg/_landmark_entry.py
[5.324s] -- Up-to-date: /home/faith/Work/carto_ws/install/cartographer_ros_msgs/local/lib/python3.10/dist-packages/cartographer_ros_msgs/msg/_submap_list_s.c
[5.324s] -- Up-to-date: /home/faith/Work/carto_ws/install/cartographer_ros_msgs/local/lib/python3.10/dist-packages/cartographer_ros_msgs/msg/_submap_texture_s.c
[5.324s] -- Up-to-date: /home/faith/Work/carto_ws/install/cartographer_ros_msgs/local/lib/python3.10/dist-packages/cartographer_ros_msgs/msg/_submap_texture.py
[5.325s] -- Up-to-date: /home/faith/Work/carto_ws/install/cartographer_ros_msgs/local/lib/python3.10/dist-packages/cartographer_ros_msgs/msg/_landmark_list.py
[5.325s] -- Up-to-date: /home/faith/Work/carto_ws/install/cartographer_ros_msgs/local/lib/python3.10/dist-packages/cartographer_ros_msgs/msg/_bagfile_progress.py
[5.325s] -- Up-to-date: /home/faith/Work/carto_ws/install/cartographer_ros_msgs/local/lib/python3.10/dist-packages/cartographer_ros_msgs/msg/_metric_label_s.c
[5.325s] -- Up-to-date: /home/faith/Work/carto_ws/install/cartographer_ros_msgs/local/lib/python3.10/dist-packages/cartographer_ros_msgs/msg/_metric_family.py
[5.325s] -- Up-to-date: /home/faith/Work/carto_ws/install/cartographer_ros_msgs/local/lib/python3.10/dist-packages/cartographer_ros_msgs/msg/_landmark_list_s.c
[5.325s] -- Up-to-date: /home/faith/Work/carto_ws/install/cartographer_ros_msgs/local/lib/python3.10/dist-packages/cartographer_ros_msgs/msg/_metric_family_s.c
[5.326s] -- Up-to-date: /home/faith/Work/carto_ws/install/cartographer_ros_msgs/local/lib/python3.10/dist-packages/cartographer_ros_msgs/msg/__init__.py
[5.326s] -- Up-to-date: /home/faith/Work/carto_ws/install/cartographer_ros_msgs/local/lib/python3.10/dist-packages/cartographer_ros_msgs/msg/_submap_entry.py
[5.326s] -- Up-to-date: /home/faith/Work/carto_ws/install/cartographer_ros_msgs/local/lib/python3.10/dist-packages/cartographer_ros_msgs/msg/_submap_entry_s.c
[5.326s] -- Up-to-date: /home/faith/Work/carto_ws/install/cartographer_ros_msgs/local/lib/python3.10/dist-packages/cartographer_ros_msgs/msg/_bagfile_progress_s.c
[5.326s] -- Up-to-date: /home/faith/Work/carto_ws/install/cartographer_ros_msgs/local/lib/python3.10/dist-packages/cartographer_ros_msgs/msg/_submap_list.py
[5.326s] -- Up-to-date: /home/faith/Work/carto_ws/install/cartographer_ros_msgs/local/lib/python3.10/dist-packages/cartographer_ros_msgs/msg/_metric_s.c
[5.326s] -- Up-to-date: /home/faith/Work/carto_ws/install/cartographer_ros_msgs/local/lib/python3.10/dist-packages/cartographer_ros_msgs/msg/_histogram_bucket_s.c
[5.326s] -- Up-to-date: /home/faith/Work/carto_ws/install/cartographer_ros_msgs/local/lib/python3.10/dist-packages/cartographer_ros_msgs/msg/_metric.py
[5.326s] -- Installing: /home/faith/Work/carto_ws/install/cartographer_ros_msgs/local/lib/python3.10/dist-packages/cartographer_ros_msgs/__init__.py
[5.326s] -- Up-to-date: /home/faith/Work/carto_ws/install/cartographer_ros_msgs/local/lib/python3.10/dist-packages/cartographer_ros_msgs/_cartographer_ros_msgs_s.ep.rosidl_typesupport_fastrtps_c.c
[5.327s] -- Up-to-date: /home/faith/Work/carto_ws/install/cartographer_ros_msgs/local/lib/python3.10/dist-packages/cartographer_ros_msgs/cartographer_ros_msgs_s__rosidl_typesupport_c.cpython-310-aarch64-linux-gnu.so
[5.327s] -- Up-to-date: /home/faith/Work/carto_ws/install/cartographer_ros_msgs/local/lib/python3.10/dist-packages/cartographer_ros_msgs/cartographer_ros_msgs_s__rosidl_typesupport_introspection_c.cpython-310-aarch64-linux-gnu.so
[5.340s] Listing '/home/faith/Work/carto_ws/install/cartographer_ros_msgs/local/lib/python3.10/dist-packages/cartographer_ros_msgs'...
[5.340s] Compiling '/home/faith/Work/carto_ws/install/cartographer_ros_msgs/local/lib/python3.10/dist-packages/cartographer_ros_msgs/__init__.py'...
[5.341s] Listing '/home/faith/Work/carto_ws/install/cartographer_ros_msgs/local/lib/python3.10/dist-packages/cartographer_ros_msgs/msg'...
[5.341s] Listing '/home/faith/Work/carto_ws/install/cartographer_ros_msgs/local/lib/python3.10/dist-packages/cartographer_ros_msgs/srv'...
[5.381s] -- Up-to-date: /home/faith/Work/carto_ws/install/cartographer_ros_msgs/local/lib/python3.10/dist-packages/cartographer_ros_msgs/cartographer_ros_msgs_s__rosidl_typesupport_fastrtps_c.cpython-310-aarch64-linux-gnu.so
[5.381s] -- Up-to-date: /home/faith/Work/carto_ws/install/cartographer_ros_msgs/local/lib/python3.10/dist-packages/cartographer_ros_msgs/cartographer_ros_msgs_s__rosidl_typesupport_introspection_c.cpython-310-aarch64-linux-gnu.so
[5.382s] -- Up-to-date: /home/faith/Work/carto_ws/install/cartographer_ros_msgs/local/lib/python3.10/dist-packages/cartographer_ros_msgs/cartographer_ros_msgs_s__rosidl_typesupport_c.cpython-310-aarch64-linux-gnu.so
[5.382s] -- Up-to-date: /home/faith/Work/carto_ws/install/cartographer_ros_msgs/lib/libcartographer_ros_msgs__rosidl_generator_py.so
[5.382s] -- Up-to-date: /home/faith/Work/carto_ws/install/cartographer_ros_msgs/share/cartographer_ros_msgs/msg/BagfileProgress.idl
[5.383s] -- Up-to-date: /home/faith/Work/carto_ws/install/cartographer_ros_msgs/share/cartographer_ros_msgs/msg/HistogramBucket.idl
[5.383s] -- Up-to-date: /home/faith/Work/carto_ws/install/cartographer_ros_msgs/share/cartographer_ros_msgs/msg/LandmarkEntry.idl
[5.383s] -- Up-to-date: /home/faith/Work/carto_ws/install/cartographer_ros_msgs/share/cartographer_ros_msgs/msg/LandmarkList.idl
[5.383s] -- Up-to-date: /home/faith/Work/carto_ws/install/cartographer_ros_msgs/share/cartographer_ros_msgs/msg/MetricFamily.idl
[5.383s] -- Up-to-date: /home/faith/Work/carto_ws/install/cartographer_ros_msgs/share/cartographer_ros_msgs/msg/MetricLabel.idl
[5.384s] -- Up-to-date: /home/faith/Work/carto_ws/install/cartographer_ros_msgs/share/cartographer_ros_msgs/msg/Metric.idl
[5.384s] -- Up-to-date: /home/faith/Work/carto_ws/install/cartographer_ros_msgs/share/cartographer_ros_msgs/msg/StatusCode.idl
[5.384s] -- Up-to-date: /home/faith/Work/carto_ws/install/cartographer_ros_msgs/share/cartographer_ros_msgs/msg/StatusResponse.idl
[5.384s] -- Up-to-date: /home/faith/Work/carto_ws/install/cartographer_ros_msgs/share/cartographer_ros_msgs/msg/SubmapEntry.idl
[5.385s] -- Up-to-date: /home/faith/Work/carto_ws/install/cartographer_ros_msgs/share/cartographer_ros_msgs/msg/SubmapList.idl
[5.385s] -- Up-to-date: /home/faith/Work/carto_ws/install/cartographer_ros_msgs/share/cartographer_ros_msgs/msg/SubmapTexture.idl
[5.385s] -- Up-to-date: /home/faith/Work/carto_ws/install/cartographer_ros_msgs/share/cartographer_ros_msgs/msg/TrajectoryStates.idl
[5.385s] -- Up-to-date: /home/faith/Work/carto_ws/install/cartographer_ros_msgs/share/cartographer_ros_msgs/srv/FinishTrajectory.idl
[5.385s] -- Up-to-date: /home/faith/Work/carto_ws/install/cartographer_ros_msgs/share/cartographer_ros_msgs/srv/GetTrajectoryStates.idl
[5.386s] -- Up-to-date: /home/faith/Work/carto_ws/install/cartographer_ros_msgs/share/cartographer_ros_msgs/srv/ReadMetrics.idl
[5.386s] -- Up-to-date: /home/faith/Work/carto_ws/install/cartographer_ros_msgs/share/cartographer_ros_msgs/srv/StartTrajectory.idl
[5.387s] -- Up-to-date: /home/faith/Work/carto_ws/install/cartographer_ros_msgs/share/cartographer_ros_msgs/srv/TrajectoryQuery.idl
[5.387s] -- Up-to-date: /home/faith/Work/carto_ws/install/cartographer_ros_msgs/share/cartographer_ros_msgs/srv/SubmapQuery.idl
[5.387s] -- Up-to-date: /home/faith/Work/carto_ws/install/cartographer_ros_msgs/share/cartographer_ros_msgs/srv/WriteState.idl
[5.387s] -- Up-to-date: /home/faith/Work/carto_ws/install/cartographer_ros_msgs/share/cartographer_ros_msgs/msg/BagfileProgress.msg
[5.388s] -- Up-to-date: /home/faith/Work/carto_ws/install/cartographer_ros_msgs/share/cartographer_ros_msgs/msg/HistogramBucket.msg
[5.389s] -- Up-to-date: /home/faith/Work/carto_ws/install/cartographer_ros_msgs/share/cartographer_ros_msgs/msg/LandmarkEntry.msg
[5.389s] -- Up-to-date: /home/faith/Work/carto_ws/install/cartographer_ros_msgs/share/cartographer_ros_msgs/msg/LandmarkList.msg
[5.389s] -- Up-to-date: /home/faith/Work/carto_ws/install/cartographer_ros_msgs/share/cartographer_ros_msgs/msg/MetricFamily.msg
[5.390s] -- Up-to-date: /home/faith/Work/carto_ws/install/cartographer_ros_msgs/share/cartographer_ros_msgs/msg/MetricLabel.msg
[5.392s] -- Up-to-date: /home/faith/Work/carto_ws/install/cartographer_ros_msgs/share/cartographer_ros_msgs/msg/Metric.msg
[5.396s] -- Up-to-date: /home/faith/Work/carto_ws/install/cartographer_ros_msgs/share/cartographer_ros_msgs/msg/StatusCode.msg
[5.396s] -- Up-to-date: /home/faith/Work/carto_ws/install/cartographer_ros_msgs/share/cartographer_ros_msgs/msg/StatusResponse.msg
[5.396s] -- Up-to-date: /home/faith/Work/carto_ws/install/cartographer_ros_msgs/share/cartographer_ros_msgs/msg/SubmapEntry.msg
[5.396s] -- Up-to-date: /home/faith/Work/carto_ws/install/cartographer_ros_msgs/share/cartographer_ros_msgs/msg/SubmapList.msg
[5.396s] -- Up-to-date: /home/faith/Work/carto_ws/install/cartographer_ros_msgs/share/cartographer_ros_msgs/msg/SubmapTexture.msg
[5.397s] -- Up-to-date: /home/faith/Work/carto_ws/install/cartographer_ros_msgs/share/cartographer_ros_msgs/msg/TrajectoryStates.msg
[5.397s] -- Up-to-date: /home/faith/Work/carto_ws/install/cartographer_ros_msgs/share/cartographer_ros_msgs/srv/FinishTrajectory.srv
[5.397s] -- Up-to-date: /home/faith/Work/carto_ws/install/cartographer_ros_msgs/share/cartographer_ros_msgs/srv/FinishTrajectory_Request.msg
[5.397s] -- Up-to-date: /home/faith/Work/carto_ws/install/cartographer_ros_msgs/share/cartographer_ros_msgs/srv/FinishTrajectory_Response.msg
[5.398s] -- Up-to-date: /home/faith/Work/carto_ws/install/cartographer_ros_msgs/share/cartographer_ros_msgs/srv/GetTrajectoryStates.srv
[5.398s] -- Up-to-date: /home/faith/Work/carto_ws/install/cartographer_ros_msgs/share/cartographer_ros_msgs/srv/GetTrajectoryStates_Request.msg
[5.398s] -- Up-to-date: /home/faith/Work/carto_ws/install/cartographer_ros_msgs/share/cartographer_ros_msgs/srv/GetTrajectoryStates_Response.msg
[5.398s] -- Up-to-date: /home/faith/Work/carto_ws/install/cartographer_ros_msgs/share/cartographer_ros_msgs/srv/ReadMetrics.srv
[5.398s] -- Up-to-date: /home/faith/Work/carto_ws/install/cartographer_ros_msgs/share/cartographer_ros_msgs/srv/ReadMetrics_Request.msg
[5.398s] -- Up-to-date: /home/faith/Work/carto_ws/install/cartographer_ros_msgs/share/cartographer_ros_msgs/srv/ReadMetrics_Response.msg
[5.398s] -- Up-to-date: /home/faith/Work/carto_ws/install/cartographer_ros_msgs/share/cartographer_ros_msgs/srv/StartTrajectory.srv
[5.399s] -- Up-to-date: /home/faith/Work/carto_ws/install/cartographer_ros_msgs/share/cartographer_ros_msgs/srv/StartTrajectory_Request.msg
[5.399s] -- Up-to-date: /home/faith/Work/carto_ws/install/cartographer_ros_msgs/share/cartographer_ros_msgs/srv/StartTrajectory_Response.msg
[5.399s] -- Up-to-date: /home/faith/Work/carto_ws/install/cartographer_ros_msgs/share/cartographer_ros_msgs/srv/TrajectoryQuery.srv
[5.399s] -- Up-to-date: /home/faith/Work/carto_ws/install/cartographer_ros_msgs/share/cartographer_ros_msgs/srv/TrajectoryQuery_Request.msg
[5.399s] -- Up-to-date: /home/faith/Work/carto_ws/install/cartographer_ros_msgs/share/cartographer_ros_msgs/srv/TrajectoryQuery_Response.msg
[5.399s] -- Up-to-date: /home/faith/Work/carto_ws/install/cartographer_ros_msgs/share/cartographer_ros_msgs/srv/SubmapQuery.srv
[5.399s] -- Up-to-date: /home/faith/Work/carto_ws/install/cartographer_ros_msgs/share/cartographer_ros_msgs/srv/SubmapQuery_Request.msg
[5.399s] -- Up-to-date: /home/faith/Work/carto_ws/install/cartographer_ros_msgs/share/cartographer_ros_msgs/srv/SubmapQuery_Response.msg
[5.400s] -- Up-to-date: /home/faith/Work/carto_ws/install/cartographer_ros_msgs/share/cartographer_ros_msgs/srv/WriteState.srv
[5.400s] -- Up-to-date: /home/faith/Work/carto_ws/install/cartographer_ros_msgs/share/cartographer_ros_msgs/srv/WriteState_Request.msg
[5.400s] -- Up-to-date: /home/faith/Work/carto_ws/install/cartographer_ros_msgs/share/cartographer_ros_msgs/srv/WriteState_Response.msg
[5.400s] -- Up-to-date: /home/faith/Work/carto_ws/install/cartographer_ros_msgs/share/ament_index/resource_index/package_run_dependencies/cartographer_ros_msgs
[5.400s] -- Up-to-date: /home/faith/Work/carto_ws/install/cartographer_ros_msgs/share/ament_index/resource_index/parent_prefix_path/cartographer_ros_msgs
[5.400s] -- Up-to-date: /home/faith/Work/carto_ws/install/cartographer_ros_msgs/share/cartographer_ros_msgs/environment/ament_prefix_path.sh
[5.400s] -- Installing: /home/faith/Work/carto_ws/install/cartographer_ros_msgs/share/cartographer_ros_msgs/environment/ament_prefix_path.dsv
[5.401s] -- Up-to-date: /home/faith/Work/carto_ws/install/cartographer_ros_msgs/share/cartographer_ros_msgs/environment/path.sh
[5.401s] -- Installing: /home/faith/Work/carto_ws/install/cartographer_ros_msgs/share/cartographer_ros_msgs/environment/path.dsv
[5.401s] -- Up-to-date: /home/faith/Work/carto_ws/install/cartographer_ros_msgs/share/cartographer_ros_msgs/local_setup.bash
[5.401s] -- Up-to-date: /home/faith/Work/carto_ws/install/cartographer_ros_msgs/share/cartographer_ros_msgs/local_setup.sh
[5.401s] -- Up-to-date: /home/faith/Work/carto_ws/install/cartographer_ros_msgs/share/cartographer_ros_msgs/local_setup.zsh
[5.401s] -- Installing: /home/faith/Work/carto_ws/install/cartographer_ros_msgs/share/cartographer_ros_msgs/local_setup.dsv
[5.401s] -- Installing: /home/faith/Work/carto_ws/install/cartographer_ros_msgs/share/cartographer_ros_msgs/package.dsv
[5.402s] -- Up-to-date: /home/faith/Work/carto_ws/install/cartographer_ros_msgs/share/ament_index/resource_index/packages/cartographer_ros_msgs
[5.404s] -- Up-to-date: /home/faith/Work/carto_ws/install/cartographer_ros_msgs/share/cartographer_ros_msgs/cmake/export_cartographer_ros_msgs__rosidl_generator_cExport.cmake
[5.404s] -- Up-to-date: /home/faith/Work/carto_ws/install/cartographer_ros_msgs/share/cartographer_ros_msgs/cmake/export_cartographer_ros_msgs__rosidl_generator_cExport-release.cmake
[5.405s] -- Up-to-date: /home/faith/Work/carto_ws/install/cartographer_ros_msgs/share/cartographer_ros_msgs/cmake/export_cartographer_ros_msgs__rosidl_typesupport_fastrtps_cExport.cmake
[5.405s] -- Up-to-date: /home/faith/Work/carto_ws/install/cartographer_ros_msgs/share/cartographer_ros_msgs/cmake/export_cartographer_ros_msgs__rosidl_typesupport_fastrtps_cExport-release.cmake
[5.405s] -- Up-to-date: /home/faith/Work/carto_ws/install/cartographer_ros_msgs/share/cartographer_ros_msgs/cmake/cartographer_ros_msgs__rosidl_typesupport_introspection_cExport.cmake
[5.405s] -- Up-to-date: /home/faith/Work/carto_ws/install/cartographer_ros_msgs/share/cartographer_ros_msgs/cmake/cartographer_ros_msgs__rosidl_typesupport_introspection_cExport-release.cmake
[5.405s] -- Up-to-date: /home/faith/Work/carto_ws/install/cartographer_ros_msgs/share/cartographer_ros_msgs/cmake/cartographer_ros_msgs__rosidl_typesupport_cExport.cmake
[5.405s] -- Up-to-date: /home/faith/Work/carto_ws/install/cartographer_ros_msgs/share/cartographer_ros_msgs/cmake/cartographer_ros_msgs__rosidl_typesupport_cExport-release.cmake
[5.406s] -- Up-to-date: /home/faith/Work/carto_ws/install/cartographer_ros_msgs/share/cartographer_ros_msgs/cmake/export_cartographer_ros_msgs__rosidl_generator_cppExport.cmake
[5.406s] -- Up-to-date: /home/faith/Work/carto_ws/install/cartographer_ros_msgs/share/cartographer_ros_msgs/cmake/export_cartographer_ros_msgs__rosidl_typesupport_fastrtps_cppExport.cmake
[5.406s] -- Up-to-date: /home/faith/Work/carto_ws/install/cartographer_ros_msgs/share/cartographer_ros_msgs/cmake/export_cartographer_ros_msgs__rosidl_typesupport_fastrtps_cppExport-release.cmake
[5.406s] -- Up-to-date: /home/faith/Work/carto_ws/install/cartographer_ros_msgs/share/cartographer_ros_msgs/cmake/cartographer_ros_msgs__rosidl_typesupport_introspection_cppExport.cmake
[5.406s] -- Up-to-date: /home/faith/Work/carto_ws/install/cartographer_ros_msgs/share/cartographer_ros_msgs/cmake/cartographer_ros_msgs__rosidl_typesupport_introspection_cppExport-release.cmake
[5.407s] -- Up-to-date: /home/faith/Work/carto_ws/install/cartographer_ros_msgs/share/cartographer_ros_msgs/cmake/cartographer_ros_msgs__rosidl_typesupport_cppExport.cmake
[5.407s] -- Up-to-date: /home/faith/Work/carto_ws/install/cartographer_ros_msgs/share/cartographer_ros_msgs/cmake/cartographer_ros_msgs__rosidl_typesupport_cppExport-release.cmake
[5.407s] -- Up-to-date: /home/faith/Work/carto_ws/install/cartographer_ros_msgs/share/cartographer_ros_msgs/cmake/export_cartographer_ros_msgs__rosidl_generator_pyExport.cmake
[5.407s] -- Up-to-date: /home/faith/Work/carto_ws/install/cartographer_ros_msgs/share/cartographer_ros_msgs/cmake/export_cartographer_ros_msgs__rosidl_generator_pyExport-release.cmake
[5.407s] -- Up-to-date: /home/faith/Work/carto_ws/install/cartographer_ros_msgs/share/cartographer_ros_msgs/cmake/rosidl_cmake-extras.cmake
[5.408s] -- Up-to-date: /home/faith/Work/carto_ws/install/cartographer_ros_msgs/share/cartographer_ros_msgs/cmake/ament_cmake_export_dependencies-extras.cmake
[5.408s] -- Up-to-date: /home/faith/Work/carto_ws/install/cartographer_ros_msgs/share/cartographer_ros_msgs/cmake/ament_cmake_export_include_directories-extras.cmake
[5.408s] -- Up-to-date: /home/faith/Work/carto_ws/install/cartographer_ros_msgs/share/cartographer_ros_msgs/cmake/ament_cmake_export_libraries-extras.cmake
[5.408s] -- Up-to-date: /home/faith/Work/carto_ws/install/cartographer_ros_msgs/share/cartographer_ros_msgs/cmake/ament_cmake_export_targets-extras.cmake
[5.409s] -- Up-to-date: /home/faith/Work/carto_ws/install/cartographer_ros_msgs/share/cartographer_ros_msgs/cmake/rosidl_cmake_export_typesupport_targets-extras.cmake
[5.409s] -- Up-to-date: /home/faith/Work/carto_ws/install/cartographer_ros_msgs/share/cartographer_ros_msgs/cmake/rosidl_cmake_export_typesupport_libraries-extras.cmake
[5.411s] -- Up-to-date: /home/faith/Work/carto_ws/install/cartographer_ros_msgs/share/cartographer_ros_msgs/cmake/cartographer_ros_msgsConfig.cmake
[5.412s] -- Up-to-date: /home/faith/Work/carto_ws/install/cartographer_ros_msgs/share/cartographer_ros_msgs/cmake/cartographer_ros_msgsConfig-version.cmake
[5.413s] -- Up-to-date: /home/faith/Work/carto_ws/install/cartographer_ros_msgs/share/cartographer_ros_msgs/package.xml
[5.414s] Invoked command in '/home/faith/Work/carto_ws/build/cartographer_ros_msgs' returned '0': CMAKE_PREFIX_PATH=${CMAKE_PREFIX_PATH}:/home/faith/Work/carto_ws/install/fishbot_description:/opt/ros/humble /usr/bin/cmake --install /home/faith/Work/carto_ws/build/cartographer_ros_msgs
