[1.870s] Invoking command in '/home/faith/Work/carto_ws/src/fishbot_description': PYTHONPATH=/home/faith/Work/carto_ws/build/fishbot_description/prefix_override:/home/faith/Work/carto_ws/install/fishbot_description/lib/python3.10/site-packages:${PYTHONPATH} /usr/bin/python3 setup.py egg_info --egg-base ../../build/fishbot_description build --build-base /home/faith/Work/carto_ws/build/fishbot_description/build install --record /home/faith/Work/carto_ws/build/fishbot_description/install.log --single-version-externally-managed
[2.285s] running egg_info
[2.311s] writing ../../build/fishbot_description/fishbot_description.egg-info/PKG-INFO
[2.311s] writing dependency_links to ../../build/fishbot_description/fishbot_description.egg-info/dependency_links.txt
[2.312s] writing entry points to ../../build/fishbot_description/fishbot_description.egg-info/entry_points.txt
[2.312s] writing requirements to ../../build/fishbot_description/fishbot_description.egg-info/requires.txt
[2.312s] writing top-level names to ../../build/fishbot_description/fishbot_description.egg-info/top_level.txt
[2.315s] reading manifest file '../../build/fishbot_description/fishbot_description.egg-info/SOURCES.txt'
[2.317s] writing manifest file '../../build/fishbot_description/fishbot_description.egg-info/SOURCES.txt'
[2.317s] running build
[2.318s] running build_py
[2.319s] running install
[2.320s] running install_lib
[2.321s] /usr/lib/python3/dist-packages/setuptools/command/install.py:34: SetuptoolsDeprecationWarning: setup.py install is deprecated. Use build and pip and other standards-based tools.
[2.321s]   warnings.warn(
[2.329s] running install_data
[2.332s] running install_egg_info
[2.338s] removing '/home/faith/Work/carto_ws/install/fishbot_description/lib/python3.10/site-packages/fishbot_description-0.0.0-py3.10.egg-info' (and everything under it)
[2.338s] Copying ../../build/fishbot_description/fishbot_description.egg-info to /home/faith/Work/carto_ws/install/fishbot_description/lib/python3.10/site-packages/fishbot_description-0.0.0-py3.10.egg-info
[2.338s] running install_scripts
[2.360s] writing list of installed files to '/home/faith/Work/carto_ws/build/fishbot_description/install.log'
[2.379s] Invoked command in '/home/faith/Work/carto_ws/src/fishbot_description' returned '0': PYTHONPATH=/home/faith/Work/carto_ws/build/fishbot_description/prefix_override:/home/faith/Work/carto_ws/install/fishbot_description/lib/python3.10/site-packages:${PYTHONPATH} /usr/bin/python3 setup.py egg_info --egg-base ../../build/fishbot_description build --build-base /home/faith/Work/carto_ws/build/fishbot_description/build install --record /home/faith/Work/carto_ws/build/fishbot_description/install.log --single-version-externally-managed
