[0.085s] Invoking command in '/home/faith/Work/carto_ws/build/astra_camera_msgs': CMAKE_PREFIX_PATH=${CMAKE_PREFIX_PATH}:/home/faith/Work/carto_ws/install/fishbot_description:/opt/ros/humble /usr/bin/cmake --build /home/faith/Work/carto_ws/build/astra_camera_msgs -- -j8 -l8
[0.875s] [  1%] Built target astra_camera_msgs__cpp
[0.875s] [  1%] Built target ament_cmake_python_copy_astra_camera_msgs
[0.875s] [ 12%] Built target astra_camera_msgs__rosidl_generator_c
[0.875s] [ 24%] Built target astra_camera_msgs__rosidl_typesupport_fastrtps_cpp
[0.875s] [ 35%] Built target astra_camera_msgs__rosidl_typesupport_introspection_cpp
[0.875s] [ 47%] Built target astra_camera_msgs__rosidl_typesupport_cpp
[0.875s] [ 58%] Built target astra_camera_msgs__rosidl_typesupport_fastrtps_c
[0.875s] [ 70%] Built target astra_camera_msgs__rosidl_typesupport_c
[0.875s] [ 82%] Built target astra_camera_msgs__rosidl_typesupport_introspection_c
[0.875s] [ 82%] Built target astra_camera_msgs
[0.933s] [ 83%] Built target astra_camera_msgs__py
[0.998s] [ 93%] Built target astra_camera_msgs__rosidl_generator_py
[1.133s] [ 95%] Built target astra_camera_msgs__rosidl_typesupport_fastrtps_c__pyext
[1.174s] [ 97%] Built target astra_camera_msgs__rosidl_typesupport_c__pyext
[1.225s] [100%] Built target astra_camera_msgs__rosidl_typesupport_introspection_c__pyext
[1.348s] running egg_info
[1.350s] writing astra_camera_msgs.egg-info/PKG-INFO
[1.350s] writing dependency_links to astra_camera_msgs.egg-info/dependency_links.txt
[1.366s] writing top-level names to astra_camera_msgs.egg-info/top_level.txt
[1.366s] reading manifest file 'astra_camera_msgs.egg-info/SOURCES.txt'
[1.366s] writing manifest file 'astra_camera_msgs.egg-info/SOURCES.txt'
[1.510s] [100%] Built target ament_cmake_python_build_astra_camera_msgs_egg
[1.618s] Invoked command in '/home/faith/Work/carto_ws/build/astra_camera_msgs' returned '0': CMAKE_PREFIX_PATH=${CMAKE_PREFIX_PATH}:/home/faith/Work/carto_ws/install/fishbot_description:/opt/ros/humble /usr/bin/cmake --build /home/faith/Work/carto_ws/build/astra_camera_msgs -- -j8 -l8
[2.635s] Invoking command in '/home/faith/Work/carto_ws/build/astra_camera_msgs': CMAKE_PREFIX_PATH=${CMAKE_PREFIX_PATH}:/home/faith/Work/carto_ws/install/fishbot_description:/opt/ros/humble /usr/bin/cmake --install /home/faith/Work/carto_ws/build/astra_camera_msgs
[2.672s] -- Install configuration: "Release"
[2.673s] -- Up-to-date: /home/faith/Work/carto_ws/install/astra_camera_msgs/share/ament_index/resource_index/rosidl_interfaces/astra_camera_msgs
[2.673s] -- Up-to-date: /home/faith/Work/carto_ws/install/astra_camera_msgs/include/astra_camera_msgs/astra_camera_msgs
[2.673s] -- Up-to-date: /home/faith/Work/carto_ws/install/astra_camera_msgs/include/astra_camera_msgs/astra_camera_msgs/srv
[2.674s] -- Up-to-date: /home/faith/Work/carto_ws/install/astra_camera_msgs/include/astra_camera_msgs/astra_camera_msgs/srv/get_device_info.h
[2.674s] -- Up-to-date: /home/faith/Work/carto_ws/install/astra_camera_msgs/include/astra_camera_msgs/astra_camera_msgs/srv/set_int32.h
[2.675s] -- Up-to-date: /home/faith/Work/carto_ws/install/astra_camera_msgs/include/astra_camera_msgs/astra_camera_msgs/srv/get_camera_info.h
[2.675s] -- Up-to-date: /home/faith/Work/carto_ws/install/astra_camera_msgs/include/astra_camera_msgs/astra_camera_msgs/srv/detail
[2.675s] -- Up-to-date: /home/faith/Work/carto_ws/install/astra_camera_msgs/include/astra_camera_msgs/astra_camera_msgs/srv/detail/get_string__functions.c
[2.676s] -- Up-to-date: /home/faith/Work/carto_ws/install/astra_camera_msgs/include/astra_camera_msgs/astra_camera_msgs/srv/detail/get_device_info__type_support.h
[2.676s] -- Up-to-date: /home/faith/Work/carto_ws/install/astra_camera_msgs/include/astra_camera_msgs/astra_camera_msgs/srv/detail/set_int32__functions.h
[2.677s] -- Up-to-date: /home/faith/Work/carto_ws/install/astra_camera_msgs/include/astra_camera_msgs/astra_camera_msgs/srv/detail/get_camera_info__functions.c
[2.677s] -- Up-to-date: /home/faith/Work/carto_ws/install/astra_camera_msgs/include/astra_camera_msgs/astra_camera_msgs/srv/detail/get_camera_params__functions.c
[2.678s] -- Up-to-date: /home/faith/Work/carto_ws/install/astra_camera_msgs/include/astra_camera_msgs/astra_camera_msgs/srv/detail/get_camera_info__type_support.h
[2.678s] -- Up-to-date: /home/faith/Work/carto_ws/install/astra_camera_msgs/include/astra_camera_msgs/astra_camera_msgs/srv/detail/get_camera_params__functions.h
[2.679s] -- Up-to-date: /home/faith/Work/carto_ws/install/astra_camera_msgs/include/astra_camera_msgs/astra_camera_msgs/srv/detail/get_camera_info__struct.h
[2.679s] -- Up-to-date: /home/faith/Work/carto_ws/install/astra_camera_msgs/include/astra_camera_msgs/astra_camera_msgs/srv/detail/get_camera_params__type_support.h
[2.679s] -- Up-to-date: /home/faith/Work/carto_ws/install/astra_camera_msgs/include/astra_camera_msgs/astra_camera_msgs/srv/detail/set_int32__type_support.h
[2.680s] -- Up-to-date: /home/faith/Work/carto_ws/install/astra_camera_msgs/include/astra_camera_msgs/astra_camera_msgs/srv/detail/get_int32__functions.c
[2.685s] -- Up-to-date: /home/faith/Work/carto_ws/install/astra_camera_msgs/include/astra_camera_msgs/astra_camera_msgs/srv/detail/get_string__functions.h
[2.687s] -- Up-to-date: /home/faith/Work/carto_ws/install/astra_camera_msgs/include/astra_camera_msgs/astra_camera_msgs/srv/detail/get_string__struct.h
[2.687s] -- Up-to-date: /home/faith/Work/carto_ws/install/astra_camera_msgs/include/astra_camera_msgs/astra_camera_msgs/srv/detail/get_int32__functions.h
[2.688s] -- Up-to-date: /home/faith/Work/carto_ws/install/astra_camera_msgs/include/astra_camera_msgs/astra_camera_msgs/srv/detail/get_camera_params__struct.h
[2.688s] -- Up-to-date: /home/faith/Work/carto_ws/install/astra_camera_msgs/include/astra_camera_msgs/astra_camera_msgs/srv/detail/get_int32__type_support.h
[2.689s] -- Up-to-date: /home/faith/Work/carto_ws/install/astra_camera_msgs/include/astra_camera_msgs/astra_camera_msgs/srv/detail/get_string__type_support.h
[2.689s] -- Up-to-date: /home/faith/Work/carto_ws/install/astra_camera_msgs/include/astra_camera_msgs/astra_camera_msgs/srv/detail/get_device_info__functions.h
[2.690s] -- Up-to-date: /home/faith/Work/carto_ws/install/astra_camera_msgs/include/astra_camera_msgs/astra_camera_msgs/srv/detail/set_int32__functions.c
[2.690s] -- Up-to-date: /home/faith/Work/carto_ws/install/astra_camera_msgs/include/astra_camera_msgs/astra_camera_msgs/srv/detail/get_int32__struct.h
[2.691s] -- Up-to-date: /home/faith/Work/carto_ws/install/astra_camera_msgs/include/astra_camera_msgs/astra_camera_msgs/srv/detail/get_device_info__struct.h
[2.692s] -- Up-to-date: /home/faith/Work/carto_ws/install/astra_camera_msgs/include/astra_camera_msgs/astra_camera_msgs/srv/detail/get_device_info__functions.c
[2.693s] -- Up-to-date: /home/faith/Work/carto_ws/install/astra_camera_msgs/include/astra_camera_msgs/astra_camera_msgs/srv/detail/get_camera_info__functions.h
[2.694s] -- Up-to-date: /home/faith/Work/carto_ws/install/astra_camera_msgs/include/astra_camera_msgs/astra_camera_msgs/srv/detail/set_int32__struct.h
[2.695s] -- Up-to-date: /home/faith/Work/carto_ws/install/astra_camera_msgs/include/astra_camera_msgs/astra_camera_msgs/srv/get_string.h
[2.696s] -- Up-to-date: /home/faith/Work/carto_ws/install/astra_camera_msgs/include/astra_camera_msgs/astra_camera_msgs/srv/get_camera_params.h
[2.698s] -- Up-to-date: /home/faith/Work/carto_ws/install/astra_camera_msgs/include/astra_camera_msgs/astra_camera_msgs/srv/get_int32.h
[2.699s] -- Up-to-date: /home/faith/Work/carto_ws/install/astra_camera_msgs/include/astra_camera_msgs/astra_camera_msgs/msg
[2.699s] -- Up-to-date: /home/faith/Work/carto_ws/install/astra_camera_msgs/include/astra_camera_msgs/astra_camera_msgs/msg/detail
[2.700s] -- Up-to-date: /home/faith/Work/carto_ws/install/astra_camera_msgs/include/astra_camera_msgs/astra_camera_msgs/msg/detail/extrinsics__functions.c
[2.700s] -- Up-to-date: /home/faith/Work/carto_ws/install/astra_camera_msgs/include/astra_camera_msgs/astra_camera_msgs/msg/detail/metadata__functions.c
[2.701s] -- Up-to-date: /home/faith/Work/carto_ws/install/astra_camera_msgs/include/astra_camera_msgs/astra_camera_msgs/msg/detail/extrinsics__functions.h
[2.701s] -- Up-to-date: /home/faith/Work/carto_ws/install/astra_camera_msgs/include/astra_camera_msgs/astra_camera_msgs/msg/detail/device_info__functions.c
[2.702s] -- Up-to-date: /home/faith/Work/carto_ws/install/astra_camera_msgs/include/astra_camera_msgs/astra_camera_msgs/msg/detail/metadata__type_support.h
[2.702s] -- Up-to-date: /home/faith/Work/carto_ws/install/astra_camera_msgs/include/astra_camera_msgs/astra_camera_msgs/msg/detail/metadata__struct.h
[2.703s] -- Up-to-date: /home/faith/Work/carto_ws/install/astra_camera_msgs/include/astra_camera_msgs/astra_camera_msgs/msg/detail/extrinsics__type_support.h
[2.703s] -- Up-to-date: /home/faith/Work/carto_ws/install/astra_camera_msgs/include/astra_camera_msgs/astra_camera_msgs/msg/detail/metadata__functions.h
[2.703s] -- Up-to-date: /home/faith/Work/carto_ws/install/astra_camera_msgs/include/astra_camera_msgs/astra_camera_msgs/msg/detail/device_info__functions.h
[2.704s] -- Up-to-date: /home/faith/Work/carto_ws/install/astra_camera_msgs/include/astra_camera_msgs/astra_camera_msgs/msg/detail/device_info__type_support.h
[2.705s] -- Up-to-date: /home/faith/Work/carto_ws/install/astra_camera_msgs/include/astra_camera_msgs/astra_camera_msgs/msg/detail/extrinsics__struct.h
[2.706s] -- Up-to-date: /home/faith/Work/carto_ws/install/astra_camera_msgs/include/astra_camera_msgs/astra_camera_msgs/msg/detail/device_info__struct.h
[2.707s] -- Up-to-date: /home/faith/Work/carto_ws/install/astra_camera_msgs/include/astra_camera_msgs/astra_camera_msgs/msg/device_info.h
[2.707s] -- Up-to-date: /home/faith/Work/carto_ws/install/astra_camera_msgs/include/astra_camera_msgs/astra_camera_msgs/msg/rosidl_generator_c__visibility_control.h
[2.707s] -- Up-to-date: /home/faith/Work/carto_ws/install/astra_camera_msgs/include/astra_camera_msgs/astra_camera_msgs/msg/metadata.h
[2.708s] -- Up-to-date: /home/faith/Work/carto_ws/install/astra_camera_msgs/include/astra_camera_msgs/astra_camera_msgs/msg/extrinsics.h
[2.708s] -- Up-to-date: /home/faith/Work/carto_ws/install/astra_camera_msgs/share/astra_camera_msgs/environment/library_path.sh
[2.709s] -- Up-to-date: /home/faith/Work/carto_ws/install/astra_camera_msgs/share/astra_camera_msgs/environment/library_path.dsv
[2.709s] -- Up-to-date: /home/faith/Work/carto_ws/install/astra_camera_msgs/lib/libastra_camera_msgs__rosidl_generator_c.so
[2.710s] -- Up-to-date: /home/faith/Work/carto_ws/install/astra_camera_msgs/include/astra_camera_msgs/astra_camera_msgs
[2.711s] -- Up-to-date: /home/faith/Work/carto_ws/install/astra_camera_msgs/include/astra_camera_msgs/astra_camera_msgs/srv
[2.712s] -- Up-to-date: /home/faith/Work/carto_ws/install/astra_camera_msgs/include/astra_camera_msgs/astra_camera_msgs/srv/detail
[2.713s] -- Up-to-date: /home/faith/Work/carto_ws/install/astra_camera_msgs/include/astra_camera_msgs/astra_camera_msgs/srv/detail/get_device_info__rosidl_typesupport_fastrtps_c.h
[2.715s] -- Up-to-date: /home/faith/Work/carto_ws/install/astra_camera_msgs/include/astra_camera_msgs/astra_camera_msgs/srv/detail/set_int32__rosidl_typesupport_fastrtps_c.h
[2.715s] -- Up-to-date: /home/faith/Work/carto_ws/install/astra_camera_msgs/include/astra_camera_msgs/astra_camera_msgs/srv/detail/get_string__rosidl_typesupport_fastrtps_c.h
[2.716s] -- Up-to-date: /home/faith/Work/carto_ws/install/astra_camera_msgs/include/astra_camera_msgs/astra_camera_msgs/srv/detail/get_int32__rosidl_typesupport_fastrtps_c.h
[2.716s] -- Up-to-date: /home/faith/Work/carto_ws/install/astra_camera_msgs/include/astra_camera_msgs/astra_camera_msgs/srv/detail/get_camera_info__rosidl_typesupport_fastrtps_c.h
[2.716s] -- Up-to-date: /home/faith/Work/carto_ws/install/astra_camera_msgs/include/astra_camera_msgs/astra_camera_msgs/srv/detail/get_camera_params__rosidl_typesupport_fastrtps_c.h
[2.717s] -- Up-to-date: /home/faith/Work/carto_ws/install/astra_camera_msgs/include/astra_camera_msgs/astra_camera_msgs/msg
[2.717s] -- Up-to-date: /home/faith/Work/carto_ws/install/astra_camera_msgs/include/astra_camera_msgs/astra_camera_msgs/msg/detail
[2.718s] -- Up-to-date: /home/faith/Work/carto_ws/install/astra_camera_msgs/include/astra_camera_msgs/astra_camera_msgs/msg/detail/metadata__rosidl_typesupport_fastrtps_c.h
[2.718s] -- Up-to-date: /home/faith/Work/carto_ws/install/astra_camera_msgs/include/astra_camera_msgs/astra_camera_msgs/msg/detail/extrinsics__rosidl_typesupport_fastrtps_c.h
[2.719s] -- Up-to-date: /home/faith/Work/carto_ws/install/astra_camera_msgs/include/astra_camera_msgs/astra_camera_msgs/msg/detail/device_info__rosidl_typesupport_fastrtps_c.h
[2.720s] -- Up-to-date: /home/faith/Work/carto_ws/install/astra_camera_msgs/include/astra_camera_msgs/astra_camera_msgs/msg/rosidl_typesupport_fastrtps_c__visibility_control.h
[2.720s] -- Up-to-date: /home/faith/Work/carto_ws/install/astra_camera_msgs/lib/libastra_camera_msgs__rosidl_typesupport_fastrtps_c.so
[2.721s] -- Up-to-date: /home/faith/Work/carto_ws/install/astra_camera_msgs/include/astra_camera_msgs/astra_camera_msgs
[2.721s] -- Up-to-date: /home/faith/Work/carto_ws/install/astra_camera_msgs/include/astra_camera_msgs/astra_camera_msgs/srv
[2.721s] -- Up-to-date: /home/faith/Work/carto_ws/install/astra_camera_msgs/include/astra_camera_msgs/astra_camera_msgs/srv/detail
[2.722s] -- Up-to-date: /home/faith/Work/carto_ws/install/astra_camera_msgs/include/astra_camera_msgs/astra_camera_msgs/srv/detail/get_camera_info__type_support.c
[2.722s] -- Up-to-date: /home/faith/Work/carto_ws/install/astra_camera_msgs/include/astra_camera_msgs/astra_camera_msgs/srv/detail/get_int32__type_support.c
[2.723s] -- Up-to-date: /home/faith/Work/carto_ws/install/astra_camera_msgs/include/astra_camera_msgs/astra_camera_msgs/srv/detail/get_camera_params__type_support.c
[2.723s] -- Up-to-date: /home/faith/Work/carto_ws/install/astra_camera_msgs/include/astra_camera_msgs/astra_camera_msgs/srv/detail/get_device_info__rosidl_typesupport_introspection_c.h
[2.724s] -- Up-to-date: /home/faith/Work/carto_ws/install/astra_camera_msgs/include/astra_camera_msgs/astra_camera_msgs/srv/detail/get_camera_info__rosidl_typesupport_introspection_c.h
[2.724s] -- Up-to-date: /home/faith/Work/carto_ws/install/astra_camera_msgs/include/astra_camera_msgs/astra_camera_msgs/srv/detail/get_string__type_support.c
[2.724s] -- Up-to-date: /home/faith/Work/carto_ws/install/astra_camera_msgs/include/astra_camera_msgs/astra_camera_msgs/srv/detail/get_string__rosidl_typesupport_introspection_c.h
[2.725s] -- Up-to-date: /home/faith/Work/carto_ws/install/astra_camera_msgs/include/astra_camera_msgs/astra_camera_msgs/srv/detail/get_camera_params__rosidl_typesupport_introspection_c.h
[2.753s] -- Up-to-date: /home/faith/Work/carto_ws/install/astra_camera_msgs/include/astra_camera_msgs/astra_camera_msgs/srv/detail/get_int32__rosidl_typesupport_introspection_c.h
[2.754s] -- Up-to-date: /home/faith/Work/carto_ws/install/astra_camera_msgs/include/astra_camera_msgs/astra_camera_msgs/srv/detail/set_int32__type_support.c
[2.755s] -- Up-to-date: /home/faith/Work/carto_ws/install/astra_camera_msgs/include/astra_camera_msgs/astra_camera_msgs/srv/detail/set_int32__rosidl_typesupport_introspection_c.h
[2.755s] -- Up-to-date: /home/faith/Work/carto_ws/install/astra_camera_msgs/include/astra_camera_msgs/astra_camera_msgs/srv/detail/get_device_info__type_support.c
[2.756s] -- Up-to-date: /home/faith/Work/carto_ws/install/astra_camera_msgs/include/astra_camera_msgs/astra_camera_msgs/msg
[2.756s] -- Up-to-date: /home/faith/Work/carto_ws/install/astra_camera_msgs/include/astra_camera_msgs/astra_camera_msgs/msg/detail
[2.758s] -- Up-to-date: /home/faith/Work/carto_ws/install/astra_camera_msgs/include/astra_camera_msgs/astra_camera_msgs/msg/detail/device_info__rosidl_typesupport_introspection_c.h
[2.758s] -- Up-to-date: /home/faith/Work/carto_ws/install/astra_camera_msgs/include/astra_camera_msgs/astra_camera_msgs/msg/detail/extrinsics__rosidl_typesupport_introspection_c.h
[2.759s] -- Up-to-date: /home/faith/Work/carto_ws/install/astra_camera_msgs/include/astra_camera_msgs/astra_camera_msgs/msg/detail/metadata__rosidl_typesupport_introspection_c.h
[2.760s] -- Up-to-date: /home/faith/Work/carto_ws/install/astra_camera_msgs/include/astra_camera_msgs/astra_camera_msgs/msg/detail/device_info__type_support.c
[2.760s] -- Up-to-date: /home/faith/Work/carto_ws/install/astra_camera_msgs/include/astra_camera_msgs/astra_camera_msgs/msg/detail/metadata__type_support.c
[2.761s] -- Up-to-date: /home/faith/Work/carto_ws/install/astra_camera_msgs/include/astra_camera_msgs/astra_camera_msgs/msg/detail/extrinsics__type_support.c
[2.764s] -- Up-to-date: /home/faith/Work/carto_ws/install/astra_camera_msgs/include/astra_camera_msgs/astra_camera_msgs/msg/rosidl_typesupport_introspection_c__visibility_control.h
[2.765s] -- Up-to-date: /home/faith/Work/carto_ws/install/astra_camera_msgs/lib/libastra_camera_msgs__rosidl_typesupport_introspection_c.so
[2.765s] -- Up-to-date: /home/faith/Work/carto_ws/install/astra_camera_msgs/lib/libastra_camera_msgs__rosidl_typesupport_c.so
[2.766s] -- Up-to-date: /home/faith/Work/carto_ws/install/astra_camera_msgs/include/astra_camera_msgs/astra_camera_msgs
[2.766s] -- Up-to-date: /home/faith/Work/carto_ws/install/astra_camera_msgs/include/astra_camera_msgs/astra_camera_msgs/srv
[2.767s] -- Up-to-date: /home/faith/Work/carto_ws/install/astra_camera_msgs/include/astra_camera_msgs/astra_camera_msgs/srv/detail
[2.767s] -- Up-to-date: /home/faith/Work/carto_ws/install/astra_camera_msgs/include/astra_camera_msgs/astra_camera_msgs/srv/detail/get_string__traits.hpp
[2.774s] -- Up-to-date: /home/faith/Work/carto_ws/install/astra_camera_msgs/include/astra_camera_msgs/astra_camera_msgs/srv/detail/get_int32__traits.hpp
[2.774s] -- Up-to-date: /home/faith/Work/carto_ws/install/astra_camera_msgs/include/astra_camera_msgs/astra_camera_msgs/srv/detail/get_string__builder.hpp
[2.774s] -- Up-to-date: /home/faith/Work/carto_ws/install/astra_camera_msgs/include/astra_camera_msgs/astra_camera_msgs/srv/detail/get_camera_params__builder.hpp
[2.775s] -- Up-to-date: /home/faith/Work/carto_ws/install/astra_camera_msgs/include/astra_camera_msgs/astra_camera_msgs/srv/detail/get_camera_info__traits.hpp
[2.775s] -- Up-to-date: /home/faith/Work/carto_ws/install/astra_camera_msgs/include/astra_camera_msgs/astra_camera_msgs/srv/detail/get_int32__builder.hpp
[2.776s] -- Up-to-date: /home/faith/Work/carto_ws/install/astra_camera_msgs/include/astra_camera_msgs/astra_camera_msgs/srv/detail/get_camera_params__traits.hpp
[2.776s] -- Up-to-date: /home/faith/Work/carto_ws/install/astra_camera_msgs/include/astra_camera_msgs/astra_camera_msgs/srv/detail/set_int32__builder.hpp
[2.776s] -- Up-to-date: /home/faith/Work/carto_ws/install/astra_camera_msgs/include/astra_camera_msgs/astra_camera_msgs/srv/detail/get_camera_info__struct.hpp
[2.777s] -- Up-to-date: /home/faith/Work/carto_ws/install/astra_camera_msgs/include/astra_camera_msgs/astra_camera_msgs/srv/detail/get_camera_params__struct.hpp
[2.778s] -- Up-to-date: /home/faith/Work/carto_ws/install/astra_camera_msgs/include/astra_camera_msgs/astra_camera_msgs/srv/detail/get_camera_info__builder.hpp
[2.778s] -- Up-to-date: /home/faith/Work/carto_ws/install/astra_camera_msgs/include/astra_camera_msgs/astra_camera_msgs/srv/detail/set_int32__traits.hpp
[2.778s] -- Up-to-date: /home/faith/Work/carto_ws/install/astra_camera_msgs/include/astra_camera_msgs/astra_camera_msgs/srv/detail/get_device_info__traits.hpp
[2.779s] -- Up-to-date: /home/faith/Work/carto_ws/install/astra_camera_msgs/include/astra_camera_msgs/astra_camera_msgs/srv/detail/set_int32__struct.hpp
[2.779s] -- Up-to-date: /home/faith/Work/carto_ws/install/astra_camera_msgs/include/astra_camera_msgs/astra_camera_msgs/srv/detail/get_int32__struct.hpp
[2.780s] -- Up-to-date: /home/faith/Work/carto_ws/install/astra_camera_msgs/include/astra_camera_msgs/astra_camera_msgs/srv/detail/get_string__struct.hpp
[2.780s] -- Up-to-date: /home/faith/Work/carto_ws/install/astra_camera_msgs/include/astra_camera_msgs/astra_camera_msgs/srv/detail/get_device_info__struct.hpp
[2.782s] -- Up-to-date: /home/faith/Work/carto_ws/install/astra_camera_msgs/include/astra_camera_msgs/astra_camera_msgs/srv/detail/get_device_info__builder.hpp
[2.782s] -- Up-to-date: /home/faith/Work/carto_ws/install/astra_camera_msgs/include/astra_camera_msgs/astra_camera_msgs/srv/get_camera_params.hpp
[2.783s] -- Up-to-date: /home/faith/Work/carto_ws/install/astra_camera_msgs/include/astra_camera_msgs/astra_camera_msgs/srv/get_device_info.hpp
[2.784s] -- Up-to-date: /home/faith/Work/carto_ws/install/astra_camera_msgs/include/astra_camera_msgs/astra_camera_msgs/srv/get_int32.hpp
[2.795s] -- Up-to-date: /home/faith/Work/carto_ws/install/astra_camera_msgs/include/astra_camera_msgs/astra_camera_msgs/srv/set_int32.hpp
[2.796s] -- Up-to-date: /home/faith/Work/carto_ws/install/astra_camera_msgs/include/astra_camera_msgs/astra_camera_msgs/srv/get_camera_info.hpp
[2.798s] -- Up-to-date: /home/faith/Work/carto_ws/install/astra_camera_msgs/include/astra_camera_msgs/astra_camera_msgs/srv/get_string.hpp
[2.799s] -- Up-to-date: /home/faith/Work/carto_ws/install/astra_camera_msgs/include/astra_camera_msgs/astra_camera_msgs/msg
[2.799s] -- Up-to-date: /home/faith/Work/carto_ws/install/astra_camera_msgs/include/astra_camera_msgs/astra_camera_msgs/msg/device_info.hpp
[2.800s] -- Up-to-date: /home/faith/Work/carto_ws/install/astra_camera_msgs/include/astra_camera_msgs/astra_camera_msgs/msg/detail
[2.822s] -- Up-to-date: /home/faith/Work/carto_ws/install/astra_camera_msgs/include/astra_camera_msgs/astra_camera_msgs/msg/detail/extrinsics__traits.hpp
[2.824s] -- Up-to-date: /home/faith/Work/carto_ws/install/astra_camera_msgs/include/astra_camera_msgs/astra_camera_msgs/msg/detail/metadata__struct.hpp
[2.840s] -- Up-to-date: /home/faith/Work/carto_ws/install/astra_camera_msgs/include/astra_camera_msgs/astra_camera_msgs/msg/detail/device_info__builder.hpp
[2.840s] -- Up-to-date: /home/faith/Work/carto_ws/install/astra_camera_msgs/include/astra_camera_msgs/astra_camera_msgs/msg/detail/extrinsics__builder.hpp
[2.841s] -- Up-to-date: /home/faith/Work/carto_ws/install/astra_camera_msgs/include/astra_camera_msgs/astra_camera_msgs/msg/detail/extrinsics__struct.hpp
[2.841s] -- Up-to-date: /home/faith/Work/carto_ws/install/astra_camera_msgs/include/astra_camera_msgs/astra_camera_msgs/msg/detail/device_info__traits.hpp
[2.842s] -- Up-to-date: /home/faith/Work/carto_ws/install/astra_camera_msgs/include/astra_camera_msgs/astra_camera_msgs/msg/detail/metadata__traits.hpp
[2.842s] -- Up-to-date: /home/faith/Work/carto_ws/install/astra_camera_msgs/include/astra_camera_msgs/astra_camera_msgs/msg/detail/metadata__builder.hpp
[2.842s] -- Up-to-date: /home/faith/Work/carto_ws/install/astra_camera_msgs/include/astra_camera_msgs/astra_camera_msgs/msg/detail/device_info__struct.hpp
[2.843s] -- Up-to-date: /home/faith/Work/carto_ws/install/astra_camera_msgs/include/astra_camera_msgs/astra_camera_msgs/msg/extrinsics.hpp
[2.843s] -- Up-to-date: /home/faith/Work/carto_ws/install/astra_camera_msgs/include/astra_camera_msgs/astra_camera_msgs/msg/metadata.hpp
[2.844s] -- Up-to-date: /home/faith/Work/carto_ws/install/astra_camera_msgs/include/astra_camera_msgs/astra_camera_msgs
[2.844s] -- Up-to-date: /home/faith/Work/carto_ws/install/astra_camera_msgs/include/astra_camera_msgs/astra_camera_msgs/srv
[2.845s] -- Up-to-date: /home/faith/Work/carto_ws/install/astra_camera_msgs/include/astra_camera_msgs/astra_camera_msgs/srv/detail
[2.853s] -- Up-to-date: /home/faith/Work/carto_ws/install/astra_camera_msgs/include/astra_camera_msgs/astra_camera_msgs/srv/detail/dds_fastrtps
[2.854s] -- Up-to-date: /home/faith/Work/carto_ws/install/astra_camera_msgs/include/astra_camera_msgs/astra_camera_msgs/srv/detail/get_int32__rosidl_typesupport_fastrtps_cpp.hpp
[2.855s] -- Up-to-date: /home/faith/Work/carto_ws/install/astra_camera_msgs/include/astra_camera_msgs/astra_camera_msgs/srv/detail/get_camera_info__rosidl_typesupport_fastrtps_cpp.hpp
[2.855s] -- Up-to-date: /home/faith/Work/carto_ws/install/astra_camera_msgs/include/astra_camera_msgs/astra_camera_msgs/srv/detail/get_string__rosidl_typesupport_fastrtps_cpp.hpp
[2.856s] -- Up-to-date: /home/faith/Work/carto_ws/install/astra_camera_msgs/include/astra_camera_msgs/astra_camera_msgs/srv/detail/set_int32__rosidl_typesupport_fastrtps_cpp.hpp
[2.857s] -- Up-to-date: /home/faith/Work/carto_ws/install/astra_camera_msgs/include/astra_camera_msgs/astra_camera_msgs/srv/detail/get_device_info__rosidl_typesupport_fastrtps_cpp.hpp
[2.858s] -- Up-to-date: /home/faith/Work/carto_ws/install/astra_camera_msgs/include/astra_camera_msgs/astra_camera_msgs/srv/detail/get_camera_params__rosidl_typesupport_fastrtps_cpp.hpp
[2.859s] -- Up-to-date: /home/faith/Work/carto_ws/install/astra_camera_msgs/include/astra_camera_msgs/astra_camera_msgs/msg
[2.864s] -- Up-to-date: /home/faith/Work/carto_ws/install/astra_camera_msgs/include/astra_camera_msgs/astra_camera_msgs/msg/detail
[2.865s] -- Up-to-date: /home/faith/Work/carto_ws/install/astra_camera_msgs/include/astra_camera_msgs/astra_camera_msgs/msg/detail/dds_fastrtps
[2.873s] -- Up-to-date: /home/faith/Work/carto_ws/install/astra_camera_msgs/include/astra_camera_msgs/astra_camera_msgs/msg/detail/device_info__rosidl_typesupport_fastrtps_cpp.hpp
[2.874s] -- Up-to-date: /home/faith/Work/carto_ws/install/astra_camera_msgs/include/astra_camera_msgs/astra_camera_msgs/msg/detail/extrinsics__rosidl_typesupport_fastrtps_cpp.hpp
[2.874s] -- Up-to-date: /home/faith/Work/carto_ws/install/astra_camera_msgs/include/astra_camera_msgs/astra_camera_msgs/msg/detail/metadata__rosidl_typesupport_fastrtps_cpp.hpp
[2.877s] -- Up-to-date: /home/faith/Work/carto_ws/install/astra_camera_msgs/include/astra_camera_msgs/astra_camera_msgs/msg/rosidl_typesupport_fastrtps_cpp__visibility_control.h
[2.879s] -- Up-to-date: /home/faith/Work/carto_ws/install/astra_camera_msgs/lib/libastra_camera_msgs__rosidl_typesupport_fastrtps_cpp.so
[2.882s] -- Up-to-date: /home/faith/Work/carto_ws/install/astra_camera_msgs/include/astra_camera_msgs/astra_camera_msgs
[2.883s] -- Up-to-date: /home/faith/Work/carto_ws/install/astra_camera_msgs/include/astra_camera_msgs/astra_camera_msgs/srv
[2.884s] -- Up-to-date: /home/faith/Work/carto_ws/install/astra_camera_msgs/include/astra_camera_msgs/astra_camera_msgs/srv/detail
[2.885s] -- Up-to-date: /home/faith/Work/carto_ws/install/astra_camera_msgs/include/astra_camera_msgs/astra_camera_msgs/srv/detail/set_int32__type_support.cpp
[2.890s] -- Up-to-date: /home/faith/Work/carto_ws/install/astra_camera_msgs/include/astra_camera_msgs/astra_camera_msgs/srv/detail/set_int32__rosidl_typesupport_introspection_cpp.hpp
[2.891s] -- Up-to-date: /home/faith/Work/carto_ws/install/astra_camera_msgs/include/astra_camera_msgs/astra_camera_msgs/srv/detail/get_camera_info__type_support.cpp
[2.891s] -- Up-to-date: /home/faith/Work/carto_ws/install/astra_camera_msgs/include/astra_camera_msgs/astra_camera_msgs/srv/detail/get_string__rosidl_typesupport_introspection_cpp.hpp
[2.892s] -- Up-to-date: /home/faith/Work/carto_ws/install/astra_camera_msgs/include/astra_camera_msgs/astra_camera_msgs/srv/detail/get_device_info__rosidl_typesupport_introspection_cpp.hpp
[2.892s] -- Up-to-date: /home/faith/Work/carto_ws/install/astra_camera_msgs/include/astra_camera_msgs/astra_camera_msgs/srv/detail/get_int32__type_support.cpp
[2.893s] -- Up-to-date: /home/faith/Work/carto_ws/install/astra_camera_msgs/include/astra_camera_msgs/astra_camera_msgs/srv/detail/get_string__type_support.cpp
[2.893s] -- Up-to-date: /home/faith/Work/carto_ws/install/astra_camera_msgs/include/astra_camera_msgs/astra_camera_msgs/srv/detail/get_camera_info__rosidl_typesupport_introspection_cpp.hpp
[2.893s] -- Up-to-date: /home/faith/Work/carto_ws/install/astra_camera_msgs/include/astra_camera_msgs/astra_camera_msgs/srv/detail/get_camera_params__rosidl_typesupport_introspection_cpp.hpp
[2.894s] -- Up-to-date: /home/faith/Work/carto_ws/install/astra_camera_msgs/include/astra_camera_msgs/astra_camera_msgs/srv/detail/get_camera_params__type_support.cpp
[2.894s] -- Up-to-date: /home/faith/Work/carto_ws/install/astra_camera_msgs/include/astra_camera_msgs/astra_camera_msgs/srv/detail/get_int32__rosidl_typesupport_introspection_cpp.hpp
[2.894s] -- Up-to-date: /home/faith/Work/carto_ws/install/astra_camera_msgs/include/astra_camera_msgs/astra_camera_msgs/srv/detail/get_device_info__type_support.cpp
[2.894s] -- Up-to-date: /home/faith/Work/carto_ws/install/astra_camera_msgs/include/astra_camera_msgs/astra_camera_msgs/msg
[2.894s] -- Up-to-date: /home/faith/Work/carto_ws/install/astra_camera_msgs/include/astra_camera_msgs/astra_camera_msgs/msg/detail
[2.894s] -- Up-to-date: /home/faith/Work/carto_ws/install/astra_camera_msgs/include/astra_camera_msgs/astra_camera_msgs/msg/detail/metadata__rosidl_typesupport_introspection_cpp.hpp
[2.894s] -- Up-to-date: /home/faith/Work/carto_ws/install/astra_camera_msgs/include/astra_camera_msgs/astra_camera_msgs/msg/detail/device_info__type_support.cpp
[2.894s] -- Up-to-date: /home/faith/Work/carto_ws/install/astra_camera_msgs/include/astra_camera_msgs/astra_camera_msgs/msg/detail/device_info__rosidl_typesupport_introspection_cpp.hpp
[2.895s] -- Up-to-date: /home/faith/Work/carto_ws/install/astra_camera_msgs/include/astra_camera_msgs/astra_camera_msgs/msg/detail/extrinsics__rosidl_typesupport_introspection_cpp.hpp
[2.895s] -- Up-to-date: /home/faith/Work/carto_ws/install/astra_camera_msgs/include/astra_camera_msgs/astra_camera_msgs/msg/detail/extrinsics__type_support.cpp
[2.896s] -- Up-to-date: /home/faith/Work/carto_ws/install/astra_camera_msgs/include/astra_camera_msgs/astra_camera_msgs/msg/detail/metadata__type_support.cpp
[2.896s] -- Up-to-date: /home/faith/Work/carto_ws/install/astra_camera_msgs/lib/libastra_camera_msgs__rosidl_typesupport_introspection_cpp.so
[2.896s] -- Up-to-date: /home/faith/Work/carto_ws/install/astra_camera_msgs/lib/libastra_camera_msgs__rosidl_typesupport_cpp.so
[2.896s] -- Up-to-date: /home/faith/Work/carto_ws/install/astra_camera_msgs/share/astra_camera_msgs/environment/pythonpath.sh
[2.897s] -- Up-to-date: /home/faith/Work/carto_ws/install/astra_camera_msgs/share/astra_camera_msgs/environment/pythonpath.dsv
[2.897s] -- Up-to-date: /home/faith/Work/carto_ws/install/astra_camera_msgs/local/lib/python3.10/dist-packages/astra_camera_msgs-1.0.1-py3.10.egg-info
[2.898s] -- Installing: /home/faith/Work/carto_ws/install/astra_camera_msgs/local/lib/python3.10/dist-packages/astra_camera_msgs-1.0.1-py3.10.egg-info/SOURCES.txt
[2.898s] -- Installing: /home/faith/Work/carto_ws/install/astra_camera_msgs/local/lib/python3.10/dist-packages/astra_camera_msgs-1.0.1-py3.10.egg-info/PKG-INFO
[2.898s] -- Installing: /home/faith/Work/carto_ws/install/astra_camera_msgs/local/lib/python3.10/dist-packages/astra_camera_msgs-1.0.1-py3.10.egg-info/top_level.txt
[2.898s] -- Installing: /home/faith/Work/carto_ws/install/astra_camera_msgs/local/lib/python3.10/dist-packages/astra_camera_msgs-1.0.1-py3.10.egg-info/dependency_links.txt
[2.898s] -- Up-to-date: /home/faith/Work/carto_ws/install/astra_camera_msgs/local/lib/python3.10/dist-packages/astra_camera_msgs
[2.898s] -- Up-to-date: /home/faith/Work/carto_ws/install/astra_camera_msgs/local/lib/python3.10/dist-packages/astra_camera_msgs/_astra_camera_msgs_s.ep.rosidl_typesupport_introspection_c.c
[2.898s] -- Up-to-date: /home/faith/Work/carto_ws/install/astra_camera_msgs/local/lib/python3.10/dist-packages/astra_camera_msgs/astra_camera_msgs_s__rosidl_typesupport_introspection_c.cpython-310-aarch64-linux-gnu.so
[2.898s] -- Up-to-date: /home/faith/Work/carto_ws/install/astra_camera_msgs/local/lib/python3.10/dist-packages/astra_camera_msgs/_astra_camera_msgs_s.ep.rosidl_typesupport_c.c
[2.898s] -- Up-to-date: /home/faith/Work/carto_ws/install/astra_camera_msgs/local/lib/python3.10/dist-packages/astra_camera_msgs/srv
[2.898s] -- Up-to-date: /home/faith/Work/carto_ws/install/astra_camera_msgs/local/lib/python3.10/dist-packages/astra_camera_msgs/srv/_get_camera_info_s.c
[2.898s] -- Up-to-date: /home/faith/Work/carto_ws/install/astra_camera_msgs/local/lib/python3.10/dist-packages/astra_camera_msgs/srv/_get_string_s.c
[2.898s] -- Up-to-date: /home/faith/Work/carto_ws/install/astra_camera_msgs/local/lib/python3.10/dist-packages/astra_camera_msgs/srv/_get_camera_info.py
[2.898s] -- Up-to-date: /home/faith/Work/carto_ws/install/astra_camera_msgs/local/lib/python3.10/dist-packages/astra_camera_msgs/srv/_set_int32.py
[2.899s] -- Up-to-date: /home/faith/Work/carto_ws/install/astra_camera_msgs/local/lib/python3.10/dist-packages/astra_camera_msgs/srv/_get_camera_params_s.c
[2.899s] -- Up-to-date: /home/faith/Work/carto_ws/install/astra_camera_msgs/local/lib/python3.10/dist-packages/astra_camera_msgs/srv/_get_device_info.py
[2.899s] -- Up-to-date: /home/faith/Work/carto_ws/install/astra_camera_msgs/local/lib/python3.10/dist-packages/astra_camera_msgs/srv/_get_camera_params.py
[2.899s] -- Up-to-date: /home/faith/Work/carto_ws/install/astra_camera_msgs/local/lib/python3.10/dist-packages/astra_camera_msgs/srv/_get_device_info_s.c
[2.899s] -- Up-to-date: /home/faith/Work/carto_ws/install/astra_camera_msgs/local/lib/python3.10/dist-packages/astra_camera_msgs/srv/_get_int32_s.c
[2.899s] -- Up-to-date: /home/faith/Work/carto_ws/install/astra_camera_msgs/local/lib/python3.10/dist-packages/astra_camera_msgs/srv/_get_string.py
[2.899s] -- Up-to-date: /home/faith/Work/carto_ws/install/astra_camera_msgs/local/lib/python3.10/dist-packages/astra_camera_msgs/srv/__init__.py
[2.899s] -- Up-to-date: /home/faith/Work/carto_ws/install/astra_camera_msgs/local/lib/python3.10/dist-packages/astra_camera_msgs/srv/_set_int32_s.c
[2.899s] -- Up-to-date: /home/faith/Work/carto_ws/install/astra_camera_msgs/local/lib/python3.10/dist-packages/astra_camera_msgs/srv/_get_int32.py
[2.899s] -- Up-to-date: /home/faith/Work/carto_ws/install/astra_camera_msgs/local/lib/python3.10/dist-packages/astra_camera_msgs/astra_camera_msgs_s__rosidl_typesupport_fastrtps_c.cpython-310-aarch64-linux-gnu.so
[2.899s] -- Up-to-date: /home/faith/Work/carto_ws/install/astra_camera_msgs/local/lib/python3.10/dist-packages/astra_camera_msgs/msg
[2.899s] -- Up-to-date: /home/faith/Work/carto_ws/install/astra_camera_msgs/local/lib/python3.10/dist-packages/astra_camera_msgs/msg/_extrinsics.py
[2.899s] -- Up-to-date: /home/faith/Work/carto_ws/install/astra_camera_msgs/local/lib/python3.10/dist-packages/astra_camera_msgs/msg/_metadata_s.c
[2.900s] -- Up-to-date: /home/faith/Work/carto_ws/install/astra_camera_msgs/local/lib/python3.10/dist-packages/astra_camera_msgs/msg/_metadata.py
[2.900s] -- Up-to-date: /home/faith/Work/carto_ws/install/astra_camera_msgs/local/lib/python3.10/dist-packages/astra_camera_msgs/msg/_device_info_s.c
[2.900s] -- Up-to-date: /home/faith/Work/carto_ws/install/astra_camera_msgs/local/lib/python3.10/dist-packages/astra_camera_msgs/msg/__init__.py
[2.900s] -- Up-to-date: /home/faith/Work/carto_ws/install/astra_camera_msgs/local/lib/python3.10/dist-packages/astra_camera_msgs/msg/_device_info.py
[2.900s] -- Up-to-date: /home/faith/Work/carto_ws/install/astra_camera_msgs/local/lib/python3.10/dist-packages/astra_camera_msgs/msg/_extrinsics_s.c
[2.900s] -- Up-to-date: /home/faith/Work/carto_ws/install/astra_camera_msgs/local/lib/python3.10/dist-packages/astra_camera_msgs/__init__.py
[2.900s] -- Up-to-date: /home/faith/Work/carto_ws/install/astra_camera_msgs/local/lib/python3.10/dist-packages/astra_camera_msgs/libastra_camera_msgs__rosidl_generator_py.so
[2.900s] -- Up-to-date: /home/faith/Work/carto_ws/install/astra_camera_msgs/local/lib/python3.10/dist-packages/astra_camera_msgs/astra_camera_msgs_s__rosidl_typesupport_c.cpython-310-aarch64-linux-gnu.so
[2.900s] -- Up-to-date: /home/faith/Work/carto_ws/install/astra_camera_msgs/local/lib/python3.10/dist-packages/astra_camera_msgs/_astra_camera_msgs_s.ep.rosidl_typesupport_fastrtps_c.c
[2.901s] Listing '/home/faith/Work/carto_ws/install/astra_camera_msgs/local/lib/python3.10/dist-packages/astra_camera_msgs'...
[2.901s] Listing '/home/faith/Work/carto_ws/install/astra_camera_msgs/local/lib/python3.10/dist-packages/astra_camera_msgs/msg'...
[2.901s] Listing '/home/faith/Work/carto_ws/install/astra_camera_msgs/local/lib/python3.10/dist-packages/astra_camera_msgs/srv'...
[2.901s] -- Up-to-date: /home/faith/Work/carto_ws/install/astra_camera_msgs/local/lib/python3.10/dist-packages/astra_camera_msgs/astra_camera_msgs_s__rosidl_typesupport_fastrtps_c.cpython-310-aarch64-linux-gnu.so
[2.902s] -- Up-to-date: /home/faith/Work/carto_ws/install/astra_camera_msgs/local/lib/python3.10/dist-packages/astra_camera_msgs/astra_camera_msgs_s__rosidl_typesupport_introspection_c.cpython-310-aarch64-linux-gnu.so
[2.902s] -- Up-to-date: /home/faith/Work/carto_ws/install/astra_camera_msgs/local/lib/python3.10/dist-packages/astra_camera_msgs/astra_camera_msgs_s__rosidl_typesupport_c.cpython-310-aarch64-linux-gnu.so
[2.902s] -- Up-to-date: /home/faith/Work/carto_ws/install/astra_camera_msgs/lib/libastra_camera_msgs__rosidl_generator_py.so
[2.902s] -- Up-to-date: /home/faith/Work/carto_ws/install/astra_camera_msgs/share/astra_camera_msgs/msg/DeviceInfo.idl
[2.902s] -- Up-to-date: /home/faith/Work/carto_ws/install/astra_camera_msgs/share/astra_camera_msgs/msg/Extrinsics.idl
[2.902s] -- Up-to-date: /home/faith/Work/carto_ws/install/astra_camera_msgs/share/astra_camera_msgs/msg/Metadata.idl
[2.902s] -- Up-to-date: /home/faith/Work/carto_ws/install/astra_camera_msgs/share/astra_camera_msgs/srv/GetDeviceInfo.idl
[2.902s] -- Up-to-date: /home/faith/Work/carto_ws/install/astra_camera_msgs/share/astra_camera_msgs/srv/GetCameraInfo.idl
[2.902s] -- Up-to-date: /home/faith/Work/carto_ws/install/astra_camera_msgs/share/astra_camera_msgs/srv/GetCameraParams.idl
[2.902s] -- Up-to-date: /home/faith/Work/carto_ws/install/astra_camera_msgs/share/astra_camera_msgs/srv/GetInt32.idl
[2.902s] -- Up-to-date: /home/faith/Work/carto_ws/install/astra_camera_msgs/share/astra_camera_msgs/srv/GetString.idl
[2.902s] -- Up-to-date: /home/faith/Work/carto_ws/install/astra_camera_msgs/share/astra_camera_msgs/srv/SetInt32.idl
[2.902s] -- Up-to-date: /home/faith/Work/carto_ws/install/astra_camera_msgs/share/astra_camera_msgs/msg/DeviceInfo.msg
[2.903s] -- Up-to-date: /home/faith/Work/carto_ws/install/astra_camera_msgs/share/astra_camera_msgs/msg/Extrinsics.msg
[2.903s] -- Up-to-date: /home/faith/Work/carto_ws/install/astra_camera_msgs/share/astra_camera_msgs/msg/Metadata.msg
[2.914s] -- Up-to-date: /home/faith/Work/carto_ws/install/astra_camera_msgs/share/astra_camera_msgs/srv/GetDeviceInfo.srv
[2.914s] -- Up-to-date: /home/faith/Work/carto_ws/install/astra_camera_msgs/share/astra_camera_msgs/srv/GetDeviceInfo_Request.msg
[2.914s] -- Up-to-date: /home/faith/Work/carto_ws/install/astra_camera_msgs/share/astra_camera_msgs/srv/GetDeviceInfo_Response.msg
[2.915s] -- Up-to-date: /home/faith/Work/carto_ws/install/astra_camera_msgs/share/astra_camera_msgs/srv/GetCameraInfo.srv
[2.915s] -- Up-to-date: /home/faith/Work/carto_ws/install/astra_camera_msgs/share/astra_camera_msgs/srv/GetCameraInfo_Request.msg
[2.915s] -- Up-to-date: /home/faith/Work/carto_ws/install/astra_camera_msgs/share/astra_camera_msgs/srv/GetCameraInfo_Response.msg
[2.915s] -- Up-to-date: /home/faith/Work/carto_ws/install/astra_camera_msgs/share/astra_camera_msgs/srv/GetCameraParams.srv
[2.915s] -- Up-to-date: /home/faith/Work/carto_ws/install/astra_camera_msgs/share/astra_camera_msgs/srv/GetCameraParams_Request.msg
[2.915s] -- Up-to-date: /home/faith/Work/carto_ws/install/astra_camera_msgs/share/astra_camera_msgs/srv/GetCameraParams_Response.msg
[2.915s] -- Up-to-date: /home/faith/Work/carto_ws/install/astra_camera_msgs/share/astra_camera_msgs/srv/GetInt32.srv
[2.915s] -- Up-to-date: /home/faith/Work/carto_ws/install/astra_camera_msgs/share/astra_camera_msgs/srv/GetInt32_Request.msg
[2.915s] -- Up-to-date: /home/faith/Work/carto_ws/install/astra_camera_msgs/share/astra_camera_msgs/srv/GetInt32_Response.msg
[2.915s] -- Up-to-date: /home/faith/Work/carto_ws/install/astra_camera_msgs/share/astra_camera_msgs/srv/GetString.srv
[2.915s] -- Up-to-date: /home/faith/Work/carto_ws/install/astra_camera_msgs/share/astra_camera_msgs/srv/GetString_Request.msg
[2.915s] -- Up-to-date: /home/faith/Work/carto_ws/install/astra_camera_msgs/share/astra_camera_msgs/srv/GetString_Response.msg
[2.916s] -- Up-to-date: /home/faith/Work/carto_ws/install/astra_camera_msgs/share/astra_camera_msgs/srv/SetInt32.srv
[2.916s] -- Up-to-date: /home/faith/Work/carto_ws/install/astra_camera_msgs/share/astra_camera_msgs/srv/SetInt32_Request.msg
[2.916s] -- Up-to-date: /home/faith/Work/carto_ws/install/astra_camera_msgs/share/astra_camera_msgs/srv/SetInt32_Response.msg
[2.916s] -- Up-to-date: /home/faith/Work/carto_ws/install/astra_camera_msgs/share/ament_index/resource_index/package_run_dependencies/astra_camera_msgs
[2.916s] -- Up-to-date: /home/faith/Work/carto_ws/install/astra_camera_msgs/share/ament_index/resource_index/parent_prefix_path/astra_camera_msgs
[2.916s] -- Up-to-date: /home/faith/Work/carto_ws/install/astra_camera_msgs/share/astra_camera_msgs/environment/ament_prefix_path.sh
[2.916s] -- Up-to-date: /home/faith/Work/carto_ws/install/astra_camera_msgs/share/astra_camera_msgs/environment/ament_prefix_path.dsv
[2.916s] -- Up-to-date: /home/faith/Work/carto_ws/install/astra_camera_msgs/share/astra_camera_msgs/environment/path.sh
[2.916s] -- Up-to-date: /home/faith/Work/carto_ws/install/astra_camera_msgs/share/astra_camera_msgs/environment/path.dsv
[2.916s] -- Up-to-date: /home/faith/Work/carto_ws/install/astra_camera_msgs/share/astra_camera_msgs/local_setup.bash
[2.916s] -- Up-to-date: /home/faith/Work/carto_ws/install/astra_camera_msgs/share/astra_camera_msgs/local_setup.sh
[2.917s] -- Up-to-date: /home/faith/Work/carto_ws/install/astra_camera_msgs/share/astra_camera_msgs/local_setup.zsh
[2.917s] -- Up-to-date: /home/faith/Work/carto_ws/install/astra_camera_msgs/share/astra_camera_msgs/local_setup.dsv
[2.917s] -- Installing: /home/faith/Work/carto_ws/install/astra_camera_msgs/share/astra_camera_msgs/package.dsv
[2.917s] -- Up-to-date: /home/faith/Work/carto_ws/install/astra_camera_msgs/share/ament_index/resource_index/packages/astra_camera_msgs
[2.917s] -- Up-to-date: /home/faith/Work/carto_ws/install/astra_camera_msgs/share/astra_camera_msgs/cmake/export_astra_camera_msgs__rosidl_generator_cExport.cmake
[2.917s] -- Up-to-date: /home/faith/Work/carto_ws/install/astra_camera_msgs/share/astra_camera_msgs/cmake/export_astra_camera_msgs__rosidl_generator_cExport-release.cmake
[2.917s] -- Up-to-date: /home/faith/Work/carto_ws/install/astra_camera_msgs/share/astra_camera_msgs/cmake/export_astra_camera_msgs__rosidl_typesupport_fastrtps_cExport.cmake
[2.917s] -- Up-to-date: /home/faith/Work/carto_ws/install/astra_camera_msgs/share/astra_camera_msgs/cmake/export_astra_camera_msgs__rosidl_typesupport_fastrtps_cExport-release.cmake
[2.917s] -- Up-to-date: /home/faith/Work/carto_ws/install/astra_camera_msgs/share/astra_camera_msgs/cmake/astra_camera_msgs__rosidl_typesupport_introspection_cExport.cmake
[2.917s] -- Up-to-date: /home/faith/Work/carto_ws/install/astra_camera_msgs/share/astra_camera_msgs/cmake/astra_camera_msgs__rosidl_typesupport_introspection_cExport-release.cmake
[2.917s] -- Up-to-date: /home/faith/Work/carto_ws/install/astra_camera_msgs/share/astra_camera_msgs/cmake/astra_camera_msgs__rosidl_typesupport_cExport.cmake
[2.917s] -- Up-to-date: /home/faith/Work/carto_ws/install/astra_camera_msgs/share/astra_camera_msgs/cmake/astra_camera_msgs__rosidl_typesupport_cExport-release.cmake
[2.917s] -- Up-to-date: /home/faith/Work/carto_ws/install/astra_camera_msgs/share/astra_camera_msgs/cmake/export_astra_camera_msgs__rosidl_generator_cppExport.cmake
[2.918s] -- Up-to-date: /home/faith/Work/carto_ws/install/astra_camera_msgs/share/astra_camera_msgs/cmake/export_astra_camera_msgs__rosidl_typesupport_fastrtps_cppExport.cmake
[2.918s] -- Up-to-date: /home/faith/Work/carto_ws/install/astra_camera_msgs/share/astra_camera_msgs/cmake/export_astra_camera_msgs__rosidl_typesupport_fastrtps_cppExport-release.cmake
[2.918s] -- Up-to-date: /home/faith/Work/carto_ws/install/astra_camera_msgs/share/astra_camera_msgs/cmake/astra_camera_msgs__rosidl_typesupport_introspection_cppExport.cmake
[2.918s] -- Up-to-date: /home/faith/Work/carto_ws/install/astra_camera_msgs/share/astra_camera_msgs/cmake/astra_camera_msgs__rosidl_typesupport_introspection_cppExport-release.cmake
[2.918s] -- Up-to-date: /home/faith/Work/carto_ws/install/astra_camera_msgs/share/astra_camera_msgs/cmake/astra_camera_msgs__rosidl_typesupport_cppExport.cmake
[2.918s] -- Up-to-date: /home/faith/Work/carto_ws/install/astra_camera_msgs/share/astra_camera_msgs/cmake/astra_camera_msgs__rosidl_typesupport_cppExport-release.cmake
[2.918s] -- Up-to-date: /home/faith/Work/carto_ws/install/astra_camera_msgs/share/astra_camera_msgs/cmake/export_astra_camera_msgs__rosidl_generator_pyExport.cmake
[2.918s] -- Up-to-date: /home/faith/Work/carto_ws/install/astra_camera_msgs/share/astra_camera_msgs/cmake/export_astra_camera_msgs__rosidl_generator_pyExport-release.cmake
[2.918s] -- Up-to-date: /home/faith/Work/carto_ws/install/astra_camera_msgs/share/astra_camera_msgs/cmake/rosidl_cmake-extras.cmake
[2.918s] -- Up-to-date: /home/faith/Work/carto_ws/install/astra_camera_msgs/share/astra_camera_msgs/cmake/ament_cmake_export_dependencies-extras.cmake
[2.918s] -- Up-to-date: /home/faith/Work/carto_ws/install/astra_camera_msgs/share/astra_camera_msgs/cmake/ament_cmake_export_include_directories-extras.cmake
[2.918s] -- Up-to-date: /home/faith/Work/carto_ws/install/astra_camera_msgs/share/astra_camera_msgs/cmake/ament_cmake_export_libraries-extras.cmake
[2.918s] -- Up-to-date: /home/faith/Work/carto_ws/install/astra_camera_msgs/share/astra_camera_msgs/cmake/ament_cmake_export_targets-extras.cmake
[2.919s] -- Up-to-date: /home/faith/Work/carto_ws/install/astra_camera_msgs/share/astra_camera_msgs/cmake/rosidl_cmake_export_typesupport_targets-extras.cmake
[2.919s] -- Up-to-date: /home/faith/Work/carto_ws/install/astra_camera_msgs/share/astra_camera_msgs/cmake/rosidl_cmake_export_typesupport_libraries-extras.cmake
[2.919s] -- Up-to-date: /home/faith/Work/carto_ws/install/astra_camera_msgs/share/astra_camera_msgs/cmake/astra_camera_msgsConfig.cmake
[2.919s] -- Up-to-date: /home/faith/Work/carto_ws/install/astra_camera_msgs/share/astra_camera_msgs/cmake/astra_camera_msgsConfig-version.cmake
[2.919s] -- Up-to-date: /home/faith/Work/carto_ws/install/astra_camera_msgs/share/astra_camera_msgs/package.xml
[2.919s] Invoked command in '/home/faith/Work/carto_ws/build/astra_camera_msgs' returned '0': CMAKE_PREFIX_PATH=${CMAKE_PREFIX_PATH}:/home/faith/Work/carto_ws/install/fishbot_description:/opt/ros/humble /usr/bin/cmake --install /home/faith/Work/carto_ws/build/astra_camera_msgs
