[1.243s] Invoking command in '/home/faith/Work/carto_ws/src/fishbot_description': PYTHONPATH=/home/faith/Work/carto_ws/build/fishbot_description/prefix_override:/home/faith/Work/carto_ws/install/fishbot_description/lib/python3.10/site-packages:${PYTHONPATH} /usr/bin/python3 setup.py egg_info --egg-base ../../build/fishbot_description build --build-base /home/faith/Work/carto_ws/build/fishbot_description/build install --record /home/faith/Work/carto_ws/build/fishbot_description/install.log --single-version-externally-managed
[1.552s] running egg_info
[1.553s] writing ../../build/fishbot_description/fishbot_description.egg-info/PKG-INFO
[1.554s] writing dependency_links to ../../build/fishbot_description/fishbot_description.egg-info/dependency_links.txt
[1.554s] writing entry points to ../../build/fishbot_description/fishbot_description.egg-info/entry_points.txt
[1.555s] writing requirements to ../../build/fishbot_description/fishbot_description.egg-info/requires.txt
[1.555s] writing top-level names to ../../build/fishbot_description/fishbot_description.egg-info/top_level.txt
[1.559s] reading manifest file '../../build/fishbot_description/fishbot_description.egg-info/SOURCES.txt'
[1.561s] writing manifest file '../../build/fishbot_description/fishbot_description.egg-info/SOURCES.txt'
[1.562s] running build
[1.564s] running build_py
[1.564s] running install
[1.565s] /usr/lib/python3/dist-packages/setuptools/command/install.py:34: SetuptoolsDeprecationWarning: setup.py install is deprecated. Use build and pip and other standards-based tools.
[1.565s]   warnings.warn(
[1.566s] running install_lib
[1.567s] running install_data
[1.567s] copying urdf/fishbot_base.urdf -> /home/faith/Work/carto_ws/install/fishbot_description/share/fishbot_description/urdf
[1.567s] running install_egg_info
[1.570s] removing '/home/faith/Work/carto_ws/install/fishbot_description/lib/python3.10/site-packages/fishbot_description-0.0.0-py3.10.egg-info' (and everything under it)
[1.570s] Copying ../../build/fishbot_description/fishbot_description.egg-info to /home/faith/Work/carto_ws/install/fishbot_description/lib/python3.10/site-packages/fishbot_description-0.0.0-py3.10.egg-info
[1.572s] running install_scripts
[1.605s] writing list of installed files to '/home/faith/Work/carto_ws/build/fishbot_description/install.log'
[1.675s] Invoked command in '/home/faith/Work/carto_ws/src/fishbot_description' returned '0': PYTHONPATH=/home/faith/Work/carto_ws/build/fishbot_description/prefix_override:/home/faith/Work/carto_ws/install/fishbot_description/lib/python3.10/site-packages:${PYTHONPATH} /usr/bin/python3 setup.py egg_info --egg-base ../../build/fishbot_description build --build-base /home/faith/Work/carto_ws/build/fishbot_description/build install --record /home/faith/Work/carto_ws/build/fishbot_description/install.log --single-version-externally-managed
