[0.413s] DEBUG:colcon:Command line arguments: ['/usr/bin/colcon', 'build']
[0.413s] DEBUG:colcon:Parsed command line arguments: Namespace(log_base=None, log_level=None, verb_name='build', build_base='build', install_base='install', merge_install=False, symlink_install=False, test_result_base=None, continue_on_error=False, executor='parallel', parallel_workers=8, event_handlers=None, ignore_user_meta=False, metas=['./colcon.meta'], base_paths=['.'], packages_ignore=None, packages_ignore_regex=None, paths=None, packages_up_to=None, packages_up_to_regex=None, packages_above=None, packages_above_and_dependencies=None, packages_above_depth=None, packages_select_by_dep=None, packages_skip_by_dep=None, packages_skip_up_to=None, packages_select_build_failed=False, packages_skip_build_finished=False, packages_select_test_failures=False, packages_skip_test_passed=False, packages_select=None, packages_skip=None, packages_select_regex=None, packages_skip_regex=None, packages_start=None, packages_end=None, cmake_args=None, cmake_target=None, cmake_target_skip_unavailable=False, cmake_clean_cache=False, cmake_clean_first=False, cmake_force_configure=False, ament_cmake_args=None, catkin_cmake_args=None, catkin_skip_building_tests=False, verb_parser=<colcon_defaults.argument_parser.defaults.DefaultArgumentsDecorator object at 0xffff89ce8a60>, verb_extension=<colcon_core.verb.build.BuildVerb object at 0xffff8a57afe0>, main=<bound method BuildVerb.main of <colcon_core.verb.build.BuildVerb object at 0xffff8a57afe0>>)
[0.486s] Level 1:colcon.colcon_core.package_discovery:discover_packages(colcon_meta) check parameters
[0.486s] Level 1:colcon.colcon_core.package_discovery:discover_packages(recursive) check parameters
[0.486s] Level 1:colcon.colcon_core.package_discovery:discover_packages(ignore) check parameters
[0.486s] Level 1:colcon.colcon_core.package_discovery:discover_packages(path) check parameters
[0.486s] Level 1:colcon.colcon_core.package_discovery:discover_packages(colcon_meta) discover
[0.487s] Level 1:colcon.colcon_core.package_discovery:discover_packages(recursive) discover
[0.487s] INFO:colcon.colcon_core.package_discovery:Crawling recursively for packages in '/home/faith/Work/carto_ws'
[0.487s] Level 1:colcon.colcon_core.package_identification:_identify(.) by extensions ['ignore', 'ignore_ament_install']
[0.487s] Level 1:colcon.colcon_core.package_identification:_identify(.) by extension 'ignore'
[0.487s] Level 1:colcon.colcon_core.package_identification:_identify(.) by extension 'ignore_ament_install'
[0.487s] Level 1:colcon.colcon_core.package_identification:_identify(.) by extensions ['colcon_pkg']
[0.487s] Level 1:colcon.colcon_core.package_identification:_identify(.) by extension 'colcon_pkg'
[0.487s] Level 1:colcon.colcon_core.package_identification:_identify(.) by extensions ['colcon_meta']
[0.487s] Level 1:colcon.colcon_core.package_identification:_identify(.) by extension 'colcon_meta'
[0.487s] Level 1:colcon.colcon_core.package_identification:_identify(.) by extensions ['ros']
[0.487s] Level 1:colcon.colcon_core.package_identification:_identify(.) by extension 'ros'
[0.506s] Level 1:colcon.colcon_core.package_identification:_identify(.) by extensions ['cmake', 'python']
[0.506s] Level 1:colcon.colcon_core.package_identification:_identify(.) by extension 'cmake'
[0.506s] Level 1:colcon.colcon_core.package_identification:_identify(.) by extension 'python'
[0.506s] Level 1:colcon.colcon_core.package_identification:_identify(.) by extensions ['python_setup_py']
[0.506s] Level 1:colcon.colcon_core.package_identification:_identify(.) by extension 'python_setup_py'
[0.507s] Level 1:colcon.colcon_core.package_identification:_identify(build) by extensions ['ignore', 'ignore_ament_install']
[0.507s] Level 1:colcon.colcon_core.package_identification:_identify(build) by extension 'ignore'
[0.507s] Level 1:colcon.colcon_core.package_identification:_identify(build) ignored
[0.507s] Level 1:colcon.colcon_core.package_identification:_identify(install) by extensions ['ignore', 'ignore_ament_install']
[0.507s] Level 1:colcon.colcon_core.package_identification:_identify(install) by extension 'ignore'
[0.507s] Level 1:colcon.colcon_core.package_identification:_identify(install) ignored
[0.508s] Level 1:colcon.colcon_core.package_identification:_identify(log) by extensions ['ignore', 'ignore_ament_install']
[0.508s] Level 1:colcon.colcon_core.package_identification:_identify(log) by extension 'ignore'
[0.508s] Level 1:colcon.colcon_core.package_identification:_identify(log) ignored
[0.508s] Level 1:colcon.colcon_core.package_identification:_identify(src) by extensions ['ignore', 'ignore_ament_install']
[0.508s] Level 1:colcon.colcon_core.package_identification:_identify(src) by extension 'ignore'
[0.508s] Level 1:colcon.colcon_core.package_identification:_identify(src) by extension 'ignore_ament_install'
[0.508s] Level 1:colcon.colcon_core.package_identification:_identify(src) by extensions ['colcon_pkg']
[0.508s] Level 1:colcon.colcon_core.package_identification:_identify(src) by extension 'colcon_pkg'
[0.508s] Level 1:colcon.colcon_core.package_identification:_identify(src) by extensions ['colcon_meta']
[0.508s] Level 1:colcon.colcon_core.package_identification:_identify(src) by extension 'colcon_meta'
[0.508s] Level 1:colcon.colcon_core.package_identification:_identify(src) by extensions ['ros']
[0.508s] Level 1:colcon.colcon_core.package_identification:_identify(src) by extension 'ros'
[0.508s] Level 1:colcon.colcon_core.package_identification:_identify(src) by extensions ['cmake', 'python']
[0.508s] Level 1:colcon.colcon_core.package_identification:_identify(src) by extension 'cmake'
[0.508s] Level 1:colcon.colcon_core.package_identification:_identify(src) by extension 'python'
[0.509s] Level 1:colcon.colcon_core.package_identification:_identify(src) by extensions ['python_setup_py']
[0.509s] Level 1:colcon.colcon_core.package_identification:_identify(src) by extension 'python_setup_py'
[0.509s] Level 1:colcon.colcon_core.package_identification:_identify(src/cartographer) by extensions ['ignore', 'ignore_ament_install']
[0.509s] Level 1:colcon.colcon_core.package_identification:_identify(src/cartographer) by extension 'ignore'
[0.509s] Level 1:colcon.colcon_core.package_identification:_identify(src/cartographer) by extension 'ignore_ament_install'
[0.509s] Level 1:colcon.colcon_core.package_identification:_identify(src/cartographer) by extensions ['colcon_pkg']
[0.509s] Level 1:colcon.colcon_core.package_identification:_identify(src/cartographer) by extension 'colcon_pkg'
[0.509s] Level 1:colcon.colcon_core.package_identification:_identify(src/cartographer) by extensions ['colcon_meta']
[0.509s] Level 1:colcon.colcon_core.package_identification:_identify(src/cartographer) by extension 'colcon_meta'
[0.509s] Level 1:colcon.colcon_core.package_identification:_identify(src/cartographer) by extensions ['ros']
[0.509s] Level 1:colcon.colcon_core.package_identification:_identify(src/cartographer) by extension 'ros'
[0.514s] DEBUG:colcon.colcon_core.package_identification:Package 'src/cartographer' with type 'ros.cmake' and name 'cartographer'
[0.514s] Level 1:colcon.colcon_core.package_identification:_identify(src/cartographer_ros) by extensions ['ignore', 'ignore_ament_install']
[0.514s] Level 1:colcon.colcon_core.package_identification:_identify(src/cartographer_ros) by extension 'ignore'
[0.514s] Level 1:colcon.colcon_core.package_identification:_identify(src/cartographer_ros) by extension 'ignore_ament_install'
[0.515s] Level 1:colcon.colcon_core.package_identification:_identify(src/cartographer_ros) by extensions ['colcon_pkg']
[0.515s] Level 1:colcon.colcon_core.package_identification:_identify(src/cartographer_ros) by extension 'colcon_pkg'
[0.515s] Level 1:colcon.colcon_core.package_identification:_identify(src/cartographer_ros) by extensions ['colcon_meta']
[0.515s] Level 1:colcon.colcon_core.package_identification:_identify(src/cartographer_ros) by extension 'colcon_meta'
[0.515s] Level 1:colcon.colcon_core.package_identification:_identify(src/cartographer_ros) by extensions ['ros']
[0.515s] Level 1:colcon.colcon_core.package_identification:_identify(src/cartographer_ros) by extension 'ros'
[0.515s] Level 1:colcon.colcon_core.package_identification:_identify(src/cartographer_ros) by extensions ['cmake', 'python']
[0.515s] Level 1:colcon.colcon_core.package_identification:_identify(src/cartographer_ros) by extension 'cmake'
[0.515s] Level 1:colcon.colcon_core.package_identification:_identify(src/cartographer_ros) by extension 'python'
[0.515s] Level 1:colcon.colcon_core.package_identification:_identify(src/cartographer_ros) by extensions ['python_setup_py']
[0.515s] Level 1:colcon.colcon_core.package_identification:_identify(src/cartographer_ros) by extension 'python_setup_py'
[0.515s] Level 1:colcon.colcon_core.package_identification:_identify(src/cartographer_ros/cartographer_ros) by extensions ['ignore', 'ignore_ament_install']
[0.515s] Level 1:colcon.colcon_core.package_identification:_identify(src/cartographer_ros/cartographer_ros) by extension 'ignore'
[0.515s] Level 1:colcon.colcon_core.package_identification:_identify(src/cartographer_ros/cartographer_ros) by extension 'ignore_ament_install'
[0.515s] Level 1:colcon.colcon_core.package_identification:_identify(src/cartographer_ros/cartographer_ros) by extensions ['colcon_pkg']
[0.515s] Level 1:colcon.colcon_core.package_identification:_identify(src/cartographer_ros/cartographer_ros) by extension 'colcon_pkg'
[0.515s] Level 1:colcon.colcon_core.package_identification:_identify(src/cartographer_ros/cartographer_ros) by extensions ['colcon_meta']
[0.515s] Level 1:colcon.colcon_core.package_identification:_identify(src/cartographer_ros/cartographer_ros) by extension 'colcon_meta'
[0.516s] Level 1:colcon.colcon_core.package_identification:_identify(src/cartographer_ros/cartographer_ros) by extensions ['ros']
[0.516s] Level 1:colcon.colcon_core.package_identification:_identify(src/cartographer_ros/cartographer_ros) by extension 'ros'
[0.519s] DEBUG:colcon.colcon_core.package_identification:Package 'src/cartographer_ros/cartographer_ros' with type 'ros.ament_cmake' and name 'cartographer_ros'
[0.519s] Level 1:colcon.colcon_core.package_identification:_identify(src/cartographer_ros/cartographer_ros_msgs) by extensions ['ignore', 'ignore_ament_install']
[0.519s] Level 1:colcon.colcon_core.package_identification:_identify(src/cartographer_ros/cartographer_ros_msgs) by extension 'ignore'
[0.519s] Level 1:colcon.colcon_core.package_identification:_identify(src/cartographer_ros/cartographer_ros_msgs) by extension 'ignore_ament_install'
[0.519s] Level 1:colcon.colcon_core.package_identification:_identify(src/cartographer_ros/cartographer_ros_msgs) by extensions ['colcon_pkg']
[0.519s] Level 1:colcon.colcon_core.package_identification:_identify(src/cartographer_ros/cartographer_ros_msgs) by extension 'colcon_pkg'
[0.519s] Level 1:colcon.colcon_core.package_identification:_identify(src/cartographer_ros/cartographer_ros_msgs) by extensions ['colcon_meta']
[0.519s] Level 1:colcon.colcon_core.package_identification:_identify(src/cartographer_ros/cartographer_ros_msgs) by extension 'colcon_meta'
[0.520s] Level 1:colcon.colcon_core.package_identification:_identify(src/cartographer_ros/cartographer_ros_msgs) by extensions ['ros']
[0.520s] Level 1:colcon.colcon_core.package_identification:_identify(src/cartographer_ros/cartographer_ros_msgs) by extension 'ros'
[0.521s] DEBUG:colcon.colcon_core.package_identification:Package 'src/cartographer_ros/cartographer_ros_msgs' with type 'ros.ament_cmake' and name 'cartographer_ros_msgs'
[0.521s] Level 1:colcon.colcon_core.package_identification:_identify(src/cartographer_ros/cartographer_rviz) by extensions ['ignore', 'ignore_ament_install']
[0.521s] Level 1:colcon.colcon_core.package_identification:_identify(src/cartographer_ros/cartographer_rviz) by extension 'ignore'
[0.521s] Level 1:colcon.colcon_core.package_identification:_identify(src/cartographer_ros/cartographer_rviz) by extension 'ignore_ament_install'
[0.521s] Level 1:colcon.colcon_core.package_identification:_identify(src/cartographer_ros/cartographer_rviz) by extensions ['colcon_pkg']
[0.521s] Level 1:colcon.colcon_core.package_identification:_identify(src/cartographer_ros/cartographer_rviz) by extension 'colcon_pkg'
[0.521s] Level 1:colcon.colcon_core.package_identification:_identify(src/cartographer_ros/cartographer_rviz) by extensions ['colcon_meta']
[0.521s] Level 1:colcon.colcon_core.package_identification:_identify(src/cartographer_ros/cartographer_rviz) by extension 'colcon_meta'
[0.521s] Level 1:colcon.colcon_core.package_identification:_identify(src/cartographer_ros/cartographer_rviz) by extensions ['ros']
[0.521s] Level 1:colcon.colcon_core.package_identification:_identify(src/cartographer_ros/cartographer_rviz) by extension 'ros'
[0.523s] DEBUG:colcon.colcon_core.package_identification:Package 'src/cartographer_ros/cartographer_rviz' with type 'ros.ament_cmake' and name 'cartographer_rviz'
[0.523s] Level 1:colcon.colcon_core.package_identification:_identify(src/cartographer_ros/docs) by extensions ['ignore', 'ignore_ament_install']
[0.523s] Level 1:colcon.colcon_core.package_identification:_identify(src/cartographer_ros/docs) by extension 'ignore'
[0.523s] Level 1:colcon.colcon_core.package_identification:_identify(src/cartographer_ros/docs) ignored
[0.523s] Level 1:colcon.colcon_core.package_identification:_identify(src/cartographer_ros/scripts) by extensions ['ignore', 'ignore_ament_install']
[0.523s] Level 1:colcon.colcon_core.package_identification:_identify(src/cartographer_ros/scripts) by extension 'ignore'
[0.524s] Level 1:colcon.colcon_core.package_identification:_identify(src/cartographer_ros/scripts) by extension 'ignore_ament_install'
[0.524s] Level 1:colcon.colcon_core.package_identification:_identify(src/cartographer_ros/scripts) by extensions ['colcon_pkg']
[0.524s] Level 1:colcon.colcon_core.package_identification:_identify(src/cartographer_ros/scripts) by extension 'colcon_pkg'
[0.524s] Level 1:colcon.colcon_core.package_identification:_identify(src/cartographer_ros/scripts) by extensions ['colcon_meta']
[0.524s] Level 1:colcon.colcon_core.package_identification:_identify(src/cartographer_ros/scripts) by extension 'colcon_meta'
[0.524s] Level 1:colcon.colcon_core.package_identification:_identify(src/cartographer_ros/scripts) by extensions ['ros']
[0.524s] Level 1:colcon.colcon_core.package_identification:_identify(src/cartographer_ros/scripts) by extension 'ros'
[0.524s] Level 1:colcon.colcon_core.package_identification:_identify(src/cartographer_ros/scripts) by extensions ['cmake', 'python']
[0.524s] Level 1:colcon.colcon_core.package_identification:_identify(src/cartographer_ros/scripts) by extension 'cmake'
[0.524s] Level 1:colcon.colcon_core.package_identification:_identify(src/cartographer_ros/scripts) by extension 'python'
[0.524s] Level 1:colcon.colcon_core.package_identification:_identify(src/cartographer_ros/scripts) by extensions ['python_setup_py']
[0.524s] Level 1:colcon.colcon_core.package_identification:_identify(src/cartographer_ros/scripts) by extension 'python_setup_py'
[0.524s] Level 1:colcon.colcon_core.package_identification:_identify(src/faithbot_cartographer) by extensions ['ignore', 'ignore_ament_install']
[0.524s] Level 1:colcon.colcon_core.package_identification:_identify(src/faithbot_cartographer) by extension 'ignore'
[0.524s] Level 1:colcon.colcon_core.package_identification:_identify(src/faithbot_cartographer) by extension 'ignore_ament_install'
[0.524s] Level 1:colcon.colcon_core.package_identification:_identify(src/faithbot_cartographer) by extensions ['colcon_pkg']
[0.524s] Level 1:colcon.colcon_core.package_identification:_identify(src/faithbot_cartographer) by extension 'colcon_pkg'
[0.524s] Level 1:colcon.colcon_core.package_identification:_identify(src/faithbot_cartographer) by extensions ['colcon_meta']
[0.524s] Level 1:colcon.colcon_core.package_identification:_identify(src/faithbot_cartographer) by extension 'colcon_meta'
[0.525s] Level 1:colcon.colcon_core.package_identification:_identify(src/faithbot_cartographer) by extensions ['ros']
[0.525s] Level 1:colcon.colcon_core.package_identification:_identify(src/faithbot_cartographer) by extension 'ros'
[0.525s] DEBUG:colcon.colcon_core.package_identification:Package 'src/faithbot_cartographer' with type 'ros.ament_cmake' and name 'faithbot_cartographer'
[0.525s] Level 1:colcon.colcon_core.package_identification:_identify(src/fishbot_description) by extensions ['ignore', 'ignore_ament_install']
[0.525s] Level 1:colcon.colcon_core.package_identification:_identify(src/fishbot_description) by extension 'ignore'
[0.525s] Level 1:colcon.colcon_core.package_identification:_identify(src/fishbot_description) by extension 'ignore_ament_install'
[0.525s] Level 1:colcon.colcon_core.package_identification:_identify(src/fishbot_description) by extensions ['colcon_pkg']
[0.526s] Level 1:colcon.colcon_core.package_identification:_identify(src/fishbot_description) by extension 'colcon_pkg'
[0.526s] Level 1:colcon.colcon_core.package_identification:_identify(src/fishbot_description) by extensions ['colcon_meta']
[0.526s] Level 1:colcon.colcon_core.package_identification:_identify(src/fishbot_description) by extension 'colcon_meta'
[0.526s] Level 1:colcon.colcon_core.package_identification:_identify(src/fishbot_description) by extensions ['ros']
[0.526s] Level 1:colcon.colcon_core.package_identification:_identify(src/fishbot_description) by extension 'ros'
[0.526s] DEBUG:colcon.colcon_core.package_identification:Package 'src/fishbot_description' with type 'ros.ament_python' and name 'fishbot_description'
[0.526s] Level 1:colcon.colcon_core.package_identification:_identify(src/sllidar_ros2) by extensions ['ignore', 'ignore_ament_install']
[0.526s] Level 1:colcon.colcon_core.package_identification:_identify(src/sllidar_ros2) by extension 'ignore'
[0.527s] Level 1:colcon.colcon_core.package_identification:_identify(src/sllidar_ros2) by extension 'ignore_ament_install'
[0.527s] Level 1:colcon.colcon_core.package_identification:_identify(src/sllidar_ros2) by extensions ['colcon_pkg']
[0.527s] Level 1:colcon.colcon_core.package_identification:_identify(src/sllidar_ros2) by extension 'colcon_pkg'
[0.527s] Level 1:colcon.colcon_core.package_identification:_identify(src/sllidar_ros2) by extensions ['colcon_meta']
[0.527s] Level 1:colcon.colcon_core.package_identification:_identify(src/sllidar_ros2) by extension 'colcon_meta'
[0.527s] Level 1:colcon.colcon_core.package_identification:_identify(src/sllidar_ros2) by extensions ['ros']
[0.527s] Level 1:colcon.colcon_core.package_identification:_identify(src/sllidar_ros2) by extension 'ros'
[0.530s] DEBUG:colcon.colcon_core.package_identification:Package 'src/sllidar_ros2' with type 'ros.ament_cmake' and name 'sllidar_ros2'
[0.530s] Level 1:colcon.colcon_core.package_discovery:discover_packages(recursive) using defaults
[0.531s] Level 1:colcon.colcon_core.package_discovery:discover_packages(ignore) discover
[0.531s] Level 1:colcon.colcon_core.package_discovery:discover_packages(ignore) using defaults
[0.531s] Level 1:colcon.colcon_core.package_discovery:discover_packages(path) discover
[0.531s] Level 1:colcon.colcon_core.package_discovery:discover_packages(path) using defaults
[0.566s] Level 5:colcon.colcon_core.verb:set package 'cartographer' build argument 'cmake_args' from command line to 'None'
[0.566s] Level 5:colcon.colcon_core.verb:set package 'cartographer' build argument 'cmake_target' from command line to 'None'
[0.566s] Level 5:colcon.colcon_core.verb:set package 'cartographer' build argument 'cmake_target_skip_unavailable' from command line to 'False'
[0.566s] Level 5:colcon.colcon_core.verb:set package 'cartographer' build argument 'cmake_clean_cache' from command line to 'False'
[0.566s] Level 5:colcon.colcon_core.verb:set package 'cartographer' build argument 'cmake_clean_first' from command line to 'False'
[0.566s] Level 5:colcon.colcon_core.verb:set package 'cartographer' build argument 'cmake_force_configure' from command line to 'False'
[0.566s] Level 5:colcon.colcon_core.verb:set package 'cartographer' build argument 'ament_cmake_args' from command line to 'None'
[0.566s] Level 5:colcon.colcon_core.verb:set package 'cartographer' build argument 'catkin_cmake_args' from command line to 'None'
[0.566s] Level 5:colcon.colcon_core.verb:set package 'cartographer' build argument 'catkin_skip_building_tests' from command line to 'False'
[0.566s] DEBUG:colcon.colcon_core.verb:Building package 'cartographer' with the following arguments: {'ament_cmake_args': None, 'build_base': '/home/faith/Work/carto_ws/build/cartographer', 'catkin_cmake_args': None, 'catkin_skip_building_tests': False, 'cmake_args': None, 'cmake_clean_cache': False, 'cmake_clean_first': False, 'cmake_force_configure': False, 'cmake_target': None, 'cmake_target_skip_unavailable': False, 'install_base': '/home/faith/Work/carto_ws/install/cartographer', 'merge_install': False, 'path': '/home/faith/Work/carto_ws/src/cartographer', 'symlink_install': False, 'test_result_base': None}
[0.568s] Level 5:colcon.colcon_core.verb:set package 'cartographer_ros_msgs' build argument 'cmake_args' from command line to 'None'
[0.568s] Level 5:colcon.colcon_core.verb:set package 'cartographer_ros_msgs' build argument 'cmake_target' from command line to 'None'
[0.568s] Level 5:colcon.colcon_core.verb:set package 'cartographer_ros_msgs' build argument 'cmake_target_skip_unavailable' from command line to 'False'
[0.568s] Level 5:colcon.colcon_core.verb:set package 'cartographer_ros_msgs' build argument 'cmake_clean_cache' from command line to 'False'
[0.568s] Level 5:colcon.colcon_core.verb:set package 'cartographer_ros_msgs' build argument 'cmake_clean_first' from command line to 'False'
[0.568s] Level 5:colcon.colcon_core.verb:set package 'cartographer_ros_msgs' build argument 'cmake_force_configure' from command line to 'False'
[0.568s] Level 5:colcon.colcon_core.verb:set package 'cartographer_ros_msgs' build argument 'ament_cmake_args' from command line to 'None'
[0.568s] Level 5:colcon.colcon_core.verb:set package 'cartographer_ros_msgs' build argument 'catkin_cmake_args' from command line to 'None'
[0.568s] Level 5:colcon.colcon_core.verb:set package 'cartographer_ros_msgs' build argument 'catkin_skip_building_tests' from command line to 'False'
[0.568s] DEBUG:colcon.colcon_core.verb:Building package 'cartographer_ros_msgs' with the following arguments: {'ament_cmake_args': None, 'build_base': '/home/faith/Work/carto_ws/build/cartographer_ros_msgs', 'catkin_cmake_args': None, 'catkin_skip_building_tests': False, 'cmake_args': None, 'cmake_clean_cache': False, 'cmake_clean_first': False, 'cmake_force_configure': False, 'cmake_target': None, 'cmake_target_skip_unavailable': False, 'install_base': '/home/faith/Work/carto_ws/install/cartographer_ros_msgs', 'merge_install': False, 'path': '/home/faith/Work/carto_ws/src/cartographer_ros/cartographer_ros_msgs', 'symlink_install': False, 'test_result_base': None}
[0.569s] Level 5:colcon.colcon_core.verb:set package 'faithbot_cartographer' build argument 'cmake_args' from command line to 'None'
[0.569s] Level 5:colcon.colcon_core.verb:set package 'faithbot_cartographer' build argument 'cmake_target' from command line to 'None'
[0.569s] Level 5:colcon.colcon_core.verb:set package 'faithbot_cartographer' build argument 'cmake_target_skip_unavailable' from command line to 'False'
[0.569s] Level 5:colcon.colcon_core.verb:set package 'faithbot_cartographer' build argument 'cmake_clean_cache' from command line to 'False'
[0.569s] Level 5:colcon.colcon_core.verb:set package 'faithbot_cartographer' build argument 'cmake_clean_first' from command line to 'False'
[0.569s] Level 5:colcon.colcon_core.verb:set package 'faithbot_cartographer' build argument 'cmake_force_configure' from command line to 'False'
[0.569s] Level 5:colcon.colcon_core.verb:set package 'faithbot_cartographer' build argument 'ament_cmake_args' from command line to 'None'
[0.569s] Level 5:colcon.colcon_core.verb:set package 'faithbot_cartographer' build argument 'catkin_cmake_args' from command line to 'None'
[0.569s] Level 5:colcon.colcon_core.verb:set package 'faithbot_cartographer' build argument 'catkin_skip_building_tests' from command line to 'False'
[0.569s] DEBUG:colcon.colcon_core.verb:Building package 'faithbot_cartographer' with the following arguments: {'ament_cmake_args': None, 'build_base': '/home/faith/Work/carto_ws/build/faithbot_cartographer', 'catkin_cmake_args': None, 'catkin_skip_building_tests': False, 'cmake_args': None, 'cmake_clean_cache': False, 'cmake_clean_first': False, 'cmake_force_configure': False, 'cmake_target': None, 'cmake_target_skip_unavailable': False, 'install_base': '/home/faith/Work/carto_ws/install/faithbot_cartographer', 'merge_install': False, 'path': '/home/faith/Work/carto_ws/src/faithbot_cartographer', 'symlink_install': False, 'test_result_base': None}
[0.571s] Level 5:colcon.colcon_core.verb:set package 'fishbot_description' build argument 'cmake_args' from command line to 'None'
[0.571s] Level 5:colcon.colcon_core.verb:set package 'fishbot_description' build argument 'cmake_target' from command line to 'None'
[0.571s] Level 5:colcon.colcon_core.verb:set package 'fishbot_description' build argument 'cmake_target_skip_unavailable' from command line to 'False'
[0.571s] Level 5:colcon.colcon_core.verb:set package 'fishbot_description' build argument 'cmake_clean_cache' from command line to 'False'
[0.571s] Level 5:colcon.colcon_core.verb:set package 'fishbot_description' build argument 'cmake_clean_first' from command line to 'False'
[0.571s] Level 5:colcon.colcon_core.verb:set package 'fishbot_description' build argument 'cmake_force_configure' from command line to 'False'
[0.571s] Level 5:colcon.colcon_core.verb:set package 'fishbot_description' build argument 'ament_cmake_args' from command line to 'None'
[0.571s] Level 5:colcon.colcon_core.verb:set package 'fishbot_description' build argument 'catkin_cmake_args' from command line to 'None'
[0.571s] Level 5:colcon.colcon_core.verb:set package 'fishbot_description' build argument 'catkin_skip_building_tests' from command line to 'False'
[0.571s] DEBUG:colcon.colcon_core.verb:Building package 'fishbot_description' with the following arguments: {'ament_cmake_args': None, 'build_base': '/home/faith/Work/carto_ws/build/fishbot_description', 'catkin_cmake_args': None, 'catkin_skip_building_tests': False, 'cmake_args': None, 'cmake_clean_cache': False, 'cmake_clean_first': False, 'cmake_force_configure': False, 'cmake_target': None, 'cmake_target_skip_unavailable': False, 'install_base': '/home/faith/Work/carto_ws/install/fishbot_description', 'merge_install': False, 'path': '/home/faith/Work/carto_ws/src/fishbot_description', 'symlink_install': False, 'test_result_base': None}
[0.572s] Level 5:colcon.colcon_core.verb:set package 'sllidar_ros2' build argument 'cmake_args' from command line to 'None'
[0.572s] Level 5:colcon.colcon_core.verb:set package 'sllidar_ros2' build argument 'cmake_target' from command line to 'None'
[0.572s] Level 5:colcon.colcon_core.verb:set package 'sllidar_ros2' build argument 'cmake_target_skip_unavailable' from command line to 'False'
[0.572s] Level 5:colcon.colcon_core.verb:set package 'sllidar_ros2' build argument 'cmake_clean_cache' from command line to 'False'
[0.572s] Level 5:colcon.colcon_core.verb:set package 'sllidar_ros2' build argument 'cmake_clean_first' from command line to 'False'
[0.572s] Level 5:colcon.colcon_core.verb:set package 'sllidar_ros2' build argument 'cmake_force_configure' from command line to 'False'
[0.572s] Level 5:colcon.colcon_core.verb:set package 'sllidar_ros2' build argument 'ament_cmake_args' from command line to 'None'
[0.572s] Level 5:colcon.colcon_core.verb:set package 'sllidar_ros2' build argument 'catkin_cmake_args' from command line to 'None'
[0.572s] Level 5:colcon.colcon_core.verb:set package 'sllidar_ros2' build argument 'catkin_skip_building_tests' from command line to 'False'
[0.572s] DEBUG:colcon.colcon_core.verb:Building package 'sllidar_ros2' with the following arguments: {'ament_cmake_args': None, 'build_base': '/home/faith/Work/carto_ws/build/sllidar_ros2', 'catkin_cmake_args': None, 'catkin_skip_building_tests': False, 'cmake_args': None, 'cmake_clean_cache': False, 'cmake_clean_first': False, 'cmake_force_configure': False, 'cmake_target': None, 'cmake_target_skip_unavailable': False, 'install_base': '/home/faith/Work/carto_ws/install/sllidar_ros2', 'merge_install': False, 'path': '/home/faith/Work/carto_ws/src/sllidar_ros2', 'symlink_install': False, 'test_result_base': None}
[0.573s] Level 5:colcon.colcon_core.verb:set package 'cartographer_ros' build argument 'cmake_args' from command line to 'None'
[0.573s] Level 5:colcon.colcon_core.verb:set package 'cartographer_ros' build argument 'cmake_target' from command line to 'None'
[0.573s] Level 5:colcon.colcon_core.verb:set package 'cartographer_ros' build argument 'cmake_target_skip_unavailable' from command line to 'False'
[0.573s] Level 5:colcon.colcon_core.verb:set package 'cartographer_ros' build argument 'cmake_clean_cache' from command line to 'False'
[0.574s] Level 5:colcon.colcon_core.verb:set package 'cartographer_ros' build argument 'cmake_clean_first' from command line to 'False'
[0.574s] Level 5:colcon.colcon_core.verb:set package 'cartographer_ros' build argument 'cmake_force_configure' from command line to 'False'
[0.574s] Level 5:colcon.colcon_core.verb:set package 'cartographer_ros' build argument 'ament_cmake_args' from command line to 'None'
[0.574s] Level 5:colcon.colcon_core.verb:set package 'cartographer_ros' build argument 'catkin_cmake_args' from command line to 'None'
[0.574s] Level 5:colcon.colcon_core.verb:set package 'cartographer_ros' build argument 'catkin_skip_building_tests' from command line to 'False'
[0.574s] DEBUG:colcon.colcon_core.verb:Building package 'cartographer_ros' with the following arguments: {'ament_cmake_args': None, 'build_base': '/home/faith/Work/carto_ws/build/cartographer_ros', 'catkin_cmake_args': None, 'catkin_skip_building_tests': False, 'cmake_args': None, 'cmake_clean_cache': False, 'cmake_clean_first': False, 'cmake_force_configure': False, 'cmake_target': None, 'cmake_target_skip_unavailable': False, 'install_base': '/home/faith/Work/carto_ws/install/cartographer_ros', 'merge_install': False, 'path': '/home/faith/Work/carto_ws/src/cartographer_ros/cartographer_ros', 'symlink_install': False, 'test_result_base': None}
[0.575s] Level 5:colcon.colcon_core.verb:set package 'cartographer_rviz' build argument 'cmake_args' from command line to 'None'
[0.575s] Level 5:colcon.colcon_core.verb:set package 'cartographer_rviz' build argument 'cmake_target' from command line to 'None'
[0.575s] Level 5:colcon.colcon_core.verb:set package 'cartographer_rviz' build argument 'cmake_target_skip_unavailable' from command line to 'False'
[0.575s] Level 5:colcon.colcon_core.verb:set package 'cartographer_rviz' build argument 'cmake_clean_cache' from command line to 'False'
[0.575s] Level 5:colcon.colcon_core.verb:set package 'cartographer_rviz' build argument 'cmake_clean_first' from command line to 'False'
[0.575s] Level 5:colcon.colcon_core.verb:set package 'cartographer_rviz' build argument 'cmake_force_configure' from command line to 'False'
[0.575s] Level 5:colcon.colcon_core.verb:set package 'cartographer_rviz' build argument 'ament_cmake_args' from command line to 'None'
[0.575s] Level 5:colcon.colcon_core.verb:set package 'cartographer_rviz' build argument 'catkin_cmake_args' from command line to 'None'
[0.575s] Level 5:colcon.colcon_core.verb:set package 'cartographer_rviz' build argument 'catkin_skip_building_tests' from command line to 'False'
[0.575s] DEBUG:colcon.colcon_core.verb:Building package 'cartographer_rviz' with the following arguments: {'ament_cmake_args': None, 'build_base': '/home/faith/Work/carto_ws/build/cartographer_rviz', 'catkin_cmake_args': None, 'catkin_skip_building_tests': False, 'cmake_args': None, 'cmake_clean_cache': False, 'cmake_clean_first': False, 'cmake_force_configure': False, 'cmake_target': None, 'cmake_target_skip_unavailable': False, 'install_base': '/home/faith/Work/carto_ws/install/cartographer_rviz', 'merge_install': False, 'path': '/home/faith/Work/carto_ws/src/cartographer_ros/cartographer_rviz', 'symlink_install': False, 'test_result_base': None}
[0.576s] INFO:colcon.colcon_core.executor:Executing jobs using 'parallel' executor
[0.580s] DEBUG:colcon.colcon_parallel_executor.executor.parallel:run_until_complete
[0.581s] INFO:colcon.colcon_ros.task.cmake.build:Building ROS package in '/home/faith/Work/carto_ws/src/cartographer' with build type 'cmake'
[0.581s] INFO:colcon.colcon_cmake.task.cmake.build:Building CMake package in '/home/faith/Work/carto_ws/src/cartographer'
[0.589s] INFO:colcon.colcon_core.plugin_system:Skipping extension 'colcon_core.shell.bat': Not used on non-Windows systems
[0.589s] INFO:colcon.colcon_core.shell:Skip shell extension 'powershell' for command environment: Not usable outside of PowerShell
[0.589s] DEBUG:colcon.colcon_core.shell:Skip shell extension 'dsv' for command environment
[0.600s] INFO:colcon.colcon_ros.task.ament_cmake.build:Building ROS package in '/home/faith/Work/carto_ws/src/cartographer_ros/cartographer_ros_msgs' with build type 'ament_cmake'
[0.600s] INFO:colcon.colcon_cmake.task.cmake.build:Building CMake package in '/home/faith/Work/carto_ws/src/cartographer_ros/cartographer_ros_msgs'
[0.602s] INFO:colcon.colcon_core.shell:Skip shell extension 'powershell' for command environment: Not usable outside of PowerShell
[0.602s] DEBUG:colcon.colcon_core.shell:Skip shell extension 'dsv' for command environment
[0.608s] INFO:colcon.colcon_ros.task.ament_cmake.build:Building ROS package in '/home/faith/Work/carto_ws/src/faithbot_cartographer' with build type 'ament_cmake'
[0.609s] INFO:colcon.colcon_cmake.task.cmake.build:Building CMake package in '/home/faith/Work/carto_ws/src/faithbot_cartographer'
[0.610s] INFO:colcon.colcon_core.shell:Skip shell extension 'powershell' for command environment: Not usable outside of PowerShell
[0.610s] DEBUG:colcon.colcon_core.shell:Skip shell extension 'dsv' for command environment
[0.616s] INFO:colcon.colcon_ros.task.ament_python.build:Building ROS package in '/home/faith/Work/carto_ws/src/fishbot_description' with build type 'ament_python'
[0.617s] Level 1:colcon.colcon_core.shell:create_environment_hook('fishbot_description', 'ament_prefix_path')
[0.618s] INFO:colcon.colcon_core.shell:Creating environment hook '/home/faith/Work/carto_ws/install/fishbot_description/share/fishbot_description/hook/ament_prefix_path.ps1'
[0.619s] INFO:colcon.colcon_core.shell:Creating environment descriptor '/home/faith/Work/carto_ws/install/fishbot_description/share/fishbot_description/hook/ament_prefix_path.dsv'
[0.620s] INFO:colcon.colcon_core.shell:Creating environment hook '/home/faith/Work/carto_ws/install/fishbot_description/share/fishbot_description/hook/ament_prefix_path.sh'
[0.622s] INFO:colcon.colcon_core.shell:Skip shell extension 'powershell' for command environment: Not usable outside of PowerShell
[0.623s] DEBUG:colcon.colcon_core.shell:Skip shell extension 'dsv' for command environment
[0.629s] INFO:colcon.colcon_ros.task.ament_cmake.build:Building ROS package in '/home/faith/Work/carto_ws/src/sllidar_ros2' with build type 'ament_cmake'
[0.629s] INFO:colcon.colcon_cmake.task.cmake.build:Building CMake package in '/home/faith/Work/carto_ws/src/sllidar_ros2'
[0.630s] INFO:colcon.colcon_core.shell:Skip shell extension 'powershell' for command environment: Not usable outside of PowerShell
[0.630s] DEBUG:colcon.colcon_core.shell:Skip shell extension 'dsv' for command environment
[0.648s] DEBUG:colcon.colcon_core.event_handler.log_command:Invoking command in '/home/faith/Work/carto_ws/build/cartographer': CMAKE_PREFIX_PATH=${CMAKE_PREFIX_PATH}:/opt/ros/humble /usr/bin/cmake --build /home/faith/Work/carto_ws/build/cartographer -- -j8 -l8
[0.656s] DEBUG:colcon.colcon_core.event_handler.log_command:Invoking command in '/home/faith/Work/carto_ws/build/cartographer_ros_msgs': CMAKE_PREFIX_PATH=${CMAKE_PREFIX_PATH}:/opt/ros/humble /usr/bin/cmake --build /home/faith/Work/carto_ws/build/cartographer_ros_msgs -- -j8 -l8
[0.663s] DEBUG:colcon.colcon_core.event_handler.log_command:Invoking command in '/home/faith/Work/carto_ws/build/faithbot_cartographer': CMAKE_PREFIX_PATH=${CMAKE_PREFIX_PATH}:/opt/ros/humble /usr/bin/cmake --build /home/faith/Work/carto_ws/build/faithbot_cartographer -- -j8 -l8
[1.064s] INFO:colcon.colcon_core.task.python.build:Building Python package in '/home/faith/Work/carto_ws/src/fishbot_description'
[1.066s] INFO:colcon.colcon_core.shell:Skip shell extension 'powershell' for command environment: Not usable outside of PowerShell
[1.066s] DEBUG:colcon.colcon_core.shell:Skip shell extension 'dsv' for command environment
[1.091s] DEBUG:colcon.colcon_core.event_handler.log_command:Invoked command in '/home/faith/Work/carto_ws/build/faithbot_cartographer' returned '0': CMAKE_PREFIX_PATH=${CMAKE_PREFIX_PATH}:/opt/ros/humble /usr/bin/cmake --build /home/faith/Work/carto_ws/build/faithbot_cartographer -- -j8 -l8
[1.117s] DEBUG:colcon.colcon_core.event_handler.log_command:Invoking command in '/home/faith/Work/carto_ws/build/sllidar_ros2': CMAKE_PREFIX_PATH=${CMAKE_PREFIX_PATH}:/opt/ros/humble /usr/bin/cmake /home/faith/Work/carto_ws/src/sllidar_ros2 -DCMAKE_INSTALL_PREFIX=/home/faith/Work/carto_ws/install/sllidar_ros2
[1.147s] DEBUG:colcon.colcon_core.event_handler.log_command:Invoking command in '/home/faith/Work/carto_ws/build/faithbot_cartographer': CMAKE_PREFIX_PATH=${CMAKE_PREFIX_PATH}:/opt/ros/humble /usr/bin/cmake --install /home/faith/Work/carto_ws/build/faithbot_cartographer
[1.182s] Level 1:colcon.colcon_core.environment:create_environment_scripts_only(faithbot_cartographer)
[1.187s] DEBUG:colcon.colcon_core.event_handler.log_command:Invoked command in '/home/faith/Work/carto_ws/build/faithbot_cartographer' returned '0': CMAKE_PREFIX_PATH=${CMAKE_PREFIX_PATH}:/opt/ros/humble /usr/bin/cmake --install /home/faith/Work/carto_ws/build/faithbot_cartographer
[1.205s] Level 1:colcon.colcon_core.environment:checking '/home/faith/Work/carto_ws/install/faithbot_cartographer' for CMake module files
[1.207s] Level 1:colcon.colcon_core.environment:checking '/home/faith/Work/carto_ws/install/faithbot_cartographer' for CMake config files
[1.209s] Level 1:colcon.colcon_core.shell:create_environment_hook('faithbot_cartographer', 'cmake_prefix_path')
[1.216s] INFO:colcon.colcon_core.shell:Creating environment hook '/home/faith/Work/carto_ws/install/faithbot_cartographer/share/faithbot_cartographer/hook/cmake_prefix_path.ps1'
[1.218s] INFO:colcon.colcon_core.shell:Creating environment descriptor '/home/faith/Work/carto_ws/install/faithbot_cartographer/share/faithbot_cartographer/hook/cmake_prefix_path.dsv'
[1.219s] INFO:colcon.colcon_core.shell:Creating environment hook '/home/faith/Work/carto_ws/install/faithbot_cartographer/share/faithbot_cartographer/hook/cmake_prefix_path.sh'
[1.221s] Level 1:colcon.colcon_core.environment:checking '/home/faith/Work/carto_ws/install/faithbot_cartographer/bin'
[1.221s] Level 1:colcon.colcon_core.environment:checking '/home/faith/Work/carto_ws/install/faithbot_cartographer/lib/pkgconfig/faithbot_cartographer.pc'
[1.221s] Level 1:colcon.colcon_core.environment:checking '/home/faith/Work/carto_ws/install/faithbot_cartographer/lib/python3.10/site-packages'
[1.221s] Level 1:colcon.colcon_core.environment:checking '/home/faith/Work/carto_ws/install/faithbot_cartographer/bin'
[1.223s] INFO:colcon.colcon_core.shell:Creating package script '/home/faith/Work/carto_ws/install/faithbot_cartographer/share/faithbot_cartographer/package.ps1'
[1.224s] INFO:colcon.colcon_core.shell:Creating package descriptor '/home/faith/Work/carto_ws/install/faithbot_cartographer/share/faithbot_cartographer/package.dsv'
[1.225s] INFO:colcon.colcon_core.shell:Creating package script '/home/faith/Work/carto_ws/install/faithbot_cartographer/share/faithbot_cartographer/package.sh'
[1.226s] INFO:colcon.colcon_core.shell:Creating package script '/home/faith/Work/carto_ws/install/faithbot_cartographer/share/faithbot_cartographer/package.bash'
[1.227s] INFO:colcon.colcon_core.shell:Creating package script '/home/faith/Work/carto_ws/install/faithbot_cartographer/share/faithbot_cartographer/package.zsh'
[1.229s] Level 1:colcon.colcon_core.environment:create_file_with_runtime_dependencies(/home/faith/Work/carto_ws/install/faithbot_cartographer/share/colcon-core/packages/faithbot_cartographer)
[1.297s] Level 1:colcon.colcon_core.environment:create_environment_scripts_only(faithbot_cartographer)
[1.309s] Level 1:colcon.colcon_core.environment:checking '/home/faith/Work/carto_ws/install/faithbot_cartographer' for CMake module files
[1.312s] Level 1:colcon.colcon_core.environment:checking '/home/faith/Work/carto_ws/install/faithbot_cartographer' for CMake config files
[1.313s] Level 1:colcon.colcon_core.shell:create_environment_hook('faithbot_cartographer', 'cmake_prefix_path')
[1.321s] INFO:colcon.colcon_core.shell:Creating environment hook '/home/faith/Work/carto_ws/install/faithbot_cartographer/share/faithbot_cartographer/hook/cmake_prefix_path.ps1'
[1.323s] INFO:colcon.colcon_core.shell:Creating environment descriptor '/home/faith/Work/carto_ws/install/faithbot_cartographer/share/faithbot_cartographer/hook/cmake_prefix_path.dsv'
[1.324s] INFO:colcon.colcon_core.shell:Creating environment hook '/home/faith/Work/carto_ws/install/faithbot_cartographer/share/faithbot_cartographer/hook/cmake_prefix_path.sh'
[1.326s] Level 1:colcon.colcon_core.environment:checking '/home/faith/Work/carto_ws/install/faithbot_cartographer/bin'
[1.327s] Level 1:colcon.colcon_core.environment:checking '/home/faith/Work/carto_ws/install/faithbot_cartographer/lib/pkgconfig/faithbot_cartographer.pc'
[1.328s] Level 1:colcon.colcon_core.environment:checking '/home/faith/Work/carto_ws/install/faithbot_cartographer/lib/python3.10/site-packages'
[1.329s] Level 1:colcon.colcon_core.environment:checking '/home/faith/Work/carto_ws/install/faithbot_cartographer/bin'
[1.336s] INFO:colcon.colcon_core.shell:Creating package script '/home/faith/Work/carto_ws/install/faithbot_cartographer/share/faithbot_cartographer/package.ps1'
[1.339s] INFO:colcon.colcon_core.shell:Creating package descriptor '/home/faith/Work/carto_ws/install/faithbot_cartographer/share/faithbot_cartographer/package.dsv'
[1.340s] INFO:colcon.colcon_core.shell:Creating package script '/home/faith/Work/carto_ws/install/faithbot_cartographer/share/faithbot_cartographer/package.sh'
[1.340s] INFO:colcon.colcon_core.shell:Creating package script '/home/faith/Work/carto_ws/install/faithbot_cartographer/share/faithbot_cartographer/package.bash'
[1.341s] INFO:colcon.colcon_core.shell:Creating package script '/home/faith/Work/carto_ws/install/faithbot_cartographer/share/faithbot_cartographer/package.zsh'
[1.342s] Level 1:colcon.colcon_core.environment:create_file_with_runtime_dependencies(/home/faith/Work/carto_ws/install/faithbot_cartographer/share/colcon-core/packages/faithbot_cartographer)
[1.578s] DEBUG:colcon.colcon_core.event_handler.log_command:Invoked command in '/home/faith/Work/carto_ws/build/cartographer_ros_msgs' returned '0': CMAKE_PREFIX_PATH=${CMAKE_PREFIX_PATH}:/opt/ros/humble /usr/bin/cmake --build /home/faith/Work/carto_ws/build/cartographer_ros_msgs -- -j8 -l8
[1.867s] DEBUG:colcon.colcon_core.event_handler.log_command:Invoking command in '/home/faith/Work/carto_ws/src/fishbot_description': PYTHONPATH=/home/faith/Work/carto_ws/build/fishbot_description/prefix_override:/home/faith/Work/carto_ws/install/fishbot_description/lib/python3.10/site-packages:${PYTHONPATH} /usr/bin/python3 setup.py egg_info --egg-base ../../build/fishbot_description build --build-base /home/faith/Work/carto_ws/build/fishbot_description/build install --record /home/faith/Work/carto_ws/build/fishbot_description/install.log --single-version-externally-managed
[2.317s] Level 1:colcon.colcon_core.environment:checking '/home/faith/Work/carto_ws/install/fishbot_description' for CMake module files
[2.317s] Level 1:colcon.colcon_core.environment:checking '/home/faith/Work/carto_ws/install/fishbot_description' for CMake config files
[2.318s] Level 1:colcon.colcon_core.environment:checking '/home/faith/Work/carto_ws/install/fishbot_description/lib'
[2.318s] Level 1:colcon.colcon_core.environment:checking '/home/faith/Work/carto_ws/install/fishbot_description/bin'
[2.319s] Level 1:colcon.colcon_core.environment:checking '/home/faith/Work/carto_ws/install/fishbot_description/lib/pkgconfig/fishbot_description.pc'
[2.319s] Level 1:colcon.colcon_core.environment:checking '/home/faith/Work/carto_ws/install/fishbot_description/lib/python3.10/site-packages'
[2.319s] Level 1:colcon.colcon_core.shell:create_environment_hook('fishbot_description', 'pythonpath')
[2.321s] INFO:colcon.colcon_core.shell:Creating environment hook '/home/faith/Work/carto_ws/install/fishbot_description/share/fishbot_description/hook/pythonpath.ps1'
[2.321s] DEBUG:colcon.colcon_core.event_handler.log_command:Invoked command in '/home/faith/Work/carto_ws/src/fishbot_description' returned '0': PYTHONPATH=/home/faith/Work/carto_ws/build/fishbot_description/prefix_override:/home/faith/Work/carto_ws/install/fishbot_description/lib/python3.10/site-packages:${PYTHONPATH} /usr/bin/python3 setup.py egg_info --egg-base ../../build/fishbot_description build --build-base /home/faith/Work/carto_ws/build/fishbot_description/build install --record /home/faith/Work/carto_ws/build/fishbot_description/install.log --single-version-externally-managed
[2.322s] INFO:colcon.colcon_core.shell:Creating environment descriptor '/home/faith/Work/carto_ws/install/fishbot_description/share/fishbot_description/hook/pythonpath.dsv'
[2.323s] INFO:colcon.colcon_core.shell:Creating environment hook '/home/faith/Work/carto_ws/install/fishbot_description/share/fishbot_description/hook/pythonpath.sh'
[2.324s] Level 1:colcon.colcon_core.environment:checking '/home/faith/Work/carto_ws/install/fishbot_description/bin'
[2.324s] Level 1:colcon.colcon_core.environment:create_environment_scripts_only(fishbot_description)
[2.325s] INFO:colcon.colcon_core.shell:Creating package script '/home/faith/Work/carto_ws/install/fishbot_description/share/fishbot_description/package.ps1'
[2.326s] INFO:colcon.colcon_core.shell:Creating package descriptor '/home/faith/Work/carto_ws/install/fishbot_description/share/fishbot_description/package.dsv'
[2.326s] INFO:colcon.colcon_core.shell:Creating package script '/home/faith/Work/carto_ws/install/fishbot_description/share/fishbot_description/package.sh'
[2.327s] INFO:colcon.colcon_core.shell:Creating package script '/home/faith/Work/carto_ws/install/fishbot_description/share/fishbot_description/package.bash'
[2.327s] INFO:colcon.colcon_core.shell:Creating package script '/home/faith/Work/carto_ws/install/fishbot_description/share/fishbot_description/package.zsh'
[2.327s] Level 1:colcon.colcon_core.environment:create_file_with_runtime_dependencies(/home/faith/Work/carto_ws/install/fishbot_description/share/colcon-core/packages/fishbot_description)
[2.761s] DEBUG:colcon.colcon_core.event_handler.log_command:Invoking command in '/home/faith/Work/carto_ws/build/cartographer_ros_msgs': CMAKE_PREFIX_PATH=${CMAKE_PREFIX_PATH}:/opt/ros/humble /usr/bin/cmake --install /home/faith/Work/carto_ws/build/cartographer_ros_msgs
[2.885s] DEBUG:colcon.colcon_core.event_handler.log_command:Invoked command in '/home/faith/Work/carto_ws/build/sllidar_ros2' returned '0': CMAKE_PREFIX_PATH=${CMAKE_PREFIX_PATH}:/opt/ros/humble /usr/bin/cmake /home/faith/Work/carto_ws/src/sllidar_ros2 -DCMAKE_INSTALL_PREFIX=/home/faith/Work/carto_ws/install/sllidar_ros2
[2.885s] DEBUG:colcon.colcon_core.event_handler.log_command:Invoking command in '/home/faith/Work/carto_ws/build/sllidar_ros2': CMAKE_PREFIX_PATH=${CMAKE_PREFIX_PATH}:/opt/ros/humble /usr/bin/cmake --build /home/faith/Work/carto_ws/build/sllidar_ros2 -- -j8 -l8
[2.940s] Level 1:colcon.colcon_core.environment:create_environment_scripts_only(cartographer_ros_msgs)
[2.951s] Level 1:colcon.colcon_core.environment:checking '/home/faith/Work/carto_ws/install/cartographer_ros_msgs' for CMake module files
[2.959s] Level 1:colcon.colcon_core.environment:checking '/home/faith/Work/carto_ws/install/cartographer_ros_msgs' for CMake config files
[2.961s] DEBUG:colcon.colcon_core.event_handler.log_command:Invoked command in '/home/faith/Work/carto_ws/build/cartographer_ros_msgs' returned '0': CMAKE_PREFIX_PATH=${CMAKE_PREFIX_PATH}:/opt/ros/humble /usr/bin/cmake --install /home/faith/Work/carto_ws/build/cartographer_ros_msgs
[2.968s] Level 1:colcon.colcon_core.shell:create_environment_hook('cartographer_ros_msgs', 'cmake_prefix_path')
[2.970s] INFO:colcon.colcon_core.shell:Creating environment hook '/home/faith/Work/carto_ws/install/cartographer_ros_msgs/share/cartographer_ros_msgs/hook/cmake_prefix_path.ps1'
[2.971s] INFO:colcon.colcon_core.shell:Creating environment descriptor '/home/faith/Work/carto_ws/install/cartographer_ros_msgs/share/cartographer_ros_msgs/hook/cmake_prefix_path.dsv'
[2.972s] INFO:colcon.colcon_core.shell:Creating environment hook '/home/faith/Work/carto_ws/install/cartographer_ros_msgs/share/cartographer_ros_msgs/hook/cmake_prefix_path.sh'
[2.973s] Level 1:colcon.colcon_core.environment:checking '/home/faith/Work/carto_ws/install/cartographer_ros_msgs/lib'
[2.973s] Level 1:colcon.colcon_core.shell:create_environment_hook('cartographer_ros_msgs', 'ld_library_path_lib')
[2.974s] INFO:colcon.colcon_core.shell:Creating environment hook '/home/faith/Work/carto_ws/install/cartographer_ros_msgs/share/cartographer_ros_msgs/hook/ld_library_path_lib.ps1'
[2.975s] INFO:colcon.colcon_core.shell:Creating environment descriptor '/home/faith/Work/carto_ws/install/cartographer_ros_msgs/share/cartographer_ros_msgs/hook/ld_library_path_lib.dsv'
[2.975s] INFO:colcon.colcon_core.shell:Creating environment hook '/home/faith/Work/carto_ws/install/cartographer_ros_msgs/share/cartographer_ros_msgs/hook/ld_library_path_lib.sh'
[2.976s] Level 1:colcon.colcon_core.environment:checking '/home/faith/Work/carto_ws/install/cartographer_ros_msgs/bin'
[2.976s] Level 1:colcon.colcon_core.environment:checking '/home/faith/Work/carto_ws/install/cartographer_ros_msgs/lib/pkgconfig/cartographer_ros_msgs.pc'
[2.977s] Level 1:colcon.colcon_core.environment:checking '/home/faith/Work/carto_ws/install/cartographer_ros_msgs/lib/python3.10/site-packages'
[2.977s] Level 1:colcon.colcon_core.environment:checking '/home/faith/Work/carto_ws/install/cartographer_ros_msgs/bin'
[2.979s] INFO:colcon.colcon_core.shell:Creating package script '/home/faith/Work/carto_ws/install/cartographer_ros_msgs/share/cartographer_ros_msgs/package.ps1'
[2.980s] INFO:colcon.colcon_core.shell:Creating package descriptor '/home/faith/Work/carto_ws/install/cartographer_ros_msgs/share/cartographer_ros_msgs/package.dsv'
[2.980s] INFO:colcon.colcon_core.shell:Creating package script '/home/faith/Work/carto_ws/install/cartographer_ros_msgs/share/cartographer_ros_msgs/package.sh'
[2.981s] INFO:colcon.colcon_core.shell:Creating package script '/home/faith/Work/carto_ws/install/cartographer_ros_msgs/share/cartographer_ros_msgs/package.bash'
[2.982s] INFO:colcon.colcon_core.shell:Creating package script '/home/faith/Work/carto_ws/install/cartographer_ros_msgs/share/cartographer_ros_msgs/package.zsh'
[2.982s] Level 1:colcon.colcon_core.environment:create_file_with_runtime_dependencies(/home/faith/Work/carto_ws/install/cartographer_ros_msgs/share/colcon-core/packages/cartographer_ros_msgs)
[3.060s] DEBUG:colcon.colcon_core.event_handler.log_command:Invoked command in '/home/faith/Work/carto_ws/build/sllidar_ros2' returned '0': CMAKE_PREFIX_PATH=${CMAKE_PREFIX_PATH}:/opt/ros/humble /usr/bin/cmake --build /home/faith/Work/carto_ws/build/sllidar_ros2 -- -j8 -l8
[3.157s] DEBUG:colcon.colcon_core.event_handler.log_command:Invoking command in '/home/faith/Work/carto_ws/build/sllidar_ros2': CMAKE_PREFIX_PATH=${CMAKE_PREFIX_PATH}:/opt/ros/humble /usr/bin/cmake --install /home/faith/Work/carto_ws/build/sllidar_ros2
[3.191s] Level 1:colcon.colcon_core.environment:create_environment_scripts_only(sllidar_ros2)
[3.204s] Level 1:colcon.colcon_core.environment:checking '/home/faith/Work/carto_ws/install/sllidar_ros2' for CMake module files
[3.207s] DEBUG:colcon.colcon_core.event_handler.log_command:Invoked command in '/home/faith/Work/carto_ws/build/sllidar_ros2' returned '0': CMAKE_PREFIX_PATH=${CMAKE_PREFIX_PATH}:/opt/ros/humble /usr/bin/cmake --install /home/faith/Work/carto_ws/build/sllidar_ros2
[3.208s] Level 1:colcon.colcon_core.environment:checking '/home/faith/Work/carto_ws/install/sllidar_ros2' for CMake config files
[3.209s] Level 1:colcon.colcon_core.shell:create_environment_hook('sllidar_ros2', 'cmake_prefix_path')
[3.210s] INFO:colcon.colcon_core.shell:Creating environment hook '/home/faith/Work/carto_ws/install/sllidar_ros2/share/sllidar_ros2/hook/cmake_prefix_path.ps1'
[3.212s] INFO:colcon.colcon_core.shell:Creating environment descriptor '/home/faith/Work/carto_ws/install/sllidar_ros2/share/sllidar_ros2/hook/cmake_prefix_path.dsv'
[3.213s] INFO:colcon.colcon_core.shell:Creating environment hook '/home/faith/Work/carto_ws/install/sllidar_ros2/share/sllidar_ros2/hook/cmake_prefix_path.sh'
[3.214s] Level 1:colcon.colcon_core.environment:checking '/home/faith/Work/carto_ws/install/sllidar_ros2/lib'
[3.214s] Level 1:colcon.colcon_core.environment:checking '/home/faith/Work/carto_ws/install/sllidar_ros2/bin'
[3.214s] Level 1:colcon.colcon_core.environment:checking '/home/faith/Work/carto_ws/install/sllidar_ros2/lib/pkgconfig/sllidar_ros2.pc'
[3.214s] Level 1:colcon.colcon_core.environment:checking '/home/faith/Work/carto_ws/install/sllidar_ros2/lib/python3.10/site-packages'
[3.215s] Level 1:colcon.colcon_core.environment:checking '/home/faith/Work/carto_ws/install/sllidar_ros2/bin'
[3.216s] INFO:colcon.colcon_core.shell:Creating package script '/home/faith/Work/carto_ws/install/sllidar_ros2/share/sllidar_ros2/package.ps1'
[3.221s] INFO:colcon.colcon_core.shell:Creating package descriptor '/home/faith/Work/carto_ws/install/sllidar_ros2/share/sllidar_ros2/package.dsv'
[3.222s] INFO:colcon.colcon_core.shell:Creating package script '/home/faith/Work/carto_ws/install/sllidar_ros2/share/sllidar_ros2/package.sh'
[3.223s] INFO:colcon.colcon_core.shell:Creating package script '/home/faith/Work/carto_ws/install/sllidar_ros2/share/sllidar_ros2/package.bash'
[3.223s] INFO:colcon.colcon_core.shell:Creating package script '/home/faith/Work/carto_ws/install/sllidar_ros2/share/sllidar_ros2/package.zsh'
[3.230s] Level 1:colcon.colcon_core.environment:create_file_with_runtime_dependencies(/home/faith/Work/carto_ws/install/sllidar_ros2/share/colcon-core/packages/sllidar_ros2)
[3.299s] Level 1:colcon.colcon_core.environment:create_environment_scripts_only(sllidar_ros2)
[3.309s] Level 1:colcon.colcon_core.environment:checking '/home/faith/Work/carto_ws/install/sllidar_ros2' for CMake module files
[3.313s] Level 1:colcon.colcon_core.environment:checking '/home/faith/Work/carto_ws/install/sllidar_ros2' for CMake config files
[3.315s] Level 1:colcon.colcon_core.shell:create_environment_hook('sllidar_ros2', 'cmake_prefix_path')
[3.322s] INFO:colcon.colcon_core.shell:Creating environment hook '/home/faith/Work/carto_ws/install/sllidar_ros2/share/sllidar_ros2/hook/cmake_prefix_path.ps1'
[3.324s] INFO:colcon.colcon_core.shell:Creating environment descriptor '/home/faith/Work/carto_ws/install/sllidar_ros2/share/sllidar_ros2/hook/cmake_prefix_path.dsv'
[3.326s] INFO:colcon.colcon_core.shell:Creating environment hook '/home/faith/Work/carto_ws/install/sllidar_ros2/share/sllidar_ros2/hook/cmake_prefix_path.sh'
[3.328s] Level 1:colcon.colcon_core.environment:checking '/home/faith/Work/carto_ws/install/sllidar_ros2/lib'
[3.329s] Level 1:colcon.colcon_core.environment:checking '/home/faith/Work/carto_ws/install/sllidar_ros2/bin'
[3.329s] Level 1:colcon.colcon_core.environment:checking '/home/faith/Work/carto_ws/install/sllidar_ros2/lib/pkgconfig/sllidar_ros2.pc'
[3.331s] Level 1:colcon.colcon_core.environment:checking '/home/faith/Work/carto_ws/install/sllidar_ros2/lib/python3.10/site-packages'
[3.332s] Level 1:colcon.colcon_core.environment:checking '/home/faith/Work/carto_ws/install/sllidar_ros2/bin'
[3.337s] INFO:colcon.colcon_core.shell:Creating package script '/home/faith/Work/carto_ws/install/sllidar_ros2/share/sllidar_ros2/package.ps1'
[3.338s] INFO:colcon.colcon_core.shell:Creating package descriptor '/home/faith/Work/carto_ws/install/sllidar_ros2/share/sllidar_ros2/package.dsv'
[3.338s] INFO:colcon.colcon_core.shell:Creating package script '/home/faith/Work/carto_ws/install/sllidar_ros2/share/sllidar_ros2/package.sh'
[3.339s] INFO:colcon.colcon_core.shell:Creating package script '/home/faith/Work/carto_ws/install/sllidar_ros2/share/sllidar_ros2/package.bash'
[3.339s] INFO:colcon.colcon_core.shell:Creating package script '/home/faith/Work/carto_ws/install/sllidar_ros2/share/sllidar_ros2/package.zsh'
[3.340s] Level 1:colcon.colcon_core.environment:create_file_with_runtime_dependencies(/home/faith/Work/carto_ws/install/sllidar_ros2/share/colcon-core/packages/sllidar_ros2)
[3.351s] DEBUG:colcon.colcon_core.event_handler.log_command:Invoked command in '/home/faith/Work/carto_ws/build/cartographer' returned '0': CMAKE_PREFIX_PATH=${CMAKE_PREFIX_PATH}:/opt/ros/humble /usr/bin/cmake --build /home/faith/Work/carto_ws/build/cartographer -- -j8 -l8
[3.768s] Level 1:colcon.colcon_core.environment:create_environment_scripts_only(cartographer_ros_msgs)
[3.779s] Level 1:colcon.colcon_core.environment:checking '/home/faith/Work/carto_ws/install/cartographer_ros_msgs' for CMake module files
[3.783s] Level 1:colcon.colcon_core.environment:checking '/home/faith/Work/carto_ws/install/cartographer_ros_msgs' for CMake config files
[3.789s] Level 1:colcon.colcon_core.shell:create_environment_hook('cartographer_ros_msgs', 'cmake_prefix_path')
[3.796s] INFO:colcon.colcon_core.shell:Creating environment hook '/home/faith/Work/carto_ws/install/cartographer_ros_msgs/share/cartographer_ros_msgs/hook/cmake_prefix_path.ps1'
[3.798s] INFO:colcon.colcon_core.shell:Creating environment descriptor '/home/faith/Work/carto_ws/install/cartographer_ros_msgs/share/cartographer_ros_msgs/hook/cmake_prefix_path.dsv'
[3.800s] INFO:colcon.colcon_core.shell:Creating environment hook '/home/faith/Work/carto_ws/install/cartographer_ros_msgs/share/cartographer_ros_msgs/hook/cmake_prefix_path.sh'
[3.801s] Level 1:colcon.colcon_core.environment:checking '/home/faith/Work/carto_ws/install/cartographer_ros_msgs/lib'
[3.801s] Level 1:colcon.colcon_core.shell:create_environment_hook('cartographer_ros_msgs', 'ld_library_path_lib')
[3.803s] INFO:colcon.colcon_core.shell:Creating environment hook '/home/faith/Work/carto_ws/install/cartographer_ros_msgs/share/cartographer_ros_msgs/hook/ld_library_path_lib.ps1'
[3.803s] INFO:colcon.colcon_core.shell:Creating environment descriptor '/home/faith/Work/carto_ws/install/cartographer_ros_msgs/share/cartographer_ros_msgs/hook/ld_library_path_lib.dsv'
[3.804s] INFO:colcon.colcon_core.shell:Creating environment hook '/home/faith/Work/carto_ws/install/cartographer_ros_msgs/share/cartographer_ros_msgs/hook/ld_library_path_lib.sh'
[3.804s] Level 1:colcon.colcon_core.environment:checking '/home/faith/Work/carto_ws/install/cartographer_ros_msgs/bin'
[3.805s] Level 1:colcon.colcon_core.environment:checking '/home/faith/Work/carto_ws/install/cartographer_ros_msgs/lib/pkgconfig/cartographer_ros_msgs.pc'
[3.805s] Level 1:colcon.colcon_core.environment:checking '/home/faith/Work/carto_ws/install/cartographer_ros_msgs/lib/python3.10/site-packages'
[3.805s] Level 1:colcon.colcon_core.environment:checking '/home/faith/Work/carto_ws/install/cartographer_ros_msgs/bin'
[3.807s] INFO:colcon.colcon_core.shell:Creating package script '/home/faith/Work/carto_ws/install/cartographer_ros_msgs/share/cartographer_ros_msgs/package.ps1'
[3.808s] INFO:colcon.colcon_core.shell:Creating package descriptor '/home/faith/Work/carto_ws/install/cartographer_ros_msgs/share/cartographer_ros_msgs/package.dsv'
[3.809s] INFO:colcon.colcon_core.shell:Creating package script '/home/faith/Work/carto_ws/install/cartographer_ros_msgs/share/cartographer_ros_msgs/package.sh'
[3.809s] INFO:colcon.colcon_core.shell:Creating package script '/home/faith/Work/carto_ws/install/cartographer_ros_msgs/share/cartographer_ros_msgs/package.bash'
[3.810s] INFO:colcon.colcon_core.shell:Creating package script '/home/faith/Work/carto_ws/install/cartographer_ros_msgs/share/cartographer_ros_msgs/package.zsh'
[3.810s] Level 1:colcon.colcon_core.environment:create_file_with_runtime_dependencies(/home/faith/Work/carto_ws/install/cartographer_ros_msgs/share/colcon-core/packages/cartographer_ros_msgs)
[4.809s] DEBUG:colcon.colcon_core.event_handler.log_command:Invoking command in '/home/faith/Work/carto_ws/build/cartographer': CMAKE_PREFIX_PATH=${CMAKE_PREFIX_PATH}:/opt/ros/humble /usr/bin/cmake --install /home/faith/Work/carto_ws/build/cartographer
[4.913s] DEBUG:colcon.colcon_core.event_handler.log_command:Invoked command in '/home/faith/Work/carto_ws/build/cartographer' returned '0': CMAKE_PREFIX_PATH=${CMAKE_PREFIX_PATH}:/opt/ros/humble /usr/bin/cmake --install /home/faith/Work/carto_ws/build/cartographer
[6.406s] Level 1:colcon.colcon_core.shell:create_environment_hook('cartographer', 'pkg_config_path')
[6.414s] INFO:colcon.colcon_core.shell:Creating environment hook '/home/faith/Work/carto_ws/install/cartographer/share/cartographer/hook/pkg_config_path.ps1'
[6.416s] INFO:colcon.colcon_core.shell:Creating environment descriptor '/home/faith/Work/carto_ws/install/cartographer/share/cartographer/hook/pkg_config_path.dsv'
[6.418s] INFO:colcon.colcon_core.shell:Creating environment hook '/home/faith/Work/carto_ws/install/cartographer/share/cartographer/hook/pkg_config_path.sh'
[6.424s] Level 1:colcon.colcon_core.shell:create_environment_hook('cartographer', 'pkg_config_path_multiarch')
[6.431s] INFO:colcon.colcon_core.shell:Creating environment hook '/home/faith/Work/carto_ws/install/cartographer/share/cartographer/hook/pkg_config_path_multiarch.ps1'
[6.433s] INFO:colcon.colcon_core.shell:Creating environment descriptor '/home/faith/Work/carto_ws/install/cartographer/share/cartographer/hook/pkg_config_path_multiarch.dsv'
[6.434s] INFO:colcon.colcon_core.shell:Creating environment hook '/home/faith/Work/carto_ws/install/cartographer/share/cartographer/hook/pkg_config_path_multiarch.sh'
[6.436s] Level 1:colcon.colcon_core.environment:create_environment_scripts_only(cartographer)
[6.446s] Level 1:colcon.colcon_core.environment:checking '/home/faith/Work/carto_ws/install/cartographer' for CMake module files
[6.448s] Level 1:colcon.colcon_core.environment:checking '/home/faith/Work/carto_ws/install/cartographer' for CMake config files
[6.451s] Level 1:colcon.colcon_core.shell:create_environment_hook('cartographer', 'cmake_prefix_path')
[6.458s] INFO:colcon.colcon_core.shell:Creating environment hook '/home/faith/Work/carto_ws/install/cartographer/share/cartographer/hook/cmake_prefix_path.ps1'
[6.459s] INFO:colcon.colcon_core.shell:Creating environment descriptor '/home/faith/Work/carto_ws/install/cartographer/share/cartographer/hook/cmake_prefix_path.dsv'
[6.460s] INFO:colcon.colcon_core.shell:Creating environment hook '/home/faith/Work/carto_ws/install/cartographer/share/cartographer/hook/cmake_prefix_path.sh'
[6.460s] Level 1:colcon.colcon_core.environment:checking '/home/faith/Work/carto_ws/install/cartographer/lib'
[6.460s] Level 1:colcon.colcon_core.environment:checking '/home/faith/Work/carto_ws/install/cartographer/bin'
[6.461s] Level 1:colcon.colcon_core.shell:create_environment_hook('cartographer', 'path')
[6.462s] INFO:colcon.colcon_core.shell:Creating environment hook '/home/faith/Work/carto_ws/install/cartographer/share/cartographer/hook/path.ps1'
[6.462s] INFO:colcon.colcon_core.shell:Creating environment descriptor '/home/faith/Work/carto_ws/install/cartographer/share/cartographer/hook/path.dsv'
[6.463s] INFO:colcon.colcon_core.shell:Creating environment hook '/home/faith/Work/carto_ws/install/cartographer/share/cartographer/hook/path.sh'
[6.463s] Level 1:colcon.colcon_core.environment:checking '/home/faith/Work/carto_ws/install/cartographer/lib/pkgconfig/cartographer.pc'
[6.464s] Level 1:colcon.colcon_core.environment:checking '/home/faith/Work/carto_ws/install/cartographer/lib/python3.10/site-packages'
[6.464s] Level 1:colcon.colcon_core.environment:checking '/home/faith/Work/carto_ws/install/cartographer/bin'
[6.464s] Level 1:colcon.colcon_core.shell:create_environment_hook('cartographer', 'pythonscriptspath')
[6.466s] INFO:colcon.colcon_core.shell:Creating environment hook '/home/faith/Work/carto_ws/install/cartographer/share/cartographer/hook/pythonscriptspath.ps1'
[6.466s] INFO:colcon.colcon_core.shell:Creating environment descriptor '/home/faith/Work/carto_ws/install/cartographer/share/cartographer/hook/pythonscriptspath.dsv'
[6.466s] INFO:colcon.colcon_core.shell:Creating environment hook '/home/faith/Work/carto_ws/install/cartographer/share/cartographer/hook/pythonscriptspath.sh'
[6.468s] INFO:colcon.colcon_core.shell:Creating package script '/home/faith/Work/carto_ws/install/cartographer/share/cartographer/package.ps1'
[6.469s] INFO:colcon.colcon_core.shell:Creating package descriptor '/home/faith/Work/carto_ws/install/cartographer/share/cartographer/package.dsv'
[6.470s] INFO:colcon.colcon_core.shell:Creating package script '/home/faith/Work/carto_ws/install/cartographer/share/cartographer/package.sh'
[6.470s] INFO:colcon.colcon_core.shell:Creating package script '/home/faith/Work/carto_ws/install/cartographer/share/cartographer/package.bash'
[6.471s] INFO:colcon.colcon_core.shell:Creating package script '/home/faith/Work/carto_ws/install/cartographer/share/cartographer/package.zsh'
[6.471s] Level 1:colcon.colcon_core.environment:create_file_with_runtime_dependencies(/home/faith/Work/carto_ws/install/cartographer/share/colcon-core/packages/cartographer)
[6.472s] INFO:colcon.colcon_ros.task.ament_cmake.build:Building ROS package in '/home/faith/Work/carto_ws/src/cartographer_ros/cartographer_ros' with build type 'ament_cmake'
[6.472s] INFO:colcon.colcon_cmake.task.cmake.build:Building CMake package in '/home/faith/Work/carto_ws/src/cartographer_ros/cartographer_ros'
[6.473s] INFO:colcon.colcon_core.shell:Skip shell extension 'powershell' for command environment: Not usable outside of PowerShell
[6.474s] DEBUG:colcon.colcon_core.shell:Skip shell extension 'dsv' for command environment
[6.508s] DEBUG:colcon.colcon_core.event_handler.log_command:Invoking command in '/home/faith/Work/carto_ws/build/cartographer_ros': CMAKE_PREFIX_PATH=/home/faith/Work/carto_ws/install/cartographer_ros_msgs:/home/faith/Work/carto_ws/install/cartographer:/home/faith/Work/carto_ws/install/sllidar_ros2:/home/faith/Work/carto_ws/install/cartographer_ros:/opt/ros/humble LD_LIBRARY_PATH=/home/faith/Work/carto_ws/install/cartographer_ros_msgs/lib:/home/faith/Work/carto_ws/install/cartographer_ros/lib:/opt/ros/humble/opt/rviz_ogre_vendor/lib:/opt/ros/humble/lib/aarch64-linux-gnu:/opt/ros/humble/lib /usr/bin/cmake --build /home/faith/Work/carto_ws/build/cartographer_ros -- -j8 -l8
[7.281s] DEBUG:colcon.colcon_core.event_handler.log_command:Invoked command in '/home/faith/Work/carto_ws/build/cartographer_ros' returned '0': CMAKE_PREFIX_PATH=/home/faith/Work/carto_ws/install/cartographer_ros_msgs:/home/faith/Work/carto_ws/install/cartographer:/home/faith/Work/carto_ws/install/sllidar_ros2:/home/faith/Work/carto_ws/install/cartographer_ros:/opt/ros/humble LD_LIBRARY_PATH=/home/faith/Work/carto_ws/install/cartographer_ros_msgs/lib:/home/faith/Work/carto_ws/install/cartographer_ros/lib:/opt/ros/humble/opt/rviz_ogre_vendor/lib:/opt/ros/humble/lib/aarch64-linux-gnu:/opt/ros/humble/lib /usr/bin/cmake --build /home/faith/Work/carto_ws/build/cartographer_ros -- -j8 -l8
[7.501s] DEBUG:colcon.colcon_core.event_handler.log_command:Invoking command in '/home/faith/Work/carto_ws/build/cartographer_ros': CMAKE_PREFIX_PATH=/home/faith/Work/carto_ws/install/cartographer_ros_msgs:/home/faith/Work/carto_ws/install/cartographer:/home/faith/Work/carto_ws/install/sllidar_ros2:/home/faith/Work/carto_ws/install/cartographer_ros:/opt/ros/humble LD_LIBRARY_PATH=/home/faith/Work/carto_ws/install/cartographer_ros_msgs/lib:/home/faith/Work/carto_ws/install/cartographer_ros/lib:/opt/ros/humble/opt/rviz_ogre_vendor/lib:/opt/ros/humble/lib/aarch64-linux-gnu:/opt/ros/humble/lib /usr/bin/cmake --install /home/faith/Work/carto_ws/build/cartographer_ros
[7.544s] Level 1:colcon.colcon_core.environment:create_environment_scripts_only(cartographer_ros)
[7.556s] Level 1:colcon.colcon_core.environment:checking '/home/faith/Work/carto_ws/install/cartographer_ros' for CMake module files
[7.565s] Level 1:colcon.colcon_core.environment:checking '/home/faith/Work/carto_ws/install/cartographer_ros' for CMake config files
[7.571s] Level 1:colcon.colcon_core.shell:create_environment_hook('cartographer_ros', 'cmake_prefix_path')
[7.578s] INFO:colcon.colcon_core.shell:Creating environment hook '/home/faith/Work/carto_ws/install/cartographer_ros/share/cartographer_ros/hook/cmake_prefix_path.ps1'
[7.582s] INFO:colcon.colcon_core.shell:Creating environment descriptor '/home/faith/Work/carto_ws/install/cartographer_ros/share/cartographer_ros/hook/cmake_prefix_path.dsv'
[7.584s] INFO:colcon.colcon_core.shell:Creating environment hook '/home/faith/Work/carto_ws/install/cartographer_ros/share/cartographer_ros/hook/cmake_prefix_path.sh'
[7.589s] Level 1:colcon.colcon_core.environment:checking '/home/faith/Work/carto_ws/install/cartographer_ros/lib'
[7.589s] Level 1:colcon.colcon_core.environment:checking '/home/faith/Work/carto_ws/install/cartographer_ros/bin'
[7.590s] Level 1:colcon.colcon_core.environment:checking '/home/faith/Work/carto_ws/install/cartographer_ros/lib/pkgconfig/cartographer_ros.pc'
[7.591s] Level 1:colcon.colcon_core.environment:checking '/home/faith/Work/carto_ws/install/cartographer_ros/lib/python3.10/site-packages'
[7.593s] Level 1:colcon.colcon_core.environment:checking '/home/faith/Work/carto_ws/install/cartographer_ros/bin'
[7.600s] INFO:colcon.colcon_core.shell:Creating package script '/home/faith/Work/carto_ws/install/cartographer_ros/share/cartographer_ros/package.ps1'
[7.602s] INFO:colcon.colcon_core.shell:Creating package descriptor '/home/faith/Work/carto_ws/install/cartographer_ros/share/cartographer_ros/package.dsv'
[7.605s] INFO:colcon.colcon_core.shell:Creating package script '/home/faith/Work/carto_ws/install/cartographer_ros/share/cartographer_ros/package.sh'
[7.608s] INFO:colcon.colcon_core.shell:Creating package script '/home/faith/Work/carto_ws/install/cartographer_ros/share/cartographer_ros/package.bash'
[7.611s] INFO:colcon.colcon_core.shell:Creating package script '/home/faith/Work/carto_ws/install/cartographer_ros/share/cartographer_ros/package.zsh'
[7.613s] Level 1:colcon.colcon_core.environment:create_file_with_runtime_dependencies(/home/faith/Work/carto_ws/install/cartographer_ros/share/colcon-core/packages/cartographer_ros)
[7.623s] DEBUG:colcon.colcon_core.event_handler.log_command:Invoked command in '/home/faith/Work/carto_ws/build/cartographer_ros' returned '0': CMAKE_PREFIX_PATH=/home/faith/Work/carto_ws/install/cartographer_ros_msgs:/home/faith/Work/carto_ws/install/cartographer:/home/faith/Work/carto_ws/install/sllidar_ros2:/home/faith/Work/carto_ws/install/cartographer_ros:/opt/ros/humble LD_LIBRARY_PATH=/home/faith/Work/carto_ws/install/cartographer_ros_msgs/lib:/home/faith/Work/carto_ws/install/cartographer_ros/lib:/opt/ros/humble/opt/rviz_ogre_vendor/lib:/opt/ros/humble/lib/aarch64-linux-gnu:/opt/ros/humble/lib /usr/bin/cmake --install /home/faith/Work/carto_ws/build/cartographer_ros
[7.826s] Level 1:colcon.colcon_core.environment:create_environment_scripts_only(cartographer_ros)
[7.829s] Level 1:colcon.colcon_core.environment:checking '/home/faith/Work/carto_ws/install/cartographer_ros' for CMake module files
[7.830s] Level 1:colcon.colcon_core.environment:checking '/home/faith/Work/carto_ws/install/cartographer_ros' for CMake config files
[7.831s] Level 1:colcon.colcon_core.shell:create_environment_hook('cartographer_ros', 'cmake_prefix_path')
[7.832s] INFO:colcon.colcon_core.shell:Creating environment hook '/home/faith/Work/carto_ws/install/cartographer_ros/share/cartographer_ros/hook/cmake_prefix_path.ps1'
[7.833s] INFO:colcon.colcon_core.shell:Creating environment descriptor '/home/faith/Work/carto_ws/install/cartographer_ros/share/cartographer_ros/hook/cmake_prefix_path.dsv'
[7.834s] INFO:colcon.colcon_core.shell:Creating environment hook '/home/faith/Work/carto_ws/install/cartographer_ros/share/cartographer_ros/hook/cmake_prefix_path.sh'
[7.835s] Level 1:colcon.colcon_core.environment:checking '/home/faith/Work/carto_ws/install/cartographer_ros/lib'
[7.835s] Level 1:colcon.colcon_core.environment:checking '/home/faith/Work/carto_ws/install/cartographer_ros/bin'
[7.835s] Level 1:colcon.colcon_core.environment:checking '/home/faith/Work/carto_ws/install/cartographer_ros/lib/pkgconfig/cartographer_ros.pc'
[7.835s] Level 1:colcon.colcon_core.environment:checking '/home/faith/Work/carto_ws/install/cartographer_ros/lib/python3.10/site-packages'
[7.836s] Level 1:colcon.colcon_core.environment:checking '/home/faith/Work/carto_ws/install/cartographer_ros/bin'
[7.837s] INFO:colcon.colcon_core.shell:Creating package script '/home/faith/Work/carto_ws/install/cartographer_ros/share/cartographer_ros/package.ps1'
[7.838s] INFO:colcon.colcon_core.shell:Creating package descriptor '/home/faith/Work/carto_ws/install/cartographer_ros/share/cartographer_ros/package.dsv'
[7.839s] INFO:colcon.colcon_core.shell:Creating package script '/home/faith/Work/carto_ws/install/cartographer_ros/share/cartographer_ros/package.sh'
[7.839s] INFO:colcon.colcon_core.shell:Creating package script '/home/faith/Work/carto_ws/install/cartographer_ros/share/cartographer_ros/package.bash'
[7.840s] INFO:colcon.colcon_core.shell:Creating package script '/home/faith/Work/carto_ws/install/cartographer_ros/share/cartographer_ros/package.zsh'
[7.840s] Level 1:colcon.colcon_core.environment:create_file_with_runtime_dependencies(/home/faith/Work/carto_ws/install/cartographer_ros/share/colcon-core/packages/cartographer_ros)
[7.841s] INFO:colcon.colcon_ros.task.ament_cmake.build:Building ROS package in '/home/faith/Work/carto_ws/src/cartographer_ros/cartographer_rviz' with build type 'ament_cmake'
[7.841s] INFO:colcon.colcon_cmake.task.cmake.build:Building CMake package in '/home/faith/Work/carto_ws/src/cartographer_ros/cartographer_rviz'
[7.843s] INFO:colcon.colcon_core.shell:Skip shell extension 'powershell' for command environment: Not usable outside of PowerShell
[7.843s] DEBUG:colcon.colcon_core.shell:Skip shell extension 'dsv' for command environment
[7.879s] DEBUG:colcon.colcon_core.event_handler.log_command:Invoking command in '/home/faith/Work/carto_ws/build/cartographer_rviz': CMAKE_PREFIX_PATH=/home/faith/Work/carto_ws/install/cartographer_ros:/home/faith/Work/carto_ws/install/cartographer_ros_msgs:/home/faith/Work/carto_ws/install/cartographer:/home/faith/Work/carto_ws/install/sllidar_ros2:/opt/ros/humble LD_LIBRARY_PATH=/home/faith/Work/carto_ws/install/cartographer_ros_msgs/lib:/home/faith/Work/carto_ws/install/cartographer_ros/lib:/opt/ros/humble/opt/rviz_ogre_vendor/lib:/opt/ros/humble/lib/aarch64-linux-gnu:/opt/ros/humble/lib /usr/bin/cmake /home/faith/Work/carto_ws/src/cartographer_ros/cartographer_rviz -DCMAKE_INSTALL_PREFIX=/home/faith/Work/carto_ws/install/cartographer_rviz
[16.499s] DEBUG:colcon.colcon_core.event_handler.log_command:Invoked command in '/home/faith/Work/carto_ws/build/cartographer_rviz' returned '0': CMAKE_PREFIX_PATH=/home/faith/Work/carto_ws/install/cartographer_ros:/home/faith/Work/carto_ws/install/cartographer_ros_msgs:/home/faith/Work/carto_ws/install/cartographer:/home/faith/Work/carto_ws/install/sllidar_ros2:/opt/ros/humble LD_LIBRARY_PATH=/home/faith/Work/carto_ws/install/cartographer_ros_msgs/lib:/home/faith/Work/carto_ws/install/cartographer_ros/lib:/opt/ros/humble/opt/rviz_ogre_vendor/lib:/opt/ros/humble/lib/aarch64-linux-gnu:/opt/ros/humble/lib /usr/bin/cmake /home/faith/Work/carto_ws/src/cartographer_ros/cartographer_rviz -DCMAKE_INSTALL_PREFIX=/home/faith/Work/carto_ws/install/cartographer_rviz
[16.505s] DEBUG:colcon.colcon_core.event_handler.log_command:Invoking command in '/home/faith/Work/carto_ws/build/cartographer_rviz': CMAKE_PREFIX_PATH=/home/faith/Work/carto_ws/install/cartographer_ros:/home/faith/Work/carto_ws/install/cartographer_ros_msgs:/home/faith/Work/carto_ws/install/cartographer:/home/faith/Work/carto_ws/install/sllidar_ros2:/opt/ros/humble LD_LIBRARY_PATH=/home/faith/Work/carto_ws/install/cartographer_ros_msgs/lib:/home/faith/Work/carto_ws/install/cartographer_ros/lib:/opt/ros/humble/opt/rviz_ogre_vendor/lib:/opt/ros/humble/lib/aarch64-linux-gnu:/opt/ros/humble/lib /usr/bin/cmake --build /home/faith/Work/carto_ws/build/cartographer_rviz -- -j8 -l8
[57.800s] DEBUG:colcon.colcon_core.event_handler.log_command:Invoked command in '/home/faith/Work/carto_ws/build/cartographer_rviz' returned '0': CMAKE_PREFIX_PATH=/home/faith/Work/carto_ws/install/cartographer_ros:/home/faith/Work/carto_ws/install/cartographer_ros_msgs:/home/faith/Work/carto_ws/install/cartographer:/home/faith/Work/carto_ws/install/sllidar_ros2:/opt/ros/humble LD_LIBRARY_PATH=/home/faith/Work/carto_ws/install/cartographer_ros_msgs/lib:/home/faith/Work/carto_ws/install/cartographer_ros/lib:/opt/ros/humble/opt/rviz_ogre_vendor/lib:/opt/ros/humble/lib/aarch64-linux-gnu:/opt/ros/humble/lib /usr/bin/cmake --build /home/faith/Work/carto_ws/build/cartographer_rviz -- -j8 -l8
[57.899s] DEBUG:colcon.colcon_core.event_handler.log_command:Invoking command in '/home/faith/Work/carto_ws/build/cartographer_rviz': CMAKE_PREFIX_PATH=/home/faith/Work/carto_ws/install/cartographer_ros:/home/faith/Work/carto_ws/install/cartographer_ros_msgs:/home/faith/Work/carto_ws/install/cartographer:/home/faith/Work/carto_ws/install/sllidar_ros2:/opt/ros/humble LD_LIBRARY_PATH=/home/faith/Work/carto_ws/install/cartographer_ros_msgs/lib:/home/faith/Work/carto_ws/install/cartographer_ros/lib:/opt/ros/humble/opt/rviz_ogre_vendor/lib:/opt/ros/humble/lib/aarch64-linux-gnu:/opt/ros/humble/lib /usr/bin/cmake --install /home/faith/Work/carto_ws/build/cartographer_rviz
[58.021s] Level 1:colcon.colcon_core.environment:create_environment_scripts_only(cartographer_rviz)
[58.033s] DEBUG:colcon.colcon_core.event_handler.log_command:Invoked command in '/home/faith/Work/carto_ws/build/cartographer_rviz' returned '0': CMAKE_PREFIX_PATH=/home/faith/Work/carto_ws/install/cartographer_ros:/home/faith/Work/carto_ws/install/cartographer_ros_msgs:/home/faith/Work/carto_ws/install/cartographer:/home/faith/Work/carto_ws/install/sllidar_ros2:/opt/ros/humble LD_LIBRARY_PATH=/home/faith/Work/carto_ws/install/cartographer_ros_msgs/lib:/home/faith/Work/carto_ws/install/cartographer_ros/lib:/opt/ros/humble/opt/rviz_ogre_vendor/lib:/opt/ros/humble/lib/aarch64-linux-gnu:/opt/ros/humble/lib /usr/bin/cmake --install /home/faith/Work/carto_ws/build/cartographer_rviz
[58.033s] Level 1:colcon.colcon_core.environment:checking '/home/faith/Work/carto_ws/install/cartographer_rviz' for CMake module files
[58.036s] Level 1:colcon.colcon_core.environment:checking '/home/faith/Work/carto_ws/install/cartographer_rviz' for CMake config files
[58.038s] Level 1:colcon.colcon_core.shell:create_environment_hook('cartographer_rviz', 'cmake_prefix_path')
[58.044s] INFO:colcon.colcon_core.shell:Creating environment hook '/home/faith/Work/carto_ws/install/cartographer_rviz/share/cartographer_rviz/hook/cmake_prefix_path.ps1'
[58.046s] INFO:colcon.colcon_core.shell:Creating environment descriptor '/home/faith/Work/carto_ws/install/cartographer_rviz/share/cartographer_rviz/hook/cmake_prefix_path.dsv'
[58.047s] INFO:colcon.colcon_core.shell:Creating environment hook '/home/faith/Work/carto_ws/install/cartographer_rviz/share/cartographer_rviz/hook/cmake_prefix_path.sh'
[58.049s] Level 1:colcon.colcon_core.environment:checking '/home/faith/Work/carto_ws/install/cartographer_rviz/lib'
[58.049s] Level 1:colcon.colcon_core.shell:create_environment_hook('cartographer_rviz', 'ld_library_path_lib')
[58.055s] INFO:colcon.colcon_core.shell:Creating environment hook '/home/faith/Work/carto_ws/install/cartographer_rviz/share/cartographer_rviz/hook/ld_library_path_lib.ps1'
[58.056s] INFO:colcon.colcon_core.shell:Creating environment descriptor '/home/faith/Work/carto_ws/install/cartographer_rviz/share/cartographer_rviz/hook/ld_library_path_lib.dsv'
[58.057s] INFO:colcon.colcon_core.shell:Creating environment hook '/home/faith/Work/carto_ws/install/cartographer_rviz/share/cartographer_rviz/hook/ld_library_path_lib.sh'
[58.058s] Level 1:colcon.colcon_core.environment:checking '/home/faith/Work/carto_ws/install/cartographer_rviz/bin'
[58.059s] Level 1:colcon.colcon_core.environment:checking '/home/faith/Work/carto_ws/install/cartographer_rviz/lib/pkgconfig/cartographer_rviz.pc'
[58.060s] Level 1:colcon.colcon_core.environment:checking '/home/faith/Work/carto_ws/install/cartographer_rviz/lib/python3.10/site-packages'
[58.061s] Level 1:colcon.colcon_core.environment:checking '/home/faith/Work/carto_ws/install/cartographer_rviz/bin'
[58.068s] INFO:colcon.colcon_core.shell:Creating package script '/home/faith/Work/carto_ws/install/cartographer_rviz/share/cartographer_rviz/package.ps1'
[58.069s] INFO:colcon.colcon_core.shell:Creating package descriptor '/home/faith/Work/carto_ws/install/cartographer_rviz/share/cartographer_rviz/package.dsv'
[58.071s] INFO:colcon.colcon_core.shell:Creating package script '/home/faith/Work/carto_ws/install/cartographer_rviz/share/cartographer_rviz/package.sh'
[58.073s] INFO:colcon.colcon_core.shell:Creating package script '/home/faith/Work/carto_ws/install/cartographer_rviz/share/cartographer_rviz/package.bash'
[58.074s] INFO:colcon.colcon_core.shell:Creating package script '/home/faith/Work/carto_ws/install/cartographer_rviz/share/cartographer_rviz/package.zsh'
[58.075s] Level 1:colcon.colcon_core.environment:create_file_with_runtime_dependencies(/home/faith/Work/carto_ws/install/cartographer_rviz/share/colcon-core/packages/cartographer_rviz)
[58.173s] Level 1:colcon.colcon_core.environment:create_environment_scripts_only(cartographer_rviz)
[58.184s] Level 1:colcon.colcon_core.environment:checking '/home/faith/Work/carto_ws/install/cartographer_rviz' for CMake module files
[58.187s] Level 1:colcon.colcon_core.environment:checking '/home/faith/Work/carto_ws/install/cartographer_rviz' for CMake config files
[58.189s] Level 1:colcon.colcon_core.shell:create_environment_hook('cartographer_rviz', 'cmake_prefix_path')
[58.196s] INFO:colcon.colcon_core.shell:Creating environment hook '/home/faith/Work/carto_ws/install/cartographer_rviz/share/cartographer_rviz/hook/cmake_prefix_path.ps1'
[58.198s] INFO:colcon.colcon_core.shell:Creating environment descriptor '/home/faith/Work/carto_ws/install/cartographer_rviz/share/cartographer_rviz/hook/cmake_prefix_path.dsv'
[58.199s] INFO:colcon.colcon_core.shell:Creating environment hook '/home/faith/Work/carto_ws/install/cartographer_rviz/share/cartographer_rviz/hook/cmake_prefix_path.sh'
[58.201s] Level 1:colcon.colcon_core.environment:checking '/home/faith/Work/carto_ws/install/cartographer_rviz/lib'
[58.201s] Level 1:colcon.colcon_core.shell:create_environment_hook('cartographer_rviz', 'ld_library_path_lib')
[58.204s] INFO:colcon.colcon_core.shell:Creating environment hook '/home/faith/Work/carto_ws/install/cartographer_rviz/share/cartographer_rviz/hook/ld_library_path_lib.ps1'
[58.204s] INFO:colcon.colcon_core.shell:Creating environment descriptor '/home/faith/Work/carto_ws/install/cartographer_rviz/share/cartographer_rviz/hook/ld_library_path_lib.dsv'
[58.205s] INFO:colcon.colcon_core.shell:Creating environment hook '/home/faith/Work/carto_ws/install/cartographer_rviz/share/cartographer_rviz/hook/ld_library_path_lib.sh'
[58.205s] Level 1:colcon.colcon_core.environment:checking '/home/faith/Work/carto_ws/install/cartographer_rviz/bin'
[58.205s] Level 1:colcon.colcon_core.environment:checking '/home/faith/Work/carto_ws/install/cartographer_rviz/lib/pkgconfig/cartographer_rviz.pc'
[58.206s] Level 1:colcon.colcon_core.environment:checking '/home/faith/Work/carto_ws/install/cartographer_rviz/lib/python3.10/site-packages'
[58.206s] Level 1:colcon.colcon_core.environment:checking '/home/faith/Work/carto_ws/install/cartographer_rviz/bin'
[58.208s] INFO:colcon.colcon_core.shell:Creating package script '/home/faith/Work/carto_ws/install/cartographer_rviz/share/cartographer_rviz/package.ps1'
[58.208s] INFO:colcon.colcon_core.shell:Creating package descriptor '/home/faith/Work/carto_ws/install/cartographer_rviz/share/cartographer_rviz/package.dsv'
[58.209s] INFO:colcon.colcon_core.shell:Creating package script '/home/faith/Work/carto_ws/install/cartographer_rviz/share/cartographer_rviz/package.sh'
[58.210s] INFO:colcon.colcon_core.shell:Creating package script '/home/faith/Work/carto_ws/install/cartographer_rviz/share/cartographer_rviz/package.bash'
[58.210s] INFO:colcon.colcon_core.shell:Creating package script '/home/faith/Work/carto_ws/install/cartographer_rviz/share/cartographer_rviz/package.zsh'
[58.211s] Level 1:colcon.colcon_core.environment:create_file_with_runtime_dependencies(/home/faith/Work/carto_ws/install/cartographer_rviz/share/colcon-core/packages/cartographer_rviz)
[58.211s] DEBUG:colcon.colcon_parallel_executor.executor.parallel:closing loop
[58.212s] DEBUG:colcon.colcon_parallel_executor.executor.parallel:loop closed
[58.212s] DEBUG:colcon.colcon_parallel_executor.executor.parallel:run_until_complete finished with '0'
[58.212s] DEBUG:colcon.colcon_core.event_reactor:joining thread
[58.236s] INFO:colcon.colcon_core.plugin_system:Skipping extension 'colcon_notification.desktop_notification.terminal_notifier': Not used on non-Darwin systems
[58.236s] INFO:colcon.colcon_core.plugin_system:Skipping extension 'colcon_notification.desktop_notification.win32': Not used on non-Windows systems
[58.237s] INFO:colcon.colcon_notification.desktop_notification:Sending desktop notification using 'notify2'
[83.264s] DEBUG:colcon.colcon_notification.desktop_notification.notify2:Failed to initialize notify2: org.freedesktop.DBus.Error.NoReply: Did not receive a reply. Possible causes include: the remote application did not send a reply, the message bus security policy blocked the reply, the reply timeout expired, or the network connection was broken.
[83.265s] DEBUG:colcon.colcon_core.event_reactor:joined thread
[83.274s] INFO:colcon.colcon_core.shell:Creating prefix script '/home/faith/Work/carto_ws/install/local_setup.ps1'
[83.280s] INFO:colcon.colcon_core.shell:Creating prefix util module '/home/faith/Work/carto_ws/install/_local_setup_util_ps1.py'
[83.290s] INFO:colcon.colcon_core.shell:Creating prefix chain script '/home/faith/Work/carto_ws/install/setup.ps1'
[83.299s] INFO:colcon.colcon_core.shell:Creating prefix script '/home/faith/Work/carto_ws/install/local_setup.sh'
[83.303s] INFO:colcon.colcon_core.shell:Creating prefix util module '/home/faith/Work/carto_ws/install/_local_setup_util_sh.py'
[83.305s] INFO:colcon.colcon_core.shell:Creating prefix chain script '/home/faith/Work/carto_ws/install/setup.sh'
[83.314s] INFO:colcon.colcon_core.shell:Creating prefix script '/home/faith/Work/carto_ws/install/local_setup.bash'
[83.317s] INFO:colcon.colcon_core.shell:Creating prefix chain script '/home/faith/Work/carto_ws/install/setup.bash'
[83.325s] INFO:colcon.colcon_core.shell:Creating prefix script '/home/faith/Work/carto_ws/install/local_setup.zsh'
[83.328s] INFO:colcon.colcon_core.shell:Creating prefix chain script '/home/faith/Work/carto_ws/install/setup.zsh'
