[0.044s] Invoking command in '/home/faith/Work/carto_ws/build/cartographer_ros': CMAKE_PREFIX_PATH=/home/faith/Work/carto_ws/install/cartographer_ros_msgs:/home/faith/Work/carto_ws/install/cartographer:/home/faith/Work/carto_ws/install/sllidar_ros2:/home/faith/Work/carto_ws/install/cartographer_ros:/opt/ros/humble LD_LIBRARY_PATH=/home/faith/Work/carto_ws/install/cartographer_ros_msgs/lib:/home/faith/Work/carto_ws/install/cartographer_ros/lib:/opt/ros/humble/opt/rviz_ogre_vendor/lib:/opt/ros/humble/lib/aarch64-linux-gnu:/opt/ros/humble/lib /usr/bin/cmake /home/faith/Work/carto_ws/src/cartographer_ros/cartographer_ros -DCMAKE_INSTALL_PREFIX=/home/faith/Work/carto_ws/install/cartographer_ros
[0.274s] -- The C compiler identification is GNU 11.3.0
[0.427s] -- The CXX compiler identification is GNU 11.3.0
[0.440s] -- Detecting C compiler ABI info
[0.659s] -- Detecting C compiler ABI info - done
[0.696s] -- Check for working C compiler: /usr/bin/cc - skipped
[0.696s] -- Detecting C compile features
[0.698s] -- Detecting C compile features - done
[0.710s] -- Detecting CXX compiler ABI info
[0.953s] -- Detecting CXX compiler ABI info - done
[0.991s] -- Check for working CXX compiler: /usr/bin/c++ - skipped
[0.993s] -- Detecting CXX compile features
[0.995s] -- Detecting CXX compile features - done
[0.999s] -- Found ament_cmake: 1.3.4 (/opt/ros/humble/share/ament_cmake/cmake)
[1.399s] -- Found Python3: /usr/bin/python3.10 (found version "3.10.6") found components: Interpreter 
[1.604s] -- Found builtin_interfaces: 1.2.1 (/opt/ros/humble/share/builtin_interfaces/cmake)
[1.650s] -- Found rosidl_generator_c: 3.1.4 (/opt/ros/humble/share/rosidl_generator_c/cmake)
[1.657s] -- Found rosidl_adapter: 3.1.4 (/opt/ros/humble/share/rosidl_adapter/cmake)
[1.669s] -- Found rosidl_generator_cpp: 3.1.4 (/opt/ros/humble/share/rosidl_generator_cpp/cmake)
[1.688s] -- Using all available rosidl_typesupport_c: rosidl_typesupport_fastrtps_c;rosidl_typesupport_introspection_c
[1.716s] -- Using all available rosidl_typesupport_cpp: rosidl_typesupport_fastrtps_cpp;rosidl_typesupport_introspection_cpp
[1.744s] -- Looking for pthread.h
[1.959s] -- Looking for pthread.h - found
[1.960s] -- Performing Test CMAKE_HAVE_LIBC_PTHREAD
[2.190s] -- Performing Test CMAKE_HAVE_LIBC_PTHREAD - Success
[2.195s] -- Found Threads: TRUE  
[2.221s] -- Found required Ceres dependency: Eigen version 3.4.0 in /usr/include/eigen3
[2.239s] -- Found required Ceres dependency: glog
[2.240s] -- Found required Ceres dependency: gflags
[2.242s] -- Found Ceres version: 2.0.0 installed in: /usr with components: [EigenSparse, SparseLinearAlgebraLibrary, LAPACK, SuiteSparse, CXSparse, SchurSpecializations, Multithreading]
[2.277s] -- Found cartographer_ros_msgs: 2.0.9001 (/home/faith/Work/carto_ws/install/cartographer_ros_msgs/share/cartographer_ros_msgs/cmake)
[2.647s] -- Checking for module 'eigen3'
[2.701s] --   Found eigen3, version 3.4.0
[2.794s] -- Found Eigen: /usr/include/eigen3 (Required is at least version "3.1") 
[2.794s] -- Eigen found (include: /usr/include/eigen3, version: 3.4.0)
[2.839s] -- Found Boost: /usr/lib/aarch64-linux-gnu/cmake/Boost-1.74.0/BoostConfig.cmake (found suitable version "1.74.0", minimum required is "1.65.0") found components: system filesystem date_time iostreams serialization 
[2.841s] -- looking for PCL_COMMON
[2.843s] -- Found PCL_COMMON: /usr/lib/aarch64-linux-gnu/libpcl_common.so  
[2.844s] -- Found PCL: pcl_common;Boost::system;Boost::filesystem;Boost::date_time;Boost::iostreams;Boost::serialization  
[2.846s] -- Found nav_msgs: 4.2.3 (/opt/ros/humble/share/nav_msgs/cmake)
[2.985s] -- Found pcl_conversions: 2.4.0 (/opt/ros/humble/share/pcl_conversions/cmake)
[3.082s] -- Found rmw_implementation_cmake: 6.1.1 (/opt/ros/humble/share/rmw_implementation_cmake/cmake)
[3.085s] -- Found rmw_fastrtps_cpp: 6.2.2 (/opt/ros/humble/share/rmw_fastrtps_cpp/cmake)
[3.335s] -- Found OpenSSL: /usr/lib/aarch64-linux-gnu/libcrypto.so (found version "3.0.2")  
[3.388s] -- Found FastRTPS: /opt/ros/humble/include  
[3.467s] -- Using RMW implementation 'rmw_fastrtps_cpp' as default
[4.104s] -- Found rosbag2_cpp: 0.15.5 (/opt/ros/humble/share/rosbag2_cpp/cmake)
[4.185s] -- Found tf2: 0.25.2 (/opt/ros/humble/share/tf2/cmake)
[4.200s] -- Found tf2_eigen: 0.25.2 (/opt/ros/humble/share/tf2_eigen/cmake)
[4.772s] -- Found urdf: 2.6.0 (/opt/ros/humble/share/urdf/cmake)
[4.790s] -- Found visualization_msgs: 4.2.3 (/opt/ros/humble/share/visualization_msgs/cmake)
[6.445s] -- Configuring done
[6.719s] -- Generating done
[6.724s] -- Build files have been written to: /home/faith/Work/carto_ws/build/cartographer_ros
[6.767s] Invoked command in '/home/faith/Work/carto_ws/build/cartographer_ros' returned '0': CMAKE_PREFIX_PATH=/home/faith/Work/carto_ws/install/cartographer_ros_msgs:/home/faith/Work/carto_ws/install/cartographer:/home/faith/Work/carto_ws/install/sllidar_ros2:/home/faith/Work/carto_ws/install/cartographer_ros:/opt/ros/humble LD_LIBRARY_PATH=/home/faith/Work/carto_ws/install/cartographer_ros_msgs/lib:/home/faith/Work/carto_ws/install/cartographer_ros/lib:/opt/ros/humble/opt/rviz_ogre_vendor/lib:/opt/ros/humble/lib/aarch64-linux-gnu:/opt/ros/humble/lib /usr/bin/cmake /home/faith/Work/carto_ws/src/cartographer_ros/cartographer_ros -DCMAKE_INSTALL_PREFIX=/home/faith/Work/carto_ws/install/cartographer_ros
[6.770s] Invoking command in '/home/faith/Work/carto_ws/build/cartographer_ros': CMAKE_PREFIX_PATH=/home/faith/Work/carto_ws/install/cartographer_ros_msgs:/home/faith/Work/carto_ws/install/cartographer:/home/faith/Work/carto_ws/install/sllidar_ros2:/home/faith/Work/carto_ws/install/cartographer_ros:/opt/ros/humble LD_LIBRARY_PATH=/home/faith/Work/carto_ws/install/cartographer_ros_msgs/lib:/home/faith/Work/carto_ws/install/cartographer_ros/lib:/opt/ros/humble/opt/rviz_ogre_vendor/lib:/opt/ros/humble/lib/aarch64-linux-gnu:/opt/ros/humble/lib /usr/bin/cmake --build /home/faith/Work/carto_ws/build/cartographer_ros -- -j8 -l8
[6.929s] [ 11%] [32mBuilding CXX object CMakeFiles/cartographer_ros.dir/src/assets_writer.cpp.o[0m
[6.929s] [ 11%] [32mBuilding CXX object CMakeFiles/cartographer_ros.dir/src/node_options.cpp.o[0m
[6.929s] [ 11%] [32mBuilding CXX object CMakeFiles/cartographer_ros.dir/src/playable_bag.cpp.o[0m
[6.929s] [ 11%] [32mBuilding CXX object CMakeFiles/cartographer_ros.dir/src/node.cpp.o[0m
[6.948s] [ 22%] [32mBuilding CXX object CMakeFiles/cartographer_ros.dir/src/node_constants.cpp.o[0m
[6.948s] [ 22%] [32mBuilding CXX object CMakeFiles/cartographer_ros.dir/src/map_builder_bridge.cpp.o[0m
[6.948s] [ 22%] [32mBuilding CXX object CMakeFiles/cartographer_ros.dir/src/offline_node.cpp.o[0m
[6.948s] [ 22%] [32mBuilding CXX object CMakeFiles/cartographer_ros.dir/src/msg_conversion.cpp.o[0m
[8.928s] [ 25%] [32mBuilding CXX object CMakeFiles/cartographer_ros.dir/src/ros_log_sink.cpp.o[0m
[13.920s] [ 28%] [32mBuilding CXX object CMakeFiles/cartographer_ros.dir/src/ros_map.cpp.o[0m
[14.124s] [ 31%] [32mBuilding CXX object CMakeFiles/cartographer_ros.dir/src/ros_map_writing_points_processor.cpp.o[0m
[19.093s] [ 34%] [32mBuilding CXX object CMakeFiles/cartographer_ros.dir/src/sensor_bridge.cpp.o[0m
[23.327s] [ 37%] [32mBuilding CXX object CMakeFiles/cartographer_ros.dir/src/submap.cpp.o[0m
[23.701s] [ 40%] [32mBuilding CXX object CMakeFiles/cartographer_ros.dir/src/tf_bridge.cpp.o[0m
[24.603s] In file included from [01m[K/home/faith/Work/carto_ws/install/cartographer/include/cartographer/transform/transform.h:26[m[K,
[24.603s]                  from [01m[K/home/faith/Work/carto_ws/install/cartographer/include/cartographer/sensor/rangefinder_point.h:24[m[K,
[24.603s]                  from [01m[K/home/faith/Work/carto_ws/install/cartographer/include/cartographer/sensor/point_cloud.h:24[m[K,
[24.603s]                  from [01m[K/home/faith/Work/carto_ws/install/cartographer/include/cartographer/sensor/compressed_point_cloud.h:25[m[K,
[24.603s]                  from [01m[K/home/faith/Work/carto_ws/install/cartographer/include/cartographer/sensor/range_data.h:21[m[K,
[24.603s]                  from [01m[K/home/faith/Work/carto_ws/install/cartographer/include/cartographer/mapping/trajectory_node.h:27[m[K,
[24.603s]                  from [01m[K/home/faith/Work/carto_ws/install/cartographer/include/cartographer/mapping/submaps.h:30[m[K,
[24.604s]                  from [01m[K/home/faith/Work/carto_ws/install/cartographer/include/cartographer/mapping/pose_graph_interface.h:25[m[K,
[24.604s]                  from [01m[K/home/faith/Work/carto_ws/install/cartographer/include/cartographer/mapping/map_builder_interface.h:29[m[K,
[24.604s]                  from [01m[K/home/faith/Work/carto_ws/src/cartographer_ros/cartographer_ros/include/cartographer_ros/node.h:29[m[K,
[24.604s]                  from [01m[K/home/faith/Work/carto_ws/src/cartographer_ros/cartographer_ros/src/node.cpp:17[m[K:
[24.604s] /home/faith/Work/carto_ws/install/cartographer/include/cartographer/transform/rigid_transform.h: In instantiation of ‘[01m[Kcartographer::transform::Rigid2<FloatType>::Rotation2D cartographer::transform::Rigid2<FloatType>::rotation() const [with FloatType = double; cartographer::transform::Rigid2<FloatType>::Rotation2D = Eigen::Rotation2D<double>][m[K’:
[24.604s] [01m[K/home/faith/Work/carto_ws/install/cartographer/include/cartographer/transform/transform.h:113:45:[m[K   required from ‘[01m[Kcartographer::transform::Rigid3<FloatType> cartographer::transform::Embed3D(const cartographer::transform::Rigid2<FloatType>&) [with T = double][m[K’
[24.604s] [01m[K/home/faith/Work/carto_ws/src/cartographer_ros/cartographer_ros/src/node.cpp:306:41:[m[K   required from here
[24.604s] [01m[K/home/faith/Work/carto_ws/install/cartographer/include/cartographer/transform/rigid_transform.h:68:14:[m[K [01;36m[Knote: [m[Kparameter passing for argument of type ‘[01m[KEigen::Rotation2D<double>[m[K’ when C++17 is enabled changed to match C++14 in GCC 10.1
[24.604s]    68 |   Rotation2D [01;36m[Krotation[m[K() const { return rotation_; }
[24.604s]       |              [01;36m[K^~~~~~~~[m[K
[26.471s] [ 42%] [32mBuilding CXX object CMakeFiles/cartographer_ros.dir/src/time_conversion.cpp.o[0m
[35.569s] [ 45%] [32mBuilding CXX object CMakeFiles/cartographer_ros.dir/src/trajectory_options.cpp.o[0m
[36.211s] [ 48%] [32mBuilding CXX object CMakeFiles/cartographer_ros.dir/src/urdf_reader.cpp.o[0m
[36.400s] [ 51%] [32mBuilding CXX object CMakeFiles/cartographer_ros.dir/src/metrics/family_factory.cpp.o[0m
[39.282s] [ 54%] [32mBuilding CXX object CMakeFiles/cartographer_ros.dir/src/metrics/internal/family.cpp.o[0m
[41.018s] [ 57%] [32mBuilding CXX object CMakeFiles/cartographer_ros.dir/src/metrics/internal/histogram.cpp.o[0m
[76.051s] [ 60%] [32m[1mLinking CXX static library libcartographer_ros.a[0m
[78.415s] [ 60%] Built target cartographer_ros
[78.455s] [ 62%] [32mBuilding CXX object CMakeFiles/cartographer_offline_node.dir/src/offline_node_main.cpp.o[0m
[78.458s] [ 68%] [32mBuilding CXX object CMakeFiles/cartographer_node.dir/src/node_main.cpp.o[0m
[78.459s] [ 68%] [32mBuilding CXX object CMakeFiles/cartographer_pbstream_map_publisher.dir/src/pbstream_map_publisher_main.cpp.o[0m
[78.460s] [ 71%] [32mBuilding CXX object CMakeFiles/cartographer_assets_writer.dir/src/assets_writer_main.cpp.o[0m
[78.470s] [ 74%] [32mBuilding CXX object CMakeFiles/cartographer_occupancy_grid_node.dir/src/occupancy_grid_node_main.cpp.o[0m
[78.471s] [ 77%] [32mBuilding CXX object CMakeFiles/cartographer_pbstream_to_ros_map.dir/src/pbstream_to_ros_map_main.cpp.o[0m
[78.472s] [ 80%] [32mBuilding CXX object CMakeFiles/cartographer_rosbag_validate.dir/src/rosbag_validate_main.cpp.o[0m
[92.293s] [ 82%] [32m[1mLinking CXX executable cartographer_pbstream_to_ros_map[0m
[93.197s] [ 85%] [32m[1mLinking CXX executable cartographer_assets_writer[0m
[93.506s] [ 88%] [32m[1mLinking CXX executable cartographer_pbstream_map_publisher[0m
[94.787s] [ 88%] Built target cartographer_pbstream_to_ros_map
[95.391s] [ 88%] Built target cartographer_assets_writer
[96.284s] [ 88%] Built target cartographer_pbstream_map_publisher
[100.387s] [ 91%] [32m[1mLinking CXX executable cartographer_offline_node[0m
[101.578s] [ 94%] [32m[1mLinking CXX executable cartographer_occupancy_grid_node[0m
[101.748s] [ 97%] [32m[1mLinking CXX executable cartographer_node[0m
[104.140s] [100%] [32m[1mLinking CXX executable cartographer_rosbag_validate[0m
[105.025s] [100%] Built target cartographer_occupancy_grid_node
[105.594s] [100%] Built target cartographer_rosbag_validate
[110.090s] [100%] Built target cartographer_offline_node
[110.441s] [100%] Built target cartographer_node
[110.481s] Invoked command in '/home/faith/Work/carto_ws/build/cartographer_ros' returned '0': CMAKE_PREFIX_PATH=/home/faith/Work/carto_ws/install/cartographer_ros_msgs:/home/faith/Work/carto_ws/install/cartographer:/home/faith/Work/carto_ws/install/sllidar_ros2:/home/faith/Work/carto_ws/install/cartographer_ros:/opt/ros/humble LD_LIBRARY_PATH=/home/faith/Work/carto_ws/install/cartographer_ros_msgs/lib:/home/faith/Work/carto_ws/install/cartographer_ros/lib:/opt/ros/humble/opt/rviz_ogre_vendor/lib:/opt/ros/humble/lib/aarch64-linux-gnu:/opt/ros/humble/lib /usr/bin/cmake --build /home/faith/Work/carto_ws/build/cartographer_ros -- -j8 -l8
[110.702s] Invoking command in '/home/faith/Work/carto_ws/build/cartographer_ros': CMAKE_PREFIX_PATH=/home/faith/Work/carto_ws/install/cartographer_ros_msgs:/home/faith/Work/carto_ws/install/cartographer:/home/faith/Work/carto_ws/install/sllidar_ros2:/home/faith/Work/carto_ws/install/cartographer_ros:/opt/ros/humble LD_LIBRARY_PATH=/home/faith/Work/carto_ws/install/cartographer_ros_msgs/lib:/home/faith/Work/carto_ws/install/cartographer_ros/lib:/opt/ros/humble/opt/rviz_ogre_vendor/lib:/opt/ros/humble/lib/aarch64-linux-gnu:/opt/ros/humble/lib /usr/bin/cmake --install /home/faith/Work/carto_ws/build/cartographer_ros
[110.726s] -- Install configuration: ""
[110.727s] -- Installing: /home/faith/Work/carto_ws/install/cartographer_ros/lib/libcartographer_ros.a
[110.895s] -- Installing: /home/faith/Work/carto_ws/install/cartographer_ros/lib/cartographer_ros/cartographer_node
[110.948s] -- Set runtime path of "/home/faith/Work/carto_ws/install/cartographer_ros/lib/cartographer_ros/cartographer_node" to ""
[110.948s] -- Installing: /home/faith/Work/carto_ws/install/cartographer_ros/lib/cartographer_ros/cartographer_occupancy_grid_node
[110.962s] -- Set runtime path of "/home/faith/Work/carto_ws/install/cartographer_ros/lib/cartographer_ros/cartographer_occupancy_grid_node" to ""
[110.963s] -- Installing: /home/faith/Work/carto_ws/install/cartographer_ros/lib/cartographer_ros/cartographer_offline_node
[111.017s] -- Set runtime path of "/home/faith/Work/carto_ws/install/cartographer_ros/lib/cartographer_ros/cartographer_offline_node" to ""
[111.017s] -- Installing: /home/faith/Work/carto_ws/install/cartographer_ros/lib/cartographer_ros/cartographer_assets_writer
[111.025s] -- Set runtime path of "/home/faith/Work/carto_ws/install/cartographer_ros/lib/cartographer_ros/cartographer_assets_writer" to ""
[111.026s] -- Installing: /home/faith/Work/carto_ws/install/cartographer_ros/lib/cartographer_ros/cartographer_pbstream_map_publisher
[111.032s] -- Set runtime path of "/home/faith/Work/carto_ws/install/cartographer_ros/lib/cartographer_ros/cartographer_pbstream_map_publisher" to ""
[111.033s] -- Installing: /home/faith/Work/carto_ws/install/cartographer_ros/lib/cartographer_ros/cartographer_pbstream_to_ros_map
[111.036s] -- Set runtime path of "/home/faith/Work/carto_ws/install/cartographer_ros/lib/cartographer_ros/cartographer_pbstream_to_ros_map" to ""
[111.037s] -- Installing: /home/faith/Work/carto_ws/install/cartographer_ros/lib/cartographer_ros/cartographer_rosbag_validate
[111.040s] -- Set runtime path of "/home/faith/Work/carto_ws/install/cartographer_ros/lib/cartographer_ros/cartographer_rosbag_validate" to ""
[111.041s] -- Installing: /home/faith/Work/carto_ws/install/cartographer_ros/include/
[111.041s] -- Installing: /home/faith/Work/carto_ws/install/cartographer_ros/include//cartographer_ros
[111.042s] -- Installing: /home/faith/Work/carto_ws/install/cartographer_ros/include//cartographer_ros/playable_bag.h
[111.043s] -- Installing: /home/faith/Work/carto_ws/install/cartographer_ros/include//cartographer_ros/assets_writer.h
[111.043s] -- Installing: /home/faith/Work/carto_ws/install/cartographer_ros/include//cartographer_ros/submap.h
[111.043s] -- Installing: /home/faith/Work/carto_ws/install/cartographer_ros/include//cartographer_ros/ros_map_writing_points_processor.h
[111.044s] -- Installing: /home/faith/Work/carto_ws/install/cartographer_ros/include//cartographer_ros/sensor_bridge.h
[111.044s] -- Installing: /home/faith/Work/carto_ws/install/cartographer_ros/include//cartographer_ros/time_conversion.h
[111.044s] -- Installing: /home/faith/Work/carto_ws/install/cartographer_ros/include//cartographer_ros/node_options.h
[111.045s] -- Installing: /home/faith/Work/carto_ws/install/cartographer_ros/include//cartographer_ros/offline_node.h
[111.045s] -- Installing: /home/faith/Work/carto_ws/install/cartographer_ros/include//cartographer_ros/ros_map.h
[111.046s] -- Installing: /home/faith/Work/carto_ws/install/cartographer_ros/include//cartographer_ros/ros_log_sink.h
[111.046s] -- Installing: /home/faith/Work/carto_ws/install/cartographer_ros/include//cartographer_ros/tf_bridge.h
[111.047s] -- Installing: /home/faith/Work/carto_ws/install/cartographer_ros/include//cartographer_ros/node.h
[111.047s] -- Installing: /home/faith/Work/carto_ws/install/cartographer_ros/include//cartographer_ros/node_constants.h
[111.047s] -- Installing: /home/faith/Work/carto_ws/install/cartographer_ros/include//cartographer_ros/metrics
[111.048s] -- Installing: /home/faith/Work/carto_ws/install/cartographer_ros/include//cartographer_ros/metrics/internal
[111.048s] -- Installing: /home/faith/Work/carto_ws/install/cartographer_ros/include//cartographer_ros/metrics/internal/family.h
[111.049s] -- Installing: /home/faith/Work/carto_ws/install/cartographer_ros/include//cartographer_ros/metrics/internal/histogram.h
[111.049s] -- Installing: /home/faith/Work/carto_ws/install/cartographer_ros/include//cartographer_ros/metrics/internal/gauge.h
[111.050s] -- Installing: /home/faith/Work/carto_ws/install/cartographer_ros/include//cartographer_ros/metrics/internal/counter.h
[111.050s] -- Installing: /home/faith/Work/carto_ws/install/cartographer_ros/include//cartographer_ros/metrics/family_factory.h
[111.050s] -- Installing: /home/faith/Work/carto_ws/install/cartographer_ros/include//cartographer_ros/msg_conversion.h
[111.051s] -- Installing: /home/faith/Work/carto_ws/install/cartographer_ros/include//cartographer_ros/urdf_reader.h
[111.051s] -- Installing: /home/faith/Work/carto_ws/install/cartographer_ros/include//cartographer_ros/trajectory_options.h
[111.052s] -- Installing: /home/faith/Work/carto_ws/install/cartographer_ros/include//cartographer_ros/map_builder_bridge.h
[111.052s] -- Installing: /home/faith/Work/carto_ws/install/cartographer_ros/share/cartographer_ros//configuration_files
[111.052s] -- Installing: /home/faith/Work/carto_ws/install/cartographer_ros/share/cartographer_ros//configuration_files/revo_lds.lua
[111.053s] -- Installing: /home/faith/Work/carto_ws/install/cartographer_ros/share/cartographer_ros//configuration_files/taurob_tracker.lua
[111.053s] -- Installing: /home/faith/Work/carto_ws/install/cartographer_ros/share/cartographer_ros//configuration_files/backpack_3d.lua
[111.054s] -- Installing: /home/faith/Work/carto_ws/install/cartographer_ros/share/cartographer_ros//configuration_files/assets_writer_ros_map.lua
[111.054s] -- Installing: /home/faith/Work/carto_ws/install/cartographer_ros/share/cartographer_ros//configuration_files/backpack_2d_server.lua
[111.055s] -- Installing: /home/faith/Work/carto_ws/install/cartographer_ros/share/cartographer_ros//configuration_files/mir-100-mapping.lua
[111.055s] -- Installing: /home/faith/Work/carto_ws/install/cartographer_ros/share/cartographer_ros//configuration_files/pr2.lua
[111.056s] -- Installing: /home/faith/Work/carto_ws/install/cartographer_ros/share/cartographer_ros//configuration_files/backpack_2d.lua
[111.056s] -- Installing: /home/faith/Work/carto_ws/install/cartographer_ros/share/cartographer_ros//configuration_files/visualize_pbstream.lua
[111.056s] -- Installing: /home/faith/Work/carto_ws/install/cartographer_ros/share/cartographer_ros//configuration_files/assets_writer_backpack_3d.lua
[111.057s] -- Installing: /home/faith/Work/carto_ws/install/cartographer_ros/share/cartographer_ros//configuration_files/demo_3d.rviz
[111.057s] -- Installing: /home/faith/Work/carto_ws/install/cartographer_ros/share/cartographer_ros//configuration_files/assets_writer_backpack_2d.lua
[111.058s] -- Installing: /home/faith/Work/carto_ws/install/cartographer_ros/share/cartographer_ros//configuration_files/backpack_2d_localization.lua
[111.058s] -- Installing: /home/faith/Work/carto_ws/install/cartographer_ros/share/cartographer_ros//configuration_files/backpack_3d_localization.lua
[111.059s] -- Installing: /home/faith/Work/carto_ws/install/cartographer_ros/share/cartographer_ros//configuration_files/demo_2d.rviz
[111.059s] -- Installing: /home/faith/Work/carto_ws/install/cartographer_ros/share/cartographer_ros//configuration_files/transform.lua
[111.059s] -- Installing: /home/faith/Work/carto_ws/install/cartographer_ros/share/cartographer_ros//configuration_files/assets_writer_backpack_2d_ci.lua
[111.060s] -- Installing: /home/faith/Work/carto_ws/install/cartographer_ros/share/cartographer_ros//configuration_files/backpack_2d_localization_evaluation.lua
[111.061s] -- Installing: /home/faith/Work/carto_ws/install/cartographer_ros/share/cartographer_ros//urdf
[111.061s] -- Installing: /home/faith/Work/carto_ws/install/cartographer_ros/share/cartographer_ros//urdf/mir-100.urdf
[111.062s] -- Installing: /home/faith/Work/carto_ws/install/cartographer_ros/share/cartographer_ros//urdf/backpack_2d.urdf
[111.062s] -- Installing: /home/faith/Work/carto_ws/install/cartographer_ros/share/cartographer_ros//urdf/backpack_3d.urdf
[111.062s] -- Installing: /home/faith/Work/carto_ws/install/cartographer_ros/share/cartographer_ros//launch
[111.063s] -- Installing: /home/faith/Work/carto_ws/install/cartographer_ros/share/cartographer_ros//launch/assets_writer_backpack_2d.launch.py
[111.063s] -- Installing: /home/faith/Work/carto_ws/install/cartographer_ros/share/cartographer_ros//launch/grpc_demo_backpack_2d_localization.launch
[111.063s] -- Installing: /home/faith/Work/carto_ws/install/cartographer_ros/share/cartographer_ros//launch/grpc_demo_backpack_2d.launch
[111.064s] -- Installing: /home/faith/Work/carto_ws/install/cartographer_ros/share/cartographer_ros//launch/offline_node.launch.py
[111.064s] -- Installing: /home/faith/Work/carto_ws/install/cartographer_ros/share/cartographer_ros//launch/demo_backpack_2d_localization.launch.py
[111.064s] -- Installing: /home/faith/Work/carto_ws/install/cartographer_ros/share/cartographer_ros//launch/demo_backpack_2d.launch.py
[111.065s] -- Installing: /home/faith/Work/carto_ws/install/cartographer_ros/share/cartographer_ros//launch/demo_backpack_3d.launch.py
[111.066s] -- Installing: /home/faith/Work/carto_ws/install/cartographer_ros/share/cartographer_ros//launch/visualize_pbstream.launch.py
[111.066s] -- Installing: /home/faith/Work/carto_ws/install/cartographer_ros/share/cartographer_ros//launch/demo_pr2.launch
[111.067s] -- Installing: /home/faith/Work/carto_ws/install/cartographer_ros/share/cartographer_ros//launch/assets_writer_backpack_3d.launch.py
[111.074s] -- Installing: /home/faith/Work/carto_ws/install/cartographer_ros/share/cartographer_ros//launch/offline_backpack_2d.launch.py
[111.082s] -- Installing: /home/faith/Work/carto_ws/install/cartographer_ros/share/cartographer_ros//launch/demo_taurob_tracker.launch.py
[111.083s] -- Installing: /home/faith/Work/carto_ws/install/cartographer_ros/share/cartographer_ros//launch/backpack_3d.launch.py
[111.084s] -- Installing: /home/faith/Work/carto_ws/install/cartographer_ros/share/cartographer_ros//launch/offline_backpack_3d.launch.py
[111.084s] -- Installing: /home/faith/Work/carto_ws/install/cartographer_ros/share/cartographer_ros//launch/taurob_tracker.launch.py
[111.085s] -- Installing: /home/faith/Work/carto_ws/install/cartographer_ros/share/cartographer_ros//launch/offline_mir_100_rviz.launch.py
[111.085s] -- Installing: /home/faith/Work/carto_ws/install/cartographer_ros/share/cartographer_ros//launch/backpack_2d.launch.py
[111.086s] -- Installing: /home/faith/Work/carto_ws/install/cartographer_ros/share/cartographer_ros//launch/assets_writer_ros_map.launch.py
[111.087s] -- Installing: /home/faith/Work/carto_ws/install/cartographer_ros/share/cartographer_ros//launch/demo_backpack_3d_localization.launch.py
[111.087s] -- Installing: /home/faith/Work/carto_ws/install/cartographer_ros/share/cartographer_ros//launch/demo_revo_lds.launch.py
[111.088s] -- Installing: /home/faith/Work/carto_ws/install/cartographer_ros/share/cartographer_ros/environment/library_path.sh
[111.089s] -- Installing: /home/faith/Work/carto_ws/install/cartographer_ros/share/cartographer_ros/environment/library_path.dsv
[111.089s] -- Installing: /home/faith/Work/carto_ws/install/cartographer_ros/share/ament_index/resource_index/package_run_dependencies/cartographer_ros
[111.090s] -- Installing: /home/faith/Work/carto_ws/install/cartographer_ros/share/ament_index/resource_index/parent_prefix_path/cartographer_ros
[111.090s] -- Installing: /home/faith/Work/carto_ws/install/cartographer_ros/share/cartographer_ros/environment/ament_prefix_path.sh
[111.091s] -- Installing: /home/faith/Work/carto_ws/install/cartographer_ros/share/cartographer_ros/environment/ament_prefix_path.dsv
[111.091s] -- Installing: /home/faith/Work/carto_ws/install/cartographer_ros/share/cartographer_ros/environment/path.sh
[111.092s] -- Installing: /home/faith/Work/carto_ws/install/cartographer_ros/share/cartographer_ros/environment/path.dsv
[111.093s] -- Installing: /home/faith/Work/carto_ws/install/cartographer_ros/share/cartographer_ros/local_setup.bash
[111.093s] -- Installing: /home/faith/Work/carto_ws/install/cartographer_ros/share/cartographer_ros/local_setup.sh
[111.094s] -- Installing: /home/faith/Work/carto_ws/install/cartographer_ros/share/cartographer_ros/local_setup.zsh
[111.094s] -- Installing: /home/faith/Work/carto_ws/install/cartographer_ros/share/cartographer_ros/local_setup.dsv
[111.094s] -- Installing: /home/faith/Work/carto_ws/install/cartographer_ros/share/cartographer_ros/package.dsv
[111.103s] -- Installing: /home/faith/Work/carto_ws/install/cartographer_ros/share/ament_index/resource_index/packages/cartographer_ros
[111.104s] -- Installing: /home/faith/Work/carto_ws/install/cartographer_ros/share/cartographer_ros/cmake/ament_cmake_export_include_directories-extras.cmake
[111.105s] -- Installing: /home/faith/Work/carto_ws/install/cartographer_ros/share/cartographer_ros/cmake/ament_cmake_export_libraries-extras.cmake
[111.105s] -- Installing: /home/faith/Work/carto_ws/install/cartographer_ros/share/cartographer_ros/cmake/ament_cmake_export_dependencies-extras.cmake
[111.106s] -- Installing: /home/faith/Work/carto_ws/install/cartographer_ros/share/cartographer_ros/cmake/cartographer_rosConfig.cmake
[111.107s] -- Installing: /home/faith/Work/carto_ws/install/cartographer_ros/share/cartographer_ros/cmake/cartographer_rosConfig-version.cmake
[111.108s] -- Installing: /home/faith/Work/carto_ws/install/cartographer_ros/share/cartographer_ros/package.xml
[111.109s] Invoked command in '/home/faith/Work/carto_ws/build/cartographer_ros' returned '0': CMAKE_PREFIX_PATH=/home/faith/Work/carto_ws/install/cartographer_ros_msgs:/home/faith/Work/carto_ws/install/cartographer:/home/faith/Work/carto_ws/install/sllidar_ros2:/home/faith/Work/carto_ws/install/cartographer_ros:/opt/ros/humble LD_LIBRARY_PATH=/home/faith/Work/carto_ws/install/cartographer_ros_msgs/lib:/home/faith/Work/carto_ws/install/cartographer_ros/lib:/opt/ros/humble/opt/rviz_ogre_vendor/lib:/opt/ros/humble/lib/aarch64-linux-gnu:/opt/ros/humble/lib /usr/bin/cmake --install /home/faith/Work/carto_ws/build/cartographer_ros
