[0.415s] DEBUG:colcon:Command line arguments: ['/usr/bin/colcon', 'build']
[0.415s] DEBUG:colcon:Parsed command line arguments: Namespace(log_base=None, log_level=None, verb_name='build', build_base='build', install_base='install', merge_install=False, symlink_install=False, test_result_base=None, continue_on_error=False, executor='parallel', parallel_workers=8, event_handlers=None, ignore_user_meta=False, metas=['./colcon.meta'], base_paths=['.'], packages_ignore=None, packages_ignore_regex=None, paths=None, packages_up_to=None, packages_up_to_regex=None, packages_above=None, packages_above_and_dependencies=None, packages_above_depth=None, packages_select_by_dep=None, packages_skip_by_dep=None, packages_skip_up_to=None, packages_select_build_failed=False, packages_skip_build_finished=False, packages_select_test_failures=False, packages_skip_test_passed=False, packages_select=None, packages_skip=None, packages_select_regex=None, packages_skip_regex=None, packages_start=None, packages_end=None, cmake_args=None, cmake_target=None, cmake_target_skip_unavailable=False, cmake_clean_cache=False, cmake_clean_first=False, cmake_force_configure=False, ament_cmake_args=None, catkin_cmake_args=None, catkin_skip_building_tests=False, verb_parser=<colcon_defaults.argument_parser.defaults.DefaultArgumentsDecorator object at 0xffff95138c40>, verb_extension=<colcon_core.verb.build.BuildVerb object at 0xffff9530beb0>, main=<bound method BuildVerb.main of <colcon_core.verb.build.BuildVerb object at 0xffff9530beb0>>)
[0.454s] Level 1:colcon.colcon_core.package_discovery:discover_packages(colcon_meta) check parameters
[0.454s] Level 1:colcon.colcon_core.package_discovery:discover_packages(recursive) check parameters
[0.454s] Level 1:colcon.colcon_core.package_discovery:discover_packages(ignore) check parameters
[0.454s] Level 1:colcon.colcon_core.package_discovery:discover_packages(path) check parameters
[0.454s] Level 1:colcon.colcon_core.package_discovery:discover_packages(colcon_meta) discover
[0.454s] Level 1:colcon.colcon_core.package_discovery:discover_packages(recursive) discover
[0.454s] INFO:colcon.colcon_core.package_discovery:Crawling recursively for packages in '/home/faith/Work/carto_ws'
[0.454s] Level 1:colcon.colcon_core.package_identification:_identify(.) by extensions ['ignore', 'ignore_ament_install']
[0.455s] Level 1:colcon.colcon_core.package_identification:_identify(.) by extension 'ignore'
[0.455s] Level 1:colcon.colcon_core.package_identification:_identify(.) by extension 'ignore_ament_install'
[0.455s] Level 1:colcon.colcon_core.package_identification:_identify(.) by extensions ['colcon_pkg']
[0.455s] Level 1:colcon.colcon_core.package_identification:_identify(.) by extension 'colcon_pkg'
[0.455s] Level 1:colcon.colcon_core.package_identification:_identify(.) by extensions ['colcon_meta']
[0.455s] Level 1:colcon.colcon_core.package_identification:_identify(.) by extension 'colcon_meta'
[0.455s] Level 1:colcon.colcon_core.package_identification:_identify(.) by extensions ['ros']
[0.455s] Level 1:colcon.colcon_core.package_identification:_identify(.) by extension 'ros'
[0.509s] Level 1:colcon.colcon_core.package_identification:_identify(.) by extensions ['cmake', 'python']
[0.509s] Level 1:colcon.colcon_core.package_identification:_identify(.) by extension 'cmake'
[0.509s] Level 1:colcon.colcon_core.package_identification:_identify(.) by extension 'python'
[0.509s] Level 1:colcon.colcon_core.package_identification:_identify(.) by extensions ['python_setup_py']
[0.509s] Level 1:colcon.colcon_core.package_identification:_identify(.) by extension 'python_setup_py'
[0.510s] Level 1:colcon.colcon_core.package_identification:_identify(build) by extensions ['ignore', 'ignore_ament_install']
[0.510s] Level 1:colcon.colcon_core.package_identification:_identify(build) by extension 'ignore'
[0.510s] Level 1:colcon.colcon_core.package_identification:_identify(build) ignored
[0.510s] Level 1:colcon.colcon_core.package_identification:_identify(install) by extensions ['ignore', 'ignore_ament_install']
[0.510s] Level 1:colcon.colcon_core.package_identification:_identify(install) by extension 'ignore'
[0.510s] Level 1:colcon.colcon_core.package_identification:_identify(install) ignored
[0.510s] Level 1:colcon.colcon_core.package_identification:_identify(log) by extensions ['ignore', 'ignore_ament_install']
[0.510s] Level 1:colcon.colcon_core.package_identification:_identify(log) by extension 'ignore'
[0.510s] Level 1:colcon.colcon_core.package_identification:_identify(log) ignored
[0.511s] Level 1:colcon.colcon_core.package_identification:_identify(src) by extensions ['ignore', 'ignore_ament_install']
[0.511s] Level 1:colcon.colcon_core.package_identification:_identify(src) by extension 'ignore'
[0.511s] Level 1:colcon.colcon_core.package_identification:_identify(src) by extension 'ignore_ament_install'
[0.511s] Level 1:colcon.colcon_core.package_identification:_identify(src) by extensions ['colcon_pkg']
[0.511s] Level 1:colcon.colcon_core.package_identification:_identify(src) by extension 'colcon_pkg'
[0.511s] Level 1:colcon.colcon_core.package_identification:_identify(src) by extensions ['colcon_meta']
[0.511s] Level 1:colcon.colcon_core.package_identification:_identify(src) by extension 'colcon_meta'
[0.511s] Level 1:colcon.colcon_core.package_identification:_identify(src) by extensions ['ros']
[0.511s] Level 1:colcon.colcon_core.package_identification:_identify(src) by extension 'ros'
[0.511s] Level 1:colcon.colcon_core.package_identification:_identify(src) by extensions ['cmake', 'python']
[0.511s] Level 1:colcon.colcon_core.package_identification:_identify(src) by extension 'cmake'
[0.511s] Level 1:colcon.colcon_core.package_identification:_identify(src) by extension 'python'
[0.511s] Level 1:colcon.colcon_core.package_identification:_identify(src) by extensions ['python_setup_py']
[0.511s] Level 1:colcon.colcon_core.package_identification:_identify(src) by extension 'python_setup_py'
[0.511s] Level 1:colcon.colcon_core.package_identification:_identify(src/cartographer) by extensions ['ignore', 'ignore_ament_install']
[0.512s] Level 1:colcon.colcon_core.package_identification:_identify(src/cartographer) by extension 'ignore'
[0.512s] Level 1:colcon.colcon_core.package_identification:_identify(src/cartographer) by extension 'ignore_ament_install'
[0.512s] Level 1:colcon.colcon_core.package_identification:_identify(src/cartographer) by extensions ['colcon_pkg']
[0.512s] Level 1:colcon.colcon_core.package_identification:_identify(src/cartographer) by extension 'colcon_pkg'
[0.512s] Level 1:colcon.colcon_core.package_identification:_identify(src/cartographer) by extensions ['colcon_meta']
[0.512s] Level 1:colcon.colcon_core.package_identification:_identify(src/cartographer) by extension 'colcon_meta'
[0.512s] Level 1:colcon.colcon_core.package_identification:_identify(src/cartographer) by extensions ['ros']
[0.512s] Level 1:colcon.colcon_core.package_identification:_identify(src/cartographer) by extension 'ros'
[0.517s] DEBUG:colcon.colcon_core.package_identification:Package 'src/cartographer' with type 'ros.cmake' and name 'cartographer'
[0.517s] Level 1:colcon.colcon_core.package_identification:_identify(src/cartographer_ros) by extensions ['ignore', 'ignore_ament_install']
[0.517s] Level 1:colcon.colcon_core.package_identification:_identify(src/cartographer_ros) by extension 'ignore'
[0.517s] Level 1:colcon.colcon_core.package_identification:_identify(src/cartographer_ros) by extension 'ignore_ament_install'
[0.517s] Level 1:colcon.colcon_core.package_identification:_identify(src/cartographer_ros) by extensions ['colcon_pkg']
[0.517s] Level 1:colcon.colcon_core.package_identification:_identify(src/cartographer_ros) by extension 'colcon_pkg'
[0.517s] Level 1:colcon.colcon_core.package_identification:_identify(src/cartographer_ros) by extensions ['colcon_meta']
[0.517s] Level 1:colcon.colcon_core.package_identification:_identify(src/cartographer_ros) by extension 'colcon_meta'
[0.518s] Level 1:colcon.colcon_core.package_identification:_identify(src/cartographer_ros) by extensions ['ros']
[0.518s] Level 1:colcon.colcon_core.package_identification:_identify(src/cartographer_ros) by extension 'ros'
[0.518s] Level 1:colcon.colcon_core.package_identification:_identify(src/cartographer_ros) by extensions ['cmake', 'python']
[0.518s] Level 1:colcon.colcon_core.package_identification:_identify(src/cartographer_ros) by extension 'cmake'
[0.518s] Level 1:colcon.colcon_core.package_identification:_identify(src/cartographer_ros) by extension 'python'
[0.518s] Level 1:colcon.colcon_core.package_identification:_identify(src/cartographer_ros) by extensions ['python_setup_py']
[0.518s] Level 1:colcon.colcon_core.package_identification:_identify(src/cartographer_ros) by extension 'python_setup_py'
[0.518s] Level 1:colcon.colcon_core.package_identification:_identify(src/cartographer_ros/cartographer_ros) by extensions ['ignore', 'ignore_ament_install']
[0.518s] Level 1:colcon.colcon_core.package_identification:_identify(src/cartographer_ros/cartographer_ros) by extension 'ignore'
[0.518s] Level 1:colcon.colcon_core.package_identification:_identify(src/cartographer_ros/cartographer_ros) by extension 'ignore_ament_install'
[0.518s] Level 1:colcon.colcon_core.package_identification:_identify(src/cartographer_ros/cartographer_ros) by extensions ['colcon_pkg']
[0.518s] Level 1:colcon.colcon_core.package_identification:_identify(src/cartographer_ros/cartographer_ros) by extension 'colcon_pkg'
[0.518s] Level 1:colcon.colcon_core.package_identification:_identify(src/cartographer_ros/cartographer_ros) by extensions ['colcon_meta']
[0.518s] Level 1:colcon.colcon_core.package_identification:_identify(src/cartographer_ros/cartographer_ros) by extension 'colcon_meta'
[0.518s] Level 1:colcon.colcon_core.package_identification:_identify(src/cartographer_ros/cartographer_ros) by extensions ['ros']
[0.518s] Level 1:colcon.colcon_core.package_identification:_identify(src/cartographer_ros/cartographer_ros) by extension 'ros'
[0.522s] DEBUG:colcon.colcon_core.package_identification:Package 'src/cartographer_ros/cartographer_ros' with type 'ros.ament_cmake' and name 'cartographer_ros'
[0.522s] Level 1:colcon.colcon_core.package_identification:_identify(src/cartographer_ros/cartographer_ros_msgs) by extensions ['ignore', 'ignore_ament_install']
[0.522s] Level 1:colcon.colcon_core.package_identification:_identify(src/cartographer_ros/cartographer_ros_msgs) by extension 'ignore'
[0.522s] Level 1:colcon.colcon_core.package_identification:_identify(src/cartographer_ros/cartographer_ros_msgs) by extension 'ignore_ament_install'
[0.522s] Level 1:colcon.colcon_core.package_identification:_identify(src/cartographer_ros/cartographer_ros_msgs) by extensions ['colcon_pkg']
[0.522s] Level 1:colcon.colcon_core.package_identification:_identify(src/cartographer_ros/cartographer_ros_msgs) by extension 'colcon_pkg'
[0.522s] Level 1:colcon.colcon_core.package_identification:_identify(src/cartographer_ros/cartographer_ros_msgs) by extensions ['colcon_meta']
[0.522s] Level 1:colcon.colcon_core.package_identification:_identify(src/cartographer_ros/cartographer_ros_msgs) by extension 'colcon_meta'
[0.522s] Level 1:colcon.colcon_core.package_identification:_identify(src/cartographer_ros/cartographer_ros_msgs) by extensions ['ros']
[0.523s] Level 1:colcon.colcon_core.package_identification:_identify(src/cartographer_ros/cartographer_ros_msgs) by extension 'ros'
[0.524s] DEBUG:colcon.colcon_core.package_identification:Package 'src/cartographer_ros/cartographer_ros_msgs' with type 'ros.ament_cmake' and name 'cartographer_ros_msgs'
[0.524s] Level 1:colcon.colcon_core.package_identification:_identify(src/cartographer_ros/cartographer_rviz) by extensions ['ignore', 'ignore_ament_install']
[0.524s] Level 1:colcon.colcon_core.package_identification:_identify(src/cartographer_ros/cartographer_rviz) by extension 'ignore'
[0.524s] Level 1:colcon.colcon_core.package_identification:_identify(src/cartographer_ros/cartographer_rviz) by extension 'ignore_ament_install'
[0.524s] Level 1:colcon.colcon_core.package_identification:_identify(src/cartographer_ros/cartographer_rviz) by extensions ['colcon_pkg']
[0.524s] Level 1:colcon.colcon_core.package_identification:_identify(src/cartographer_ros/cartographer_rviz) by extension 'colcon_pkg'
[0.524s] Level 1:colcon.colcon_core.package_identification:_identify(src/cartographer_ros/cartographer_rviz) by extensions ['colcon_meta']
[0.524s] Level 1:colcon.colcon_core.package_identification:_identify(src/cartographer_ros/cartographer_rviz) by extension 'colcon_meta'
[0.524s] Level 1:colcon.colcon_core.package_identification:_identify(src/cartographer_ros/cartographer_rviz) by extensions ['ros']
[0.524s] Level 1:colcon.colcon_core.package_identification:_identify(src/cartographer_ros/cartographer_rviz) by extension 'ros'
[0.526s] DEBUG:colcon.colcon_core.package_identification:Package 'src/cartographer_ros/cartographer_rviz' with type 'ros.ament_cmake' and name 'cartographer_rviz'
[0.526s] Level 1:colcon.colcon_core.package_identification:_identify(src/cartographer_ros/docs) by extensions ['ignore', 'ignore_ament_install']
[0.526s] Level 1:colcon.colcon_core.package_identification:_identify(src/cartographer_ros/docs) by extension 'ignore'
[0.526s] Level 1:colcon.colcon_core.package_identification:_identify(src/cartographer_ros/docs) ignored
[0.526s] Level 1:colcon.colcon_core.package_identification:_identify(src/cartographer_ros/scripts) by extensions ['ignore', 'ignore_ament_install']
[0.527s] Level 1:colcon.colcon_core.package_identification:_identify(src/cartographer_ros/scripts) by extension 'ignore'
[0.527s] Level 1:colcon.colcon_core.package_identification:_identify(src/cartographer_ros/scripts) by extension 'ignore_ament_install'
[0.527s] Level 1:colcon.colcon_core.package_identification:_identify(src/cartographer_ros/scripts) by extensions ['colcon_pkg']
[0.527s] Level 1:colcon.colcon_core.package_identification:_identify(src/cartographer_ros/scripts) by extension 'colcon_pkg'
[0.527s] Level 1:colcon.colcon_core.package_identification:_identify(src/cartographer_ros/scripts) by extensions ['colcon_meta']
[0.527s] Level 1:colcon.colcon_core.package_identification:_identify(src/cartographer_ros/scripts) by extension 'colcon_meta'
[0.527s] Level 1:colcon.colcon_core.package_identification:_identify(src/cartographer_ros/scripts) by extensions ['ros']
[0.527s] Level 1:colcon.colcon_core.package_identification:_identify(src/cartographer_ros/scripts) by extension 'ros'
[0.527s] Level 1:colcon.colcon_core.package_identification:_identify(src/cartographer_ros/scripts) by extensions ['cmake', 'python']
[0.527s] Level 1:colcon.colcon_core.package_identification:_identify(src/cartographer_ros/scripts) by extension 'cmake'
[0.527s] Level 1:colcon.colcon_core.package_identification:_identify(src/cartographer_ros/scripts) by extension 'python'
[0.527s] Level 1:colcon.colcon_core.package_identification:_identify(src/cartographer_ros/scripts) by extensions ['python_setup_py']
[0.527s] Level 1:colcon.colcon_core.package_identification:_identify(src/cartographer_ros/scripts) by extension 'python_setup_py'
[0.527s] Level 1:colcon.colcon_core.package_identification:_identify(src/faithbot_cartographer) by extensions ['ignore', 'ignore_ament_install']
[0.527s] Level 1:colcon.colcon_core.package_identification:_identify(src/faithbot_cartographer) by extension 'ignore'
[0.527s] Level 1:colcon.colcon_core.package_identification:_identify(src/faithbot_cartographer) by extension 'ignore_ament_install'
[0.527s] Level 1:colcon.colcon_core.package_identification:_identify(src/faithbot_cartographer) by extensions ['colcon_pkg']
[0.527s] Level 1:colcon.colcon_core.package_identification:_identify(src/faithbot_cartographer) by extension 'colcon_pkg'
[0.527s] Level 1:colcon.colcon_core.package_identification:_identify(src/faithbot_cartographer) by extensions ['colcon_meta']
[0.528s] Level 1:colcon.colcon_core.package_identification:_identify(src/faithbot_cartographer) by extension 'colcon_meta'
[0.528s] Level 1:colcon.colcon_core.package_identification:_identify(src/faithbot_cartographer) by extensions ['ros']
[0.528s] Level 1:colcon.colcon_core.package_identification:_identify(src/faithbot_cartographer) by extension 'ros'
[0.528s] DEBUG:colcon.colcon_core.package_identification:Package 'src/faithbot_cartographer' with type 'ros.ament_cmake' and name 'faithbot_cartographer'
[0.528s] Level 1:colcon.colcon_core.package_identification:_identify(src/fishbot_description) by extensions ['ignore', 'ignore_ament_install']
[0.528s] Level 1:colcon.colcon_core.package_identification:_identify(src/fishbot_description) by extension 'ignore'
[0.528s] Level 1:colcon.colcon_core.package_identification:_identify(src/fishbot_description) by extension 'ignore_ament_install'
[0.529s] Level 1:colcon.colcon_core.package_identification:_identify(src/fishbot_description) by extensions ['colcon_pkg']
[0.529s] Level 1:colcon.colcon_core.package_identification:_identify(src/fishbot_description) by extension 'colcon_pkg'
[0.529s] Level 1:colcon.colcon_core.package_identification:_identify(src/fishbot_description) by extensions ['colcon_meta']
[0.529s] Level 1:colcon.colcon_core.package_identification:_identify(src/fishbot_description) by extension 'colcon_meta'
[0.529s] Level 1:colcon.colcon_core.package_identification:_identify(src/fishbot_description) by extensions ['ros']
[0.529s] Level 1:colcon.colcon_core.package_identification:_identify(src/fishbot_description) by extension 'ros'
[0.529s] DEBUG:colcon.colcon_core.package_identification:Package 'src/fishbot_description' with type 'ros.ament_python' and name 'fishbot_description'
[0.529s] Level 1:colcon.colcon_core.package_identification:_identify(src/sllidar_ros2) by extensions ['ignore', 'ignore_ament_install']
[0.530s] Level 1:colcon.colcon_core.package_identification:_identify(src/sllidar_ros2) by extension 'ignore'
[0.530s] Level 1:colcon.colcon_core.package_identification:_identify(src/sllidar_ros2) by extension 'ignore_ament_install'
[0.530s] Level 1:colcon.colcon_core.package_identification:_identify(src/sllidar_ros2) by extensions ['colcon_pkg']
[0.530s] Level 1:colcon.colcon_core.package_identification:_identify(src/sllidar_ros2) by extension 'colcon_pkg'
[0.530s] Level 1:colcon.colcon_core.package_identification:_identify(src/sllidar_ros2) by extensions ['colcon_meta']
[0.530s] Level 1:colcon.colcon_core.package_identification:_identify(src/sllidar_ros2) by extension 'colcon_meta'
[0.530s] Level 1:colcon.colcon_core.package_identification:_identify(src/sllidar_ros2) by extensions ['ros']
[0.530s] Level 1:colcon.colcon_core.package_identification:_identify(src/sllidar_ros2) by extension 'ros'
[0.531s] DEBUG:colcon.colcon_core.package_identification:Package 'src/sllidar_ros2' with type 'ros.ament_cmake' and name 'sllidar_ros2'
[0.531s] Level 1:colcon.colcon_core.package_discovery:discover_packages(recursive) using defaults
[0.531s] Level 1:colcon.colcon_core.package_discovery:discover_packages(ignore) discover
[0.531s] Level 1:colcon.colcon_core.package_discovery:discover_packages(ignore) using defaults
[0.531s] Level 1:colcon.colcon_core.package_discovery:discover_packages(path) discover
[0.531s] Level 1:colcon.colcon_core.package_discovery:discover_packages(path) using defaults
[0.570s] Level 5:colcon.colcon_core.verb:set package 'cartographer' build argument 'cmake_args' from command line to 'None'
[0.570s] Level 5:colcon.colcon_core.verb:set package 'cartographer' build argument 'cmake_target' from command line to 'None'
[0.570s] Level 5:colcon.colcon_core.verb:set package 'cartographer' build argument 'cmake_target_skip_unavailable' from command line to 'False'
[0.570s] Level 5:colcon.colcon_core.verb:set package 'cartographer' build argument 'cmake_clean_cache' from command line to 'False'
[0.570s] Level 5:colcon.colcon_core.verb:set package 'cartographer' build argument 'cmake_clean_first' from command line to 'False'
[0.570s] Level 5:colcon.colcon_core.verb:set package 'cartographer' build argument 'cmake_force_configure' from command line to 'False'
[0.570s] Level 5:colcon.colcon_core.verb:set package 'cartographer' build argument 'ament_cmake_args' from command line to 'None'
[0.570s] Level 5:colcon.colcon_core.verb:set package 'cartographer' build argument 'catkin_cmake_args' from command line to 'None'
[0.570s] Level 5:colcon.colcon_core.verb:set package 'cartographer' build argument 'catkin_skip_building_tests' from command line to 'False'
[0.570s] DEBUG:colcon.colcon_core.verb:Building package 'cartographer' with the following arguments: {'ament_cmake_args': None, 'build_base': '/home/faith/Work/carto_ws/build/cartographer', 'catkin_cmake_args': None, 'catkin_skip_building_tests': False, 'cmake_args': None, 'cmake_clean_cache': False, 'cmake_clean_first': False, 'cmake_force_configure': False, 'cmake_target': None, 'cmake_target_skip_unavailable': False, 'install_base': '/home/faith/Work/carto_ws/install/cartographer', 'merge_install': False, 'path': '/home/faith/Work/carto_ws/src/cartographer', 'symlink_install': False, 'test_result_base': None}
[0.571s] Level 5:colcon.colcon_core.verb:set package 'cartographer_ros_msgs' build argument 'cmake_args' from command line to 'None'
[0.572s] Level 5:colcon.colcon_core.verb:set package 'cartographer_ros_msgs' build argument 'cmake_target' from command line to 'None'
[0.572s] Level 5:colcon.colcon_core.verb:set package 'cartographer_ros_msgs' build argument 'cmake_target_skip_unavailable' from command line to 'False'
[0.572s] Level 5:colcon.colcon_core.verb:set package 'cartographer_ros_msgs' build argument 'cmake_clean_cache' from command line to 'False'
[0.572s] Level 5:colcon.colcon_core.verb:set package 'cartographer_ros_msgs' build argument 'cmake_clean_first' from command line to 'False'
[0.572s] Level 5:colcon.colcon_core.verb:set package 'cartographer_ros_msgs' build argument 'cmake_force_configure' from command line to 'False'
[0.572s] Level 5:colcon.colcon_core.verb:set package 'cartographer_ros_msgs' build argument 'ament_cmake_args' from command line to 'None'
[0.572s] Level 5:colcon.colcon_core.verb:set package 'cartographer_ros_msgs' build argument 'catkin_cmake_args' from command line to 'None'
[0.572s] Level 5:colcon.colcon_core.verb:set package 'cartographer_ros_msgs' build argument 'catkin_skip_building_tests' from command line to 'False'
[0.572s] DEBUG:colcon.colcon_core.verb:Building package 'cartographer_ros_msgs' with the following arguments: {'ament_cmake_args': None, 'build_base': '/home/faith/Work/carto_ws/build/cartographer_ros_msgs', 'catkin_cmake_args': None, 'catkin_skip_building_tests': False, 'cmake_args': None, 'cmake_clean_cache': False, 'cmake_clean_first': False, 'cmake_force_configure': False, 'cmake_target': None, 'cmake_target_skip_unavailable': False, 'install_base': '/home/faith/Work/carto_ws/install/cartographer_ros_msgs', 'merge_install': False, 'path': '/home/faith/Work/carto_ws/src/cartographer_ros/cartographer_ros_msgs', 'symlink_install': False, 'test_result_base': None}
[0.573s] Level 5:colcon.colcon_core.verb:set package 'faithbot_cartographer' build argument 'cmake_args' from command line to 'None'
[0.573s] Level 5:colcon.colcon_core.verb:set package 'faithbot_cartographer' build argument 'cmake_target' from command line to 'None'
[0.573s] Level 5:colcon.colcon_core.verb:set package 'faithbot_cartographer' build argument 'cmake_target_skip_unavailable' from command line to 'False'
[0.573s] Level 5:colcon.colcon_core.verb:set package 'faithbot_cartographer' build argument 'cmake_clean_cache' from command line to 'False'
[0.573s] Level 5:colcon.colcon_core.verb:set package 'faithbot_cartographer' build argument 'cmake_clean_first' from command line to 'False'
[0.573s] Level 5:colcon.colcon_core.verb:set package 'faithbot_cartographer' build argument 'cmake_force_configure' from command line to 'False'
[0.573s] Level 5:colcon.colcon_core.verb:set package 'faithbot_cartographer' build argument 'ament_cmake_args' from command line to 'None'
[0.573s] Level 5:colcon.colcon_core.verb:set package 'faithbot_cartographer' build argument 'catkin_cmake_args' from command line to 'None'
[0.573s] Level 5:colcon.colcon_core.verb:set package 'faithbot_cartographer' build argument 'catkin_skip_building_tests' from command line to 'False'
[0.573s] DEBUG:colcon.colcon_core.verb:Building package 'faithbot_cartographer' with the following arguments: {'ament_cmake_args': None, 'build_base': '/home/faith/Work/carto_ws/build/faithbot_cartographer', 'catkin_cmake_args': None, 'catkin_skip_building_tests': False, 'cmake_args': None, 'cmake_clean_cache': False, 'cmake_clean_first': False, 'cmake_force_configure': False, 'cmake_target': None, 'cmake_target_skip_unavailable': False, 'install_base': '/home/faith/Work/carto_ws/install/faithbot_cartographer', 'merge_install': False, 'path': '/home/faith/Work/carto_ws/src/faithbot_cartographer', 'symlink_install': False, 'test_result_base': None}
[0.575s] Level 5:colcon.colcon_core.verb:set package 'fishbot_description' build argument 'cmake_args' from command line to 'None'
[0.575s] Level 5:colcon.colcon_core.verb:set package 'fishbot_description' build argument 'cmake_target' from command line to 'None'
[0.575s] Level 5:colcon.colcon_core.verb:set package 'fishbot_description' build argument 'cmake_target_skip_unavailable' from command line to 'False'
[0.575s] Level 5:colcon.colcon_core.verb:set package 'fishbot_description' build argument 'cmake_clean_cache' from command line to 'False'
[0.575s] Level 5:colcon.colcon_core.verb:set package 'fishbot_description' build argument 'cmake_clean_first' from command line to 'False'
[0.575s] Level 5:colcon.colcon_core.verb:set package 'fishbot_description' build argument 'cmake_force_configure' from command line to 'False'
[0.575s] Level 5:colcon.colcon_core.verb:set package 'fishbot_description' build argument 'ament_cmake_args' from command line to 'None'
[0.575s] Level 5:colcon.colcon_core.verb:set package 'fishbot_description' build argument 'catkin_cmake_args' from command line to 'None'
[0.575s] Level 5:colcon.colcon_core.verb:set package 'fishbot_description' build argument 'catkin_skip_building_tests' from command line to 'False'
[0.575s] DEBUG:colcon.colcon_core.verb:Building package 'fishbot_description' with the following arguments: {'ament_cmake_args': None, 'build_base': '/home/faith/Work/carto_ws/build/fishbot_description', 'catkin_cmake_args': None, 'catkin_skip_building_tests': False, 'cmake_args': None, 'cmake_clean_cache': False, 'cmake_clean_first': False, 'cmake_force_configure': False, 'cmake_target': None, 'cmake_target_skip_unavailable': False, 'install_base': '/home/faith/Work/carto_ws/install/fishbot_description', 'merge_install': False, 'path': '/home/faith/Work/carto_ws/src/fishbot_description', 'symlink_install': False, 'test_result_base': None}
[0.576s] Level 5:colcon.colcon_core.verb:set package 'sllidar_ros2' build argument 'cmake_args' from command line to 'None'
[0.576s] Level 5:colcon.colcon_core.verb:set package 'sllidar_ros2' build argument 'cmake_target' from command line to 'None'
[0.576s] Level 5:colcon.colcon_core.verb:set package 'sllidar_ros2' build argument 'cmake_target_skip_unavailable' from command line to 'False'
[0.576s] Level 5:colcon.colcon_core.verb:set package 'sllidar_ros2' build argument 'cmake_clean_cache' from command line to 'False'
[0.576s] Level 5:colcon.colcon_core.verb:set package 'sllidar_ros2' build argument 'cmake_clean_first' from command line to 'False'
[0.576s] Level 5:colcon.colcon_core.verb:set package 'sllidar_ros2' build argument 'cmake_force_configure' from command line to 'False'
[0.576s] Level 5:colcon.colcon_core.verb:set package 'sllidar_ros2' build argument 'ament_cmake_args' from command line to 'None'
[0.576s] Level 5:colcon.colcon_core.verb:set package 'sllidar_ros2' build argument 'catkin_cmake_args' from command line to 'None'
[0.576s] Level 5:colcon.colcon_core.verb:set package 'sllidar_ros2' build argument 'catkin_skip_building_tests' from command line to 'False'
[0.576s] DEBUG:colcon.colcon_core.verb:Building package 'sllidar_ros2' with the following arguments: {'ament_cmake_args': None, 'build_base': '/home/faith/Work/carto_ws/build/sllidar_ros2', 'catkin_cmake_args': None, 'catkin_skip_building_tests': False, 'cmake_args': None, 'cmake_clean_cache': False, 'cmake_clean_first': False, 'cmake_force_configure': False, 'cmake_target': None, 'cmake_target_skip_unavailable': False, 'install_base': '/home/faith/Work/carto_ws/install/sllidar_ros2', 'merge_install': False, 'path': '/home/faith/Work/carto_ws/src/sllidar_ros2', 'symlink_install': False, 'test_result_base': None}
[0.577s] Level 5:colcon.colcon_core.verb:set package 'cartographer_ros' build argument 'cmake_args' from command line to 'None'
[0.577s] Level 5:colcon.colcon_core.verb:set package 'cartographer_ros' build argument 'cmake_target' from command line to 'None'
[0.577s] Level 5:colcon.colcon_core.verb:set package 'cartographer_ros' build argument 'cmake_target_skip_unavailable' from command line to 'False'
[0.577s] Level 5:colcon.colcon_core.verb:set package 'cartographer_ros' build argument 'cmake_clean_cache' from command line to 'False'
[0.577s] Level 5:colcon.colcon_core.verb:set package 'cartographer_ros' build argument 'cmake_clean_first' from command line to 'False'
[0.577s] Level 5:colcon.colcon_core.verb:set package 'cartographer_ros' build argument 'cmake_force_configure' from command line to 'False'
[0.577s] Level 5:colcon.colcon_core.verb:set package 'cartographer_ros' build argument 'ament_cmake_args' from command line to 'None'
[0.577s] Level 5:colcon.colcon_core.verb:set package 'cartographer_ros' build argument 'catkin_cmake_args' from command line to 'None'
[0.578s] Level 5:colcon.colcon_core.verb:set package 'cartographer_ros' build argument 'catkin_skip_building_tests' from command line to 'False'
[0.578s] DEBUG:colcon.colcon_core.verb:Building package 'cartographer_ros' with the following arguments: {'ament_cmake_args': None, 'build_base': '/home/faith/Work/carto_ws/build/cartographer_ros', 'catkin_cmake_args': None, 'catkin_skip_building_tests': False, 'cmake_args': None, 'cmake_clean_cache': False, 'cmake_clean_first': False, 'cmake_force_configure': False, 'cmake_target': None, 'cmake_target_skip_unavailable': False, 'install_base': '/home/faith/Work/carto_ws/install/cartographer_ros', 'merge_install': False, 'path': '/home/faith/Work/carto_ws/src/cartographer_ros/cartographer_ros', 'symlink_install': False, 'test_result_base': None}
[0.579s] Level 5:colcon.colcon_core.verb:set package 'cartographer_rviz' build argument 'cmake_args' from command line to 'None'
[0.579s] Level 5:colcon.colcon_core.verb:set package 'cartographer_rviz' build argument 'cmake_target' from command line to 'None'
[0.579s] Level 5:colcon.colcon_core.verb:set package 'cartographer_rviz' build argument 'cmake_target_skip_unavailable' from command line to 'False'
[0.579s] Level 5:colcon.colcon_core.verb:set package 'cartographer_rviz' build argument 'cmake_clean_cache' from command line to 'False'
[0.579s] Level 5:colcon.colcon_core.verb:set package 'cartographer_rviz' build argument 'cmake_clean_first' from command line to 'False'
[0.579s] Level 5:colcon.colcon_core.verb:set package 'cartographer_rviz' build argument 'cmake_force_configure' from command line to 'False'
[0.579s] Level 5:colcon.colcon_core.verb:set package 'cartographer_rviz' build argument 'ament_cmake_args' from command line to 'None'
[0.579s] Level 5:colcon.colcon_core.verb:set package 'cartographer_rviz' build argument 'catkin_cmake_args' from command line to 'None'
[0.579s] Level 5:colcon.colcon_core.verb:set package 'cartographer_rviz' build argument 'catkin_skip_building_tests' from command line to 'False'
[0.579s] DEBUG:colcon.colcon_core.verb:Building package 'cartographer_rviz' with the following arguments: {'ament_cmake_args': None, 'build_base': '/home/faith/Work/carto_ws/build/cartographer_rviz', 'catkin_cmake_args': None, 'catkin_skip_building_tests': False, 'cmake_args': None, 'cmake_clean_cache': False, 'cmake_clean_first': False, 'cmake_force_configure': False, 'cmake_target': None, 'cmake_target_skip_unavailable': False, 'install_base': '/home/faith/Work/carto_ws/install/cartographer_rviz', 'merge_install': False, 'path': '/home/faith/Work/carto_ws/src/cartographer_ros/cartographer_rviz', 'symlink_install': False, 'test_result_base': None}
[0.580s] INFO:colcon.colcon_core.executor:Executing jobs using 'parallel' executor
[0.584s] DEBUG:colcon.colcon_parallel_executor.executor.parallel:run_until_complete
[0.585s] INFO:colcon.colcon_ros.task.cmake.build:Building ROS package in '/home/faith/Work/carto_ws/src/cartographer' with build type 'cmake'
[0.585s] INFO:colcon.colcon_cmake.task.cmake.build:Building CMake package in '/home/faith/Work/carto_ws/src/cartographer'
[0.593s] INFO:colcon.colcon_core.plugin_system:Skipping extension 'colcon_core.shell.bat': Not used on non-Windows systems
[0.594s] INFO:colcon.colcon_core.shell:Skip shell extension 'powershell' for command environment: Not usable outside of PowerShell
[0.594s] DEBUG:colcon.colcon_core.shell:Skip shell extension 'dsv' for command environment
[0.603s] INFO:colcon.colcon_ros.task.ament_cmake.build:Building ROS package in '/home/faith/Work/carto_ws/src/cartographer_ros/cartographer_ros_msgs' with build type 'ament_cmake'
[0.603s] INFO:colcon.colcon_cmake.task.cmake.build:Building CMake package in '/home/faith/Work/carto_ws/src/cartographer_ros/cartographer_ros_msgs'
[0.605s] INFO:colcon.colcon_core.shell:Skip shell extension 'powershell' for command environment: Not usable outside of PowerShell
[0.605s] DEBUG:colcon.colcon_core.shell:Skip shell extension 'dsv' for command environment
[0.612s] INFO:colcon.colcon_ros.task.ament_cmake.build:Building ROS package in '/home/faith/Work/carto_ws/src/faithbot_cartographer' with build type 'ament_cmake'
[0.612s] INFO:colcon.colcon_cmake.task.cmake.build:Building CMake package in '/home/faith/Work/carto_ws/src/faithbot_cartographer'
[0.614s] INFO:colcon.colcon_core.shell:Skip shell extension 'powershell' for command environment: Not usable outside of PowerShell
[0.614s] DEBUG:colcon.colcon_core.shell:Skip shell extension 'dsv' for command environment
[0.620s] INFO:colcon.colcon_ros.task.ament_python.build:Building ROS package in '/home/faith/Work/carto_ws/src/fishbot_description' with build type 'ament_python'
[0.620s] Level 1:colcon.colcon_core.shell:create_environment_hook('fishbot_description', 'ament_prefix_path')
[0.622s] INFO:colcon.colcon_core.shell:Creating environment hook '/home/faith/Work/carto_ws/install/fishbot_description/share/fishbot_description/hook/ament_prefix_path.ps1'
[0.623s] INFO:colcon.colcon_core.shell:Creating environment descriptor '/home/faith/Work/carto_ws/install/fishbot_description/share/fishbot_description/hook/ament_prefix_path.dsv'
[0.624s] INFO:colcon.colcon_core.shell:Creating environment hook '/home/faith/Work/carto_ws/install/fishbot_description/share/fishbot_description/hook/ament_prefix_path.sh'
[0.626s] INFO:colcon.colcon_core.shell:Skip shell extension 'powershell' for command environment: Not usable outside of PowerShell
[0.627s] DEBUG:colcon.colcon_core.shell:Skip shell extension 'dsv' for command environment
[0.633s] INFO:colcon.colcon_ros.task.ament_cmake.build:Building ROS package in '/home/faith/Work/carto_ws/src/sllidar_ros2' with build type 'ament_cmake'
[0.633s] INFO:colcon.colcon_cmake.task.cmake.build:Building CMake package in '/home/faith/Work/carto_ws/src/sllidar_ros2'
[0.635s] INFO:colcon.colcon_core.shell:Skip shell extension 'powershell' for command environment: Not usable outside of PowerShell
[0.635s] DEBUG:colcon.colcon_core.shell:Skip shell extension 'dsv' for command environment
[0.648s] DEBUG:colcon.colcon_core.event_handler.log_command:Invoking command in '/home/faith/Work/carto_ws/build/cartographer': CMAKE_PREFIX_PATH=${CMAKE_PREFIX_PATH}:/home/faith/Work/carto_ws/install/fishbot_description:/opt/ros/humble /usr/bin/cmake --build /home/faith/Work/carto_ws/build/cartographer -- -j8 -l8
[0.654s] DEBUG:colcon.colcon_core.event_handler.log_command:Invoking command in '/home/faith/Work/carto_ws/build/cartographer_ros_msgs': CMAKE_PREFIX_PATH=${CMAKE_PREFIX_PATH}:/home/faith/Work/carto_ws/install/fishbot_description:/opt/ros/humble /usr/bin/cmake --build /home/faith/Work/carto_ws/build/cartographer_ros_msgs -- -j8 -l8
[0.659s] DEBUG:colcon.colcon_core.event_handler.log_command:Invoking command in '/home/faith/Work/carto_ws/build/faithbot_cartographer': CMAKE_PREFIX_PATH=${CMAKE_PREFIX_PATH}:/home/faith/Work/carto_ws/install/fishbot_description:/opt/ros/humble /usr/bin/cmake --build /home/faith/Work/carto_ws/build/faithbot_cartographer -- -j8 -l8
[1.062s] INFO:colcon.colcon_core.task.python.build:Building Python package in '/home/faith/Work/carto_ws/src/fishbot_description'
[1.064s] INFO:colcon.colcon_core.shell:Skip shell extension 'powershell' for command environment: Not usable outside of PowerShell
[1.065s] DEBUG:colcon.colcon_core.shell:Skip shell extension 'dsv' for command environment
[1.079s] DEBUG:colcon.colcon_core.event_handler.log_command:Invoked command in '/home/faith/Work/carto_ws/build/faithbot_cartographer' returned '0': CMAKE_PREFIX_PATH=${CMAKE_PREFIX_PATH}:/home/faith/Work/carto_ws/install/fishbot_description:/opt/ros/humble /usr/bin/cmake --build /home/faith/Work/carto_ws/build/faithbot_cartographer -- -j8 -l8
[1.082s] DEBUG:colcon.colcon_core.event_handler.log_command:Invoking command in '/home/faith/Work/carto_ws/build/sllidar_ros2': CMAKE_PREFIX_PATH=${CMAKE_PREFIX_PATH}:/home/faith/Work/carto_ws/install/fishbot_description:/opt/ros/humble /usr/bin/cmake --build /home/faith/Work/carto_ws/build/sllidar_ros2 -- -j8 -l8
[1.187s] DEBUG:colcon.colcon_core.event_handler.log_command:Invoking command in '/home/faith/Work/carto_ws/build/faithbot_cartographer': CMAKE_PREFIX_PATH=${CMAKE_PREFIX_PATH}:/home/faith/Work/carto_ws/install/fishbot_description:/opt/ros/humble /usr/bin/cmake --install /home/faith/Work/carto_ws/build/faithbot_cartographer
[1.220s] Level 1:colcon.colcon_core.environment:create_environment_scripts_only(faithbot_cartographer)
[1.237s] DEBUG:colcon.colcon_core.event_handler.log_command:Invoked command in '/home/faith/Work/carto_ws/build/faithbot_cartographer' returned '0': CMAKE_PREFIX_PATH=${CMAKE_PREFIX_PATH}:/home/faith/Work/carto_ws/install/fishbot_description:/opt/ros/humble /usr/bin/cmake --install /home/faith/Work/carto_ws/build/faithbot_cartographer
[1.248s] Level 1:colcon.colcon_core.environment:checking '/home/faith/Work/carto_ws/install/faithbot_cartographer' for CMake module files
[1.252s] Level 1:colcon.colcon_core.environment:checking '/home/faith/Work/carto_ws/install/faithbot_cartographer' for CMake config files
[1.254s] Level 1:colcon.colcon_core.shell:create_environment_hook('faithbot_cartographer', 'cmake_prefix_path')
[1.261s] INFO:colcon.colcon_core.shell:Creating environment hook '/home/faith/Work/carto_ws/install/faithbot_cartographer/share/faithbot_cartographer/hook/cmake_prefix_path.ps1'
[1.263s] INFO:colcon.colcon_core.shell:Creating environment descriptor '/home/faith/Work/carto_ws/install/faithbot_cartographer/share/faithbot_cartographer/hook/cmake_prefix_path.dsv'
[1.265s] INFO:colcon.colcon_core.shell:Creating environment hook '/home/faith/Work/carto_ws/install/faithbot_cartographer/share/faithbot_cartographer/hook/cmake_prefix_path.sh'
[1.268s] Level 1:colcon.colcon_core.environment:checking '/home/faith/Work/carto_ws/install/faithbot_cartographer/bin'
[1.268s] Level 1:colcon.colcon_core.environment:checking '/home/faith/Work/carto_ws/install/faithbot_cartographer/lib/pkgconfig/faithbot_cartographer.pc'
[1.270s] Level 1:colcon.colcon_core.environment:checking '/home/faith/Work/carto_ws/install/faithbot_cartographer/lib/python3.10/site-packages'
[1.272s] Level 1:colcon.colcon_core.environment:checking '/home/faith/Work/carto_ws/install/faithbot_cartographer/bin'
[1.279s] INFO:colcon.colcon_core.shell:Creating package script '/home/faith/Work/carto_ws/install/faithbot_cartographer/share/faithbot_cartographer/package.ps1'
[1.281s] INFO:colcon.colcon_core.shell:Creating package descriptor '/home/faith/Work/carto_ws/install/faithbot_cartographer/share/faithbot_cartographer/package.dsv'
[1.282s] INFO:colcon.colcon_core.shell:Creating package script '/home/faith/Work/carto_ws/install/faithbot_cartographer/share/faithbot_cartographer/package.sh'
[1.283s] INFO:colcon.colcon_core.shell:Creating package script '/home/faith/Work/carto_ws/install/faithbot_cartographer/share/faithbot_cartographer/package.bash'
[1.284s] INFO:colcon.colcon_core.shell:Creating package script '/home/faith/Work/carto_ws/install/faithbot_cartographer/share/faithbot_cartographer/package.zsh'
[1.285s] Level 1:colcon.colcon_core.environment:create_file_with_runtime_dependencies(/home/faith/Work/carto_ws/install/faithbot_cartographer/share/colcon-core/packages/faithbot_cartographer)
[1.357s] DEBUG:colcon.colcon_core.event_handler.log_command:Invoked command in '/home/faith/Work/carto_ws/build/sllidar_ros2' returned '0': CMAKE_PREFIX_PATH=${CMAKE_PREFIX_PATH}:/home/faith/Work/carto_ws/install/fishbot_description:/opt/ros/humble /usr/bin/cmake --build /home/faith/Work/carto_ws/build/sllidar_ros2 -- -j8 -l8
[1.369s] Level 1:colcon.colcon_core.environment:create_environment_scripts_only(faithbot_cartographer)
[1.372s] Level 1:colcon.colcon_core.environment:checking '/home/faith/Work/carto_ws/install/faithbot_cartographer' for CMake module files
[1.373s] Level 1:colcon.colcon_core.environment:checking '/home/faith/Work/carto_ws/install/faithbot_cartographer' for CMake config files
[1.374s] Level 1:colcon.colcon_core.shell:create_environment_hook('faithbot_cartographer', 'cmake_prefix_path')
[1.375s] INFO:colcon.colcon_core.shell:Creating environment hook '/home/faith/Work/carto_ws/install/faithbot_cartographer/share/faithbot_cartographer/hook/cmake_prefix_path.ps1'
[1.376s] INFO:colcon.colcon_core.shell:Creating environment descriptor '/home/faith/Work/carto_ws/install/faithbot_cartographer/share/faithbot_cartographer/hook/cmake_prefix_path.dsv'
[1.377s] INFO:colcon.colcon_core.shell:Creating environment hook '/home/faith/Work/carto_ws/install/faithbot_cartographer/share/faithbot_cartographer/hook/cmake_prefix_path.sh'
[1.378s] Level 1:colcon.colcon_core.environment:checking '/home/faith/Work/carto_ws/install/faithbot_cartographer/bin'
[1.378s] Level 1:colcon.colcon_core.environment:checking '/home/faith/Work/carto_ws/install/faithbot_cartographer/lib/pkgconfig/faithbot_cartographer.pc'
[1.378s] Level 1:colcon.colcon_core.environment:checking '/home/faith/Work/carto_ws/install/faithbot_cartographer/lib/python3.10/site-packages'
[1.378s] Level 1:colcon.colcon_core.environment:checking '/home/faith/Work/carto_ws/install/faithbot_cartographer/bin'
[1.380s] INFO:colcon.colcon_core.shell:Creating package script '/home/faith/Work/carto_ws/install/faithbot_cartographer/share/faithbot_cartographer/package.ps1'
[1.385s] INFO:colcon.colcon_core.shell:Creating package descriptor '/home/faith/Work/carto_ws/install/faithbot_cartographer/share/faithbot_cartographer/package.dsv'
[1.386s] INFO:colcon.colcon_core.shell:Creating package script '/home/faith/Work/carto_ws/install/faithbot_cartographer/share/faithbot_cartographer/package.sh'
[1.386s] INFO:colcon.colcon_core.shell:Creating package script '/home/faith/Work/carto_ws/install/faithbot_cartographer/share/faithbot_cartographer/package.bash'
[1.387s] INFO:colcon.colcon_core.shell:Creating package script '/home/faith/Work/carto_ws/install/faithbot_cartographer/share/faithbot_cartographer/package.zsh'
[1.388s] Level 1:colcon.colcon_core.environment:create_file_with_runtime_dependencies(/home/faith/Work/carto_ws/install/faithbot_cartographer/share/colcon-core/packages/faithbot_cartographer)
[1.533s] DEBUG:colcon.colcon_core.event_handler.log_command:Invoked command in '/home/faith/Work/carto_ws/build/cartographer_ros_msgs' returned '0': CMAKE_PREFIX_PATH=${CMAKE_PREFIX_PATH}:/home/faith/Work/carto_ws/install/fishbot_description:/opt/ros/humble /usr/bin/cmake --build /home/faith/Work/carto_ws/build/cartographer_ros_msgs -- -j8 -l8
[1.552s] DEBUG:colcon.colcon_core.event_handler.log_command:Invoking command in '/home/faith/Work/carto_ws/build/sllidar_ros2': CMAKE_PREFIX_PATH=${CMAKE_PREFIX_PATH}:/home/faith/Work/carto_ws/install/fishbot_description:/opt/ros/humble /usr/bin/cmake --install /home/faith/Work/carto_ws/build/sllidar_ros2
[1.640s] Level 1:colcon.colcon_core.environment:create_environment_scripts_only(sllidar_ros2)
[1.647s] DEBUG:colcon.colcon_core.event_handler.log_command:Invoked command in '/home/faith/Work/carto_ws/build/sllidar_ros2' returned '0': CMAKE_PREFIX_PATH=${CMAKE_PREFIX_PATH}:/home/faith/Work/carto_ws/install/fishbot_description:/opt/ros/humble /usr/bin/cmake --install /home/faith/Work/carto_ws/build/sllidar_ros2
[1.656s] Level 1:colcon.colcon_core.environment:checking '/home/faith/Work/carto_ws/install/sllidar_ros2' for CMake module files
[1.661s] Level 1:colcon.colcon_core.environment:checking '/home/faith/Work/carto_ws/install/sllidar_ros2' for CMake config files
[1.663s] Level 1:colcon.colcon_core.shell:create_environment_hook('sllidar_ros2', 'cmake_prefix_path')
[1.672s] INFO:colcon.colcon_core.shell:Creating environment hook '/home/faith/Work/carto_ws/install/sllidar_ros2/share/sllidar_ros2/hook/cmake_prefix_path.ps1'
[1.675s] INFO:colcon.colcon_core.shell:Creating environment descriptor '/home/faith/Work/carto_ws/install/sllidar_ros2/share/sllidar_ros2/hook/cmake_prefix_path.dsv'
[1.677s] INFO:colcon.colcon_core.shell:Creating environment hook '/home/faith/Work/carto_ws/install/sllidar_ros2/share/sllidar_ros2/hook/cmake_prefix_path.sh'
[1.680s] Level 1:colcon.colcon_core.environment:checking '/home/faith/Work/carto_ws/install/sllidar_ros2/lib'
[1.681s] Level 1:colcon.colcon_core.environment:checking '/home/faith/Work/carto_ws/install/sllidar_ros2/bin'
[1.682s] Level 1:colcon.colcon_core.environment:checking '/home/faith/Work/carto_ws/install/sllidar_ros2/lib/pkgconfig/sllidar_ros2.pc'
[1.683s] Level 1:colcon.colcon_core.environment:checking '/home/faith/Work/carto_ws/install/sllidar_ros2/lib/python3.10/site-packages'
[1.684s] Level 1:colcon.colcon_core.environment:checking '/home/faith/Work/carto_ws/install/sllidar_ros2/bin'
[1.693s] INFO:colcon.colcon_core.shell:Creating package script '/home/faith/Work/carto_ws/install/sllidar_ros2/share/sllidar_ros2/package.ps1'
[1.696s] INFO:colcon.colcon_core.shell:Creating package descriptor '/home/faith/Work/carto_ws/install/sllidar_ros2/share/sllidar_ros2/package.dsv'
[1.698s] INFO:colcon.colcon_core.shell:Creating package script '/home/faith/Work/carto_ws/install/sllidar_ros2/share/sllidar_ros2/package.sh'
[1.701s] INFO:colcon.colcon_core.shell:Creating package script '/home/faith/Work/carto_ws/install/sllidar_ros2/share/sllidar_ros2/package.bash'
[1.704s] INFO:colcon.colcon_core.shell:Creating package script '/home/faith/Work/carto_ws/install/sllidar_ros2/share/sllidar_ros2/package.zsh'
[1.706s] Level 1:colcon.colcon_core.environment:create_file_with_runtime_dependencies(/home/faith/Work/carto_ws/install/sllidar_ros2/share/colcon-core/packages/sllidar_ros2)
[1.864s] DEBUG:colcon.colcon_core.event_handler.log_command:Invoking command in '/home/faith/Work/carto_ws/src/fishbot_description': PYTHONPATH=/home/faith/Work/carto_ws/build/fishbot_description/prefix_override:/home/faith/Work/carto_ws/install/fishbot_description/lib/python3.10/site-packages:${PYTHONPATH} /usr/bin/python3 setup.py egg_info --egg-base ../../build/fishbot_description build --build-base /home/faith/Work/carto_ws/build/fishbot_description/build install --record /home/faith/Work/carto_ws/build/fishbot_description/install.log --single-version-externally-managed
[1.877s] Level 1:colcon.colcon_core.environment:create_environment_scripts_only(sllidar_ros2)
[1.880s] Level 1:colcon.colcon_core.environment:checking '/home/faith/Work/carto_ws/install/sllidar_ros2' for CMake module files
[1.880s] Level 1:colcon.colcon_core.environment:checking '/home/faith/Work/carto_ws/install/sllidar_ros2' for CMake config files
[1.881s] Level 1:colcon.colcon_core.shell:create_environment_hook('sllidar_ros2', 'cmake_prefix_path')
[1.883s] INFO:colcon.colcon_core.shell:Creating environment hook '/home/faith/Work/carto_ws/install/sllidar_ros2/share/sllidar_ros2/hook/cmake_prefix_path.ps1'
[1.884s] INFO:colcon.colcon_core.shell:Creating environment descriptor '/home/faith/Work/carto_ws/install/sllidar_ros2/share/sllidar_ros2/hook/cmake_prefix_path.dsv'
[1.884s] INFO:colcon.colcon_core.shell:Creating environment hook '/home/faith/Work/carto_ws/install/sllidar_ros2/share/sllidar_ros2/hook/cmake_prefix_path.sh'
[1.886s] Level 1:colcon.colcon_core.environment:checking '/home/faith/Work/carto_ws/install/sllidar_ros2/lib'
[1.886s] Level 1:colcon.colcon_core.environment:checking '/home/faith/Work/carto_ws/install/sllidar_ros2/bin'
[1.886s] Level 1:colcon.colcon_core.environment:checking '/home/faith/Work/carto_ws/install/sllidar_ros2/lib/pkgconfig/sllidar_ros2.pc'
[1.886s] Level 1:colcon.colcon_core.environment:checking '/home/faith/Work/carto_ws/install/sllidar_ros2/lib/python3.10/site-packages'
[1.887s] Level 1:colcon.colcon_core.environment:checking '/home/faith/Work/carto_ws/install/sllidar_ros2/bin'
[1.889s] INFO:colcon.colcon_core.shell:Creating package script '/home/faith/Work/carto_ws/install/sllidar_ros2/share/sllidar_ros2/package.ps1'
[1.889s] INFO:colcon.colcon_core.shell:Creating package descriptor '/home/faith/Work/carto_ws/install/sllidar_ros2/share/sllidar_ros2/package.dsv'
[1.890s] INFO:colcon.colcon_core.shell:Creating package script '/home/faith/Work/carto_ws/install/sllidar_ros2/share/sllidar_ros2/package.sh'
[1.891s] INFO:colcon.colcon_core.shell:Creating package script '/home/faith/Work/carto_ws/install/sllidar_ros2/share/sllidar_ros2/package.bash'
[1.892s] INFO:colcon.colcon_core.shell:Creating package script '/home/faith/Work/carto_ws/install/sllidar_ros2/share/sllidar_ros2/package.zsh'
[1.893s] Level 1:colcon.colcon_core.environment:create_file_with_runtime_dependencies(/home/faith/Work/carto_ws/install/sllidar_ros2/share/colcon-core/packages/sllidar_ros2)
[2.294s] Level 1:colcon.colcon_core.environment:checking '/home/faith/Work/carto_ws/install/fishbot_description' for CMake module files
[2.295s] DEBUG:colcon.colcon_core.event_handler.log_command:Invoked command in '/home/faith/Work/carto_ws/src/fishbot_description' returned '0': PYTHONPATH=/home/faith/Work/carto_ws/build/fishbot_description/prefix_override:/home/faith/Work/carto_ws/install/fishbot_description/lib/python3.10/site-packages:${PYTHONPATH} /usr/bin/python3 setup.py egg_info --egg-base ../../build/fishbot_description build --build-base /home/faith/Work/carto_ws/build/fishbot_description/build install --record /home/faith/Work/carto_ws/build/fishbot_description/install.log --single-version-externally-managed
[2.296s] Level 1:colcon.colcon_core.environment:checking '/home/faith/Work/carto_ws/install/fishbot_description' for CMake config files
[2.297s] Level 1:colcon.colcon_core.environment:checking '/home/faith/Work/carto_ws/install/fishbot_description/lib'
[2.297s] Level 1:colcon.colcon_core.environment:checking '/home/faith/Work/carto_ws/install/fishbot_description/bin'
[2.297s] Level 1:colcon.colcon_core.environment:checking '/home/faith/Work/carto_ws/install/fishbot_description/lib/pkgconfig/fishbot_description.pc'
[2.298s] Level 1:colcon.colcon_core.environment:checking '/home/faith/Work/carto_ws/install/fishbot_description/lib/python3.10/site-packages'
[2.298s] Level 1:colcon.colcon_core.shell:create_environment_hook('fishbot_description', 'pythonpath')
[2.299s] INFO:colcon.colcon_core.shell:Creating environment hook '/home/faith/Work/carto_ws/install/fishbot_description/share/fishbot_description/hook/pythonpath.ps1'
[2.300s] INFO:colcon.colcon_core.shell:Creating environment descriptor '/home/faith/Work/carto_ws/install/fishbot_description/share/fishbot_description/hook/pythonpath.dsv'
[2.301s] INFO:colcon.colcon_core.shell:Creating environment hook '/home/faith/Work/carto_ws/install/fishbot_description/share/fishbot_description/hook/pythonpath.sh'
[2.302s] Level 1:colcon.colcon_core.environment:checking '/home/faith/Work/carto_ws/install/fishbot_description/bin'
[2.302s] Level 1:colcon.colcon_core.environment:create_environment_scripts_only(fishbot_description)
[2.304s] INFO:colcon.colcon_core.shell:Creating package script '/home/faith/Work/carto_ws/install/fishbot_description/share/fishbot_description/package.ps1'
[2.305s] INFO:colcon.colcon_core.shell:Creating package descriptor '/home/faith/Work/carto_ws/install/fishbot_description/share/fishbot_description/package.dsv'
[2.305s] INFO:colcon.colcon_core.shell:Creating package script '/home/faith/Work/carto_ws/install/fishbot_description/share/fishbot_description/package.sh'
[2.306s] INFO:colcon.colcon_core.shell:Creating package script '/home/faith/Work/carto_ws/install/fishbot_description/share/fishbot_description/package.bash'
[2.307s] INFO:colcon.colcon_core.shell:Creating package script '/home/faith/Work/carto_ws/install/fishbot_description/share/fishbot_description/package.zsh'
[2.307s] Level 1:colcon.colcon_core.environment:create_file_with_runtime_dependencies(/home/faith/Work/carto_ws/install/fishbot_description/share/colcon-core/packages/fishbot_description)
[2.458s] DEBUG:colcon.colcon_core.event_handler.log_command:Invoking command in '/home/faith/Work/carto_ws/build/cartographer_ros_msgs': CMAKE_PREFIX_PATH=${CMAKE_PREFIX_PATH}:/home/faith/Work/carto_ws/install/fishbot_description:/opt/ros/humble /usr/bin/cmake --install /home/faith/Work/carto_ws/build/cartographer_ros_msgs
[2.507s] DEBUG:colcon.colcon_core.event_handler.log_command:Invoked command in '/home/faith/Work/carto_ws/build/cartographer' returned '0': CMAKE_PREFIX_PATH=${CMAKE_PREFIX_PATH}:/home/faith/Work/carto_ws/install/fishbot_description:/opt/ros/humble /usr/bin/cmake --build /home/faith/Work/carto_ws/build/cartographer -- -j8 -l8
[2.591s] Level 1:colcon.colcon_core.environment:create_environment_scripts_only(cartographer_ros_msgs)
[2.594s] Level 1:colcon.colcon_core.environment:checking '/home/faith/Work/carto_ws/install/cartographer_ros_msgs' for CMake module files
[2.595s] DEBUG:colcon.colcon_core.event_handler.log_command:Invoked command in '/home/faith/Work/carto_ws/build/cartographer_ros_msgs' returned '0': CMAKE_PREFIX_PATH=${CMAKE_PREFIX_PATH}:/home/faith/Work/carto_ws/install/fishbot_description:/opt/ros/humble /usr/bin/cmake --install /home/faith/Work/carto_ws/build/cartographer_ros_msgs
[2.596s] Level 1:colcon.colcon_core.environment:checking '/home/faith/Work/carto_ws/install/cartographer_ros_msgs' for CMake config files
[2.598s] Level 1:colcon.colcon_core.shell:create_environment_hook('cartographer_ros_msgs', 'cmake_prefix_path')
[2.600s] INFO:colcon.colcon_core.shell:Creating environment hook '/home/faith/Work/carto_ws/install/cartographer_ros_msgs/share/cartographer_ros_msgs/hook/cmake_prefix_path.ps1'
[2.601s] INFO:colcon.colcon_core.shell:Creating environment descriptor '/home/faith/Work/carto_ws/install/cartographer_ros_msgs/share/cartographer_ros_msgs/hook/cmake_prefix_path.dsv'
[2.601s] INFO:colcon.colcon_core.shell:Creating environment hook '/home/faith/Work/carto_ws/install/cartographer_ros_msgs/share/cartographer_ros_msgs/hook/cmake_prefix_path.sh'
[2.602s] Level 1:colcon.colcon_core.environment:checking '/home/faith/Work/carto_ws/install/cartographer_ros_msgs/lib'
[2.603s] Level 1:colcon.colcon_core.shell:create_environment_hook('cartographer_ros_msgs', 'ld_library_path_lib')
[2.604s] INFO:colcon.colcon_core.shell:Creating environment hook '/home/faith/Work/carto_ws/install/cartographer_ros_msgs/share/cartographer_ros_msgs/hook/ld_library_path_lib.ps1'
[2.605s] INFO:colcon.colcon_core.shell:Creating environment descriptor '/home/faith/Work/carto_ws/install/cartographer_ros_msgs/share/cartographer_ros_msgs/hook/ld_library_path_lib.dsv'
[2.606s] INFO:colcon.colcon_core.shell:Creating environment hook '/home/faith/Work/carto_ws/install/cartographer_ros_msgs/share/cartographer_ros_msgs/hook/ld_library_path_lib.sh'
[2.606s] Level 1:colcon.colcon_core.environment:checking '/home/faith/Work/carto_ws/install/cartographer_ros_msgs/bin'
[2.606s] Level 1:colcon.colcon_core.environment:checking '/home/faith/Work/carto_ws/install/cartographer_ros_msgs/lib/pkgconfig/cartographer_ros_msgs.pc'
[2.607s] Level 1:colcon.colcon_core.environment:checking '/home/faith/Work/carto_ws/install/cartographer_ros_msgs/lib/python3.10/site-packages'
[2.607s] Level 1:colcon.colcon_core.environment:checking '/home/faith/Work/carto_ws/install/cartographer_ros_msgs/bin'
[2.609s] INFO:colcon.colcon_core.shell:Creating package script '/home/faith/Work/carto_ws/install/cartographer_ros_msgs/share/cartographer_ros_msgs/package.ps1'
[2.610s] INFO:colcon.colcon_core.shell:Creating package descriptor '/home/faith/Work/carto_ws/install/cartographer_ros_msgs/share/cartographer_ros_msgs/package.dsv'
[2.610s] INFO:colcon.colcon_core.shell:Creating package script '/home/faith/Work/carto_ws/install/cartographer_ros_msgs/share/cartographer_ros_msgs/package.sh'
[2.611s] INFO:colcon.colcon_core.shell:Creating package script '/home/faith/Work/carto_ws/install/cartographer_ros_msgs/share/cartographer_ros_msgs/package.bash'
[2.611s] INFO:colcon.colcon_core.shell:Creating package script '/home/faith/Work/carto_ws/install/cartographer_ros_msgs/share/cartographer_ros_msgs/package.zsh'
[2.612s] Level 1:colcon.colcon_core.environment:create_file_with_runtime_dependencies(/home/faith/Work/carto_ws/install/cartographer_ros_msgs/share/colcon-core/packages/cartographer_ros_msgs)
[3.454s] Level 1:colcon.colcon_core.environment:create_environment_scripts_only(cartographer_ros_msgs)
[3.464s] Level 1:colcon.colcon_core.environment:checking '/home/faith/Work/carto_ws/install/cartographer_ros_msgs' for CMake module files
[3.468s] Level 1:colcon.colcon_core.environment:checking '/home/faith/Work/carto_ws/install/cartographer_ros_msgs' for CMake config files
[3.473s] Level 1:colcon.colcon_core.shell:create_environment_hook('cartographer_ros_msgs', 'cmake_prefix_path')
[3.477s] INFO:colcon.colcon_core.shell:Creating environment hook '/home/faith/Work/carto_ws/install/cartographer_ros_msgs/share/cartographer_ros_msgs/hook/cmake_prefix_path.ps1'
[3.478s] INFO:colcon.colcon_core.shell:Creating environment descriptor '/home/faith/Work/carto_ws/install/cartographer_ros_msgs/share/cartographer_ros_msgs/hook/cmake_prefix_path.dsv'
[3.479s] INFO:colcon.colcon_core.shell:Creating environment hook '/home/faith/Work/carto_ws/install/cartographer_ros_msgs/share/cartographer_ros_msgs/hook/cmake_prefix_path.sh'
[3.479s] Level 1:colcon.colcon_core.environment:checking '/home/faith/Work/carto_ws/install/cartographer_ros_msgs/lib'
[3.480s] Level 1:colcon.colcon_core.shell:create_environment_hook('cartographer_ros_msgs', 'ld_library_path_lib')
[3.481s] INFO:colcon.colcon_core.shell:Creating environment hook '/home/faith/Work/carto_ws/install/cartographer_ros_msgs/share/cartographer_ros_msgs/hook/ld_library_path_lib.ps1'
[3.482s] INFO:colcon.colcon_core.shell:Creating environment descriptor '/home/faith/Work/carto_ws/install/cartographer_ros_msgs/share/cartographer_ros_msgs/hook/ld_library_path_lib.dsv'
[3.482s] INFO:colcon.colcon_core.shell:Creating environment hook '/home/faith/Work/carto_ws/install/cartographer_ros_msgs/share/cartographer_ros_msgs/hook/ld_library_path_lib.sh'
[3.483s] Level 1:colcon.colcon_core.environment:checking '/home/faith/Work/carto_ws/install/cartographer_ros_msgs/bin'
[3.483s] Level 1:colcon.colcon_core.environment:checking '/home/faith/Work/carto_ws/install/cartographer_ros_msgs/lib/pkgconfig/cartographer_ros_msgs.pc'
[3.483s] Level 1:colcon.colcon_core.environment:checking '/home/faith/Work/carto_ws/install/cartographer_ros_msgs/lib/python3.10/site-packages'
[3.483s] Level 1:colcon.colcon_core.environment:checking '/home/faith/Work/carto_ws/install/cartographer_ros_msgs/bin'
[3.485s] INFO:colcon.colcon_core.shell:Creating package script '/home/faith/Work/carto_ws/install/cartographer_ros_msgs/share/cartographer_ros_msgs/package.ps1'
[3.486s] INFO:colcon.colcon_core.shell:Creating package descriptor '/home/faith/Work/carto_ws/install/cartographer_ros_msgs/share/cartographer_ros_msgs/package.dsv'
[3.487s] INFO:colcon.colcon_core.shell:Creating package script '/home/faith/Work/carto_ws/install/cartographer_ros_msgs/share/cartographer_ros_msgs/package.sh'
[3.487s] INFO:colcon.colcon_core.shell:Creating package script '/home/faith/Work/carto_ws/install/cartographer_ros_msgs/share/cartographer_ros_msgs/package.bash'
[3.488s] INFO:colcon.colcon_core.shell:Creating package script '/home/faith/Work/carto_ws/install/cartographer_ros_msgs/share/cartographer_ros_msgs/package.zsh'
[3.488s] Level 1:colcon.colcon_core.environment:create_file_with_runtime_dependencies(/home/faith/Work/carto_ws/install/cartographer_ros_msgs/share/colcon-core/packages/cartographer_ros_msgs)
[4.002s] DEBUG:colcon.colcon_core.event_handler.log_command:Invoking command in '/home/faith/Work/carto_ws/build/cartographer': CMAKE_PREFIX_PATH=${CMAKE_PREFIX_PATH}:/home/faith/Work/carto_ws/install/fishbot_description:/opt/ros/humble /usr/bin/cmake --install /home/faith/Work/carto_ws/build/cartographer
[4.088s] DEBUG:colcon.colcon_core.event_handler.log_command:Invoked command in '/home/faith/Work/carto_ws/build/cartographer' returned '0': CMAKE_PREFIX_PATH=${CMAKE_PREFIX_PATH}:/home/faith/Work/carto_ws/install/fishbot_description:/opt/ros/humble /usr/bin/cmake --install /home/faith/Work/carto_ws/build/cartographer
[5.633s] Level 1:colcon.colcon_core.shell:create_environment_hook('cartographer', 'pkg_config_path')
[5.642s] INFO:colcon.colcon_core.shell:Creating environment hook '/home/faith/Work/carto_ws/install/cartographer/share/cartographer/hook/pkg_config_path.ps1'
[5.644s] INFO:colcon.colcon_core.shell:Creating environment descriptor '/home/faith/Work/carto_ws/install/cartographer/share/cartographer/hook/pkg_config_path.dsv'
[5.646s] INFO:colcon.colcon_core.shell:Creating environment hook '/home/faith/Work/carto_ws/install/cartographer/share/cartographer/hook/pkg_config_path.sh'
[5.653s] Level 1:colcon.colcon_core.shell:create_environment_hook('cartographer', 'pkg_config_path_multiarch')
[5.660s] INFO:colcon.colcon_core.shell:Creating environment hook '/home/faith/Work/carto_ws/install/cartographer/share/cartographer/hook/pkg_config_path_multiarch.ps1'
[5.662s] INFO:colcon.colcon_core.shell:Creating environment descriptor '/home/faith/Work/carto_ws/install/cartographer/share/cartographer/hook/pkg_config_path_multiarch.dsv'
[5.663s] INFO:colcon.colcon_core.shell:Creating environment hook '/home/faith/Work/carto_ws/install/cartographer/share/cartographer/hook/pkg_config_path_multiarch.sh'
[5.664s] Level 1:colcon.colcon_core.environment:create_environment_scripts_only(cartographer)
[5.675s] Level 1:colcon.colcon_core.environment:checking '/home/faith/Work/carto_ws/install/cartographer' for CMake module files
[5.677s] Level 1:colcon.colcon_core.environment:checking '/home/faith/Work/carto_ws/install/cartographer' for CMake config files
[5.680s] Level 1:colcon.colcon_core.shell:create_environment_hook('cartographer', 'cmake_prefix_path')
[5.684s] INFO:colcon.colcon_core.shell:Creating environment hook '/home/faith/Work/carto_ws/install/cartographer/share/cartographer/hook/cmake_prefix_path.ps1'
[5.684s] INFO:colcon.colcon_core.shell:Creating environment descriptor '/home/faith/Work/carto_ws/install/cartographer/share/cartographer/hook/cmake_prefix_path.dsv'
[5.685s] INFO:colcon.colcon_core.shell:Creating environment hook '/home/faith/Work/carto_ws/install/cartographer/share/cartographer/hook/cmake_prefix_path.sh'
[5.685s] Level 1:colcon.colcon_core.environment:checking '/home/faith/Work/carto_ws/install/cartographer/lib'
[5.685s] Level 1:colcon.colcon_core.environment:checking '/home/faith/Work/carto_ws/install/cartographer/bin'
[5.686s] Level 1:colcon.colcon_core.shell:create_environment_hook('cartographer', 'path')
[5.687s] INFO:colcon.colcon_core.shell:Creating environment hook '/home/faith/Work/carto_ws/install/cartographer/share/cartographer/hook/path.ps1'
[5.688s] INFO:colcon.colcon_core.shell:Creating environment descriptor '/home/faith/Work/carto_ws/install/cartographer/share/cartographer/hook/path.dsv'
[5.688s] INFO:colcon.colcon_core.shell:Creating environment hook '/home/faith/Work/carto_ws/install/cartographer/share/cartographer/hook/path.sh'
[5.688s] Level 1:colcon.colcon_core.environment:checking '/home/faith/Work/carto_ws/install/cartographer/lib/pkgconfig/cartographer.pc'
[5.689s] Level 1:colcon.colcon_core.environment:checking '/home/faith/Work/carto_ws/install/cartographer/lib/python3.10/site-packages'
[5.689s] Level 1:colcon.colcon_core.environment:checking '/home/faith/Work/carto_ws/install/cartographer/bin'
[5.689s] Level 1:colcon.colcon_core.shell:create_environment_hook('cartographer', 'pythonscriptspath')
[5.691s] INFO:colcon.colcon_core.shell:Creating environment hook '/home/faith/Work/carto_ws/install/cartographer/share/cartographer/hook/pythonscriptspath.ps1'
[5.691s] INFO:colcon.colcon_core.shell:Creating environment descriptor '/home/faith/Work/carto_ws/install/cartographer/share/cartographer/hook/pythonscriptspath.dsv'
[5.691s] INFO:colcon.colcon_core.shell:Creating environment hook '/home/faith/Work/carto_ws/install/cartographer/share/cartographer/hook/pythonscriptspath.sh'
[5.694s] INFO:colcon.colcon_core.shell:Creating package script '/home/faith/Work/carto_ws/install/cartographer/share/cartographer/package.ps1'
[5.694s] INFO:colcon.colcon_core.shell:Creating package descriptor '/home/faith/Work/carto_ws/install/cartographer/share/cartographer/package.dsv'
[5.695s] INFO:colcon.colcon_core.shell:Creating package script '/home/faith/Work/carto_ws/install/cartographer/share/cartographer/package.sh'
[5.696s] INFO:colcon.colcon_core.shell:Creating package script '/home/faith/Work/carto_ws/install/cartographer/share/cartographer/package.bash'
[5.696s] INFO:colcon.colcon_core.shell:Creating package script '/home/faith/Work/carto_ws/install/cartographer/share/cartographer/package.zsh'
[5.697s] Level 1:colcon.colcon_core.environment:create_file_with_runtime_dependencies(/home/faith/Work/carto_ws/install/cartographer/share/colcon-core/packages/cartographer)
[5.697s] INFO:colcon.colcon_ros.task.ament_cmake.build:Building ROS package in '/home/faith/Work/carto_ws/src/cartographer_ros/cartographer_ros' with build type 'ament_cmake'
[5.697s] INFO:colcon.colcon_cmake.task.cmake.build:Building CMake package in '/home/faith/Work/carto_ws/src/cartographer_ros/cartographer_ros'
[5.699s] INFO:colcon.colcon_core.shell:Skip shell extension 'powershell' for command environment: Not usable outside of PowerShell
[5.699s] DEBUG:colcon.colcon_core.shell:Skip shell extension 'dsv' for command environment
[5.732s] DEBUG:colcon.colcon_core.event_handler.log_command:Invoking command in '/home/faith/Work/carto_ws/build/cartographer_ros': CMAKE_PREFIX_PATH=/home/faith/Work/carto_ws/install/cartographer_ros_msgs:/home/faith/Work/carto_ws/install/cartographer:/home/faith/Work/carto_ws/install/faithbot_cartographer:/home/faith/Work/carto_ws/install/cartographer_rviz:/home/faith/Work/carto_ws/install/sllidar_ros2:/home/faith/Work/carto_ws/install/cartographer_ros:/home/faith/Work/carto_ws/install/fishbot_description:/opt/ros/humble LD_LIBRARY_PATH=/home/faith/Work/carto_ws/install/cartographer_ros_msgs/lib:/home/faith/Work/carto_ws/install/cartographer_rviz/lib:/home/faith/Work/carto_ws/install/cartographer_ros/lib:/opt/ros/humble/opt/rviz_ogre_vendor/lib:/opt/ros/humble/lib/aarch64-linux-gnu:/opt/ros/humble/lib /usr/bin/cmake --build /home/faith/Work/carto_ws/build/cartographer_ros -- -j8 -l8
[6.417s] DEBUG:colcon.colcon_core.event_handler.log_command:Invoked command in '/home/faith/Work/carto_ws/build/cartographer_ros' returned '0': CMAKE_PREFIX_PATH=/home/faith/Work/carto_ws/install/cartographer_ros_msgs:/home/faith/Work/carto_ws/install/cartographer:/home/faith/Work/carto_ws/install/faithbot_cartographer:/home/faith/Work/carto_ws/install/cartographer_rviz:/home/faith/Work/carto_ws/install/sllidar_ros2:/home/faith/Work/carto_ws/install/cartographer_ros:/home/faith/Work/carto_ws/install/fishbot_description:/opt/ros/humble LD_LIBRARY_PATH=/home/faith/Work/carto_ws/install/cartographer_ros_msgs/lib:/home/faith/Work/carto_ws/install/cartographer_rviz/lib:/home/faith/Work/carto_ws/install/cartographer_ros/lib:/opt/ros/humble/opt/rviz_ogre_vendor/lib:/opt/ros/humble/lib/aarch64-linux-gnu:/opt/ros/humble/lib /usr/bin/cmake --build /home/faith/Work/carto_ws/build/cartographer_ros -- -j8 -l8
[6.641s] DEBUG:colcon.colcon_core.event_handler.log_command:Invoking command in '/home/faith/Work/carto_ws/build/cartographer_ros': CMAKE_PREFIX_PATH=/home/faith/Work/carto_ws/install/cartographer_ros_msgs:/home/faith/Work/carto_ws/install/cartographer:/home/faith/Work/carto_ws/install/faithbot_cartographer:/home/faith/Work/carto_ws/install/cartographer_rviz:/home/faith/Work/carto_ws/install/sllidar_ros2:/home/faith/Work/carto_ws/install/cartographer_ros:/home/faith/Work/carto_ws/install/fishbot_description:/opt/ros/humble LD_LIBRARY_PATH=/home/faith/Work/carto_ws/install/cartographer_ros_msgs/lib:/home/faith/Work/carto_ws/install/cartographer_rviz/lib:/home/faith/Work/carto_ws/install/cartographer_ros/lib:/opt/ros/humble/opt/rviz_ogre_vendor/lib:/opt/ros/humble/lib/aarch64-linux-gnu:/opt/ros/humble/lib /usr/bin/cmake --install /home/faith/Work/carto_ws/build/cartographer_ros
[6.676s] Level 1:colcon.colcon_core.environment:create_environment_scripts_only(cartographer_ros)
[6.688s] Level 1:colcon.colcon_core.environment:checking '/home/faith/Work/carto_ws/install/cartographer_ros' for CMake module files
[6.697s] Level 1:colcon.colcon_core.environment:checking '/home/faith/Work/carto_ws/install/cartographer_ros' for CMake config files
[6.704s] Level 1:colcon.colcon_core.shell:create_environment_hook('cartographer_ros', 'cmake_prefix_path')
[6.711s] INFO:colcon.colcon_core.shell:Creating environment hook '/home/faith/Work/carto_ws/install/cartographer_ros/share/cartographer_ros/hook/cmake_prefix_path.ps1'
[6.713s] INFO:colcon.colcon_core.shell:Creating environment descriptor '/home/faith/Work/carto_ws/install/cartographer_ros/share/cartographer_ros/hook/cmake_prefix_path.dsv'
[6.716s] INFO:colcon.colcon_core.shell:Creating environment hook '/home/faith/Work/carto_ws/install/cartographer_ros/share/cartographer_ros/hook/cmake_prefix_path.sh'
[6.720s] Level 1:colcon.colcon_core.environment:checking '/home/faith/Work/carto_ws/install/cartographer_ros/lib'
[6.721s] Level 1:colcon.colcon_core.environment:checking '/home/faith/Work/carto_ws/install/cartographer_ros/bin'
[6.722s] Level 1:colcon.colcon_core.environment:checking '/home/faith/Work/carto_ws/install/cartographer_ros/lib/pkgconfig/cartographer_ros.pc'
[6.723s] Level 1:colcon.colcon_core.environment:checking '/home/faith/Work/carto_ws/install/cartographer_ros/lib/python3.10/site-packages'
[6.724s] Level 1:colcon.colcon_core.environment:checking '/home/faith/Work/carto_ws/install/cartographer_ros/bin'
[6.732s] INFO:colcon.colcon_core.shell:Creating package script '/home/faith/Work/carto_ws/install/cartographer_ros/share/cartographer_ros/package.ps1'
[6.734s] INFO:colcon.colcon_core.shell:Creating package descriptor '/home/faith/Work/carto_ws/install/cartographer_ros/share/cartographer_ros/package.dsv'
[6.737s] INFO:colcon.colcon_core.shell:Creating package script '/home/faith/Work/carto_ws/install/cartographer_ros/share/cartographer_ros/package.sh'
[6.740s] INFO:colcon.colcon_core.shell:Creating package script '/home/faith/Work/carto_ws/install/cartographer_ros/share/cartographer_ros/package.bash'
[6.743s] INFO:colcon.colcon_core.shell:Creating package script '/home/faith/Work/carto_ws/install/cartographer_ros/share/cartographer_ros/package.zsh'
[6.745s] Level 1:colcon.colcon_core.environment:create_file_with_runtime_dependencies(/home/faith/Work/carto_ws/install/cartographer_ros/share/colcon-core/packages/cartographer_ros)
[6.762s] DEBUG:colcon.colcon_core.event_handler.log_command:Invoked command in '/home/faith/Work/carto_ws/build/cartographer_ros' returned '0': CMAKE_PREFIX_PATH=/home/faith/Work/carto_ws/install/cartographer_ros_msgs:/home/faith/Work/carto_ws/install/cartographer:/home/faith/Work/carto_ws/install/faithbot_cartographer:/home/faith/Work/carto_ws/install/cartographer_rviz:/home/faith/Work/carto_ws/install/sllidar_ros2:/home/faith/Work/carto_ws/install/cartographer_ros:/home/faith/Work/carto_ws/install/fishbot_description:/opt/ros/humble LD_LIBRARY_PATH=/home/faith/Work/carto_ws/install/cartographer_ros_msgs/lib:/home/faith/Work/carto_ws/install/cartographer_rviz/lib:/home/faith/Work/carto_ws/install/cartographer_ros/lib:/opt/ros/humble/opt/rviz_ogre_vendor/lib:/opt/ros/humble/lib/aarch64-linux-gnu:/opt/ros/humble/lib /usr/bin/cmake --install /home/faith/Work/carto_ws/build/cartographer_ros
[6.977s] Level 1:colcon.colcon_core.environment:create_environment_scripts_only(cartographer_ros)
[6.988s] Level 1:colcon.colcon_core.environment:checking '/home/faith/Work/carto_ws/install/cartographer_ros' for CMake module files
[6.991s] Level 1:colcon.colcon_core.environment:checking '/home/faith/Work/carto_ws/install/cartographer_ros' for CMake config files
[6.993s] Level 1:colcon.colcon_core.shell:create_environment_hook('cartographer_ros', 'cmake_prefix_path')
[7.000s] INFO:colcon.colcon_core.shell:Creating environment hook '/home/faith/Work/carto_ws/install/cartographer_ros/share/cartographer_ros/hook/cmake_prefix_path.ps1'
[7.002s] INFO:colcon.colcon_core.shell:Creating environment descriptor '/home/faith/Work/carto_ws/install/cartographer_ros/share/cartographer_ros/hook/cmake_prefix_path.dsv'
[7.003s] INFO:colcon.colcon_core.shell:Creating environment hook '/home/faith/Work/carto_ws/install/cartographer_ros/share/cartographer_ros/hook/cmake_prefix_path.sh'
[7.005s] Level 1:colcon.colcon_core.environment:checking '/home/faith/Work/carto_ws/install/cartographer_ros/lib'
[7.005s] Level 1:colcon.colcon_core.environment:checking '/home/faith/Work/carto_ws/install/cartographer_ros/bin'
[7.006s] Level 1:colcon.colcon_core.environment:checking '/home/faith/Work/carto_ws/install/cartographer_ros/lib/pkgconfig/cartographer_ros.pc'
[7.007s] Level 1:colcon.colcon_core.environment:checking '/home/faith/Work/carto_ws/install/cartographer_ros/lib/python3.10/site-packages'
[7.008s] Level 1:colcon.colcon_core.environment:checking '/home/faith/Work/carto_ws/install/cartographer_ros/bin'
[7.015s] INFO:colcon.colcon_core.shell:Creating package script '/home/faith/Work/carto_ws/install/cartographer_ros/share/cartographer_ros/package.ps1'
[7.016s] INFO:colcon.colcon_core.shell:Creating package descriptor '/home/faith/Work/carto_ws/install/cartographer_ros/share/cartographer_ros/package.dsv'
[7.017s] INFO:colcon.colcon_core.shell:Creating package script '/home/faith/Work/carto_ws/install/cartographer_ros/share/cartographer_ros/package.sh'
[7.018s] INFO:colcon.colcon_core.shell:Creating package script '/home/faith/Work/carto_ws/install/cartographer_ros/share/cartographer_ros/package.bash'
[7.018s] INFO:colcon.colcon_core.shell:Creating package script '/home/faith/Work/carto_ws/install/cartographer_ros/share/cartographer_ros/package.zsh'
[7.019s] Level 1:colcon.colcon_core.environment:create_file_with_runtime_dependencies(/home/faith/Work/carto_ws/install/cartographer_ros/share/colcon-core/packages/cartographer_ros)
[7.019s] INFO:colcon.colcon_ros.task.ament_cmake.build:Building ROS package in '/home/faith/Work/carto_ws/src/cartographer_ros/cartographer_rviz' with build type 'ament_cmake'
[7.019s] INFO:colcon.colcon_cmake.task.cmake.build:Building CMake package in '/home/faith/Work/carto_ws/src/cartographer_ros/cartographer_rviz'
[7.021s] INFO:colcon.colcon_core.shell:Skip shell extension 'powershell' for command environment: Not usable outside of PowerShell
[7.021s] DEBUG:colcon.colcon_core.shell:Skip shell extension 'dsv' for command environment
[7.059s] DEBUG:colcon.colcon_core.event_handler.log_command:Invoking command in '/home/faith/Work/carto_ws/build/cartographer_rviz': CMAKE_PREFIX_PATH=/home/faith/Work/carto_ws/install/cartographer_ros:/home/faith/Work/carto_ws/install/cartographer_ros_msgs:/home/faith/Work/carto_ws/install/cartographer:/home/faith/Work/carto_ws/install/faithbot_cartographer:/home/faith/Work/carto_ws/install/cartographer_rviz:/home/faith/Work/carto_ws/install/sllidar_ros2:/home/faith/Work/carto_ws/install/fishbot_description:/opt/ros/humble LD_LIBRARY_PATH=/home/faith/Work/carto_ws/install/cartographer_ros_msgs/lib:/home/faith/Work/carto_ws/install/cartographer_rviz/lib:/home/faith/Work/carto_ws/install/cartographer_ros/lib:/opt/ros/humble/opt/rviz_ogre_vendor/lib:/opt/ros/humble/lib/aarch64-linux-gnu:/opt/ros/humble/lib /usr/bin/cmake --build /home/faith/Work/carto_ws/build/cartographer_rviz -- -j8 -l8
[7.486s] DEBUG:colcon.colcon_core.event_handler.log_command:Invoked command in '/home/faith/Work/carto_ws/build/cartographer_rviz' returned '0': CMAKE_PREFIX_PATH=/home/faith/Work/carto_ws/install/cartographer_ros:/home/faith/Work/carto_ws/install/cartographer_ros_msgs:/home/faith/Work/carto_ws/install/cartographer:/home/faith/Work/carto_ws/install/faithbot_cartographer:/home/faith/Work/carto_ws/install/cartographer_rviz:/home/faith/Work/carto_ws/install/sllidar_ros2:/home/faith/Work/carto_ws/install/fishbot_description:/opt/ros/humble LD_LIBRARY_PATH=/home/faith/Work/carto_ws/install/cartographer_ros_msgs/lib:/home/faith/Work/carto_ws/install/cartographer_rviz/lib:/home/faith/Work/carto_ws/install/cartographer_ros/lib:/opt/ros/humble/opt/rviz_ogre_vendor/lib:/opt/ros/humble/lib/aarch64-linux-gnu:/opt/ros/humble/lib /usr/bin/cmake --build /home/faith/Work/carto_ws/build/cartographer_rviz -- -j8 -l8
[7.580s] DEBUG:colcon.colcon_core.event_handler.log_command:Invoking command in '/home/faith/Work/carto_ws/build/cartographer_rviz': CMAKE_PREFIX_PATH=/home/faith/Work/carto_ws/install/cartographer_ros:/home/faith/Work/carto_ws/install/cartographer_ros_msgs:/home/faith/Work/carto_ws/install/cartographer:/home/faith/Work/carto_ws/install/faithbot_cartographer:/home/faith/Work/carto_ws/install/cartographer_rviz:/home/faith/Work/carto_ws/install/sllidar_ros2:/home/faith/Work/carto_ws/install/fishbot_description:/opt/ros/humble LD_LIBRARY_PATH=/home/faith/Work/carto_ws/install/cartographer_ros_msgs/lib:/home/faith/Work/carto_ws/install/cartographer_rviz/lib:/home/faith/Work/carto_ws/install/cartographer_ros/lib:/opt/ros/humble/opt/rviz_ogre_vendor/lib:/opt/ros/humble/lib/aarch64-linux-gnu:/opt/ros/humble/lib /usr/bin/cmake --install /home/faith/Work/carto_ws/build/cartographer_rviz
[7.611s] Level 1:colcon.colcon_core.environment:create_environment_scripts_only(cartographer_rviz)
[7.623s] Level 1:colcon.colcon_core.environment:checking '/home/faith/Work/carto_ws/install/cartographer_rviz' for CMake module files
[7.631s] Level 1:colcon.colcon_core.environment:checking '/home/faith/Work/carto_ws/install/cartographer_rviz' for CMake config files
[7.640s] DEBUG:colcon.colcon_core.event_handler.log_command:Invoked command in '/home/faith/Work/carto_ws/build/cartographer_rviz' returned '0': CMAKE_PREFIX_PATH=/home/faith/Work/carto_ws/install/cartographer_ros:/home/faith/Work/carto_ws/install/cartographer_ros_msgs:/home/faith/Work/carto_ws/install/cartographer:/home/faith/Work/carto_ws/install/faithbot_cartographer:/home/faith/Work/carto_ws/install/cartographer_rviz:/home/faith/Work/carto_ws/install/sllidar_ros2:/home/faith/Work/carto_ws/install/fishbot_description:/opt/ros/humble LD_LIBRARY_PATH=/home/faith/Work/carto_ws/install/cartographer_ros_msgs/lib:/home/faith/Work/carto_ws/install/cartographer_rviz/lib:/home/faith/Work/carto_ws/install/cartographer_ros/lib:/opt/ros/humble/opt/rviz_ogre_vendor/lib:/opt/ros/humble/lib/aarch64-linux-gnu:/opt/ros/humble/lib /usr/bin/cmake --install /home/faith/Work/carto_ws/build/cartographer_rviz
[7.641s] Level 1:colcon.colcon_core.shell:create_environment_hook('cartographer_rviz', 'cmake_prefix_path')
[7.648s] INFO:colcon.colcon_core.shell:Creating environment hook '/home/faith/Work/carto_ws/install/cartographer_rviz/share/cartographer_rviz/hook/cmake_prefix_path.ps1'
[7.650s] INFO:colcon.colcon_core.shell:Creating environment descriptor '/home/faith/Work/carto_ws/install/cartographer_rviz/share/cartographer_rviz/hook/cmake_prefix_path.dsv'
[7.651s] INFO:colcon.colcon_core.shell:Creating environment hook '/home/faith/Work/carto_ws/install/cartographer_rviz/share/cartographer_rviz/hook/cmake_prefix_path.sh'
[7.653s] Level 1:colcon.colcon_core.environment:checking '/home/faith/Work/carto_ws/install/cartographer_rviz/lib'
[7.653s] Level 1:colcon.colcon_core.shell:create_environment_hook('cartographer_rviz', 'ld_library_path_lib')
[7.660s] INFO:colcon.colcon_core.shell:Creating environment hook '/home/faith/Work/carto_ws/install/cartographer_rviz/share/cartographer_rviz/hook/ld_library_path_lib.ps1'
[7.661s] INFO:colcon.colcon_core.shell:Creating environment descriptor '/home/faith/Work/carto_ws/install/cartographer_rviz/share/cartographer_rviz/hook/ld_library_path_lib.dsv'
[7.662s] INFO:colcon.colcon_core.shell:Creating environment hook '/home/faith/Work/carto_ws/install/cartographer_rviz/share/cartographer_rviz/hook/ld_library_path_lib.sh'
[7.664s] Level 1:colcon.colcon_core.environment:checking '/home/faith/Work/carto_ws/install/cartographer_rviz/bin'
[7.664s] Level 1:colcon.colcon_core.environment:checking '/home/faith/Work/carto_ws/install/cartographer_rviz/lib/pkgconfig/cartographer_rviz.pc'
[7.665s] Level 1:colcon.colcon_core.environment:checking '/home/faith/Work/carto_ws/install/cartographer_rviz/lib/python3.10/site-packages'
[7.666s] Level 1:colcon.colcon_core.environment:checking '/home/faith/Work/carto_ws/install/cartographer_rviz/bin'
[7.670s] INFO:colcon.colcon_core.shell:Creating package script '/home/faith/Work/carto_ws/install/cartographer_rviz/share/cartographer_rviz/package.ps1'
[7.671s] INFO:colcon.colcon_core.shell:Creating package descriptor '/home/faith/Work/carto_ws/install/cartographer_rviz/share/cartographer_rviz/package.dsv'
[7.671s] INFO:colcon.colcon_core.shell:Creating package script '/home/faith/Work/carto_ws/install/cartographer_rviz/share/cartographer_rviz/package.sh'
[7.672s] INFO:colcon.colcon_core.shell:Creating package script '/home/faith/Work/carto_ws/install/cartographer_rviz/share/cartographer_rviz/package.bash'
[7.672s] INFO:colcon.colcon_core.shell:Creating package script '/home/faith/Work/carto_ws/install/cartographer_rviz/share/cartographer_rviz/package.zsh'
[7.673s] Level 1:colcon.colcon_core.environment:create_file_with_runtime_dependencies(/home/faith/Work/carto_ws/install/cartographer_rviz/share/colcon-core/packages/cartographer_rviz)
[7.769s] Level 1:colcon.colcon_core.environment:create_environment_scripts_only(cartographer_rviz)
[7.780s] Level 1:colcon.colcon_core.environment:checking '/home/faith/Work/carto_ws/install/cartographer_rviz' for CMake module files
[7.783s] Level 1:colcon.colcon_core.environment:checking '/home/faith/Work/carto_ws/install/cartographer_rviz' for CMake config files
[7.785s] Level 1:colcon.colcon_core.shell:create_environment_hook('cartographer_rviz', 'cmake_prefix_path')
[7.792s] INFO:colcon.colcon_core.shell:Creating environment hook '/home/faith/Work/carto_ws/install/cartographer_rviz/share/cartographer_rviz/hook/cmake_prefix_path.ps1'
[7.794s] INFO:colcon.colcon_core.shell:Creating environment descriptor '/home/faith/Work/carto_ws/install/cartographer_rviz/share/cartographer_rviz/hook/cmake_prefix_path.dsv'
[7.795s] INFO:colcon.colcon_core.shell:Creating environment hook '/home/faith/Work/carto_ws/install/cartographer_rviz/share/cartographer_rviz/hook/cmake_prefix_path.sh'
[7.797s] Level 1:colcon.colcon_core.environment:checking '/home/faith/Work/carto_ws/install/cartographer_rviz/lib'
[7.797s] Level 1:colcon.colcon_core.shell:create_environment_hook('cartographer_rviz', 'ld_library_path_lib')
[7.798s] INFO:colcon.colcon_core.shell:Creating environment hook '/home/faith/Work/carto_ws/install/cartographer_rviz/share/cartographer_rviz/hook/ld_library_path_lib.ps1'
[7.799s] INFO:colcon.colcon_core.shell:Creating environment descriptor '/home/faith/Work/carto_ws/install/cartographer_rviz/share/cartographer_rviz/hook/ld_library_path_lib.dsv'
[7.799s] INFO:colcon.colcon_core.shell:Creating environment hook '/home/faith/Work/carto_ws/install/cartographer_rviz/share/cartographer_rviz/hook/ld_library_path_lib.sh'
[7.800s] Level 1:colcon.colcon_core.environment:checking '/home/faith/Work/carto_ws/install/cartographer_rviz/bin'
[7.800s] Level 1:colcon.colcon_core.environment:checking '/home/faith/Work/carto_ws/install/cartographer_rviz/lib/pkgconfig/cartographer_rviz.pc'
[7.800s] Level 1:colcon.colcon_core.environment:checking '/home/faith/Work/carto_ws/install/cartographer_rviz/lib/python3.10/site-packages'
[7.801s] Level 1:colcon.colcon_core.environment:checking '/home/faith/Work/carto_ws/install/cartographer_rviz/bin'
[7.802s] INFO:colcon.colcon_core.shell:Creating package script '/home/faith/Work/carto_ws/install/cartographer_rviz/share/cartographer_rviz/package.ps1'
[7.803s] INFO:colcon.colcon_core.shell:Creating package descriptor '/home/faith/Work/carto_ws/install/cartographer_rviz/share/cartographer_rviz/package.dsv'
[7.804s] INFO:colcon.colcon_core.shell:Creating package script '/home/faith/Work/carto_ws/install/cartographer_rviz/share/cartographer_rviz/package.sh'
[7.804s] INFO:colcon.colcon_core.shell:Creating package script '/home/faith/Work/carto_ws/install/cartographer_rviz/share/cartographer_rviz/package.bash'
[7.805s] INFO:colcon.colcon_core.shell:Creating package script '/home/faith/Work/carto_ws/install/cartographer_rviz/share/cartographer_rviz/package.zsh'
[7.805s] Level 1:colcon.colcon_core.environment:create_file_with_runtime_dependencies(/home/faith/Work/carto_ws/install/cartographer_rviz/share/colcon-core/packages/cartographer_rviz)
[7.805s] DEBUG:colcon.colcon_parallel_executor.executor.parallel:closing loop
[7.806s] DEBUG:colcon.colcon_parallel_executor.executor.parallel:loop closed
[7.806s] DEBUG:colcon.colcon_parallel_executor.executor.parallel:run_until_complete finished with '0'
[7.806s] DEBUG:colcon.colcon_core.event_reactor:joining thread
[7.831s] INFO:colcon.colcon_core.plugin_system:Skipping extension 'colcon_notification.desktop_notification.terminal_notifier': Not used on non-Darwin systems
[7.831s] INFO:colcon.colcon_core.plugin_system:Skipping extension 'colcon_notification.desktop_notification.win32': Not used on non-Windows systems
[7.831s] INFO:colcon.colcon_notification.desktop_notification:Sending desktop notification using 'notify2'
[32.864s] DEBUG:colcon.colcon_notification.desktop_notification.notify2:Failed to initialize notify2: org.freedesktop.DBus.Error.NoReply: Did not receive a reply. Possible causes include: the remote application did not send a reply, the message bus security policy blocked the reply, the reply timeout expired, or the network connection was broken.
[32.866s] DEBUG:colcon.colcon_core.event_reactor:joined thread
[32.876s] INFO:colcon.colcon_core.shell:Creating prefix script '/home/faith/Work/carto_ws/install/local_setup.ps1'
[32.883s] INFO:colcon.colcon_core.shell:Creating prefix util module '/home/faith/Work/carto_ws/install/_local_setup_util_ps1.py'
[32.892s] INFO:colcon.colcon_core.shell:Creating prefix chain script '/home/faith/Work/carto_ws/install/setup.ps1'
[32.901s] INFO:colcon.colcon_core.shell:Creating prefix script '/home/faith/Work/carto_ws/install/local_setup.sh'
[32.903s] INFO:colcon.colcon_core.shell:Creating prefix util module '/home/faith/Work/carto_ws/install/_local_setup_util_sh.py'
[32.904s] INFO:colcon.colcon_core.shell:Creating prefix chain script '/home/faith/Work/carto_ws/install/setup.sh'
[32.910s] INFO:colcon.colcon_core.shell:Creating prefix script '/home/faith/Work/carto_ws/install/local_setup.bash'
[32.911s] INFO:colcon.colcon_core.shell:Creating prefix chain script '/home/faith/Work/carto_ws/install/setup.bash'
[32.916s] INFO:colcon.colcon_core.shell:Creating prefix script '/home/faith/Work/carto_ws/install/local_setup.zsh'
[32.917s] INFO:colcon.colcon_core.shell:Creating prefix chain script '/home/faith/Work/carto_ws/install/setup.zsh'
