[0.383s] DEBUG:colcon:Command line arguments: ['/usr/bin/colcon', 'build', '--packages-select', 'faithcar_ctrl']
[0.383s] DEBUG:colcon:Parsed command line arguments: Namespace(log_base=None, log_level=None, verb_name='build', build_base='build', install_base='install', merge_install=False, symlink_install=False, test_result_base=None, continue_on_error=False, executor='parallel', parallel_workers=8, event_handlers=None, ignore_user_meta=False, metas=['./colcon.meta'], base_paths=['.'], packages_ignore=None, packages_ignore_regex=None, paths=None, packages_up_to=None, packages_up_to_regex=None, packages_above=None, packages_above_and_dependencies=None, packages_above_depth=None, packages_select_by_dep=None, packages_skip_by_dep=None, packages_skip_up_to=None, packages_select_build_failed=False, packages_skip_build_finished=False, packages_select_test_failures=False, packages_skip_test_passed=False, packages_select=['faithcar_ctrl'], packages_skip=None, packages_select_regex=None, packages_skip_regex=None, packages_start=None, packages_end=None, cmake_args=None, cmake_target=None, cmake_target_skip_unavailable=False, cmake_clean_cache=False, cmake_clean_first=False, cmake_force_configure=False, ament_cmake_args=None, catkin_cmake_args=None, catkin_skip_building_tests=False, verb_parser=<colcon_defaults.argument_parser.defaults.DefaultArgumentsDecorator object at 0xffffbc81fe50>, verb_extension=<colcon_core.verb.build.BuildVerb object at 0xffffbd0cf310>, main=<bound method BuildVerb.main of <colcon_core.verb.build.BuildVerb object at 0xffffbd0cf310>>)
[0.458s] Level 1:colcon.colcon_core.package_discovery:discover_packages(colcon_meta) check parameters
[0.459s] Level 1:colcon.colcon_core.package_discovery:discover_packages(recursive) check parameters
[0.459s] Level 1:colcon.colcon_core.package_discovery:discover_packages(ignore) check parameters
[0.459s] Level 1:colcon.colcon_core.package_discovery:discover_packages(path) check parameters
[0.459s] Level 1:colcon.colcon_core.package_discovery:discover_packages(colcon_meta) discover
[0.459s] Level 1:colcon.colcon_core.package_discovery:discover_packages(recursive) discover
[0.459s] INFO:colcon.colcon_core.package_discovery:Crawling recursively for packages in '/home/faith/Work/carto_ws'
[0.459s] Level 1:colcon.colcon_core.package_identification:_identify(.) by extensions ['ignore', 'ignore_ament_install']
[0.459s] Level 1:colcon.colcon_core.package_identification:_identify(.) by extension 'ignore'
[0.460s] Level 1:colcon.colcon_core.package_identification:_identify(.) by extension 'ignore_ament_install'
[0.460s] Level 1:colcon.colcon_core.package_identification:_identify(.) by extensions ['colcon_pkg']
[0.460s] Level 1:colcon.colcon_core.package_identification:_identify(.) by extension 'colcon_pkg'
[0.460s] Level 1:colcon.colcon_core.package_identification:_identify(.) by extensions ['colcon_meta']
[0.460s] Level 1:colcon.colcon_core.package_identification:_identify(.) by extension 'colcon_meta'
[0.460s] Level 1:colcon.colcon_core.package_identification:_identify(.) by extensions ['ros']
[0.460s] Level 1:colcon.colcon_core.package_identification:_identify(.) by extension 'ros'
[0.479s] Level 1:colcon.colcon_core.package_identification:_identify(.) by extensions ['cmake', 'python']
[0.479s] Level 1:colcon.colcon_core.package_identification:_identify(.) by extension 'cmake'
[0.479s] Level 1:colcon.colcon_core.package_identification:_identify(.) by extension 'python'
[0.479s] Level 1:colcon.colcon_core.package_identification:_identify(.) by extensions ['python_setup_py']
[0.479s] Level 1:colcon.colcon_core.package_identification:_identify(.) by extension 'python_setup_py'
[0.480s] Level 1:colcon.colcon_core.package_identification:_identify(Log) by extensions ['ignore', 'ignore_ament_install']
[0.480s] Level 1:colcon.colcon_core.package_identification:_identify(Log) by extension 'ignore'
[0.480s] Level 1:colcon.colcon_core.package_identification:_identify(Log) by extension 'ignore_ament_install'
[0.480s] Level 1:colcon.colcon_core.package_identification:_identify(Log) by extensions ['colcon_pkg']
[0.480s] Level 1:colcon.colcon_core.package_identification:_identify(Log) by extension 'colcon_pkg'
[0.480s] Level 1:colcon.colcon_core.package_identification:_identify(Log) by extensions ['colcon_meta']
[0.480s] Level 1:colcon.colcon_core.package_identification:_identify(Log) by extension 'colcon_meta'
[0.480s] Level 1:colcon.colcon_core.package_identification:_identify(Log) by extensions ['ros']
[0.480s] Level 1:colcon.colcon_core.package_identification:_identify(Log) by extension 'ros'
[0.480s] Level 1:colcon.colcon_core.package_identification:_identify(Log) by extensions ['cmake', 'python']
[0.480s] Level 1:colcon.colcon_core.package_identification:_identify(Log) by extension 'cmake'
[0.481s] Level 1:colcon.colcon_core.package_identification:_identify(Log) by extension 'python'
[0.481s] Level 1:colcon.colcon_core.package_identification:_identify(Log) by extensions ['python_setup_py']
[0.481s] Level 1:colcon.colcon_core.package_identification:_identify(Log) by extension 'python_setup_py'
[0.481s] Level 1:colcon.colcon_core.package_identification:_identify(build) by extensions ['ignore', 'ignore_ament_install']
[0.481s] Level 1:colcon.colcon_core.package_identification:_identify(build) by extension 'ignore'
[0.481s] Level 1:colcon.colcon_core.package_identification:_identify(build) ignored
[0.481s] Level 1:colcon.colcon_core.package_identification:_identify(install) by extensions ['ignore', 'ignore_ament_install']
[0.481s] Level 1:colcon.colcon_core.package_identification:_identify(install) by extension 'ignore'
[0.481s] Level 1:colcon.colcon_core.package_identification:_identify(install) ignored
[0.482s] Level 1:colcon.colcon_core.package_identification:_identify(log) by extensions ['ignore', 'ignore_ament_install']
[0.482s] Level 1:colcon.colcon_core.package_identification:_identify(log) by extension 'ignore'
[0.482s] Level 1:colcon.colcon_core.package_identification:_identify(log) ignored
[0.482s] Level 1:colcon.colcon_core.package_identification:_identify(src) by extensions ['ignore', 'ignore_ament_install']
[0.482s] Level 1:colcon.colcon_core.package_identification:_identify(src) by extension 'ignore'
[0.482s] Level 1:colcon.colcon_core.package_identification:_identify(src) by extension 'ignore_ament_install'
[0.482s] Level 1:colcon.colcon_core.package_identification:_identify(src) by extensions ['colcon_pkg']
[0.482s] Level 1:colcon.colcon_core.package_identification:_identify(src) by extension 'colcon_pkg'
[0.482s] Level 1:colcon.colcon_core.package_identification:_identify(src) by extensions ['colcon_meta']
[0.482s] Level 1:colcon.colcon_core.package_identification:_identify(src) by extension 'colcon_meta'
[0.482s] Level 1:colcon.colcon_core.package_identification:_identify(src) by extensions ['ros']
[0.482s] Level 1:colcon.colcon_core.package_identification:_identify(src) by extension 'ros'
[0.482s] Level 1:colcon.colcon_core.package_identification:_identify(src) by extensions ['cmake', 'python']
[0.483s] Level 1:colcon.colcon_core.package_identification:_identify(src) by extension 'cmake'
[0.483s] Level 1:colcon.colcon_core.package_identification:_identify(src) by extension 'python'
[0.483s] Level 1:colcon.colcon_core.package_identification:_identify(src) by extensions ['python_setup_py']
[0.483s] Level 1:colcon.colcon_core.package_identification:_identify(src) by extension 'python_setup_py'
[0.483s] Level 1:colcon.colcon_core.package_identification:_identify(src/ORB_SLAM3) by extensions ['ignore', 'ignore_ament_install']
[0.483s] Level 1:colcon.colcon_core.package_identification:_identify(src/ORB_SLAM3) by extension 'ignore'
[0.483s] Level 1:colcon.colcon_core.package_identification:_identify(src/ORB_SLAM3) by extension 'ignore_ament_install'
[0.483s] Level 1:colcon.colcon_core.package_identification:_identify(src/ORB_SLAM3) by extensions ['colcon_pkg']
[0.483s] Level 1:colcon.colcon_core.package_identification:_identify(src/ORB_SLAM3) by extension 'colcon_pkg'
[0.483s] Level 1:colcon.colcon_core.package_identification:_identify(src/ORB_SLAM3) by extensions ['colcon_meta']
[0.483s] Level 1:colcon.colcon_core.package_identification:_identify(src/ORB_SLAM3) by extension 'colcon_meta'
[0.483s] Level 1:colcon.colcon_core.package_identification:_identify(src/ORB_SLAM3) by extensions ['ros']
[0.483s] Level 1:colcon.colcon_core.package_identification:_identify(src/ORB_SLAM3) by extension 'ros'
[0.483s] Level 1:colcon.colcon_core.package_identification:_identify(src/ORB_SLAM3) by extensions ['cmake', 'python']
[0.483s] Level 1:colcon.colcon_core.package_identification:_identify(src/ORB_SLAM3) by extension 'cmake'
[0.521s] Level 1:colcon.colcon_core.package_identification:_identify(src/ORB_SLAM3) by extension 'python'
[0.521s] DEBUG:colcon.colcon_core.package_identification:Package 'src/ORB_SLAM3' with type 'cmake' and name 'ORB_SLAM3'
[0.521s] Level 1:colcon.colcon_core.package_identification:_identify(src/OrbbecSDK_ROS2) by extensions ['ignore', 'ignore_ament_install']
[0.521s] Level 1:colcon.colcon_core.package_identification:_identify(src/OrbbecSDK_ROS2) by extension 'ignore'
[0.521s] Level 1:colcon.colcon_core.package_identification:_identify(src/OrbbecSDK_ROS2) by extension 'ignore_ament_install'
[0.521s] Level 1:colcon.colcon_core.package_identification:_identify(src/OrbbecSDK_ROS2) by extensions ['colcon_pkg']
[0.521s] Level 1:colcon.colcon_core.package_identification:_identify(src/OrbbecSDK_ROS2) by extension 'colcon_pkg'
[0.521s] Level 1:colcon.colcon_core.package_identification:_identify(src/OrbbecSDK_ROS2) by extensions ['colcon_meta']
[0.521s] Level 1:colcon.colcon_core.package_identification:_identify(src/OrbbecSDK_ROS2) by extension 'colcon_meta'
[0.521s] Level 1:colcon.colcon_core.package_identification:_identify(src/OrbbecSDK_ROS2) by extensions ['ros']
[0.522s] Level 1:colcon.colcon_core.package_identification:_identify(src/OrbbecSDK_ROS2) by extension 'ros'
[0.522s] Level 1:colcon.colcon_core.package_identification:_identify(src/OrbbecSDK_ROS2) by extensions ['cmake', 'python']
[0.522s] Level 1:colcon.colcon_core.package_identification:_identify(src/OrbbecSDK_ROS2) by extension 'cmake'
[0.522s] Level 1:colcon.colcon_core.package_identification:_identify(src/OrbbecSDK_ROS2) by extension 'python'
[0.522s] Level 1:colcon.colcon_core.package_identification:_identify(src/OrbbecSDK_ROS2) by extensions ['python_setup_py']
[0.522s] Level 1:colcon.colcon_core.package_identification:_identify(src/OrbbecSDK_ROS2) by extension 'python_setup_py'
[0.522s] Level 1:colcon.colcon_core.package_identification:_identify(src/OrbbecSDK_ROS2/orbbec_camera) by extensions ['ignore', 'ignore_ament_install']
[0.522s] Level 1:colcon.colcon_core.package_identification:_identify(src/OrbbecSDK_ROS2/orbbec_camera) by extension 'ignore'
[0.522s] Level 1:colcon.colcon_core.package_identification:_identify(src/OrbbecSDK_ROS2/orbbec_camera) by extension 'ignore_ament_install'
[0.522s] Level 1:colcon.colcon_core.package_identification:_identify(src/OrbbecSDK_ROS2/orbbec_camera) by extensions ['colcon_pkg']
[0.522s] Level 1:colcon.colcon_core.package_identification:_identify(src/OrbbecSDK_ROS2/orbbec_camera) by extension 'colcon_pkg'
[0.522s] Level 1:colcon.colcon_core.package_identification:_identify(src/OrbbecSDK_ROS2/orbbec_camera) by extensions ['colcon_meta']
[0.522s] Level 1:colcon.colcon_core.package_identification:_identify(src/OrbbecSDK_ROS2/orbbec_camera) by extension 'colcon_meta'
[0.522s] Level 1:colcon.colcon_core.package_identification:_identify(src/OrbbecSDK_ROS2/orbbec_camera) by extensions ['ros']
[0.523s] Level 1:colcon.colcon_core.package_identification:_identify(src/OrbbecSDK_ROS2/orbbec_camera) by extension 'ros'
[0.532s] DEBUG:colcon.colcon_core.package_identification:Package 'src/OrbbecSDK_ROS2/orbbec_camera' with type 'ros.ament_cmake' and name 'orbbec_camera'
[0.532s] Level 1:colcon.colcon_core.package_identification:_identify(src/OrbbecSDK_ROS2/orbbec_camera_msgs) by extensions ['ignore', 'ignore_ament_install']
[0.533s] Level 1:colcon.colcon_core.package_identification:_identify(src/OrbbecSDK_ROS2/orbbec_camera_msgs) by extension 'ignore'
[0.533s] Level 1:colcon.colcon_core.package_identification:_identify(src/OrbbecSDK_ROS2/orbbec_camera_msgs) by extension 'ignore_ament_install'
[0.533s] Level 1:colcon.colcon_core.package_identification:_identify(src/OrbbecSDK_ROS2/orbbec_camera_msgs) by extensions ['colcon_pkg']
[0.533s] Level 1:colcon.colcon_core.package_identification:_identify(src/OrbbecSDK_ROS2/orbbec_camera_msgs) by extension 'colcon_pkg'
[0.533s] Level 1:colcon.colcon_core.package_identification:_identify(src/OrbbecSDK_ROS2/orbbec_camera_msgs) by extensions ['colcon_meta']
[0.533s] Level 1:colcon.colcon_core.package_identification:_identify(src/OrbbecSDK_ROS2/orbbec_camera_msgs) by extension 'colcon_meta'
[0.533s] Level 1:colcon.colcon_core.package_identification:_identify(src/OrbbecSDK_ROS2/orbbec_camera_msgs) by extensions ['ros']
[0.533s] Level 1:colcon.colcon_core.package_identification:_identify(src/OrbbecSDK_ROS2/orbbec_camera_msgs) by extension 'ros'
[0.534s] DEBUG:colcon.colcon_core.package_identification:Package 'src/OrbbecSDK_ROS2/orbbec_camera_msgs' with type 'ros.ament_cmake' and name 'orbbec_camera_msgs'
[0.534s] Level 1:colcon.colcon_core.package_identification:_identify(src/OrbbecSDK_ROS2/orbbec_description) by extensions ['ignore', 'ignore_ament_install']
[0.534s] Level 1:colcon.colcon_core.package_identification:_identify(src/OrbbecSDK_ROS2/orbbec_description) by extension 'ignore'
[0.534s] Level 1:colcon.colcon_core.package_identification:_identify(src/OrbbecSDK_ROS2/orbbec_description) by extension 'ignore_ament_install'
[0.534s] Level 1:colcon.colcon_core.package_identification:_identify(src/OrbbecSDK_ROS2/orbbec_description) by extensions ['colcon_pkg']
[0.534s] Level 1:colcon.colcon_core.package_identification:_identify(src/OrbbecSDK_ROS2/orbbec_description) by extension 'colcon_pkg'
[0.535s] Level 1:colcon.colcon_core.package_identification:_identify(src/OrbbecSDK_ROS2/orbbec_description) by extensions ['colcon_meta']
[0.535s] Level 1:colcon.colcon_core.package_identification:_identify(src/OrbbecSDK_ROS2/orbbec_description) by extension 'colcon_meta'
[0.535s] Level 1:colcon.colcon_core.package_identification:_identify(src/OrbbecSDK_ROS2/orbbec_description) by extensions ['ros']
[0.535s] Level 1:colcon.colcon_core.package_identification:_identify(src/OrbbecSDK_ROS2/orbbec_description) by extension 'ros'
[0.535s] DEBUG:colcon.colcon_core.package_identification:Package 'src/OrbbecSDK_ROS2/orbbec_description' with type 'ros.ament_cmake' and name 'orbbec_description'
[0.535s] Level 1:colcon.colcon_core.package_identification:_identify(src/build) by extensions ['ignore', 'ignore_ament_install']
[0.536s] Level 1:colcon.colcon_core.package_identification:_identify(src/build) by extension 'ignore'
[0.536s] Level 1:colcon.colcon_core.package_identification:_identify(src/build) ignored
[0.536s] Level 1:colcon.colcon_core.package_identification:_identify(src/cartographer) by extensions ['ignore', 'ignore_ament_install']
[0.536s] Level 1:colcon.colcon_core.package_identification:_identify(src/cartographer) by extension 'ignore'
[0.536s] Level 1:colcon.colcon_core.package_identification:_identify(src/cartographer) by extension 'ignore_ament_install'
[0.536s] Level 1:colcon.colcon_core.package_identification:_identify(src/cartographer) by extensions ['colcon_pkg']
[0.536s] Level 1:colcon.colcon_core.package_identification:_identify(src/cartographer) by extension 'colcon_pkg'
[0.536s] Level 1:colcon.colcon_core.package_identification:_identify(src/cartographer) by extensions ['colcon_meta']
[0.536s] Level 1:colcon.colcon_core.package_identification:_identify(src/cartographer) by extension 'colcon_meta'
[0.536s] Level 1:colcon.colcon_core.package_identification:_identify(src/cartographer) by extensions ['ros']
[0.536s] Level 1:colcon.colcon_core.package_identification:_identify(src/cartographer) by extension 'ros'
[0.538s] DEBUG:colcon.colcon_core.package_identification:Package 'src/cartographer' with type 'ros.cmake' and name 'cartographer'
[0.538s] Level 1:colcon.colcon_core.package_identification:_identify(src/cartographer_ros) by extensions ['ignore', 'ignore_ament_install']
[0.538s] Level 1:colcon.colcon_core.package_identification:_identify(src/cartographer_ros) by extension 'ignore'
[0.538s] Level 1:colcon.colcon_core.package_identification:_identify(src/cartographer_ros) by extension 'ignore_ament_install'
[0.538s] Level 1:colcon.colcon_core.package_identification:_identify(src/cartographer_ros) by extensions ['colcon_pkg']
[0.538s] Level 1:colcon.colcon_core.package_identification:_identify(src/cartographer_ros) by extension 'colcon_pkg'
[0.539s] Level 1:colcon.colcon_core.package_identification:_identify(src/cartographer_ros) by extensions ['colcon_meta']
[0.539s] Level 1:colcon.colcon_core.package_identification:_identify(src/cartographer_ros) by extension 'colcon_meta'
[0.539s] Level 1:colcon.colcon_core.package_identification:_identify(src/cartographer_ros) by extensions ['ros']
[0.539s] Level 1:colcon.colcon_core.package_identification:_identify(src/cartographer_ros) by extension 'ros'
[0.539s] Level 1:colcon.colcon_core.package_identification:_identify(src/cartographer_ros) by extensions ['cmake', 'python']
[0.539s] Level 1:colcon.colcon_core.package_identification:_identify(src/cartographer_ros) by extension 'cmake'
[0.539s] Level 1:colcon.colcon_core.package_identification:_identify(src/cartographer_ros) by extension 'python'
[0.539s] Level 1:colcon.colcon_core.package_identification:_identify(src/cartographer_ros) by extensions ['python_setup_py']
[0.539s] Level 1:colcon.colcon_core.package_identification:_identify(src/cartographer_ros) by extension 'python_setup_py'
[0.539s] Level 1:colcon.colcon_core.package_identification:_identify(src/cartographer_ros/cartographer_ros) by extensions ['ignore', 'ignore_ament_install']
[0.539s] Level 1:colcon.colcon_core.package_identification:_identify(src/cartographer_ros/cartographer_ros) by extension 'ignore'
[0.539s] Level 1:colcon.colcon_core.package_identification:_identify(src/cartographer_ros/cartographer_ros) by extension 'ignore_ament_install'
[0.539s] Level 1:colcon.colcon_core.package_identification:_identify(src/cartographer_ros/cartographer_ros) by extensions ['colcon_pkg']
[0.539s] Level 1:colcon.colcon_core.package_identification:_identify(src/cartographer_ros/cartographer_ros) by extension 'colcon_pkg'
[0.539s] Level 1:colcon.colcon_core.package_identification:_identify(src/cartographer_ros/cartographer_ros) by extensions ['colcon_meta']
[0.539s] Level 1:colcon.colcon_core.package_identification:_identify(src/cartographer_ros/cartographer_ros) by extension 'colcon_meta'
[0.539s] Level 1:colcon.colcon_core.package_identification:_identify(src/cartographer_ros/cartographer_ros) by extensions ['ros']
[0.539s] Level 1:colcon.colcon_core.package_identification:_identify(src/cartographer_ros/cartographer_ros) by extension 'ros'
[0.543s] DEBUG:colcon.colcon_core.package_identification:Package 'src/cartographer_ros/cartographer_ros' with type 'ros.ament_cmake' and name 'cartographer_ros'
[0.543s] Level 1:colcon.colcon_core.package_identification:_identify(src/cartographer_ros/cartographer_ros_msgs) by extensions ['ignore', 'ignore_ament_install']
[0.543s] Level 1:colcon.colcon_core.package_identification:_identify(src/cartographer_ros/cartographer_ros_msgs) by extension 'ignore'
[0.543s] Level 1:colcon.colcon_core.package_identification:_identify(src/cartographer_ros/cartographer_ros_msgs) by extension 'ignore_ament_install'
[0.543s] Level 1:colcon.colcon_core.package_identification:_identify(src/cartographer_ros/cartographer_ros_msgs) by extensions ['colcon_pkg']
[0.543s] Level 1:colcon.colcon_core.package_identification:_identify(src/cartographer_ros/cartographer_ros_msgs) by extension 'colcon_pkg'
[0.543s] Level 1:colcon.colcon_core.package_identification:_identify(src/cartographer_ros/cartographer_ros_msgs) by extensions ['colcon_meta']
[0.543s] Level 1:colcon.colcon_core.package_identification:_identify(src/cartographer_ros/cartographer_ros_msgs) by extension 'colcon_meta'
[0.543s] Level 1:colcon.colcon_core.package_identification:_identify(src/cartographer_ros/cartographer_ros_msgs) by extensions ['ros']
[0.543s] Level 1:colcon.colcon_core.package_identification:_identify(src/cartographer_ros/cartographer_ros_msgs) by extension 'ros'
[0.544s] DEBUG:colcon.colcon_core.package_identification:Package 'src/cartographer_ros/cartographer_ros_msgs' with type 'ros.ament_cmake' and name 'cartographer_ros_msgs'
[0.545s] Level 1:colcon.colcon_core.package_identification:_identify(src/cartographer_ros/cartographer_rviz) by extensions ['ignore', 'ignore_ament_install']
[0.545s] Level 1:colcon.colcon_core.package_identification:_identify(src/cartographer_ros/cartographer_rviz) by extension 'ignore'
[0.545s] Level 1:colcon.colcon_core.package_identification:_identify(src/cartographer_ros/cartographer_rviz) by extension 'ignore_ament_install'
[0.545s] Level 1:colcon.colcon_core.package_identification:_identify(src/cartographer_ros/cartographer_rviz) by extensions ['colcon_pkg']
[0.545s] Level 1:colcon.colcon_core.package_identification:_identify(src/cartographer_ros/cartographer_rviz) by extension 'colcon_pkg'
[0.545s] Level 1:colcon.colcon_core.package_identification:_identify(src/cartographer_ros/cartographer_rviz) by extensions ['colcon_meta']
[0.545s] Level 1:colcon.colcon_core.package_identification:_identify(src/cartographer_ros/cartographer_rviz) by extension 'colcon_meta'
[0.545s] Level 1:colcon.colcon_core.package_identification:_identify(src/cartographer_ros/cartographer_rviz) by extensions ['ros']
[0.545s] Level 1:colcon.colcon_core.package_identification:_identify(src/cartographer_ros/cartographer_rviz) by extension 'ros'
[0.547s] DEBUG:colcon.colcon_core.package_identification:Package 'src/cartographer_ros/cartographer_rviz' with type 'ros.ament_cmake' and name 'cartographer_rviz'
[0.547s] Level 1:colcon.colcon_core.package_identification:_identify(src/cartographer_ros/docs) by extensions ['ignore', 'ignore_ament_install']
[0.547s] Level 1:colcon.colcon_core.package_identification:_identify(src/cartographer_ros/docs) by extension 'ignore'
[0.547s] Level 1:colcon.colcon_core.package_identification:_identify(src/cartographer_ros/docs) ignored
[0.547s] Level 1:colcon.colcon_core.package_identification:_identify(src/cartographer_ros/scripts) by extensions ['ignore', 'ignore_ament_install']
[0.547s] Level 1:colcon.colcon_core.package_identification:_identify(src/cartographer_ros/scripts) by extension 'ignore'
[0.547s] Level 1:colcon.colcon_core.package_identification:_identify(src/cartographer_ros/scripts) by extension 'ignore_ament_install'
[0.547s] Level 1:colcon.colcon_core.package_identification:_identify(src/cartographer_ros/scripts) by extensions ['colcon_pkg']
[0.547s] Level 1:colcon.colcon_core.package_identification:_identify(src/cartographer_ros/scripts) by extension 'colcon_pkg'
[0.547s] Level 1:colcon.colcon_core.package_identification:_identify(src/cartographer_ros/scripts) by extensions ['colcon_meta']
[0.547s] Level 1:colcon.colcon_core.package_identification:_identify(src/cartographer_ros/scripts) by extension 'colcon_meta'
[0.547s] Level 1:colcon.colcon_core.package_identification:_identify(src/cartographer_ros/scripts) by extensions ['ros']
[0.547s] Level 1:colcon.colcon_core.package_identification:_identify(src/cartographer_ros/scripts) by extension 'ros'
[0.548s] Level 1:colcon.colcon_core.package_identification:_identify(src/cartographer_ros/scripts) by extensions ['cmake', 'python']
[0.548s] Level 1:colcon.colcon_core.package_identification:_identify(src/cartographer_ros/scripts) by extension 'cmake'
[0.548s] Level 1:colcon.colcon_core.package_identification:_identify(src/cartographer_ros/scripts) by extension 'python'
[0.548s] Level 1:colcon.colcon_core.package_identification:_identify(src/cartographer_ros/scripts) by extensions ['python_setup_py']
[0.548s] Level 1:colcon.colcon_core.package_identification:_identify(src/cartographer_ros/scripts) by extension 'python_setup_py'
[0.548s] Level 1:colcon.colcon_core.package_identification:_identify(src/city_li) by extensions ['ignore', 'ignore_ament_install']
[0.548s] Level 1:colcon.colcon_core.package_identification:_identify(src/city_li) by extension 'ignore'
[0.548s] Level 1:colcon.colcon_core.package_identification:_identify(src/city_li) by extension 'ignore_ament_install'
[0.548s] Level 1:colcon.colcon_core.package_identification:_identify(src/city_li) by extensions ['colcon_pkg']
[0.548s] Level 1:colcon.colcon_core.package_identification:_identify(src/city_li) by extension 'colcon_pkg'
[0.548s] Level 1:colcon.colcon_core.package_identification:_identify(src/city_li) by extensions ['colcon_meta']
[0.548s] Level 1:colcon.colcon_core.package_identification:_identify(src/city_li) by extension 'colcon_meta'
[0.548s] Level 1:colcon.colcon_core.package_identification:_identify(src/city_li) by extensions ['ros']
[0.548s] Level 1:colcon.colcon_core.package_identification:_identify(src/city_li) by extension 'ros'
[0.549s] DEBUG:colcon.colcon_core.package_identification:Package 'src/city_li' with type 'ros.ament_python' and name 'city_li'
[0.549s] Level 1:colcon.colcon_core.package_identification:_identify(src/city_w) by extensions ['ignore', 'ignore_ament_install']
[0.549s] Level 1:colcon.colcon_core.package_identification:_identify(src/city_w) by extension 'ignore'
[0.549s] Level 1:colcon.colcon_core.package_identification:_identify(src/city_w) by extension 'ignore_ament_install'
[0.549s] Level 1:colcon.colcon_core.package_identification:_identify(src/city_w) by extensions ['colcon_pkg']
[0.549s] Level 1:colcon.colcon_core.package_identification:_identify(src/city_w) by extension 'colcon_pkg'
[0.549s] Level 1:colcon.colcon_core.package_identification:_identify(src/city_w) by extensions ['colcon_meta']
[0.549s] Level 1:colcon.colcon_core.package_identification:_identify(src/city_w) by extension 'colcon_meta'
[0.549s] Level 1:colcon.colcon_core.package_identification:_identify(src/city_w) by extensions ['ros']
[0.549s] Level 1:colcon.colcon_core.package_identification:_identify(src/city_w) by extension 'ros'
[0.550s] DEBUG:colcon.colcon_core.package_identification:Package 'src/city_w' with type 'ros.ament_cmake' and name 'city_w'
[0.550s] Level 1:colcon.colcon_core.package_identification:_identify(src/faithbot_cartographer) by extensions ['ignore', 'ignore_ament_install']
[0.550s] Level 1:colcon.colcon_core.package_identification:_identify(src/faithbot_cartographer) by extension 'ignore'
[0.550s] Level 1:colcon.colcon_core.package_identification:_identify(src/faithbot_cartographer) by extension 'ignore_ament_install'
[0.550s] Level 1:colcon.colcon_core.package_identification:_identify(src/faithbot_cartographer) by extensions ['colcon_pkg']
[0.550s] Level 1:colcon.colcon_core.package_identification:_identify(src/faithbot_cartographer) by extension 'colcon_pkg'
[0.550s] Level 1:colcon.colcon_core.package_identification:_identify(src/faithbot_cartographer) by extensions ['colcon_meta']
[0.551s] Level 1:colcon.colcon_core.package_identification:_identify(src/faithbot_cartographer) by extension 'colcon_meta'
[0.551s] Level 1:colcon.colcon_core.package_identification:_identify(src/faithbot_cartographer) by extensions ['ros']
[0.551s] Level 1:colcon.colcon_core.package_identification:_identify(src/faithbot_cartographer) by extension 'ros'
[0.551s] DEBUG:colcon.colcon_core.package_identification:Package 'src/faithbot_cartographer' with type 'ros.ament_cmake' and name 'faithbot_cartographer'
[0.551s] Level 1:colcon.colcon_core.package_identification:_identify(src/faithcar_ctrl) by extensions ['ignore', 'ignore_ament_install']
[0.551s] Level 1:colcon.colcon_core.package_identification:_identify(src/faithcar_ctrl) by extension 'ignore'
[0.551s] Level 1:colcon.colcon_core.package_identification:_identify(src/faithcar_ctrl) by extension 'ignore_ament_install'
[0.551s] Level 1:colcon.colcon_core.package_identification:_identify(src/faithcar_ctrl) by extensions ['colcon_pkg']
[0.551s] Level 1:colcon.colcon_core.package_identification:_identify(src/faithcar_ctrl) by extension 'colcon_pkg'
[0.552s] Level 1:colcon.colcon_core.package_identification:_identify(src/faithcar_ctrl) by extensions ['colcon_meta']
[0.552s] Level 1:colcon.colcon_core.package_identification:_identify(src/faithcar_ctrl) by extension 'colcon_meta'
[0.552s] Level 1:colcon.colcon_core.package_identification:_identify(src/faithcar_ctrl) by extensions ['ros']
[0.552s] Level 1:colcon.colcon_core.package_identification:_identify(src/faithcar_ctrl) by extension 'ros'
[0.552s] DEBUG:colcon.colcon_core.package_identification:Package 'src/faithcar_ctrl' with type 'ros.ament_python' and name 'faithcar_ctrl'
[0.552s] Level 1:colcon.colcon_core.package_identification:_identify(src/fishbot_description) by extensions ['ignore', 'ignore_ament_install']
[0.553s] Level 1:colcon.colcon_core.package_identification:_identify(src/fishbot_description) by extension 'ignore'
[0.553s] Level 1:colcon.colcon_core.package_identification:_identify(src/fishbot_description) by extension 'ignore_ament_install'
[0.553s] Level 1:colcon.colcon_core.package_identification:_identify(src/fishbot_description) by extensions ['colcon_pkg']
[0.553s] Level 1:colcon.colcon_core.package_identification:_identify(src/fishbot_description) by extension 'colcon_pkg'
[0.553s] Level 1:colcon.colcon_core.package_identification:_identify(src/fishbot_description) by extensions ['colcon_meta']
[0.553s] Level 1:colcon.colcon_core.package_identification:_identify(src/fishbot_description) by extension 'colcon_meta'
[0.553s] Level 1:colcon.colcon_core.package_identification:_identify(src/fishbot_description) by extensions ['ros']
[0.553s] Level 1:colcon.colcon_core.package_identification:_identify(src/fishbot_description) by extension 'ros'
[0.553s] DEBUG:colcon.colcon_core.package_identification:Package 'src/fishbot_description' with type 'ros.ament_python' and name 'fishbot_description'
[0.553s] Level 1:colcon.colcon_core.package_identification:_identify(src/install) by extensions ['ignore', 'ignore_ament_install']
[0.554s] Level 1:colcon.colcon_core.package_identification:_identify(src/install) by extension 'ignore'
[0.554s] Level 1:colcon.colcon_core.package_identification:_identify(src/install) ignored
[0.554s] Level 1:colcon.colcon_core.package_identification:_identify(src/log) by extensions ['ignore', 'ignore_ament_install']
[0.554s] Level 1:colcon.colcon_core.package_identification:_identify(src/log) by extension 'ignore'
[0.554s] Level 1:colcon.colcon_core.package_identification:_identify(src/log) ignored
[0.554s] Level 1:colcon.colcon_core.package_identification:_identify(src/orbslam3_ros2) by extensions ['ignore', 'ignore_ament_install']
[0.554s] Level 1:colcon.colcon_core.package_identification:_identify(src/orbslam3_ros2) by extension 'ignore'
[0.554s] Level 1:colcon.colcon_core.package_identification:_identify(src/orbslam3_ros2) by extension 'ignore_ament_install'
[0.554s] Level 1:colcon.colcon_core.package_identification:_identify(src/orbslam3_ros2) by extensions ['colcon_pkg']
[0.554s] Level 1:colcon.colcon_core.package_identification:_identify(src/orbslam3_ros2) by extension 'colcon_pkg'
[0.554s] Level 1:colcon.colcon_core.package_identification:_identify(src/orbslam3_ros2) by extensions ['colcon_meta']
[0.554s] Level 1:colcon.colcon_core.package_identification:_identify(src/orbslam3_ros2) by extension 'colcon_meta'
[0.554s] Level 1:colcon.colcon_core.package_identification:_identify(src/orbslam3_ros2) by extensions ['ros']
[0.554s] Level 1:colcon.colcon_core.package_identification:_identify(src/orbslam3_ros2) by extension 'ros'
[0.555s] DEBUG:colcon.colcon_core.package_identification:Package 'src/orbslam3_ros2' with type 'ros.ament_cmake' and name 'orbslam3'
[0.556s] Level 1:colcon.colcon_core.package_identification:_identify(src/ros2_astra_camera) by extensions ['ignore', 'ignore_ament_install']
[0.556s] Level 1:colcon.colcon_core.package_identification:_identify(src/ros2_astra_camera) by extension 'ignore'
[0.556s] Level 1:colcon.colcon_core.package_identification:_identify(src/ros2_astra_camera) by extension 'ignore_ament_install'
[0.556s] Level 1:colcon.colcon_core.package_identification:_identify(src/ros2_astra_camera) by extensions ['colcon_pkg']
[0.556s] Level 1:colcon.colcon_core.package_identification:_identify(src/ros2_astra_camera) by extension 'colcon_pkg'
[0.556s] Level 1:colcon.colcon_core.package_identification:_identify(src/ros2_astra_camera) by extensions ['colcon_meta']
[0.556s] Level 1:colcon.colcon_core.package_identification:_identify(src/ros2_astra_camera) by extension 'colcon_meta'
[0.556s] Level 1:colcon.colcon_core.package_identification:_identify(src/ros2_astra_camera) by extensions ['ros']
[0.556s] Level 1:colcon.colcon_core.package_identification:_identify(src/ros2_astra_camera) by extension 'ros'
[0.556s] Level 1:colcon.colcon_core.package_identification:_identify(src/ros2_astra_camera) by extensions ['cmake', 'python']
[0.556s] Level 1:colcon.colcon_core.package_identification:_identify(src/ros2_astra_camera) by extension 'cmake'
[0.556s] Level 1:colcon.colcon_core.package_identification:_identify(src/ros2_astra_camera) by extension 'python'
[0.556s] Level 1:colcon.colcon_core.package_identification:_identify(src/ros2_astra_camera) by extensions ['python_setup_py']
[0.556s] Level 1:colcon.colcon_core.package_identification:_identify(src/ros2_astra_camera) by extension 'python_setup_py'
[0.556s] Level 1:colcon.colcon_core.package_identification:_identify(src/ros2_astra_camera/astra_camera) by extensions ['ignore', 'ignore_ament_install']
[0.556s] Level 1:colcon.colcon_core.package_identification:_identify(src/ros2_astra_camera/astra_camera) by extension 'ignore'
[0.557s] Level 1:colcon.colcon_core.package_identification:_identify(src/ros2_astra_camera/astra_camera) by extension 'ignore_ament_install'
[0.557s] Level 1:colcon.colcon_core.package_identification:_identify(src/ros2_astra_camera/astra_camera) by extensions ['colcon_pkg']
[0.557s] Level 1:colcon.colcon_core.package_identification:_identify(src/ros2_astra_camera/astra_camera) by extension 'colcon_pkg'
[0.557s] Level 1:colcon.colcon_core.package_identification:_identify(src/ros2_astra_camera/astra_camera) by extensions ['colcon_meta']
[0.557s] Level 1:colcon.colcon_core.package_identification:_identify(src/ros2_astra_camera/astra_camera) by extension 'colcon_meta'
[0.557s] Level 1:colcon.colcon_core.package_identification:_identify(src/ros2_astra_camera/astra_camera) by extensions ['ros']
[0.557s] Level 1:colcon.colcon_core.package_identification:_identify(src/ros2_astra_camera/astra_camera) by extension 'ros'
[0.559s] DEBUG:colcon.colcon_core.package_identification:Package 'src/ros2_astra_camera/astra_camera' with type 'ros.ament_cmake' and name 'astra_camera'
[0.559s] Level 1:colcon.colcon_core.package_identification:_identify(src/ros2_astra_camera/astra_camera_msgs) by extensions ['ignore', 'ignore_ament_install']
[0.559s] Level 1:colcon.colcon_core.package_identification:_identify(src/ros2_astra_camera/astra_camera_msgs) by extension 'ignore'
[0.559s] Level 1:colcon.colcon_core.package_identification:_identify(src/ros2_astra_camera/astra_camera_msgs) by extension 'ignore_ament_install'
[0.560s] Level 1:colcon.colcon_core.package_identification:_identify(src/ros2_astra_camera/astra_camera_msgs) by extensions ['colcon_pkg']
[0.560s] Level 1:colcon.colcon_core.package_identification:_identify(src/ros2_astra_camera/astra_camera_msgs) by extension 'colcon_pkg'
[0.560s] Level 1:colcon.colcon_core.package_identification:_identify(src/ros2_astra_camera/astra_camera_msgs) by extensions ['colcon_meta']
[0.560s] Level 1:colcon.colcon_core.package_identification:_identify(src/ros2_astra_camera/astra_camera_msgs) by extension 'colcon_meta'
[0.560s] Level 1:colcon.colcon_core.package_identification:_identify(src/ros2_astra_camera/astra_camera_msgs) by extensions ['ros']
[0.560s] Level 1:colcon.colcon_core.package_identification:_identify(src/ros2_astra_camera/astra_camera_msgs) by extension 'ros'
[0.560s] DEBUG:colcon.colcon_core.package_identification:Package 'src/ros2_astra_camera/astra_camera_msgs' with type 'ros.ament_cmake' and name 'astra_camera_msgs'
[0.560s] Level 1:colcon.colcon_core.package_identification:_identify(src/sllidar_ros2) by extensions ['ignore', 'ignore_ament_install']
[0.561s] Level 1:colcon.colcon_core.package_identification:_identify(src/sllidar_ros2) by extension 'ignore'
[0.561s] Level 1:colcon.colcon_core.package_identification:_identify(src/sllidar_ros2) by extension 'ignore_ament_install'
[0.561s] Level 1:colcon.colcon_core.package_identification:_identify(src/sllidar_ros2) by extensions ['colcon_pkg']
[0.561s] Level 1:colcon.colcon_core.package_identification:_identify(src/sllidar_ros2) by extension 'colcon_pkg'
[0.561s] Level 1:colcon.colcon_core.package_identification:_identify(src/sllidar_ros2) by extensions ['colcon_meta']
[0.561s] Level 1:colcon.colcon_core.package_identification:_identify(src/sllidar_ros2) by extension 'colcon_meta'
[0.561s] Level 1:colcon.colcon_core.package_identification:_identify(src/sllidar_ros2) by extensions ['ros']
[0.561s] Level 1:colcon.colcon_core.package_identification:_identify(src/sllidar_ros2) by extension 'ros'
[0.562s] DEBUG:colcon.colcon_core.package_identification:Package 'src/sllidar_ros2' with type 'ros.ament_cmake' and name 'sllidar_ros2'
[0.562s] Level 1:colcon.colcon_core.package_identification:_identify(src/yahboomcar_description) by extensions ['ignore', 'ignore_ament_install']
[0.562s] Level 1:colcon.colcon_core.package_identification:_identify(src/yahboomcar_description) by extension 'ignore'
[0.562s] Level 1:colcon.colcon_core.package_identification:_identify(src/yahboomcar_description) by extension 'ignore_ament_install'
[0.562s] Level 1:colcon.colcon_core.package_identification:_identify(src/yahboomcar_description) by extensions ['colcon_pkg']
[0.562s] Level 1:colcon.colcon_core.package_identification:_identify(src/yahboomcar_description) by extension 'colcon_pkg'
[0.562s] Level 1:colcon.colcon_core.package_identification:_identify(src/yahboomcar_description) by extensions ['colcon_meta']
[0.562s] Level 1:colcon.colcon_core.package_identification:_identify(src/yahboomcar_description) by extension 'colcon_meta'
[0.562s] Level 1:colcon.colcon_core.package_identification:_identify(src/yahboomcar_description) by extensions ['ros']
[0.562s] Level 1:colcon.colcon_core.package_identification:_identify(src/yahboomcar_description) by extension 'ros'
[0.563s] DEBUG:colcon.colcon_core.package_identification:Package 'src/yahboomcar_description' with type 'ros.ament_python' and name 'yahboomcar_description'
[0.563s] Level 1:colcon.colcon_core.package_discovery:discover_packages(recursive) using defaults
[0.563s] Level 1:colcon.colcon_core.package_discovery:discover_packages(ignore) discover
[0.563s] Level 1:colcon.colcon_core.package_discovery:discover_packages(ignore) using defaults
[0.563s] Level 1:colcon.colcon_core.package_discovery:discover_packages(path) discover
[0.563s] Level 1:colcon.colcon_core.package_discovery:discover_packages(path) using defaults
[0.599s] INFO:colcon.colcon_core.package_selection:Skipping not selected package 'ORB_SLAM3' in 'src/ORB_SLAM3'
[0.599s] INFO:colcon.colcon_core.package_selection:Skipping not selected package 'astra_camera_msgs' in 'src/ros2_astra_camera/astra_camera_msgs'
[0.599s] INFO:colcon.colcon_core.package_selection:Skipping not selected package 'cartographer' in 'src/cartographer'
[0.599s] INFO:colcon.colcon_core.package_selection:Skipping not selected package 'cartographer_ros_msgs' in 'src/cartographer_ros/cartographer_ros_msgs'
[0.599s] INFO:colcon.colcon_core.package_selection:Skipping not selected package 'city_li' in 'src/city_li'
[0.599s] INFO:colcon.colcon_core.package_selection:Skipping not selected package 'city_w' in 'src/city_w'
[0.599s] INFO:colcon.colcon_core.package_selection:Skipping not selected package 'faithbot_cartographer' in 'src/faithbot_cartographer'
[0.599s] INFO:colcon.colcon_core.package_selection:Skipping not selected package 'fishbot_description' in 'src/fishbot_description'
[0.599s] INFO:colcon.colcon_core.package_selection:Skipping not selected package 'orbbec_camera_msgs' in 'src/OrbbecSDK_ROS2/orbbec_camera_msgs'
[0.599s] INFO:colcon.colcon_core.package_selection:Skipping not selected package 'orbbec_description' in 'src/OrbbecSDK_ROS2/orbbec_description'
[0.599s] INFO:colcon.colcon_core.package_selection:Skipping not selected package 'orbslam3' in 'src/orbslam3_ros2'
[0.599s] INFO:colcon.colcon_core.package_selection:Skipping not selected package 'sllidar_ros2' in 'src/sllidar_ros2'
[0.599s] INFO:colcon.colcon_core.package_selection:Skipping not selected package 'yahboomcar_description' in 'src/yahboomcar_description'
[0.599s] INFO:colcon.colcon_core.package_selection:Skipping not selected package 'astra_camera' in 'src/ros2_astra_camera/astra_camera'
[0.599s] INFO:colcon.colcon_core.package_selection:Skipping not selected package 'cartographer_ros' in 'src/cartographer_ros/cartographer_ros'
[0.599s] INFO:colcon.colcon_core.package_selection:Skipping not selected package 'orbbec_camera' in 'src/OrbbecSDK_ROS2/orbbec_camera'
[0.599s] INFO:colcon.colcon_core.package_selection:Skipping not selected package 'cartographer_rviz' in 'src/cartographer_ros/cartographer_rviz'
[0.601s] Level 5:colcon.colcon_core.verb:set package 'faithcar_ctrl' build argument 'cmake_args' from command line to 'None'
[0.601s] Level 5:colcon.colcon_core.verb:set package 'faithcar_ctrl' build argument 'cmake_target' from command line to 'None'
[0.601s] Level 5:colcon.colcon_core.verb:set package 'faithcar_ctrl' build argument 'cmake_target_skip_unavailable' from command line to 'False'
[0.601s] Level 5:colcon.colcon_core.verb:set package 'faithcar_ctrl' build argument 'cmake_clean_cache' from command line to 'False'
[0.601s] Level 5:colcon.colcon_core.verb:set package 'faithcar_ctrl' build argument 'cmake_clean_first' from command line to 'False'
[0.601s] Level 5:colcon.colcon_core.verb:set package 'faithcar_ctrl' build argument 'cmake_force_configure' from command line to 'False'
[0.601s] Level 5:colcon.colcon_core.verb:set package 'faithcar_ctrl' build argument 'ament_cmake_args' from command line to 'None'
[0.601s] Level 5:colcon.colcon_core.verb:set package 'faithcar_ctrl' build argument 'catkin_cmake_args' from command line to 'None'
[0.601s] Level 5:colcon.colcon_core.verb:set package 'faithcar_ctrl' build argument 'catkin_skip_building_tests' from command line to 'False'
[0.601s] DEBUG:colcon.colcon_core.verb:Building package 'faithcar_ctrl' with the following arguments: {'ament_cmake_args': None, 'build_base': '/home/faith/Work/carto_ws/build/faithcar_ctrl', 'catkin_cmake_args': None, 'catkin_skip_building_tests': False, 'cmake_args': None, 'cmake_clean_cache': False, 'cmake_clean_first': False, 'cmake_force_configure': False, 'cmake_target': None, 'cmake_target_skip_unavailable': False, 'install_base': '/home/faith/Work/carto_ws/install/faithcar_ctrl', 'merge_install': False, 'path': '/home/faith/Work/carto_ws/src/faithcar_ctrl', 'symlink_install': False, 'test_result_base': None}
[0.602s] INFO:colcon.colcon_core.executor:Executing jobs using 'parallel' executor
[0.607s] DEBUG:colcon.colcon_parallel_executor.executor.parallel:run_until_complete
[0.607s] INFO:colcon.colcon_ros.task.ament_python.build:Building ROS package in '/home/faith/Work/carto_ws/src/faithcar_ctrl' with build type 'ament_python'
[0.607s] Level 1:colcon.colcon_core.shell:create_environment_hook('faithcar_ctrl', 'ament_prefix_path')
[0.619s] INFO:colcon.colcon_core.plugin_system:Skipping extension 'colcon_core.shell.bat': Not used on non-Windows systems
[0.620s] INFO:colcon.colcon_core.shell:Creating environment hook '/home/faith/Work/carto_ws/install/faithcar_ctrl/share/faithcar_ctrl/hook/ament_prefix_path.ps1'
[0.621s] INFO:colcon.colcon_core.shell:Creating environment descriptor '/home/faith/Work/carto_ws/install/faithcar_ctrl/share/faithcar_ctrl/hook/ament_prefix_path.dsv'
[0.622s] INFO:colcon.colcon_core.shell:Creating environment hook '/home/faith/Work/carto_ws/install/faithcar_ctrl/share/faithcar_ctrl/hook/ament_prefix_path.sh'
[0.625s] INFO:colcon.colcon_core.shell:Skip shell extension 'powershell' for command environment: Not usable outside of PowerShell
[0.625s] DEBUG:colcon.colcon_core.shell:Skip shell extension 'dsv' for command environment
[1.182s] INFO:colcon.colcon_core.task.python.build:Building Python package in '/home/faith/Work/carto_ws/src/faithcar_ctrl'
[1.184s] INFO:colcon.colcon_core.shell:Skip shell extension 'powershell' for command environment: Not usable outside of PowerShell
[1.184s] DEBUG:colcon.colcon_core.shell:Skip shell extension 'dsv' for command environment
[1.949s] DEBUG:colcon.colcon_core.event_handler.log_command:Invoking command in '/home/faith/Work/carto_ws/src/faithcar_ctrl': PYTHONPATH=/home/faith/Work/carto_ws/build/faithcar_ctrl/prefix_override:/home/faith/Work/carto_ws/install/faithcar_ctrl/lib/python3.10/site-packages:${PYTHONPATH} /usr/bin/python3 setup.py egg_info --egg-base ../../build/faithcar_ctrl build --build-base /home/faith/Work/carto_ws/build/faithcar_ctrl/build install --record /home/faith/Work/carto_ws/build/faithcar_ctrl/install.log --single-version-externally-managed
[2.449s] DEBUG:colcon.colcon_core.event_handler.log_command:Invoked command in '/home/faith/Work/carto_ws/src/faithcar_ctrl' returned '0': PYTHONPATH=/home/faith/Work/carto_ws/build/faithcar_ctrl/prefix_override:/home/faith/Work/carto_ws/install/faithcar_ctrl/lib/python3.10/site-packages:${PYTHONPATH} /usr/bin/python3 setup.py egg_info --egg-base ../../build/faithcar_ctrl build --build-base /home/faith/Work/carto_ws/build/faithcar_ctrl/build install --record /home/faith/Work/carto_ws/build/faithcar_ctrl/install.log --single-version-externally-managed
[2.460s] Level 1:colcon.colcon_core.environment:checking '/home/faith/Work/carto_ws/install/faithcar_ctrl' for CMake module files
[2.463s] Level 1:colcon.colcon_core.environment:checking '/home/faith/Work/carto_ws/install/faithcar_ctrl' for CMake config files
[2.465s] Level 1:colcon.colcon_core.environment:checking '/home/faith/Work/carto_ws/install/faithcar_ctrl/lib'
[2.466s] Level 1:colcon.colcon_core.environment:checking '/home/faith/Work/carto_ws/install/faithcar_ctrl/bin'
[2.466s] Level 1:colcon.colcon_core.environment:checking '/home/faith/Work/carto_ws/install/faithcar_ctrl/lib/pkgconfig/faithcar_ctrl.pc'
[2.467s] Level 1:colcon.colcon_core.environment:checking '/home/faith/Work/carto_ws/install/faithcar_ctrl/lib/python3.10/site-packages'
[2.467s] Level 1:colcon.colcon_core.shell:create_environment_hook('faithcar_ctrl', 'pythonpath')
[2.474s] INFO:colcon.colcon_core.shell:Creating environment hook '/home/faith/Work/carto_ws/install/faithcar_ctrl/share/faithcar_ctrl/hook/pythonpath.ps1'
[2.475s] INFO:colcon.colcon_core.shell:Creating environment descriptor '/home/faith/Work/carto_ws/install/faithcar_ctrl/share/faithcar_ctrl/hook/pythonpath.dsv'
[2.476s] INFO:colcon.colcon_core.shell:Creating environment hook '/home/faith/Work/carto_ws/install/faithcar_ctrl/share/faithcar_ctrl/hook/pythonpath.sh'
[2.478s] Level 1:colcon.colcon_core.environment:checking '/home/faith/Work/carto_ws/install/faithcar_ctrl/bin'
[2.478s] Level 1:colcon.colcon_core.environment:create_environment_scripts_only(faithcar_ctrl)
[2.485s] INFO:colcon.colcon_core.shell:Creating package script '/home/faith/Work/carto_ws/install/faithcar_ctrl/share/faithcar_ctrl/package.ps1'
[2.486s] INFO:colcon.colcon_core.shell:Creating package descriptor '/home/faith/Work/carto_ws/install/faithcar_ctrl/share/faithcar_ctrl/package.dsv'
[2.487s] INFO:colcon.colcon_core.shell:Creating package script '/home/faith/Work/carto_ws/install/faithcar_ctrl/share/faithcar_ctrl/package.sh'
[2.488s] INFO:colcon.colcon_core.shell:Creating package script '/home/faith/Work/carto_ws/install/faithcar_ctrl/share/faithcar_ctrl/package.bash'
[2.489s] INFO:colcon.colcon_core.shell:Creating package script '/home/faith/Work/carto_ws/install/faithcar_ctrl/share/faithcar_ctrl/package.zsh'
[2.490s] Level 1:colcon.colcon_core.environment:create_file_with_runtime_dependencies(/home/faith/Work/carto_ws/install/faithcar_ctrl/share/colcon-core/packages/faithcar_ctrl)
[2.490s] DEBUG:colcon.colcon_parallel_executor.executor.parallel:closing loop
[2.490s] DEBUG:colcon.colcon_parallel_executor.executor.parallel:loop closed
[2.490s] DEBUG:colcon.colcon_parallel_executor.executor.parallel:run_until_complete finished with '0'
[2.491s] DEBUG:colcon.colcon_core.event_reactor:joining thread
[2.515s] INFO:colcon.colcon_core.plugin_system:Skipping extension 'colcon_notification.desktop_notification.terminal_notifier': Not used on non-Darwin systems
[2.515s] INFO:colcon.colcon_core.plugin_system:Skipping extension 'colcon_notification.desktop_notification.win32': Not used on non-Windows systems
[2.515s] INFO:colcon.colcon_notification.desktop_notification:Sending desktop notification using 'notify2'
[2.536s] DEBUG:colcon.colcon_core.event_reactor:joined thread
[2.538s] INFO:colcon.colcon_core.shell:Creating prefix script '/home/faith/Work/carto_ws/install/local_setup.ps1'
[2.541s] INFO:colcon.colcon_core.shell:Creating prefix util module '/home/faith/Work/carto_ws/install/_local_setup_util_ps1.py'
[2.543s] INFO:colcon.colcon_core.shell:Creating prefix chain script '/home/faith/Work/carto_ws/install/setup.ps1'
[2.548s] INFO:colcon.colcon_core.shell:Creating prefix script '/home/faith/Work/carto_ws/install/local_setup.sh'
[2.550s] INFO:colcon.colcon_core.shell:Creating prefix util module '/home/faith/Work/carto_ws/install/_local_setup_util_sh.py'
[2.551s] INFO:colcon.colcon_core.shell:Creating prefix chain script '/home/faith/Work/carto_ws/install/setup.sh'
[2.555s] INFO:colcon.colcon_core.shell:Creating prefix script '/home/faith/Work/carto_ws/install/local_setup.bash'
[2.556s] INFO:colcon.colcon_core.shell:Creating prefix chain script '/home/faith/Work/carto_ws/install/setup.bash'
[2.563s] INFO:colcon.colcon_core.shell:Creating prefix script '/home/faith/Work/carto_ws/install/local_setup.zsh'
[2.564s] INFO:colcon.colcon_core.shell:Creating prefix chain script '/home/faith/Work/carto_ws/install/setup.zsh'
