[0.428s] DEBUG:colcon:Command line arguments: ['/usr/bin/colcon', 'list', '-p', '--base-paths', '/home/faith/Work/carto_ws']
[0.429s] DEBUG:colcon:Parsed command line arguments: Namespace(log_base=None, log_level=None, verb_name='list', build_base='build', ignore_user_meta=False, metas=['./colcon.meta'], base_paths=['/home/faith/Work/carto_ws'], packages_ignore=None, packages_ignore_regex=None, paths=None, packages_up_to=None, packages_up_to_regex=None, packages_above=None, packages_above_and_dependencies=None, packages_above_depth=None, packages_select_by_dep=None, packages_skip_by_dep=None, packages_skip_up_to=None, packages_select_build_failed=False, packages_skip_build_finished=False, packages_select_test_failures=False, packages_skip_test_passed=False, packages_select=None, packages_skip=None, packages_select_regex=None, packages_skip_regex=None, packages_start=None, packages_end=None, topological_order=False, names_only=False, paths_only=True, topological_graph=False, topological_graph_dot=False, topological_graph_density=False, topological_graph_legend=False, topological_graph_dot_cluster=False, topological_graph_dot_include_skipped=False, verb_parser=<colcon_defaults.argument_parser.defaults.DefaultArgumentsDecorator object at 0xffff910bb190>, verb_extension=<colcon_package_information.verb.list.ListVerb object at 0xffff9105c880>, main=<bound method ListVerb.main of <colcon_package_information.verb.list.ListVerb object at 0xffff9105c880>>)
[0.474s] Level 1:colcon.colcon_core.package_discovery:discover_packages(colcon_meta) check parameters
[0.474s] Level 1:colcon.colcon_core.package_discovery:discover_packages(recursive) check parameters
[0.474s] Level 1:colcon.colcon_core.package_discovery:discover_packages(ignore) check parameters
[0.475s] Level 1:colcon.colcon_core.package_discovery:discover_packages(path) check parameters
[0.475s] Level 1:colcon.colcon_core.package_discovery:discover_packages(recursive) discover
[0.475s] INFO:colcon.colcon_core.package_discovery:Crawling recursively for packages in '/home/faith/Work/carto_ws'
[0.475s] Level 1:colcon.colcon_core.package_identification:_identify(/home/faith/Work/carto_ws) by extensions ['ignore', 'ignore_ament_install']
[0.475s] Level 1:colcon.colcon_core.package_identification:_identify(/home/faith/Work/carto_ws) by extension 'ignore'
[0.475s] Level 1:colcon.colcon_core.package_identification:_identify(/home/faith/Work/carto_ws) by extension 'ignore_ament_install'
[0.475s] Level 1:colcon.colcon_core.package_identification:_identify(/home/faith/Work/carto_ws) by extensions ['colcon_pkg']
[0.475s] Level 1:colcon.colcon_core.package_identification:_identify(/home/faith/Work/carto_ws) by extension 'colcon_pkg'
[0.475s] Level 1:colcon.colcon_core.package_identification:_identify(/home/faith/Work/carto_ws) by extensions ['colcon_meta']
[0.475s] Level 1:colcon.colcon_core.package_identification:_identify(/home/faith/Work/carto_ws) by extension 'colcon_meta'
[0.476s] Level 1:colcon.colcon_core.package_identification:_identify(/home/faith/Work/carto_ws) by extensions ['ros']
[0.476s] Level 1:colcon.colcon_core.package_identification:_identify(/home/faith/Work/carto_ws) by extension 'ros'
[0.519s] Level 1:colcon.colcon_core.package_identification:_identify(/home/faith/Work/carto_ws) by extensions ['cmake', 'python']
[0.519s] Level 1:colcon.colcon_core.package_identification:_identify(/home/faith/Work/carto_ws) by extension 'cmake'
[0.519s] Level 1:colcon.colcon_core.package_identification:_identify(/home/faith/Work/carto_ws) by extension 'python'
[0.520s] Level 1:colcon.colcon_core.package_identification:_identify(/home/faith/Work/carto_ws) by extensions ['python_setup_py']
[0.520s] Level 1:colcon.colcon_core.package_identification:_identify(/home/faith/Work/carto_ws) by extension 'python_setup_py'
[0.520s] Level 1:colcon.colcon_core.package_identification:_identify(/home/faith/Work/carto_ws/Log) by extensions ['ignore', 'ignore_ament_install']
[0.520s] Level 1:colcon.colcon_core.package_identification:_identify(/home/faith/Work/carto_ws/Log) by extension 'ignore'
[0.520s] Level 1:colcon.colcon_core.package_identification:_identify(/home/faith/Work/carto_ws/Log) by extension 'ignore_ament_install'
[0.520s] Level 1:colcon.colcon_core.package_identification:_identify(/home/faith/Work/carto_ws/Log) by extensions ['colcon_pkg']
[0.521s] Level 1:colcon.colcon_core.package_identification:_identify(/home/faith/Work/carto_ws/Log) by extension 'colcon_pkg'
[0.521s] Level 1:colcon.colcon_core.package_identification:_identify(/home/faith/Work/carto_ws/Log) by extensions ['colcon_meta']
[0.521s] Level 1:colcon.colcon_core.package_identification:_identify(/home/faith/Work/carto_ws/Log) by extension 'colcon_meta'
[0.521s] Level 1:colcon.colcon_core.package_identification:_identify(/home/faith/Work/carto_ws/Log) by extensions ['ros']
[0.521s] Level 1:colcon.colcon_core.package_identification:_identify(/home/faith/Work/carto_ws/Log) by extension 'ros'
[0.521s] Level 1:colcon.colcon_core.package_identification:_identify(/home/faith/Work/carto_ws/Log) by extensions ['cmake', 'python']
[0.521s] Level 1:colcon.colcon_core.package_identification:_identify(/home/faith/Work/carto_ws/Log) by extension 'cmake'
[0.521s] Level 1:colcon.colcon_core.package_identification:_identify(/home/faith/Work/carto_ws/Log) by extension 'python'
[0.521s] Level 1:colcon.colcon_core.package_identification:_identify(/home/faith/Work/carto_ws/Log) by extensions ['python_setup_py']
[0.521s] Level 1:colcon.colcon_core.package_identification:_identify(/home/faith/Work/carto_ws/Log) by extension 'python_setup_py'
[0.521s] Level 1:colcon.colcon_core.package_identification:_identify(/home/faith/Work/carto_ws/build) by extensions ['ignore', 'ignore_ament_install']
[0.522s] Level 1:colcon.colcon_core.package_identification:_identify(/home/faith/Work/carto_ws/build) by extension 'ignore'
[0.522s] Level 1:colcon.colcon_core.package_identification:_identify(/home/faith/Work/carto_ws/build) ignored
[0.522s] Level 1:colcon.colcon_core.package_identification:_identify(/home/faith/Work/carto_ws/install) by extensions ['ignore', 'ignore_ament_install']
[0.522s] Level 1:colcon.colcon_core.package_identification:_identify(/home/faith/Work/carto_ws/install) by extension 'ignore'
[0.522s] Level 1:colcon.colcon_core.package_identification:_identify(/home/faith/Work/carto_ws/install) ignored
[0.522s] Level 1:colcon.colcon_core.package_identification:_identify(/home/faith/Work/carto_ws/log) by extensions ['ignore', 'ignore_ament_install']
[0.523s] Level 1:colcon.colcon_core.package_identification:_identify(/home/faith/Work/carto_ws/log) by extension 'ignore'
[0.523s] Level 1:colcon.colcon_core.package_identification:_identify(/home/faith/Work/carto_ws/log) ignored
[0.523s] Level 1:colcon.colcon_core.package_identification:_identify(/home/faith/Work/carto_ws/src) by extensions ['ignore', 'ignore_ament_install']
[0.523s] Level 1:colcon.colcon_core.package_identification:_identify(/home/faith/Work/carto_ws/src) by extension 'ignore'
[0.523s] Level 1:colcon.colcon_core.package_identification:_identify(/home/faith/Work/carto_ws/src) by extension 'ignore_ament_install'
[0.523s] Level 1:colcon.colcon_core.package_identification:_identify(/home/faith/Work/carto_ws/src) by extensions ['colcon_pkg']
[0.523s] Level 1:colcon.colcon_core.package_identification:_identify(/home/faith/Work/carto_ws/src) by extension 'colcon_pkg'
[0.523s] Level 1:colcon.colcon_core.package_identification:_identify(/home/faith/Work/carto_ws/src) by extensions ['colcon_meta']
[0.523s] Level 1:colcon.colcon_core.package_identification:_identify(/home/faith/Work/carto_ws/src) by extension 'colcon_meta'
[0.523s] Level 1:colcon.colcon_core.package_identification:_identify(/home/faith/Work/carto_ws/src) by extensions ['ros']
[0.524s] Level 1:colcon.colcon_core.package_identification:_identify(/home/faith/Work/carto_ws/src) by extension 'ros'
[0.524s] Level 1:colcon.colcon_core.package_identification:_identify(/home/faith/Work/carto_ws/src) by extensions ['cmake', 'python']
[0.524s] Level 1:colcon.colcon_core.package_identification:_identify(/home/faith/Work/carto_ws/src) by extension 'cmake'
[0.524s] Level 1:colcon.colcon_core.package_identification:_identify(/home/faith/Work/carto_ws/src) by extension 'python'
[0.524s] Level 1:colcon.colcon_core.package_identification:_identify(/home/faith/Work/carto_ws/src) by extensions ['python_setup_py']
[0.524s] Level 1:colcon.colcon_core.package_identification:_identify(/home/faith/Work/carto_ws/src) by extension 'python_setup_py'
[0.524s] Level 1:colcon.colcon_core.package_identification:_identify(/home/faith/Work/carto_ws/src/ORB_SLAM3) by extensions ['ignore', 'ignore_ament_install']
[0.524s] Level 1:colcon.colcon_core.package_identification:_identify(/home/faith/Work/carto_ws/src/ORB_SLAM3) by extension 'ignore'
[0.524s] Level 1:colcon.colcon_core.package_identification:_identify(/home/faith/Work/carto_ws/src/ORB_SLAM3) by extension 'ignore_ament_install'
[0.524s] Level 1:colcon.colcon_core.package_identification:_identify(/home/faith/Work/carto_ws/src/ORB_SLAM3) by extensions ['colcon_pkg']
[0.524s] Level 1:colcon.colcon_core.package_identification:_identify(/home/faith/Work/carto_ws/src/ORB_SLAM3) by extension 'colcon_pkg'
[0.524s] Level 1:colcon.colcon_core.package_identification:_identify(/home/faith/Work/carto_ws/src/ORB_SLAM3) by extensions ['colcon_meta']
[0.524s] Level 1:colcon.colcon_core.package_identification:_identify(/home/faith/Work/carto_ws/src/ORB_SLAM3) by extension 'colcon_meta'
[0.525s] Level 1:colcon.colcon_core.package_identification:_identify(/home/faith/Work/carto_ws/src/ORB_SLAM3) by extensions ['ros']
[0.525s] Level 1:colcon.colcon_core.package_identification:_identify(/home/faith/Work/carto_ws/src/ORB_SLAM3) by extension 'ros'
[0.525s] Level 1:colcon.colcon_core.package_identification:_identify(/home/faith/Work/carto_ws/src/ORB_SLAM3) by extensions ['cmake', 'python']
[0.525s] Level 1:colcon.colcon_core.package_identification:_identify(/home/faith/Work/carto_ws/src/ORB_SLAM3) by extension 'cmake'
[0.563s] Level 1:colcon.colcon_core.package_identification:_identify(/home/faith/Work/carto_ws/src/ORB_SLAM3) by extension 'python'
[0.563s] DEBUG:colcon.colcon_core.package_identification:Package '/home/faith/Work/carto_ws/src/ORB_SLAM3' with type 'cmake' and name 'ORB_SLAM3'
[0.564s] Level 1:colcon.colcon_core.package_identification:_identify(/home/faith/Work/carto_ws/src/OrbbecSDK_ROS2) by extensions ['ignore', 'ignore_ament_install']
[0.564s] Level 1:colcon.colcon_core.package_identification:_identify(/home/faith/Work/carto_ws/src/OrbbecSDK_ROS2) by extension 'ignore'
[0.564s] Level 1:colcon.colcon_core.package_identification:_identify(/home/faith/Work/carto_ws/src/OrbbecSDK_ROS2) by extension 'ignore_ament_install'
[0.564s] Level 1:colcon.colcon_core.package_identification:_identify(/home/faith/Work/carto_ws/src/OrbbecSDK_ROS2) by extensions ['colcon_pkg']
[0.564s] Level 1:colcon.colcon_core.package_identification:_identify(/home/faith/Work/carto_ws/src/OrbbecSDK_ROS2) by extension 'colcon_pkg'
[0.564s] Level 1:colcon.colcon_core.package_identification:_identify(/home/faith/Work/carto_ws/src/OrbbecSDK_ROS2) by extensions ['colcon_meta']
[0.564s] Level 1:colcon.colcon_core.package_identification:_identify(/home/faith/Work/carto_ws/src/OrbbecSDK_ROS2) by extension 'colcon_meta'
[0.564s] Level 1:colcon.colcon_core.package_identification:_identify(/home/faith/Work/carto_ws/src/OrbbecSDK_ROS2) by extensions ['ros']
[0.564s] Level 1:colcon.colcon_core.package_identification:_identify(/home/faith/Work/carto_ws/src/OrbbecSDK_ROS2) by extension 'ros'
[0.565s] Level 1:colcon.colcon_core.package_identification:_identify(/home/faith/Work/carto_ws/src/OrbbecSDK_ROS2) by extensions ['cmake', 'python']
[0.565s] Level 1:colcon.colcon_core.package_identification:_identify(/home/faith/Work/carto_ws/src/OrbbecSDK_ROS2) by extension 'cmake'
[0.565s] Level 1:colcon.colcon_core.package_identification:_identify(/home/faith/Work/carto_ws/src/OrbbecSDK_ROS2) by extension 'python'
[0.565s] Level 1:colcon.colcon_core.package_identification:_identify(/home/faith/Work/carto_ws/src/OrbbecSDK_ROS2) by extensions ['python_setup_py']
[0.565s] Level 1:colcon.colcon_core.package_identification:_identify(/home/faith/Work/carto_ws/src/OrbbecSDK_ROS2) by extension 'python_setup_py'
[0.565s] Level 1:colcon.colcon_core.package_identification:_identify(/home/faith/Work/carto_ws/src/OrbbecSDK_ROS2/orbbec_camera) by extensions ['ignore', 'ignore_ament_install']
[0.565s] Level 1:colcon.colcon_core.package_identification:_identify(/home/faith/Work/carto_ws/src/OrbbecSDK_ROS2/orbbec_camera) by extension 'ignore'
[0.565s] Level 1:colcon.colcon_core.package_identification:_identify(/home/faith/Work/carto_ws/src/OrbbecSDK_ROS2/orbbec_camera) by extension 'ignore_ament_install'
[0.565s] Level 1:colcon.colcon_core.package_identification:_identify(/home/faith/Work/carto_ws/src/OrbbecSDK_ROS2/orbbec_camera) by extensions ['colcon_pkg']
[0.565s] Level 1:colcon.colcon_core.package_identification:_identify(/home/faith/Work/carto_ws/src/OrbbecSDK_ROS2/orbbec_camera) by extension 'colcon_pkg'
[0.565s] Level 1:colcon.colcon_core.package_identification:_identify(/home/faith/Work/carto_ws/src/OrbbecSDK_ROS2/orbbec_camera) by extensions ['colcon_meta']
[0.565s] Level 1:colcon.colcon_core.package_identification:_identify(/home/faith/Work/carto_ws/src/OrbbecSDK_ROS2/orbbec_camera) by extension 'colcon_meta'
[0.565s] Level 1:colcon.colcon_core.package_identification:_identify(/home/faith/Work/carto_ws/src/OrbbecSDK_ROS2/orbbec_camera) by extensions ['ros']
[0.566s] Level 1:colcon.colcon_core.package_identification:_identify(/home/faith/Work/carto_ws/src/OrbbecSDK_ROS2/orbbec_camera) by extension 'ros'
[0.572s] DEBUG:colcon.colcon_core.package_identification:Package '/home/faith/Work/carto_ws/src/OrbbecSDK_ROS2/orbbec_camera' with type 'ros.ament_cmake' and name 'orbbec_camera'
[0.572s] Level 1:colcon.colcon_core.package_identification:_identify(/home/faith/Work/carto_ws/src/OrbbecSDK_ROS2/orbbec_camera_msgs) by extensions ['ignore', 'ignore_ament_install']
[0.573s] Level 1:colcon.colcon_core.package_identification:_identify(/home/faith/Work/carto_ws/src/OrbbecSDK_ROS2/orbbec_camera_msgs) by extension 'ignore'
[0.573s] Level 1:colcon.colcon_core.package_identification:_identify(/home/faith/Work/carto_ws/src/OrbbecSDK_ROS2/orbbec_camera_msgs) by extension 'ignore_ament_install'
[0.573s] Level 1:colcon.colcon_core.package_identification:_identify(/home/faith/Work/carto_ws/src/OrbbecSDK_ROS2/orbbec_camera_msgs) by extensions ['colcon_pkg']
[0.573s] Level 1:colcon.colcon_core.package_identification:_identify(/home/faith/Work/carto_ws/src/OrbbecSDK_ROS2/orbbec_camera_msgs) by extension 'colcon_pkg'
[0.573s] Level 1:colcon.colcon_core.package_identification:_identify(/home/faith/Work/carto_ws/src/OrbbecSDK_ROS2/orbbec_camera_msgs) by extensions ['colcon_meta']
[0.573s] Level 1:colcon.colcon_core.package_identification:_identify(/home/faith/Work/carto_ws/src/OrbbecSDK_ROS2/orbbec_camera_msgs) by extension 'colcon_meta'
[0.573s] Level 1:colcon.colcon_core.package_identification:_identify(/home/faith/Work/carto_ws/src/OrbbecSDK_ROS2/orbbec_camera_msgs) by extensions ['ros']
[0.573s] Level 1:colcon.colcon_core.package_identification:_identify(/home/faith/Work/carto_ws/src/OrbbecSDK_ROS2/orbbec_camera_msgs) by extension 'ros'
[0.574s] DEBUG:colcon.colcon_core.package_identification:Package '/home/faith/Work/carto_ws/src/OrbbecSDK_ROS2/orbbec_camera_msgs' with type 'ros.ament_cmake' and name 'orbbec_camera_msgs'
[0.574s] Level 1:colcon.colcon_core.package_identification:_identify(/home/faith/Work/carto_ws/src/OrbbecSDK_ROS2/orbbec_description) by extensions ['ignore', 'ignore_ament_install']
[0.575s] Level 1:colcon.colcon_core.package_identification:_identify(/home/faith/Work/carto_ws/src/OrbbecSDK_ROS2/orbbec_description) by extension 'ignore'
[0.575s] Level 1:colcon.colcon_core.package_identification:_identify(/home/faith/Work/carto_ws/src/OrbbecSDK_ROS2/orbbec_description) by extension 'ignore_ament_install'
[0.575s] Level 1:colcon.colcon_core.package_identification:_identify(/home/faith/Work/carto_ws/src/OrbbecSDK_ROS2/orbbec_description) by extensions ['colcon_pkg']
[0.575s] Level 1:colcon.colcon_core.package_identification:_identify(/home/faith/Work/carto_ws/src/OrbbecSDK_ROS2/orbbec_description) by extension 'colcon_pkg'
[0.575s] Level 1:colcon.colcon_core.package_identification:_identify(/home/faith/Work/carto_ws/src/OrbbecSDK_ROS2/orbbec_description) by extensions ['colcon_meta']
[0.575s] Level 1:colcon.colcon_core.package_identification:_identify(/home/faith/Work/carto_ws/src/OrbbecSDK_ROS2/orbbec_description) by extension 'colcon_meta'
[0.575s] Level 1:colcon.colcon_core.package_identification:_identify(/home/faith/Work/carto_ws/src/OrbbecSDK_ROS2/orbbec_description) by extensions ['ros']
[0.575s] Level 1:colcon.colcon_core.package_identification:_identify(/home/faith/Work/carto_ws/src/OrbbecSDK_ROS2/orbbec_description) by extension 'ros'
[0.576s] DEBUG:colcon.colcon_core.package_identification:Package '/home/faith/Work/carto_ws/src/OrbbecSDK_ROS2/orbbec_description' with type 'ros.ament_cmake' and name 'orbbec_description'
[0.576s] Level 1:colcon.colcon_core.package_identification:_identify(/home/faith/Work/carto_ws/src/build) by extensions ['ignore', 'ignore_ament_install']
[0.576s] Level 1:colcon.colcon_core.package_identification:_identify(/home/faith/Work/carto_ws/src/build) by extension 'ignore'
[0.576s] Level 1:colcon.colcon_core.package_identification:_identify(/home/faith/Work/carto_ws/src/build) ignored
[0.577s] Level 1:colcon.colcon_core.package_identification:_identify(/home/faith/Work/carto_ws/src/cartographer) by extensions ['ignore', 'ignore_ament_install']
[0.577s] Level 1:colcon.colcon_core.package_identification:_identify(/home/faith/Work/carto_ws/src/cartographer) by extension 'ignore'
[0.577s] Level 1:colcon.colcon_core.package_identification:_identify(/home/faith/Work/carto_ws/src/cartographer) by extension 'ignore_ament_install'
[0.577s] Level 1:colcon.colcon_core.package_identification:_identify(/home/faith/Work/carto_ws/src/cartographer) by extensions ['colcon_pkg']
[0.577s] Level 1:colcon.colcon_core.package_identification:_identify(/home/faith/Work/carto_ws/src/cartographer) by extension 'colcon_pkg'
[0.577s] Level 1:colcon.colcon_core.package_identification:_identify(/home/faith/Work/carto_ws/src/cartographer) by extensions ['colcon_meta']
[0.577s] Level 1:colcon.colcon_core.package_identification:_identify(/home/faith/Work/carto_ws/src/cartographer) by extension 'colcon_meta'
[0.577s] Level 1:colcon.colcon_core.package_identification:_identify(/home/faith/Work/carto_ws/src/cartographer) by extensions ['ros']
[0.577s] Level 1:colcon.colcon_core.package_identification:_identify(/home/faith/Work/carto_ws/src/cartographer) by extension 'ros'
[0.579s] DEBUG:colcon.colcon_core.package_identification:Package '/home/faith/Work/carto_ws/src/cartographer' with type 'ros.cmake' and name 'cartographer'
[0.580s] Level 1:colcon.colcon_core.package_identification:_identify(/home/faith/Work/carto_ws/src/cartographer_ros) by extensions ['ignore', 'ignore_ament_install']
[0.580s] Level 1:colcon.colcon_core.package_identification:_identify(/home/faith/Work/carto_ws/src/cartographer_ros) by extension 'ignore'
[0.580s] Level 1:colcon.colcon_core.package_identification:_identify(/home/faith/Work/carto_ws/src/cartographer_ros) by extension 'ignore_ament_install'
[0.580s] Level 1:colcon.colcon_core.package_identification:_identify(/home/faith/Work/carto_ws/src/cartographer_ros) by extensions ['colcon_pkg']
[0.580s] Level 1:colcon.colcon_core.package_identification:_identify(/home/faith/Work/carto_ws/src/cartographer_ros) by extension 'colcon_pkg'
[0.580s] Level 1:colcon.colcon_core.package_identification:_identify(/home/faith/Work/carto_ws/src/cartographer_ros) by extensions ['colcon_meta']
[0.580s] Level 1:colcon.colcon_core.package_identification:_identify(/home/faith/Work/carto_ws/src/cartographer_ros) by extension 'colcon_meta'
[0.581s] Level 1:colcon.colcon_core.package_identification:_identify(/home/faith/Work/carto_ws/src/cartographer_ros) by extensions ['ros']
[0.581s] Level 1:colcon.colcon_core.package_identification:_identify(/home/faith/Work/carto_ws/src/cartographer_ros) by extension 'ros'
[0.581s] Level 1:colcon.colcon_core.package_identification:_identify(/home/faith/Work/carto_ws/src/cartographer_ros) by extensions ['cmake', 'python']
[0.581s] Level 1:colcon.colcon_core.package_identification:_identify(/home/faith/Work/carto_ws/src/cartographer_ros) by extension 'cmake'
[0.581s] Level 1:colcon.colcon_core.package_identification:_identify(/home/faith/Work/carto_ws/src/cartographer_ros) by extension 'python'
[0.581s] Level 1:colcon.colcon_core.package_identification:_identify(/home/faith/Work/carto_ws/src/cartographer_ros) by extensions ['python_setup_py']
[0.581s] Level 1:colcon.colcon_core.package_identification:_identify(/home/faith/Work/carto_ws/src/cartographer_ros) by extension 'python_setup_py'
[0.581s] Level 1:colcon.colcon_core.package_identification:_identify(/home/faith/Work/carto_ws/src/cartographer_ros/cartographer_ros) by extensions ['ignore', 'ignore_ament_install']
[0.581s] Level 1:colcon.colcon_core.package_identification:_identify(/home/faith/Work/carto_ws/src/cartographer_ros/cartographer_ros) by extension 'ignore'
[0.581s] Level 1:colcon.colcon_core.package_identification:_identify(/home/faith/Work/carto_ws/src/cartographer_ros/cartographer_ros) by extension 'ignore_ament_install'
[0.581s] Level 1:colcon.colcon_core.package_identification:_identify(/home/faith/Work/carto_ws/src/cartographer_ros/cartographer_ros) by extensions ['colcon_pkg']
[0.581s] Level 1:colcon.colcon_core.package_identification:_identify(/home/faith/Work/carto_ws/src/cartographer_ros/cartographer_ros) by extension 'colcon_pkg'
[0.581s] Level 1:colcon.colcon_core.package_identification:_identify(/home/faith/Work/carto_ws/src/cartographer_ros/cartographer_ros) by extensions ['colcon_meta']
[0.581s] Level 1:colcon.colcon_core.package_identification:_identify(/home/faith/Work/carto_ws/src/cartographer_ros/cartographer_ros) by extension 'colcon_meta'
[0.582s] Level 1:colcon.colcon_core.package_identification:_identify(/home/faith/Work/carto_ws/src/cartographer_ros/cartographer_ros) by extensions ['ros']
[0.582s] Level 1:colcon.colcon_core.package_identification:_identify(/home/faith/Work/carto_ws/src/cartographer_ros/cartographer_ros) by extension 'ros'
[0.585s] DEBUG:colcon.colcon_core.package_identification:Package '/home/faith/Work/carto_ws/src/cartographer_ros/cartographer_ros' with type 'ros.ament_cmake' and name 'cartographer_ros'
[0.586s] Level 1:colcon.colcon_core.package_identification:_identify(/home/faith/Work/carto_ws/src/cartographer_ros/cartographer_ros_msgs) by extensions ['ignore', 'ignore_ament_install']
[0.586s] Level 1:colcon.colcon_core.package_identification:_identify(/home/faith/Work/carto_ws/src/cartographer_ros/cartographer_ros_msgs) by extension 'ignore'
[0.586s] Level 1:colcon.colcon_core.package_identification:_identify(/home/faith/Work/carto_ws/src/cartographer_ros/cartographer_ros_msgs) by extension 'ignore_ament_install'
[0.586s] Level 1:colcon.colcon_core.package_identification:_identify(/home/faith/Work/carto_ws/src/cartographer_ros/cartographer_ros_msgs) by extensions ['colcon_pkg']
[0.586s] Level 1:colcon.colcon_core.package_identification:_identify(/home/faith/Work/carto_ws/src/cartographer_ros/cartographer_ros_msgs) by extension 'colcon_pkg'
[0.586s] Level 1:colcon.colcon_core.package_identification:_identify(/home/faith/Work/carto_ws/src/cartographer_ros/cartographer_ros_msgs) by extensions ['colcon_meta']
[0.586s] Level 1:colcon.colcon_core.package_identification:_identify(/home/faith/Work/carto_ws/src/cartographer_ros/cartographer_ros_msgs) by extension 'colcon_meta'
[0.586s] Level 1:colcon.colcon_core.package_identification:_identify(/home/faith/Work/carto_ws/src/cartographer_ros/cartographer_ros_msgs) by extensions ['ros']
[0.586s] Level 1:colcon.colcon_core.package_identification:_identify(/home/faith/Work/carto_ws/src/cartographer_ros/cartographer_ros_msgs) by extension 'ros'
[0.588s] DEBUG:colcon.colcon_core.package_identification:Package '/home/faith/Work/carto_ws/src/cartographer_ros/cartographer_ros_msgs' with type 'ros.ament_cmake' and name 'cartographer_ros_msgs'
[0.588s] Level 1:colcon.colcon_core.package_identification:_identify(/home/faith/Work/carto_ws/src/cartographer_ros/cartographer_rviz) by extensions ['ignore', 'ignore_ament_install']
[0.588s] Level 1:colcon.colcon_core.package_identification:_identify(/home/faith/Work/carto_ws/src/cartographer_ros/cartographer_rviz) by extension 'ignore'
[0.589s] Level 1:colcon.colcon_core.package_identification:_identify(/home/faith/Work/carto_ws/src/cartographer_ros/cartographer_rviz) by extension 'ignore_ament_install'
[0.589s] Level 1:colcon.colcon_core.package_identification:_identify(/home/faith/Work/carto_ws/src/cartographer_ros/cartographer_rviz) by extensions ['colcon_pkg']
[0.589s] Level 1:colcon.colcon_core.package_identification:_identify(/home/faith/Work/carto_ws/src/cartographer_ros/cartographer_rviz) by extension 'colcon_pkg'
[0.589s] Level 1:colcon.colcon_core.package_identification:_identify(/home/faith/Work/carto_ws/src/cartographer_ros/cartographer_rviz) by extensions ['colcon_meta']
[0.589s] Level 1:colcon.colcon_core.package_identification:_identify(/home/faith/Work/carto_ws/src/cartographer_ros/cartographer_rviz) by extension 'colcon_meta'
[0.589s] Level 1:colcon.colcon_core.package_identification:_identify(/home/faith/Work/carto_ws/src/cartographer_ros/cartographer_rviz) by extensions ['ros']
[0.589s] Level 1:colcon.colcon_core.package_identification:_identify(/home/faith/Work/carto_ws/src/cartographer_ros/cartographer_rviz) by extension 'ros'
[0.591s] DEBUG:colcon.colcon_core.package_identification:Package '/home/faith/Work/carto_ws/src/cartographer_ros/cartographer_rviz' with type 'ros.ament_cmake' and name 'cartographer_rviz'
[0.591s] Level 1:colcon.colcon_core.package_identification:_identify(/home/faith/Work/carto_ws/src/cartographer_ros/docs) by extensions ['ignore', 'ignore_ament_install']
[0.592s] Level 1:colcon.colcon_core.package_identification:_identify(/home/faith/Work/carto_ws/src/cartographer_ros/docs) by extension 'ignore'
[0.592s] Level 1:colcon.colcon_core.package_identification:_identify(/home/faith/Work/carto_ws/src/cartographer_ros/docs) ignored
[0.592s] Level 1:colcon.colcon_core.package_identification:_identify(/home/faith/Work/carto_ws/src/cartographer_ros/scripts) by extensions ['ignore', 'ignore_ament_install']
[0.592s] Level 1:colcon.colcon_core.package_identification:_identify(/home/faith/Work/carto_ws/src/cartographer_ros/scripts) by extension 'ignore'
[0.592s] Level 1:colcon.colcon_core.package_identification:_identify(/home/faith/Work/carto_ws/src/cartographer_ros/scripts) by extension 'ignore_ament_install'
[0.592s] Level 1:colcon.colcon_core.package_identification:_identify(/home/faith/Work/carto_ws/src/cartographer_ros/scripts) by extensions ['colcon_pkg']
[0.592s] Level 1:colcon.colcon_core.package_identification:_identify(/home/faith/Work/carto_ws/src/cartographer_ros/scripts) by extension 'colcon_pkg'
[0.592s] Level 1:colcon.colcon_core.package_identification:_identify(/home/faith/Work/carto_ws/src/cartographer_ros/scripts) by extensions ['colcon_meta']
[0.592s] Level 1:colcon.colcon_core.package_identification:_identify(/home/faith/Work/carto_ws/src/cartographer_ros/scripts) by extension 'colcon_meta'
[0.592s] Level 1:colcon.colcon_core.package_identification:_identify(/home/faith/Work/carto_ws/src/cartographer_ros/scripts) by extensions ['ros']
[0.592s] Level 1:colcon.colcon_core.package_identification:_identify(/home/faith/Work/carto_ws/src/cartographer_ros/scripts) by extension 'ros'
[0.592s] Level 1:colcon.colcon_core.package_identification:_identify(/home/faith/Work/carto_ws/src/cartographer_ros/scripts) by extensions ['cmake', 'python']
[0.592s] Level 1:colcon.colcon_core.package_identification:_identify(/home/faith/Work/carto_ws/src/cartographer_ros/scripts) by extension 'cmake'
[0.593s] Level 1:colcon.colcon_core.package_identification:_identify(/home/faith/Work/carto_ws/src/cartographer_ros/scripts) by extension 'python'
[0.593s] Level 1:colcon.colcon_core.package_identification:_identify(/home/faith/Work/carto_ws/src/cartographer_ros/scripts) by extensions ['python_setup_py']
[0.593s] Level 1:colcon.colcon_core.package_identification:_identify(/home/faith/Work/carto_ws/src/cartographer_ros/scripts) by extension 'python_setup_py'
[0.593s] Level 1:colcon.colcon_core.package_identification:_identify(/home/faith/Work/carto_ws/src/faithbot_cartographer) by extensions ['ignore', 'ignore_ament_install']
[0.593s] Level 1:colcon.colcon_core.package_identification:_identify(/home/faith/Work/carto_ws/src/faithbot_cartographer) by extension 'ignore'
[0.593s] Level 1:colcon.colcon_core.package_identification:_identify(/home/faith/Work/carto_ws/src/faithbot_cartographer) by extension 'ignore_ament_install'
[0.593s] Level 1:colcon.colcon_core.package_identification:_identify(/home/faith/Work/carto_ws/src/faithbot_cartographer) by extensions ['colcon_pkg']
[0.593s] Level 1:colcon.colcon_core.package_identification:_identify(/home/faith/Work/carto_ws/src/faithbot_cartographer) by extension 'colcon_pkg'
[0.593s] Level 1:colcon.colcon_core.package_identification:_identify(/home/faith/Work/carto_ws/src/faithbot_cartographer) by extensions ['colcon_meta']
[0.593s] Level 1:colcon.colcon_core.package_identification:_identify(/home/faith/Work/carto_ws/src/faithbot_cartographer) by extension 'colcon_meta'
[0.593s] Level 1:colcon.colcon_core.package_identification:_identify(/home/faith/Work/carto_ws/src/faithbot_cartographer) by extensions ['ros']
[0.593s] Level 1:colcon.colcon_core.package_identification:_identify(/home/faith/Work/carto_ws/src/faithbot_cartographer) by extension 'ros'
[0.594s] DEBUG:colcon.colcon_core.package_identification:Package '/home/faith/Work/carto_ws/src/faithbot_cartographer' with type 'ros.ament_cmake' and name 'faithbot_cartographer'
[0.594s] Level 1:colcon.colcon_core.package_identification:_identify(/home/faith/Work/carto_ws/src/fishbot_description) by extensions ['ignore', 'ignore_ament_install']
[0.594s] Level 1:colcon.colcon_core.package_identification:_identify(/home/faith/Work/carto_ws/src/fishbot_description) by extension 'ignore'
[0.595s] Level 1:colcon.colcon_core.package_identification:_identify(/home/faith/Work/carto_ws/src/fishbot_description) by extension 'ignore_ament_install'
[0.595s] Level 1:colcon.colcon_core.package_identification:_identify(/home/faith/Work/carto_ws/src/fishbot_description) by extensions ['colcon_pkg']
[0.595s] Level 1:colcon.colcon_core.package_identification:_identify(/home/faith/Work/carto_ws/src/fishbot_description) by extension 'colcon_pkg'
[0.595s] Level 1:colcon.colcon_core.package_identification:_identify(/home/faith/Work/carto_ws/src/fishbot_description) by extensions ['colcon_meta']
[0.595s] Level 1:colcon.colcon_core.package_identification:_identify(/home/faith/Work/carto_ws/src/fishbot_description) by extension 'colcon_meta'
[0.595s] Level 1:colcon.colcon_core.package_identification:_identify(/home/faith/Work/carto_ws/src/fishbot_description) by extensions ['ros']
[0.595s] Level 1:colcon.colcon_core.package_identification:_identify(/home/faith/Work/carto_ws/src/fishbot_description) by extension 'ros'
[0.596s] DEBUG:colcon.colcon_core.package_identification:Package '/home/faith/Work/carto_ws/src/fishbot_description' with type 'ros.ament_python' and name 'fishbot_description'
[0.596s] Level 1:colcon.colcon_core.package_identification:_identify(/home/faith/Work/carto_ws/src/install) by extensions ['ignore', 'ignore_ament_install']
[0.596s] Level 1:colcon.colcon_core.package_identification:_identify(/home/faith/Work/carto_ws/src/install) by extension 'ignore'
[0.596s] Level 1:colcon.colcon_core.package_identification:_identify(/home/faith/Work/carto_ws/src/install) ignored
[0.597s] Level 1:colcon.colcon_core.package_identification:_identify(/home/faith/Work/carto_ws/src/log) by extensions ['ignore', 'ignore_ament_install']
[0.597s] Level 1:colcon.colcon_core.package_identification:_identify(/home/faith/Work/carto_ws/src/log) by extension 'ignore'
[0.597s] Level 1:colcon.colcon_core.package_identification:_identify(/home/faith/Work/carto_ws/src/log) ignored
[0.597s] Level 1:colcon.colcon_core.package_identification:_identify(/home/faith/Work/carto_ws/src/orbslam3_ros2) by extensions ['ignore', 'ignore_ament_install']
[0.597s] Level 1:colcon.colcon_core.package_identification:_identify(/home/faith/Work/carto_ws/src/orbslam3_ros2) by extension 'ignore'
[0.597s] Level 1:colcon.colcon_core.package_identification:_identify(/home/faith/Work/carto_ws/src/orbslam3_ros2) by extension 'ignore_ament_install'
[0.597s] Level 1:colcon.colcon_core.package_identification:_identify(/home/faith/Work/carto_ws/src/orbslam3_ros2) by extensions ['colcon_pkg']
[0.597s] Level 1:colcon.colcon_core.package_identification:_identify(/home/faith/Work/carto_ws/src/orbslam3_ros2) by extension 'colcon_pkg'
[0.597s] Level 1:colcon.colcon_core.package_identification:_identify(/home/faith/Work/carto_ws/src/orbslam3_ros2) by extensions ['colcon_meta']
[0.597s] Level 1:colcon.colcon_core.package_identification:_identify(/home/faith/Work/carto_ws/src/orbslam3_ros2) by extension 'colcon_meta'
[0.597s] Level 1:colcon.colcon_core.package_identification:_identify(/home/faith/Work/carto_ws/src/orbslam3_ros2) by extensions ['ros']
[0.597s] Level 1:colcon.colcon_core.package_identification:_identify(/home/faith/Work/carto_ws/src/orbslam3_ros2) by extension 'ros'
[0.599s] DEBUG:colcon.colcon_core.package_identification:Package '/home/faith/Work/carto_ws/src/orbslam3_ros2' with type 'ros.ament_cmake' and name 'orbslam3'
[0.599s] Level 1:colcon.colcon_core.package_identification:_identify(/home/faith/Work/carto_ws/src/ros2_astra_camera) by extensions ['ignore', 'ignore_ament_install']
[0.599s] Level 1:colcon.colcon_core.package_identification:_identify(/home/faith/Work/carto_ws/src/ros2_astra_camera) by extension 'ignore'
[0.599s] Level 1:colcon.colcon_core.package_identification:_identify(/home/faith/Work/carto_ws/src/ros2_astra_camera) by extension 'ignore_ament_install'
[0.599s] Level 1:colcon.colcon_core.package_identification:_identify(/home/faith/Work/carto_ws/src/ros2_astra_camera) by extensions ['colcon_pkg']
[0.599s] Level 1:colcon.colcon_core.package_identification:_identify(/home/faith/Work/carto_ws/src/ros2_astra_camera) by extension 'colcon_pkg'
[0.599s] Level 1:colcon.colcon_core.package_identification:_identify(/home/faith/Work/carto_ws/src/ros2_astra_camera) by extensions ['colcon_meta']
[0.599s] Level 1:colcon.colcon_core.package_identification:_identify(/home/faith/Work/carto_ws/src/ros2_astra_camera) by extension 'colcon_meta'
[0.600s] Level 1:colcon.colcon_core.package_identification:_identify(/home/faith/Work/carto_ws/src/ros2_astra_camera) by extensions ['ros']
[0.600s] Level 1:colcon.colcon_core.package_identification:_identify(/home/faith/Work/carto_ws/src/ros2_astra_camera) by extension 'ros'
[0.600s] Level 1:colcon.colcon_core.package_identification:_identify(/home/faith/Work/carto_ws/src/ros2_astra_camera) by extensions ['cmake', 'python']
[0.600s] Level 1:colcon.colcon_core.package_identification:_identify(/home/faith/Work/carto_ws/src/ros2_astra_camera) by extension 'cmake'
[0.600s] Level 1:colcon.colcon_core.package_identification:_identify(/home/faith/Work/carto_ws/src/ros2_astra_camera) by extension 'python'
[0.600s] Level 1:colcon.colcon_core.package_identification:_identify(/home/faith/Work/carto_ws/src/ros2_astra_camera) by extensions ['python_setup_py']
[0.600s] Level 1:colcon.colcon_core.package_identification:_identify(/home/faith/Work/carto_ws/src/ros2_astra_camera) by extension 'python_setup_py'
[0.600s] Level 1:colcon.colcon_core.package_identification:_identify(/home/faith/Work/carto_ws/src/ros2_astra_camera/astra_camera) by extensions ['ignore', 'ignore_ament_install']
[0.600s] Level 1:colcon.colcon_core.package_identification:_identify(/home/faith/Work/carto_ws/src/ros2_astra_camera/astra_camera) by extension 'ignore'
[0.600s] Level 1:colcon.colcon_core.package_identification:_identify(/home/faith/Work/carto_ws/src/ros2_astra_camera/astra_camera) by extension 'ignore_ament_install'
[0.600s] Level 1:colcon.colcon_core.package_identification:_identify(/home/faith/Work/carto_ws/src/ros2_astra_camera/astra_camera) by extensions ['colcon_pkg']
[0.600s] Level 1:colcon.colcon_core.package_identification:_identify(/home/faith/Work/carto_ws/src/ros2_astra_camera/astra_camera) by extension 'colcon_pkg'
[0.601s] Level 1:colcon.colcon_core.package_identification:_identify(/home/faith/Work/carto_ws/src/ros2_astra_camera/astra_camera) by extensions ['colcon_meta']
[0.601s] Level 1:colcon.colcon_core.package_identification:_identify(/home/faith/Work/carto_ws/src/ros2_astra_camera/astra_camera) by extension 'colcon_meta'
[0.601s] Level 1:colcon.colcon_core.package_identification:_identify(/home/faith/Work/carto_ws/src/ros2_astra_camera/astra_camera) by extensions ['ros']
[0.601s] Level 1:colcon.colcon_core.package_identification:_identify(/home/faith/Work/carto_ws/src/ros2_astra_camera/astra_camera) by extension 'ros'
[0.604s] DEBUG:colcon.colcon_core.package_identification:Package '/home/faith/Work/carto_ws/src/ros2_astra_camera/astra_camera' with type 'ros.ament_cmake' and name 'astra_camera'
[0.604s] Level 1:colcon.colcon_core.package_identification:_identify(/home/faith/Work/carto_ws/src/ros2_astra_camera/astra_camera_msgs) by extensions ['ignore', 'ignore_ament_install']
[0.604s] Level 1:colcon.colcon_core.package_identification:_identify(/home/faith/Work/carto_ws/src/ros2_astra_camera/astra_camera_msgs) by extension 'ignore'
[0.604s] Level 1:colcon.colcon_core.package_identification:_identify(/home/faith/Work/carto_ws/src/ros2_astra_camera/astra_camera_msgs) by extension 'ignore_ament_install'
[0.604s] Level 1:colcon.colcon_core.package_identification:_identify(/home/faith/Work/carto_ws/src/ros2_astra_camera/astra_camera_msgs) by extensions ['colcon_pkg']
[0.604s] Level 1:colcon.colcon_core.package_identification:_identify(/home/faith/Work/carto_ws/src/ros2_astra_camera/astra_camera_msgs) by extension 'colcon_pkg'
[0.604s] Level 1:colcon.colcon_core.package_identification:_identify(/home/faith/Work/carto_ws/src/ros2_astra_camera/astra_camera_msgs) by extensions ['colcon_meta']
[0.604s] Level 1:colcon.colcon_core.package_identification:_identify(/home/faith/Work/carto_ws/src/ros2_astra_camera/astra_camera_msgs) by extension 'colcon_meta'
[0.605s] Level 1:colcon.colcon_core.package_identification:_identify(/home/faith/Work/carto_ws/src/ros2_astra_camera/astra_camera_msgs) by extensions ['ros']
[0.605s] Level 1:colcon.colcon_core.package_identification:_identify(/home/faith/Work/carto_ws/src/ros2_astra_camera/astra_camera_msgs) by extension 'ros'
[0.606s] DEBUG:colcon.colcon_core.package_identification:Package '/home/faith/Work/carto_ws/src/ros2_astra_camera/astra_camera_msgs' with type 'ros.ament_cmake' and name 'astra_camera_msgs'
[0.606s] Level 1:colcon.colcon_core.package_identification:_identify(/home/faith/Work/carto_ws/src/sllidar_ros2) by extensions ['ignore', 'ignore_ament_install']
[0.606s] Level 1:colcon.colcon_core.package_identification:_identify(/home/faith/Work/carto_ws/src/sllidar_ros2) by extension 'ignore'
[0.606s] Level 1:colcon.colcon_core.package_identification:_identify(/home/faith/Work/carto_ws/src/sllidar_ros2) by extension 'ignore_ament_install'
[0.606s] Level 1:colcon.colcon_core.package_identification:_identify(/home/faith/Work/carto_ws/src/sllidar_ros2) by extensions ['colcon_pkg']
[0.606s] Level 1:colcon.colcon_core.package_identification:_identify(/home/faith/Work/carto_ws/src/sllidar_ros2) by extension 'colcon_pkg'
[0.607s] Level 1:colcon.colcon_core.package_identification:_identify(/home/faith/Work/carto_ws/src/sllidar_ros2) by extensions ['colcon_meta']
[0.607s] Level 1:colcon.colcon_core.package_identification:_identify(/home/faith/Work/carto_ws/src/sllidar_ros2) by extension 'colcon_meta'
[0.607s] Level 1:colcon.colcon_core.package_identification:_identify(/home/faith/Work/carto_ws/src/sllidar_ros2) by extensions ['ros']
[0.607s] Level 1:colcon.colcon_core.package_identification:_identify(/home/faith/Work/carto_ws/src/sllidar_ros2) by extension 'ros'
[0.608s] DEBUG:colcon.colcon_core.package_identification:Package '/home/faith/Work/carto_ws/src/sllidar_ros2' with type 'ros.ament_cmake' and name 'sllidar_ros2'
[0.608s] Level 1:colcon.colcon_core.package_identification:_identify(/home/faith/Work/carto_ws/src/yahboomcar_description) by extensions ['ignore', 'ignore_ament_install']
[0.608s] Level 1:colcon.colcon_core.package_identification:_identify(/home/faith/Work/carto_ws/src/yahboomcar_description) by extension 'ignore'
[0.608s] Level 1:colcon.colcon_core.package_identification:_identify(/home/faith/Work/carto_ws/src/yahboomcar_description) by extension 'ignore_ament_install'
[0.609s] Level 1:colcon.colcon_core.package_identification:_identify(/home/faith/Work/carto_ws/src/yahboomcar_description) by extensions ['colcon_pkg']
[0.609s] Level 1:colcon.colcon_core.package_identification:_identify(/home/faith/Work/carto_ws/src/yahboomcar_description) by extension 'colcon_pkg'
[0.609s] Level 1:colcon.colcon_core.package_identification:_identify(/home/faith/Work/carto_ws/src/yahboomcar_description) by extensions ['colcon_meta']
[0.609s] Level 1:colcon.colcon_core.package_identification:_identify(/home/faith/Work/carto_ws/src/yahboomcar_description) by extension 'colcon_meta'
[0.609s] Level 1:colcon.colcon_core.package_identification:_identify(/home/faith/Work/carto_ws/src/yahboomcar_description) by extensions ['ros']
[0.609s] Level 1:colcon.colcon_core.package_identification:_identify(/home/faith/Work/carto_ws/src/yahboomcar_description) by extension 'ros'
[0.610s] DEBUG:colcon.colcon_core.package_identification:Package '/home/faith/Work/carto_ws/src/yahboomcar_description' with type 'ros.ament_python' and name 'yahboomcar_description'
[0.610s] Level 1:colcon.colcon_core.package_discovery:discover_packages(recursive) using defaults
