running egg_info
writing ../../build/yahboomcar_description/yahboomcar_description.egg-info/PKG-INFO
writing dependency_links to ../../build/yahboomcar_description/yahboomcar_description.egg-info/dependency_links.txt
writing entry points to ../../build/yahboomcar_description/yahboomcar_description.egg-info/entry_points.txt
writing requirements to ../../build/yahboomcar_description/yahboomcar_description.egg-info/requires.txt
writing top-level names to ../../build/yahboomcar_description/yahboomcar_description.egg-info/top_level.txt
reading manifest file '../../build/yahboomcar_description/yahboomcar_description.egg-info/SOURCES.txt'
writing manifest file '../../build/yahboomcar_description/yahboomcar_description.egg-info/SOURCES.txt'
running build
running build_py
running install
running install_lib
creating /home/faith/Work/carto_ws/install/yahboomcar_description/lib/python3.10/site-packages/yahboomcar_description
copying /home/faith/Work/carto_ws/build/yahboomcar_description/build/lib/yahboomcar_description/__init__.py -> /home/faith/Work/carto_ws/install/yahboomcar_description/lib/python3.10/site-packages/yahboomcar_description
byte-compiling /home/faith/Work/carto_ws/install/yahboomcar_description/lib/python3.10/site-packages/yahboomcar_description/__init__.py to __init__.cpython-310.pyc
running install_data
creating /home/faith/Work/carto_ws/install/yahboomcar_description/share/ament_index
creating /home/faith/Work/carto_ws/install/yahboomcar_description/share/ament_index/resource_index
creating /home/faith/Work/carto_ws/install/yahboomcar_description/share/ament_index/resource_index/packages
copying resource/yahboomcar_description -> /home/faith/Work/carto_ws/install/yahboomcar_description/share/ament_index/resource_index/packages
copying package.xml -> /home/faith/Work/carto_ws/install/yahboomcar_description/share/yahboomcar_description
running install_egg_info
Copying ../../build/yahboomcar_description/yahboomcar_description.egg-info to /home/faith/Work/carto_ws/install/yahboomcar_description/lib/python3.10/site-packages/yahboomcar_description-0.0.0-py3.10.egg-info
running install_scripts
writing list of installed files to '/home/faith/Work/carto_ws/build/yahboomcar_description/install.log'
