[1.646s] Invoking command in '/home/faith/Work/carto_ws/src/yahboomcar_description': PYTHONPATH=/home/faith/Work/carto_ws/build/yahboomcar_description/prefix_override:/home/faith/Work/carto_ws/install/yahboomcar_description/lib/python3.10/site-packages:${PYTHONPATH} /usr/bin/python3 setup.py egg_info --egg-base ../../build/yahboomcar_description build --build-base /home/faith/Work/carto_ws/build/yahboomcar_description/build install --record /home/faith/Work/carto_ws/build/yahboomcar_description/install.log --single-version-externally-managed
[1.984s] running egg_info
[1.985s] writing ../../build/yahboomcar_description/yahboomcar_description.egg-info/PKG-INFO
[1.987s] writing dependency_links to ../../build/yahboomcar_description/yahboomcar_description.egg-info/dependency_links.txt
[1.987s] writing entry points to ../../build/yahboomcar_description/yahboomcar_description.egg-info/entry_points.txt
[1.988s] writing requirements to ../../build/yahboomcar_description/yahboomcar_description.egg-info/requires.txt
[1.988s] writing top-level names to ../../build/yahboomcar_description/yahboomcar_description.egg-info/top_level.txt
[1.991s] reading manifest file '../../build/yahboomcar_description/yahboomcar_description.egg-info/SOURCES.txt'
[1.994s] writing manifest file '../../build/yahboomcar_description/yahboomcar_description.egg-info/SOURCES.txt'
[1.994s] running build
[1.995s] running build_py
[1.995s] running install
[1.996s] /usr/lib/python3/dist-packages/setuptools/command/install.py:34: SetuptoolsDeprecationWarning: setup.py install is deprecated. Use build and pip and other standards-based tools.
[1.996s]   warnings.warn(
[1.996s] running install_lib
[1.997s] creating /home/faith/Work/carto_ws/install/yahboomcar_description/lib/python3.10/site-packages/yahboomcar_description
[1.997s] copying /home/faith/Work/carto_ws/build/yahboomcar_description/build/lib/yahboomcar_description/__init__.py -> /home/faith/Work/carto_ws/install/yahboomcar_description/lib/python3.10/site-packages/yahboomcar_description
[1.998s] byte-compiling /home/faith/Work/carto_ws/install/yahboomcar_description/lib/python3.10/site-packages/yahboomcar_description/__init__.py to __init__.cpython-310.pyc
[1.999s] running install_data
[1.999s] creating /home/faith/Work/carto_ws/install/yahboomcar_description/share/ament_index
[2.000s] creating /home/faith/Work/carto_ws/install/yahboomcar_description/share/ament_index/resource_index
[2.000s] creating /home/faith/Work/carto_ws/install/yahboomcar_description/share/ament_index/resource_index/packages
[2.000s] copying resource/yahboomcar_description -> /home/faith/Work/carto_ws/install/yahboomcar_description/share/ament_index/resource_index/packages
[2.001s] copying package.xml -> /home/faith/Work/carto_ws/install/yahboomcar_description/share/yahboomcar_description
[2.001s] running install_egg_info
[2.002s] Copying ../../build/yahboomcar_description/yahboomcar_description.egg-info to /home/faith/Work/carto_ws/install/yahboomcar_description/lib/python3.10/site-packages/yahboomcar_description-0.0.0-py3.10.egg-info
[2.004s] running install_scripts
[2.040s] writing list of installed files to '/home/faith/Work/carto_ws/build/yahboomcar_description/install.log'
[2.140s] Invoked command in '/home/faith/Work/carto_ws/src/yahboomcar_description' returned '0': PYTHONPATH=/home/faith/Work/carto_ws/build/yahboomcar_description/prefix_override:/home/faith/Work/carto_ws/install/yahboomcar_description/lib/python3.10/site-packages:${PYTHONPATH} /usr/bin/python3 setup.py egg_info --egg-base ../../build/yahboomcar_description build --build-base /home/faith/Work/carto_ws/build/yahboomcar_description/build install --record /home/faith/Work/carto_ws/build/yahboomcar_description/install.log --single-version-externally-managed
