[1.101s] Invoking command in '/home/faith/Work/carto_ws/src/faithcar_bringup': CMAKE_PREFIX_PATH=/home/faith/Work/carto_ws/install/faithcar_msgs:/home/faith/Work/carto_ws/install/sllidar_ros2:/home/faith/Work/carto_ws/install/orbbec_description:/home/faith/Work/carto_ws/install/orbbec_camera:/home/faith/Work/carto_ws/install/orbbec_camera_msgs:/home/faith/Work/carto_ws/install/faithbot_cartographer:/home/faith/Work/carto_ws/install/city_w:/home/faith/Work/carto_ws/install/cartographer_rviz:/home/faith/Work/carto_ws/install/cartographer_ros:/home/faith/Work/carto_ws/install/cartographer_ros_msgs:/home/faith/Work/carto_ws/install/cartographer:/home/faith/Work/carto_ws/install/astra_camera:/home/faith/Work/carto_ws/install/astra_camera_msgs LD_LIBRARY_PATH=/home/faith/Work/carto_ws/install/faithcar_msgs/lib:/home/faith/Work/carto_ws/install/orbbec_camera/lib:/home/faith/Work/carto_ws/install/orbbec_camera_msgs/lib:/home/faith/Work/carto_ws/install/cartographer_rviz/lib:/home/faith/Work/carto_ws/install/cartographer_ros/lib:/home/faith/Work/carto_ws/install/cartographer_ros_msgs/lib:/home/faith/Work/carto_ws/install/astra_camera/lib:/home/faith/Work/carto_ws/install/astra_camera_msgs/lib:/opt/ros/humble/opt/rviz_ogre_vendor/lib:/opt/ros/humble/lib/aarch64-linux-gnu:/opt/ros/humble/lib PYTHONPATH=/home/faith/Work/carto_ws/build/faithcar_bringup/prefix_override:/home/faith/Work/carto_ws/install/faithcar_bringup/lib/python3.10/site-packages:${PYTHONPATH} /usr/bin/python3 setup.py egg_info --egg-base ../../build/faithcar_bringup build --build-base /home/faith/Work/carto_ws/build/faithcar_bringup/build install --record /home/faith/Work/carto_ws/build/faithcar_bringup/install.log --single-version-externally-managed
[1.433s] running egg_info
[1.434s] writing ../../build/faithcar_bringup/faithcar_bringup.egg-info/PKG-INFO
[1.435s] writing dependency_links to ../../build/faithcar_bringup/faithcar_bringup.egg-info/dependency_links.txt
[1.435s] writing entry points to ../../build/faithcar_bringup/faithcar_bringup.egg-info/entry_points.txt
[1.436s] writing requirements to ../../build/faithcar_bringup/faithcar_bringup.egg-info/requires.txt
[1.436s] writing top-level names to ../../build/faithcar_bringup/faithcar_bringup.egg-info/top_level.txt
[1.438s] reading manifest file '../../build/faithcar_bringup/faithcar_bringup.egg-info/SOURCES.txt'
[1.440s] writing manifest file '../../build/faithcar_bringup/faithcar_bringup.egg-info/SOURCES.txt'
[1.440s] running build
[1.441s] running build_py
[1.441s] copying faithcar_bringup/faithcar_driver.py -> /home/faith/Work/carto_ws/build/faithcar_bringup/build/lib/faithcar_bringup
[1.441s] running install
[1.441s] /usr/lib/python3/dist-packages/setuptools/command/install.py:34: SetuptoolsDeprecationWarning: setup.py install is deprecated. Use build and pip and other standards-based tools.
[1.441s]   warnings.warn(
[1.441s] running install_lib
[1.442s] copying /home/faith/Work/carto_ws/build/faithcar_bringup/build/lib/faithcar_bringup/faithcar_driver.py -> /home/faith/Work/carto_ws/install/faithcar_bringup/lib/python3.10/site-packages/faithcar_bringup
[1.443s] byte-compiling /home/faith/Work/carto_ws/install/faithcar_bringup/lib/python3.10/site-packages/faithcar_bringup/faithcar_driver.py to faithcar_driver.cpython-310.pyc
[1.445s] running install_data
[1.446s] running install_egg_info
[1.448s] removing '/home/faith/Work/carto_ws/install/faithcar_bringup/lib/python3.10/site-packages/faithcar_bringup-0.0.0-py3.10.egg-info' (and everything under it)
[1.449s] Copying ../../build/faithcar_bringup/faithcar_bringup.egg-info to /home/faith/Work/carto_ws/install/faithcar_bringup/lib/python3.10/site-packages/faithcar_bringup-0.0.0-py3.10.egg-info
[1.450s] running install_scripts
[1.481s] Installing faithcar_driver_node script to /home/faith/Work/carto_ws/install/faithcar_bringup/lib/faithcar_bringup
[1.482s] writing list of installed files to '/home/faith/Work/carto_ws/build/faithcar_bringup/install.log'
[1.541s] Invoked command in '/home/faith/Work/carto_ws/src/faithcar_bringup' returned '0': CMAKE_PREFIX_PATH=/home/faith/Work/carto_ws/install/faithcar_msgs:/home/faith/Work/carto_ws/install/sllidar_ros2:/home/faith/Work/carto_ws/install/orbbec_description:/home/faith/Work/carto_ws/install/orbbec_camera:/home/faith/Work/carto_ws/install/orbbec_camera_msgs:/home/faith/Work/carto_ws/install/faithbot_cartographer:/home/faith/Work/carto_ws/install/city_w:/home/faith/Work/carto_ws/install/cartographer_rviz:/home/faith/Work/carto_ws/install/cartographer_ros:/home/faith/Work/carto_ws/install/cartographer_ros_msgs:/home/faith/Work/carto_ws/install/cartographer:/home/faith/Work/carto_ws/install/astra_camera:/home/faith/Work/carto_ws/install/astra_camera_msgs LD_LIBRARY_PATH=/home/faith/Work/carto_ws/install/faithcar_msgs/lib:/home/faith/Work/carto_ws/install/orbbec_camera/lib:/home/faith/Work/carto_ws/install/orbbec_camera_msgs/lib:/home/faith/Work/carto_ws/install/cartographer_rviz/lib:/home/faith/Work/carto_ws/install/cartographer_ros/lib:/home/faith/Work/carto_ws/install/cartographer_ros_msgs/lib:/home/faith/Work/carto_ws/install/astra_camera/lib:/home/faith/Work/carto_ws/install/astra_camera_msgs/lib:/opt/ros/humble/opt/rviz_ogre_vendor/lib:/opt/ros/humble/lib/aarch64-linux-gnu:/opt/ros/humble/lib PYTHONPATH=/home/faith/Work/carto_ws/build/faithcar_bringup/prefix_override:/home/faith/Work/carto_ws/install/faithcar_bringup/lib/python3.10/site-packages:${PYTHONPATH} /usr/bin/python3 setup.py egg_info --egg-base ../../build/faithcar_bringup build --build-base /home/faith/Work/carto_ws/build/faithcar_bringup/build install --record /home/faith/Work/carto_ws/build/faithcar_bringup/install.log --single-version-externally-managed
