running egg_info
writing ../../build/city_li/city_li.egg-info/PKG-INFO
writing dependency_links to ../../build/city_li/city_li.egg-info/dependency_links.txt
writing entry points to ../../build/city_li/city_li.egg-info/entry_points.txt
writing requirements to ../../build/city_li/city_li.egg-info/requires.txt
writing top-level names to ../../build/city_li/city_li.egg-info/top_level.txt
reading manifest file '../../build/city_li/city_li.egg-info/SOURCES.txt'
writing manifest file '../../build/city_li/city_li.egg-info/SOURCES.txt'
running build
running build_py
copying city_li/li4_class.py -> /home/faith/Work/carto_ws/build/city_li/build/lib/city_li
copying city_li/li4.py -> /home/faith/Work/carto_ws/build/city_li/build/lib/city_li
running install
/usr/lib/python3/dist-packages/setuptools/command/install.py:34: SetuptoolsDeprecationWarning: setup.py install is deprecated. Use build and pip and other standards-based tools.
  warnings.warn(
running install_lib
copying /home/faith/Work/carto_ws/build/city_li/build/lib/city_li/li4_class.py -> /home/faith/Work/carto_ws/install/city_li/lib/python3.10/site-packages/city_li
copying /home/faith/Work/carto_ws/build/city_li/build/lib/city_li/li4.py -> /home/faith/Work/carto_ws/install/city_li/lib/python3.10/site-packages/city_li
byte-compiling /home/faith/Work/carto_ws/install/city_li/lib/python3.10/site-packages/city_li/li4_class.py to li4_class.cpython-310.pyc
byte-compiling /home/faith/Work/carto_ws/install/city_li/lib/python3.10/site-packages/city_li/li4.py to li4.cpython-310.pyc
running install_data
running install_egg_info
removing '/home/faith/Work/carto_ws/install/city_li/lib/python3.10/site-packages/city_li-0.0.0-py3.10.egg-info' (and everything under it)
Copying ../../build/city_li/city_li.egg-info to /home/faith/Work/carto_ws/install/city_li/lib/python3.10/site-packages/city_li-0.0.0-py3.10.egg-info
running install_scripts
Installing li4_node script to /home/faith/Work/carto_ws/install/city_li/lib/city_li
writing list of installed files to '/home/faith/Work/carto_ws/build/city_li/install.log'
