[0.753s] Invoking command in '/home/faith/Work/carto_ws/build/sllidar_ros2': CMAKE_PREFIX_PATH=${CMAKE_PREFIX_PATH}:/home/faith/Work/carto_ws/install/fishbot_description:/opt/ros/humble /usr/bin/cmake --build /home/faith/Work/carto_ws/build/sllidar_ros2 -- -j8 -l8
[1.001s] [ 85%] Built target sllidar_node
[1.010s] [100%] Built target sllidar_client
[1.061s] Invoked command in '/home/faith/Work/carto_ws/build/sllidar_ros2' returned '0': CMAKE_PREFIX_PATH=${CMAKE_PREFIX_PATH}:/home/faith/Work/carto_ws/install/fishbot_description:/opt/ros/humble /usr/bin/cmake --build /home/faith/Work/carto_ws/build/sllidar_ros2 -- -j8 -l8
[1.336s] Invoking command in '/home/faith/Work/carto_ws/build/sllidar_ros2': CMAKE_PREFIX_PATH=${CMAKE_PREFIX_PATH}:/home/faith/Work/carto_ws/install/fishbot_description:/opt/ros/humble /usr/bin/cmake --install /home/faith/Work/carto_ws/build/sllidar_ros2
[1.351s] -- Install configuration: "Release"
[1.352s] -- Execute custom install script
[1.352s] -- Up-to-date symlink: /home/faith/Work/carto_ws/install/sllidar_ros2/share/sllidar_ros2/launch/sllidar_a3_launch.py
[1.352s] -- Up-to-date symlink: /home/faith/Work/carto_ws/install/sllidar_ros2/share/sllidar_ros2/launch/sllidar_launch.py
[1.352s] -- Up-to-date symlink: /home/faith/Work/carto_ws/install/sllidar_ros2/share/sllidar_ros2/launch/sllidar_s1_launch.py
[1.352s] -- Up-to-date symlink: /home/faith/Work/carto_ws/install/sllidar_ros2/share/sllidar_ros2/launch/sllidar_s1_tcp_launch.py
[1.352s] -- Up-to-date symlink: /home/faith/Work/carto_ws/install/sllidar_ros2/share/sllidar_ros2/launch/sllidar_s2_launch.py
[1.352s] -- Up-to-date symlink: /home/faith/Work/carto_ws/install/sllidar_ros2/share/sllidar_ros2/launch/sllidar_s2e_launch.py
[1.352s] -- Up-to-date symlink: /home/faith/Work/carto_ws/install/sllidar_ros2/share/sllidar_ros2/launch/sllidar_t1_launch.py
[1.352s] -- Up-to-date symlink: /home/faith/Work/carto_ws/install/sllidar_ros2/share/sllidar_ros2/launch/view_sllidar_a3_launch.py
[1.352s] -- Up-to-date symlink: /home/faith/Work/carto_ws/install/sllidar_ros2/share/sllidar_ros2/launch/view_sllidar_launch.py
[1.352s] -- Up-to-date symlink: /home/faith/Work/carto_ws/install/sllidar_ros2/share/sllidar_ros2/launch/view_sllidar_s1_launch.py
[1.352s] -- Up-to-date symlink: /home/faith/Work/carto_ws/install/sllidar_ros2/share/sllidar_ros2/launch/view_sllidar_s1_tcp_launch.py
[1.353s] -- Up-to-date symlink: /home/faith/Work/carto_ws/install/sllidar_ros2/share/sllidar_ros2/launch/view_sllidar_s2_launch.py
[1.353s] -- Up-to-date symlink: /home/faith/Work/carto_ws/install/sllidar_ros2/share/sllidar_ros2/launch/view_sllidar_s2e_launch.py
[1.353s] -- Up-to-date symlink: /home/faith/Work/carto_ws/install/sllidar_ros2/share/sllidar_ros2/launch/view_sllidar_t1_launch.py
[1.353s] -- Up-to-date symlink: /home/faith/Work/carto_ws/install/sllidar_ros2/share/sllidar_ros2/rviz/sllidar_ros2.rviz
[1.353s] -- Up-to-date symlink: /home/faith/Work/carto_ws/install/sllidar_ros2/lib/sllidar_ros2/sllidar_node
[1.353s] -- Up-to-date symlink: /home/faith/Work/carto_ws/install/sllidar_ros2/lib/sllidar_ros2/sllidar_client
[1.353s] -- Up-to-date symlink: /home/faith/Work/carto_ws/install/sllidar_ros2/share/ament_index/resource_index/package_run_dependencies/sllidar_ros2
[1.353s] -- Up-to-date symlink: /home/faith/Work/carto_ws/install/sllidar_ros2/share/ament_index/resource_index/parent_prefix_path/sllidar_ros2
[1.353s] -- Up-to-date symlink: /home/faith/Work/carto_ws/install/sllidar_ros2/share/sllidar_ros2/environment/ament_prefix_path.sh
[1.353s] -- Up-to-date symlink: /home/faith/Work/carto_ws/install/sllidar_ros2/share/sllidar_ros2/environment/ament_prefix_path.dsv
[1.353s] -- Up-to-date symlink: /home/faith/Work/carto_ws/install/sllidar_ros2/share/sllidar_ros2/environment/path.sh
[1.354s] -- Up-to-date symlink: /home/faith/Work/carto_ws/install/sllidar_ros2/share/sllidar_ros2/environment/path.dsv
[1.354s] -- Up-to-date symlink: /home/faith/Work/carto_ws/install/sllidar_ros2/share/sllidar_ros2/local_setup.bash
[1.354s] -- Up-to-date symlink: /home/faith/Work/carto_ws/install/sllidar_ros2/share/sllidar_ros2/local_setup.sh
[1.354s] -- Up-to-date symlink: /home/faith/Work/carto_ws/install/sllidar_ros2/share/sllidar_ros2/local_setup.zsh
[1.354s] -- Up-to-date symlink: /home/faith/Work/carto_ws/install/sllidar_ros2/share/sllidar_ros2/local_setup.dsv
[1.354s] -- Symlinking: /home/faith/Work/carto_ws/install/sllidar_ros2/share/sllidar_ros2/package.dsv
[1.371s] -- Up-to-date symlink: /home/faith/Work/carto_ws/install/sllidar_ros2/share/ament_index/resource_index/packages/sllidar_ros2
[1.371s] -- Up-to-date symlink: /home/faith/Work/carto_ws/install/sllidar_ros2/share/sllidar_ros2/cmake/ament_cmake_export_dependencies-extras.cmake
[1.372s] -- Up-to-date symlink: /home/faith/Work/carto_ws/install/sllidar_ros2/share/sllidar_ros2/cmake/ament_cmake_export_include_directories-extras.cmake
[1.372s] -- Up-to-date symlink: /home/faith/Work/carto_ws/install/sllidar_ros2/share/sllidar_ros2/cmake/sllidar_ros2Config.cmake
[1.372s] -- Up-to-date symlink: /home/faith/Work/carto_ws/install/sllidar_ros2/share/sllidar_ros2/cmake/sllidar_ros2Config-version.cmake
[1.373s] -- Up-to-date symlink: /home/faith/Work/carto_ws/install/sllidar_ros2/share/sllidar_ros2/package.xml
[1.379s] Invoked command in '/home/faith/Work/carto_ws/build/sllidar_ros2' returned '0': CMAKE_PREFIX_PATH=${CMAKE_PREFIX_PATH}:/home/faith/Work/carto_ws/install/fishbot_description:/opt/ros/humble /usr/bin/cmake --install /home/faith/Work/carto_ws/build/sllidar_ros2
