running egg_info
writing ../../build/faithcar_bringup/faithcar_bringup.egg-info/PKG-INFO
writing dependency_links to ../../build/faithcar_bringup/faithcar_bringup.egg-info/dependency_links.txt
writing entry points to ../../build/faithcar_bringup/faithcar_bringup.egg-info/entry_points.txt
writing requirements to ../../build/faithcar_bringup/faithcar_bringup.egg-info/requires.txt
writing top-level names to ../../build/faithcar_bringup/faithcar_bringup.egg-info/top_level.txt
reading manifest file '../../build/faithcar_bringup/faithcar_bringup.egg-info/SOURCES.txt'
writing manifest file '../../build/faithcar_bringup/faithcar_bringup.egg-info/SOURCES.txt'
running build
running build_py
copying faithcar_bringup/faithcar_driver_without_driver.py -> /home/faith/Work/carto_ws/build/faithcar_bringup/build/lib/faithcar_bringup
running install
running install_lib
copying /home/faith/Work/carto_ws/build/faithcar_bringup/build/lib/faithcar_bringup/faithcar_driver_without_driver.py -> /home/faith/Work/carto_ws/install/faithcar_bringup/lib/python3.10/site-packages/faithcar_bringup
byte-compiling /home/faith/Work/carto_ws/install/faithcar_bringup/lib/python3.10/site-packages/faithcar_bringup/faithcar_driver_without_driver.py to faithcar_driver_without_driver.cpython-310.pyc
running install_data
running install_egg_info
removing '/home/faith/Work/carto_ws/install/faithcar_bringup/lib/python3.10/site-packages/faithcar_bringup-0.0.0-py3.10.egg-info' (and everything under it)
Copying ../../build/faithcar_bringup/faithcar_bringup.egg-info to /home/faith/Work/carto_ws/install/faithcar_bringup/lib/python3.10/site-packages/faithcar_bringup-0.0.0-py3.10.egg-info
running install_scripts
Installing faithcar_driver_node=faithcar_bringup.faithcar_driver:mainfaithcar_driver_node script to /home/faith/Work/carto_ws/install/faithcar_bringup/lib/faithcar_bringup
writing list of installed files to '/home/faith/Work/carto_ws/build/faithcar_bringup/install.log'
