[0.426s] Invoking command in '/home/faith/Work/carto_ws/build/orbbec_description': CMAKE_PREFIX_PATH=${CMAKE_PREFIX_PATH}:/home/faith/Work/carto_ws/install/fishbot_description:/opt/ros/humble /usr/bin/cmake /home/faith/Work/carto_ws/src/OrbbecSDK_ROS2/orbbec_description -DCMAKE_BUILD_TYPE=Release -DCMAKE_INSTALL_PREFIX=/home/faith/Work/carto_ws/install/orbbec_description
[0.632s] -- The C compiler identification is GNU 11.3.0
[0.813s] -- The CXX compiler identification is GNU 11.3.0
[0.839s] -- Detecting C compiler ABI info
[0.969s] -- Detecting C compiler ABI info - done
[1.025s] -- Check for working C compiler: /usr/bin/cc - skipped
[1.026s] -- Detecting C compile features
[1.027s] -- Detecting C compile features - done
[1.028s] -- Detecting CXX compiler ABI info
[1.272s] -- Detecting CXX compiler ABI info - done
[1.311s] -- Check for working CXX compiler: /usr/bin/c++ - skipped
[1.311s] -- Detecting CXX compile features
[1.313s] -- Detecting CXX compile features - done
[1.320s] -- Found ament_cmake: 1.3.5 (/opt/ros/humble/share/ament_cmake/cmake)
[1.757s] -- Found Python3: /usr/bin/python3.10 (found version "3.10.6") found components: Interpreter 
[2.003s] -- Found ament_lint_auto: 0.12.6 (/opt/ros/humble/share/ament_lint_auto/cmake)
[2.245s] -- Added test 'copyright' to check source files copyright and LICENSE
[2.255s] -- Added test 'lint_cmake' to check CMake code style
[2.261s] -- Added test 'xmllint' to check XML markup files
[2.277s] -- Configuring done
[2.290s] -- Generating done
[2.295s] -- Build files have been written to: /home/faith/Work/carto_ws/build/orbbec_description
[2.353s] Invoked command in '/home/faith/Work/carto_ws/build/orbbec_description' returned '0': CMAKE_PREFIX_PATH=${CMAKE_PREFIX_PATH}:/home/faith/Work/carto_ws/install/fishbot_description:/opt/ros/humble /usr/bin/cmake /home/faith/Work/carto_ws/src/OrbbecSDK_ROS2/orbbec_description -DCMAKE_BUILD_TYPE=Release -DCMAKE_INSTALL_PREFIX=/home/faith/Work/carto_ws/install/orbbec_description
[2.356s] Invoking command in '/home/faith/Work/carto_ws/build/orbbec_description': CMAKE_PREFIX_PATH=${CMAKE_PREFIX_PATH}:/home/faith/Work/carto_ws/install/fishbot_description:/opt/ros/humble /usr/bin/cmake --build /home/faith/Work/carto_ws/build/orbbec_description -- -j8 -l8
[2.513s] Invoked command in '/home/faith/Work/carto_ws/build/orbbec_description' returned '0': CMAKE_PREFIX_PATH=${CMAKE_PREFIX_PATH}:/home/faith/Work/carto_ws/install/fishbot_description:/opt/ros/humble /usr/bin/cmake --build /home/faith/Work/carto_ws/build/orbbec_description -- -j8 -l8
[2.722s] Invoking command in '/home/faith/Work/carto_ws/build/orbbec_description': CMAKE_PREFIX_PATH=${CMAKE_PREFIX_PATH}:/home/faith/Work/carto_ws/install/fishbot_description:/opt/ros/humble /usr/bin/cmake --install /home/faith/Work/carto_ws/build/orbbec_description
[2.790s] -- Install configuration: "Release"
[2.791s] -- Installing: /home/faith/Work/carto_ws/install/orbbec_description/share/ament_index/resource_index/package_run_dependencies/orbbec_description
[2.792s] -- Installing: /home/faith/Work/carto_ws/install/orbbec_description/share/ament_index/resource_index/parent_prefix_path/orbbec_description
[2.794s] -- Installing: /home/faith/Work/carto_ws/install/orbbec_description/share/orbbec_description/environment/ament_prefix_path.sh
[2.809s] -- Installing: /home/faith/Work/carto_ws/install/orbbec_description/share/orbbec_description/environment/ament_prefix_path.dsv
[2.810s] -- Installing: /home/faith/Work/carto_ws/install/orbbec_description/share/orbbec_description/environment/path.sh
[2.811s] -- Installing: /home/faith/Work/carto_ws/install/orbbec_description/share/orbbec_description/environment/path.dsv
[2.812s] -- Installing: /home/faith/Work/carto_ws/install/orbbec_description/share/orbbec_description/local_setup.bash
[2.814s] -- Installing: /home/faith/Work/carto_ws/install/orbbec_description/share/orbbec_description/local_setup.sh
[2.814s] -- Installing: /home/faith/Work/carto_ws/install/orbbec_description/share/orbbec_description/local_setup.zsh
[2.814s] -- Installing: /home/faith/Work/carto_ws/install/orbbec_description/share/orbbec_description/local_setup.dsv
[2.815s] -- Installing: /home/faith/Work/carto_ws/install/orbbec_description/share/orbbec_description/package.dsv
[2.816s] -- Installing: /home/faith/Work/carto_ws/install/orbbec_description/share/ament_index/resource_index/packages/orbbec_description
[2.817s] -- Installing: /home/faith/Work/carto_ws/install/orbbec_description/share/orbbec_description/cmake/orbbec_descriptionConfig.cmake
[2.818s] -- Installing: /home/faith/Work/carto_ws/install/orbbec_description/share/orbbec_description/cmake/orbbec_descriptionConfig-version.cmake
[2.819s] -- Installing: /home/faith/Work/carto_ws/install/orbbec_description/share/orbbec_description/package.xml
[2.829s] Invoked command in '/home/faith/Work/carto_ws/build/orbbec_description' returned '0': CMAKE_PREFIX_PATH=${CMAKE_PREFIX_PATH}:/home/faith/Work/carto_ws/install/fishbot_description:/opt/ros/humble /usr/bin/cmake --install /home/faith/Work/carto_ws/build/orbbec_description
