[0.496s] Invoking command in '/home/faith/Work/carto_ws/build/orbbec_description': CMAKE_PREFIX_PATH=${CMAKE_PREFIX_PATH}:/home/faith/Work/carto_ws/install/fishbot_description:/opt/ros/humble /usr/bin/cmake /home/faith/Work/carto_ws/src/OrbbecSDK_ROS2/orbbec_description -DCMAKE_INSTALL_PREFIX=/home/faith/Work/carto_ws/install/orbbec_description
[0.511s] -- Found ament_cmake: 1.3.5 (/opt/ros/humble/share/ament_cmake/cmake)
[0.814s] -- Found ament_lint_auto: 0.12.6 (/opt/ros/humble/share/ament_lint_auto/cmake)
[0.963s] -- Added test 'copyright' to check source files copyright and LICENSE
[0.972s] -- Added test 'lint_cmake' to check CMake code style
[0.974s] -- Added test 'xmllint' to check XML markup files
[0.978s] -- Configuring done
[0.993s] -- Generating done
[0.997s] -- Build files have been written to: /home/faith/Work/carto_ws/build/orbbec_description
[1.011s] Invoked command in '/home/faith/Work/carto_ws/build/orbbec_description' returned '0': CMAKE_PREFIX_PATH=${CMAKE_PREFIX_PATH}:/home/faith/Work/carto_ws/install/fishbot_description:/opt/ros/humble /usr/bin/cmake /home/faith/Work/carto_ws/src/OrbbecSDK_ROS2/orbbec_description -DCMAKE_INSTALL_PREFIX=/home/faith/Work/carto_ws/install/orbbec_description
[1.014s] Invoking command in '/home/faith/Work/carto_ws/build/orbbec_description': CMAKE_PREFIX_PATH=${CMAKE_PREFIX_PATH}:/home/faith/Work/carto_ws/install/fishbot_description:/opt/ros/humble /usr/bin/cmake --build /home/faith/Work/carto_ws/build/orbbec_description -- -j8 -l8
[1.113s] Invoked command in '/home/faith/Work/carto_ws/build/orbbec_description' returned '0': CMAKE_PREFIX_PATH=${CMAKE_PREFIX_PATH}:/home/faith/Work/carto_ws/install/fishbot_description:/opt/ros/humble /usr/bin/cmake --build /home/faith/Work/carto_ws/build/orbbec_description -- -j8 -l8
[1.230s] Invoking command in '/home/faith/Work/carto_ws/build/orbbec_description': CMAKE_PREFIX_PATH=${CMAKE_PREFIX_PATH}:/home/faith/Work/carto_ws/install/fishbot_description:/opt/ros/humble /usr/bin/cmake --install /home/faith/Work/carto_ws/build/orbbec_description
[1.257s] -- Install configuration: "Release"
[1.258s] -- Up-to-date: /home/faith/Work/carto_ws/install/orbbec_description/share/ament_index/resource_index/package_run_dependencies/orbbec_description
[1.258s] -- Installing: /home/faith/Work/carto_ws/install/orbbec_description/share/ament_index/resource_index/parent_prefix_path/orbbec_description
[1.258s] -- Up-to-date: /home/faith/Work/carto_ws/install/orbbec_description/share/orbbec_description/environment/ament_prefix_path.sh
[1.259s] -- Installing: /home/faith/Work/carto_ws/install/orbbec_description/share/orbbec_description/environment/ament_prefix_path.dsv
[1.259s] -- Up-to-date: /home/faith/Work/carto_ws/install/orbbec_description/share/orbbec_description/environment/path.sh
[1.260s] -- Installing: /home/faith/Work/carto_ws/install/orbbec_description/share/orbbec_description/environment/path.dsv
[1.260s] -- Up-to-date: /home/faith/Work/carto_ws/install/orbbec_description/share/orbbec_description/local_setup.bash
[1.261s] -- Up-to-date: /home/faith/Work/carto_ws/install/orbbec_description/share/orbbec_description/local_setup.sh
[1.261s] -- Up-to-date: /home/faith/Work/carto_ws/install/orbbec_description/share/orbbec_description/local_setup.zsh
[1.262s] -- Installing: /home/faith/Work/carto_ws/install/orbbec_description/share/orbbec_description/local_setup.dsv
[1.262s] -- Installing: /home/faith/Work/carto_ws/install/orbbec_description/share/orbbec_description/package.dsv
[1.263s] -- Up-to-date: /home/faith/Work/carto_ws/install/orbbec_description/share/ament_index/resource_index/packages/orbbec_description
[1.264s] -- Up-to-date: /home/faith/Work/carto_ws/install/orbbec_description/share/orbbec_description/cmake/orbbec_descriptionConfig.cmake
[1.264s] -- Up-to-date: /home/faith/Work/carto_ws/install/orbbec_description/share/orbbec_description/cmake/orbbec_descriptionConfig-version.cmake
[1.264s] -- Up-to-date: /home/faith/Work/carto_ws/install/orbbec_description/share/orbbec_description/package.xml
[1.282s] Invoked command in '/home/faith/Work/carto_ws/build/orbbec_description' returned '0': CMAKE_PREFIX_PATH=${CMAKE_PREFIX_PATH}:/home/faith/Work/carto_ws/install/fishbot_description:/opt/ros/humble /usr/bin/cmake --install /home/faith/Work/carto_ws/build/orbbec_description
