[1.096s] Invoking command in '/home/faith/Work/carto_ws/src/city_li': PYTHONPATH=/home/faith/Work/carto_ws/build/city_li/prefix_override:/home/faith/Work/carto_ws/install/city_li/lib/python3.10/site-packages:${PYTHONPATH} /usr/bin/python3 setup.py egg_info --egg-base ../../build/city_li build --build-base /home/faith/Work/carto_ws/build/city_li/build install --record /home/faith/Work/carto_ws/build/city_li/install.log --single-version-externally-managed
[1.422s] running egg_info
[1.423s] writing ../../build/city_li/city_li.egg-info/PKG-INFO
[1.424s] writing dependency_links to ../../build/city_li/city_li.egg-info/dependency_links.txt
[1.424s] writing entry points to ../../build/city_li/city_li.egg-info/entry_points.txt
[1.424s] writing requirements to ../../build/city_li/city_li.egg-info/requires.txt
[1.425s] writing top-level names to ../../build/city_li/city_li.egg-info/top_level.txt
[1.427s] reading manifest file '../../build/city_li/city_li.egg-info/SOURCES.txt'
[1.429s] writing manifest file '../../build/city_li/city_li.egg-info/SOURCES.txt'
[1.429s] running build
[1.430s] running build_py
[1.430s] copying city_li/li4.py -> /home/faith/Work/carto_ws/build/city_li/build/lib/city_li
[1.430s] running install
[1.431s] /usr/lib/python3/dist-packages/setuptools/command/install.py:34: SetuptoolsDeprecationWarning: setup.py install is deprecated. Use build and pip and other standards-based tools.
[1.431s]   warnings.warn(
[1.431s] running install_lib
[1.432s] copying /home/faith/Work/carto_ws/build/city_li/build/lib/city_li/li4.py -> /home/faith/Work/carto_ws/install/city_li/lib/python3.10/site-packages/city_li
[1.432s] byte-compiling /home/faith/Work/carto_ws/install/city_li/lib/python3.10/site-packages/city_li/li4.py to li4.cpython-310.pyc
[1.433s] running install_data
[1.434s] running install_egg_info
[1.437s] removing '/home/faith/Work/carto_ws/install/city_li/lib/python3.10/site-packages/city_li-0.0.0-py3.10.egg-info' (and everything under it)
[1.437s] Copying ../../build/city_li/city_li.egg-info to /home/faith/Work/carto_ws/install/city_li/lib/python3.10/site-packages/city_li-0.0.0-py3.10.egg-info
[1.438s] running install_scripts
[1.473s] Installing li4_node script to /home/faith/Work/carto_ws/install/city_li/lib/city_li
[1.474s] writing list of installed files to '/home/faith/Work/carto_ws/build/city_li/install.log'
[1.539s] Invoked command in '/home/faith/Work/carto_ws/src/city_li' returned '0': PYTHONPATH=/home/faith/Work/carto_ws/build/city_li/prefix_override:/home/faith/Work/carto_ws/install/city_li/lib/python3.10/site-packages:${PYTHONPATH} /usr/bin/python3 setup.py egg_info --egg-base ../../build/city_li build --build-base /home/faith/Work/carto_ws/build/city_li/build install --record /home/faith/Work/carto_ws/build/city_li/install.log --single-version-externally-managed
