[0.053s] Invoking command in '/home/faith/Work/carto_ws/build/city_w': CMAKE_PREFIX_PATH=${CMAKE_PREFIX_PATH}:/home/faith/Work/carto_ws/install/yahboomcar_description:/home/faith/Work/carto_ws/install/fishbot_description:/home/faith/Work/carto_ws/install/city_li:/opt/ros/humble /usr/bin/cmake /home/faith/Work/carto_ws/src/city_w -DCMAKE_INSTALL_PREFIX=/home/faith/Work/carto_ws/install/city_w
[0.265s] -- The C compiler identification is GNU 11.3.0
[0.474s] -- The CXX compiler identification is GNU 11.3.0
[0.491s] -- Detecting C compiler ABI info
[0.709s] -- Detecting C compiler ABI info - done
[0.719s] -- Check for working C compiler: /usr/bin/cc - skipped
[0.722s] -- Detecting C compile features
[0.724s] -- Detecting C compile features - done
[0.730s] -- Detecting CXX compiler ABI info
[0.938s] -- Detecting CXX compiler ABI info - done
[0.979s] -- Check for working CXX compiler: /usr/bin/c++ - skipped
[0.980s] -- Detecting CXX compile features
[0.982s] -- Detecting CXX compile features - done
[0.996s] -- Found ament_cmake: 1.3.5 (/opt/ros/humble/share/ament_cmake/cmake)
[1.387s] -- Found Python3: /usr/bin/python3.10 (found version "3.10.6") found components: Interpreter 
[1.641s] -- Found rclcpp: 16.0.4 (/opt/ros/humble/share/rclcpp/cmake)
[1.743s] -- Found rosidl_generator_c: 3.1.4 (/opt/ros/humble/share/rosidl_generator_c/cmake)
[1.754s] -- Found rosidl_adapter: 3.1.4 (/opt/ros/humble/share/rosidl_adapter/cmake)
[1.774s] -- Found rosidl_generator_cpp: 3.1.4 (/opt/ros/humble/share/rosidl_generator_cpp/cmake)
[1.805s] -- Using all available rosidl_typesupport_c: rosidl_typesupport_fastrtps_c;rosidl_typesupport_introspection_c
[1.846s] -- Using all available rosidl_typesupport_cpp: rosidl_typesupport_fastrtps_cpp;rosidl_typesupport_introspection_cpp
[1.988s] -- Found rmw_implementation_cmake: 6.1.1 (/opt/ros/humble/share/rmw_implementation_cmake/cmake)
[1.995s] -- Found rmw_fastrtps_cpp: 6.2.2 (/opt/ros/humble/share/rmw_fastrtps_cpp/cmake)
[2.237s] -- Found OpenSSL: /usr/lib/aarch64-linux-gnu/libcrypto.so (found version "3.0.2")  
[2.288s] -- Found FastRTPS: /opt/ros/humble/include  
[2.386s] -- Using RMW implementation 'rmw_fastrtps_cpp' as default
[2.412s] -- Looking for pthread.h
[2.633s] -- Looking for pthread.h - found
[2.633s] -- Performing Test CMAKE_HAVE_LIBC_PTHREAD
[2.807s] -- Performing Test CMAKE_HAVE_LIBC_PTHREAD - Success
[2.811s] -- Found Threads: TRUE  
[3.125s] -- Found ament_lint_auto: 0.12.6 (/opt/ros/humble/share/ament_lint_auto/cmake)
[3.302s] -- Added test 'cppcheck' to perform static code analysis on C / C++ code
[3.303s] -- Configured cppcheck include dirs: 
[3.304s] -- Configured cppcheck exclude dirs and/or files: 
[3.304s] -- Added test 'lint_cmake' to check CMake code style
[3.305s] -- Added test 'uncrustify' to check C / C++ code style
[3.306s] -- Configured uncrustify additional arguments: 
[3.306s] -- Added test 'xmllint' to check XML markup files
[3.309s] [31mCMake Error at CMakeLists.txt:26 (add_executable):
[3.310s]   The target name "wang2_node," is reserved or not valid for certain CMake
[3.310s]   features, such as generator expressions, and may result in undefined
[3.310s]   behavior.
[3.310s] 
[3.310s] [0m
[3.310s] [31mCMake Error at /opt/ros/humble/share/ament_cmake_target_dependencies/cmake/ament_target_dependencies.cmake:42 (message):
[3.310s]   ament_target_dependencies() the first argument must be a valid target name
[3.310s] Call Stack (most recent call first):
[3.310s]   CMakeLists.txt:27 (ament_target_dependencies)
[3.310s] 
[3.310s] [0m
[3.310s] -- Configuring incomplete, errors occurred!
[3.311s] See also "/home/faith/Work/carto_ws/build/city_w/CMakeFiles/CMakeOutput.log".
[3.334s] Invoked command in '/home/faith/Work/carto_ws/build/city_w' returned '1': CMAKE_PREFIX_PATH=${CMAKE_PREFIX_PATH}:/home/faith/Work/carto_ws/install/yahboomcar_description:/home/faith/Work/carto_ws/install/fishbot_description:/home/faith/Work/carto_ws/install/city_li:/opt/ros/humble /usr/bin/cmake /home/faith/Work/carto_ws/src/city_w -DCMAKE_INSTALL_PREFIX=/home/faith/Work/carto_ws/install/city_w
