[0.032s] Invoking command in '/home/faith/Work/carto_ws/build/orbslam3': CMAKE_PREFIX_PATH=${CMAKE_PREFIX_PATH}:/home/faith/Work/carto_ws/install/fishbot_description:/opt/ros/humble /usr/bin/cmake /home/faith/Work/carto_ws/src/orbslam3_ros2 -DAMENT_CMAKE_SYMLINK_INSTALL=1 -DCMAKE_INSTALL_PREFIX=/home/faith/Work/carto_ws/install/orbslam3
[0.340s] -- The C compiler identification is GNU 11.3.0
[0.692s] -- The CXX compiler identification is GNU 11.3.0
[0.716s] -- Detecting C compiler ABI info
[0.974s] -- Detecting C compiler ABI info - done
[0.984s] -- Check for working C compiler: /usr/bin/cc - skipped
[0.985s] -- Detecting C compile features
[0.986s] -- Detecting C compile features - done
[0.991s] -- Detecting CXX compiler ABI info
[1.258s] -- Detecting CXX compiler ABI info - done
[1.292s] -- Check for working CXX compiler: /usr/bin/c++ - skipped
[1.295s] -- Detecting CXX compile features
[1.296s] -- Detecting CXX compile features - done
[1.314s] -- Found ament_cmake: 1.3.5 (/opt/ros/humble/share/ament_cmake/cmake)
[1.721s] -- Found Python3: /usr/bin/python3.10 (found version "3.10.6") found components: Interpreter 
[1.841s] -- Override CMake install command with custom implementation using symlinks instead of copying resources
[1.908s] -- Found rclcpp: 16.0.4 (/opt/ros/humble/share/rclcpp/cmake)
[1.990s] -- Found rosidl_generator_c: 3.1.4 (/opt/ros/humble/share/rosidl_generator_c/cmake)
[2.000s] -- Found rosidl_adapter: 3.1.4 (/opt/ros/humble/share/rosidl_adapter/cmake)
[2.016s] -- Found rosidl_generator_cpp: 3.1.4 (/opt/ros/humble/share/rosidl_generator_cpp/cmake)
[2.040s] -- Using all available rosidl_typesupport_c: rosidl_typesupport_fastrtps_c;rosidl_typesupport_introspection_c
[2.074s] -- Using all available rosidl_typesupport_cpp: rosidl_typesupport_fastrtps_cpp;rosidl_typesupport_introspection_cpp
[2.193s] -- Found rmw_implementation_cmake: 6.1.1 (/opt/ros/humble/share/rmw_implementation_cmake/cmake)
[2.198s] -- Found rmw_fastrtps_cpp: 6.2.2 (/opt/ros/humble/share/rmw_fastrtps_cpp/cmake)
[2.457s] -- Found OpenSSL: /usr/lib/aarch64-linux-gnu/libcrypto.so (found version "3.0.2")  
[2.521s] -- Found FastRTPS: /opt/ros/humble/include  
[2.619s] -- Using RMW implementation 'rmw_fastrtps_cpp' as default
[2.640s] -- Looking for pthread.h
[2.885s] -- Looking for pthread.h - found
[2.885s] -- Performing Test CMAKE_HAVE_LIBC_PTHREAD
[3.168s] -- Performing Test CMAKE_HAVE_LIBC_PTHREAD - Success
[3.172s] -- Found Threads: TRUE  
[3.451s] -- Found sensor_msgs: 4.2.3 (/opt/ros/humble/share/sensor_msgs/cmake)
[3.646s] -- Found cv_bridge: 3.2.1 (/opt/ros/humble/share/cv_bridge/cmake)
[3.676s] -- Found message_filters: 4.3.3 (/opt/ros/humble/share/message_filters/cmake)
[3.704s] [31mCMake Error at CMakeLists.txt:23 (find_package):
[3.704s]   By not providing "FindSophus.cmake" in CMAKE_MODULE_PATH this project has
[3.704s]   asked CMake to find a package configuration file provided by "Sophus", but
[3.704s]   CMake did not find one.
[3.704s] 
[3.704s]   Could not find a package configuration file provided by "Sophus" with any
[3.704s]   of the following names:
[3.704s] 
[3.704s]     SophusConfig.cmake
[3.705s]     sophus-config.cmake
[3.705s] 
[3.705s]   Add the installation prefix of "Sophus" to CMAKE_PREFIX_PATH or set
[3.705s]   "Sophus_DIR" to a directory containing one of the above files.  If "Sophus"
[3.705s]   provides a separate development package or SDK, be sure it has been
[3.705s]   installed.
[3.705s] 
[3.705s] [0m
[3.705s] -- Configuring incomplete, errors occurred!
[3.705s] See also "/home/faith/Work/carto_ws/build/orbslam3/CMakeFiles/CMakeOutput.log".
[3.738s] Invoked command in '/home/faith/Work/carto_ws/build/orbslam3' returned '1': CMAKE_PREFIX_PATH=${CMAKE_PREFIX_PATH}:/home/faith/Work/carto_ws/install/fishbot_description:/opt/ros/humble /usr/bin/cmake /home/faith/Work/carto_ws/src/orbslam3_ros2 -DAMENT_CMAKE_SYMLINK_INSTALL=1 -DCMAKE_INSTALL_PREFIX=/home/faith/Work/carto_ws/install/orbslam3
