[0.086s] Invoking command in '/home/faith/Work/carto_ws/build/faithbot_cartographer': CMAKE_PREFIX_PATH=${CMAKE_PREFIX_PATH}:/home/faith/Work/carto_ws/install/fishbot_description:/opt/ros/humble /usr/bin/cmake /home/faith/Work/carto_ws/src/faithbot_cartographer -DCMAKE_INSTALL_PREFIX=/home/faith/Work/carto_ws/install/faithbot_cartographer
[0.533s] -- Found ament_cmake: 1.3.5 (/opt/ros/humble/share/ament_cmake/cmake)
[0.533s] -- Found ament_lint_auto: 0.12.6 (/opt/ros/humble/share/ament_lint_auto/cmake)
[0.599s] -- Added test 'flake8' to check Python code syntax and style conventions
[0.603s] -- Added test 'lint_cmake' to check CMake code style
[0.605s] -- Added test 'pep257' to check Python code against some of the docstring style conventions in PEP 257
[0.616s] -- Added test 'xmllint' to check XML markup files
[0.622s] -- Configuring done
[0.638s] -- Generating done
[0.643s] -- Build files have been written to: /home/faith/Work/carto_ws/build/faithbot_cartographer
[0.657s] Invoked command in '/home/faith/Work/carto_ws/build/faithbot_cartographer' returned '0': CMAKE_PREFIX_PATH=${CMAKE_PREFIX_PATH}:/home/faith/Work/carto_ws/install/fishbot_description:/opt/ros/humble /usr/bin/cmake /home/faith/Work/carto_ws/src/faithbot_cartographer -DCMAKE_INSTALL_PREFIX=/home/faith/Work/carto_ws/install/faithbot_cartographer
[0.664s] Invoking command in '/home/faith/Work/carto_ws/build/faithbot_cartographer': CMAKE_PREFIX_PATH=${CMAKE_PREFIX_PATH}:/home/faith/Work/carto_ws/install/fishbot_description:/opt/ros/humble /usr/bin/cmake --build /home/faith/Work/carto_ws/build/faithbot_cartographer -- -j8 -l8
[1.295s] Invoked command in '/home/faith/Work/carto_ws/build/faithbot_cartographer' returned '0': CMAKE_PREFIX_PATH=${CMAKE_PREFIX_PATH}:/home/faith/Work/carto_ws/install/fishbot_description:/opt/ros/humble /usr/bin/cmake --build /home/faith/Work/carto_ws/build/faithbot_cartographer -- -j8 -l8
[1.379s] Invoking command in '/home/faith/Work/carto_ws/build/faithbot_cartographer': CMAKE_PREFIX_PATH=${CMAKE_PREFIX_PATH}:/home/faith/Work/carto_ws/install/fishbot_description:/opt/ros/humble /usr/bin/cmake --install /home/faith/Work/carto_ws/build/faithbot_cartographer
[1.668s] -- Install configuration: "Release"
[1.669s] -- Up-to-date: /home/faith/Work/carto_ws/install/faithbot_cartographer/share/ament_index/resource_index/package_run_dependencies/faithbot_cartographer
[1.671s] -- Installing: /home/faith/Work/carto_ws/install/faithbot_cartographer/share/ament_index/resource_index/parent_prefix_path/faithbot_cartographer
[1.675s] -- Up-to-date: /home/faith/Work/carto_ws/install/faithbot_cartographer/share/faithbot_cartographer/environment/ament_prefix_path.sh
[1.679s] -- Installing: /home/faith/Work/carto_ws/install/faithbot_cartographer/share/faithbot_cartographer/environment/ament_prefix_path.dsv
[1.680s] -- Up-to-date: /home/faith/Work/carto_ws/install/faithbot_cartographer/share/faithbot_cartographer/environment/path.sh
[1.682s] -- Installing: /home/faith/Work/carto_ws/install/faithbot_cartographer/share/faithbot_cartographer/environment/path.dsv
[1.683s] -- Up-to-date: /home/faith/Work/carto_ws/install/faithbot_cartographer/share/faithbot_cartographer/local_setup.bash
[1.687s] -- Up-to-date: /home/faith/Work/carto_ws/install/faithbot_cartographer/share/faithbot_cartographer/local_setup.sh
[1.688s] -- Up-to-date: /home/faith/Work/carto_ws/install/faithbot_cartographer/share/faithbot_cartographer/local_setup.zsh
[1.689s] -- Installing: /home/faith/Work/carto_ws/install/faithbot_cartographer/share/faithbot_cartographer/local_setup.dsv
[1.690s] -- Installing: /home/faith/Work/carto_ws/install/faithbot_cartographer/share/faithbot_cartographer/package.dsv
[1.691s] -- Up-to-date: /home/faith/Work/carto_ws/install/faithbot_cartographer/share/ament_index/resource_index/packages/faithbot_cartographer
[1.695s] -- Up-to-date: /home/faith/Work/carto_ws/install/faithbot_cartographer/share/faithbot_cartographer/cmake/faithbot_cartographerConfig.cmake
[1.698s] -- Up-to-date: /home/faith/Work/carto_ws/install/faithbot_cartographer/share/faithbot_cartographer/cmake/faithbot_cartographerConfig-version.cmake
[1.699s] -- Up-to-date: /home/faith/Work/carto_ws/install/faithbot_cartographer/share/faithbot_cartographer/package.xml
[1.700s] -- Up-to-date: /home/faith/Work/carto_ws/install/faithbot_cartographer/share/faithbot_cartographer/config
[1.700s] -- Up-to-date: /home/faith/Work/carto_ws/install/faithbot_cartographer/share/faithbot_cartographer/config/faithbot_2d.lua
[1.701s] -- Up-to-date: /home/faith/Work/carto_ws/install/faithbot_cartographer/share/faithbot_cartographer/config/faithbot.lua
[1.702s] -- Up-to-date: /home/faith/Work/carto_ws/install/faithbot_cartographer/share/faithbot_cartographer/launch
[1.703s] -- Up-to-date: /home/faith/Work/carto_ws/install/faithbot_cartographer/share/faithbot_cartographer/launch/cartographer.launch.py
[1.704s] -- Up-to-date: /home/faith/Work/carto_ws/install/faithbot_cartographer/share/faithbot_cartographer/rviz
[1.706s] -- Up-to-date: /home/faith/Work/carto_ws/install/faithbot_cartographer/share/faithbot_cartographer/rviz/cartographer.rviz
[1.763s] Invoked command in '/home/faith/Work/carto_ws/build/faithbot_cartographer' returned '0': CMAKE_PREFIX_PATH=${CMAKE_PREFIX_PATH}:/home/faith/Work/carto_ws/install/fishbot_description:/opt/ros/humble /usr/bin/cmake --install /home/faith/Work/carto_ws/build/faithbot_cartographer
