[0.030s] Invoking command in '/home/faith/Work/carto_ws/build/cartographer_ros': CMAKE_PREFIX_PATH=/home/faith/Work/carto_ws/install/cartographer_ros_msgs:/home/faith/Work/carto_ws/install/cartographer:/home/faith/Work/carto_ws/install/astra_camera:/home/faith/Work/carto_ws/install/astra_camera_msgs:/home/faith/Work/carto_ws/install/sllidar_ros2:/home/faith/Work/carto_ws/install/orbbec_description:/home/faith/Work/carto_ws/install/orbbec_camera:/home/faith/Work/carto_ws/install/orbbec_camera_msgs:/home/faith/Work/carto_ws/install/faithbot_cartographer:/home/faith/Work/carto_ws/install/cartographer_rviz:/home/faith/Work/carto_ws/install/cartographer_ros:/home/faith/Work/carto_ws/install/fishbot_description:/opt/ros/humble LD_LIBRARY_PATH=/home/faith/Work/carto_ws/install/cartographer_ros_msgs/lib:/home/faith/Work/carto_ws/install/astra_camera/lib:/home/faith/Work/carto_ws/install/astra_camera_msgs/lib:/home/faith/Work/carto_ws/install/orbbec_camera/lib:/home/faith/Work/carto_ws/install/orbbec_camera_msgs/lib:/home/faith/Work/carto_ws/install/cartographer_rviz/lib:/home/faith/Work/carto_ws/install/cartographer_ros/lib:/opt/ros/humble/opt/rviz_ogre_vendor/lib:/opt/ros/humble/lib/aarch64-linux-gnu:/opt/ros/humble/lib /usr/bin/cmake /home/faith/Work/carto_ws/src/cartographer_ros/cartographer_ros -DCMAKE_INSTALL_PREFIX=/home/faith/Work/carto_ws/install/cartographer_ros
[0.063s] -- Found ament_cmake: 1.3.5 (/opt/ros/humble/share/ament_cmake/cmake)
[0.381s] -- Found builtin_interfaces: 1.2.1 (/opt/ros/humble/share/builtin_interfaces/cmake)
[0.420s] -- Found rosidl_generator_c: 3.1.4 (/opt/ros/humble/share/rosidl_generator_c/cmake)
[0.423s] -- Found rosidl_adapter: 3.1.4 (/opt/ros/humble/share/rosidl_adapter/cmake)
[0.432s] -- Found rosidl_generator_cpp: 3.1.4 (/opt/ros/humble/share/rosidl_generator_cpp/cmake)
[0.451s] -- Using all available rosidl_typesupport_c: rosidl_typesupport_fastrtps_c;rosidl_typesupport_introspection_c
[0.478s] -- Using all available rosidl_typesupport_cpp: rosidl_typesupport_fastrtps_cpp;rosidl_typesupport_introspection_cpp
[0.504s] -- Found required Ceres dependency: Eigen version 3.4.0 in /usr/include/eigen3
[0.506s] -- Found required Ceres dependency: glog
[0.507s] -- Found required Ceres dependency: gflags
[0.507s] -- Found Ceres version: 2.0.0 installed in: /usr with components: [EigenSparse, SparseLinearAlgebraLibrary, LAPACK, SuiteSparse, CXSparse, SchurSpecializations, Multithreading]
[0.520s] -- Found cartographer_ros_msgs: 2.0.9001 (/home/faith/Work/carto_ws/install/cartographer_ros_msgs/share/cartographer_ros_msgs/cmake)
[0.851s] -- Eigen found (include: /usr/include/eigen3, version: 3.4.0)
[0.870s] -- looking for PCL_COMMON
[0.872s] -- Found nav_msgs: 4.2.3 (/opt/ros/humble/share/nav_msgs/cmake)
[1.004s] -- Found pcl_conversions: 2.4.0 (/opt/ros/humble/share/pcl_conversions/cmake)
[1.081s] -- Found rmw_implementation_cmake: 6.1.1 (/opt/ros/humble/share/rmw_implementation_cmake/cmake)
[1.083s] -- Found rmw_fastrtps_cpp: 6.2.2 (/opt/ros/humble/share/rmw_fastrtps_cpp/cmake)
[1.348s] -- Using RMW implementation 'rmw_fastrtps_cpp' as default
[1.929s] -- Found rosbag2_cpp: 0.15.6 (/opt/ros/humble/share/rosbag2_cpp/cmake)
[1.982s] -- Found tf2: 0.25.2 (/opt/ros/humble/share/tf2/cmake)
[1.993s] -- Found tf2_eigen: 0.25.2 (/opt/ros/humble/share/tf2_eigen/cmake)
[2.495s] -- Found urdf: 2.6.0 (/opt/ros/humble/share/urdf/cmake)
[2.508s] -- Found visualization_msgs: 4.2.3 (/opt/ros/humble/share/visualization_msgs/cmake)
[4.236s] -- Configuring done
[4.553s] -- Generating done
[4.558s] -- Build files have been written to: /home/faith/Work/carto_ws/build/cartographer_ros
[4.599s] Invoked command in '/home/faith/Work/carto_ws/build/cartographer_ros' returned '0': CMAKE_PREFIX_PATH=/home/faith/Work/carto_ws/install/cartographer_ros_msgs:/home/faith/Work/carto_ws/install/cartographer:/home/faith/Work/carto_ws/install/astra_camera:/home/faith/Work/carto_ws/install/astra_camera_msgs:/home/faith/Work/carto_ws/install/sllidar_ros2:/home/faith/Work/carto_ws/install/orbbec_description:/home/faith/Work/carto_ws/install/orbbec_camera:/home/faith/Work/carto_ws/install/orbbec_camera_msgs:/home/faith/Work/carto_ws/install/faithbot_cartographer:/home/faith/Work/carto_ws/install/cartographer_rviz:/home/faith/Work/carto_ws/install/cartographer_ros:/home/faith/Work/carto_ws/install/fishbot_description:/opt/ros/humble LD_LIBRARY_PATH=/home/faith/Work/carto_ws/install/cartographer_ros_msgs/lib:/home/faith/Work/carto_ws/install/astra_camera/lib:/home/faith/Work/carto_ws/install/astra_camera_msgs/lib:/home/faith/Work/carto_ws/install/orbbec_camera/lib:/home/faith/Work/carto_ws/install/orbbec_camera_msgs/lib:/home/faith/Work/carto_ws/install/cartographer_rviz/lib:/home/faith/Work/carto_ws/install/cartographer_ros/lib:/opt/ros/humble/opt/rviz_ogre_vendor/lib:/opt/ros/humble/lib/aarch64-linux-gnu:/opt/ros/humble/lib /usr/bin/cmake /home/faith/Work/carto_ws/src/cartographer_ros/cartographer_ros -DCMAKE_INSTALL_PREFIX=/home/faith/Work/carto_ws/install/cartographer_ros
[4.607s] Invoking command in '/home/faith/Work/carto_ws/build/cartographer_ros': CMAKE_PREFIX_PATH=/home/faith/Work/carto_ws/install/cartographer_ros_msgs:/home/faith/Work/carto_ws/install/cartographer:/home/faith/Work/carto_ws/install/astra_camera:/home/faith/Work/carto_ws/install/astra_camera_msgs:/home/faith/Work/carto_ws/install/sllidar_ros2:/home/faith/Work/carto_ws/install/orbbec_description:/home/faith/Work/carto_ws/install/orbbec_camera:/home/faith/Work/carto_ws/install/orbbec_camera_msgs:/home/faith/Work/carto_ws/install/faithbot_cartographer:/home/faith/Work/carto_ws/install/cartographer_rviz:/home/faith/Work/carto_ws/install/cartographer_ros:/home/faith/Work/carto_ws/install/fishbot_description:/opt/ros/humble LD_LIBRARY_PATH=/home/faith/Work/carto_ws/install/cartographer_ros_msgs/lib:/home/faith/Work/carto_ws/install/astra_camera/lib:/home/faith/Work/carto_ws/install/astra_camera_msgs/lib:/home/faith/Work/carto_ws/install/orbbec_camera/lib:/home/faith/Work/carto_ws/install/orbbec_camera_msgs/lib:/home/faith/Work/carto_ws/install/cartographer_rviz/lib:/home/faith/Work/carto_ws/install/cartographer_ros/lib:/opt/ros/humble/opt/rviz_ogre_vendor/lib:/opt/ros/humble/lib/aarch64-linux-gnu:/opt/ros/humble/lib /usr/bin/cmake --build /home/faith/Work/carto_ws/build/cartographer_ros -- -j8 -l8
[4.780s] [35m[1mConsolidate compiler generated dependencies of target cartographer_ros[0m
[4.979s] [ 60%] Built target cartographer_ros
[5.003s] [35m[1mConsolidate compiler generated dependencies of target cartographer_pbstream_to_ros_map[0m
[5.004s] [35m[1mConsolidate compiler generated dependencies of target cartographer_assets_writer[0m
[5.005s] [35m[1mConsolidate compiler generated dependencies of target cartographer_offline_node[0m
[5.006s] [35m[1mConsolidate compiler generated dependencies of target cartographer_rosbag_validate[0m
[5.029s] [35m[1mConsolidate compiler generated dependencies of target cartographer_occupancy_grid_node[0m
[5.029s] [35m[1mConsolidate compiler generated dependencies of target cartographer_node[0m
[5.038s] [35m[1mConsolidate compiler generated dependencies of target cartographer_pbstream_map_publisher[0m
[5.047s] [ 71%] Built target cartographer_offline_node
[5.048s] [ 71%] Built target cartographer_pbstream_to_ros_map
[5.054s] [ 77%] Built target cartographer_assets_writer
[5.083s] [ 82%] Built target cartographer_rosbag_validate
[5.086s] [ 88%] Built target cartographer_pbstream_map_publisher
[5.108s] [ 94%] Built target cartographer_occupancy_grid_node
[5.110s] [100%] Built target cartographer_node
[5.150s] Invoked command in '/home/faith/Work/carto_ws/build/cartographer_ros' returned '0': CMAKE_PREFIX_PATH=/home/faith/Work/carto_ws/install/cartographer_ros_msgs:/home/faith/Work/carto_ws/install/cartographer:/home/faith/Work/carto_ws/install/astra_camera:/home/faith/Work/carto_ws/install/astra_camera_msgs:/home/faith/Work/carto_ws/install/sllidar_ros2:/home/faith/Work/carto_ws/install/orbbec_description:/home/faith/Work/carto_ws/install/orbbec_camera:/home/faith/Work/carto_ws/install/orbbec_camera_msgs:/home/faith/Work/carto_ws/install/faithbot_cartographer:/home/faith/Work/carto_ws/install/cartographer_rviz:/home/faith/Work/carto_ws/install/cartographer_ros:/home/faith/Work/carto_ws/install/fishbot_description:/opt/ros/humble LD_LIBRARY_PATH=/home/faith/Work/carto_ws/install/cartographer_ros_msgs/lib:/home/faith/Work/carto_ws/install/astra_camera/lib:/home/faith/Work/carto_ws/install/astra_camera_msgs/lib:/home/faith/Work/carto_ws/install/orbbec_camera/lib:/home/faith/Work/carto_ws/install/orbbec_camera_msgs/lib:/home/faith/Work/carto_ws/install/cartographer_rviz/lib:/home/faith/Work/carto_ws/install/cartographer_ros/lib:/opt/ros/humble/opt/rviz_ogre_vendor/lib:/opt/ros/humble/lib/aarch64-linux-gnu:/opt/ros/humble/lib /usr/bin/cmake --build /home/faith/Work/carto_ws/build/cartographer_ros -- -j8 -l8
[5.416s] Invoking command in '/home/faith/Work/carto_ws/build/cartographer_ros': CMAKE_PREFIX_PATH=/home/faith/Work/carto_ws/install/cartographer_ros_msgs:/home/faith/Work/carto_ws/install/cartographer:/home/faith/Work/carto_ws/install/astra_camera:/home/faith/Work/carto_ws/install/astra_camera_msgs:/home/faith/Work/carto_ws/install/sllidar_ros2:/home/faith/Work/carto_ws/install/orbbec_description:/home/faith/Work/carto_ws/install/orbbec_camera:/home/faith/Work/carto_ws/install/orbbec_camera_msgs:/home/faith/Work/carto_ws/install/faithbot_cartographer:/home/faith/Work/carto_ws/install/cartographer_rviz:/home/faith/Work/carto_ws/install/cartographer_ros:/home/faith/Work/carto_ws/install/fishbot_description:/opt/ros/humble LD_LIBRARY_PATH=/home/faith/Work/carto_ws/install/cartographer_ros_msgs/lib:/home/faith/Work/carto_ws/install/astra_camera/lib:/home/faith/Work/carto_ws/install/astra_camera_msgs/lib:/home/faith/Work/carto_ws/install/orbbec_camera/lib:/home/faith/Work/carto_ws/install/orbbec_camera_msgs/lib:/home/faith/Work/carto_ws/install/cartographer_rviz/lib:/home/faith/Work/carto_ws/install/cartographer_ros/lib:/opt/ros/humble/opt/rviz_ogre_vendor/lib:/opt/ros/humble/lib/aarch64-linux-gnu:/opt/ros/humble/lib /usr/bin/cmake --install /home/faith/Work/carto_ws/build/cartographer_ros
[5.451s] -- Install configuration: "Release"
[5.452s] -- Up-to-date: /home/faith/Work/carto_ws/install/cartographer_ros/lib/libcartographer_ros.a
[5.452s] -- Up-to-date: /home/faith/Work/carto_ws/install/cartographer_ros/lib/cartographer_ros/cartographer_node
[5.453s] -- Up-to-date: /home/faith/Work/carto_ws/install/cartographer_ros/lib/cartographer_ros/cartographer_occupancy_grid_node
[5.453s] -- Up-to-date: /home/faith/Work/carto_ws/install/cartographer_ros/lib/cartographer_ros/cartographer_offline_node
[5.454s] -- Up-to-date: /home/faith/Work/carto_ws/install/cartographer_ros/lib/cartographer_ros/cartographer_assets_writer
[5.455s] -- Up-to-date: /home/faith/Work/carto_ws/install/cartographer_ros/lib/cartographer_ros/cartographer_pbstream_map_publisher
[5.456s] -- Up-to-date: /home/faith/Work/carto_ws/install/cartographer_ros/lib/cartographer_ros/cartographer_pbstream_to_ros_map
[5.456s] -- Up-to-date: /home/faith/Work/carto_ws/install/cartographer_ros/lib/cartographer_ros/cartographer_rosbag_validate
[5.456s] -- Up-to-date: /home/faith/Work/carto_ws/install/cartographer_ros/include/
[5.457s] -- Up-to-date: /home/faith/Work/carto_ws/install/cartographer_ros/include//cartographer_ros
[5.457s] -- Up-to-date: /home/faith/Work/carto_ws/install/cartographer_ros/include//cartographer_ros/playable_bag.h
[5.458s] -- Up-to-date: /home/faith/Work/carto_ws/install/cartographer_ros/include//cartographer_ros/assets_writer.h
[5.458s] -- Up-to-date: /home/faith/Work/carto_ws/install/cartographer_ros/include//cartographer_ros/submap.h
[5.458s] -- Up-to-date: /home/faith/Work/carto_ws/install/cartographer_ros/include//cartographer_ros/ros_map_writing_points_processor.h
[5.459s] -- Up-to-date: /home/faith/Work/carto_ws/install/cartographer_ros/include//cartographer_ros/sensor_bridge.h
[5.459s] -- Up-to-date: /home/faith/Work/carto_ws/install/cartographer_ros/include//cartographer_ros/time_conversion.h
[5.459s] -- Up-to-date: /home/faith/Work/carto_ws/install/cartographer_ros/include//cartographer_ros/node_options.h
[5.460s] -- Up-to-date: /home/faith/Work/carto_ws/install/cartographer_ros/include//cartographer_ros/offline_node.h
[5.461s] -- Up-to-date: /home/faith/Work/carto_ws/install/cartographer_ros/include//cartographer_ros/ros_map.h
[5.461s] -- Up-to-date: /home/faith/Work/carto_ws/install/cartographer_ros/include//cartographer_ros/ros_log_sink.h
[5.461s] -- Up-to-date: /home/faith/Work/carto_ws/install/cartographer_ros/include//cartographer_ros/tf_bridge.h
[5.462s] -- Up-to-date: /home/faith/Work/carto_ws/install/cartographer_ros/include//cartographer_ros/node.h
[5.462s] -- Up-to-date: /home/faith/Work/carto_ws/install/cartographer_ros/include//cartographer_ros/node_constants.h
[5.462s] -- Up-to-date: /home/faith/Work/carto_ws/install/cartographer_ros/include//cartographer_ros/metrics
[5.463s] -- Up-to-date: /home/faith/Work/carto_ws/install/cartographer_ros/include//cartographer_ros/metrics/internal
[5.463s] -- Up-to-date: /home/faith/Work/carto_ws/install/cartographer_ros/include//cartographer_ros/metrics/internal/family.h
[5.463s] -- Up-to-date: /home/faith/Work/carto_ws/install/cartographer_ros/include//cartographer_ros/metrics/internal/histogram.h
[5.464s] -- Up-to-date: /home/faith/Work/carto_ws/install/cartographer_ros/include//cartographer_ros/metrics/internal/gauge.h
[5.464s] -- Up-to-date: /home/faith/Work/carto_ws/install/cartographer_ros/include//cartographer_ros/metrics/internal/counter.h
[5.464s] -- Up-to-date: /home/faith/Work/carto_ws/install/cartographer_ros/include//cartographer_ros/metrics/family_factory.h
[5.465s] -- Up-to-date: /home/faith/Work/carto_ws/install/cartographer_ros/include//cartographer_ros/msg_conversion.h
[5.465s] -- Up-to-date: /home/faith/Work/carto_ws/install/cartographer_ros/include//cartographer_ros/urdf_reader.h
[5.466s] -- Up-to-date: /home/faith/Work/carto_ws/install/cartographer_ros/include//cartographer_ros/trajectory_options.h
[5.466s] -- Up-to-date: /home/faith/Work/carto_ws/install/cartographer_ros/include//cartographer_ros/map_builder_bridge.h
[5.466s] -- Up-to-date: /home/faith/Work/carto_ws/install/cartographer_ros/share/cartographer_ros//configuration_files
[5.467s] -- Up-to-date: /home/faith/Work/carto_ws/install/cartographer_ros/share/cartographer_ros//configuration_files/revo_lds.lua
[5.467s] -- Up-to-date: /home/faith/Work/carto_ws/install/cartographer_ros/share/cartographer_ros//configuration_files/taurob_tracker.lua
[5.467s] -- Up-to-date: /home/faith/Work/carto_ws/install/cartographer_ros/share/cartographer_ros//configuration_files/backpack_3d.lua
[5.468s] -- Up-to-date: /home/faith/Work/carto_ws/install/cartographer_ros/share/cartographer_ros//configuration_files/assets_writer_ros_map.lua
[5.468s] -- Up-to-date: /home/faith/Work/carto_ws/install/cartographer_ros/share/cartographer_ros//configuration_files/backpack_2d_server.lua
[5.468s] -- Up-to-date: /home/faith/Work/carto_ws/install/cartographer_ros/share/cartographer_ros//configuration_files/mir-100-mapping.lua
[5.469s] -- Up-to-date: /home/faith/Work/carto_ws/install/cartographer_ros/share/cartographer_ros//configuration_files/pr2.lua
[5.469s] -- Up-to-date: /home/faith/Work/carto_ws/install/cartographer_ros/share/cartographer_ros//configuration_files/backpack_2d.lua
[5.469s] -- Up-to-date: /home/faith/Work/carto_ws/install/cartographer_ros/share/cartographer_ros//configuration_files/visualize_pbstream.lua
[5.470s] -- Up-to-date: /home/faith/Work/carto_ws/install/cartographer_ros/share/cartographer_ros//configuration_files/assets_writer_backpack_3d.lua
[5.470s] -- Up-to-date: /home/faith/Work/carto_ws/install/cartographer_ros/share/cartographer_ros//configuration_files/demo_3d.rviz
[5.471s] -- Up-to-date: /home/faith/Work/carto_ws/install/cartographer_ros/share/cartographer_ros//configuration_files/assets_writer_backpack_2d.lua
[5.471s] -- Up-to-date: /home/faith/Work/carto_ws/install/cartographer_ros/share/cartographer_ros//configuration_files/backpack_2d_localization.lua
[5.471s] -- Up-to-date: /home/faith/Work/carto_ws/install/cartographer_ros/share/cartographer_ros//configuration_files/backpack_3d_localization.lua
[5.472s] -- Up-to-date: /home/faith/Work/carto_ws/install/cartographer_ros/share/cartographer_ros//configuration_files/demo_2d.rviz
[5.472s] -- Up-to-date: /home/faith/Work/carto_ws/install/cartographer_ros/share/cartographer_ros//configuration_files/transform.lua
[5.472s] -- Up-to-date: /home/faith/Work/carto_ws/install/cartographer_ros/share/cartographer_ros//configuration_files/assets_writer_backpack_2d_ci.lua
[5.473s] -- Up-to-date: /home/faith/Work/carto_ws/install/cartographer_ros/share/cartographer_ros//configuration_files/backpack_2d_localization_evaluation.lua
[5.473s] -- Up-to-date: /home/faith/Work/carto_ws/install/cartographer_ros/share/cartographer_ros//urdf
[5.475s] -- Up-to-date: /home/faith/Work/carto_ws/install/cartographer_ros/share/cartographer_ros//urdf/mir-100.urdf
[5.486s] -- Up-to-date: /home/faith/Work/carto_ws/install/cartographer_ros/share/cartographer_ros//urdf/backpack_2d.urdf
[5.490s] -- Up-to-date: /home/faith/Work/carto_ws/install/cartographer_ros/share/cartographer_ros//urdf/backpack_3d.urdf
[5.491s] -- Up-to-date: /home/faith/Work/carto_ws/install/cartographer_ros/share/cartographer_ros//launch
[5.491s] -- Up-to-date: /home/faith/Work/carto_ws/install/cartographer_ros/share/cartographer_ros//launch/assets_writer_backpack_2d.launch.py
[5.492s] -- Up-to-date: /home/faith/Work/carto_ws/install/cartographer_ros/share/cartographer_ros//launch/grpc_demo_backpack_2d_localization.launch
[5.492s] -- Up-to-date: /home/faith/Work/carto_ws/install/cartographer_ros/share/cartographer_ros//launch/grpc_demo_backpack_2d.launch
[5.493s] -- Up-to-date: /home/faith/Work/carto_ws/install/cartographer_ros/share/cartographer_ros//launch/offline_node.launch.py
[5.494s] -- Up-to-date: /home/faith/Work/carto_ws/install/cartographer_ros/share/cartographer_ros//launch/demo_backpack_2d_localization.launch.py
[5.494s] -- Up-to-date: /home/faith/Work/carto_ws/install/cartographer_ros/share/cartographer_ros//launch/demo_backpack_2d.launch.py
[5.495s] -- Up-to-date: /home/faith/Work/carto_ws/install/cartographer_ros/share/cartographer_ros//launch/demo_backpack_3d.launch.py
[5.496s] -- Up-to-date: /home/faith/Work/carto_ws/install/cartographer_ros/share/cartographer_ros//launch/visualize_pbstream.launch.py
[5.496s] -- Up-to-date: /home/faith/Work/carto_ws/install/cartographer_ros/share/cartographer_ros//launch/demo_pr2.launch
[5.497s] -- Up-to-date: /home/faith/Work/carto_ws/install/cartographer_ros/share/cartographer_ros//launch/assets_writer_backpack_3d.launch.py
[5.498s] -- Up-to-date: /home/faith/Work/carto_ws/install/cartographer_ros/share/cartographer_ros//launch/offline_backpack_2d.launch.py
[5.500s] -- Up-to-date: /home/faith/Work/carto_ws/install/cartographer_ros/share/cartographer_ros//launch/demo_taurob_tracker.launch.py
[5.501s] -- Up-to-date: /home/faith/Work/carto_ws/install/cartographer_ros/share/cartographer_ros//launch/backpack_3d.launch.py
[5.501s] -- Up-to-date: /home/faith/Work/carto_ws/install/cartographer_ros/share/cartographer_ros//launch/offline_backpack_3d.launch.py
[5.502s] -- Up-to-date: /home/faith/Work/carto_ws/install/cartographer_ros/share/cartographer_ros//launch/taurob_tracker.launch.py
[5.502s] -- Up-to-date: /home/faith/Work/carto_ws/install/cartographer_ros/share/cartographer_ros//launch/offline_mir_100_rviz.launch.py
[5.503s] -- Up-to-date: /home/faith/Work/carto_ws/install/cartographer_ros/share/cartographer_ros//launch/backpack_2d.launch.py
[5.503s] -- Up-to-date: /home/faith/Work/carto_ws/install/cartographer_ros/share/cartographer_ros//launch/assets_writer_ros_map.launch.py
[5.504s] -- Up-to-date: /home/faith/Work/carto_ws/install/cartographer_ros/share/cartographer_ros//launch/demo_backpack_3d_localization.launch.py
[5.504s] -- Up-to-date: /home/faith/Work/carto_ws/install/cartographer_ros/share/cartographer_ros//launch/demo_revo_lds.launch.py
[5.505s] -- Up-to-date: /home/faith/Work/carto_ws/install/cartographer_ros/share/cartographer_ros/environment/library_path.sh
[5.513s] -- Installing: /home/faith/Work/carto_ws/install/cartographer_ros/share/cartographer_ros/environment/library_path.dsv
[5.514s] -- Up-to-date: /home/faith/Work/carto_ws/install/cartographer_ros/share/ament_index/resource_index/package_run_dependencies/cartographer_ros
[5.515s] -- Installing: /home/faith/Work/carto_ws/install/cartographer_ros/share/ament_index/resource_index/parent_prefix_path/cartographer_ros
[5.515s] -- Up-to-date: /home/faith/Work/carto_ws/install/cartographer_ros/share/cartographer_ros/environment/ament_prefix_path.sh
[5.516s] -- Installing: /home/faith/Work/carto_ws/install/cartographer_ros/share/cartographer_ros/environment/ament_prefix_path.dsv
[5.517s] -- Up-to-date: /home/faith/Work/carto_ws/install/cartographer_ros/share/cartographer_ros/environment/path.sh
[5.518s] -- Installing: /home/faith/Work/carto_ws/install/cartographer_ros/share/cartographer_ros/environment/path.dsv
[5.518s] -- Up-to-date: /home/faith/Work/carto_ws/install/cartographer_ros/share/cartographer_ros/local_setup.bash
[5.519s] -- Up-to-date: /home/faith/Work/carto_ws/install/cartographer_ros/share/cartographer_ros/local_setup.sh
[5.520s] -- Up-to-date: /home/faith/Work/carto_ws/install/cartographer_ros/share/cartographer_ros/local_setup.zsh
[5.521s] -- Installing: /home/faith/Work/carto_ws/install/cartographer_ros/share/cartographer_ros/local_setup.dsv
[5.522s] -- Installing: /home/faith/Work/carto_ws/install/cartographer_ros/share/cartographer_ros/package.dsv
[5.523s] -- Up-to-date: /home/faith/Work/carto_ws/install/cartographer_ros/share/ament_index/resource_index/packages/cartographer_ros
[5.523s] -- Up-to-date: /home/faith/Work/carto_ws/install/cartographer_ros/share/cartographer_ros/cmake/ament_cmake_export_include_directories-extras.cmake
[5.525s] -- Up-to-date: /home/faith/Work/carto_ws/install/cartographer_ros/share/cartographer_ros/cmake/ament_cmake_export_libraries-extras.cmake
[5.532s] -- Up-to-date: /home/faith/Work/carto_ws/install/cartographer_ros/share/cartographer_ros/cmake/ament_cmake_export_dependencies-extras.cmake
[5.536s] -- Up-to-date: /home/faith/Work/carto_ws/install/cartographer_ros/share/cartographer_ros/cmake/cartographer_rosConfig.cmake
[5.536s] -- Up-to-date: /home/faith/Work/carto_ws/install/cartographer_ros/share/cartographer_ros/cmake/cartographer_rosConfig-version.cmake
[5.538s] -- Up-to-date: /home/faith/Work/carto_ws/install/cartographer_ros/share/cartographer_ros/package.xml
[5.539s] Invoked command in '/home/faith/Work/carto_ws/build/cartographer_ros' returned '0': CMAKE_PREFIX_PATH=/home/faith/Work/carto_ws/install/cartographer_ros_msgs:/home/faith/Work/carto_ws/install/cartographer:/home/faith/Work/carto_ws/install/astra_camera:/home/faith/Work/carto_ws/install/astra_camera_msgs:/home/faith/Work/carto_ws/install/sllidar_ros2:/home/faith/Work/carto_ws/install/orbbec_description:/home/faith/Work/carto_ws/install/orbbec_camera:/home/faith/Work/carto_ws/install/orbbec_camera_msgs:/home/faith/Work/carto_ws/install/faithbot_cartographer:/home/faith/Work/carto_ws/install/cartographer_rviz:/home/faith/Work/carto_ws/install/cartographer_ros:/home/faith/Work/carto_ws/install/fishbot_description:/opt/ros/humble LD_LIBRARY_PATH=/home/faith/Work/carto_ws/install/cartographer_ros_msgs/lib:/home/faith/Work/carto_ws/install/astra_camera/lib:/home/faith/Work/carto_ws/install/astra_camera_msgs/lib:/home/faith/Work/carto_ws/install/orbbec_camera/lib:/home/faith/Work/carto_ws/install/orbbec_camera_msgs/lib:/home/faith/Work/carto_ws/install/cartographer_rviz/lib:/home/faith/Work/carto_ws/install/cartographer_ros/lib:/opt/ros/humble/opt/rviz_ogre_vendor/lib:/opt/ros/humble/lib/aarch64-linux-gnu:/opt/ros/humble/lib /usr/bin/cmake --install /home/faith/Work/carto_ws/build/cartographer_ros
