[1.330s] Invoking command in '/home/faith/Work/carto_ws/src/faithcar_ctrl': PYTHONPATH=/home/faith/Work/carto_ws/build/faithcar_ctrl/prefix_override:/home/faith/Work/carto_ws/install/faithcar_ctrl/lib/python3.10/site-packages:${PYTHONPATH} /usr/bin/python3 setup.py egg_info --egg-base ../../build/faithcar_ctrl build --build-base /home/faith/Work/carto_ws/build/faithcar_ctrl/build install --record /home/faith/Work/carto_ws/build/faithcar_ctrl/install.log --single-version-externally-managed
[1.682s] running egg_info
[1.683s] writing ../../build/faithcar_ctrl/faithcar_ctrl.egg-info/PKG-INFO
[1.683s] writing dependency_links to ../../build/faithcar_ctrl/faithcar_ctrl.egg-info/dependency_links.txt
[1.683s] writing entry points to ../../build/faithcar_ctrl/faithcar_ctrl.egg-info/entry_points.txt
[1.684s] writing requirements to ../../build/faithcar_ctrl/faithcar_ctrl.egg-info/requires.txt
[1.684s] writing top-level names to ../../build/faithcar_ctrl/faithcar_ctrl.egg-info/top_level.txt
[1.688s] reading manifest file '../../build/faithcar_ctrl/faithcar_ctrl.egg-info/SOURCES.txt'
[1.689s] writing manifest file '../../build/faithcar_ctrl/faithcar_ctrl.egg-info/SOURCES.txt'
[1.689s] running build
[1.690s] running build_py
[1.690s] copying faithcar_ctrl/keyboard_ctrl.py -> /home/faith/Work/carto_ws/build/faithcar_ctrl/build/lib/faithcar_ctrl
[1.691s] running install
[1.691s] /usr/lib/python3/dist-packages/setuptools/command/install.py:34: SetuptoolsDeprecationWarning: setup.py install is deprecated. Use build and pip and other standards-based tools.
[1.692s]   warnings.warn(
[1.692s] running install_lib
[1.693s] copying /home/faith/Work/carto_ws/build/faithcar_ctrl/build/lib/faithcar_ctrl/keyboard_ctrl.py -> /home/faith/Work/carto_ws/install/faithcar_ctrl/lib/python3.10/site-packages/faithcar_ctrl
[1.694s] byte-compiling /home/faith/Work/carto_ws/install/faithcar_ctrl/lib/python3.10/site-packages/faithcar_ctrl/keyboard_ctrl.py to keyboard_ctrl.cpython-310.pyc
[1.696s] running install_data
[1.697s] running install_egg_info
[1.700s] removing '/home/faith/Work/carto_ws/install/faithcar_ctrl/lib/python3.10/site-packages/faithcar_ctrl-0.0.0-py3.10.egg-info' (and everything under it)
[1.701s] Copying ../../build/faithcar_ctrl/faithcar_ctrl.egg-info to /home/faith/Work/carto_ws/install/faithcar_ctrl/lib/python3.10/site-packages/faithcar_ctrl-0.0.0-py3.10.egg-info
[1.702s] running install_scripts
[1.754s] Installing key_publisher script to /home/faith/Work/carto_ws/install/faithcar_ctrl/lib/faithcar_ctrl
[1.755s] writing list of installed files to '/home/faith/Work/carto_ws/build/faithcar_ctrl/install.log'
[1.830s] Invoked command in '/home/faith/Work/carto_ws/src/faithcar_ctrl' returned '0': PYTHONPATH=/home/faith/Work/carto_ws/build/faithcar_ctrl/prefix_override:/home/faith/Work/carto_ws/install/faithcar_ctrl/lib/python3.10/site-packages:${PYTHONPATH} /usr/bin/python3 setup.py egg_info --egg-base ../../build/faithcar_ctrl build --build-base /home/faith/Work/carto_ws/build/faithcar_ctrl/build install --record /home/faith/Work/carto_ws/build/faithcar_ctrl/install.log --single-version-externally-managed
