[0.485s] Invoking command in '/home/faith/Work/carto_ws/build/orbbec_description': CMAKE_PREFIX_PATH=${CMAKE_PREFIX_PATH}:/home/faith/Work/carto_ws/install/fishbot_description:/opt/ros/humble /usr/bin/cmake /home/faith/Work/carto_ws/src/OrbbecSDK_ROS2/orbbec_description -DCMAKE_INSTALL_PREFIX=/home/faith/Work/carto_ws/install/orbbec_description
[0.532s] -- Found ament_cmake: 1.3.5 (/opt/ros/humble/share/ament_cmake/cmake)
[1.036s] -- Found ament_lint_auto: 0.12.6 (/opt/ros/humble/share/ament_lint_auto/cmake)
[1.436s] -- Added test 'copyright' to check source files copyright and LICENSE
[1.445s] -- Added test 'lint_cmake' to check CMake code style
[1.450s] -- Added test 'xmllint' to check XML markup files
[1.453s] -- Configuring done
[1.465s] -- Generating done
[1.470s] -- Build files have been written to: /home/faith/Work/carto_ws/build/orbbec_description
[1.501s] Invoked command in '/home/faith/Work/carto_ws/build/orbbec_description' returned '0': CMAKE_PREFIX_PATH=${CMAKE_PREFIX_PATH}:/home/faith/Work/carto_ws/install/fishbot_description:/opt/ros/humble /usr/bin/cmake /home/faith/Work/carto_ws/src/OrbbecSDK_ROS2/orbbec_description -DCMAKE_INSTALL_PREFIX=/home/faith/Work/carto_ws/install/orbbec_description
[1.503s] Invoking command in '/home/faith/Work/carto_ws/build/orbbec_description': CMAKE_PREFIX_PATH=${CMAKE_PREFIX_PATH}:/home/faith/Work/carto_ws/install/fishbot_description:/opt/ros/humble /usr/bin/cmake --build /home/faith/Work/carto_ws/build/orbbec_description -- -j8 -l8
[1.915s] Invoked command in '/home/faith/Work/carto_ws/build/orbbec_description' returned '0': CMAKE_PREFIX_PATH=${CMAKE_PREFIX_PATH}:/home/faith/Work/carto_ws/install/fishbot_description:/opt/ros/humble /usr/bin/cmake --build /home/faith/Work/carto_ws/build/orbbec_description -- -j8 -l8
[2.015s] Invoking command in '/home/faith/Work/carto_ws/build/orbbec_description': CMAKE_PREFIX_PATH=${CMAKE_PREFIX_PATH}:/home/faith/Work/carto_ws/install/fishbot_description:/opt/ros/humble /usr/bin/cmake --install /home/faith/Work/carto_ws/build/orbbec_description
[2.043s] -- Install configuration: "Release"
[2.043s] -- Up-to-date: /home/faith/Work/carto_ws/install/orbbec_description/share/ament_index/resource_index/package_run_dependencies/orbbec_description
[2.044s] -- Up-to-date: /home/faith/Work/carto_ws/install/orbbec_description/share/ament_index/resource_index/parent_prefix_path/orbbec_description
[2.045s] -- Up-to-date: /home/faith/Work/carto_ws/install/orbbec_description/share/orbbec_description/environment/ament_prefix_path.sh
[2.045s] -- Installing: /home/faith/Work/carto_ws/install/orbbec_description/share/orbbec_description/environment/ament_prefix_path.dsv
[2.046s] -- Up-to-date: /home/faith/Work/carto_ws/install/orbbec_description/share/orbbec_description/environment/path.sh
[2.046s] -- Installing: /home/faith/Work/carto_ws/install/orbbec_description/share/orbbec_description/environment/path.dsv
[2.047s] -- Up-to-date: /home/faith/Work/carto_ws/install/orbbec_description/share/orbbec_description/local_setup.bash
[2.047s] -- Up-to-date: /home/faith/Work/carto_ws/install/orbbec_description/share/orbbec_description/local_setup.sh
[2.048s] -- Up-to-date: /home/faith/Work/carto_ws/install/orbbec_description/share/orbbec_description/local_setup.zsh
[2.048s] -- Installing: /home/faith/Work/carto_ws/install/orbbec_description/share/orbbec_description/local_setup.dsv
[2.049s] -- Installing: /home/faith/Work/carto_ws/install/orbbec_description/share/orbbec_description/package.dsv
[2.049s] -- Up-to-date: /home/faith/Work/carto_ws/install/orbbec_description/share/ament_index/resource_index/packages/orbbec_description
[2.049s] -- Up-to-date: /home/faith/Work/carto_ws/install/orbbec_description/share/orbbec_description/cmake/orbbec_descriptionConfig.cmake
[2.050s] -- Up-to-date: /home/faith/Work/carto_ws/install/orbbec_description/share/orbbec_description/cmake/orbbec_descriptionConfig-version.cmake
[2.050s] -- Up-to-date: /home/faith/Work/carto_ws/install/orbbec_description/share/orbbec_description/package.xml
[2.060s] Invoked command in '/home/faith/Work/carto_ws/build/orbbec_description' returned '0': CMAKE_PREFIX_PATH=${CMAKE_PREFIX_PATH}:/home/faith/Work/carto_ws/install/fishbot_description:/opt/ros/humble /usr/bin/cmake --install /home/faith/Work/carto_ws/build/orbbec_description
