[0.696s] Invoking command in '/home/faith/Work/carto_ws/build/sllidar_ros2': CMAKE_PREFIX_PATH=${CMAKE_PREFIX_PATH}:/home/faith/Work/carto_ws/install/fishbot_description:/opt/ros/humble /usr/bin/cmake --build /home/faith/Work/carto_ws/build/sllidar_ros2 -- -j8 -l8
[0.880s] [ 85%] Built target sllidar_node
[0.898s] [100%] Built target sllidar_client
[0.928s] Invoked command in '/home/faith/Work/carto_ws/build/sllidar_ros2' returned '0': CMAKE_PREFIX_PATH=${CMAKE_PREFIX_PATH}:/home/faith/Work/carto_ws/install/fishbot_description:/opt/ros/humble /usr/bin/cmake --build /home/faith/Work/carto_ws/build/sllidar_ros2 -- -j8 -l8
[1.068s] Invoking command in '/home/faith/Work/carto_ws/build/sllidar_ros2': CMAKE_PREFIX_PATH=${CMAKE_PREFIX_PATH}:/home/faith/Work/carto_ws/install/fishbot_description:/opt/ros/humble /usr/bin/cmake --install /home/faith/Work/carto_ws/build/sllidar_ros2
[1.095s] -- Install configuration: "Release"
[1.097s] -- Execute custom install script
[1.100s] -- Up-to-date symlink: /home/faith/Work/carto_ws/install/sllidar_ros2/share/sllidar_ros2/launch/sllidar_a3_launch.py
[1.100s] -- Up-to-date symlink: /home/faith/Work/carto_ws/install/sllidar_ros2/share/sllidar_ros2/launch/sllidar_launch.py
[1.101s] -- Up-to-date symlink: /home/faith/Work/carto_ws/install/sllidar_ros2/share/sllidar_ros2/launch/sllidar_s1_launch.py
[1.102s] -- Up-to-date symlink: /home/faith/Work/carto_ws/install/sllidar_ros2/share/sllidar_ros2/launch/sllidar_s1_tcp_launch.py
[1.103s] -- Up-to-date symlink: /home/faith/Work/carto_ws/install/sllidar_ros2/share/sllidar_ros2/launch/sllidar_s2_launch.py
[1.104s] -- Up-to-date symlink: /home/faith/Work/carto_ws/install/sllidar_ros2/share/sllidar_ros2/launch/sllidar_s2e_launch.py
[1.104s] -- Up-to-date symlink: /home/faith/Work/carto_ws/install/sllidar_ros2/share/sllidar_ros2/launch/sllidar_t1_launch.py
[1.105s] -- Up-to-date symlink: /home/faith/Work/carto_ws/install/sllidar_ros2/share/sllidar_ros2/launch/view_sllidar_a3_launch.py
[1.106s] -- Up-to-date symlink: /home/faith/Work/carto_ws/install/sllidar_ros2/share/sllidar_ros2/launch/view_sllidar_launch.py
[1.106s] -- Up-to-date symlink: /home/faith/Work/carto_ws/install/sllidar_ros2/share/sllidar_ros2/launch/view_sllidar_s1_launch.py
[1.107s] -- Up-to-date symlink: /home/faith/Work/carto_ws/install/sllidar_ros2/share/sllidar_ros2/launch/view_sllidar_s1_tcp_launch.py
[1.108s] -- Up-to-date symlink: /home/faith/Work/carto_ws/install/sllidar_ros2/share/sllidar_ros2/launch/view_sllidar_s2_launch.py
[1.109s] -- Up-to-date symlink: /home/faith/Work/carto_ws/install/sllidar_ros2/share/sllidar_ros2/launch/view_sllidar_s2e_launch.py
[1.110s] -- Up-to-date symlink: /home/faith/Work/carto_ws/install/sllidar_ros2/share/sllidar_ros2/launch/view_sllidar_t1_launch.py
[1.113s] -- Up-to-date symlink: /home/faith/Work/carto_ws/install/sllidar_ros2/share/sllidar_ros2/rviz/sllidar_ros2.rviz
[1.114s] -- Up-to-date symlink: /home/faith/Work/carto_ws/install/sllidar_ros2/lib/sllidar_ros2/sllidar_node
[1.115s] -- Up-to-date symlink: /home/faith/Work/carto_ws/install/sllidar_ros2/lib/sllidar_ros2/sllidar_client
[1.115s] -- Up-to-date symlink: /home/faith/Work/carto_ws/install/sllidar_ros2/share/ament_index/resource_index/package_run_dependencies/sllidar_ros2
[1.116s] -- Up-to-date symlink: /home/faith/Work/carto_ws/install/sllidar_ros2/share/ament_index/resource_index/parent_prefix_path/sllidar_ros2
[1.116s] -- Up-to-date symlink: /home/faith/Work/carto_ws/install/sllidar_ros2/share/sllidar_ros2/environment/ament_prefix_path.sh
[1.117s] -- Up-to-date symlink: /home/faith/Work/carto_ws/install/sllidar_ros2/share/sllidar_ros2/environment/ament_prefix_path.dsv
[1.117s] -- Up-to-date symlink: /home/faith/Work/carto_ws/install/sllidar_ros2/share/sllidar_ros2/environment/path.sh
[1.118s] -- Up-to-date symlink: /home/faith/Work/carto_ws/install/sllidar_ros2/share/sllidar_ros2/environment/path.dsv
[1.118s] -- Up-to-date symlink: /home/faith/Work/carto_ws/install/sllidar_ros2/share/sllidar_ros2/local_setup.bash
[1.119s] -- Up-to-date symlink: /home/faith/Work/carto_ws/install/sllidar_ros2/share/sllidar_ros2/local_setup.sh
[1.119s] -- Up-to-date symlink: /home/faith/Work/carto_ws/install/sllidar_ros2/share/sllidar_ros2/local_setup.zsh
[1.120s] -- Up-to-date symlink: /home/faith/Work/carto_ws/install/sllidar_ros2/share/sllidar_ros2/local_setup.dsv
[1.120s] -- Symlinking: /home/faith/Work/carto_ws/install/sllidar_ros2/share/sllidar_ros2/package.dsv
[1.150s] -- Up-to-date symlink: /home/faith/Work/carto_ws/install/sllidar_ros2/share/ament_index/resource_index/packages/sllidar_ros2
[1.151s] -- Up-to-date symlink: /home/faith/Work/carto_ws/install/sllidar_ros2/share/sllidar_ros2/cmake/ament_cmake_export_dependencies-extras.cmake
[1.151s] -- Up-to-date symlink: /home/faith/Work/carto_ws/install/sllidar_ros2/share/sllidar_ros2/cmake/ament_cmake_export_include_directories-extras.cmake
[1.152s] -- Up-to-date symlink: /home/faith/Work/carto_ws/install/sllidar_ros2/share/sllidar_ros2/cmake/sllidar_ros2Config.cmake
[1.152s] -- Up-to-date symlink: /home/faith/Work/carto_ws/install/sllidar_ros2/share/sllidar_ros2/cmake/sllidar_ros2Config-version.cmake
[1.154s] -- Up-to-date symlink: /home/faith/Work/carto_ws/install/sllidar_ros2/share/sllidar_ros2/package.xml
[1.166s] Invoked command in '/home/faith/Work/carto_ws/build/sllidar_ros2' returned '0': CMAKE_PREFIX_PATH=${CMAKE_PREFIX_PATH}:/home/faith/Work/carto_ws/install/fishbot_description:/opt/ros/humble /usr/bin/cmake --install /home/faith/Work/carto_ws/build/sllidar_ros2
