[0.086s] Invoking command in '/home/faith/Work/carto_ws/build/orbbec_camera_msgs': CMAKE_PREFIX_PATH=${CMAKE_PREFIX_PATH}:/home/faith/Work/carto_ws/install/fishbot_description:/opt/ros/humble /usr/bin/cmake --build /home/faith/Work/carto_ws/build/orbbec_camera_msgs -- -j8 -l8
[0.817s] [  0%] Built target orbbec_camera_msgs__cpp
[0.817s] [ 12%] Built target orbbec_camera_msgs__rosidl_generator_c
[0.817s] [ 12%] Built target ament_cmake_python_copy_orbbec_camera_msgs
[0.817s] [ 24%] Built target orbbec_camera_msgs__rosidl_typesupport_cpp
[0.817s] [ 35%] Built target orbbec_camera_msgs__rosidl_typesupport_fastrtps_cpp
[0.817s] [ 47%] Built target orbbec_camera_msgs__rosidl_typesupport_fastrtps_c
[0.817s] [ 59%] Built target orbbec_camera_msgs__rosidl_typesupport_introspection_cpp
[0.818s] [ 71%] Built target orbbec_camera_msgs__rosidl_typesupport_introspection_c
[0.818s] [ 82%] Built target orbbec_camera_msgs__rosidl_typesupport_c
[0.818s] [ 82%] Built target orbbec_camera_msgs
[0.818s] [ 83%] Built target orbbec_camera_msgs__py
[0.869s] [ 94%] Built target orbbec_camera_msgs__rosidl_generator_py
[0.928s] [ 96%] Built target orbbec_camera_msgs__rosidl_typesupport_fastrtps_c__pyext
[0.938s] [ 98%] Built target orbbec_camera_msgs__rosidl_typesupport_introspection_c__pyext
[0.959s] running egg_info
[0.963s] writing orbbec_camera_msgs.egg-info/PKG-INFO
[0.966s] writing dependency_links to orbbec_camera_msgs.egg-info/dependency_links.txt
[0.987s] writing top-level names to orbbec_camera_msgs.egg-info/top_level.txt
[0.987s] [100%] Built target orbbec_camera_msgs__rosidl_typesupport_c__pyext
[0.993s] reading manifest file 'orbbec_camera_msgs.egg-info/SOURCES.txt'
[1.007s] writing manifest file 'orbbec_camera_msgs.egg-info/SOURCES.txt'
[1.119s] [100%] Built target ament_cmake_python_build_orbbec_camera_msgs_egg
[1.185s] Invoked command in '/home/faith/Work/carto_ws/build/orbbec_camera_msgs' returned '0': CMAKE_PREFIX_PATH=${CMAKE_PREFIX_PATH}:/home/faith/Work/carto_ws/install/fishbot_description:/opt/ros/humble /usr/bin/cmake --build /home/faith/Work/carto_ws/build/orbbec_camera_msgs -- -j8 -l8
[2.268s] Invoking command in '/home/faith/Work/carto_ws/build/orbbec_camera_msgs': CMAKE_PREFIX_PATH=${CMAKE_PREFIX_PATH}:/home/faith/Work/carto_ws/install/fishbot_description:/opt/ros/humble /usr/bin/cmake --install /home/faith/Work/carto_ws/build/orbbec_camera_msgs
[2.311s] -- Install configuration: "Release"
[2.311s] -- Up-to-date: /home/faith/Work/carto_ws/install/orbbec_camera_msgs/share/ament_index/resource_index/rosidl_interfaces/orbbec_camera_msgs
[2.311s] -- Up-to-date: /home/faith/Work/carto_ws/install/orbbec_camera_msgs/include/orbbec_camera_msgs/orbbec_camera_msgs
[2.312s] -- Up-to-date: /home/faith/Work/carto_ws/install/orbbec_camera_msgs/include/orbbec_camera_msgs/orbbec_camera_msgs/srv
[2.312s] -- Up-to-date: /home/faith/Work/carto_ws/install/orbbec_camera_msgs/include/orbbec_camera_msgs/orbbec_camera_msgs/srv/get_device_info.h
[2.312s] -- Up-to-date: /home/faith/Work/carto_ws/install/orbbec_camera_msgs/include/orbbec_camera_msgs/orbbec_camera_msgs/srv/set_int32.h
[2.313s] -- Up-to-date: /home/faith/Work/carto_ws/install/orbbec_camera_msgs/include/orbbec_camera_msgs/orbbec_camera_msgs/srv/get_camera_info.h
[2.313s] -- Up-to-date: /home/faith/Work/carto_ws/install/orbbec_camera_msgs/include/orbbec_camera_msgs/orbbec_camera_msgs/srv/detail
[2.314s] -- Up-to-date: /home/faith/Work/carto_ws/install/orbbec_camera_msgs/include/orbbec_camera_msgs/orbbec_camera_msgs/srv/detail/get_string__functions.c
[2.314s] -- Up-to-date: /home/faith/Work/carto_ws/install/orbbec_camera_msgs/include/orbbec_camera_msgs/orbbec_camera_msgs/srv/detail/set_string__type_support.h
[2.314s] -- Up-to-date: /home/faith/Work/carto_ws/install/orbbec_camera_msgs/include/orbbec_camera_msgs/orbbec_camera_msgs/srv/detail/get_device_info__type_support.h
[2.315s] -- Up-to-date: /home/faith/Work/carto_ws/install/orbbec_camera_msgs/include/orbbec_camera_msgs/orbbec_camera_msgs/srv/detail/set_int32__functions.h
[2.315s] -- Up-to-date: /home/faith/Work/carto_ws/install/orbbec_camera_msgs/include/orbbec_camera_msgs/orbbec_camera_msgs/srv/detail/get_camera_info__functions.c
[2.329s] -- Up-to-date: /home/faith/Work/carto_ws/install/orbbec_camera_msgs/include/orbbec_camera_msgs/orbbec_camera_msgs/srv/detail/get_bool__type_support.h
[2.330s] -- Up-to-date: /home/faith/Work/carto_ws/install/orbbec_camera_msgs/include/orbbec_camera_msgs/orbbec_camera_msgs/srv/detail/get_camera_info__type_support.h
[2.331s] -- Up-to-date: /home/faith/Work/carto_ws/install/orbbec_camera_msgs/include/orbbec_camera_msgs/orbbec_camera_msgs/srv/detail/get_camera_info__struct.h
[2.331s] -- Up-to-date: /home/faith/Work/carto_ws/install/orbbec_camera_msgs/include/orbbec_camera_msgs/orbbec_camera_msgs/srv/detail/get_bool__struct.h
[2.331s] -- Up-to-date: /home/faith/Work/carto_ws/install/orbbec_camera_msgs/include/orbbec_camera_msgs/orbbec_camera_msgs/srv/detail/set_string__struct.h
[2.332s] -- Up-to-date: /home/faith/Work/carto_ws/install/orbbec_camera_msgs/include/orbbec_camera_msgs/orbbec_camera_msgs/srv/detail/set_int32__type_support.h
[2.332s] -- Up-to-date: /home/faith/Work/carto_ws/install/orbbec_camera_msgs/include/orbbec_camera_msgs/orbbec_camera_msgs/srv/detail/get_int32__functions.c
[2.333s] -- Up-to-date: /home/faith/Work/carto_ws/install/orbbec_camera_msgs/include/orbbec_camera_msgs/orbbec_camera_msgs/srv/detail/set_string__functions.c
[2.333s] -- Up-to-date: /home/faith/Work/carto_ws/install/orbbec_camera_msgs/include/orbbec_camera_msgs/orbbec_camera_msgs/srv/detail/get_string__functions.h
[2.333s] -- Up-to-date: /home/faith/Work/carto_ws/install/orbbec_camera_msgs/include/orbbec_camera_msgs/orbbec_camera_msgs/srv/detail/get_string__struct.h
[2.334s] -- Up-to-date: /home/faith/Work/carto_ws/install/orbbec_camera_msgs/include/orbbec_camera_msgs/orbbec_camera_msgs/srv/detail/get_bool__functions.h
[2.334s] -- Up-to-date: /home/faith/Work/carto_ws/install/orbbec_camera_msgs/include/orbbec_camera_msgs/orbbec_camera_msgs/srv/detail/get_bool__functions.c
[2.335s] -- Up-to-date: /home/faith/Work/carto_ws/install/orbbec_camera_msgs/include/orbbec_camera_msgs/orbbec_camera_msgs/srv/detail/get_int32__functions.h
[2.335s] -- Up-to-date: /home/faith/Work/carto_ws/install/orbbec_camera_msgs/include/orbbec_camera_msgs/orbbec_camera_msgs/srv/detail/get_int32__type_support.h
[2.335s] -- Up-to-date: /home/faith/Work/carto_ws/install/orbbec_camera_msgs/include/orbbec_camera_msgs/orbbec_camera_msgs/srv/detail/get_string__type_support.h
[2.346s] -- Up-to-date: /home/faith/Work/carto_ws/install/orbbec_camera_msgs/include/orbbec_camera_msgs/orbbec_camera_msgs/srv/detail/get_device_info__functions.h
[2.346s] -- Up-to-date: /home/faith/Work/carto_ws/install/orbbec_camera_msgs/include/orbbec_camera_msgs/orbbec_camera_msgs/srv/detail/set_string__functions.h
[2.347s] -- Up-to-date: /home/faith/Work/carto_ws/install/orbbec_camera_msgs/include/orbbec_camera_msgs/orbbec_camera_msgs/srv/detail/set_int32__functions.c
[2.347s] -- Up-to-date: /home/faith/Work/carto_ws/install/orbbec_camera_msgs/include/orbbec_camera_msgs/orbbec_camera_msgs/srv/detail/get_int32__struct.h
[2.347s] -- Up-to-date: /home/faith/Work/carto_ws/install/orbbec_camera_msgs/include/orbbec_camera_msgs/orbbec_camera_msgs/srv/detail/get_device_info__struct.h
[2.347s] -- Up-to-date: /home/faith/Work/carto_ws/install/orbbec_camera_msgs/include/orbbec_camera_msgs/orbbec_camera_msgs/srv/detail/get_device_info__functions.c
[2.347s] -- Up-to-date: /home/faith/Work/carto_ws/install/orbbec_camera_msgs/include/orbbec_camera_msgs/orbbec_camera_msgs/srv/detail/get_camera_info__functions.h
[2.347s] -- Up-to-date: /home/faith/Work/carto_ws/install/orbbec_camera_msgs/include/orbbec_camera_msgs/orbbec_camera_msgs/srv/detail/set_int32__struct.h
[2.347s] -- Up-to-date: /home/faith/Work/carto_ws/install/orbbec_camera_msgs/include/orbbec_camera_msgs/orbbec_camera_msgs/srv/get_string.h
[2.347s] -- Up-to-date: /home/faith/Work/carto_ws/install/orbbec_camera_msgs/include/orbbec_camera_msgs/orbbec_camera_msgs/srv/get_bool.h
[2.353s] -- Up-to-date: /home/faith/Work/carto_ws/install/orbbec_camera_msgs/include/orbbec_camera_msgs/orbbec_camera_msgs/srv/get_int32.h
[2.353s] -- Up-to-date: /home/faith/Work/carto_ws/install/orbbec_camera_msgs/include/orbbec_camera_msgs/orbbec_camera_msgs/srv/set_string.h
[2.353s] -- Up-to-date: /home/faith/Work/carto_ws/install/orbbec_camera_msgs/include/orbbec_camera_msgs/orbbec_camera_msgs/msg
[2.353s] -- Up-to-date: /home/faith/Work/carto_ws/install/orbbec_camera_msgs/include/orbbec_camera_msgs/orbbec_camera_msgs/msg/detail
[2.353s] -- Up-to-date: /home/faith/Work/carto_ws/install/orbbec_camera_msgs/include/orbbec_camera_msgs/orbbec_camera_msgs/msg/detail/extrinsics__functions.c
[2.353s] -- Up-to-date: /home/faith/Work/carto_ws/install/orbbec_camera_msgs/include/orbbec_camera_msgs/orbbec_camera_msgs/msg/detail/metadata__functions.c
[2.353s] -- Up-to-date: /home/faith/Work/carto_ws/install/orbbec_camera_msgs/include/orbbec_camera_msgs/orbbec_camera_msgs/msg/detail/extrinsics__functions.h
[2.353s] -- Up-to-date: /home/faith/Work/carto_ws/install/orbbec_camera_msgs/include/orbbec_camera_msgs/orbbec_camera_msgs/msg/detail/device_info__functions.c
[2.353s] -- Up-to-date: /home/faith/Work/carto_ws/install/orbbec_camera_msgs/include/orbbec_camera_msgs/orbbec_camera_msgs/msg/detail/metadata__type_support.h
[2.353s] -- Up-to-date: /home/faith/Work/carto_ws/install/orbbec_camera_msgs/include/orbbec_camera_msgs/orbbec_camera_msgs/msg/detail/metadata__struct.h
[2.354s] -- Up-to-date: /home/faith/Work/carto_ws/install/orbbec_camera_msgs/include/orbbec_camera_msgs/orbbec_camera_msgs/msg/detail/extrinsics__type_support.h
[2.354s] -- Up-to-date: /home/faith/Work/carto_ws/install/orbbec_camera_msgs/include/orbbec_camera_msgs/orbbec_camera_msgs/msg/detail/metadata__functions.h
[2.354s] -- Up-to-date: /home/faith/Work/carto_ws/install/orbbec_camera_msgs/include/orbbec_camera_msgs/orbbec_camera_msgs/msg/detail/device_info__functions.h
[2.354s] -- Up-to-date: /home/faith/Work/carto_ws/install/orbbec_camera_msgs/include/orbbec_camera_msgs/orbbec_camera_msgs/msg/detail/device_info__type_support.h
[2.354s] -- Up-to-date: /home/faith/Work/carto_ws/install/orbbec_camera_msgs/include/orbbec_camera_msgs/orbbec_camera_msgs/msg/detail/extrinsics__struct.h
[2.354s] -- Up-to-date: /home/faith/Work/carto_ws/install/orbbec_camera_msgs/include/orbbec_camera_msgs/orbbec_camera_msgs/msg/detail/device_info__struct.h
[2.354s] -- Up-to-date: /home/faith/Work/carto_ws/install/orbbec_camera_msgs/include/orbbec_camera_msgs/orbbec_camera_msgs/msg/device_info.h
[2.354s] -- Up-to-date: /home/faith/Work/carto_ws/install/orbbec_camera_msgs/include/orbbec_camera_msgs/orbbec_camera_msgs/msg/rosidl_generator_c__visibility_control.h
[2.354s] -- Up-to-date: /home/faith/Work/carto_ws/install/orbbec_camera_msgs/include/orbbec_camera_msgs/orbbec_camera_msgs/msg/metadata.h
[2.354s] -- Up-to-date: /home/faith/Work/carto_ws/install/orbbec_camera_msgs/include/orbbec_camera_msgs/orbbec_camera_msgs/msg/extrinsics.h
[2.354s] -- Up-to-date: /home/faith/Work/carto_ws/install/orbbec_camera_msgs/share/orbbec_camera_msgs/environment/library_path.sh
[2.354s] -- Up-to-date: /home/faith/Work/carto_ws/install/orbbec_camera_msgs/share/orbbec_camera_msgs/environment/library_path.dsv
[2.355s] -- Up-to-date: /home/faith/Work/carto_ws/install/orbbec_camera_msgs/lib/liborbbec_camera_msgs__rosidl_generator_c.so
[2.355s] -- Up-to-date: /home/faith/Work/carto_ws/install/orbbec_camera_msgs/include/orbbec_camera_msgs/orbbec_camera_msgs
[2.355s] -- Up-to-date: /home/faith/Work/carto_ws/install/orbbec_camera_msgs/include/orbbec_camera_msgs/orbbec_camera_msgs/srv
[2.355s] -- Up-to-date: /home/faith/Work/carto_ws/install/orbbec_camera_msgs/include/orbbec_camera_msgs/orbbec_camera_msgs/srv/detail
[2.355s] -- Up-to-date: /home/faith/Work/carto_ws/install/orbbec_camera_msgs/include/orbbec_camera_msgs/orbbec_camera_msgs/srv/detail/get_device_info__rosidl_typesupport_fastrtps_c.h
[2.355s] -- Up-to-date: /home/faith/Work/carto_ws/install/orbbec_camera_msgs/include/orbbec_camera_msgs/orbbec_camera_msgs/srv/detail/set_string__rosidl_typesupport_fastrtps_c.h
[2.355s] -- Up-to-date: /home/faith/Work/carto_ws/install/orbbec_camera_msgs/include/orbbec_camera_msgs/orbbec_camera_msgs/srv/detail/get_bool__rosidl_typesupport_fastrtps_c.h
[2.355s] -- Up-to-date: /home/faith/Work/carto_ws/install/orbbec_camera_msgs/include/orbbec_camera_msgs/orbbec_camera_msgs/srv/detail/set_int32__rosidl_typesupport_fastrtps_c.h
[2.355s] -- Up-to-date: /home/faith/Work/carto_ws/install/orbbec_camera_msgs/include/orbbec_camera_msgs/orbbec_camera_msgs/srv/detail/get_string__rosidl_typesupport_fastrtps_c.h
[2.355s] -- Up-to-date: /home/faith/Work/carto_ws/install/orbbec_camera_msgs/include/orbbec_camera_msgs/orbbec_camera_msgs/srv/detail/get_int32__rosidl_typesupport_fastrtps_c.h
[2.355s] -- Up-to-date: /home/faith/Work/carto_ws/install/orbbec_camera_msgs/include/orbbec_camera_msgs/orbbec_camera_msgs/srv/detail/get_camera_info__rosidl_typesupport_fastrtps_c.h
[2.355s] -- Up-to-date: /home/faith/Work/carto_ws/install/orbbec_camera_msgs/include/orbbec_camera_msgs/orbbec_camera_msgs/msg
[2.355s] -- Up-to-date: /home/faith/Work/carto_ws/install/orbbec_camera_msgs/include/orbbec_camera_msgs/orbbec_camera_msgs/msg/detail
[2.356s] -- Up-to-date: /home/faith/Work/carto_ws/install/orbbec_camera_msgs/include/orbbec_camera_msgs/orbbec_camera_msgs/msg/detail/metadata__rosidl_typesupport_fastrtps_c.h
[2.356s] -- Up-to-date: /home/faith/Work/carto_ws/install/orbbec_camera_msgs/include/orbbec_camera_msgs/orbbec_camera_msgs/msg/detail/extrinsics__rosidl_typesupport_fastrtps_c.h
[2.356s] -- Up-to-date: /home/faith/Work/carto_ws/install/orbbec_camera_msgs/include/orbbec_camera_msgs/orbbec_camera_msgs/msg/detail/device_info__rosidl_typesupport_fastrtps_c.h
[2.356s] -- Up-to-date: /home/faith/Work/carto_ws/install/orbbec_camera_msgs/include/orbbec_camera_msgs/orbbec_camera_msgs/msg/rosidl_typesupport_fastrtps_c__visibility_control.h
[2.356s] -- Up-to-date: /home/faith/Work/carto_ws/install/orbbec_camera_msgs/lib/liborbbec_camera_msgs__rosidl_typesupport_fastrtps_c.so
[2.356s] -- Up-to-date: /home/faith/Work/carto_ws/install/orbbec_camera_msgs/include/orbbec_camera_msgs/orbbec_camera_msgs
[2.356s] -- Up-to-date: /home/faith/Work/carto_ws/install/orbbec_camera_msgs/include/orbbec_camera_msgs/orbbec_camera_msgs/srv
[2.356s] -- Up-to-date: /home/faith/Work/carto_ws/install/orbbec_camera_msgs/include/orbbec_camera_msgs/orbbec_camera_msgs/srv/detail
[2.356s] -- Up-to-date: /home/faith/Work/carto_ws/install/orbbec_camera_msgs/include/orbbec_camera_msgs/orbbec_camera_msgs/srv/detail/get_camera_info__type_support.c
[2.356s] -- Up-to-date: /home/faith/Work/carto_ws/install/orbbec_camera_msgs/include/orbbec_camera_msgs/orbbec_camera_msgs/srv/detail/get_int32__type_support.c
[2.356s] -- Up-to-date: /home/faith/Work/carto_ws/install/orbbec_camera_msgs/include/orbbec_camera_msgs/orbbec_camera_msgs/srv/detail/set_string__type_support.c
[2.356s] -- Up-to-date: /home/faith/Work/carto_ws/install/orbbec_camera_msgs/include/orbbec_camera_msgs/orbbec_camera_msgs/srv/detail/get_device_info__rosidl_typesupport_introspection_c.h
[2.357s] -- Up-to-date: /home/faith/Work/carto_ws/install/orbbec_camera_msgs/include/orbbec_camera_msgs/orbbec_camera_msgs/srv/detail/get_bool__rosidl_typesupport_introspection_c.h
[2.357s] -- Up-to-date: /home/faith/Work/carto_ws/install/orbbec_camera_msgs/include/orbbec_camera_msgs/orbbec_camera_msgs/srv/detail/get_bool__type_support.c
[2.357s] -- Up-to-date: /home/faith/Work/carto_ws/install/orbbec_camera_msgs/include/orbbec_camera_msgs/orbbec_camera_msgs/srv/detail/get_camera_info__rosidl_typesupport_introspection_c.h
[2.357s] -- Up-to-date: /home/faith/Work/carto_ws/install/orbbec_camera_msgs/include/orbbec_camera_msgs/orbbec_camera_msgs/srv/detail/get_string__type_support.c
[2.357s] -- Up-to-date: /home/faith/Work/carto_ws/install/orbbec_camera_msgs/include/orbbec_camera_msgs/orbbec_camera_msgs/srv/detail/get_string__rosidl_typesupport_introspection_c.h
[2.357s] -- Up-to-date: /home/faith/Work/carto_ws/install/orbbec_camera_msgs/include/orbbec_camera_msgs/orbbec_camera_msgs/srv/detail/get_int32__rosidl_typesupport_introspection_c.h
[2.357s] -- Up-to-date: /home/faith/Work/carto_ws/install/orbbec_camera_msgs/include/orbbec_camera_msgs/orbbec_camera_msgs/srv/detail/set_int32__type_support.c
[2.357s] -- Up-to-date: /home/faith/Work/carto_ws/install/orbbec_camera_msgs/include/orbbec_camera_msgs/orbbec_camera_msgs/srv/detail/set_string__rosidl_typesupport_introspection_c.h
[2.357s] -- Up-to-date: /home/faith/Work/carto_ws/install/orbbec_camera_msgs/include/orbbec_camera_msgs/orbbec_camera_msgs/srv/detail/set_int32__rosidl_typesupport_introspection_c.h
[2.357s] -- Up-to-date: /home/faith/Work/carto_ws/install/orbbec_camera_msgs/include/orbbec_camera_msgs/orbbec_camera_msgs/srv/detail/get_device_info__type_support.c
[2.357s] -- Up-to-date: /home/faith/Work/carto_ws/install/orbbec_camera_msgs/include/orbbec_camera_msgs/orbbec_camera_msgs/msg
[2.358s] -- Up-to-date: /home/faith/Work/carto_ws/install/orbbec_camera_msgs/include/orbbec_camera_msgs/orbbec_camera_msgs/msg/detail
[2.358s] -- Up-to-date: /home/faith/Work/carto_ws/install/orbbec_camera_msgs/include/orbbec_camera_msgs/orbbec_camera_msgs/msg/detail/device_info__rosidl_typesupport_introspection_c.h
[2.358s] -- Up-to-date: /home/faith/Work/carto_ws/install/orbbec_camera_msgs/include/orbbec_camera_msgs/orbbec_camera_msgs/msg/detail/extrinsics__rosidl_typesupport_introspection_c.h
[2.358s] -- Up-to-date: /home/faith/Work/carto_ws/install/orbbec_camera_msgs/include/orbbec_camera_msgs/orbbec_camera_msgs/msg/detail/metadata__rosidl_typesupport_introspection_c.h
[2.358s] -- Up-to-date: /home/faith/Work/carto_ws/install/orbbec_camera_msgs/include/orbbec_camera_msgs/orbbec_camera_msgs/msg/detail/device_info__type_support.c
[2.358s] -- Up-to-date: /home/faith/Work/carto_ws/install/orbbec_camera_msgs/include/orbbec_camera_msgs/orbbec_camera_msgs/msg/detail/metadata__type_support.c
[2.358s] -- Up-to-date: /home/faith/Work/carto_ws/install/orbbec_camera_msgs/include/orbbec_camera_msgs/orbbec_camera_msgs/msg/detail/extrinsics__type_support.c
[2.358s] -- Up-to-date: /home/faith/Work/carto_ws/install/orbbec_camera_msgs/include/orbbec_camera_msgs/orbbec_camera_msgs/msg/rosidl_typesupport_introspection_c__visibility_control.h
[2.358s] -- Up-to-date: /home/faith/Work/carto_ws/install/orbbec_camera_msgs/lib/liborbbec_camera_msgs__rosidl_typesupport_introspection_c.so
[2.358s] -- Up-to-date: /home/faith/Work/carto_ws/install/orbbec_camera_msgs/lib/liborbbec_camera_msgs__rosidl_typesupport_c.so
[2.358s] -- Up-to-date: /home/faith/Work/carto_ws/install/orbbec_camera_msgs/include/orbbec_camera_msgs/orbbec_camera_msgs
[2.358s] -- Up-to-date: /home/faith/Work/carto_ws/install/orbbec_camera_msgs/include/orbbec_camera_msgs/orbbec_camera_msgs/srv
[2.358s] -- Up-to-date: /home/faith/Work/carto_ws/install/orbbec_camera_msgs/include/orbbec_camera_msgs/orbbec_camera_msgs/srv/set_string.hpp
[2.358s] -- Up-to-date: /home/faith/Work/carto_ws/install/orbbec_camera_msgs/include/orbbec_camera_msgs/orbbec_camera_msgs/srv/detail
[2.359s] -- Up-to-date: /home/faith/Work/carto_ws/install/orbbec_camera_msgs/include/orbbec_camera_msgs/orbbec_camera_msgs/srv/detail/get_bool__struct.hpp
[2.359s] -- Up-to-date: /home/faith/Work/carto_ws/install/orbbec_camera_msgs/include/orbbec_camera_msgs/orbbec_camera_msgs/srv/detail/get_string__traits.hpp
[2.359s] -- Up-to-date: /home/faith/Work/carto_ws/install/orbbec_camera_msgs/include/orbbec_camera_msgs/orbbec_camera_msgs/srv/detail/get_bool__traits.hpp
[2.359s] -- Up-to-date: /home/faith/Work/carto_ws/install/orbbec_camera_msgs/include/orbbec_camera_msgs/orbbec_camera_msgs/srv/detail/get_int32__traits.hpp
[2.359s] -- Up-to-date: /home/faith/Work/carto_ws/install/orbbec_camera_msgs/include/orbbec_camera_msgs/orbbec_camera_msgs/srv/detail/get_string__builder.hpp
[2.359s] -- Up-to-date: /home/faith/Work/carto_ws/install/orbbec_camera_msgs/include/orbbec_camera_msgs/orbbec_camera_msgs/srv/detail/get_bool__builder.hpp
[2.359s] -- Up-to-date: /home/faith/Work/carto_ws/install/orbbec_camera_msgs/include/orbbec_camera_msgs/orbbec_camera_msgs/srv/detail/set_string__builder.hpp
[2.359s] -- Up-to-date: /home/faith/Work/carto_ws/install/orbbec_camera_msgs/include/orbbec_camera_msgs/orbbec_camera_msgs/srv/detail/get_camera_info__traits.hpp
[2.359s] -- Up-to-date: /home/faith/Work/carto_ws/install/orbbec_camera_msgs/include/orbbec_camera_msgs/orbbec_camera_msgs/srv/detail/get_int32__builder.hpp
[2.359s] -- Up-to-date: /home/faith/Work/carto_ws/install/orbbec_camera_msgs/include/orbbec_camera_msgs/orbbec_camera_msgs/srv/detail/set_int32__builder.hpp
[2.359s] -- Up-to-date: /home/faith/Work/carto_ws/install/orbbec_camera_msgs/include/orbbec_camera_msgs/orbbec_camera_msgs/srv/detail/get_camera_info__struct.hpp
[2.359s] -- Up-to-date: /home/faith/Work/carto_ws/install/orbbec_camera_msgs/include/orbbec_camera_msgs/orbbec_camera_msgs/srv/detail/get_camera_info__builder.hpp
[2.359s] -- Up-to-date: /home/faith/Work/carto_ws/install/orbbec_camera_msgs/include/orbbec_camera_msgs/orbbec_camera_msgs/srv/detail/set_int32__traits.hpp
[2.360s] -- Up-to-date: /home/faith/Work/carto_ws/install/orbbec_camera_msgs/include/orbbec_camera_msgs/orbbec_camera_msgs/srv/detail/get_device_info__traits.hpp
[2.360s] -- Up-to-date: /home/faith/Work/carto_ws/install/orbbec_camera_msgs/include/orbbec_camera_msgs/orbbec_camera_msgs/srv/detail/set_int32__struct.hpp
[2.360s] -- Up-to-date: /home/faith/Work/carto_ws/install/orbbec_camera_msgs/include/orbbec_camera_msgs/orbbec_camera_msgs/srv/detail/set_string__struct.hpp
[2.360s] -- Up-to-date: /home/faith/Work/carto_ws/install/orbbec_camera_msgs/include/orbbec_camera_msgs/orbbec_camera_msgs/srv/detail/get_int32__struct.hpp
[2.360s] -- Up-to-date: /home/faith/Work/carto_ws/install/orbbec_camera_msgs/include/orbbec_camera_msgs/orbbec_camera_msgs/srv/detail/get_string__struct.hpp
[2.360s] -- Up-to-date: /home/faith/Work/carto_ws/install/orbbec_camera_msgs/include/orbbec_camera_msgs/orbbec_camera_msgs/srv/detail/get_device_info__struct.hpp
[2.360s] -- Up-to-date: /home/faith/Work/carto_ws/install/orbbec_camera_msgs/include/orbbec_camera_msgs/orbbec_camera_msgs/srv/detail/get_device_info__builder.hpp
[2.360s] -- Up-to-date: /home/faith/Work/carto_ws/install/orbbec_camera_msgs/include/orbbec_camera_msgs/orbbec_camera_msgs/srv/detail/set_string__traits.hpp
[2.360s] -- Up-to-date: /home/faith/Work/carto_ws/install/orbbec_camera_msgs/include/orbbec_camera_msgs/orbbec_camera_msgs/srv/get_device_info.hpp
[2.360s] -- Up-to-date: /home/faith/Work/carto_ws/install/orbbec_camera_msgs/include/orbbec_camera_msgs/orbbec_camera_msgs/srv/get_bool.hpp
[2.360s] -- Up-to-date: /home/faith/Work/carto_ws/install/orbbec_camera_msgs/include/orbbec_camera_msgs/orbbec_camera_msgs/srv/get_int32.hpp
[2.360s] -- Up-to-date: /home/faith/Work/carto_ws/install/orbbec_camera_msgs/include/orbbec_camera_msgs/orbbec_camera_msgs/srv/set_int32.hpp
[2.360s] -- Up-to-date: /home/faith/Work/carto_ws/install/orbbec_camera_msgs/include/orbbec_camera_msgs/orbbec_camera_msgs/srv/get_camera_info.hpp
[2.360s] -- Up-to-date: /home/faith/Work/carto_ws/install/orbbec_camera_msgs/include/orbbec_camera_msgs/orbbec_camera_msgs/srv/get_string.hpp
[2.361s] -- Up-to-date: /home/faith/Work/carto_ws/install/orbbec_camera_msgs/include/orbbec_camera_msgs/orbbec_camera_msgs/msg
[2.361s] -- Up-to-date: /home/faith/Work/carto_ws/install/orbbec_camera_msgs/include/orbbec_camera_msgs/orbbec_camera_msgs/msg/device_info.hpp
[2.361s] -- Up-to-date: /home/faith/Work/carto_ws/install/orbbec_camera_msgs/include/orbbec_camera_msgs/orbbec_camera_msgs/msg/detail
[2.361s] -- Up-to-date: /home/faith/Work/carto_ws/install/orbbec_camera_msgs/include/orbbec_camera_msgs/orbbec_camera_msgs/msg/detail/extrinsics__traits.hpp
[2.361s] -- Up-to-date: /home/faith/Work/carto_ws/install/orbbec_camera_msgs/include/orbbec_camera_msgs/orbbec_camera_msgs/msg/detail/metadata__struct.hpp
[2.361s] -- Up-to-date: /home/faith/Work/carto_ws/install/orbbec_camera_msgs/include/orbbec_camera_msgs/orbbec_camera_msgs/msg/detail/device_info__builder.hpp
[2.361s] -- Up-to-date: /home/faith/Work/carto_ws/install/orbbec_camera_msgs/include/orbbec_camera_msgs/orbbec_camera_msgs/msg/detail/extrinsics__builder.hpp
[2.361s] -- Up-to-date: /home/faith/Work/carto_ws/install/orbbec_camera_msgs/include/orbbec_camera_msgs/orbbec_camera_msgs/msg/detail/extrinsics__struct.hpp
[2.361s] -- Up-to-date: /home/faith/Work/carto_ws/install/orbbec_camera_msgs/include/orbbec_camera_msgs/orbbec_camera_msgs/msg/detail/device_info__traits.hpp
[2.361s] -- Up-to-date: /home/faith/Work/carto_ws/install/orbbec_camera_msgs/include/orbbec_camera_msgs/orbbec_camera_msgs/msg/detail/metadata__traits.hpp
[2.361s] -- Up-to-date: /home/faith/Work/carto_ws/install/orbbec_camera_msgs/include/orbbec_camera_msgs/orbbec_camera_msgs/msg/detail/metadata__builder.hpp
[2.361s] -- Up-to-date: /home/faith/Work/carto_ws/install/orbbec_camera_msgs/include/orbbec_camera_msgs/orbbec_camera_msgs/msg/detail/device_info__struct.hpp
[2.361s] -- Up-to-date: /home/faith/Work/carto_ws/install/orbbec_camera_msgs/include/orbbec_camera_msgs/orbbec_camera_msgs/msg/extrinsics.hpp
[2.361s] -- Up-to-date: /home/faith/Work/carto_ws/install/orbbec_camera_msgs/include/orbbec_camera_msgs/orbbec_camera_msgs/msg/metadata.hpp
[2.362s] -- Up-to-date: /home/faith/Work/carto_ws/install/orbbec_camera_msgs/include/orbbec_camera_msgs/orbbec_camera_msgs
[2.362s] -- Up-to-date: /home/faith/Work/carto_ws/install/orbbec_camera_msgs/include/orbbec_camera_msgs/orbbec_camera_msgs/srv
[2.362s] -- Up-to-date: /home/faith/Work/carto_ws/install/orbbec_camera_msgs/include/orbbec_camera_msgs/orbbec_camera_msgs/srv/detail
[2.362s] -- Up-to-date: /home/faith/Work/carto_ws/install/orbbec_camera_msgs/include/orbbec_camera_msgs/orbbec_camera_msgs/srv/detail/dds_fastrtps
[2.362s] -- Up-to-date: /home/faith/Work/carto_ws/install/orbbec_camera_msgs/include/orbbec_camera_msgs/orbbec_camera_msgs/srv/detail/get_int32__rosidl_typesupport_fastrtps_cpp.hpp
[2.362s] -- Up-to-date: /home/faith/Work/carto_ws/install/orbbec_camera_msgs/include/orbbec_camera_msgs/orbbec_camera_msgs/srv/detail/get_camera_info__rosidl_typesupport_fastrtps_cpp.hpp
[2.362s] -- Up-to-date: /home/faith/Work/carto_ws/install/orbbec_camera_msgs/include/orbbec_camera_msgs/orbbec_camera_msgs/srv/detail/get_bool__rosidl_typesupport_fastrtps_cpp.hpp
[2.362s] -- Up-to-date: /home/faith/Work/carto_ws/install/orbbec_camera_msgs/include/orbbec_camera_msgs/orbbec_camera_msgs/srv/detail/set_string__rosidl_typesupport_fastrtps_cpp.hpp
[2.362s] -- Up-to-date: /home/faith/Work/carto_ws/install/orbbec_camera_msgs/include/orbbec_camera_msgs/orbbec_camera_msgs/srv/detail/get_string__rosidl_typesupport_fastrtps_cpp.hpp
[2.362s] -- Up-to-date: /home/faith/Work/carto_ws/install/orbbec_camera_msgs/include/orbbec_camera_msgs/orbbec_camera_msgs/srv/detail/set_int32__rosidl_typesupport_fastrtps_cpp.hpp
[2.362s] -- Up-to-date: /home/faith/Work/carto_ws/install/orbbec_camera_msgs/include/orbbec_camera_msgs/orbbec_camera_msgs/srv/detail/get_device_info__rosidl_typesupport_fastrtps_cpp.hpp
[2.362s] -- Up-to-date: /home/faith/Work/carto_ws/install/orbbec_camera_msgs/include/orbbec_camera_msgs/orbbec_camera_msgs/msg
[2.362s] -- Up-to-date: /home/faith/Work/carto_ws/install/orbbec_camera_msgs/include/orbbec_camera_msgs/orbbec_camera_msgs/msg/detail
[2.363s] -- Up-to-date: /home/faith/Work/carto_ws/install/orbbec_camera_msgs/include/orbbec_camera_msgs/orbbec_camera_msgs/msg/detail/dds_fastrtps
[2.363s] -- Up-to-date: /home/faith/Work/carto_ws/install/orbbec_camera_msgs/include/orbbec_camera_msgs/orbbec_camera_msgs/msg/detail/device_info__rosidl_typesupport_fastrtps_cpp.hpp
[2.363s] -- Up-to-date: /home/faith/Work/carto_ws/install/orbbec_camera_msgs/include/orbbec_camera_msgs/orbbec_camera_msgs/msg/detail/extrinsics__rosidl_typesupport_fastrtps_cpp.hpp
[2.379s] -- Up-to-date: /home/faith/Work/carto_ws/install/orbbec_camera_msgs/include/orbbec_camera_msgs/orbbec_camera_msgs/msg/detail/metadata__rosidl_typesupport_fastrtps_cpp.hpp
[2.379s] -- Up-to-date: /home/faith/Work/carto_ws/install/orbbec_camera_msgs/include/orbbec_camera_msgs/orbbec_camera_msgs/msg/rosidl_typesupport_fastrtps_cpp__visibility_control.h
[2.379s] -- Up-to-date: /home/faith/Work/carto_ws/install/orbbec_camera_msgs/lib/liborbbec_camera_msgs__rosidl_typesupport_fastrtps_cpp.so
[2.379s] -- Up-to-date: /home/faith/Work/carto_ws/install/orbbec_camera_msgs/include/orbbec_camera_msgs/orbbec_camera_msgs
[2.379s] -- Up-to-date: /home/faith/Work/carto_ws/install/orbbec_camera_msgs/include/orbbec_camera_msgs/orbbec_camera_msgs/srv
[2.379s] -- Up-to-date: /home/faith/Work/carto_ws/install/orbbec_camera_msgs/include/orbbec_camera_msgs/orbbec_camera_msgs/srv/detail
[2.379s] -- Up-to-date: /home/faith/Work/carto_ws/install/orbbec_camera_msgs/include/orbbec_camera_msgs/orbbec_camera_msgs/srv/detail/set_int32__type_support.cpp
[2.379s] -- Up-to-date: /home/faith/Work/carto_ws/install/orbbec_camera_msgs/include/orbbec_camera_msgs/orbbec_camera_msgs/srv/detail/set_int32__rosidl_typesupport_introspection_cpp.hpp
[2.379s] -- Up-to-date: /home/faith/Work/carto_ws/install/orbbec_camera_msgs/include/orbbec_camera_msgs/orbbec_camera_msgs/srv/detail/get_camera_info__type_support.cpp
[2.380s] -- Up-to-date: /home/faith/Work/carto_ws/install/orbbec_camera_msgs/include/orbbec_camera_msgs/orbbec_camera_msgs/srv/detail/get_string__rosidl_typesupport_introspection_cpp.hpp
[2.380s] -- Up-to-date: /home/faith/Work/carto_ws/install/orbbec_camera_msgs/include/orbbec_camera_msgs/orbbec_camera_msgs/srv/detail/get_device_info__rosidl_typesupport_introspection_cpp.hpp
[2.380s] -- Up-to-date: /home/faith/Work/carto_ws/install/orbbec_camera_msgs/include/orbbec_camera_msgs/orbbec_camera_msgs/srv/detail/get_int32__type_support.cpp
[2.380s] -- Up-to-date: /home/faith/Work/carto_ws/install/orbbec_camera_msgs/include/orbbec_camera_msgs/orbbec_camera_msgs/srv/detail/get_string__type_support.cpp
[2.380s] -- Up-to-date: /home/faith/Work/carto_ws/install/orbbec_camera_msgs/include/orbbec_camera_msgs/orbbec_camera_msgs/srv/detail/get_camera_info__rosidl_typesupport_introspection_cpp.hpp
[2.380s] -- Up-to-date: /home/faith/Work/carto_ws/install/orbbec_camera_msgs/include/orbbec_camera_msgs/orbbec_camera_msgs/srv/detail/get_bool__type_support.cpp
[2.380s] -- Up-to-date: /home/faith/Work/carto_ws/install/orbbec_camera_msgs/include/orbbec_camera_msgs/orbbec_camera_msgs/srv/detail/get_bool__rosidl_typesupport_introspection_cpp.hpp
[2.380s] -- Up-to-date: /home/faith/Work/carto_ws/install/orbbec_camera_msgs/include/orbbec_camera_msgs/orbbec_camera_msgs/srv/detail/get_int32__rosidl_typesupport_introspection_cpp.hpp
[2.380s] -- Up-to-date: /home/faith/Work/carto_ws/install/orbbec_camera_msgs/include/orbbec_camera_msgs/orbbec_camera_msgs/srv/detail/get_device_info__type_support.cpp
[2.380s] -- Up-to-date: /home/faith/Work/carto_ws/install/orbbec_camera_msgs/include/orbbec_camera_msgs/orbbec_camera_msgs/srv/detail/set_string__type_support.cpp
[2.380s] -- Up-to-date: /home/faith/Work/carto_ws/install/orbbec_camera_msgs/include/orbbec_camera_msgs/orbbec_camera_msgs/srv/detail/set_string__rosidl_typesupport_introspection_cpp.hpp
[2.380s] -- Up-to-date: /home/faith/Work/carto_ws/install/orbbec_camera_msgs/include/orbbec_camera_msgs/orbbec_camera_msgs/msg
[2.381s] -- Up-to-date: /home/faith/Work/carto_ws/install/orbbec_camera_msgs/include/orbbec_camera_msgs/orbbec_camera_msgs/msg/detail
[2.381s] -- Up-to-date: /home/faith/Work/carto_ws/install/orbbec_camera_msgs/include/orbbec_camera_msgs/orbbec_camera_msgs/msg/detail/metadata__rosidl_typesupport_introspection_cpp.hpp
[2.381s] -- Up-to-date: /home/faith/Work/carto_ws/install/orbbec_camera_msgs/include/orbbec_camera_msgs/orbbec_camera_msgs/msg/detail/device_info__type_support.cpp
[2.381s] -- Up-to-date: /home/faith/Work/carto_ws/install/orbbec_camera_msgs/include/orbbec_camera_msgs/orbbec_camera_msgs/msg/detail/device_info__rosidl_typesupport_introspection_cpp.hpp
[2.381s] -- Up-to-date: /home/faith/Work/carto_ws/install/orbbec_camera_msgs/include/orbbec_camera_msgs/orbbec_camera_msgs/msg/detail/extrinsics__rosidl_typesupport_introspection_cpp.hpp
[2.381s] -- Up-to-date: /home/faith/Work/carto_ws/install/orbbec_camera_msgs/include/orbbec_camera_msgs/orbbec_camera_msgs/msg/detail/extrinsics__type_support.cpp
[2.381s] -- Up-to-date: /home/faith/Work/carto_ws/install/orbbec_camera_msgs/include/orbbec_camera_msgs/orbbec_camera_msgs/msg/detail/metadata__type_support.cpp
[2.381s] -- Up-to-date: /home/faith/Work/carto_ws/install/orbbec_camera_msgs/lib/liborbbec_camera_msgs__rosidl_typesupport_introspection_cpp.so
[2.381s] -- Up-to-date: /home/faith/Work/carto_ws/install/orbbec_camera_msgs/lib/liborbbec_camera_msgs__rosidl_typesupport_cpp.so
[2.382s] -- Up-to-date: /home/faith/Work/carto_ws/install/orbbec_camera_msgs/share/orbbec_camera_msgs/environment/pythonpath.sh
[2.382s] -- Up-to-date: /home/faith/Work/carto_ws/install/orbbec_camera_msgs/share/orbbec_camera_msgs/environment/pythonpath.dsv
[2.382s] -- Up-to-date: /home/faith/Work/carto_ws/install/orbbec_camera_msgs/local/lib/python3.10/dist-packages/orbbec_camera_msgs-1.2.2-py3.10.egg-info
[2.382s] -- Installing: /home/faith/Work/carto_ws/install/orbbec_camera_msgs/local/lib/python3.10/dist-packages/orbbec_camera_msgs-1.2.2-py3.10.egg-info/SOURCES.txt
[2.382s] -- Installing: /home/faith/Work/carto_ws/install/orbbec_camera_msgs/local/lib/python3.10/dist-packages/orbbec_camera_msgs-1.2.2-py3.10.egg-info/PKG-INFO
[2.382s] -- Installing: /home/faith/Work/carto_ws/install/orbbec_camera_msgs/local/lib/python3.10/dist-packages/orbbec_camera_msgs-1.2.2-py3.10.egg-info/top_level.txt
[2.382s] -- Installing: /home/faith/Work/carto_ws/install/orbbec_camera_msgs/local/lib/python3.10/dist-packages/orbbec_camera_msgs-1.2.2-py3.10.egg-info/dependency_links.txt
[2.382s] -- Up-to-date: /home/faith/Work/carto_ws/install/orbbec_camera_msgs/local/lib/python3.10/dist-packages/orbbec_camera_msgs
[2.382s] -- Up-to-date: /home/faith/Work/carto_ws/install/orbbec_camera_msgs/local/lib/python3.10/dist-packages/orbbec_camera_msgs/liborbbec_camera_msgs__rosidl_generator_py.so
[2.382s] -- Up-to-date: /home/faith/Work/carto_ws/install/orbbec_camera_msgs/local/lib/python3.10/dist-packages/orbbec_camera_msgs/_orbbec_camera_msgs_s.ep.rosidl_typesupport_introspection_c.c
[2.382s] -- Up-to-date: /home/faith/Work/carto_ws/install/orbbec_camera_msgs/local/lib/python3.10/dist-packages/orbbec_camera_msgs/srv
[2.382s] -- Up-to-date: /home/faith/Work/carto_ws/install/orbbec_camera_msgs/local/lib/python3.10/dist-packages/orbbec_camera_msgs/srv/_get_camera_info_s.c
[2.382s] -- Up-to-date: /home/faith/Work/carto_ws/install/orbbec_camera_msgs/local/lib/python3.10/dist-packages/orbbec_camera_msgs/srv/_set_string.py
[2.383s] -- Up-to-date: /home/faith/Work/carto_ws/install/orbbec_camera_msgs/local/lib/python3.10/dist-packages/orbbec_camera_msgs/srv/_get_string_s.c
[2.383s] -- Up-to-date: /home/faith/Work/carto_ws/install/orbbec_camera_msgs/local/lib/python3.10/dist-packages/orbbec_camera_msgs/srv/_get_camera_info.py
[2.383s] -- Up-to-date: /home/faith/Work/carto_ws/install/orbbec_camera_msgs/local/lib/python3.10/dist-packages/orbbec_camera_msgs/srv/_set_int32.py
[2.383s] -- Up-to-date: /home/faith/Work/carto_ws/install/orbbec_camera_msgs/local/lib/python3.10/dist-packages/orbbec_camera_msgs/srv/_get_device_info.py
[2.383s] -- Up-to-date: /home/faith/Work/carto_ws/install/orbbec_camera_msgs/local/lib/python3.10/dist-packages/orbbec_camera_msgs/srv/_get_device_info_s.c
[2.383s] -- Up-to-date: /home/faith/Work/carto_ws/install/orbbec_camera_msgs/local/lib/python3.10/dist-packages/orbbec_camera_msgs/srv/_get_bool_s.c
[2.383s] -- Up-to-date: /home/faith/Work/carto_ws/install/orbbec_camera_msgs/local/lib/python3.10/dist-packages/orbbec_camera_msgs/srv/_get_int32_s.c
[2.383s] -- Up-to-date: /home/faith/Work/carto_ws/install/orbbec_camera_msgs/local/lib/python3.10/dist-packages/orbbec_camera_msgs/srv/_get_string.py
[2.383s] -- Up-to-date: /home/faith/Work/carto_ws/install/orbbec_camera_msgs/local/lib/python3.10/dist-packages/orbbec_camera_msgs/srv/__init__.py
[2.383s] -- Up-to-date: /home/faith/Work/carto_ws/install/orbbec_camera_msgs/local/lib/python3.10/dist-packages/orbbec_camera_msgs/srv/_set_string_s.c
[2.383s] -- Up-to-date: /home/faith/Work/carto_ws/install/orbbec_camera_msgs/local/lib/python3.10/dist-packages/orbbec_camera_msgs/srv/_set_int32_s.c
[2.384s] -- Up-to-date: /home/faith/Work/carto_ws/install/orbbec_camera_msgs/local/lib/python3.10/dist-packages/orbbec_camera_msgs/srv/_get_int32.py
[2.384s] -- Up-to-date: /home/faith/Work/carto_ws/install/orbbec_camera_msgs/local/lib/python3.10/dist-packages/orbbec_camera_msgs/srv/_get_bool.py
[2.384s] -- Up-to-date: /home/faith/Work/carto_ws/install/orbbec_camera_msgs/local/lib/python3.10/dist-packages/orbbec_camera_msgs/orbbec_camera_msgs_s__rosidl_typesupport_fastrtps_c.cpython-310-aarch64-linux-gnu.so
[2.384s] -- Up-to-date: /home/faith/Work/carto_ws/install/orbbec_camera_msgs/local/lib/python3.10/dist-packages/orbbec_camera_msgs/orbbec_camera_msgs_s__rosidl_typesupport_introspection_c.cpython-310-aarch64-linux-gnu.so
[2.384s] -- Up-to-date: /home/faith/Work/carto_ws/install/orbbec_camera_msgs/local/lib/python3.10/dist-packages/orbbec_camera_msgs/msg
[2.384s] -- Up-to-date: /home/faith/Work/carto_ws/install/orbbec_camera_msgs/local/lib/python3.10/dist-packages/orbbec_camera_msgs/msg/_extrinsics.py
[2.384s] -- Up-to-date: /home/faith/Work/carto_ws/install/orbbec_camera_msgs/local/lib/python3.10/dist-packages/orbbec_camera_msgs/msg/_metadata_s.c
[2.384s] -- Up-to-date: /home/faith/Work/carto_ws/install/orbbec_camera_msgs/local/lib/python3.10/dist-packages/orbbec_camera_msgs/msg/_metadata.py
[2.384s] -- Up-to-date: /home/faith/Work/carto_ws/install/orbbec_camera_msgs/local/lib/python3.10/dist-packages/orbbec_camera_msgs/msg/_device_info_s.c
[2.384s] -- Up-to-date: /home/faith/Work/carto_ws/install/orbbec_camera_msgs/local/lib/python3.10/dist-packages/orbbec_camera_msgs/msg/__init__.py
[2.384s] -- Up-to-date: /home/faith/Work/carto_ws/install/orbbec_camera_msgs/local/lib/python3.10/dist-packages/orbbec_camera_msgs/msg/_device_info.py
[2.384s] -- Up-to-date: /home/faith/Work/carto_ws/install/orbbec_camera_msgs/local/lib/python3.10/dist-packages/orbbec_camera_msgs/msg/_extrinsics_s.c
[2.384s] -- Up-to-date: /home/faith/Work/carto_ws/install/orbbec_camera_msgs/local/lib/python3.10/dist-packages/orbbec_camera_msgs/__init__.py
[2.384s] -- Up-to-date: /home/faith/Work/carto_ws/install/orbbec_camera_msgs/local/lib/python3.10/dist-packages/orbbec_camera_msgs/_orbbec_camera_msgs_s.ep.rosidl_typesupport_c.c
[2.385s] -- Up-to-date: /home/faith/Work/carto_ws/install/orbbec_camera_msgs/local/lib/python3.10/dist-packages/orbbec_camera_msgs/_orbbec_camera_msgs_s.ep.rosidl_typesupport_fastrtps_c.c
[2.385s] -- Up-to-date: /home/faith/Work/carto_ws/install/orbbec_camera_msgs/local/lib/python3.10/dist-packages/orbbec_camera_msgs/orbbec_camera_msgs_s__rosidl_typesupport_c.cpython-310-aarch64-linux-gnu.so
[2.466s] Listing '/home/faith/Work/carto_ws/install/orbbec_camera_msgs/local/lib/python3.10/dist-packages/orbbec_camera_msgs'...
[2.466s] Listing '/home/faith/Work/carto_ws/install/orbbec_camera_msgs/local/lib/python3.10/dist-packages/orbbec_camera_msgs/msg'...
[2.467s] Listing '/home/faith/Work/carto_ws/install/orbbec_camera_msgs/local/lib/python3.10/dist-packages/orbbec_camera_msgs/srv'...
[2.476s] -- Up-to-date: /home/faith/Work/carto_ws/install/orbbec_camera_msgs/local/lib/python3.10/dist-packages/orbbec_camera_msgs/orbbec_camera_msgs_s__rosidl_typesupport_fastrtps_c.cpython-310-aarch64-linux-gnu.so
[2.477s] -- Up-to-date: /home/faith/Work/carto_ws/install/orbbec_camera_msgs/local/lib/python3.10/dist-packages/orbbec_camera_msgs/orbbec_camera_msgs_s__rosidl_typesupport_introspection_c.cpython-310-aarch64-linux-gnu.so
[2.477s] -- Up-to-date: /home/faith/Work/carto_ws/install/orbbec_camera_msgs/local/lib/python3.10/dist-packages/orbbec_camera_msgs/orbbec_camera_msgs_s__rosidl_typesupport_c.cpython-310-aarch64-linux-gnu.so
[2.477s] -- Up-to-date: /home/faith/Work/carto_ws/install/orbbec_camera_msgs/lib/liborbbec_camera_msgs__rosidl_generator_py.so
[2.478s] -- Up-to-date: /home/faith/Work/carto_ws/install/orbbec_camera_msgs/share/orbbec_camera_msgs/msg/DeviceInfo.idl
[2.478s] -- Up-to-date: /home/faith/Work/carto_ws/install/orbbec_camera_msgs/share/orbbec_camera_msgs/msg/Extrinsics.idl
[2.478s] -- Up-to-date: /home/faith/Work/carto_ws/install/orbbec_camera_msgs/share/orbbec_camera_msgs/msg/Metadata.idl
[2.479s] -- Up-to-date: /home/faith/Work/carto_ws/install/orbbec_camera_msgs/share/orbbec_camera_msgs/srv/GetBool.idl
[2.479s] -- Up-to-date: /home/faith/Work/carto_ws/install/orbbec_camera_msgs/share/orbbec_camera_msgs/srv/GetDeviceInfo.idl
[2.479s] -- Up-to-date: /home/faith/Work/carto_ws/install/orbbec_camera_msgs/share/orbbec_camera_msgs/srv/GetCameraInfo.idl
[2.479s] -- Up-to-date: /home/faith/Work/carto_ws/install/orbbec_camera_msgs/share/orbbec_camera_msgs/srv/GetInt32.idl
[2.479s] -- Up-to-date: /home/faith/Work/carto_ws/install/orbbec_camera_msgs/share/orbbec_camera_msgs/srv/GetString.idl
[2.480s] -- Up-to-date: /home/faith/Work/carto_ws/install/orbbec_camera_msgs/share/orbbec_camera_msgs/srv/SetInt32.idl
[2.480s] -- Up-to-date: /home/faith/Work/carto_ws/install/orbbec_camera_msgs/share/orbbec_camera_msgs/srv/SetString.idl
[2.480s] -- Up-to-date: /home/faith/Work/carto_ws/install/orbbec_camera_msgs/share/orbbec_camera_msgs/msg/DeviceInfo.msg
[2.480s] -- Up-to-date: /home/faith/Work/carto_ws/install/orbbec_camera_msgs/share/orbbec_camera_msgs/msg/Extrinsics.msg
[2.480s] -- Up-to-date: /home/faith/Work/carto_ws/install/orbbec_camera_msgs/share/orbbec_camera_msgs/msg/Metadata.msg
[2.480s] -- Up-to-date: /home/faith/Work/carto_ws/install/orbbec_camera_msgs/share/orbbec_camera_msgs/srv/GetBool.srv
[2.480s] -- Up-to-date: /home/faith/Work/carto_ws/install/orbbec_camera_msgs/share/orbbec_camera_msgs/srv/GetBool_Request.msg
[2.480s] -- Up-to-date: /home/faith/Work/carto_ws/install/orbbec_camera_msgs/share/orbbec_camera_msgs/srv/GetBool_Response.msg
[2.480s] -- Up-to-date: /home/faith/Work/carto_ws/install/orbbec_camera_msgs/share/orbbec_camera_msgs/srv/GetDeviceInfo.srv
[2.480s] -- Up-to-date: /home/faith/Work/carto_ws/install/orbbec_camera_msgs/share/orbbec_camera_msgs/srv/GetDeviceInfo_Request.msg
[2.481s] -- Up-to-date: /home/faith/Work/carto_ws/install/orbbec_camera_msgs/share/orbbec_camera_msgs/srv/GetDeviceInfo_Response.msg
[2.481s] -- Up-to-date: /home/faith/Work/carto_ws/install/orbbec_camera_msgs/share/orbbec_camera_msgs/srv/GetCameraInfo.srv
[2.481s] -- Up-to-date: /home/faith/Work/carto_ws/install/orbbec_camera_msgs/share/orbbec_camera_msgs/srv/GetCameraInfo_Request.msg
[2.481s] -- Up-to-date: /home/faith/Work/carto_ws/install/orbbec_camera_msgs/share/orbbec_camera_msgs/srv/GetCameraInfo_Response.msg
[2.481s] -- Up-to-date: /home/faith/Work/carto_ws/install/orbbec_camera_msgs/share/orbbec_camera_msgs/srv/GetInt32.srv
[2.481s] -- Up-to-date: /home/faith/Work/carto_ws/install/orbbec_camera_msgs/share/orbbec_camera_msgs/srv/GetInt32_Request.msg
[2.481s] -- Up-to-date: /home/faith/Work/carto_ws/install/orbbec_camera_msgs/share/orbbec_camera_msgs/srv/GetInt32_Response.msg
[2.481s] -- Up-to-date: /home/faith/Work/carto_ws/install/orbbec_camera_msgs/share/orbbec_camera_msgs/srv/GetString.srv
[2.481s] -- Up-to-date: /home/faith/Work/carto_ws/install/orbbec_camera_msgs/share/orbbec_camera_msgs/srv/GetString_Request.msg
[2.481s] -- Up-to-date: /home/faith/Work/carto_ws/install/orbbec_camera_msgs/share/orbbec_camera_msgs/srv/GetString_Response.msg
[2.482s] -- Up-to-date: /home/faith/Work/carto_ws/install/orbbec_camera_msgs/share/orbbec_camera_msgs/srv/SetInt32.srv
[2.482s] -- Up-to-date: /home/faith/Work/carto_ws/install/orbbec_camera_msgs/share/orbbec_camera_msgs/srv/SetInt32_Request.msg
[2.482s] -- Up-to-date: /home/faith/Work/carto_ws/install/orbbec_camera_msgs/share/orbbec_camera_msgs/srv/SetInt32_Response.msg
[2.482s] -- Up-to-date: /home/faith/Work/carto_ws/install/orbbec_camera_msgs/share/orbbec_camera_msgs/srv/SetString.srv
[2.482s] -- Up-to-date: /home/faith/Work/carto_ws/install/orbbec_camera_msgs/share/orbbec_camera_msgs/srv/SetString_Request.msg
[2.482s] -- Up-to-date: /home/faith/Work/carto_ws/install/orbbec_camera_msgs/share/orbbec_camera_msgs/srv/SetString_Response.msg
[2.483s] -- Up-to-date: /home/faith/Work/carto_ws/install/orbbec_camera_msgs/share/ament_index/resource_index/package_run_dependencies/orbbec_camera_msgs
[2.483s] -- Up-to-date: /home/faith/Work/carto_ws/install/orbbec_camera_msgs/share/ament_index/resource_index/parent_prefix_path/orbbec_camera_msgs
[2.483s] -- Up-to-date: /home/faith/Work/carto_ws/install/orbbec_camera_msgs/share/orbbec_camera_msgs/environment/ament_prefix_path.sh
[2.483s] -- Up-to-date: /home/faith/Work/carto_ws/install/orbbec_camera_msgs/share/orbbec_camera_msgs/environment/ament_prefix_path.dsv
[2.483s] -- Up-to-date: /home/faith/Work/carto_ws/install/orbbec_camera_msgs/share/orbbec_camera_msgs/environment/path.sh
[2.483s] -- Up-to-date: /home/faith/Work/carto_ws/install/orbbec_camera_msgs/share/orbbec_camera_msgs/environment/path.dsv
[2.483s] -- Up-to-date: /home/faith/Work/carto_ws/install/orbbec_camera_msgs/share/orbbec_camera_msgs/local_setup.bash
[2.483s] -- Up-to-date: /home/faith/Work/carto_ws/install/orbbec_camera_msgs/share/orbbec_camera_msgs/local_setup.sh
[2.483s] -- Up-to-date: /home/faith/Work/carto_ws/install/orbbec_camera_msgs/share/orbbec_camera_msgs/local_setup.zsh
[2.483s] -- Up-to-date: /home/faith/Work/carto_ws/install/orbbec_camera_msgs/share/orbbec_camera_msgs/local_setup.dsv
[2.483s] -- Installing: /home/faith/Work/carto_ws/install/orbbec_camera_msgs/share/orbbec_camera_msgs/package.dsv
[2.483s] -- Up-to-date: /home/faith/Work/carto_ws/install/orbbec_camera_msgs/share/ament_index/resource_index/packages/orbbec_camera_msgs
[2.484s] -- Up-to-date: /home/faith/Work/carto_ws/install/orbbec_camera_msgs/share/orbbec_camera_msgs/cmake/export_orbbec_camera_msgs__rosidl_generator_cExport.cmake
[2.484s] -- Up-to-date: /home/faith/Work/carto_ws/install/orbbec_camera_msgs/share/orbbec_camera_msgs/cmake/export_orbbec_camera_msgs__rosidl_generator_cExport-release.cmake
[2.484s] -- Up-to-date: /home/faith/Work/carto_ws/install/orbbec_camera_msgs/share/orbbec_camera_msgs/cmake/export_orbbec_camera_msgs__rosidl_typesupport_fastrtps_cExport.cmake
[2.484s] -- Up-to-date: /home/faith/Work/carto_ws/install/orbbec_camera_msgs/share/orbbec_camera_msgs/cmake/export_orbbec_camera_msgs__rosidl_typesupport_fastrtps_cExport-release.cmake
[2.484s] -- Up-to-date: /home/faith/Work/carto_ws/install/orbbec_camera_msgs/share/orbbec_camera_msgs/cmake/orbbec_camera_msgs__rosidl_typesupport_introspection_cExport.cmake
[2.484s] -- Up-to-date: /home/faith/Work/carto_ws/install/orbbec_camera_msgs/share/orbbec_camera_msgs/cmake/orbbec_camera_msgs__rosidl_typesupport_introspection_cExport-release.cmake
[2.484s] -- Up-to-date: /home/faith/Work/carto_ws/install/orbbec_camera_msgs/share/orbbec_camera_msgs/cmake/orbbec_camera_msgs__rosidl_typesupport_cExport.cmake
[2.484s] -- Up-to-date: /home/faith/Work/carto_ws/install/orbbec_camera_msgs/share/orbbec_camera_msgs/cmake/orbbec_camera_msgs__rosidl_typesupport_cExport-release.cmake
[2.484s] -- Up-to-date: /home/faith/Work/carto_ws/install/orbbec_camera_msgs/share/orbbec_camera_msgs/cmake/export_orbbec_camera_msgs__rosidl_generator_cppExport.cmake
[2.484s] -- Up-to-date: /home/faith/Work/carto_ws/install/orbbec_camera_msgs/share/orbbec_camera_msgs/cmake/export_orbbec_camera_msgs__rosidl_typesupport_fastrtps_cppExport.cmake
[2.484s] -- Up-to-date: /home/faith/Work/carto_ws/install/orbbec_camera_msgs/share/orbbec_camera_msgs/cmake/export_orbbec_camera_msgs__rosidl_typesupport_fastrtps_cppExport-release.cmake
[2.484s] -- Up-to-date: /home/faith/Work/carto_ws/install/orbbec_camera_msgs/share/orbbec_camera_msgs/cmake/orbbec_camera_msgs__rosidl_typesupport_introspection_cppExport.cmake
[2.484s] -- Up-to-date: /home/faith/Work/carto_ws/install/orbbec_camera_msgs/share/orbbec_camera_msgs/cmake/orbbec_camera_msgs__rosidl_typesupport_introspection_cppExport-release.cmake
[2.485s] -- Up-to-date: /home/faith/Work/carto_ws/install/orbbec_camera_msgs/share/orbbec_camera_msgs/cmake/orbbec_camera_msgs__rosidl_typesupport_cppExport.cmake
[2.485s] -- Up-to-date: /home/faith/Work/carto_ws/install/orbbec_camera_msgs/share/orbbec_camera_msgs/cmake/orbbec_camera_msgs__rosidl_typesupport_cppExport-release.cmake
[2.485s] -- Up-to-date: /home/faith/Work/carto_ws/install/orbbec_camera_msgs/share/orbbec_camera_msgs/cmake/export_orbbec_camera_msgs__rosidl_generator_pyExport.cmake
[2.485s] -- Up-to-date: /home/faith/Work/carto_ws/install/orbbec_camera_msgs/share/orbbec_camera_msgs/cmake/export_orbbec_camera_msgs__rosidl_generator_pyExport-release.cmake
[2.485s] -- Up-to-date: /home/faith/Work/carto_ws/install/orbbec_camera_msgs/share/orbbec_camera_msgs/cmake/rosidl_cmake-extras.cmake
[2.485s] -- Up-to-date: /home/faith/Work/carto_ws/install/orbbec_camera_msgs/share/orbbec_camera_msgs/cmake/ament_cmake_export_dependencies-extras.cmake
[2.485s] -- Up-to-date: /home/faith/Work/carto_ws/install/orbbec_camera_msgs/share/orbbec_camera_msgs/cmake/ament_cmake_export_include_directories-extras.cmake
[2.485s] -- Up-to-date: /home/faith/Work/carto_ws/install/orbbec_camera_msgs/share/orbbec_camera_msgs/cmake/ament_cmake_export_libraries-extras.cmake
[2.485s] -- Up-to-date: /home/faith/Work/carto_ws/install/orbbec_camera_msgs/share/orbbec_camera_msgs/cmake/ament_cmake_export_targets-extras.cmake
[2.485s] -- Up-to-date: /home/faith/Work/carto_ws/install/orbbec_camera_msgs/share/orbbec_camera_msgs/cmake/rosidl_cmake_export_typesupport_targets-extras.cmake
[2.485s] -- Up-to-date: /home/faith/Work/carto_ws/install/orbbec_camera_msgs/share/orbbec_camera_msgs/cmake/rosidl_cmake_export_typesupport_libraries-extras.cmake
[2.485s] -- Up-to-date: /home/faith/Work/carto_ws/install/orbbec_camera_msgs/share/orbbec_camera_msgs/cmake/orbbec_camera_msgsConfig.cmake
[2.486s] -- Up-to-date: /home/faith/Work/carto_ws/install/orbbec_camera_msgs/share/orbbec_camera_msgs/cmake/orbbec_camera_msgsConfig-version.cmake
[2.487s] -- Up-to-date: /home/faith/Work/carto_ws/install/orbbec_camera_msgs/share/orbbec_camera_msgs/package.xml
[2.491s] Invoked command in '/home/faith/Work/carto_ws/build/orbbec_camera_msgs' returned '0': CMAKE_PREFIX_PATH=${CMAKE_PREFIX_PATH}:/home/faith/Work/carto_ws/install/fishbot_description:/opt/ros/humble /usr/bin/cmake --install /home/faith/Work/carto_ws/build/orbbec_camera_msgs
