[0.041s] Invoking command in '/home/faith/Work/carto_ws/build/astra_camera': CMAKE_PREFIX_PATH=/home/faith/Work/carto_ws/install/astra_camera_msgs:/home/faith/Work/carto_ws/install/astra_camera:/home/faith/Work/carto_ws/install/sllidar_ros2:/home/faith/Work/carto_ws/install/orbbec_description:/home/faith/Work/carto_ws/install/orbbec_camera:/home/faith/Work/carto_ws/install/orbbec_camera_msgs:/home/faith/Work/carto_ws/install/faithbot_cartographer:/home/faith/Work/carto_ws/install/cartographer_rviz:/home/faith/Work/carto_ws/install/cartographer_ros:/home/faith/Work/carto_ws/install/cartographer_ros_msgs:/home/faith/Work/carto_ws/install/cartographer:/home/faith/Work/carto_ws/install/fishbot_description:/opt/ros/humble LD_LIBRARY_PATH=/home/faith/Work/carto_ws/install/astra_camera_msgs/lib:/home/faith/Work/carto_ws/install/astra_camera/lib:/home/faith/Work/carto_ws/install/orbbec_camera/lib:/home/faith/Work/carto_ws/install/orbbec_camera_msgs/lib:/home/faith/Work/carto_ws/install/cartographer_rviz/lib:/home/faith/Work/carto_ws/install/cartographer_ros/lib:/home/faith/Work/carto_ws/install/cartographer_ros_msgs/lib:/opt/ros/humble/opt/rviz_ogre_vendor/lib:/opt/ros/humble/lib/aarch64-linux-gnu:/opt/ros/humble/lib /usr/bin/cmake --build /home/faith/Work/carto_ws/build/astra_camera -- -j8 -l8
[0.321s] [ 87%] Built target astra_camera
[0.431s] [100%] Built target list_devices_node
[0.491s] Invoked command in '/home/faith/Work/carto_ws/build/astra_camera' returned '0': CMAKE_PREFIX_PATH=/home/faith/Work/carto_ws/install/astra_camera_msgs:/home/faith/Work/carto_ws/install/astra_camera:/home/faith/Work/carto_ws/install/sllidar_ros2:/home/faith/Work/carto_ws/install/orbbec_description:/home/faith/Work/carto_ws/install/orbbec_camera:/home/faith/Work/carto_ws/install/orbbec_camera_msgs:/home/faith/Work/carto_ws/install/faithbot_cartographer:/home/faith/Work/carto_ws/install/cartographer_rviz:/home/faith/Work/carto_ws/install/cartographer_ros:/home/faith/Work/carto_ws/install/cartographer_ros_msgs:/home/faith/Work/carto_ws/install/cartographer:/home/faith/Work/carto_ws/install/fishbot_description:/opt/ros/humble LD_LIBRARY_PATH=/home/faith/Work/carto_ws/install/astra_camera_msgs/lib:/home/faith/Work/carto_ws/install/astra_camera/lib:/home/faith/Work/carto_ws/install/orbbec_camera/lib:/home/faith/Work/carto_ws/install/orbbec_camera_msgs/lib:/home/faith/Work/carto_ws/install/cartographer_rviz/lib:/home/faith/Work/carto_ws/install/cartographer_ros/lib:/home/faith/Work/carto_ws/install/cartographer_ros_msgs/lib:/opt/ros/humble/opt/rviz_ogre_vendor/lib:/opt/ros/humble/lib/aarch64-linux-gnu:/opt/ros/humble/lib /usr/bin/cmake --build /home/faith/Work/carto_ws/build/astra_camera -- -j8 -l8
[0.691s] Invoking command in '/home/faith/Work/carto_ws/build/astra_camera': CMAKE_PREFIX_PATH=/home/faith/Work/carto_ws/install/astra_camera_msgs:/home/faith/Work/carto_ws/install/astra_camera:/home/faith/Work/carto_ws/install/sllidar_ros2:/home/faith/Work/carto_ws/install/orbbec_description:/home/faith/Work/carto_ws/install/orbbec_camera:/home/faith/Work/carto_ws/install/orbbec_camera_msgs:/home/faith/Work/carto_ws/install/faithbot_cartographer:/home/faith/Work/carto_ws/install/cartographer_rviz:/home/faith/Work/carto_ws/install/cartographer_ros:/home/faith/Work/carto_ws/install/cartographer_ros_msgs:/home/faith/Work/carto_ws/install/cartographer:/home/faith/Work/carto_ws/install/fishbot_description:/opt/ros/humble LD_LIBRARY_PATH=/home/faith/Work/carto_ws/install/astra_camera_msgs/lib:/home/faith/Work/carto_ws/install/astra_camera/lib:/home/faith/Work/carto_ws/install/orbbec_camera/lib:/home/faith/Work/carto_ws/install/orbbec_camera_msgs/lib:/home/faith/Work/carto_ws/install/cartographer_rviz/lib:/home/faith/Work/carto_ws/install/cartographer_ros/lib:/home/faith/Work/carto_ws/install/cartographer_ros_msgs/lib:/opt/ros/humble/opt/rviz_ogre_vendor/lib:/opt/ros/humble/lib/aarch64-linux-gnu:/opt/ros/humble/lib /usr/bin/cmake --install /home/faith/Work/carto_ws/build/astra_camera
[0.719s] -- Install configuration: "Debug"
[0.722s] -- Up-to-date: /home/faith/Work/carto_ws/install/astra_camera/lib/libastra_camera.so
[0.723s] -- Up-to-date: /home/faith/Work/carto_ws/install/astra_camera/lib/libOpenNI2.so
[0.724s] -- Up-to-date: /home/faith/Work/carto_ws/install/astra_camera/lib//OpenNI2
[0.725s] -- Up-to-date: /home/faith/Work/carto_ws/install/astra_camera/lib//OpenNI2/Drivers
[0.726s] -- Up-to-date: /home/faith/Work/carto_ws/install/astra_camera/lib//OpenNI2/Drivers/OniFile.ini
[0.726s] -- Up-to-date: /home/faith/Work/carto_ws/install/astra_camera/lib//OpenNI2/Drivers/liborbbec.so
[0.727s] -- Up-to-date: /home/faith/Work/carto_ws/install/astra_camera/lib//OpenNI2/Drivers/libOniFile.so
[0.728s] -- Up-to-date: /home/faith/Work/carto_ws/install/astra_camera/lib//OpenNI2/Drivers/orbbec.ini
[0.728s] -- Up-to-date: /home/faith/Work/carto_ws/install/astra_camera/lib/astra_camera/list_devices_node
[0.729s] -- Up-to-date: /home/faith/Work/carto_ws/install/astra_camera/include
[0.731s] -- Up-to-date: /home/faith/Work/carto_ws/install/astra_camera/include/astra_camera
[0.733s] -- Up-to-date: /home/faith/Work/carto_ws/install/astra_camera/include/astra_camera/utils.h
[0.737s] -- Up-to-date: /home/faith/Work/carto_ws/install/astra_camera/include/astra_camera/device_listener.h
[0.740s] -- Up-to-date: /home/faith/Work/carto_ws/install/astra_camera/include/astra_camera/ros_param_backend.h
[0.744s] -- Up-to-date: /home/faith/Work/carto_ws/install/astra_camera/include/astra_camera/types.h
[0.745s] -- Up-to-date: /home/faith/Work/carto_ws/install/astra_camera/include/astra_camera/ob_timer_filter.h
[0.746s] -- Up-to-date: /home/faith/Work/carto_ws/install/astra_camera/include/astra_camera/dynamic_params.h
[0.749s] -- Up-to-date: /home/faith/Work/carto_ws/install/astra_camera/include/astra_camera/uvc_camera_driver.h
[0.751s] -- Up-to-date: /home/faith/Work/carto_ws/install/astra_camera/include/astra_camera/point_cloud_proc
[0.752s] -- Up-to-date: /home/faith/Work/carto_ws/install/astra_camera/include/astra_camera/point_cloud_proc/point_cloud_xyz.h
[0.753s] -- Up-to-date: /home/faith/Work/carto_ws/install/astra_camera/include/astra_camera/point_cloud_proc/point_cloud_xyzrgb.h
[0.755s] -- Up-to-date: /home/faith/Work/carto_ws/install/astra_camera/include/astra_camera/point_cloud_proc/depth_traits.h
[0.755s] -- Up-to-date: /home/faith/Work/carto_ws/install/astra_camera/include/astra_camera/constants.h
[0.756s] -- Up-to-date: /home/faith/Work/carto_ws/install/astra_camera/include/astra_camera/ob_camera_node_factory.h
[0.757s] -- Up-to-date: /home/faith/Work/carto_ws/install/astra_camera/include/astra_camera/ob_frame_listener.h
[0.758s] -- Up-to-date: /home/faith/Work/carto_ws/install/astra_camera/include/astra_camera/ob_camera_node.h
[0.759s] -- Up-to-date: /home/faith/Work/carto_ws/install/astra_camera/include/openni2
[0.761s] -- Up-to-date: /home/faith/Work/carto_ws/install/astra_camera/include/openni2/SonixCamera.h
[0.764s] -- Up-to-date: /home/faith/Work/carto_ws/install/astra_camera/include/openni2/PrimeSense.h
[0.765s] -- Up-to-date: /home/faith/Work/carto_ws/install/astra_camera/include/openni2/openni2_redist
[0.766s] -- Up-to-date: /home/faith/Work/carto_ws/install/astra_camera/include/openni2/openni2_redist/arm
[0.767s] -- Up-to-date: /home/faith/Work/carto_ws/install/astra_camera/include/openni2/openni2_redist/arm/OpenNI2
[0.767s] -- Up-to-date: /home/faith/Work/carto_ws/install/astra_camera/include/openni2/openni2_redist/arm/OpenNI2/Drivers
[0.768s] -- Up-to-date: /home/faith/Work/carto_ws/install/astra_camera/include/openni2/openni2_redist/arm/OpenNI2/Drivers/OniFile.ini
[0.769s] -- Up-to-date: /home/faith/Work/carto_ws/install/astra_camera/include/openni2/openni2_redist/arm/OpenNI2/Drivers/liborbbec.so
[0.773s] -- Up-to-date: /home/faith/Work/carto_ws/install/astra_camera/include/openni2/openni2_redist/arm/OpenNI2/Drivers/libOniFile.so
[0.774s] -- Up-to-date: /home/faith/Work/carto_ws/install/astra_camera/include/openni2/openni2_redist/arm/OpenNI2/Drivers/orbbec.ini
[0.774s] -- Up-to-date: /home/faith/Work/carto_ws/install/astra_camera/include/openni2/openni2_redist/arm/OpenNI.ini
[0.775s] -- Up-to-date: /home/faith/Work/carto_ws/install/astra_camera/include/openni2/openni2_redist/arm/PS1080Console
[0.776s] -- Up-to-date: /home/faith/Work/carto_ws/install/astra_camera/include/openni2/openni2_redist/arm/libDepthUtils.a
[0.777s] -- Up-to-date: /home/faith/Work/carto_ws/install/astra_camera/include/openni2/openni2_redist/arm/SimpleRead
[0.778s] -- Up-to-date: /home/faith/Work/carto_ws/install/astra_camera/include/openni2/openni2_redist/arm/NiViewer
[0.779s] -- Up-to-date: /home/faith/Work/carto_ws/install/astra_camera/include/openni2/openni2_redist/arm/libOpenNI2.so
[0.780s] -- Up-to-date: /home/faith/Work/carto_ws/install/astra_camera/include/openni2/openni2_redist/x64
[0.780s] -- Up-to-date: /home/faith/Work/carto_ws/install/astra_camera/include/openni2/openni2_redist/x64/OpenNI2
[0.781s] -- Up-to-date: /home/faith/Work/carto_ws/install/astra_camera/include/openni2/openni2_redist/x64/OpenNI2/Drivers
[0.782s] -- Up-to-date: /home/faith/Work/carto_ws/install/astra_camera/include/openni2/openni2_redist/x64/OpenNI2/Drivers/OniFile.ini
[0.782s] -- Up-to-date: /home/faith/Work/carto_ws/install/astra_camera/include/openni2/openni2_redist/x64/OpenNI2/Drivers/liborbbec.so
[0.783s] -- Up-to-date: /home/faith/Work/carto_ws/install/astra_camera/include/openni2/openni2_redist/x64/OpenNI2/Drivers/libOniFile.so
[0.784s] -- Up-to-date: /home/faith/Work/carto_ws/install/astra_camera/include/openni2/openni2_redist/x64/OpenNI2/Drivers/orbbec.ini
[0.784s] -- Up-to-date: /home/faith/Work/carto_ws/install/astra_camera/include/openni2/openni2_redist/x64/OpenNI.ini
[0.785s] -- Up-to-date: /home/faith/Work/carto_ws/install/astra_camera/include/openni2/openni2_redist/x64/libOpenNI2.so
[0.786s] -- Up-to-date: /home/faith/Work/carto_ws/install/astra_camera/include/openni2/openni2_redist/arm64
[0.786s] -- Up-to-date: /home/faith/Work/carto_ws/install/astra_camera/include/openni2/openni2_redist/arm64/OpenNI2
[0.787s] -- Up-to-date: /home/faith/Work/carto_ws/install/astra_camera/include/openni2/openni2_redist/arm64/OpenNI2/Drivers
[0.788s] -- Up-to-date: /home/faith/Work/carto_ws/install/astra_camera/include/openni2/openni2_redist/arm64/OpenNI2/Drivers/OniFile.ini
[0.789s] -- Up-to-date: /home/faith/Work/carto_ws/install/astra_camera/include/openni2/openni2_redist/arm64/OpenNI2/Drivers/liborbbec.so
[0.789s] -- Up-to-date: /home/faith/Work/carto_ws/install/astra_camera/include/openni2/openni2_redist/arm64/OpenNI2/Drivers/libOniFile.so
[0.790s] -- Up-to-date: /home/faith/Work/carto_ws/install/astra_camera/include/openni2/openni2_redist/arm64/OpenNI2/Drivers/orbbec.ini
[0.791s] -- Up-to-date: /home/faith/Work/carto_ws/install/astra_camera/include/openni2/openni2_redist/arm64/OpenNI.ini
[0.791s] -- Up-to-date: /home/faith/Work/carto_ws/install/astra_camera/include/openni2/openni2_redist/arm64/PS1080Console
[0.792s] -- Up-to-date: /home/faith/Work/carto_ws/install/astra_camera/include/openni2/openni2_redist/arm64/libDepthUtils.a
[0.793s] -- Up-to-date: /home/faith/Work/carto_ws/install/astra_camera/include/openni2/openni2_redist/arm64/SimpleRead
[0.793s] -- Up-to-date: /home/faith/Work/carto_ws/install/astra_camera/include/openni2/openni2_redist/arm64/NiViewer
[0.794s] -- Up-to-date: /home/faith/Work/carto_ws/install/astra_camera/include/openni2/openni2_redist/arm64/libOpenNI2.so
[0.794s] -- Up-to-date: /home/faith/Work/carto_ws/install/astra_camera/include/openni2/Linux-x86
[0.795s] -- Up-to-date: /home/faith/Work/carto_ws/install/astra_camera/include/openni2/Linux-x86/OniPlatformLinux-x86.h
[0.796s] -- Up-to-date: /home/faith/Work/carto_ws/install/astra_camera/include/openni2/KinectProperties.h
[0.797s] -- Up-to-date: /home/faith/Work/carto_ws/install/astra_camera/include/openni2/Android-Arm
[0.797s] -- Up-to-date: /home/faith/Work/carto_ws/install/astra_camera/include/openni2/Android-Arm/OniPlatformAndroid-Arm.h
[0.803s] -- Up-to-date: /home/faith/Work/carto_ws/install/astra_camera/include/openni2/PS1080.h
[0.808s] -- Up-to-date: /home/faith/Work/carto_ws/install/astra_camera/include/openni2/OniEnums.h
[0.809s] -- Up-to-date: /home/faith/Work/carto_ws/install/astra_camera/include/openni2/Win32
[0.810s] -- Up-to-date: /home/faith/Work/carto_ws/install/astra_camera/include/openni2/Win32/OniPlatformWin32.h
[0.811s] -- Up-to-date: /home/faith/Work/carto_ws/install/astra_camera/include/openni2/OniVersion.h
[0.812s] -- Up-to-date: /home/faith/Work/carto_ws/install/astra_camera/include/openni2/OniPlatform.h
[0.813s] -- Up-to-date: /home/faith/Work/carto_ws/install/astra_camera/include/openni2/OniTest.h
[0.815s] -- Up-to-date: /home/faith/Work/carto_ws/install/astra_camera/include/openni2/util.h
[0.816s] -- Up-to-date: /home/faith/Work/carto_ws/install/astra_camera/include/openni2/OpenNI.h
[0.818s] -- Up-to-date: /home/faith/Work/carto_ws/install/astra_camera/include/openni2/MacOSX
[0.824s] -- Up-to-date: /home/faith/Work/carto_ws/install/astra_camera/include/openni2/MacOSX/OniPlatformMacOSX.h
[0.826s] -- Up-to-date: /home/faith/Work/carto_ws/install/astra_camera/include/openni2/OniProperties.h
[0.827s] -- Up-to-date: /home/faith/Work/carto_ws/install/astra_camera/include/openni2/OniCTypes.h
[0.827s] -- Up-to-date: /home/faith/Work/carto_ws/install/astra_camera/include/openni2/OniCEnums.h
[0.829s] -- Up-to-date: /home/faith/Work/carto_ws/install/astra_camera/include/openni2/PSLink.h
[0.836s] -- Up-to-date: /home/faith/Work/carto_ws/install/astra_camera/include/openni2/OniCAPI.h
[0.837s] -- Up-to-date: /home/faith/Work/carto_ws/install/astra_camera/include/openni2/OniCProperties.h
[0.839s] -- Up-to-date: /home/faith/Work/carto_ws/install/astra_camera/include/openni2/Linux-Arm
[0.840s] -- Up-to-date: /home/faith/Work/carto_ws/install/astra_camera/include/openni2/Linux-Arm/OniPlatformLinux-Arm.h
[0.842s] -- Up-to-date: /home/faith/Work/carto_ws/install/astra_camera/include/openni2/Driver
[0.843s] -- Up-to-date: /home/faith/Work/carto_ws/install/astra_camera/include/openni2/Driver/OniDriverTypes.h
[0.845s] -- Up-to-date: /home/faith/Work/carto_ws/install/astra_camera/include/openni2/Driver/OniDriverAPI.h
[0.845s] -- Up-to-date: /home/faith/Work/carto_ws/install/astra_camera/share/astra_camera//launch
[0.846s] -- Up-to-date: /home/faith/Work/carto_ws/install/astra_camera/share/astra_camera//launch/multi_dabai_dcw.launch.py
[0.846s] -- Up-to-date: /home/faith/Work/carto_ws/install/astra_camera/share/astra_camera//launch/multi_dabai_pro.launch.py
[0.846s] -- Up-to-date: /home/faith/Work/carto_ws/install/astra_camera/share/astra_camera//launch/dabai.launch.py
[0.847s] -- Up-to-date: /home/faith/Work/carto_ws/install/astra_camera/share/astra_camera//launch/.gitkeep
[0.847s] -- Up-to-date: /home/faith/Work/carto_ws/install/astra_camera/share/astra_camera//launch/dabai_pro.launch.py
[0.848s] -- Up-to-date: /home/faith/Work/carto_ws/install/astra_camera/share/astra_camera//launch/multi_dabai.launch.py
[0.848s] -- Up-to-date: /home/faith/Work/carto_ws/install/astra_camera/share/astra_camera//launch/dabai_dw.launch.py
[0.848s] -- Up-to-date: /home/faith/Work/carto_ws/install/astra_camera/share/astra_camera//launch/multi_dabai_dw.launch.py
[0.849s] -- Up-to-date: /home/faith/Work/carto_ws/install/astra_camera/share/astra_camera//launch/multi_astra_mini.launch.py
[0.849s] -- Up-to-date: /home/faith/Work/carto_ws/install/astra_camera/share/astra_camera//launch/dabai_dcw.launch.py
[0.850s] -- Up-to-date: /home/faith/Work/carto_ws/install/astra_camera/share/astra_camera//launch/astra_mini.launch.py
[0.850s] -- Up-to-date: /home/faith/Work/carto_ws/install/astra_camera/share/astra_camera//config
[0.850s] -- Up-to-date: /home/faith/Work/carto_ws/install/astra_camera/share/astra_camera//config/.gitkeep
[0.851s] -- Up-to-date: /home/faith/Work/carto_ws/install/astra_camera/share/astra_camera//params
[0.851s] -- Up-to-date: /home/faith/Work/carto_ws/install/astra_camera/share/astra_camera//params/camera_params_template.yaml
[0.852s] -- Up-to-date: /home/faith/Work/carto_ws/install/astra_camera/share/astra_camera//params/astra_mini_params.yaml
[0.852s] -- Up-to-date: /home/faith/Work/carto_ws/install/astra_camera/share/astra_camera//params/.gitkeep
[0.852s] -- Up-to-date: /home/faith/Work/carto_ws/install/astra_camera/share/astra_camera//params/dabai_dcw_params.yaml
[0.853s] -- Up-to-date: /home/faith/Work/carto_ws/install/astra_camera/share/astra_camera//params/dabai_pro_params.yaml
[0.853s] -- Up-to-date: /home/faith/Work/carto_ws/install/astra_camera/share/astra_camera//params/dabai_dw_params.yaml
[0.854s] -- Up-to-date: /home/faith/Work/carto_ws/install/astra_camera/share/astra_camera//params/dabai_params.yaml
[0.854s] -- Up-to-date: /home/faith/Work/carto_ws/install/astra_camera/share/astra_camera//rviz
[0.854s] -- Up-to-date: /home/faith/Work/carto_ws/install/astra_camera/share/astra_camera//rviz/multi_camera.rviz
[0.855s] -- Up-to-date: /home/faith/Work/carto_ws/install/astra_camera/share/astra_camera//rviz/.gitkeep
[0.855s] -- Up-to-date: /home/faith/Work/carto_ws/install/astra_camera/share/astra_camera//rviz/pointcloud.rviz
[0.856s] -- Up-to-date: /home/faith/Work/carto_ws/install/astra_camera/share/astra_camera/environment/library_path.sh
[0.856s] -- Up-to-date: /home/faith/Work/carto_ws/install/astra_camera/share/astra_camera/environment/library_path.dsv
[0.856s] -- Up-to-date: /home/faith/Work/carto_ws/install/astra_camera/share/ament_index/resource_index/package_run_dependencies/astra_camera
[0.857s] -- Up-to-date: /home/faith/Work/carto_ws/install/astra_camera/share/ament_index/resource_index/parent_prefix_path/astra_camera
[0.858s] -- Up-to-date: /home/faith/Work/carto_ws/install/astra_camera/share/astra_camera/environment/ament_prefix_path.sh
[0.859s] -- Up-to-date: /home/faith/Work/carto_ws/install/astra_camera/share/astra_camera/environment/ament_prefix_path.dsv
[0.859s] -- Up-to-date: /home/faith/Work/carto_ws/install/astra_camera/share/astra_camera/environment/path.sh
[0.859s] -- Up-to-date: /home/faith/Work/carto_ws/install/astra_camera/share/astra_camera/environment/path.dsv
[0.860s] -- Up-to-date: /home/faith/Work/carto_ws/install/astra_camera/share/astra_camera/local_setup.bash
[0.860s] -- Up-to-date: /home/faith/Work/carto_ws/install/astra_camera/share/astra_camera/local_setup.sh
[0.861s] -- Up-to-date: /home/faith/Work/carto_ws/install/astra_camera/share/astra_camera/local_setup.zsh
[0.861s] -- Up-to-date: /home/faith/Work/carto_ws/install/astra_camera/share/astra_camera/local_setup.dsv
[0.861s] -- Installing: /home/faith/Work/carto_ws/install/astra_camera/share/astra_camera/package.dsv
[0.862s] -- Up-to-date: /home/faith/Work/carto_ws/install/astra_camera/share/ament_index/resource_index/packages/astra_camera
[0.862s] -- Up-to-date: /home/faith/Work/carto_ws/install/astra_camera/share/ament_index/resource_index/rclcpp_components/astra_camera
[0.862s] -- Up-to-date: /home/faith/Work/carto_ws/install/astra_camera/share/astra_camera/cmake/ament_cmake_export_include_directories-extras.cmake
[0.863s] -- Up-to-date: /home/faith/Work/carto_ws/install/astra_camera/share/astra_camera/cmake/ament_cmake_export_libraries-extras.cmake
[0.863s] -- Up-to-date: /home/faith/Work/carto_ws/install/astra_camera/share/astra_camera/cmake/ament_cmake_export_dependencies-extras.cmake
[0.864s] -- Up-to-date: /home/faith/Work/carto_ws/install/astra_camera/share/astra_camera/cmake/astra_cameraConfig.cmake
[0.864s] -- Up-to-date: /home/faith/Work/carto_ws/install/astra_camera/share/astra_camera/cmake/astra_cameraConfig-version.cmake
[0.864s] -- Up-to-date: /home/faith/Work/carto_ws/install/astra_camera/share/astra_camera/package.xml
[0.865s] Invoked command in '/home/faith/Work/carto_ws/build/astra_camera' returned '0': CMAKE_PREFIX_PATH=/home/faith/Work/carto_ws/install/astra_camera_msgs:/home/faith/Work/carto_ws/install/astra_camera:/home/faith/Work/carto_ws/install/sllidar_ros2:/home/faith/Work/carto_ws/install/orbbec_description:/home/faith/Work/carto_ws/install/orbbec_camera:/home/faith/Work/carto_ws/install/orbbec_camera_msgs:/home/faith/Work/carto_ws/install/faithbot_cartographer:/home/faith/Work/carto_ws/install/cartographer_rviz:/home/faith/Work/carto_ws/install/cartographer_ros:/home/faith/Work/carto_ws/install/cartographer_ros_msgs:/home/faith/Work/carto_ws/install/cartographer:/home/faith/Work/carto_ws/install/fishbot_description:/opt/ros/humble LD_LIBRARY_PATH=/home/faith/Work/carto_ws/install/astra_camera_msgs/lib:/home/faith/Work/carto_ws/install/astra_camera/lib:/home/faith/Work/carto_ws/install/orbbec_camera/lib:/home/faith/Work/carto_ws/install/orbbec_camera_msgs/lib:/home/faith/Work/carto_ws/install/cartographer_rviz/lib:/home/faith/Work/carto_ws/install/cartographer_ros/lib:/home/faith/Work/carto_ws/install/cartographer_ros_msgs/lib:/opt/ros/humble/opt/rviz_ogre_vendor/lib:/opt/ros/humble/lib/aarch64-linux-gnu:/opt/ros/humble/lib /usr/bin/cmake --install /home/faith/Work/carto_ws/build/astra_camera
