[0.659s] Invoking command in '/home/faith/Work/carto_ws/build/orbbec_description': CMAKE_PREFIX_PATH=${CMAKE_PREFIX_PATH}:/home/faith/Work/carto_ws/install/fishbot_description:/opt/ros/humble /usr/bin/cmake --build /home/faith/Work/carto_ws/build/orbbec_description -- -j8 -l8
[0.801s] Invoked command in '/home/faith/Work/carto_ws/build/orbbec_description' returned '0': CMAKE_PREFIX_PATH=${CMAKE_PREFIX_PATH}:/home/faith/Work/carto_ws/install/fishbot_description:/opt/ros/humble /usr/bin/cmake --build /home/faith/Work/carto_ws/build/orbbec_description -- -j8 -l8
[1.055s] Invoking command in '/home/faith/Work/carto_ws/build/orbbec_description': CMAKE_PREFIX_PATH=${CMAKE_PREFIX_PATH}:/home/faith/Work/carto_ws/install/fishbot_description:/opt/ros/humble /usr/bin/cmake --install /home/faith/Work/carto_ws/build/orbbec_description
[1.085s] -- Install configuration: "Release"
[1.085s] -- Up-to-date: /home/faith/Work/carto_ws/install/orbbec_description/share/ament_index/resource_index/package_run_dependencies/orbbec_description
[1.085s] -- Up-to-date: /home/faith/Work/carto_ws/install/orbbec_description/share/ament_index/resource_index/parent_prefix_path/orbbec_description
[1.085s] -- Up-to-date: /home/faith/Work/carto_ws/install/orbbec_description/share/orbbec_description/environment/ament_prefix_path.sh
[1.086s] -- Up-to-date: /home/faith/Work/carto_ws/install/orbbec_description/share/orbbec_description/environment/ament_prefix_path.dsv
[1.087s] -- Up-to-date: /home/faith/Work/carto_ws/install/orbbec_description/share/orbbec_description/environment/path.sh
[1.088s] -- Up-to-date: /home/faith/Work/carto_ws/install/orbbec_description/share/orbbec_description/environment/path.dsv
[1.089s] -- Up-to-date: /home/faith/Work/carto_ws/install/orbbec_description/share/orbbec_description/local_setup.bash
[1.089s] -- Up-to-date: /home/faith/Work/carto_ws/install/orbbec_description/share/orbbec_description/local_setup.sh
[1.090s] -- Up-to-date: /home/faith/Work/carto_ws/install/orbbec_description/share/orbbec_description/local_setup.zsh
[1.090s] -- Up-to-date: /home/faith/Work/carto_ws/install/orbbec_description/share/orbbec_description/local_setup.dsv
[1.091s] -- Installing: /home/faith/Work/carto_ws/install/orbbec_description/share/orbbec_description/package.dsv
[1.091s] -- Up-to-date: /home/faith/Work/carto_ws/install/orbbec_description/share/ament_index/resource_index/packages/orbbec_description
[1.091s] -- Up-to-date: /home/faith/Work/carto_ws/install/orbbec_description/share/orbbec_description/cmake/orbbec_descriptionConfig.cmake
[1.092s] -- Up-to-date: /home/faith/Work/carto_ws/install/orbbec_description/share/orbbec_description/cmake/orbbec_descriptionConfig-version.cmake
[1.092s] -- Up-to-date: /home/faith/Work/carto_ws/install/orbbec_description/share/orbbec_description/package.xml
[1.101s] Invoked command in '/home/faith/Work/carto_ws/build/orbbec_description' returned '0': CMAKE_PREFIX_PATH=${CMAKE_PREFIX_PATH}:/home/faith/Work/carto_ws/install/fishbot_description:/opt/ros/humble /usr/bin/cmake --install /home/faith/Work/carto_ws/build/orbbec_description
