[0.083s] Invoking command in '/home/faith/Work/carto_ws/build/faithbot_cartographer': CMAKE_PREFIX_PATH=${CMAKE_PREFIX_PATH}:/home/faith/Work/carto_ws/install/fishbot_description:/opt/ros/humble /usr/bin/cmake --build /home/faith/Work/carto_ws/build/faithbot_cartographer -- -j8 -l8
[0.813s] Invoked command in '/home/faith/Work/carto_ws/build/faithbot_cartographer' returned '0': CMAKE_PREFIX_PATH=${CMAKE_PREFIX_PATH}:/home/faith/Work/carto_ws/install/fishbot_description:/opt/ros/humble /usr/bin/cmake --build /home/faith/Work/carto_ws/build/faithbot_cartographer -- -j8 -l8
[1.119s] Invoking command in '/home/faith/Work/carto_ws/build/faithbot_cartographer': CMAKE_PREFIX_PATH=${CMAKE_PREFIX_PATH}:/home/faith/Work/carto_ws/install/fishbot_description:/opt/ros/humble /usr/bin/cmake --install /home/faith/Work/carto_ws/build/faithbot_cartographer
[1.189s] -- Install configuration: "Release"
[1.190s] -- Up-to-date: /home/faith/Work/carto_ws/install/faithbot_cartographer/share/ament_index/resource_index/package_run_dependencies/faithbot_cartographer
[1.199s] -- Up-to-date: /home/faith/Work/carto_ws/install/faithbot_cartographer/share/ament_index/resource_index/parent_prefix_path/faithbot_cartographer
[1.200s] -- Up-to-date: /home/faith/Work/carto_ws/install/faithbot_cartographer/share/faithbot_cartographer/environment/ament_prefix_path.sh
[1.200s] -- Up-to-date: /home/faith/Work/carto_ws/install/faithbot_cartographer/share/faithbot_cartographer/environment/ament_prefix_path.dsv
[1.200s] -- Up-to-date: /home/faith/Work/carto_ws/install/faithbot_cartographer/share/faithbot_cartographer/environment/path.sh
[1.200s] -- Up-to-date: /home/faith/Work/carto_ws/install/faithbot_cartographer/share/faithbot_cartographer/environment/path.dsv
[1.200s] -- Up-to-date: /home/faith/Work/carto_ws/install/faithbot_cartographer/share/faithbot_cartographer/local_setup.bash
[1.200s] -- Up-to-date: /home/faith/Work/carto_ws/install/faithbot_cartographer/share/faithbot_cartographer/local_setup.sh
[1.200s] -- Up-to-date: /home/faith/Work/carto_ws/install/faithbot_cartographer/share/faithbot_cartographer/local_setup.zsh
[1.200s] -- Up-to-date: /home/faith/Work/carto_ws/install/faithbot_cartographer/share/faithbot_cartographer/local_setup.dsv
[1.200s] -- Installing: /home/faith/Work/carto_ws/install/faithbot_cartographer/share/faithbot_cartographer/package.dsv
[1.201s] -- Up-to-date: /home/faith/Work/carto_ws/install/faithbot_cartographer/share/ament_index/resource_index/packages/faithbot_cartographer
[1.201s] -- Up-to-date: /home/faith/Work/carto_ws/install/faithbot_cartographer/share/faithbot_cartographer/cmake/faithbot_cartographerConfig.cmake
[1.201s] -- Up-to-date: /home/faith/Work/carto_ws/install/faithbot_cartographer/share/faithbot_cartographer/cmake/faithbot_cartographerConfig-version.cmake
[1.201s] -- Up-to-date: /home/faith/Work/carto_ws/install/faithbot_cartographer/share/faithbot_cartographer/package.xml
[1.201s] -- Up-to-date: /home/faith/Work/carto_ws/install/faithbot_cartographer/share/faithbot_cartographer/config
[1.201s] -- Up-to-date: /home/faith/Work/carto_ws/install/faithbot_cartographer/share/faithbot_cartographer/config/faithbot_2d.lua
[1.201s] -- Installing: /home/faith/Work/carto_ws/install/faithbot_cartographer/share/faithbot_cartographer/config/faithbot_3d.lua
[1.201s] -- Up-to-date: /home/faith/Work/carto_ws/install/faithbot_cartographer/share/faithbot_cartographer/config/faithbot.lua
[1.201s] -- Up-to-date: /home/faith/Work/carto_ws/install/faithbot_cartographer/share/faithbot_cartographer/launch
[1.201s] -- Up-to-date: /home/faith/Work/carto_ws/install/faithbot_cartographer/share/faithbot_cartographer/launch/cartographer.launch.py
[1.201s] -- Installing: /home/faith/Work/carto_ws/install/faithbot_cartographer/share/faithbot_cartographer/launch/cartographer_3d.launch.py
[1.201s] -- Up-to-date: /home/faith/Work/carto_ws/install/faithbot_cartographer/share/faithbot_cartographer/rviz
[1.202s] -- Up-to-date: /home/faith/Work/carto_ws/install/faithbot_cartographer/share/faithbot_cartographer/rviz/cartographer.rviz
[1.209s] Invoked command in '/home/faith/Work/carto_ws/build/faithbot_cartographer' returned '0': CMAKE_PREFIX_PATH=${CMAKE_PREFIX_PATH}:/home/faith/Work/carto_ws/install/fishbot_description:/opt/ros/humble /usr/bin/cmake --install /home/faith/Work/carto_ws/build/faithbot_cartographer
