[0.024s] Invoking command in '/home/faith/Work/carto_ws/src/build/orbslam3': CMAKE_PREFIX_PATH=${CMAKE_PREFIX_PATH}:/home/faith/Work/carto_ws/install/fishbot_description:/opt/ros/humble /usr/bin/cmake /home/faith/Work/carto_ws/src/orbslam3_ros2 -DAMENT_CMAKE_SYMLINK_INSTALL=1 -DCMAKE_INSTALL_PREFIX=/home/faith/Work/carto_ws/src/install/orbslam3
[0.233s] -- The C compiler identification is GNU 11.3.0
[0.397s] -- The CXX compiler identification is GNU 11.3.0
[0.423s] -- Detecting C compiler ABI info
[0.671s] -- Detecting C compiler ABI info - done
[0.706s] -- Check for working C compiler: /usr/bin/cc - skipped
[0.707s] -- Detecting C compile features
[0.708s] -- Detecting C compile features - done
[0.714s] -- Detecting CXX compiler ABI info
[0.957s] -- Detecting CXX compiler ABI info - done
[0.996s] -- Check for working CXX compiler: /usr/bin/c++ - skipped
[0.997s] -- Detecting CXX compile features
[0.999s] -- Detecting CXX compile features - done
[1.006s] -- Found ament_cmake: 1.3.5 (/opt/ros/humble/share/ament_cmake/cmake)
[1.403s] -- Found Python3: /usr/bin/python3.10 (found version "3.10.6") found components: Interpreter 
[1.533s] -- Override CMake install command with custom implementation using symlinks instead of copying resources
[1.628s] -- Found rclcpp: 16.0.4 (/opt/ros/humble/share/rclcpp/cmake)
[1.709s] -- Found rosidl_generator_c: 3.1.4 (/opt/ros/humble/share/rosidl_generator_c/cmake)
[1.719s] -- Found rosidl_adapter: 3.1.4 (/opt/ros/humble/share/rosidl_adapter/cmake)
[1.734s] -- Found rosidl_generator_cpp: 3.1.4 (/opt/ros/humble/share/rosidl_generator_cpp/cmake)
[1.759s] -- Using all available rosidl_typesupport_c: rosidl_typesupport_fastrtps_c;rosidl_typesupport_introspection_c
[1.792s] -- Using all available rosidl_typesupport_cpp: rosidl_typesupport_fastrtps_cpp;rosidl_typesupport_introspection_cpp
[1.911s] -- Found rmw_implementation_cmake: 6.1.1 (/opt/ros/humble/share/rmw_implementation_cmake/cmake)
[1.916s] -- Found rmw_fastrtps_cpp: 6.2.2 (/opt/ros/humble/share/rmw_fastrtps_cpp/cmake)
[2.149s] -- Found OpenSSL: /usr/lib/aarch64-linux-gnu/libcrypto.so (found version "3.0.2")  
[2.209s] -- Found FastRTPS: /opt/ros/humble/include  
[2.304s] -- Using RMW implementation 'rmw_fastrtps_cpp' as default
[2.323s] -- Looking for pthread.h
[2.586s] -- Looking for pthread.h - found
[2.588s] -- Performing Test CMAKE_HAVE_LIBC_PTHREAD
[2.833s] -- Performing Test CMAKE_HAVE_LIBC_PTHREAD - Success
[2.835s] -- Found Threads: TRUE  
[3.084s] -- Found sensor_msgs: 4.2.3 (/opt/ros/humble/share/sensor_msgs/cmake)
[3.278s] -- Found cv_bridge: 3.2.1 (/opt/ros/humble/share/cv_bridge/cmake)
[3.307s] -- Found message_filters: 4.3.3 (/opt/ros/humble/share/message_filters/cmake)
[3.334s] [31mCMake Error at CMakeLists.txt:23 (find_package):
[3.335s]   By not providing "FindSophus.cmake" in CMAKE_MODULE_PATH this project has
[3.336s]   asked CMake to find a package configuration file provided by "Sophus", but
[3.336s]   CMake did not find one.
[3.336s] 
[3.337s]   Could not find a package configuration file provided by "Sophus" with any
[3.337s]   of the following names:
[3.338s] 
[3.338s]     SophusConfig.cmake
[3.338s]     sophus-config.cmake
[3.339s] 
[3.339s]   Add the installation prefix of "Sophus" to CMAKE_PREFIX_PATH or set
[3.339s]   "Sophus_DIR" to a directory containing one of the above files.  If "Sophus"
[3.340s]   provides a separate development package or SDK, be sure it has been
[3.340s]   installed.
[3.340s] 
[3.341s] [0m
[3.341s] -- Configuring incomplete, errors occurred!
[3.341s] See also "/home/faith/Work/carto_ws/src/build/orbslam3/CMakeFiles/CMakeOutput.log".
[3.368s] Invoked command in '/home/faith/Work/carto_ws/src/build/orbslam3' returned '1': CMAKE_PREFIX_PATH=${CMAKE_PREFIX_PATH}:/home/faith/Work/carto_ws/install/fishbot_description:/opt/ros/humble /usr/bin/cmake /home/faith/Work/carto_ws/src/orbslam3_ros2 -DAMENT_CMAKE_SYMLINK_INSTALL=1 -DCMAKE_INSTALL_PREFIX=/home/faith/Work/carto_ws/src/install/orbslam3
