[0.421s] DEBUG:colcon:Command line arguments: ['/usr/bin/colcon', 'list', '-p', '--base-paths', '/home/faith/Work/carto_ws']
[0.421s] DEBUG:colcon:Parsed command line arguments: Namespace(log_base=None, log_level=None, verb_name='list', build_base='build', ignore_user_meta=False, metas=['./colcon.meta'], base_paths=['/home/faith/Work/carto_ws'], packages_ignore=None, packages_ignore_regex=None, paths=None, packages_up_to=None, packages_up_to_regex=None, packages_above=None, packages_above_and_dependencies=None, packages_above_depth=None, packages_select_by_dep=None, packages_skip_by_dep=None, packages_skip_up_to=None, packages_select_build_failed=False, packages_skip_build_finished=False, packages_select_test_failures=False, packages_skip_test_passed=False, packages_select=None, packages_skip=None, packages_select_regex=None, packages_skip_regex=None, packages_start=None, packages_end=None, topological_order=False, names_only=False, paths_only=True, topological_graph=False, topological_graph_dot=False, topological_graph_density=False, topological_graph_legend=False, topological_graph_dot_cluster=False, topological_graph_dot_include_skipped=False, verb_parser=<colcon_defaults.argument_parser.defaults.DefaultArgumentsDecorator object at 0xffff8805c310>, verb_extension=<colcon_package_information.verb.list.ListVerb object at 0xffff87fcc370>, main=<bound method ListVerb.main of <colcon_package_information.verb.list.ListVerb object at 0xffff87fcc370>>)
[0.464s] Level 1:colcon.colcon_core.package_discovery:discover_packages(colcon_meta) check parameters
[0.464s] Level 1:colcon.colcon_core.package_discovery:discover_packages(recursive) check parameters
[0.464s] Level 1:colcon.colcon_core.package_discovery:discover_packages(ignore) check parameters
[0.464s] Level 1:colcon.colcon_core.package_discovery:discover_packages(path) check parameters
[0.464s] Level 1:colcon.colcon_core.package_discovery:discover_packages(recursive) discover
[0.464s] INFO:colcon.colcon_core.package_discovery:Crawling recursively for packages in '/home/faith/Work/carto_ws'
[0.465s] Level 1:colcon.colcon_core.package_identification:_identify(/home/faith/Work/carto_ws) by extensions ['ignore', 'ignore_ament_install']
[0.465s] Level 1:colcon.colcon_core.package_identification:_identify(/home/faith/Work/carto_ws) by extension 'ignore'
[0.465s] Level 1:colcon.colcon_core.package_identification:_identify(/home/faith/Work/carto_ws) by extension 'ignore_ament_install'
[0.465s] Level 1:colcon.colcon_core.package_identification:_identify(/home/faith/Work/carto_ws) by extensions ['colcon_pkg']
[0.465s] Level 1:colcon.colcon_core.package_identification:_identify(/home/faith/Work/carto_ws) by extension 'colcon_pkg'
[0.465s] Level 1:colcon.colcon_core.package_identification:_identify(/home/faith/Work/carto_ws) by extensions ['colcon_meta']
[0.465s] Level 1:colcon.colcon_core.package_identification:_identify(/home/faith/Work/carto_ws) by extension 'colcon_meta'
[0.465s] Level 1:colcon.colcon_core.package_identification:_identify(/home/faith/Work/carto_ws) by extensions ['ros']
[0.465s] Level 1:colcon.colcon_core.package_identification:_identify(/home/faith/Work/carto_ws) by extension 'ros'
[0.509s] Level 1:colcon.colcon_core.package_identification:_identify(/home/faith/Work/carto_ws) by extensions ['cmake', 'python']
[0.509s] Level 1:colcon.colcon_core.package_identification:_identify(/home/faith/Work/carto_ws) by extension 'cmake'
[0.509s] Level 1:colcon.colcon_core.package_identification:_identify(/home/faith/Work/carto_ws) by extension 'python'
[0.509s] Level 1:colcon.colcon_core.package_identification:_identify(/home/faith/Work/carto_ws) by extensions ['python_setup_py']
[0.509s] Level 1:colcon.colcon_core.package_identification:_identify(/home/faith/Work/carto_ws) by extension 'python_setup_py'
[0.512s] Level 1:colcon.colcon_core.package_identification:_identify(/home/faith/Work/carto_ws/Log) by extensions ['ignore', 'ignore_ament_install']
[0.513s] Level 1:colcon.colcon_core.package_identification:_identify(/home/faith/Work/carto_ws/Log) by extension 'ignore'
[0.513s] Level 1:colcon.colcon_core.package_identification:_identify(/home/faith/Work/carto_ws/Log) by extension 'ignore_ament_install'
[0.513s] Level 1:colcon.colcon_core.package_identification:_identify(/home/faith/Work/carto_ws/Log) by extensions ['colcon_pkg']
[0.513s] Level 1:colcon.colcon_core.package_identification:_identify(/home/faith/Work/carto_ws/Log) by extension 'colcon_pkg'
[0.513s] Level 1:colcon.colcon_core.package_identification:_identify(/home/faith/Work/carto_ws/Log) by extensions ['colcon_meta']
[0.513s] Level 1:colcon.colcon_core.package_identification:_identify(/home/faith/Work/carto_ws/Log) by extension 'colcon_meta'
[0.513s] Level 1:colcon.colcon_core.package_identification:_identify(/home/faith/Work/carto_ws/Log) by extensions ['ros']
[0.513s] Level 1:colcon.colcon_core.package_identification:_identify(/home/faith/Work/carto_ws/Log) by extension 'ros'
[0.513s] Level 1:colcon.colcon_core.package_identification:_identify(/home/faith/Work/carto_ws/Log) by extensions ['cmake', 'python']
[0.513s] Level 1:colcon.colcon_core.package_identification:_identify(/home/faith/Work/carto_ws/Log) by extension 'cmake'
[0.513s] Level 1:colcon.colcon_core.package_identification:_identify(/home/faith/Work/carto_ws/Log) by extension 'python'
[0.513s] Level 1:colcon.colcon_core.package_identification:_identify(/home/faith/Work/carto_ws/Log) by extensions ['python_setup_py']
[0.513s] Level 1:colcon.colcon_core.package_identification:_identify(/home/faith/Work/carto_ws/Log) by extension 'python_setup_py'
[0.514s] Level 1:colcon.colcon_core.package_identification:_identify(/home/faith/Work/carto_ws/build) by extensions ['ignore', 'ignore_ament_install']
[0.514s] Level 1:colcon.colcon_core.package_identification:_identify(/home/faith/Work/carto_ws/build) by extension 'ignore'
[0.514s] Level 1:colcon.colcon_core.package_identification:_identify(/home/faith/Work/carto_ws/build) ignored
[0.514s] Level 1:colcon.colcon_core.package_identification:_identify(/home/faith/Work/carto_ws/install) by extensions ['ignore', 'ignore_ament_install']
[0.514s] Level 1:colcon.colcon_core.package_identification:_identify(/home/faith/Work/carto_ws/install) by extension 'ignore'
[0.514s] Level 1:colcon.colcon_core.package_identification:_identify(/home/faith/Work/carto_ws/install) ignored
[0.515s] Level 1:colcon.colcon_core.package_identification:_identify(/home/faith/Work/carto_ws/log) by extensions ['ignore', 'ignore_ament_install']
[0.515s] Level 1:colcon.colcon_core.package_identification:_identify(/home/faith/Work/carto_ws/log) by extension 'ignore'
[0.515s] Level 1:colcon.colcon_core.package_identification:_identify(/home/faith/Work/carto_ws/log) ignored
[0.515s] Level 1:colcon.colcon_core.package_identification:_identify(/home/faith/Work/carto_ws/src) by extensions ['ignore', 'ignore_ament_install']
[0.515s] Level 1:colcon.colcon_core.package_identification:_identify(/home/faith/Work/carto_ws/src) by extension 'ignore'
[0.515s] Level 1:colcon.colcon_core.package_identification:_identify(/home/faith/Work/carto_ws/src) by extension 'ignore_ament_install'
[0.515s] Level 1:colcon.colcon_core.package_identification:_identify(/home/faith/Work/carto_ws/src) by extensions ['colcon_pkg']
[0.515s] Level 1:colcon.colcon_core.package_identification:_identify(/home/faith/Work/carto_ws/src) by extension 'colcon_pkg'
[0.515s] Level 1:colcon.colcon_core.package_identification:_identify(/home/faith/Work/carto_ws/src) by extensions ['colcon_meta']
[0.515s] Level 1:colcon.colcon_core.package_identification:_identify(/home/faith/Work/carto_ws/src) by extension 'colcon_meta'
[0.515s] Level 1:colcon.colcon_core.package_identification:_identify(/home/faith/Work/carto_ws/src) by extensions ['ros']
[0.515s] Level 1:colcon.colcon_core.package_identification:_identify(/home/faith/Work/carto_ws/src) by extension 'ros'
[0.515s] Level 1:colcon.colcon_core.package_identification:_identify(/home/faith/Work/carto_ws/src) by extensions ['cmake', 'python']
[0.515s] Level 1:colcon.colcon_core.package_identification:_identify(/home/faith/Work/carto_ws/src) by extension 'cmake'
[0.516s] Level 1:colcon.colcon_core.package_identification:_identify(/home/faith/Work/carto_ws/src) by extension 'python'
[0.516s] Level 1:colcon.colcon_core.package_identification:_identify(/home/faith/Work/carto_ws/src) by extensions ['python_setup_py']
[0.516s] Level 1:colcon.colcon_core.package_identification:_identify(/home/faith/Work/carto_ws/src) by extension 'python_setup_py'
[0.516s] Level 1:colcon.colcon_core.package_identification:_identify(/home/faith/Work/carto_ws/src/ORB_SLAM3) by extensions ['ignore', 'ignore_ament_install']
[0.516s] Level 1:colcon.colcon_core.package_identification:_identify(/home/faith/Work/carto_ws/src/ORB_SLAM3) by extension 'ignore'
[0.516s] Level 1:colcon.colcon_core.package_identification:_identify(/home/faith/Work/carto_ws/src/ORB_SLAM3) by extension 'ignore_ament_install'
[0.516s] Level 1:colcon.colcon_core.package_identification:_identify(/home/faith/Work/carto_ws/src/ORB_SLAM3) by extensions ['colcon_pkg']
[0.516s] Level 1:colcon.colcon_core.package_identification:_identify(/home/faith/Work/carto_ws/src/ORB_SLAM3) by extension 'colcon_pkg'
[0.516s] Level 1:colcon.colcon_core.package_identification:_identify(/home/faith/Work/carto_ws/src/ORB_SLAM3) by extensions ['colcon_meta']
[0.516s] Level 1:colcon.colcon_core.package_identification:_identify(/home/faith/Work/carto_ws/src/ORB_SLAM3) by extension 'colcon_meta'
[0.516s] Level 1:colcon.colcon_core.package_identification:_identify(/home/faith/Work/carto_ws/src/ORB_SLAM3) by extensions ['ros']
[0.516s] Level 1:colcon.colcon_core.package_identification:_identify(/home/faith/Work/carto_ws/src/ORB_SLAM3) by extension 'ros'
[0.516s] Level 1:colcon.colcon_core.package_identification:_identify(/home/faith/Work/carto_ws/src/ORB_SLAM3) by extensions ['cmake', 'python']
[0.516s] Level 1:colcon.colcon_core.package_identification:_identify(/home/faith/Work/carto_ws/src/ORB_SLAM3) by extension 'cmake'
[0.553s] Level 1:colcon.colcon_core.package_identification:_identify(/home/faith/Work/carto_ws/src/ORB_SLAM3) by extension 'python'
[0.554s] DEBUG:colcon.colcon_core.package_identification:Package '/home/faith/Work/carto_ws/src/ORB_SLAM3' with type 'cmake' and name 'ORB_SLAM3'
[0.554s] Level 1:colcon.colcon_core.package_identification:_identify(/home/faith/Work/carto_ws/src/OrbbecSDK_ROS2) by extensions ['ignore', 'ignore_ament_install']
[0.554s] Level 1:colcon.colcon_core.package_identification:_identify(/home/faith/Work/carto_ws/src/OrbbecSDK_ROS2) by extension 'ignore'
[0.554s] Level 1:colcon.colcon_core.package_identification:_identify(/home/faith/Work/carto_ws/src/OrbbecSDK_ROS2) by extension 'ignore_ament_install'
[0.554s] Level 1:colcon.colcon_core.package_identification:_identify(/home/faith/Work/carto_ws/src/OrbbecSDK_ROS2) by extensions ['colcon_pkg']
[0.554s] Level 1:colcon.colcon_core.package_identification:_identify(/home/faith/Work/carto_ws/src/OrbbecSDK_ROS2) by extension 'colcon_pkg'
[0.554s] Level 1:colcon.colcon_core.package_identification:_identify(/home/faith/Work/carto_ws/src/OrbbecSDK_ROS2) by extensions ['colcon_meta']
[0.554s] Level 1:colcon.colcon_core.package_identification:_identify(/home/faith/Work/carto_ws/src/OrbbecSDK_ROS2) by extension 'colcon_meta'
[0.554s] Level 1:colcon.colcon_core.package_identification:_identify(/home/faith/Work/carto_ws/src/OrbbecSDK_ROS2) by extensions ['ros']
[0.554s] Level 1:colcon.colcon_core.package_identification:_identify(/home/faith/Work/carto_ws/src/OrbbecSDK_ROS2) by extension 'ros'
[0.554s] Level 1:colcon.colcon_core.package_identification:_identify(/home/faith/Work/carto_ws/src/OrbbecSDK_ROS2) by extensions ['cmake', 'python']
[0.554s] Level 1:colcon.colcon_core.package_identification:_identify(/home/faith/Work/carto_ws/src/OrbbecSDK_ROS2) by extension 'cmake'
[0.554s] Level 1:colcon.colcon_core.package_identification:_identify(/home/faith/Work/carto_ws/src/OrbbecSDK_ROS2) by extension 'python'
[0.554s] Level 1:colcon.colcon_core.package_identification:_identify(/home/faith/Work/carto_ws/src/OrbbecSDK_ROS2) by extensions ['python_setup_py']
[0.555s] Level 1:colcon.colcon_core.package_identification:_identify(/home/faith/Work/carto_ws/src/OrbbecSDK_ROS2) by extension 'python_setup_py'
[0.555s] Level 1:colcon.colcon_core.package_identification:_identify(/home/faith/Work/carto_ws/src/OrbbecSDK_ROS2/orbbec_camera) by extensions ['ignore', 'ignore_ament_install']
[0.555s] Level 1:colcon.colcon_core.package_identification:_identify(/home/faith/Work/carto_ws/src/OrbbecSDK_ROS2/orbbec_camera) by extension 'ignore'
[0.555s] Level 1:colcon.colcon_core.package_identification:_identify(/home/faith/Work/carto_ws/src/OrbbecSDK_ROS2/orbbec_camera) by extension 'ignore_ament_install'
[0.555s] Level 1:colcon.colcon_core.package_identification:_identify(/home/faith/Work/carto_ws/src/OrbbecSDK_ROS2/orbbec_camera) by extensions ['colcon_pkg']
[0.555s] Level 1:colcon.colcon_core.package_identification:_identify(/home/faith/Work/carto_ws/src/OrbbecSDK_ROS2/orbbec_camera) by extension 'colcon_pkg'
[0.555s] Level 1:colcon.colcon_core.package_identification:_identify(/home/faith/Work/carto_ws/src/OrbbecSDK_ROS2/orbbec_camera) by extensions ['colcon_meta']
[0.555s] Level 1:colcon.colcon_core.package_identification:_identify(/home/faith/Work/carto_ws/src/OrbbecSDK_ROS2/orbbec_camera) by extension 'colcon_meta'
[0.555s] Level 1:colcon.colcon_core.package_identification:_identify(/home/faith/Work/carto_ws/src/OrbbecSDK_ROS2/orbbec_camera) by extensions ['ros']
[0.555s] Level 1:colcon.colcon_core.package_identification:_identify(/home/faith/Work/carto_ws/src/OrbbecSDK_ROS2/orbbec_camera) by extension 'ros'
[0.561s] DEBUG:colcon.colcon_core.package_identification:Package '/home/faith/Work/carto_ws/src/OrbbecSDK_ROS2/orbbec_camera' with type 'ros.ament_cmake' and name 'orbbec_camera'
[0.561s] Level 1:colcon.colcon_core.package_identification:_identify(/home/faith/Work/carto_ws/src/OrbbecSDK_ROS2/orbbec_camera_msgs) by extensions ['ignore', 'ignore_ament_install']
[0.561s] Level 1:colcon.colcon_core.package_identification:_identify(/home/faith/Work/carto_ws/src/OrbbecSDK_ROS2/orbbec_camera_msgs) by extension 'ignore'
[0.561s] Level 1:colcon.colcon_core.package_identification:_identify(/home/faith/Work/carto_ws/src/OrbbecSDK_ROS2/orbbec_camera_msgs) by extension 'ignore_ament_install'
[0.561s] Level 1:colcon.colcon_core.package_identification:_identify(/home/faith/Work/carto_ws/src/OrbbecSDK_ROS2/orbbec_camera_msgs) by extensions ['colcon_pkg']
[0.561s] Level 1:colcon.colcon_core.package_identification:_identify(/home/faith/Work/carto_ws/src/OrbbecSDK_ROS2/orbbec_camera_msgs) by extension 'colcon_pkg'
[0.561s] Level 1:colcon.colcon_core.package_identification:_identify(/home/faith/Work/carto_ws/src/OrbbecSDK_ROS2/orbbec_camera_msgs) by extensions ['colcon_meta']
[0.561s] Level 1:colcon.colcon_core.package_identification:_identify(/home/faith/Work/carto_ws/src/OrbbecSDK_ROS2/orbbec_camera_msgs) by extension 'colcon_meta'
[0.562s] Level 1:colcon.colcon_core.package_identification:_identify(/home/faith/Work/carto_ws/src/OrbbecSDK_ROS2/orbbec_camera_msgs) by extensions ['ros']
[0.562s] Level 1:colcon.colcon_core.package_identification:_identify(/home/faith/Work/carto_ws/src/OrbbecSDK_ROS2/orbbec_camera_msgs) by extension 'ros'
[0.562s] DEBUG:colcon.colcon_core.package_identification:Package '/home/faith/Work/carto_ws/src/OrbbecSDK_ROS2/orbbec_camera_msgs' with type 'ros.ament_cmake' and name 'orbbec_camera_msgs'
[0.563s] Level 1:colcon.colcon_core.package_identification:_identify(/home/faith/Work/carto_ws/src/OrbbecSDK_ROS2/orbbec_description) by extensions ['ignore', 'ignore_ament_install']
[0.563s] Level 1:colcon.colcon_core.package_identification:_identify(/home/faith/Work/carto_ws/src/OrbbecSDK_ROS2/orbbec_description) by extension 'ignore'
[0.563s] Level 1:colcon.colcon_core.package_identification:_identify(/home/faith/Work/carto_ws/src/OrbbecSDK_ROS2/orbbec_description) by extension 'ignore_ament_install'
[0.563s] Level 1:colcon.colcon_core.package_identification:_identify(/home/faith/Work/carto_ws/src/OrbbecSDK_ROS2/orbbec_description) by extensions ['colcon_pkg']
[0.563s] Level 1:colcon.colcon_core.package_identification:_identify(/home/faith/Work/carto_ws/src/OrbbecSDK_ROS2/orbbec_description) by extension 'colcon_pkg'
[0.563s] Level 1:colcon.colcon_core.package_identification:_identify(/home/faith/Work/carto_ws/src/OrbbecSDK_ROS2/orbbec_description) by extensions ['colcon_meta']
[0.563s] Level 1:colcon.colcon_core.package_identification:_identify(/home/faith/Work/carto_ws/src/OrbbecSDK_ROS2/orbbec_description) by extension 'colcon_meta'
[0.563s] Level 1:colcon.colcon_core.package_identification:_identify(/home/faith/Work/carto_ws/src/OrbbecSDK_ROS2/orbbec_description) by extensions ['ros']
[0.563s] Level 1:colcon.colcon_core.package_identification:_identify(/home/faith/Work/carto_ws/src/OrbbecSDK_ROS2/orbbec_description) by extension 'ros'
[0.564s] DEBUG:colcon.colcon_core.package_identification:Package '/home/faith/Work/carto_ws/src/OrbbecSDK_ROS2/orbbec_description' with type 'ros.ament_cmake' and name 'orbbec_description'
[0.564s] Level 1:colcon.colcon_core.package_identification:_identify(/home/faith/Work/carto_ws/src/build) by extensions ['ignore', 'ignore_ament_install']
[0.564s] Level 1:colcon.colcon_core.package_identification:_identify(/home/faith/Work/carto_ws/src/build) by extension 'ignore'
[0.564s] Level 1:colcon.colcon_core.package_identification:_identify(/home/faith/Work/carto_ws/src/build) ignored
[0.564s] Level 1:colcon.colcon_core.package_identification:_identify(/home/faith/Work/carto_ws/src/cartographer) by extensions ['ignore', 'ignore_ament_install']
[0.564s] Level 1:colcon.colcon_core.package_identification:_identify(/home/faith/Work/carto_ws/src/cartographer) by extension 'ignore'
[0.565s] Level 1:colcon.colcon_core.package_identification:_identify(/home/faith/Work/carto_ws/src/cartographer) by extension 'ignore_ament_install'
[0.565s] Level 1:colcon.colcon_core.package_identification:_identify(/home/faith/Work/carto_ws/src/cartographer) by extensions ['colcon_pkg']
[0.565s] Level 1:colcon.colcon_core.package_identification:_identify(/home/faith/Work/carto_ws/src/cartographer) by extension 'colcon_pkg'
[0.565s] Level 1:colcon.colcon_core.package_identification:_identify(/home/faith/Work/carto_ws/src/cartographer) by extensions ['colcon_meta']
[0.565s] Level 1:colcon.colcon_core.package_identification:_identify(/home/faith/Work/carto_ws/src/cartographer) by extension 'colcon_meta'
[0.565s] Level 1:colcon.colcon_core.package_identification:_identify(/home/faith/Work/carto_ws/src/cartographer) by extensions ['ros']
[0.565s] Level 1:colcon.colcon_core.package_identification:_identify(/home/faith/Work/carto_ws/src/cartographer) by extension 'ros'
[0.567s] DEBUG:colcon.colcon_core.package_identification:Package '/home/faith/Work/carto_ws/src/cartographer' with type 'ros.cmake' and name 'cartographer'
[0.567s] Level 1:colcon.colcon_core.package_identification:_identify(/home/faith/Work/carto_ws/src/cartographer_ros) by extensions ['ignore', 'ignore_ament_install']
[0.567s] Level 1:colcon.colcon_core.package_identification:_identify(/home/faith/Work/carto_ws/src/cartographer_ros) by extension 'ignore'
[0.567s] Level 1:colcon.colcon_core.package_identification:_identify(/home/faith/Work/carto_ws/src/cartographer_ros) by extension 'ignore_ament_install'
[0.567s] Level 1:colcon.colcon_core.package_identification:_identify(/home/faith/Work/carto_ws/src/cartographer_ros) by extensions ['colcon_pkg']
[0.567s] Level 1:colcon.colcon_core.package_identification:_identify(/home/faith/Work/carto_ws/src/cartographer_ros) by extension 'colcon_pkg'
[0.567s] Level 1:colcon.colcon_core.package_identification:_identify(/home/faith/Work/carto_ws/src/cartographer_ros) by extensions ['colcon_meta']
[0.567s] Level 1:colcon.colcon_core.package_identification:_identify(/home/faith/Work/carto_ws/src/cartographer_ros) by extension 'colcon_meta'
[0.567s] Level 1:colcon.colcon_core.package_identification:_identify(/home/faith/Work/carto_ws/src/cartographer_ros) by extensions ['ros']
[0.567s] Level 1:colcon.colcon_core.package_identification:_identify(/home/faith/Work/carto_ws/src/cartographer_ros) by extension 'ros'
[0.567s] Level 1:colcon.colcon_core.package_identification:_identify(/home/faith/Work/carto_ws/src/cartographer_ros) by extensions ['cmake', 'python']
[0.567s] Level 1:colcon.colcon_core.package_identification:_identify(/home/faith/Work/carto_ws/src/cartographer_ros) by extension 'cmake'
[0.567s] Level 1:colcon.colcon_core.package_identification:_identify(/home/faith/Work/carto_ws/src/cartographer_ros) by extension 'python'
[0.567s] Level 1:colcon.colcon_core.package_identification:_identify(/home/faith/Work/carto_ws/src/cartographer_ros) by extensions ['python_setup_py']
[0.567s] Level 1:colcon.colcon_core.package_identification:_identify(/home/faith/Work/carto_ws/src/cartographer_ros) by extension 'python_setup_py'
[0.568s] Level 1:colcon.colcon_core.package_identification:_identify(/home/faith/Work/carto_ws/src/cartographer_ros/cartographer_ros) by extensions ['ignore', 'ignore_ament_install']
[0.568s] Level 1:colcon.colcon_core.package_identification:_identify(/home/faith/Work/carto_ws/src/cartographer_ros/cartographer_ros) by extension 'ignore'
[0.568s] Level 1:colcon.colcon_core.package_identification:_identify(/home/faith/Work/carto_ws/src/cartographer_ros/cartographer_ros) by extension 'ignore_ament_install'
[0.568s] Level 1:colcon.colcon_core.package_identification:_identify(/home/faith/Work/carto_ws/src/cartographer_ros/cartographer_ros) by extensions ['colcon_pkg']
[0.568s] Level 1:colcon.colcon_core.package_identification:_identify(/home/faith/Work/carto_ws/src/cartographer_ros/cartographer_ros) by extension 'colcon_pkg'
[0.568s] Level 1:colcon.colcon_core.package_identification:_identify(/home/faith/Work/carto_ws/src/cartographer_ros/cartographer_ros) by extensions ['colcon_meta']
[0.568s] Level 1:colcon.colcon_core.package_identification:_identify(/home/faith/Work/carto_ws/src/cartographer_ros/cartographer_ros) by extension 'colcon_meta'
[0.568s] Level 1:colcon.colcon_core.package_identification:_identify(/home/faith/Work/carto_ws/src/cartographer_ros/cartographer_ros) by extensions ['ros']
[0.568s] Level 1:colcon.colcon_core.package_identification:_identify(/home/faith/Work/carto_ws/src/cartographer_ros/cartographer_ros) by extension 'ros'
[0.572s] DEBUG:colcon.colcon_core.package_identification:Package '/home/faith/Work/carto_ws/src/cartographer_ros/cartographer_ros' with type 'ros.ament_cmake' and name 'cartographer_ros'
[0.572s] Level 1:colcon.colcon_core.package_identification:_identify(/home/faith/Work/carto_ws/src/cartographer_ros/cartographer_ros_msgs) by extensions ['ignore', 'ignore_ament_install']
[0.572s] Level 1:colcon.colcon_core.package_identification:_identify(/home/faith/Work/carto_ws/src/cartographer_ros/cartographer_ros_msgs) by extension 'ignore'
[0.572s] Level 1:colcon.colcon_core.package_identification:_identify(/home/faith/Work/carto_ws/src/cartographer_ros/cartographer_ros_msgs) by extension 'ignore_ament_install'
[0.572s] Level 1:colcon.colcon_core.package_identification:_identify(/home/faith/Work/carto_ws/src/cartographer_ros/cartographer_ros_msgs) by extensions ['colcon_pkg']
[0.572s] Level 1:colcon.colcon_core.package_identification:_identify(/home/faith/Work/carto_ws/src/cartographer_ros/cartographer_ros_msgs) by extension 'colcon_pkg'
[0.572s] Level 1:colcon.colcon_core.package_identification:_identify(/home/faith/Work/carto_ws/src/cartographer_ros/cartographer_ros_msgs) by extensions ['colcon_meta']
[0.572s] Level 1:colcon.colcon_core.package_identification:_identify(/home/faith/Work/carto_ws/src/cartographer_ros/cartographer_ros_msgs) by extension 'colcon_meta'
[0.572s] Level 1:colcon.colcon_core.package_identification:_identify(/home/faith/Work/carto_ws/src/cartographer_ros/cartographer_ros_msgs) by extensions ['ros']
[0.572s] Level 1:colcon.colcon_core.package_identification:_identify(/home/faith/Work/carto_ws/src/cartographer_ros/cartographer_ros_msgs) by extension 'ros'
[0.573s] DEBUG:colcon.colcon_core.package_identification:Package '/home/faith/Work/carto_ws/src/cartographer_ros/cartographer_ros_msgs' with type 'ros.ament_cmake' and name 'cartographer_ros_msgs'
[0.574s] Level 1:colcon.colcon_core.package_identification:_identify(/home/faith/Work/carto_ws/src/cartographer_ros/cartographer_rviz) by extensions ['ignore', 'ignore_ament_install']
[0.574s] Level 1:colcon.colcon_core.package_identification:_identify(/home/faith/Work/carto_ws/src/cartographer_ros/cartographer_rviz) by extension 'ignore'
[0.574s] Level 1:colcon.colcon_core.package_identification:_identify(/home/faith/Work/carto_ws/src/cartographer_ros/cartographer_rviz) by extension 'ignore_ament_install'
[0.574s] Level 1:colcon.colcon_core.package_identification:_identify(/home/faith/Work/carto_ws/src/cartographer_ros/cartographer_rviz) by extensions ['colcon_pkg']
[0.574s] Level 1:colcon.colcon_core.package_identification:_identify(/home/faith/Work/carto_ws/src/cartographer_ros/cartographer_rviz) by extension 'colcon_pkg'
[0.574s] Level 1:colcon.colcon_core.package_identification:_identify(/home/faith/Work/carto_ws/src/cartographer_ros/cartographer_rviz) by extensions ['colcon_meta']
[0.574s] Level 1:colcon.colcon_core.package_identification:_identify(/home/faith/Work/carto_ws/src/cartographer_ros/cartographer_rviz) by extension 'colcon_meta'
[0.574s] Level 1:colcon.colcon_core.package_identification:_identify(/home/faith/Work/carto_ws/src/cartographer_ros/cartographer_rviz) by extensions ['ros']
[0.574s] Level 1:colcon.colcon_core.package_identification:_identify(/home/faith/Work/carto_ws/src/cartographer_ros/cartographer_rviz) by extension 'ros'
[0.576s] DEBUG:colcon.colcon_core.package_identification:Package '/home/faith/Work/carto_ws/src/cartographer_ros/cartographer_rviz' with type 'ros.ament_cmake' and name 'cartographer_rviz'
[0.576s] Level 1:colcon.colcon_core.package_identification:_identify(/home/faith/Work/carto_ws/src/cartographer_ros/docs) by extensions ['ignore', 'ignore_ament_install']
[0.576s] Level 1:colcon.colcon_core.package_identification:_identify(/home/faith/Work/carto_ws/src/cartographer_ros/docs) by extension 'ignore'
[0.576s] Level 1:colcon.colcon_core.package_identification:_identify(/home/faith/Work/carto_ws/src/cartographer_ros/docs) ignored
[0.576s] Level 1:colcon.colcon_core.package_identification:_identify(/home/faith/Work/carto_ws/src/cartographer_ros/scripts) by extensions ['ignore', 'ignore_ament_install']
[0.577s] Level 1:colcon.colcon_core.package_identification:_identify(/home/faith/Work/carto_ws/src/cartographer_ros/scripts) by extension 'ignore'
[0.577s] Level 1:colcon.colcon_core.package_identification:_identify(/home/faith/Work/carto_ws/src/cartographer_ros/scripts) by extension 'ignore_ament_install'
[0.577s] Level 1:colcon.colcon_core.package_identification:_identify(/home/faith/Work/carto_ws/src/cartographer_ros/scripts) by extensions ['colcon_pkg']
[0.577s] Level 1:colcon.colcon_core.package_identification:_identify(/home/faith/Work/carto_ws/src/cartographer_ros/scripts) by extension 'colcon_pkg'
[0.577s] Level 1:colcon.colcon_core.package_identification:_identify(/home/faith/Work/carto_ws/src/cartographer_ros/scripts) by extensions ['colcon_meta']
[0.577s] Level 1:colcon.colcon_core.package_identification:_identify(/home/faith/Work/carto_ws/src/cartographer_ros/scripts) by extension 'colcon_meta'
[0.577s] Level 1:colcon.colcon_core.package_identification:_identify(/home/faith/Work/carto_ws/src/cartographer_ros/scripts) by extensions ['ros']
[0.577s] Level 1:colcon.colcon_core.package_identification:_identify(/home/faith/Work/carto_ws/src/cartographer_ros/scripts) by extension 'ros'
[0.577s] Level 1:colcon.colcon_core.package_identification:_identify(/home/faith/Work/carto_ws/src/cartographer_ros/scripts) by extensions ['cmake', 'python']
[0.577s] Level 1:colcon.colcon_core.package_identification:_identify(/home/faith/Work/carto_ws/src/cartographer_ros/scripts) by extension 'cmake'
[0.577s] Level 1:colcon.colcon_core.package_identification:_identify(/home/faith/Work/carto_ws/src/cartographer_ros/scripts) by extension 'python'
[0.577s] Level 1:colcon.colcon_core.package_identification:_identify(/home/faith/Work/carto_ws/src/cartographer_ros/scripts) by extensions ['python_setup_py']
[0.577s] Level 1:colcon.colcon_core.package_identification:_identify(/home/faith/Work/carto_ws/src/cartographer_ros/scripts) by extension 'python_setup_py'
[0.577s] Level 1:colcon.colcon_core.package_identification:_identify(/home/faith/Work/carto_ws/src/city_li) by extensions ['ignore', 'ignore_ament_install']
[0.577s] Level 1:colcon.colcon_core.package_identification:_identify(/home/faith/Work/carto_ws/src/city_li) by extension 'ignore'
[0.577s] Level 1:colcon.colcon_core.package_identification:_identify(/home/faith/Work/carto_ws/src/city_li) by extension 'ignore_ament_install'
[0.578s] Level 1:colcon.colcon_core.package_identification:_identify(/home/faith/Work/carto_ws/src/city_li) by extensions ['colcon_pkg']
[0.578s] Level 1:colcon.colcon_core.package_identification:_identify(/home/faith/Work/carto_ws/src/city_li) by extension 'colcon_pkg'
[0.578s] Level 1:colcon.colcon_core.package_identification:_identify(/home/faith/Work/carto_ws/src/city_li) by extensions ['colcon_meta']
[0.578s] Level 1:colcon.colcon_core.package_identification:_identify(/home/faith/Work/carto_ws/src/city_li) by extension 'colcon_meta'
[0.578s] Level 1:colcon.colcon_core.package_identification:_identify(/home/faith/Work/carto_ws/src/city_li) by extensions ['ros']
[0.578s] Level 1:colcon.colcon_core.package_identification:_identify(/home/faith/Work/carto_ws/src/city_li) by extension 'ros'
[0.579s] DEBUG:colcon.colcon_core.package_identification:Package '/home/faith/Work/carto_ws/src/city_li' with type 'ros.ament_python' and name 'city_li'
[0.579s] Level 1:colcon.colcon_core.package_identification:_identify(/home/faith/Work/carto_ws/src/city_w) by extensions ['ignore', 'ignore_ament_install']
[0.579s] Level 1:colcon.colcon_core.package_identification:_identify(/home/faith/Work/carto_ws/src/city_w) by extension 'ignore'
[0.579s] Level 1:colcon.colcon_core.package_identification:_identify(/home/faith/Work/carto_ws/src/city_w) by extension 'ignore_ament_install'
[0.579s] Level 1:colcon.colcon_core.package_identification:_identify(/home/faith/Work/carto_ws/src/city_w) by extensions ['colcon_pkg']
[0.579s] Level 1:colcon.colcon_core.package_identification:_identify(/home/faith/Work/carto_ws/src/city_w) by extension 'colcon_pkg'
[0.579s] Level 1:colcon.colcon_core.package_identification:_identify(/home/faith/Work/carto_ws/src/city_w) by extensions ['colcon_meta']
[0.579s] Level 1:colcon.colcon_core.package_identification:_identify(/home/faith/Work/carto_ws/src/city_w) by extension 'colcon_meta'
[0.579s] Level 1:colcon.colcon_core.package_identification:_identify(/home/faith/Work/carto_ws/src/city_w) by extensions ['ros']
[0.579s] Level 1:colcon.colcon_core.package_identification:_identify(/home/faith/Work/carto_ws/src/city_w) by extension 'ros'
[0.580s] DEBUG:colcon.colcon_core.package_identification:Package '/home/faith/Work/carto_ws/src/city_w' with type 'ros.ament_cmake' and name 'city_w'
[0.580s] Level 1:colcon.colcon_core.package_identification:_identify(/home/faith/Work/carto_ws/src/faithbot_cartographer) by extensions ['ignore', 'ignore_ament_install']
[0.580s] Level 1:colcon.colcon_core.package_identification:_identify(/home/faith/Work/carto_ws/src/faithbot_cartographer) by extension 'ignore'
[0.580s] Level 1:colcon.colcon_core.package_identification:_identify(/home/faith/Work/carto_ws/src/faithbot_cartographer) by extension 'ignore_ament_install'
[0.580s] Level 1:colcon.colcon_core.package_identification:_identify(/home/faith/Work/carto_ws/src/faithbot_cartographer) by extensions ['colcon_pkg']
[0.580s] Level 1:colcon.colcon_core.package_identification:_identify(/home/faith/Work/carto_ws/src/faithbot_cartographer) by extension 'colcon_pkg'
[0.580s] Level 1:colcon.colcon_core.package_identification:_identify(/home/faith/Work/carto_ws/src/faithbot_cartographer) by extensions ['colcon_meta']
[0.580s] Level 1:colcon.colcon_core.package_identification:_identify(/home/faith/Work/carto_ws/src/faithbot_cartographer) by extension 'colcon_meta'
[0.581s] Level 1:colcon.colcon_core.package_identification:_identify(/home/faith/Work/carto_ws/src/faithbot_cartographer) by extensions ['ros']
[0.581s] Level 1:colcon.colcon_core.package_identification:_identify(/home/faith/Work/carto_ws/src/faithbot_cartographer) by extension 'ros'
[0.581s] DEBUG:colcon.colcon_core.package_identification:Package '/home/faith/Work/carto_ws/src/faithbot_cartographer' with type 'ros.ament_cmake' and name 'faithbot_cartographer'
[0.581s] Level 1:colcon.colcon_core.package_identification:_identify(/home/faith/Work/carto_ws/src/faithcar_ctrl) by extensions ['ignore', 'ignore_ament_install']
[0.581s] Level 1:colcon.colcon_core.package_identification:_identify(/home/faith/Work/carto_ws/src/faithcar_ctrl) by extension 'ignore'
[0.581s] Level 1:colcon.colcon_core.package_identification:_identify(/home/faith/Work/carto_ws/src/faithcar_ctrl) by extension 'ignore_ament_install'
[0.582s] Level 1:colcon.colcon_core.package_identification:_identify(/home/faith/Work/carto_ws/src/faithcar_ctrl) by extensions ['colcon_pkg']
[0.582s] Level 1:colcon.colcon_core.package_identification:_identify(/home/faith/Work/carto_ws/src/faithcar_ctrl) by extension 'colcon_pkg'
[0.582s] Level 1:colcon.colcon_core.package_identification:_identify(/home/faith/Work/carto_ws/src/faithcar_ctrl) by extensions ['colcon_meta']
[0.582s] Level 1:colcon.colcon_core.package_identification:_identify(/home/faith/Work/carto_ws/src/faithcar_ctrl) by extension 'colcon_meta'
[0.582s] Level 1:colcon.colcon_core.package_identification:_identify(/home/faith/Work/carto_ws/src/faithcar_ctrl) by extensions ['ros']
[0.582s] Level 1:colcon.colcon_core.package_identification:_identify(/home/faith/Work/carto_ws/src/faithcar_ctrl) by extension 'ros'
[0.582s] DEBUG:colcon.colcon_core.package_identification:Package '/home/faith/Work/carto_ws/src/faithcar_ctrl' with type 'ros.ament_python' and name 'faithcar_ctrl'
[0.583s] Level 1:colcon.colcon_core.package_identification:_identify(/home/faith/Work/carto_ws/src/fishbot_description) by extensions ['ignore', 'ignore_ament_install']
[0.583s] Level 1:colcon.colcon_core.package_identification:_identify(/home/faith/Work/carto_ws/src/fishbot_description) by extension 'ignore'
[0.583s] Level 1:colcon.colcon_core.package_identification:_identify(/home/faith/Work/carto_ws/src/fishbot_description) by extension 'ignore_ament_install'
[0.583s] Level 1:colcon.colcon_core.package_identification:_identify(/home/faith/Work/carto_ws/src/fishbot_description) by extensions ['colcon_pkg']
[0.583s] Level 1:colcon.colcon_core.package_identification:_identify(/home/faith/Work/carto_ws/src/fishbot_description) by extension 'colcon_pkg'
[0.583s] Level 1:colcon.colcon_core.package_identification:_identify(/home/faith/Work/carto_ws/src/fishbot_description) by extensions ['colcon_meta']
[0.583s] Level 1:colcon.colcon_core.package_identification:_identify(/home/faith/Work/carto_ws/src/fishbot_description) by extension 'colcon_meta'
[0.583s] Level 1:colcon.colcon_core.package_identification:_identify(/home/faith/Work/carto_ws/src/fishbot_description) by extensions ['ros']
[0.583s] Level 1:colcon.colcon_core.package_identification:_identify(/home/faith/Work/carto_ws/src/fishbot_description) by extension 'ros'
[0.584s] DEBUG:colcon.colcon_core.package_identification:Package '/home/faith/Work/carto_ws/src/fishbot_description' with type 'ros.ament_python' and name 'fishbot_description'
[0.584s] Level 1:colcon.colcon_core.package_identification:_identify(/home/faith/Work/carto_ws/src/install) by extensions ['ignore', 'ignore_ament_install']
[0.584s] Level 1:colcon.colcon_core.package_identification:_identify(/home/faith/Work/carto_ws/src/install) by extension 'ignore'
[0.584s] Level 1:colcon.colcon_core.package_identification:_identify(/home/faith/Work/carto_ws/src/install) ignored
[0.584s] Level 1:colcon.colcon_core.package_identification:_identify(/home/faith/Work/carto_ws/src/log) by extensions ['ignore', 'ignore_ament_install']
[0.584s] Level 1:colcon.colcon_core.package_identification:_identify(/home/faith/Work/carto_ws/src/log) by extension 'ignore'
[0.584s] Level 1:colcon.colcon_core.package_identification:_identify(/home/faith/Work/carto_ws/src/log) ignored
[0.584s] Level 1:colcon.colcon_core.package_identification:_identify(/home/faith/Work/carto_ws/src/orbslam3_ros2) by extensions ['ignore', 'ignore_ament_install']
[0.585s] Level 1:colcon.colcon_core.package_identification:_identify(/home/faith/Work/carto_ws/src/orbslam3_ros2) by extension 'ignore'
[0.585s] Level 1:colcon.colcon_core.package_identification:_identify(/home/faith/Work/carto_ws/src/orbslam3_ros2) by extension 'ignore_ament_install'
[0.585s] Level 1:colcon.colcon_core.package_identification:_identify(/home/faith/Work/carto_ws/src/orbslam3_ros2) by extensions ['colcon_pkg']
[0.585s] Level 1:colcon.colcon_core.package_identification:_identify(/home/faith/Work/carto_ws/src/orbslam3_ros2) by extension 'colcon_pkg'
[0.585s] Level 1:colcon.colcon_core.package_identification:_identify(/home/faith/Work/carto_ws/src/orbslam3_ros2) by extensions ['colcon_meta']
[0.585s] Level 1:colcon.colcon_core.package_identification:_identify(/home/faith/Work/carto_ws/src/orbslam3_ros2) by extension 'colcon_meta'
[0.585s] Level 1:colcon.colcon_core.package_identification:_identify(/home/faith/Work/carto_ws/src/orbslam3_ros2) by extensions ['ros']
[0.585s] Level 1:colcon.colcon_core.package_identification:_identify(/home/faith/Work/carto_ws/src/orbslam3_ros2) by extension 'ros'
[0.586s] DEBUG:colcon.colcon_core.package_identification:Package '/home/faith/Work/carto_ws/src/orbslam3_ros2' with type 'ros.ament_cmake' and name 'orbslam3'
[0.586s] Level 1:colcon.colcon_core.package_identification:_identify(/home/faith/Work/carto_ws/src/ros2_astra_camera) by extensions ['ignore', 'ignore_ament_install']
[0.586s] Level 1:colcon.colcon_core.package_identification:_identify(/home/faith/Work/carto_ws/src/ros2_astra_camera) by extension 'ignore'
[0.586s] Level 1:colcon.colcon_core.package_identification:_identify(/home/faith/Work/carto_ws/src/ros2_astra_camera) by extension 'ignore_ament_install'
[0.586s] Level 1:colcon.colcon_core.package_identification:_identify(/home/faith/Work/carto_ws/src/ros2_astra_camera) by extensions ['colcon_pkg']
[0.586s] Level 1:colcon.colcon_core.package_identification:_identify(/home/faith/Work/carto_ws/src/ros2_astra_camera) by extension 'colcon_pkg'
[0.586s] Level 1:colcon.colcon_core.package_identification:_identify(/home/faith/Work/carto_ws/src/ros2_astra_camera) by extensions ['colcon_meta']
[0.586s] Level 1:colcon.colcon_core.package_identification:_identify(/home/faith/Work/carto_ws/src/ros2_astra_camera) by extension 'colcon_meta'
[0.586s] Level 1:colcon.colcon_core.package_identification:_identify(/home/faith/Work/carto_ws/src/ros2_astra_camera) by extensions ['ros']
[0.586s] Level 1:colcon.colcon_core.package_identification:_identify(/home/faith/Work/carto_ws/src/ros2_astra_camera) by extension 'ros'
[0.587s] Level 1:colcon.colcon_core.package_identification:_identify(/home/faith/Work/carto_ws/src/ros2_astra_camera) by extensions ['cmake', 'python']
[0.587s] Level 1:colcon.colcon_core.package_identification:_identify(/home/faith/Work/carto_ws/src/ros2_astra_camera) by extension 'cmake'
[0.587s] Level 1:colcon.colcon_core.package_identification:_identify(/home/faith/Work/carto_ws/src/ros2_astra_camera) by extension 'python'
[0.587s] Level 1:colcon.colcon_core.package_identification:_identify(/home/faith/Work/carto_ws/src/ros2_astra_camera) by extensions ['python_setup_py']
[0.587s] Level 1:colcon.colcon_core.package_identification:_identify(/home/faith/Work/carto_ws/src/ros2_astra_camera) by extension 'python_setup_py'
[0.587s] Level 1:colcon.colcon_core.package_identification:_identify(/home/faith/Work/carto_ws/src/ros2_astra_camera/astra_camera) by extensions ['ignore', 'ignore_ament_install']
[0.587s] Level 1:colcon.colcon_core.package_identification:_identify(/home/faith/Work/carto_ws/src/ros2_astra_camera/astra_camera) by extension 'ignore'
[0.587s] Level 1:colcon.colcon_core.package_identification:_identify(/home/faith/Work/carto_ws/src/ros2_astra_camera/astra_camera) by extension 'ignore_ament_install'
[0.587s] Level 1:colcon.colcon_core.package_identification:_identify(/home/faith/Work/carto_ws/src/ros2_astra_camera/astra_camera) by extensions ['colcon_pkg']
[0.587s] Level 1:colcon.colcon_core.package_identification:_identify(/home/faith/Work/carto_ws/src/ros2_astra_camera/astra_camera) by extension 'colcon_pkg'
[0.587s] Level 1:colcon.colcon_core.package_identification:_identify(/home/faith/Work/carto_ws/src/ros2_astra_camera/astra_camera) by extensions ['colcon_meta']
[0.587s] Level 1:colcon.colcon_core.package_identification:_identify(/home/faith/Work/carto_ws/src/ros2_astra_camera/astra_camera) by extension 'colcon_meta'
[0.587s] Level 1:colcon.colcon_core.package_identification:_identify(/home/faith/Work/carto_ws/src/ros2_astra_camera/astra_camera) by extensions ['ros']
[0.587s] Level 1:colcon.colcon_core.package_identification:_identify(/home/faith/Work/carto_ws/src/ros2_astra_camera/astra_camera) by extension 'ros'
[0.591s] DEBUG:colcon.colcon_core.package_identification:Package '/home/faith/Work/carto_ws/src/ros2_astra_camera/astra_camera' with type 'ros.ament_cmake' and name 'astra_camera'
[0.591s] Level 1:colcon.colcon_core.package_identification:_identify(/home/faith/Work/carto_ws/src/ros2_astra_camera/astra_camera_msgs) by extensions ['ignore', 'ignore_ament_install']
[0.591s] Level 1:colcon.colcon_core.package_identification:_identify(/home/faith/Work/carto_ws/src/ros2_astra_camera/astra_camera_msgs) by extension 'ignore'
[0.591s] Level 1:colcon.colcon_core.package_identification:_identify(/home/faith/Work/carto_ws/src/ros2_astra_camera/astra_camera_msgs) by extension 'ignore_ament_install'
[0.591s] Level 1:colcon.colcon_core.package_identification:_identify(/home/faith/Work/carto_ws/src/ros2_astra_camera/astra_camera_msgs) by extensions ['colcon_pkg']
[0.591s] Level 1:colcon.colcon_core.package_identification:_identify(/home/faith/Work/carto_ws/src/ros2_astra_camera/astra_camera_msgs) by extension 'colcon_pkg'
[0.591s] Level 1:colcon.colcon_core.package_identification:_identify(/home/faith/Work/carto_ws/src/ros2_astra_camera/astra_camera_msgs) by extensions ['colcon_meta']
[0.591s] Level 1:colcon.colcon_core.package_identification:_identify(/home/faith/Work/carto_ws/src/ros2_astra_camera/astra_camera_msgs) by extension 'colcon_meta'
[0.591s] Level 1:colcon.colcon_core.package_identification:_identify(/home/faith/Work/carto_ws/src/ros2_astra_camera/astra_camera_msgs) by extensions ['ros']
[0.591s] Level 1:colcon.colcon_core.package_identification:_identify(/home/faith/Work/carto_ws/src/ros2_astra_camera/astra_camera_msgs) by extension 'ros'
[0.592s] DEBUG:colcon.colcon_core.package_identification:Package '/home/faith/Work/carto_ws/src/ros2_astra_camera/astra_camera_msgs' with type 'ros.ament_cmake' and name 'astra_camera_msgs'
[0.593s] Level 1:colcon.colcon_core.package_identification:_identify(/home/faith/Work/carto_ws/src/sllidar_ros2) by extensions ['ignore', 'ignore_ament_install']
[0.593s] Level 1:colcon.colcon_core.package_identification:_identify(/home/faith/Work/carto_ws/src/sllidar_ros2) by extension 'ignore'
[0.593s] Level 1:colcon.colcon_core.package_identification:_identify(/home/faith/Work/carto_ws/src/sllidar_ros2) by extension 'ignore_ament_install'
[0.593s] Level 1:colcon.colcon_core.package_identification:_identify(/home/faith/Work/carto_ws/src/sllidar_ros2) by extensions ['colcon_pkg']
[0.593s] Level 1:colcon.colcon_core.package_identification:_identify(/home/faith/Work/carto_ws/src/sllidar_ros2) by extension 'colcon_pkg'
[0.593s] Level 1:colcon.colcon_core.package_identification:_identify(/home/faith/Work/carto_ws/src/sllidar_ros2) by extensions ['colcon_meta']
[0.593s] Level 1:colcon.colcon_core.package_identification:_identify(/home/faith/Work/carto_ws/src/sllidar_ros2) by extension 'colcon_meta'
[0.593s] Level 1:colcon.colcon_core.package_identification:_identify(/home/faith/Work/carto_ws/src/sllidar_ros2) by extensions ['ros']
[0.593s] Level 1:colcon.colcon_core.package_identification:_identify(/home/faith/Work/carto_ws/src/sllidar_ros2) by extension 'ros'
[0.594s] DEBUG:colcon.colcon_core.package_identification:Package '/home/faith/Work/carto_ws/src/sllidar_ros2' with type 'ros.ament_cmake' and name 'sllidar_ros2'
[0.595s] Level 1:colcon.colcon_core.package_identification:_identify(/home/faith/Work/carto_ws/src/yahboomcar_description) by extensions ['ignore', 'ignore_ament_install']
[0.595s] Level 1:colcon.colcon_core.package_identification:_identify(/home/faith/Work/carto_ws/src/yahboomcar_description) by extension 'ignore'
[0.595s] Level 1:colcon.colcon_core.package_identification:_identify(/home/faith/Work/carto_ws/src/yahboomcar_description) by extension 'ignore_ament_install'
[0.595s] Level 1:colcon.colcon_core.package_identification:_identify(/home/faith/Work/carto_ws/src/yahboomcar_description) by extensions ['colcon_pkg']
[0.595s] Level 1:colcon.colcon_core.package_identification:_identify(/home/faith/Work/carto_ws/src/yahboomcar_description) by extension 'colcon_pkg'
[0.595s] Level 1:colcon.colcon_core.package_identification:_identify(/home/faith/Work/carto_ws/src/yahboomcar_description) by extensions ['colcon_meta']
[0.595s] Level 1:colcon.colcon_core.package_identification:_identify(/home/faith/Work/carto_ws/src/yahboomcar_description) by extension 'colcon_meta'
[0.595s] Level 1:colcon.colcon_core.package_identification:_identify(/home/faith/Work/carto_ws/src/yahboomcar_description) by extensions ['ros']
[0.595s] Level 1:colcon.colcon_core.package_identification:_identify(/home/faith/Work/carto_ws/src/yahboomcar_description) by extension 'ros'
[0.596s] DEBUG:colcon.colcon_core.package_identification:Package '/home/faith/Work/carto_ws/src/yahboomcar_description' with type 'ros.ament_python' and name 'yahboomcar_description'
[0.596s] Level 1:colcon.colcon_core.package_discovery:discover_packages(recursive) using defaults
