[0.076s] Invoking command in '/home/faith/Work/carto_ws/build/faithbot_cartographer': CMAKE_PREFIX_PATH=${CMAKE_PREFIX_PATH}:/home/faith/Work/carto_ws/install/fishbot_description:/opt/ros/humble /usr/bin/cmake /home/faith/Work/carto_ws/src/faithbot_cartographer -DCMAKE_INSTALL_PREFIX=/home/faith/Work/carto_ws/install/faithbot_cartographer
[0.518s] -- Found ament_cmake: 1.3.5 (/opt/ros/humble/share/ament_cmake/cmake)
[0.519s] -- Found ament_lint_auto: 0.12.6 (/opt/ros/humble/share/ament_lint_auto/cmake)
[0.629s] -- Added test 'flake8' to check Python code syntax and style conventions
[0.631s] -- Added test 'lint_cmake' to check CMake code style
[0.632s] -- Added test 'pep257' to check Python code against some of the docstring style conventions in PEP 257
[0.635s] -- Added test 'xmllint' to check XML markup files
[0.637s] -- Configuring done
[0.642s] -- Generating done
[0.644s] -- Build files have been written to: /home/faith/Work/carto_ws/build/faithbot_cartographer
[0.651s] Invoked command in '/home/faith/Work/carto_ws/build/faithbot_cartographer' returned '0': CMAKE_PREFIX_PATH=${CMAKE_PREFIX_PATH}:/home/faith/Work/carto_ws/install/fishbot_description:/opt/ros/humble /usr/bin/cmake /home/faith/Work/carto_ws/src/faithbot_cartographer -DCMAKE_INSTALL_PREFIX=/home/faith/Work/carto_ws/install/faithbot_cartographer
[0.651s] Invoking command in '/home/faith/Work/carto_ws/build/faithbot_cartographer': CMAKE_PREFIX_PATH=${CMAKE_PREFIX_PATH}:/home/faith/Work/carto_ws/install/fishbot_description:/opt/ros/humble /usr/bin/cmake --build /home/faith/Work/carto_ws/build/faithbot_cartographer -- -j8 -l8
[1.036s] Invoked command in '/home/faith/Work/carto_ws/build/faithbot_cartographer' returned '0': CMAKE_PREFIX_PATH=${CMAKE_PREFIX_PATH}:/home/faith/Work/carto_ws/install/fishbot_description:/opt/ros/humble /usr/bin/cmake --build /home/faith/Work/carto_ws/build/faithbot_cartographer -- -j8 -l8
[1.143s] Invoking command in '/home/faith/Work/carto_ws/build/faithbot_cartographer': CMAKE_PREFIX_PATH=${CMAKE_PREFIX_PATH}:/home/faith/Work/carto_ws/install/fishbot_description:/opt/ros/humble /usr/bin/cmake --install /home/faith/Work/carto_ws/build/faithbot_cartographer
[1.509s] -- Install configuration: "Release"
[1.509s] -- Up-to-date: /home/faith/Work/carto_ws/install/faithbot_cartographer/share/ament_index/resource_index/package_run_dependencies/faithbot_cartographer
[1.509s] -- Up-to-date: /home/faith/Work/carto_ws/install/faithbot_cartographer/share/ament_index/resource_index/parent_prefix_path/faithbot_cartographer
[1.510s] -- Up-to-date: /home/faith/Work/carto_ws/install/faithbot_cartographer/share/faithbot_cartographer/environment/ament_prefix_path.sh
[1.510s] -- Installing: /home/faith/Work/carto_ws/install/faithbot_cartographer/share/faithbot_cartographer/environment/ament_prefix_path.dsv
[1.511s] -- Up-to-date: /home/faith/Work/carto_ws/install/faithbot_cartographer/share/faithbot_cartographer/environment/path.sh
[1.511s] -- Installing: /home/faith/Work/carto_ws/install/faithbot_cartographer/share/faithbot_cartographer/environment/path.dsv
[1.512s] -- Up-to-date: /home/faith/Work/carto_ws/install/faithbot_cartographer/share/faithbot_cartographer/local_setup.bash
[1.512s] -- Up-to-date: /home/faith/Work/carto_ws/install/faithbot_cartographer/share/faithbot_cartographer/local_setup.sh
[1.512s] -- Up-to-date: /home/faith/Work/carto_ws/install/faithbot_cartographer/share/faithbot_cartographer/local_setup.zsh
[1.513s] -- Installing: /home/faith/Work/carto_ws/install/faithbot_cartographer/share/faithbot_cartographer/local_setup.dsv
[1.513s] -- Installing: /home/faith/Work/carto_ws/install/faithbot_cartographer/share/faithbot_cartographer/package.dsv
[1.513s] -- Up-to-date: /home/faith/Work/carto_ws/install/faithbot_cartographer/share/ament_index/resource_index/packages/faithbot_cartographer
[1.514s] -- Up-to-date: /home/faith/Work/carto_ws/install/faithbot_cartographer/share/faithbot_cartographer/cmake/faithbot_cartographerConfig.cmake
[1.514s] -- Up-to-date: /home/faith/Work/carto_ws/install/faithbot_cartographer/share/faithbot_cartographer/cmake/faithbot_cartographerConfig-version.cmake
[1.515s] -- Up-to-date: /home/faith/Work/carto_ws/install/faithbot_cartographer/share/faithbot_cartographer/package.xml
[1.515s] -- Up-to-date: /home/faith/Work/carto_ws/install/faithbot_cartographer/share/faithbot_cartographer/config
[1.515s] -- Up-to-date: /home/faith/Work/carto_ws/install/faithbot_cartographer/share/faithbot_cartographer/config/faithbot_2d.lua
[1.516s] -- Up-to-date: /home/faith/Work/carto_ws/install/faithbot_cartographer/share/faithbot_cartographer/config/faithbot.lua
[1.521s] -- Up-to-date: /home/faith/Work/carto_ws/install/faithbot_cartographer/share/faithbot_cartographer/launch
[1.522s] -- Up-to-date: /home/faith/Work/carto_ws/install/faithbot_cartographer/share/faithbot_cartographer/launch/cartographer.launch.py
[1.522s] -- Up-to-date: /home/faith/Work/carto_ws/install/faithbot_cartographer/share/faithbot_cartographer/rviz
[1.523s] -- Up-to-date: /home/faith/Work/carto_ws/install/faithbot_cartographer/share/faithbot_cartographer/rviz/cartographer.rviz
[1.542s] Invoked command in '/home/faith/Work/carto_ws/build/faithbot_cartographer' returned '0': CMAKE_PREFIX_PATH=${CMAKE_PREFIX_PATH}:/home/faith/Work/carto_ws/install/fishbot_description:/opt/ros/humble /usr/bin/cmake --install /home/faith/Work/carto_ws/build/faithbot_cartographer
