[0.091s] Invoking command in '/home/faith/Work/carto_ws/build/orbbec_camera_msgs': CMAKE_PREFIX_PATH=${CMAKE_PREFIX_PATH}:/home/faith/Work/carto_ws/install/fishbot_description:/opt/ros/humble /usr/bin/cmake /home/faith/Work/carto_ws/src/OrbbecSDK_ROS2/orbbec_camera_msgs -DCMAKE_INSTALL_PREFIX=/home/faith/Work/carto_ws/install/orbbec_camera_msgs
[0.540s] -- Found ament_cmake: 1.3.5 (/opt/ros/humble/share/ament_cmake/cmake)
[0.541s] -- Found rosidl_default_generators: 1.2.0 (/opt/ros/humble/share/rosidl_default_generators/cmake)
[0.541s] -- Using all available rosidl_typesupport_c: rosidl_typesupport_fastrtps_c;rosidl_typesupport_introspection_c
[0.542s] -- Found rosidl_adapter: 3.1.4 (/opt/ros/humble/share/rosidl_adapter/cmake)
[0.542s] -- Using all available rosidl_typesupport_cpp: rosidl_typesupport_fastrtps_cpp;rosidl_typesupport_introspection_cpp
[0.559s] -- Found sensor_msgs: 4.2.3 (/opt/ros/humble/share/sensor_msgs/cmake)
[1.849s] -- Found ament_cmake_ros: 0.10.0 (/opt/ros/humble/share/ament_cmake_ros/cmake)
[2.459s] -- Using all available rosidl_typesupport_c: rosidl_typesupport_fastrtps_c;rosidl_typesupport_introspection_c
[3.174s] -- Using all available rosidl_typesupport_cpp: rosidl_typesupport_fastrtps_cpp;rosidl_typesupport_introspection_cpp
[3.210s] -- Found python_cmake_module: 0.10.0 (/opt/ros/humble/share/python_cmake_module/cmake)
[3.249s] -- Using PYTHON_EXECUTABLE: /usr/bin/python3
[3.249s] -- Using PYTHON_INCLUDE_DIRS: /usr/include/python3.10
[3.249s] -- Using PYTHON_LIBRARIES: /usr/lib/aarch64-linux-gnu/libpython3.10.so
[3.343s] -- Found ament_lint_auto: 0.12.6 (/opt/ros/humble/share/ament_lint_auto/cmake)
[3.365s] -- Added test 'copyright' to check source files copyright and LICENSE
[3.366s] -- Added test 'lint_cmake' to check CMake code style
[3.368s] -- Added test 'xmllint' to check XML markup files
[3.373s] -- Configuring done
[3.491s] -- Generating done
[3.497s] -- Build files have been written to: /home/faith/Work/carto_ws/build/orbbec_camera_msgs
[3.532s] Invoked command in '/home/faith/Work/carto_ws/build/orbbec_camera_msgs' returned '0': CMAKE_PREFIX_PATH=${CMAKE_PREFIX_PATH}:/home/faith/Work/carto_ws/install/fishbot_description:/opt/ros/humble /usr/bin/cmake /home/faith/Work/carto_ws/src/OrbbecSDK_ROS2/orbbec_camera_msgs -DCMAKE_INSTALL_PREFIX=/home/faith/Work/carto_ws/install/orbbec_camera_msgs
[3.533s] Invoking command in '/home/faith/Work/carto_ws/build/orbbec_camera_msgs': CMAKE_PREFIX_PATH=${CMAKE_PREFIX_PATH}:/home/faith/Work/carto_ws/install/fishbot_description:/opt/ros/humble /usr/bin/cmake --build /home/faith/Work/carto_ws/build/orbbec_camera_msgs -- -j8 -l8
[3.731s] [35m[1mConsolidate compiler generated dependencies of target orbbec_camera_msgs__rosidl_generator_c[0m
[3.765s] [  0%] Built target orbbec_camera_msgs__cpp
[3.783s] [ 12%] Built target orbbec_camera_msgs__rosidl_generator_c
[3.800s] [35m[1mConsolidate compiler generated dependencies of target orbbec_camera_msgs__rosidl_typesupport_fastrtps_cpp[0m
[3.827s] [35m[1mConsolidate compiler generated dependencies of target orbbec_camera_msgs__rosidl_typesupport_cpp[0m
[3.863s] [35m[1mConsolidate compiler generated dependencies of target orbbec_camera_msgs__rosidl_typesupport_introspection_cpp[0m
[3.870s] [ 12%] Built target ament_cmake_python_copy_orbbec_camera_msgs
[3.879s] [ 24%] Built target orbbec_camera_msgs__rosidl_typesupport_cpp
[3.897s] [ 35%] Built target orbbec_camera_msgs__rosidl_typesupport_fastrtps_cpp
[3.922s] [35m[1mConsolidate compiler generated dependencies of target orbbec_camera_msgs__rosidl_typesupport_fastrtps_c[0m
[3.935s] [35m[1mConsolidate compiler generated dependencies of target orbbec_camera_msgs__rosidl_typesupport_introspection_c[0m
[3.949s] [ 47%] Built target orbbec_camera_msgs__rosidl_typesupport_introspection_cpp
[3.962s] [35m[1mConsolidate compiler generated dependencies of target orbbec_camera_msgs__rosidl_typesupport_c[0m
[3.983s] [ 59%] Built target orbbec_camera_msgs__rosidl_typesupport_introspection_c
[4.012s] [ 71%] Built target orbbec_camera_msgs__rosidl_typesupport_fastrtps_c
[4.024s] [ 82%] Built target orbbec_camera_msgs__rosidl_typesupport_c
[4.085s] [ 82%] Built target orbbec_camera_msgs
[4.164s] [ 83%] Built target orbbec_camera_msgs__py
[4.217s] [35m[1mConsolidate compiler generated dependencies of target orbbec_camera_msgs__rosidl_generator_py[0m
[4.278s] [ 94%] Built target orbbec_camera_msgs__rosidl_generator_py
[4.295s] [35m[1mConsolidate compiler generated dependencies of target orbbec_camera_msgs__rosidl_typesupport_fastrtps_c__pyext[0m
[4.331s] [35m[1mConsolidate compiler generated dependencies of target orbbec_camera_msgs__rosidl_typesupport_introspection_c__pyext[0m
[4.333s] [ 96%] Built target orbbec_camera_msgs__rosidl_typesupport_fastrtps_c__pyext
[4.337s] [35m[1mConsolidate compiler generated dependencies of target orbbec_camera_msgs__rosidl_typesupport_c__pyext[0m
[4.373s] [ 98%] Built target orbbec_camera_msgs__rosidl_typesupport_c__pyext
[4.384s] [100%] Built target orbbec_camera_msgs__rosidl_typesupport_introspection_c__pyext
[4.418s] running egg_info
[4.420s] writing orbbec_camera_msgs.egg-info/PKG-INFO
[4.420s] writing dependency_links to orbbec_camera_msgs.egg-info/dependency_links.txt
[4.421s] writing top-level names to orbbec_camera_msgs.egg-info/top_level.txt
[4.430s] reading manifest file 'orbbec_camera_msgs.egg-info/SOURCES.txt'
[4.431s] writing manifest file 'orbbec_camera_msgs.egg-info/SOURCES.txt'
[4.502s] [100%] Built target ament_cmake_python_build_orbbec_camera_msgs_egg
[4.541s] Invoked command in '/home/faith/Work/carto_ws/build/orbbec_camera_msgs' returned '0': CMAKE_PREFIX_PATH=${CMAKE_PREFIX_PATH}:/home/faith/Work/carto_ws/install/fishbot_description:/opt/ros/humble /usr/bin/cmake --build /home/faith/Work/carto_ws/build/orbbec_camera_msgs -- -j8 -l8
[5.007s] Invoking command in '/home/faith/Work/carto_ws/build/orbbec_camera_msgs': CMAKE_PREFIX_PATH=${CMAKE_PREFIX_PATH}:/home/faith/Work/carto_ws/install/fishbot_description:/opt/ros/humble /usr/bin/cmake --install /home/faith/Work/carto_ws/build/orbbec_camera_msgs
[5.036s] -- Install configuration: "Release"
[5.036s] -- Up-to-date: /home/faith/Work/carto_ws/install/orbbec_camera_msgs/share/ament_index/resource_index/rosidl_interfaces/orbbec_camera_msgs
[5.037s] -- Up-to-date: /home/faith/Work/carto_ws/install/orbbec_camera_msgs/include/orbbec_camera_msgs/orbbec_camera_msgs
[5.037s] -- Up-to-date: /home/faith/Work/carto_ws/install/orbbec_camera_msgs/include/orbbec_camera_msgs/orbbec_camera_msgs/srv
[5.037s] -- Up-to-date: /home/faith/Work/carto_ws/install/orbbec_camera_msgs/include/orbbec_camera_msgs/orbbec_camera_msgs/srv/get_device_info.h
[5.038s] -- Up-to-date: /home/faith/Work/carto_ws/install/orbbec_camera_msgs/include/orbbec_camera_msgs/orbbec_camera_msgs/srv/set_int32.h
[5.038s] -- Up-to-date: /home/faith/Work/carto_ws/install/orbbec_camera_msgs/include/orbbec_camera_msgs/orbbec_camera_msgs/srv/get_camera_info.h
[5.039s] -- Up-to-date: /home/faith/Work/carto_ws/install/orbbec_camera_msgs/include/orbbec_camera_msgs/orbbec_camera_msgs/srv/detail
[5.039s] -- Up-to-date: /home/faith/Work/carto_ws/install/orbbec_camera_msgs/include/orbbec_camera_msgs/orbbec_camera_msgs/srv/detail/get_string__functions.c
[5.039s] -- Up-to-date: /home/faith/Work/carto_ws/install/orbbec_camera_msgs/include/orbbec_camera_msgs/orbbec_camera_msgs/srv/detail/set_string__type_support.h
[5.039s] -- Up-to-date: /home/faith/Work/carto_ws/install/orbbec_camera_msgs/include/orbbec_camera_msgs/orbbec_camera_msgs/srv/detail/get_device_info__type_support.h
[5.039s] -- Up-to-date: /home/faith/Work/carto_ws/install/orbbec_camera_msgs/include/orbbec_camera_msgs/orbbec_camera_msgs/srv/detail/set_int32__functions.h
[5.039s] -- Up-to-date: /home/faith/Work/carto_ws/install/orbbec_camera_msgs/include/orbbec_camera_msgs/orbbec_camera_msgs/srv/detail/get_camera_info__functions.c
[5.039s] -- Up-to-date: /home/faith/Work/carto_ws/install/orbbec_camera_msgs/include/orbbec_camera_msgs/orbbec_camera_msgs/srv/detail/get_bool__type_support.h
[5.040s] -- Up-to-date: /home/faith/Work/carto_ws/install/orbbec_camera_msgs/include/orbbec_camera_msgs/orbbec_camera_msgs/srv/detail/get_camera_info__type_support.h
[5.040s] -- Up-to-date: /home/faith/Work/carto_ws/install/orbbec_camera_msgs/include/orbbec_camera_msgs/orbbec_camera_msgs/srv/detail/get_camera_info__struct.h
[5.040s] -- Up-to-date: /home/faith/Work/carto_ws/install/orbbec_camera_msgs/include/orbbec_camera_msgs/orbbec_camera_msgs/srv/detail/get_bool__struct.h
[5.040s] -- Up-to-date: /home/faith/Work/carto_ws/install/orbbec_camera_msgs/include/orbbec_camera_msgs/orbbec_camera_msgs/srv/detail/set_string__struct.h
[5.040s] -- Up-to-date: /home/faith/Work/carto_ws/install/orbbec_camera_msgs/include/orbbec_camera_msgs/orbbec_camera_msgs/srv/detail/set_int32__type_support.h
[5.040s] -- Up-to-date: /home/faith/Work/carto_ws/install/orbbec_camera_msgs/include/orbbec_camera_msgs/orbbec_camera_msgs/srv/detail/get_int32__functions.c
[5.041s] -- Up-to-date: /home/faith/Work/carto_ws/install/orbbec_camera_msgs/include/orbbec_camera_msgs/orbbec_camera_msgs/srv/detail/set_string__functions.c
[5.041s] -- Up-to-date: /home/faith/Work/carto_ws/install/orbbec_camera_msgs/include/orbbec_camera_msgs/orbbec_camera_msgs/srv/detail/get_string__functions.h
[5.042s] -- Up-to-date: /home/faith/Work/carto_ws/install/orbbec_camera_msgs/include/orbbec_camera_msgs/orbbec_camera_msgs/srv/detail/get_string__struct.h
[5.042s] -- Up-to-date: /home/faith/Work/carto_ws/install/orbbec_camera_msgs/include/orbbec_camera_msgs/orbbec_camera_msgs/srv/detail/get_bool__functions.h
[5.042s] -- Up-to-date: /home/faith/Work/carto_ws/install/orbbec_camera_msgs/include/orbbec_camera_msgs/orbbec_camera_msgs/srv/detail/get_bool__functions.c
[5.043s] -- Up-to-date: /home/faith/Work/carto_ws/install/orbbec_camera_msgs/include/orbbec_camera_msgs/orbbec_camera_msgs/srv/detail/get_int32__functions.h
[5.043s] -- Up-to-date: /home/faith/Work/carto_ws/install/orbbec_camera_msgs/include/orbbec_camera_msgs/orbbec_camera_msgs/srv/detail/get_int32__type_support.h
[5.043s] -- Up-to-date: /home/faith/Work/carto_ws/install/orbbec_camera_msgs/include/orbbec_camera_msgs/orbbec_camera_msgs/srv/detail/get_string__type_support.h
[5.044s] -- Up-to-date: /home/faith/Work/carto_ws/install/orbbec_camera_msgs/include/orbbec_camera_msgs/orbbec_camera_msgs/srv/detail/get_device_info__functions.h
[5.044s] -- Up-to-date: /home/faith/Work/carto_ws/install/orbbec_camera_msgs/include/orbbec_camera_msgs/orbbec_camera_msgs/srv/detail/set_string__functions.h
[5.044s] -- Up-to-date: /home/faith/Work/carto_ws/install/orbbec_camera_msgs/include/orbbec_camera_msgs/orbbec_camera_msgs/srv/detail/set_int32__functions.c
[5.049s] -- Up-to-date: /home/faith/Work/carto_ws/install/orbbec_camera_msgs/include/orbbec_camera_msgs/orbbec_camera_msgs/srv/detail/get_int32__struct.h
[5.050s] -- Up-to-date: /home/faith/Work/carto_ws/install/orbbec_camera_msgs/include/orbbec_camera_msgs/orbbec_camera_msgs/srv/detail/get_device_info__struct.h
[5.050s] -- Up-to-date: /home/faith/Work/carto_ws/install/orbbec_camera_msgs/include/orbbec_camera_msgs/orbbec_camera_msgs/srv/detail/get_device_info__functions.c
[5.050s] -- Up-to-date: /home/faith/Work/carto_ws/install/orbbec_camera_msgs/include/orbbec_camera_msgs/orbbec_camera_msgs/srv/detail/get_camera_info__functions.h
[5.051s] -- Up-to-date: /home/faith/Work/carto_ws/install/orbbec_camera_msgs/include/orbbec_camera_msgs/orbbec_camera_msgs/srv/detail/set_int32__struct.h
[5.051s] -- Up-to-date: /home/faith/Work/carto_ws/install/orbbec_camera_msgs/include/orbbec_camera_msgs/orbbec_camera_msgs/srv/get_string.h
[5.051s] -- Up-to-date: /home/faith/Work/carto_ws/install/orbbec_camera_msgs/include/orbbec_camera_msgs/orbbec_camera_msgs/srv/get_bool.h
[5.051s] -- Up-to-date: /home/faith/Work/carto_ws/install/orbbec_camera_msgs/include/orbbec_camera_msgs/orbbec_camera_msgs/srv/get_int32.h
[5.051s] -- Up-to-date: /home/faith/Work/carto_ws/install/orbbec_camera_msgs/include/orbbec_camera_msgs/orbbec_camera_msgs/srv/set_string.h
[5.052s] -- Up-to-date: /home/faith/Work/carto_ws/install/orbbec_camera_msgs/include/orbbec_camera_msgs/orbbec_camera_msgs/msg
[5.052s] -- Up-to-date: /home/faith/Work/carto_ws/install/orbbec_camera_msgs/include/orbbec_camera_msgs/orbbec_camera_msgs/msg/detail
[5.052s] -- Up-to-date: /home/faith/Work/carto_ws/install/orbbec_camera_msgs/include/orbbec_camera_msgs/orbbec_camera_msgs/msg/detail/extrinsics__functions.c
[5.052s] -- Up-to-date: /home/faith/Work/carto_ws/install/orbbec_camera_msgs/include/orbbec_camera_msgs/orbbec_camera_msgs/msg/detail/metadata__functions.c
[5.053s] -- Up-to-date: /home/faith/Work/carto_ws/install/orbbec_camera_msgs/include/orbbec_camera_msgs/orbbec_camera_msgs/msg/detail/extrinsics__functions.h
[5.053s] -- Up-to-date: /home/faith/Work/carto_ws/install/orbbec_camera_msgs/include/orbbec_camera_msgs/orbbec_camera_msgs/msg/detail/device_info__functions.c
[5.053s] -- Up-to-date: /home/faith/Work/carto_ws/install/orbbec_camera_msgs/include/orbbec_camera_msgs/orbbec_camera_msgs/msg/detail/metadata__type_support.h
[5.053s] -- Up-to-date: /home/faith/Work/carto_ws/install/orbbec_camera_msgs/include/orbbec_camera_msgs/orbbec_camera_msgs/msg/detail/metadata__struct.h
[5.053s] -- Up-to-date: /home/faith/Work/carto_ws/install/orbbec_camera_msgs/include/orbbec_camera_msgs/orbbec_camera_msgs/msg/detail/extrinsics__type_support.h
[5.053s] -- Up-to-date: /home/faith/Work/carto_ws/install/orbbec_camera_msgs/include/orbbec_camera_msgs/orbbec_camera_msgs/msg/detail/metadata__functions.h
[5.053s] -- Up-to-date: /home/faith/Work/carto_ws/install/orbbec_camera_msgs/include/orbbec_camera_msgs/orbbec_camera_msgs/msg/detail/device_info__functions.h
[5.053s] -- Up-to-date: /home/faith/Work/carto_ws/install/orbbec_camera_msgs/include/orbbec_camera_msgs/orbbec_camera_msgs/msg/detail/device_info__type_support.h
[5.054s] -- Up-to-date: /home/faith/Work/carto_ws/install/orbbec_camera_msgs/include/orbbec_camera_msgs/orbbec_camera_msgs/msg/detail/extrinsics__struct.h
[5.055s] -- Up-to-date: /home/faith/Work/carto_ws/install/orbbec_camera_msgs/include/orbbec_camera_msgs/orbbec_camera_msgs/msg/detail/device_info__struct.h
[5.056s] -- Up-to-date: /home/faith/Work/carto_ws/install/orbbec_camera_msgs/include/orbbec_camera_msgs/orbbec_camera_msgs/msg/device_info.h
[5.057s] -- Up-to-date: /home/faith/Work/carto_ws/install/orbbec_camera_msgs/include/orbbec_camera_msgs/orbbec_camera_msgs/msg/rosidl_generator_c__visibility_control.h
[5.058s] -- Up-to-date: /home/faith/Work/carto_ws/install/orbbec_camera_msgs/include/orbbec_camera_msgs/orbbec_camera_msgs/msg/metadata.h
[5.060s] -- Up-to-date: /home/faith/Work/carto_ws/install/orbbec_camera_msgs/include/orbbec_camera_msgs/orbbec_camera_msgs/msg/extrinsics.h
[5.061s] -- Up-to-date: /home/faith/Work/carto_ws/install/orbbec_camera_msgs/share/orbbec_camera_msgs/environment/library_path.sh
[5.062s] -- Installing: /home/faith/Work/carto_ws/install/orbbec_camera_msgs/share/orbbec_camera_msgs/environment/library_path.dsv
[5.063s] -- Up-to-date: /home/faith/Work/carto_ws/install/orbbec_camera_msgs/lib/liborbbec_camera_msgs__rosidl_generator_c.so
[5.064s] -- Up-to-date: /home/faith/Work/carto_ws/install/orbbec_camera_msgs/include/orbbec_camera_msgs/orbbec_camera_msgs
[5.065s] -- Up-to-date: /home/faith/Work/carto_ws/install/orbbec_camera_msgs/include/orbbec_camera_msgs/orbbec_camera_msgs/srv
[5.066s] -- Up-to-date: /home/faith/Work/carto_ws/install/orbbec_camera_msgs/include/orbbec_camera_msgs/orbbec_camera_msgs/srv/detail
[5.067s] -- Up-to-date: /home/faith/Work/carto_ws/install/orbbec_camera_msgs/include/orbbec_camera_msgs/orbbec_camera_msgs/srv/detail/get_device_info__rosidl_typesupport_fastrtps_c.h
[5.067s] -- Up-to-date: /home/faith/Work/carto_ws/install/orbbec_camera_msgs/include/orbbec_camera_msgs/orbbec_camera_msgs/srv/detail/set_string__rosidl_typesupport_fastrtps_c.h
[5.069s] -- Up-to-date: /home/faith/Work/carto_ws/install/orbbec_camera_msgs/include/orbbec_camera_msgs/orbbec_camera_msgs/srv/detail/get_bool__rosidl_typesupport_fastrtps_c.h
[5.069s] -- Up-to-date: /home/faith/Work/carto_ws/install/orbbec_camera_msgs/include/orbbec_camera_msgs/orbbec_camera_msgs/srv/detail/set_int32__rosidl_typesupport_fastrtps_c.h
[5.070s] -- Up-to-date: /home/faith/Work/carto_ws/install/orbbec_camera_msgs/include/orbbec_camera_msgs/orbbec_camera_msgs/srv/detail/get_string__rosidl_typesupport_fastrtps_c.h
[5.071s] -- Up-to-date: /home/faith/Work/carto_ws/install/orbbec_camera_msgs/include/orbbec_camera_msgs/orbbec_camera_msgs/srv/detail/get_int32__rosidl_typesupport_fastrtps_c.h
[5.072s] -- Up-to-date: /home/faith/Work/carto_ws/install/orbbec_camera_msgs/include/orbbec_camera_msgs/orbbec_camera_msgs/srv/detail/get_camera_info__rosidl_typesupport_fastrtps_c.h
[5.074s] -- Up-to-date: /home/faith/Work/carto_ws/install/orbbec_camera_msgs/include/orbbec_camera_msgs/orbbec_camera_msgs/msg
[5.075s] -- Up-to-date: /home/faith/Work/carto_ws/install/orbbec_camera_msgs/include/orbbec_camera_msgs/orbbec_camera_msgs/msg/detail
[5.076s] -- Up-to-date: /home/faith/Work/carto_ws/install/orbbec_camera_msgs/include/orbbec_camera_msgs/orbbec_camera_msgs/msg/detail/metadata__rosidl_typesupport_fastrtps_c.h
[5.077s] -- Up-to-date: /home/faith/Work/carto_ws/install/orbbec_camera_msgs/include/orbbec_camera_msgs/orbbec_camera_msgs/msg/detail/extrinsics__rosidl_typesupport_fastrtps_c.h
[5.077s] -- Up-to-date: /home/faith/Work/carto_ws/install/orbbec_camera_msgs/include/orbbec_camera_msgs/orbbec_camera_msgs/msg/detail/device_info__rosidl_typesupport_fastrtps_c.h
[5.077s] -- Up-to-date: /home/faith/Work/carto_ws/install/orbbec_camera_msgs/include/orbbec_camera_msgs/orbbec_camera_msgs/msg/rosidl_typesupport_fastrtps_c__visibility_control.h
[5.077s] -- Up-to-date: /home/faith/Work/carto_ws/install/orbbec_camera_msgs/lib/liborbbec_camera_msgs__rosidl_typesupport_fastrtps_c.so
[5.077s] -- Up-to-date: /home/faith/Work/carto_ws/install/orbbec_camera_msgs/include/orbbec_camera_msgs/orbbec_camera_msgs
[5.077s] -- Up-to-date: /home/faith/Work/carto_ws/install/orbbec_camera_msgs/include/orbbec_camera_msgs/orbbec_camera_msgs/srv
[5.077s] -- Up-to-date: /home/faith/Work/carto_ws/install/orbbec_camera_msgs/include/orbbec_camera_msgs/orbbec_camera_msgs/srv/detail
[5.078s] -- Up-to-date: /home/faith/Work/carto_ws/install/orbbec_camera_msgs/include/orbbec_camera_msgs/orbbec_camera_msgs/srv/detail/get_camera_info__type_support.c
[5.078s] -- Up-to-date: /home/faith/Work/carto_ws/install/orbbec_camera_msgs/include/orbbec_camera_msgs/orbbec_camera_msgs/srv/detail/get_int32__type_support.c
[5.078s] -- Up-to-date: /home/faith/Work/carto_ws/install/orbbec_camera_msgs/include/orbbec_camera_msgs/orbbec_camera_msgs/srv/detail/set_string__type_support.c
[5.078s] -- Up-to-date: /home/faith/Work/carto_ws/install/orbbec_camera_msgs/include/orbbec_camera_msgs/orbbec_camera_msgs/srv/detail/get_device_info__rosidl_typesupport_introspection_c.h
[5.078s] -- Up-to-date: /home/faith/Work/carto_ws/install/orbbec_camera_msgs/include/orbbec_camera_msgs/orbbec_camera_msgs/srv/detail/get_bool__rosidl_typesupport_introspection_c.h
[5.078s] -- Up-to-date: /home/faith/Work/carto_ws/install/orbbec_camera_msgs/include/orbbec_camera_msgs/orbbec_camera_msgs/srv/detail/get_bool__type_support.c
[5.078s] -- Up-to-date: /home/faith/Work/carto_ws/install/orbbec_camera_msgs/include/orbbec_camera_msgs/orbbec_camera_msgs/srv/detail/get_camera_info__rosidl_typesupport_introspection_c.h
[5.078s] -- Up-to-date: /home/faith/Work/carto_ws/install/orbbec_camera_msgs/include/orbbec_camera_msgs/orbbec_camera_msgs/srv/detail/get_string__type_support.c
[5.078s] -- Up-to-date: /home/faith/Work/carto_ws/install/orbbec_camera_msgs/include/orbbec_camera_msgs/orbbec_camera_msgs/srv/detail/get_string__rosidl_typesupport_introspection_c.h
[5.078s] -- Up-to-date: /home/faith/Work/carto_ws/install/orbbec_camera_msgs/include/orbbec_camera_msgs/orbbec_camera_msgs/srv/detail/get_int32__rosidl_typesupport_introspection_c.h
[5.078s] -- Up-to-date: /home/faith/Work/carto_ws/install/orbbec_camera_msgs/include/orbbec_camera_msgs/orbbec_camera_msgs/srv/detail/set_int32__type_support.c
[5.078s] -- Up-to-date: /home/faith/Work/carto_ws/install/orbbec_camera_msgs/include/orbbec_camera_msgs/orbbec_camera_msgs/srv/detail/set_string__rosidl_typesupport_introspection_c.h
[5.079s] -- Up-to-date: /home/faith/Work/carto_ws/install/orbbec_camera_msgs/include/orbbec_camera_msgs/orbbec_camera_msgs/srv/detail/set_int32__rosidl_typesupport_introspection_c.h
[5.079s] -- Up-to-date: /home/faith/Work/carto_ws/install/orbbec_camera_msgs/include/orbbec_camera_msgs/orbbec_camera_msgs/srv/detail/get_device_info__type_support.c
[5.079s] -- Up-to-date: /home/faith/Work/carto_ws/install/orbbec_camera_msgs/include/orbbec_camera_msgs/orbbec_camera_msgs/msg
[5.079s] -- Up-to-date: /home/faith/Work/carto_ws/install/orbbec_camera_msgs/include/orbbec_camera_msgs/orbbec_camera_msgs/msg/detail
[5.079s] -- Up-to-date: /home/faith/Work/carto_ws/install/orbbec_camera_msgs/include/orbbec_camera_msgs/orbbec_camera_msgs/msg/detail/device_info__rosidl_typesupport_introspection_c.h
[5.079s] -- Up-to-date: /home/faith/Work/carto_ws/install/orbbec_camera_msgs/include/orbbec_camera_msgs/orbbec_camera_msgs/msg/detail/extrinsics__rosidl_typesupport_introspection_c.h
[5.079s] -- Up-to-date: /home/faith/Work/carto_ws/install/orbbec_camera_msgs/include/orbbec_camera_msgs/orbbec_camera_msgs/msg/detail/metadata__rosidl_typesupport_introspection_c.h
[5.079s] -- Up-to-date: /home/faith/Work/carto_ws/install/orbbec_camera_msgs/include/orbbec_camera_msgs/orbbec_camera_msgs/msg/detail/device_info__type_support.c
[5.079s] -- Up-to-date: /home/faith/Work/carto_ws/install/orbbec_camera_msgs/include/orbbec_camera_msgs/orbbec_camera_msgs/msg/detail/metadata__type_support.c
[5.079s] -- Up-to-date: /home/faith/Work/carto_ws/install/orbbec_camera_msgs/include/orbbec_camera_msgs/orbbec_camera_msgs/msg/detail/extrinsics__type_support.c
[5.080s] -- Up-to-date: /home/faith/Work/carto_ws/install/orbbec_camera_msgs/include/orbbec_camera_msgs/orbbec_camera_msgs/msg/rosidl_typesupport_introspection_c__visibility_control.h
[5.080s] -- Up-to-date: /home/faith/Work/carto_ws/install/orbbec_camera_msgs/lib/liborbbec_camera_msgs__rosidl_typesupport_introspection_c.so
[5.080s] -- Up-to-date: /home/faith/Work/carto_ws/install/orbbec_camera_msgs/lib/liborbbec_camera_msgs__rosidl_typesupport_c.so
[5.080s] -- Up-to-date: /home/faith/Work/carto_ws/install/orbbec_camera_msgs/include/orbbec_camera_msgs/orbbec_camera_msgs
[5.080s] -- Up-to-date: /home/faith/Work/carto_ws/install/orbbec_camera_msgs/include/orbbec_camera_msgs/orbbec_camera_msgs/srv
[5.080s] -- Up-to-date: /home/faith/Work/carto_ws/install/orbbec_camera_msgs/include/orbbec_camera_msgs/orbbec_camera_msgs/srv/set_string.hpp
[5.080s] -- Up-to-date: /home/faith/Work/carto_ws/install/orbbec_camera_msgs/include/orbbec_camera_msgs/orbbec_camera_msgs/srv/detail
[5.080s] -- Up-to-date: /home/faith/Work/carto_ws/install/orbbec_camera_msgs/include/orbbec_camera_msgs/orbbec_camera_msgs/srv/detail/get_bool__struct.hpp
[5.080s] -- Up-to-date: /home/faith/Work/carto_ws/install/orbbec_camera_msgs/include/orbbec_camera_msgs/orbbec_camera_msgs/srv/detail/get_string__traits.hpp
[5.080s] -- Up-to-date: /home/faith/Work/carto_ws/install/orbbec_camera_msgs/include/orbbec_camera_msgs/orbbec_camera_msgs/srv/detail/get_bool__traits.hpp
[5.080s] -- Up-to-date: /home/faith/Work/carto_ws/install/orbbec_camera_msgs/include/orbbec_camera_msgs/orbbec_camera_msgs/srv/detail/get_int32__traits.hpp
[5.081s] -- Up-to-date: /home/faith/Work/carto_ws/install/orbbec_camera_msgs/include/orbbec_camera_msgs/orbbec_camera_msgs/srv/detail/get_string__builder.hpp
[5.081s] -- Up-to-date: /home/faith/Work/carto_ws/install/orbbec_camera_msgs/include/orbbec_camera_msgs/orbbec_camera_msgs/srv/detail/get_bool__builder.hpp
[5.081s] -- Up-to-date: /home/faith/Work/carto_ws/install/orbbec_camera_msgs/include/orbbec_camera_msgs/orbbec_camera_msgs/srv/detail/set_string__builder.hpp
[5.081s] -- Up-to-date: /home/faith/Work/carto_ws/install/orbbec_camera_msgs/include/orbbec_camera_msgs/orbbec_camera_msgs/srv/detail/get_camera_info__traits.hpp
[5.081s] -- Up-to-date: /home/faith/Work/carto_ws/install/orbbec_camera_msgs/include/orbbec_camera_msgs/orbbec_camera_msgs/srv/detail/get_int32__builder.hpp
[5.081s] -- Up-to-date: /home/faith/Work/carto_ws/install/orbbec_camera_msgs/include/orbbec_camera_msgs/orbbec_camera_msgs/srv/detail/set_int32__builder.hpp
[5.081s] -- Up-to-date: /home/faith/Work/carto_ws/install/orbbec_camera_msgs/include/orbbec_camera_msgs/orbbec_camera_msgs/srv/detail/get_camera_info__struct.hpp
[5.081s] -- Up-to-date: /home/faith/Work/carto_ws/install/orbbec_camera_msgs/include/orbbec_camera_msgs/orbbec_camera_msgs/srv/detail/get_camera_info__builder.hpp
[5.081s] -- Up-to-date: /home/faith/Work/carto_ws/install/orbbec_camera_msgs/include/orbbec_camera_msgs/orbbec_camera_msgs/srv/detail/set_int32__traits.hpp
[5.081s] -- Up-to-date: /home/faith/Work/carto_ws/install/orbbec_camera_msgs/include/orbbec_camera_msgs/orbbec_camera_msgs/srv/detail/get_device_info__traits.hpp
[5.081s] -- Up-to-date: /home/faith/Work/carto_ws/install/orbbec_camera_msgs/include/orbbec_camera_msgs/orbbec_camera_msgs/srv/detail/set_int32__struct.hpp
[5.081s] -- Up-to-date: /home/faith/Work/carto_ws/install/orbbec_camera_msgs/include/orbbec_camera_msgs/orbbec_camera_msgs/srv/detail/set_string__struct.hpp
[5.081s] -- Up-to-date: /home/faith/Work/carto_ws/install/orbbec_camera_msgs/include/orbbec_camera_msgs/orbbec_camera_msgs/srv/detail/get_int32__struct.hpp
[5.082s] -- Up-to-date: /home/faith/Work/carto_ws/install/orbbec_camera_msgs/include/orbbec_camera_msgs/orbbec_camera_msgs/srv/detail/get_string__struct.hpp
[5.082s] -- Up-to-date: /home/faith/Work/carto_ws/install/orbbec_camera_msgs/include/orbbec_camera_msgs/orbbec_camera_msgs/srv/detail/get_device_info__struct.hpp
[5.082s] -- Up-to-date: /home/faith/Work/carto_ws/install/orbbec_camera_msgs/include/orbbec_camera_msgs/orbbec_camera_msgs/srv/detail/get_device_info__builder.hpp
[5.082s] -- Up-to-date: /home/faith/Work/carto_ws/install/orbbec_camera_msgs/include/orbbec_camera_msgs/orbbec_camera_msgs/srv/detail/set_string__traits.hpp
[5.082s] -- Up-to-date: /home/faith/Work/carto_ws/install/orbbec_camera_msgs/include/orbbec_camera_msgs/orbbec_camera_msgs/srv/get_device_info.hpp
[5.082s] -- Up-to-date: /home/faith/Work/carto_ws/install/orbbec_camera_msgs/include/orbbec_camera_msgs/orbbec_camera_msgs/srv/get_bool.hpp
[5.082s] -- Up-to-date: /home/faith/Work/carto_ws/install/orbbec_camera_msgs/include/orbbec_camera_msgs/orbbec_camera_msgs/srv/get_int32.hpp
[5.082s] -- Up-to-date: /home/faith/Work/carto_ws/install/orbbec_camera_msgs/include/orbbec_camera_msgs/orbbec_camera_msgs/srv/set_int32.hpp
[5.082s] -- Up-to-date: /home/faith/Work/carto_ws/install/orbbec_camera_msgs/include/orbbec_camera_msgs/orbbec_camera_msgs/srv/get_camera_info.hpp
[5.082s] -- Up-to-date: /home/faith/Work/carto_ws/install/orbbec_camera_msgs/include/orbbec_camera_msgs/orbbec_camera_msgs/srv/get_string.hpp
[5.083s] -- Up-to-date: /home/faith/Work/carto_ws/install/orbbec_camera_msgs/include/orbbec_camera_msgs/orbbec_camera_msgs/msg
[5.083s] -- Up-to-date: /home/faith/Work/carto_ws/install/orbbec_camera_msgs/include/orbbec_camera_msgs/orbbec_camera_msgs/msg/device_info.hpp
[5.083s] -- Up-to-date: /home/faith/Work/carto_ws/install/orbbec_camera_msgs/include/orbbec_camera_msgs/orbbec_camera_msgs/msg/detail
[5.083s] -- Up-to-date: /home/faith/Work/carto_ws/install/orbbec_camera_msgs/include/orbbec_camera_msgs/orbbec_camera_msgs/msg/detail/extrinsics__traits.hpp
[5.083s] -- Up-to-date: /home/faith/Work/carto_ws/install/orbbec_camera_msgs/include/orbbec_camera_msgs/orbbec_camera_msgs/msg/detail/metadata__struct.hpp
[5.083s] -- Up-to-date: /home/faith/Work/carto_ws/install/orbbec_camera_msgs/include/orbbec_camera_msgs/orbbec_camera_msgs/msg/detail/device_info__builder.hpp
[5.083s] -- Up-to-date: /home/faith/Work/carto_ws/install/orbbec_camera_msgs/include/orbbec_camera_msgs/orbbec_camera_msgs/msg/detail/extrinsics__builder.hpp
[5.083s] -- Up-to-date: /home/faith/Work/carto_ws/install/orbbec_camera_msgs/include/orbbec_camera_msgs/orbbec_camera_msgs/msg/detail/extrinsics__struct.hpp
[5.083s] -- Up-to-date: /home/faith/Work/carto_ws/install/orbbec_camera_msgs/include/orbbec_camera_msgs/orbbec_camera_msgs/msg/detail/device_info__traits.hpp
[5.083s] -- Up-to-date: /home/faith/Work/carto_ws/install/orbbec_camera_msgs/include/orbbec_camera_msgs/orbbec_camera_msgs/msg/detail/metadata__traits.hpp
[5.083s] -- Up-to-date: /home/faith/Work/carto_ws/install/orbbec_camera_msgs/include/orbbec_camera_msgs/orbbec_camera_msgs/msg/detail/metadata__builder.hpp
[5.083s] -- Up-to-date: /home/faith/Work/carto_ws/install/orbbec_camera_msgs/include/orbbec_camera_msgs/orbbec_camera_msgs/msg/detail/device_info__struct.hpp
[5.084s] -- Up-to-date: /home/faith/Work/carto_ws/install/orbbec_camera_msgs/include/orbbec_camera_msgs/orbbec_camera_msgs/msg/extrinsics.hpp
[5.084s] -- Up-to-date: /home/faith/Work/carto_ws/install/orbbec_camera_msgs/include/orbbec_camera_msgs/orbbec_camera_msgs/msg/metadata.hpp
[5.084s] -- Up-to-date: /home/faith/Work/carto_ws/install/orbbec_camera_msgs/include/orbbec_camera_msgs/orbbec_camera_msgs
[5.084s] -- Up-to-date: /home/faith/Work/carto_ws/install/orbbec_camera_msgs/include/orbbec_camera_msgs/orbbec_camera_msgs/srv
[5.084s] -- Up-to-date: /home/faith/Work/carto_ws/install/orbbec_camera_msgs/include/orbbec_camera_msgs/orbbec_camera_msgs/srv/detail
[5.084s] -- Up-to-date: /home/faith/Work/carto_ws/install/orbbec_camera_msgs/include/orbbec_camera_msgs/orbbec_camera_msgs/srv/detail/dds_fastrtps
[5.084s] -- Up-to-date: /home/faith/Work/carto_ws/install/orbbec_camera_msgs/include/orbbec_camera_msgs/orbbec_camera_msgs/srv/detail/get_int32__rosidl_typesupport_fastrtps_cpp.hpp
[5.084s] -- Up-to-date: /home/faith/Work/carto_ws/install/orbbec_camera_msgs/include/orbbec_camera_msgs/orbbec_camera_msgs/srv/detail/get_camera_info__rosidl_typesupport_fastrtps_cpp.hpp
[5.084s] -- Up-to-date: /home/faith/Work/carto_ws/install/orbbec_camera_msgs/include/orbbec_camera_msgs/orbbec_camera_msgs/srv/detail/get_bool__rosidl_typesupport_fastrtps_cpp.hpp
[5.084s] -- Up-to-date: /home/faith/Work/carto_ws/install/orbbec_camera_msgs/include/orbbec_camera_msgs/orbbec_camera_msgs/srv/detail/set_string__rosidl_typesupport_fastrtps_cpp.hpp
[5.084s] -- Up-to-date: /home/faith/Work/carto_ws/install/orbbec_camera_msgs/include/orbbec_camera_msgs/orbbec_camera_msgs/srv/detail/get_string__rosidl_typesupport_fastrtps_cpp.hpp
[5.084s] -- Up-to-date: /home/faith/Work/carto_ws/install/orbbec_camera_msgs/include/orbbec_camera_msgs/orbbec_camera_msgs/srv/detail/set_int32__rosidl_typesupport_fastrtps_cpp.hpp
[5.085s] -- Up-to-date: /home/faith/Work/carto_ws/install/orbbec_camera_msgs/include/orbbec_camera_msgs/orbbec_camera_msgs/srv/detail/get_device_info__rosidl_typesupport_fastrtps_cpp.hpp
[5.085s] -- Up-to-date: /home/faith/Work/carto_ws/install/orbbec_camera_msgs/include/orbbec_camera_msgs/orbbec_camera_msgs/msg
[5.085s] -- Up-to-date: /home/faith/Work/carto_ws/install/orbbec_camera_msgs/include/orbbec_camera_msgs/orbbec_camera_msgs/msg/detail
[5.085s] -- Up-to-date: /home/faith/Work/carto_ws/install/orbbec_camera_msgs/include/orbbec_camera_msgs/orbbec_camera_msgs/msg/detail/dds_fastrtps
[5.085s] -- Up-to-date: /home/faith/Work/carto_ws/install/orbbec_camera_msgs/include/orbbec_camera_msgs/orbbec_camera_msgs/msg/detail/device_info__rosidl_typesupport_fastrtps_cpp.hpp
[5.085s] -- Up-to-date: /home/faith/Work/carto_ws/install/orbbec_camera_msgs/include/orbbec_camera_msgs/orbbec_camera_msgs/msg/detail/extrinsics__rosidl_typesupport_fastrtps_cpp.hpp
[5.085s] -- Up-to-date: /home/faith/Work/carto_ws/install/orbbec_camera_msgs/include/orbbec_camera_msgs/orbbec_camera_msgs/msg/detail/metadata__rosidl_typesupport_fastrtps_cpp.hpp
[5.085s] -- Up-to-date: /home/faith/Work/carto_ws/install/orbbec_camera_msgs/include/orbbec_camera_msgs/orbbec_camera_msgs/msg/rosidl_typesupport_fastrtps_cpp__visibility_control.h
[5.085s] -- Up-to-date: /home/faith/Work/carto_ws/install/orbbec_camera_msgs/lib/liborbbec_camera_msgs__rosidl_typesupport_fastrtps_cpp.so
[5.085s] -- Up-to-date: /home/faith/Work/carto_ws/install/orbbec_camera_msgs/include/orbbec_camera_msgs/orbbec_camera_msgs
[5.085s] -- Up-to-date: /home/faith/Work/carto_ws/install/orbbec_camera_msgs/include/orbbec_camera_msgs/orbbec_camera_msgs/srv
[5.085s] -- Up-to-date: /home/faith/Work/carto_ws/install/orbbec_camera_msgs/include/orbbec_camera_msgs/orbbec_camera_msgs/srv/detail
[5.085s] -- Up-to-date: /home/faith/Work/carto_ws/install/orbbec_camera_msgs/include/orbbec_camera_msgs/orbbec_camera_msgs/srv/detail/set_int32__type_support.cpp
[5.085s] -- Up-to-date: /home/faith/Work/carto_ws/install/orbbec_camera_msgs/include/orbbec_camera_msgs/orbbec_camera_msgs/srv/detail/set_int32__rosidl_typesupport_introspection_cpp.hpp
[5.086s] -- Up-to-date: /home/faith/Work/carto_ws/install/orbbec_camera_msgs/include/orbbec_camera_msgs/orbbec_camera_msgs/srv/detail/get_camera_info__type_support.cpp
[5.086s] -- Up-to-date: /home/faith/Work/carto_ws/install/orbbec_camera_msgs/include/orbbec_camera_msgs/orbbec_camera_msgs/srv/detail/get_string__rosidl_typesupport_introspection_cpp.hpp
[5.086s] -- Up-to-date: /home/faith/Work/carto_ws/install/orbbec_camera_msgs/include/orbbec_camera_msgs/orbbec_camera_msgs/srv/detail/get_device_info__rosidl_typesupport_introspection_cpp.hpp
[5.086s] -- Up-to-date: /home/faith/Work/carto_ws/install/orbbec_camera_msgs/include/orbbec_camera_msgs/orbbec_camera_msgs/srv/detail/get_int32__type_support.cpp
[5.086s] -- Up-to-date: /home/faith/Work/carto_ws/install/orbbec_camera_msgs/include/orbbec_camera_msgs/orbbec_camera_msgs/srv/detail/get_string__type_support.cpp
[5.086s] -- Up-to-date: /home/faith/Work/carto_ws/install/orbbec_camera_msgs/include/orbbec_camera_msgs/orbbec_camera_msgs/srv/detail/get_camera_info__rosidl_typesupport_introspection_cpp.hpp
[5.086s] -- Up-to-date: /home/faith/Work/carto_ws/install/orbbec_camera_msgs/include/orbbec_camera_msgs/orbbec_camera_msgs/srv/detail/get_bool__type_support.cpp
[5.086s] -- Up-to-date: /home/faith/Work/carto_ws/install/orbbec_camera_msgs/include/orbbec_camera_msgs/orbbec_camera_msgs/srv/detail/get_bool__rosidl_typesupport_introspection_cpp.hpp
[5.086s] -- Up-to-date: /home/faith/Work/carto_ws/install/orbbec_camera_msgs/include/orbbec_camera_msgs/orbbec_camera_msgs/srv/detail/get_int32__rosidl_typesupport_introspection_cpp.hpp
[5.086s] -- Up-to-date: /home/faith/Work/carto_ws/install/orbbec_camera_msgs/include/orbbec_camera_msgs/orbbec_camera_msgs/srv/detail/get_device_info__type_support.cpp
[5.086s] -- Up-to-date: /home/faith/Work/carto_ws/install/orbbec_camera_msgs/include/orbbec_camera_msgs/orbbec_camera_msgs/srv/detail/set_string__type_support.cpp
[5.087s] -- Up-to-date: /home/faith/Work/carto_ws/install/orbbec_camera_msgs/include/orbbec_camera_msgs/orbbec_camera_msgs/srv/detail/set_string__rosidl_typesupport_introspection_cpp.hpp
[5.087s] -- Up-to-date: /home/faith/Work/carto_ws/install/orbbec_camera_msgs/include/orbbec_camera_msgs/orbbec_camera_msgs/msg
[5.087s] -- Up-to-date: /home/faith/Work/carto_ws/install/orbbec_camera_msgs/include/orbbec_camera_msgs/orbbec_camera_msgs/msg/detail
[5.087s] -- Up-to-date: /home/faith/Work/carto_ws/install/orbbec_camera_msgs/include/orbbec_camera_msgs/orbbec_camera_msgs/msg/detail/metadata__rosidl_typesupport_introspection_cpp.hpp
[5.087s] -- Up-to-date: /home/faith/Work/carto_ws/install/orbbec_camera_msgs/include/orbbec_camera_msgs/orbbec_camera_msgs/msg/detail/device_info__type_support.cpp
[5.087s] -- Up-to-date: /home/faith/Work/carto_ws/install/orbbec_camera_msgs/include/orbbec_camera_msgs/orbbec_camera_msgs/msg/detail/device_info__rosidl_typesupport_introspection_cpp.hpp
[5.088s] -- Up-to-date: /home/faith/Work/carto_ws/install/orbbec_camera_msgs/include/orbbec_camera_msgs/orbbec_camera_msgs/msg/detail/extrinsics__rosidl_typesupport_introspection_cpp.hpp
[5.089s] -- Up-to-date: /home/faith/Work/carto_ws/install/orbbec_camera_msgs/include/orbbec_camera_msgs/orbbec_camera_msgs/msg/detail/extrinsics__type_support.cpp
[5.090s] -- Up-to-date: /home/faith/Work/carto_ws/install/orbbec_camera_msgs/include/orbbec_camera_msgs/orbbec_camera_msgs/msg/detail/metadata__type_support.cpp
[5.090s] -- Up-to-date: /home/faith/Work/carto_ws/install/orbbec_camera_msgs/lib/liborbbec_camera_msgs__rosidl_typesupport_introspection_cpp.so
[5.090s] -- Up-to-date: /home/faith/Work/carto_ws/install/orbbec_camera_msgs/lib/liborbbec_camera_msgs__rosidl_typesupport_cpp.so
[5.090s] -- Up-to-date: /home/faith/Work/carto_ws/install/orbbec_camera_msgs/share/orbbec_camera_msgs/environment/pythonpath.sh
[5.090s] -- Installing: /home/faith/Work/carto_ws/install/orbbec_camera_msgs/share/orbbec_camera_msgs/environment/pythonpath.dsv
[5.090s] -- Up-to-date: /home/faith/Work/carto_ws/install/orbbec_camera_msgs/local/lib/python3.10/dist-packages/orbbec_camera_msgs-1.2.2-py3.10.egg-info
[5.090s] -- Installing: /home/faith/Work/carto_ws/install/orbbec_camera_msgs/local/lib/python3.10/dist-packages/orbbec_camera_msgs-1.2.2-py3.10.egg-info/SOURCES.txt
[5.091s] -- Installing: /home/faith/Work/carto_ws/install/orbbec_camera_msgs/local/lib/python3.10/dist-packages/orbbec_camera_msgs-1.2.2-py3.10.egg-info/PKG-INFO
[5.091s] -- Installing: /home/faith/Work/carto_ws/install/orbbec_camera_msgs/local/lib/python3.10/dist-packages/orbbec_camera_msgs-1.2.2-py3.10.egg-info/top_level.txt
[5.091s] -- Installing: /home/faith/Work/carto_ws/install/orbbec_camera_msgs/local/lib/python3.10/dist-packages/orbbec_camera_msgs-1.2.2-py3.10.egg-info/dependency_links.txt
[5.091s] -- Up-to-date: /home/faith/Work/carto_ws/install/orbbec_camera_msgs/local/lib/python3.10/dist-packages/orbbec_camera_msgs
[5.091s] -- Up-to-date: /home/faith/Work/carto_ws/install/orbbec_camera_msgs/local/lib/python3.10/dist-packages/orbbec_camera_msgs/liborbbec_camera_msgs__rosidl_generator_py.so
[5.091s] -- Up-to-date: /home/faith/Work/carto_ws/install/orbbec_camera_msgs/local/lib/python3.10/dist-packages/orbbec_camera_msgs/_orbbec_camera_msgs_s.ep.rosidl_typesupport_introspection_c.c
[5.091s] -- Up-to-date: /home/faith/Work/carto_ws/install/orbbec_camera_msgs/local/lib/python3.10/dist-packages/orbbec_camera_msgs/srv
[5.091s] -- Up-to-date: /home/faith/Work/carto_ws/install/orbbec_camera_msgs/local/lib/python3.10/dist-packages/orbbec_camera_msgs/srv/_get_camera_info_s.c
[5.091s] -- Up-to-date: /home/faith/Work/carto_ws/install/orbbec_camera_msgs/local/lib/python3.10/dist-packages/orbbec_camera_msgs/srv/_set_string.py
[5.091s] -- Up-to-date: /home/faith/Work/carto_ws/install/orbbec_camera_msgs/local/lib/python3.10/dist-packages/orbbec_camera_msgs/srv/_get_string_s.c
[5.091s] -- Up-to-date: /home/faith/Work/carto_ws/install/orbbec_camera_msgs/local/lib/python3.10/dist-packages/orbbec_camera_msgs/srv/_get_camera_info.py
[5.091s] -- Up-to-date: /home/faith/Work/carto_ws/install/orbbec_camera_msgs/local/lib/python3.10/dist-packages/orbbec_camera_msgs/srv/_set_int32.py
[5.091s] -- Up-to-date: /home/faith/Work/carto_ws/install/orbbec_camera_msgs/local/lib/python3.10/dist-packages/orbbec_camera_msgs/srv/_get_device_info.py
[5.091s] -- Up-to-date: /home/faith/Work/carto_ws/install/orbbec_camera_msgs/local/lib/python3.10/dist-packages/orbbec_camera_msgs/srv/_get_device_info_s.c
[5.092s] -- Up-to-date: /home/faith/Work/carto_ws/install/orbbec_camera_msgs/local/lib/python3.10/dist-packages/orbbec_camera_msgs/srv/_get_bool_s.c
[5.092s] -- Up-to-date: /home/faith/Work/carto_ws/install/orbbec_camera_msgs/local/lib/python3.10/dist-packages/orbbec_camera_msgs/srv/_get_int32_s.c
[5.092s] -- Up-to-date: /home/faith/Work/carto_ws/install/orbbec_camera_msgs/local/lib/python3.10/dist-packages/orbbec_camera_msgs/srv/_get_string.py
[5.092s] -- Up-to-date: /home/faith/Work/carto_ws/install/orbbec_camera_msgs/local/lib/python3.10/dist-packages/orbbec_camera_msgs/srv/__init__.py
[5.092s] -- Up-to-date: /home/faith/Work/carto_ws/install/orbbec_camera_msgs/local/lib/python3.10/dist-packages/orbbec_camera_msgs/srv/_set_string_s.c
[5.092s] -- Up-to-date: /home/faith/Work/carto_ws/install/orbbec_camera_msgs/local/lib/python3.10/dist-packages/orbbec_camera_msgs/srv/_set_int32_s.c
[5.092s] -- Up-to-date: /home/faith/Work/carto_ws/install/orbbec_camera_msgs/local/lib/python3.10/dist-packages/orbbec_camera_msgs/srv/_get_int32.py
[5.092s] -- Up-to-date: /home/faith/Work/carto_ws/install/orbbec_camera_msgs/local/lib/python3.10/dist-packages/orbbec_camera_msgs/srv/_get_bool.py
[5.092s] -- Up-to-date: /home/faith/Work/carto_ws/install/orbbec_camera_msgs/local/lib/python3.10/dist-packages/orbbec_camera_msgs/orbbec_camera_msgs_s__rosidl_typesupport_fastrtps_c.cpython-310-aarch64-linux-gnu.so
[5.092s] -- Up-to-date: /home/faith/Work/carto_ws/install/orbbec_camera_msgs/local/lib/python3.10/dist-packages/orbbec_camera_msgs/orbbec_camera_msgs_s__rosidl_typesupport_introspection_c.cpython-310-aarch64-linux-gnu.so
[5.092s] -- Up-to-date: /home/faith/Work/carto_ws/install/orbbec_camera_msgs/local/lib/python3.10/dist-packages/orbbec_camera_msgs/msg
[5.092s] -- Up-to-date: /home/faith/Work/carto_ws/install/orbbec_camera_msgs/local/lib/python3.10/dist-packages/orbbec_camera_msgs/msg/_extrinsics.py
[5.092s] -- Up-to-date: /home/faith/Work/carto_ws/install/orbbec_camera_msgs/local/lib/python3.10/dist-packages/orbbec_camera_msgs/msg/_metadata_s.c
[5.092s] -- Up-to-date: /home/faith/Work/carto_ws/install/orbbec_camera_msgs/local/lib/python3.10/dist-packages/orbbec_camera_msgs/msg/_metadata.py
[5.093s] -- Up-to-date: /home/faith/Work/carto_ws/install/orbbec_camera_msgs/local/lib/python3.10/dist-packages/orbbec_camera_msgs/msg/_device_info_s.c
[5.093s] -- Up-to-date: /home/faith/Work/carto_ws/install/orbbec_camera_msgs/local/lib/python3.10/dist-packages/orbbec_camera_msgs/msg/__init__.py
[5.093s] -- Up-to-date: /home/faith/Work/carto_ws/install/orbbec_camera_msgs/local/lib/python3.10/dist-packages/orbbec_camera_msgs/msg/_device_info.py
[5.093s] -- Up-to-date: /home/faith/Work/carto_ws/install/orbbec_camera_msgs/local/lib/python3.10/dist-packages/orbbec_camera_msgs/msg/_extrinsics_s.c
[5.093s] -- Installing: /home/faith/Work/carto_ws/install/orbbec_camera_msgs/local/lib/python3.10/dist-packages/orbbec_camera_msgs/__init__.py
[5.093s] -- Up-to-date: /home/faith/Work/carto_ws/install/orbbec_camera_msgs/local/lib/python3.10/dist-packages/orbbec_camera_msgs/_orbbec_camera_msgs_s.ep.rosidl_typesupport_c.c
[5.093s] -- Up-to-date: /home/faith/Work/carto_ws/install/orbbec_camera_msgs/local/lib/python3.10/dist-packages/orbbec_camera_msgs/_orbbec_camera_msgs_s.ep.rosidl_typesupport_fastrtps_c.c
[5.093s] -- Up-to-date: /home/faith/Work/carto_ws/install/orbbec_camera_msgs/local/lib/python3.10/dist-packages/orbbec_camera_msgs/orbbec_camera_msgs_s__rosidl_typesupport_c.cpython-310-aarch64-linux-gnu.so
[5.141s] Listing '/home/faith/Work/carto_ws/install/orbbec_camera_msgs/local/lib/python3.10/dist-packages/orbbec_camera_msgs'...
[5.141s] Compiling '/home/faith/Work/carto_ws/install/orbbec_camera_msgs/local/lib/python3.10/dist-packages/orbbec_camera_msgs/__init__.py'...
[5.142s] Listing '/home/faith/Work/carto_ws/install/orbbec_camera_msgs/local/lib/python3.10/dist-packages/orbbec_camera_msgs/msg'...
[5.142s] Listing '/home/faith/Work/carto_ws/install/orbbec_camera_msgs/local/lib/python3.10/dist-packages/orbbec_camera_msgs/srv'...
[5.165s] -- Up-to-date: /home/faith/Work/carto_ws/install/orbbec_camera_msgs/local/lib/python3.10/dist-packages/orbbec_camera_msgs/orbbec_camera_msgs_s__rosidl_typesupport_fastrtps_c.cpython-310-aarch64-linux-gnu.so
[5.166s] -- Up-to-date: /home/faith/Work/carto_ws/install/orbbec_camera_msgs/local/lib/python3.10/dist-packages/orbbec_camera_msgs/orbbec_camera_msgs_s__rosidl_typesupport_introspection_c.cpython-310-aarch64-linux-gnu.so
[5.166s] -- Up-to-date: /home/faith/Work/carto_ws/install/orbbec_camera_msgs/local/lib/python3.10/dist-packages/orbbec_camera_msgs/orbbec_camera_msgs_s__rosidl_typesupport_c.cpython-310-aarch64-linux-gnu.so
[5.166s] -- Up-to-date: /home/faith/Work/carto_ws/install/orbbec_camera_msgs/lib/liborbbec_camera_msgs__rosidl_generator_py.so
[5.166s] -- Up-to-date: /home/faith/Work/carto_ws/install/orbbec_camera_msgs/share/orbbec_camera_msgs/msg/DeviceInfo.idl
[5.166s] -- Up-to-date: /home/faith/Work/carto_ws/install/orbbec_camera_msgs/share/orbbec_camera_msgs/msg/Extrinsics.idl
[5.166s] -- Up-to-date: /home/faith/Work/carto_ws/install/orbbec_camera_msgs/share/orbbec_camera_msgs/msg/Metadata.idl
[5.166s] -- Up-to-date: /home/faith/Work/carto_ws/install/orbbec_camera_msgs/share/orbbec_camera_msgs/srv/GetBool.idl
[5.167s] -- Up-to-date: /home/faith/Work/carto_ws/install/orbbec_camera_msgs/share/orbbec_camera_msgs/srv/GetDeviceInfo.idl
[5.167s] -- Up-to-date: /home/faith/Work/carto_ws/install/orbbec_camera_msgs/share/orbbec_camera_msgs/srv/GetCameraInfo.idl
[5.167s] -- Up-to-date: /home/faith/Work/carto_ws/install/orbbec_camera_msgs/share/orbbec_camera_msgs/srv/GetInt32.idl
[5.167s] -- Up-to-date: /home/faith/Work/carto_ws/install/orbbec_camera_msgs/share/orbbec_camera_msgs/srv/GetString.idl
[5.167s] -- Up-to-date: /home/faith/Work/carto_ws/install/orbbec_camera_msgs/share/orbbec_camera_msgs/srv/SetInt32.idl
[5.167s] -- Up-to-date: /home/faith/Work/carto_ws/install/orbbec_camera_msgs/share/orbbec_camera_msgs/srv/SetString.idl
[5.168s] -- Up-to-date: /home/faith/Work/carto_ws/install/orbbec_camera_msgs/share/orbbec_camera_msgs/msg/DeviceInfo.msg
[5.168s] -- Up-to-date: /home/faith/Work/carto_ws/install/orbbec_camera_msgs/share/orbbec_camera_msgs/msg/Extrinsics.msg
[5.168s] -- Up-to-date: /home/faith/Work/carto_ws/install/orbbec_camera_msgs/share/orbbec_camera_msgs/msg/Metadata.msg
[5.168s] -- Up-to-date: /home/faith/Work/carto_ws/install/orbbec_camera_msgs/share/orbbec_camera_msgs/srv/GetBool.srv
[5.168s] -- Up-to-date: /home/faith/Work/carto_ws/install/orbbec_camera_msgs/share/orbbec_camera_msgs/srv/GetBool_Request.msg
[5.168s] -- Up-to-date: /home/faith/Work/carto_ws/install/orbbec_camera_msgs/share/orbbec_camera_msgs/srv/GetBool_Response.msg
[5.168s] -- Up-to-date: /home/faith/Work/carto_ws/install/orbbec_camera_msgs/share/orbbec_camera_msgs/srv/GetDeviceInfo.srv
[5.168s] -- Up-to-date: /home/faith/Work/carto_ws/install/orbbec_camera_msgs/share/orbbec_camera_msgs/srv/GetDeviceInfo_Request.msg
[5.169s] -- Up-to-date: /home/faith/Work/carto_ws/install/orbbec_camera_msgs/share/orbbec_camera_msgs/srv/GetDeviceInfo_Response.msg
[5.169s] -- Up-to-date: /home/faith/Work/carto_ws/install/orbbec_camera_msgs/share/orbbec_camera_msgs/srv/GetCameraInfo.srv
[5.169s] -- Up-to-date: /home/faith/Work/carto_ws/install/orbbec_camera_msgs/share/orbbec_camera_msgs/srv/GetCameraInfo_Request.msg
[5.169s] -- Up-to-date: /home/faith/Work/carto_ws/install/orbbec_camera_msgs/share/orbbec_camera_msgs/srv/GetCameraInfo_Response.msg
[5.169s] -- Up-to-date: /home/faith/Work/carto_ws/install/orbbec_camera_msgs/share/orbbec_camera_msgs/srv/GetInt32.srv
[5.169s] -- Up-to-date: /home/faith/Work/carto_ws/install/orbbec_camera_msgs/share/orbbec_camera_msgs/srv/GetInt32_Request.msg
[5.170s] -- Up-to-date: /home/faith/Work/carto_ws/install/orbbec_camera_msgs/share/orbbec_camera_msgs/srv/GetInt32_Response.msg
[5.170s] -- Up-to-date: /home/faith/Work/carto_ws/install/orbbec_camera_msgs/share/orbbec_camera_msgs/srv/GetString.srv
[5.170s] -- Up-to-date: /home/faith/Work/carto_ws/install/orbbec_camera_msgs/share/orbbec_camera_msgs/srv/GetString_Request.msg
[5.170s] -- Up-to-date: /home/faith/Work/carto_ws/install/orbbec_camera_msgs/share/orbbec_camera_msgs/srv/GetString_Response.msg
[5.172s] -- Up-to-date: /home/faith/Work/carto_ws/install/orbbec_camera_msgs/share/orbbec_camera_msgs/srv/SetInt32.srv
[5.173s] -- Up-to-date: /home/faith/Work/carto_ws/install/orbbec_camera_msgs/share/orbbec_camera_msgs/srv/SetInt32_Request.msg
[5.173s] -- Up-to-date: /home/faith/Work/carto_ws/install/orbbec_camera_msgs/share/orbbec_camera_msgs/srv/SetInt32_Response.msg
[5.173s] -- Up-to-date: /home/faith/Work/carto_ws/install/orbbec_camera_msgs/share/orbbec_camera_msgs/srv/SetString.srv
[5.173s] -- Up-to-date: /home/faith/Work/carto_ws/install/orbbec_camera_msgs/share/orbbec_camera_msgs/srv/SetString_Request.msg
[5.174s] -- Up-to-date: /home/faith/Work/carto_ws/install/orbbec_camera_msgs/share/orbbec_camera_msgs/srv/SetString_Response.msg
[5.174s] -- Up-to-date: /home/faith/Work/carto_ws/install/orbbec_camera_msgs/share/ament_index/resource_index/package_run_dependencies/orbbec_camera_msgs
[5.174s] -- Installing: /home/faith/Work/carto_ws/install/orbbec_camera_msgs/share/ament_index/resource_index/parent_prefix_path/orbbec_camera_msgs
[5.174s] -- Up-to-date: /home/faith/Work/carto_ws/install/orbbec_camera_msgs/share/orbbec_camera_msgs/environment/ament_prefix_path.sh
[5.174s] -- Installing: /home/faith/Work/carto_ws/install/orbbec_camera_msgs/share/orbbec_camera_msgs/environment/ament_prefix_path.dsv
[5.175s] -- Up-to-date: /home/faith/Work/carto_ws/install/orbbec_camera_msgs/share/orbbec_camera_msgs/environment/path.sh
[5.175s] -- Installing: /home/faith/Work/carto_ws/install/orbbec_camera_msgs/share/orbbec_camera_msgs/environment/path.dsv
[5.175s] -- Up-to-date: /home/faith/Work/carto_ws/install/orbbec_camera_msgs/share/orbbec_camera_msgs/local_setup.bash
[5.176s] -- Up-to-date: /home/faith/Work/carto_ws/install/orbbec_camera_msgs/share/orbbec_camera_msgs/local_setup.sh
[5.176s] -- Up-to-date: /home/faith/Work/carto_ws/install/orbbec_camera_msgs/share/orbbec_camera_msgs/local_setup.zsh
[5.176s] -- Installing: /home/faith/Work/carto_ws/install/orbbec_camera_msgs/share/orbbec_camera_msgs/local_setup.dsv
[5.178s] -- Installing: /home/faith/Work/carto_ws/install/orbbec_camera_msgs/share/orbbec_camera_msgs/package.dsv
[5.179s] -- Up-to-date: /home/faith/Work/carto_ws/install/orbbec_camera_msgs/share/ament_index/resource_index/packages/orbbec_camera_msgs
[5.179s] -- Up-to-date: /home/faith/Work/carto_ws/install/orbbec_camera_msgs/share/orbbec_camera_msgs/cmake/export_orbbec_camera_msgs__rosidl_generator_cExport.cmake
[5.179s] -- Up-to-date: /home/faith/Work/carto_ws/install/orbbec_camera_msgs/share/orbbec_camera_msgs/cmake/export_orbbec_camera_msgs__rosidl_generator_cExport-release.cmake
[5.179s] -- Up-to-date: /home/faith/Work/carto_ws/install/orbbec_camera_msgs/share/orbbec_camera_msgs/cmake/export_orbbec_camera_msgs__rosidl_typesupport_fastrtps_cExport.cmake
[5.180s] -- Up-to-date: /home/faith/Work/carto_ws/install/orbbec_camera_msgs/share/orbbec_camera_msgs/cmake/export_orbbec_camera_msgs__rosidl_typesupport_fastrtps_cExport-release.cmake
[5.180s] -- Up-to-date: /home/faith/Work/carto_ws/install/orbbec_camera_msgs/share/orbbec_camera_msgs/cmake/orbbec_camera_msgs__rosidl_typesupport_introspection_cExport.cmake
[5.181s] -- Up-to-date: /home/faith/Work/carto_ws/install/orbbec_camera_msgs/share/orbbec_camera_msgs/cmake/orbbec_camera_msgs__rosidl_typesupport_introspection_cExport-release.cmake
[5.181s] -- Up-to-date: /home/faith/Work/carto_ws/install/orbbec_camera_msgs/share/orbbec_camera_msgs/cmake/orbbec_camera_msgs__rosidl_typesupport_cExport.cmake
[5.181s] -- Up-to-date: /home/faith/Work/carto_ws/install/orbbec_camera_msgs/share/orbbec_camera_msgs/cmake/orbbec_camera_msgs__rosidl_typesupport_cExport-release.cmake
[5.184s] -- Up-to-date: /home/faith/Work/carto_ws/install/orbbec_camera_msgs/share/orbbec_camera_msgs/cmake/export_orbbec_camera_msgs__rosidl_generator_cppExport.cmake
[5.185s] -- Up-to-date: /home/faith/Work/carto_ws/install/orbbec_camera_msgs/share/orbbec_camera_msgs/cmake/export_orbbec_camera_msgs__rosidl_typesupport_fastrtps_cppExport.cmake
[5.185s] -- Up-to-date: /home/faith/Work/carto_ws/install/orbbec_camera_msgs/share/orbbec_camera_msgs/cmake/export_orbbec_camera_msgs__rosidl_typesupport_fastrtps_cppExport-release.cmake
[5.185s] -- Up-to-date: /home/faith/Work/carto_ws/install/orbbec_camera_msgs/share/orbbec_camera_msgs/cmake/orbbec_camera_msgs__rosidl_typesupport_introspection_cppExport.cmake
[5.185s] -- Up-to-date: /home/faith/Work/carto_ws/install/orbbec_camera_msgs/share/orbbec_camera_msgs/cmake/orbbec_camera_msgs__rosidl_typesupport_introspection_cppExport-release.cmake
[5.186s] -- Up-to-date: /home/faith/Work/carto_ws/install/orbbec_camera_msgs/share/orbbec_camera_msgs/cmake/orbbec_camera_msgs__rosidl_typesupport_cppExport.cmake
[5.186s] -- Up-to-date: /home/faith/Work/carto_ws/install/orbbec_camera_msgs/share/orbbec_camera_msgs/cmake/orbbec_camera_msgs__rosidl_typesupport_cppExport-release.cmake
[5.186s] -- Up-to-date: /home/faith/Work/carto_ws/install/orbbec_camera_msgs/share/orbbec_camera_msgs/cmake/export_orbbec_camera_msgs__rosidl_generator_pyExport.cmake
[5.186s] -- Up-to-date: /home/faith/Work/carto_ws/install/orbbec_camera_msgs/share/orbbec_camera_msgs/cmake/export_orbbec_camera_msgs__rosidl_generator_pyExport-release.cmake
[5.187s] -- Up-to-date: /home/faith/Work/carto_ws/install/orbbec_camera_msgs/share/orbbec_camera_msgs/cmake/rosidl_cmake-extras.cmake
[5.187s] -- Up-to-date: /home/faith/Work/carto_ws/install/orbbec_camera_msgs/share/orbbec_camera_msgs/cmake/ament_cmake_export_dependencies-extras.cmake
[5.187s] -- Up-to-date: /home/faith/Work/carto_ws/install/orbbec_camera_msgs/share/orbbec_camera_msgs/cmake/ament_cmake_export_include_directories-extras.cmake
[5.188s] -- Up-to-date: /home/faith/Work/carto_ws/install/orbbec_camera_msgs/share/orbbec_camera_msgs/cmake/ament_cmake_export_libraries-extras.cmake
[5.188s] -- Up-to-date: /home/faith/Work/carto_ws/install/orbbec_camera_msgs/share/orbbec_camera_msgs/cmake/ament_cmake_export_targets-extras.cmake
[5.188s] -- Up-to-date: /home/faith/Work/carto_ws/install/orbbec_camera_msgs/share/orbbec_camera_msgs/cmake/rosidl_cmake_export_typesupport_targets-extras.cmake
[5.189s] -- Up-to-date: /home/faith/Work/carto_ws/install/orbbec_camera_msgs/share/orbbec_camera_msgs/cmake/rosidl_cmake_export_typesupport_libraries-extras.cmake
[5.189s] -- Up-to-date: /home/faith/Work/carto_ws/install/orbbec_camera_msgs/share/orbbec_camera_msgs/cmake/orbbec_camera_msgsConfig.cmake
[5.189s] -- Up-to-date: /home/faith/Work/carto_ws/install/orbbec_camera_msgs/share/orbbec_camera_msgs/cmake/orbbec_camera_msgsConfig-version.cmake
[5.189s] -- Up-to-date: /home/faith/Work/carto_ws/install/orbbec_camera_msgs/share/orbbec_camera_msgs/package.xml
[5.190s] Invoked command in '/home/faith/Work/carto_ws/build/orbbec_camera_msgs' returned '0': CMAKE_PREFIX_PATH=${CMAKE_PREFIX_PATH}:/home/faith/Work/carto_ws/install/fishbot_description:/opt/ros/humble /usr/bin/cmake --install /home/faith/Work/carto_ws/build/orbbec_camera_msgs
