running egg_info
creating ../../build/city_li/city_li.egg-info
writing ../../build/city_li/city_li.egg-info/PKG-INFO
writing dependency_links to ../../build/city_li/city_li.egg-info/dependency_links.txt
writing entry points to ../../build/city_li/city_li.egg-info/entry_points.txt
writing requirements to ../../build/city_li/city_li.egg-info/requires.txt
writing top-level names to ../../build/city_li/city_li.egg-info/top_level.txt
writing manifest file '../../build/city_li/city_li.egg-info/SOURCES.txt'
reading manifest file '../../build/city_li/city_li.egg-info/SOURCES.txt'
writing manifest file '../../build/city_li/city_li.egg-info/SOURCES.txt'
running build
running build_py
creating /home/faith/Work/carto_ws/build/city_li/build
creating /home/faith/Work/carto_ws/build/city_li/build/lib
creating /home/faith/Work/carto_ws/build/city_li/build/lib/city_li
copying city_li/__init__.py -> /home/faith/Work/carto_ws/build/city_li/build/lib/city_li
running install
/usr/lib/python3/dist-packages/setuptools/command/install.py:34: SetuptoolsDeprecationWarning: setup.py install is deprecated. Use build and pip and other standards-based tools.
  warnings.warn(
running install_lib
creating /home/faith/Work/carto_ws/install/city_li/lib/python3.10/site-packages/city_li
copying /home/faith/Work/carto_ws/build/city_li/build/lib/city_li/__init__.py -> /home/faith/Work/carto_ws/install/city_li/lib/python3.10/site-packages/city_li
byte-compiling /home/faith/Work/carto_ws/install/city_li/lib/python3.10/site-packages/city_li/__init__.py to __init__.cpython-310.pyc
running install_data
creating /home/faith/Work/carto_ws/install/city_li/share/ament_index
creating /home/faith/Work/carto_ws/install/city_li/share/ament_index/resource_index
creating /home/faith/Work/carto_ws/install/city_li/share/ament_index/resource_index/packages
copying resource/city_li -> /home/faith/Work/carto_ws/install/city_li/share/ament_index/resource_index/packages
copying package.xml -> /home/faith/Work/carto_ws/install/city_li/share/city_li
running install_egg_info
Copying ../../build/city_li/city_li.egg-info to /home/faith/Work/carto_ws/install/city_li/lib/python3.10/site-packages/city_li-0.0.0-py3.10.egg-info
running install_scripts
Installing li4_node script to /home/faith/Work/carto_ws/install/city_li/lib/city_li
writing list of installed files to '/home/faith/Work/carto_ws/build/city_li/install.log'
