[0.122s] Invoking command in '/home/faith/Work/carto_ws/build/faithbot_cartographer': CMAKE_PREFIX_PATH=${CMAKE_PREFIX_PATH}:/home/faith/Work/carto_ws/install/fishbot_description:/opt/ros/humble /usr/bin/cmake /home/faith/Work/carto_ws/src/faithbot_cartographer -DCMAKE_BUILD_TYPE=Release -DCMAKE_INSTALL_PREFIX=/home/faith/Work/carto_ws/install/faithbot_cartographer
[0.613s] -- Found ament_cmake: 1.3.5 (/opt/ros/humble/share/ament_cmake/cmake)
[0.615s] -- Found ament_lint_auto: 0.12.6 (/opt/ros/humble/share/ament_lint_auto/cmake)
[0.947s] -- Added test 'flake8' to check Python code syntax and style conventions
[0.950s] -- Added test 'lint_cmake' to check CMake code style
[0.954s] -- Added test 'pep257' to check Python code against some of the docstring style conventions in PEP 257
[0.967s] -- Added test 'xmllint' to check XML markup files
[0.975s] -- Configuring done
[0.989s] -- Generating done
[0.995s] -- Build files have been written to: /home/faith/Work/carto_ws/build/faithbot_cartographer
[1.017s] Invoked command in '/home/faith/Work/carto_ws/build/faithbot_cartographer' returned '0': CMAKE_PREFIX_PATH=${CMAKE_PREFIX_PATH}:/home/faith/Work/carto_ws/install/fishbot_description:/opt/ros/humble /usr/bin/cmake /home/faith/Work/carto_ws/src/faithbot_cartographer -DCMAKE_BUILD_TYPE=Release -DCMAKE_INSTALL_PREFIX=/home/faith/Work/carto_ws/install/faithbot_cartographer
[1.019s] Invoking command in '/home/faith/Work/carto_ws/build/faithbot_cartographer': CMAKE_PREFIX_PATH=${CMAKE_PREFIX_PATH}:/home/faith/Work/carto_ws/install/fishbot_description:/opt/ros/humble /usr/bin/cmake --build /home/faith/Work/carto_ws/build/faithbot_cartographer -- -j8 -l8
[1.165s] Invoked command in '/home/faith/Work/carto_ws/build/faithbot_cartographer' returned '0': CMAKE_PREFIX_PATH=${CMAKE_PREFIX_PATH}:/home/faith/Work/carto_ws/install/fishbot_description:/opt/ros/humble /usr/bin/cmake --build /home/faith/Work/carto_ws/build/faithbot_cartographer -- -j8 -l8
[1.428s] Invoking command in '/home/faith/Work/carto_ws/build/faithbot_cartographer': CMAKE_PREFIX_PATH=${CMAKE_PREFIX_PATH}:/home/faith/Work/carto_ws/install/fishbot_description:/opt/ros/humble /usr/bin/cmake --install /home/faith/Work/carto_ws/build/faithbot_cartographer
[1.706s] -- Install configuration: "Release"
[1.707s] -- Up-to-date: /home/faith/Work/carto_ws/install/faithbot_cartographer/share/ament_index/resource_index/package_run_dependencies/faithbot_cartographer
[1.708s] -- Up-to-date: /home/faith/Work/carto_ws/install/faithbot_cartographer/share/ament_index/resource_index/parent_prefix_path/faithbot_cartographer
[1.709s] -- Up-to-date: /home/faith/Work/carto_ws/install/faithbot_cartographer/share/faithbot_cartographer/environment/ament_prefix_path.sh
[1.710s] -- Installing: /home/faith/Work/carto_ws/install/faithbot_cartographer/share/faithbot_cartographer/environment/ament_prefix_path.dsv
[1.711s] -- Up-to-date: /home/faith/Work/carto_ws/install/faithbot_cartographer/share/faithbot_cartographer/environment/path.sh
[1.712s] -- Installing: /home/faith/Work/carto_ws/install/faithbot_cartographer/share/faithbot_cartographer/environment/path.dsv
[1.718s] -- Up-to-date: /home/faith/Work/carto_ws/install/faithbot_cartographer/share/faithbot_cartographer/local_setup.bash
[1.719s] -- Up-to-date: /home/faith/Work/carto_ws/install/faithbot_cartographer/share/faithbot_cartographer/local_setup.sh
[1.720s] -- Up-to-date: /home/faith/Work/carto_ws/install/faithbot_cartographer/share/faithbot_cartographer/local_setup.zsh
[1.721s] -- Installing: /home/faith/Work/carto_ws/install/faithbot_cartographer/share/faithbot_cartographer/local_setup.dsv
[1.722s] -- Installing: /home/faith/Work/carto_ws/install/faithbot_cartographer/share/faithbot_cartographer/package.dsv
[1.723s] -- Up-to-date: /home/faith/Work/carto_ws/install/faithbot_cartographer/share/ament_index/resource_index/packages/faithbot_cartographer
[1.723s] -- Up-to-date: /home/faith/Work/carto_ws/install/faithbot_cartographer/share/faithbot_cartographer/cmake/faithbot_cartographerConfig.cmake
[1.724s] -- Up-to-date: /home/faith/Work/carto_ws/install/faithbot_cartographer/share/faithbot_cartographer/cmake/faithbot_cartographerConfig-version.cmake
[1.725s] -- Up-to-date: /home/faith/Work/carto_ws/install/faithbot_cartographer/share/faithbot_cartographer/package.xml
[1.726s] -- Up-to-date: /home/faith/Work/carto_ws/install/faithbot_cartographer/share/faithbot_cartographer/config
[1.727s] -- Up-to-date: /home/faith/Work/carto_ws/install/faithbot_cartographer/share/faithbot_cartographer/config/faithbot_2d.lua
[1.728s] -- Up-to-date: /home/faith/Work/carto_ws/install/faithbot_cartographer/share/faithbot_cartographer/config/faithbot.lua
[1.728s] -- Up-to-date: /home/faith/Work/carto_ws/install/faithbot_cartographer/share/faithbot_cartographer/launch
[1.729s] -- Up-to-date: /home/faith/Work/carto_ws/install/faithbot_cartographer/share/faithbot_cartographer/launch/cartographer.launch.py
[1.730s] -- Up-to-date: /home/faith/Work/carto_ws/install/faithbot_cartographer/share/faithbot_cartographer/rviz
[1.731s] -- Up-to-date: /home/faith/Work/carto_ws/install/faithbot_cartographer/share/faithbot_cartographer/rviz/cartographer.rviz
[1.742s] Invoked command in '/home/faith/Work/carto_ws/build/faithbot_cartographer' returned '0': CMAKE_PREFIX_PATH=${CMAKE_PREFIX_PATH}:/home/faith/Work/carto_ws/install/fishbot_description:/opt/ros/humble /usr/bin/cmake --install /home/faith/Work/carto_ws/build/faithbot_cartographer
