[0.032s] Invoking command in '/home/faith/Work/carto_ws/build/cartographer_rviz': CMAKE_PREFIX_PATH=/home/faith/Work/carto_ws/install/cartographer_ros:/home/faith/Work/carto_ws/install/cartographer_ros_msgs:/home/faith/Work/carto_ws/install/cartographer:/home/faith/Work/carto_ws/install/sllidar_ros2:/home/faith/Work/carto_ws/install/faithbot_cartographer:/home/faith/Work/carto_ws/install/cartographer_rviz:/home/faith/Work/carto_ws/install/fishbot_description:/opt/ros/humble LD_LIBRARY_PATH=/home/faith/Work/carto_ws/install/cartographer_ros_msgs/lib:/home/faith/Work/carto_ws/install/cartographer_rviz/lib:/home/faith/Work/carto_ws/install/cartographer_ros/lib:/opt/ros/humble/opt/rviz_ogre_vendor/lib:/opt/ros/humble/lib/aarch64-linux-gnu:/opt/ros/humble/lib /usr/bin/cmake /home/faith/Work/carto_ws/src/cartographer_ros/cartographer_rviz -DCMAKE_BUILD_TYPE=Release -DCMAKE_INSTALL_PREFIX=/home/faith/Work/carto_ws/install/cartographer_rviz
[0.067s] -- Found ament_cmake: 1.3.5 (/opt/ros/humble/share/ament_cmake/cmake)
[0.381s] -- Found required Ceres dependency: Eigen version 3.4.0 in /usr/include/eigen3
[0.388s] -- Found required Ceres dependency: glog
[0.390s] -- Found required Ceres dependency: gflags
[0.392s] -- Found Ceres version: 2.0.0 installed in: /usr with components: [EigenSparse, SparseLinearAlgebraLibrary, LAPACK, SuiteSparse, CXSparse, SchurSpecializations, Multithreading]
[0.409s] -- Build type: Release
[0.418s] -- Found cartographer_ros: 2.0.9001 (/home/faith/Work/carto_ws/install/cartographer_ros/share/cartographer_ros/cmake)
[0.456s] -- Found rosidl_generator_c: 3.1.4 (/opt/ros/humble/share/rosidl_generator_c/cmake)
[0.459s] -- Found rosidl_adapter: 3.1.4 (/opt/ros/humble/share/rosidl_adapter/cmake)
[0.467s] -- Found rosidl_generator_cpp: 3.1.4 (/opt/ros/humble/share/rosidl_generator_cpp/cmake)
[0.483s] -- Using all available rosidl_typesupport_c: rosidl_typesupport_fastrtps_c;rosidl_typesupport_introspection_c
[0.504s] -- Using all available rosidl_typesupport_cpp: rosidl_typesupport_fastrtps_cpp;rosidl_typesupport_introspection_cpp
[1.044s] -- Found rmw_implementation_cmake: 6.1.1 (/opt/ros/humble/share/rmw_implementation_cmake/cmake)
[1.045s] -- Found rmw_fastrtps_cpp: 6.2.2 (/opt/ros/humble/share/rmw_fastrtps_cpp/cmake)
[1.268s] -- Using RMW implementation 'rmw_fastrtps_cpp' as default
[2.968s] -- Found rviz_common: 11.2.5 (/opt/ros/humble/share/rviz_common/cmake)
[3.006s] -- Setting OGRE_DIR to: '/opt/ros/humble/share/rviz_ogre_vendor/cmake/../../../opt/rviz_ogre_vendor/lib/OGRE/cmake'
[3.008s] -- Found OGRE
[3.008s] --   static     : OFF
[3.008s] --   components : HLMS;MeshLodGenerator;Overlay;Paging;Property;RTShaderSystem;Terrain;Volume
[3.008s] --   plugins    : Plugin_BSPSceneManager;Plugin_OctreeSceneManager;Plugin_PCZSceneManager;Plugin_ParticleFX;RenderSystem_GL;RenderSystem_GL3Plus;Codec_STBI
[3.009s] --   media      : /opt/ros/humble/opt/rviz_ogre_vendor/share/OGRE/Media
[3.009s] -- OGRE_LIBRARIES: OgreHLMS;OgreMeshLodGenerator;OgreOverlay;OgrePaging;OgreProperty;OgreRTShaderSystem;OgreTerrain;OgreVolume;OgreMain
[3.009s] -- OGRE_LIBRARY_DIRS: /opt/ros/humble/opt/rviz_ogre_vendor/lib
[3.009s] -- OGRE_PLUGINS: Plugin_BSPSceneManager;Plugin_OctreeSceneManager;Plugin_PCZSceneManager;Plugin_ParticleFX;RenderSystem_GL;RenderSystem_GL3Plus;Codec_STBI
[3.009s] -- OGRE_PLUGIN_DIR: /opt/ros/humble/opt/rviz_ogre_vendor/lib/OGRE
[3.009s] -- rviz_ogre_vendor::OgreOverlay for IMPORTED_LOCATION_RELEASE: /opt/ros/humble/opt/rviz_ogre_vendor/lib/libOgreOverlay.so
[3.009s] -- rviz_ogre_vendor::OgreOverlay for IMPORTED_LOCATION_DEBUG: /opt/ros/humble/opt/rviz_ogre_vendor/lib/libOgreOverlay.so
[3.009s] -- rviz_ogre_vendor::OgreMain for IMPORTED_LOCATION_RELEASE: /opt/ros/humble/opt/rviz_ogre_vendor/lib/libOgreMain.so
[3.009s] -- rviz_ogre_vendor::OgreMain for IMPORTED_LOCATION_DEBUG: /opt/ros/humble/opt/rviz_ogre_vendor/lib/libOgreMain.so
[3.014s] -- Could not find freeimage library
[3.115s] -- rviz_ogre_vendor::RenderSystem_GL for IMPORTED_LOCATION_RELEASE: _render_system_gl_static_library_abs-NOTFOUND
[3.115s] -- rviz_ogre_vendor::RenderSystem_GL for IMPORTED_LOCATION_DEBUG: _render_system_gl_static_library_abs-NOTFOUND
[3.177s] -- library: /usr/lib/aarch64-linux-gnu/libcurl.so
[3.245s] -- Ensuring Eigen3 include directory is part of orocos-kdl CMake target
[4.330s] -- Deploy OGRE media
[4.340s] -- Configuring done
[4.481s] -- Generating done
[4.486s] -- Build files have been written to: /home/faith/Work/carto_ws/build/cartographer_rviz
[4.529s] Invoked command in '/home/faith/Work/carto_ws/build/cartographer_rviz' returned '0': CMAKE_PREFIX_PATH=/home/faith/Work/carto_ws/install/cartographer_ros:/home/faith/Work/carto_ws/install/cartographer_ros_msgs:/home/faith/Work/carto_ws/install/cartographer:/home/faith/Work/carto_ws/install/sllidar_ros2:/home/faith/Work/carto_ws/install/faithbot_cartographer:/home/faith/Work/carto_ws/install/cartographer_rviz:/home/faith/Work/carto_ws/install/fishbot_description:/opt/ros/humble LD_LIBRARY_PATH=/home/faith/Work/carto_ws/install/cartographer_ros_msgs/lib:/home/faith/Work/carto_ws/install/cartographer_rviz/lib:/home/faith/Work/carto_ws/install/cartographer_ros/lib:/opt/ros/humble/opt/rviz_ogre_vendor/lib:/opt/ros/humble/lib/aarch64-linux-gnu:/opt/ros/humble/lib /usr/bin/cmake /home/faith/Work/carto_ws/src/cartographer_ros/cartographer_rviz -DCMAKE_BUILD_TYPE=Release -DCMAKE_INSTALL_PREFIX=/home/faith/Work/carto_ws/install/cartographer_rviz
[4.536s] Invoking command in '/home/faith/Work/carto_ws/build/cartographer_rviz': CMAKE_PREFIX_PATH=/home/faith/Work/carto_ws/install/cartographer_ros:/home/faith/Work/carto_ws/install/cartographer_ros_msgs:/home/faith/Work/carto_ws/install/cartographer:/home/faith/Work/carto_ws/install/sllidar_ros2:/home/faith/Work/carto_ws/install/faithbot_cartographer:/home/faith/Work/carto_ws/install/cartographer_rviz:/home/faith/Work/carto_ws/install/fishbot_description:/opt/ros/humble LD_LIBRARY_PATH=/home/faith/Work/carto_ws/install/cartographer_ros_msgs/lib:/home/faith/Work/carto_ws/install/cartographer_rviz/lib:/home/faith/Work/carto_ws/install/cartographer_ros/lib:/opt/ros/humble/opt/rviz_ogre_vendor/lib:/opt/ros/humble/lib/aarch64-linux-gnu:/opt/ros/humble/lib /usr/bin/cmake --build /home/faith/Work/carto_ws/build/cartographer_rviz -- -j8 -l8
[4.715s] [ 16%] [34m[1mAutomatic MOC for target cartographer_rviz[0m
[4.716s] [ 16%] Built target cartographer_rviz_detect_changes
[4.819s] [ 16%] Built target cartographer_rviz_autogen
[4.872s] [35m[1mConsolidate compiler generated dependencies of target cartographer_rviz[0m
[4.980s] [ 33%] [32m[1mLinking CXX shared library libcartographer_rviz.so[0m
[7.831s] [100%] Built target cartographer_rviz
[7.869s] Invoked command in '/home/faith/Work/carto_ws/build/cartographer_rviz' returned '0': CMAKE_PREFIX_PATH=/home/faith/Work/carto_ws/install/cartographer_ros:/home/faith/Work/carto_ws/install/cartographer_ros_msgs:/home/faith/Work/carto_ws/install/cartographer:/home/faith/Work/carto_ws/install/sllidar_ros2:/home/faith/Work/carto_ws/install/faithbot_cartographer:/home/faith/Work/carto_ws/install/cartographer_rviz:/home/faith/Work/carto_ws/install/fishbot_description:/opt/ros/humble LD_LIBRARY_PATH=/home/faith/Work/carto_ws/install/cartographer_ros_msgs/lib:/home/faith/Work/carto_ws/install/cartographer_rviz/lib:/home/faith/Work/carto_ws/install/cartographer_ros/lib:/opt/ros/humble/opt/rviz_ogre_vendor/lib:/opt/ros/humble/lib/aarch64-linux-gnu:/opt/ros/humble/lib /usr/bin/cmake --build /home/faith/Work/carto_ws/build/cartographer_rviz -- -j8 -l8
[7.988s] Invoking command in '/home/faith/Work/carto_ws/build/cartographer_rviz': CMAKE_PREFIX_PATH=/home/faith/Work/carto_ws/install/cartographer_ros:/home/faith/Work/carto_ws/install/cartographer_ros_msgs:/home/faith/Work/carto_ws/install/cartographer:/home/faith/Work/carto_ws/install/sllidar_ros2:/home/faith/Work/carto_ws/install/faithbot_cartographer:/home/faith/Work/carto_ws/install/cartographer_rviz:/home/faith/Work/carto_ws/install/fishbot_description:/opt/ros/humble LD_LIBRARY_PATH=/home/faith/Work/carto_ws/install/cartographer_ros_msgs/lib:/home/faith/Work/carto_ws/install/cartographer_rviz/lib:/home/faith/Work/carto_ws/install/cartographer_ros/lib:/opt/ros/humble/opt/rviz_ogre_vendor/lib:/opt/ros/humble/lib/aarch64-linux-gnu:/opt/ros/humble/lib /usr/bin/cmake --install /home/faith/Work/carto_ws/build/cartographer_rviz
[8.014s] -- Install configuration: "Release"
[8.014s] -- Up-to-date: /home/faith/Work/carto_ws/install/cartographer_rviz/share/cartographer_rviz/rviz_plugin_description.xml
[8.016s] -- Installing: /home/faith/Work/carto_ws/install/cartographer_rviz/lib/libcartographer_rviz.so
[8.024s] -- Set runtime path of "/home/faith/Work/carto_ws/install/cartographer_rviz/lib/libcartographer_rviz.so" to ""
[8.024s] -- Up-to-date: /home/faith/Work/carto_ws/install/cartographer_rviz/include/
[8.025s] -- Up-to-date: /home/faith/Work/carto_ws/install/cartographer_rviz/include//cartographer_rviz
[8.026s] -- Up-to-date: /home/faith/Work/carto_ws/install/cartographer_rviz/include//cartographer_rviz/drawable_submap.h
[8.026s] -- Up-to-date: /home/faith/Work/carto_ws/install/cartographer_rviz/include//cartographer_rviz/submaps_display.h
[8.027s] -- Up-to-date: /home/faith/Work/carto_ws/install/cartographer_rviz/include//cartographer_rviz/ogre_slice.h
[8.027s] -- Up-to-date: /home/faith/Work/carto_ws/install/cartographer_rviz/share/cartographer_rviz/environment/library_path.sh
[8.028s] -- Installing: /home/faith/Work/carto_ws/install/cartographer_rviz/share/cartographer_rviz/environment/library_path.dsv
[8.028s] -- Up-to-date: /home/faith/Work/carto_ws/install/cartographer_rviz/share/ament_index/resource_index/package_run_dependencies/cartographer_rviz
[8.029s] -- Installing: /home/faith/Work/carto_ws/install/cartographer_rviz/share/ament_index/resource_index/parent_prefix_path/cartographer_rviz
[8.029s] -- Installing: /home/faith/Work/carto_ws/install/cartographer_rviz/share/cartographer_rviz/environment/ament_prefix_path.sh
[8.030s] -- Installing: /home/faith/Work/carto_ws/install/cartographer_rviz/share/cartographer_rviz/environment/ament_prefix_path.dsv
[8.030s] -- Installing: /home/faith/Work/carto_ws/install/cartographer_rviz/share/cartographer_rviz/environment/path.sh
[8.030s] -- Installing: /home/faith/Work/carto_ws/install/cartographer_rviz/share/cartographer_rviz/environment/path.dsv
[8.031s] -- Up-to-date: /home/faith/Work/carto_ws/install/cartographer_rviz/share/cartographer_rviz/local_setup.bash
[8.031s] -- Up-to-date: /home/faith/Work/carto_ws/install/cartographer_rviz/share/cartographer_rviz/local_setup.sh
[8.032s] -- Up-to-date: /home/faith/Work/carto_ws/install/cartographer_rviz/share/cartographer_rviz/local_setup.zsh
[8.033s] -- Installing: /home/faith/Work/carto_ws/install/cartographer_rviz/share/cartographer_rviz/local_setup.dsv
[8.034s] -- Installing: /home/faith/Work/carto_ws/install/cartographer_rviz/share/cartographer_rviz/package.dsv
[8.041s] -- Up-to-date: /home/faith/Work/carto_ws/install/cartographer_rviz/share/ament_index/resource_index/packages/cartographer_rviz
[8.049s] -- Up-to-date: /home/faith/Work/carto_ws/install/cartographer_rviz/share/ament_index/resource_index/rviz_common__pluginlib__plugin/cartographer_rviz
[8.050s] -- Up-to-date: /home/faith/Work/carto_ws/install/cartographer_rviz/share/cartographer_rviz/ogre_media/materials/glsl120
[8.051s] -- Up-to-date: /home/faith/Work/carto_ws/install/cartographer_rviz/share/cartographer_rviz/ogre_media/materials/glsl120/glsl120.program
[8.052s] -- Up-to-date: /home/faith/Work/carto_ws/install/cartographer_rviz/share/cartographer_rviz/ogre_media/materials/glsl120/submap.vert
[8.053s] -- Up-to-date: /home/faith/Work/carto_ws/install/cartographer_rviz/share/cartographer_rviz/ogre_media/materials/glsl120/submap.frag
[8.053s] -- Up-to-date: /home/faith/Work/carto_ws/install/cartographer_rviz/share/cartographer_rviz/ogre_media/materials/scripts
[8.054s] -- Up-to-date: /home/faith/Work/carto_ws/install/cartographer_rviz/share/cartographer_rviz/ogre_media/materials/scripts/submap.material
[8.055s] -- Up-to-date: /home/faith/Work/carto_ws/install/cartographer_rviz/share/ament_index/resource_index/rviz_ogre_media_exports/cartographer_rviz
[8.055s] -- Up-to-date: /home/faith/Work/carto_ws/install/cartographer_rviz/share/cartographer_rviz/cmake/cartographer_rvizExport.cmake
[8.056s] -- Up-to-date: /home/faith/Work/carto_ws/install/cartographer_rviz/share/cartographer_rviz/cmake/cartographer_rvizExport-release.cmake
[8.056s] -- Up-to-date: /home/faith/Work/carto_ws/install/cartographer_rviz/share/cartographer_rviz/cmake/ament_cmake_export_include_directories-extras.cmake
[8.057s] -- Up-to-date: /home/faith/Work/carto_ws/install/cartographer_rviz/share/cartographer_rviz/cmake/ament_cmake_export_targets-extras.cmake
[8.058s] -- Up-to-date: /home/faith/Work/carto_ws/install/cartographer_rviz/share/cartographer_rviz/cmake/ament_cmake_export_dependencies-extras.cmake
[8.058s] -- Up-to-date: /home/faith/Work/carto_ws/install/cartographer_rviz/share/cartographer_rviz/cmake/cartographer_rvizConfig.cmake
[8.059s] -- Up-to-date: /home/faith/Work/carto_ws/install/cartographer_rviz/share/cartographer_rviz/cmake/cartographer_rvizConfig-version.cmake
[8.059s] -- Up-to-date: /home/faith/Work/carto_ws/install/cartographer_rviz/share/cartographer_rviz/package.xml
[8.060s] Invoked command in '/home/faith/Work/carto_ws/build/cartographer_rviz' returned '0': CMAKE_PREFIX_PATH=/home/faith/Work/carto_ws/install/cartographer_ros:/home/faith/Work/carto_ws/install/cartographer_ros_msgs:/home/faith/Work/carto_ws/install/cartographer:/home/faith/Work/carto_ws/install/sllidar_ros2:/home/faith/Work/carto_ws/install/faithbot_cartographer:/home/faith/Work/carto_ws/install/cartographer_rviz:/home/faith/Work/carto_ws/install/fishbot_description:/opt/ros/humble LD_LIBRARY_PATH=/home/faith/Work/carto_ws/install/cartographer_ros_msgs/lib:/home/faith/Work/carto_ws/install/cartographer_rviz/lib:/home/faith/Work/carto_ws/install/cartographer_ros/lib:/opt/ros/humble/opt/rviz_ogre_vendor/lib:/opt/ros/humble/lib/aarch64-linux-gnu:/opt/ros/humble/lib /usr/bin/cmake --install /home/faith/Work/carto_ws/build/cartographer_rviz
