-- Found ament_cmake: 1.3.5 (/opt/ros/humble/share/ament_cmake/cmake)
-- Found builtin_interfaces: 1.2.1 (/opt/ros/humble/share/builtin_interfaces/cmake)
-- Found rosidl_generator_c: 3.1.4 (/opt/ros/humble/share/rosidl_generator_c/cmake)
-- Found rosidl_adapter: 3.1.4 (/opt/ros/humble/share/rosidl_adapter/cmake)
-- Found rosidl_generator_cpp: 3.1.4 (/opt/ros/humble/share/rosidl_generator_cpp/cmake)
-- Using all available rosidl_typesupport_c: rosidl_typesupport_fastrtps_c;rosidl_typesupport_introspection_c
-- Using all available rosidl_typesupport_cpp: rosidl_typesupport_fastrtps_cpp;rosidl_typesupport_introspection_cpp
-- Found required Ceres dependency: Eigen version 3.4.0 in /usr/include/eigen3
-- Found required Ceres dependency: glog
-- Found required Ceres dependency: gflags
-- Found Ceres version: 2.0.0 installed in: /usr with components: [EigenSparse, SparseLinearAlgebraLibrary, LAPACK, SuiteSparse, CXSparse, SchurSpecializations, Multithreading]
-- Found cartographer_ros_msgs: 2.0.9001 (/home/faith/Work/carto_ws/install/cartographer_ros_msgs/share/cartographer_ros_msgs/cmake)
-- Eigen found (include: /usr/include/eigen3, version: 3.4.0)
-- looking for PCL_COMMON
-- Found nav_msgs: 4.2.3 (/opt/ros/humble/share/nav_msgs/cmake)
-- Found pcl_conversions: 2.4.0 (/opt/ros/humble/share/pcl_conversions/cmake)
-- Found rmw_implementation_cmake: 6.1.1 (/opt/ros/humble/share/rmw_implementation_cmake/cmake)
-- Found rmw_fastrtps_cpp: 6.2.2 (/opt/ros/humble/share/rmw_fastrtps_cpp/cmake)
-- Using RMW implementation 'rmw_fastrtps_cpp' as default
-- Found rosbag2_cpp: 0.15.6 (/opt/ros/humble/share/rosbag2_cpp/cmake)
-- Found tf2: 0.25.2 (/opt/ros/humble/share/tf2/cmake)
-- Found tf2_eigen: 0.25.2 (/opt/ros/humble/share/tf2_eigen/cmake)
-- Found urdf: 2.6.0 (/opt/ros/humble/share/urdf/cmake)
-- Found visualization_msgs: 4.2.3 (/opt/ros/humble/share/visualization_msgs/cmake)
-- Configuring done
-- Generating done
-- Build files have been written to: /home/faith/Work/carto_ws/build/cartographer_ros
[35m[1mConsolidate compiler generated dependencies of target cartographer_ros[0m
[  2%] [32mBuilding CXX object CMakeFiles/cartographer_ros.dir/src/assets_writer.cpp.o[0m
[  5%] [32mBuilding CXX object CMakeFiles/cartographer_ros.dir/src/msg_conversion.cpp.o[0m
[  8%] [32mBuilding CXX object CMakeFiles/cartographer_ros.dir/src/map_builder_bridge.cpp.o[0m
[ 11%] [32mBuilding CXX object CMakeFiles/cartographer_ros.dir/src/node.cpp.o[0m
[ 14%] [32mBuilding CXX object CMakeFiles/cartographer_ros.dir/src/node_constants.cpp.o[0m
[ 17%] [32mBuilding CXX object CMakeFiles/cartographer_ros.dir/src/node_options.cpp.o[0m
[ 20%] [32mBuilding CXX object CMakeFiles/cartographer_ros.dir/src/playable_bag.cpp.o[0m
[ 22%] [32mBuilding CXX object CMakeFiles/cartographer_ros.dir/src/offline_node.cpp.o[0m
[ 25%] [32mBuilding CXX object CMakeFiles/cartographer_ros.dir/src/ros_log_sink.cpp.o[0m
In file included from [01m[K/opt/ros/humble/include/cartographer/transform/transform.h:26[m[K,
                 from [01m[K/opt/ros/humble/include/cartographer/sensor/rangefinder_point.h:24[m[K,
                 from [01m[K/opt/ros/humble/include/cartographer/sensor/point_cloud.h:24[m[K,
                 from [01m[K/opt/ros/humble/include/cartographer/sensor/compressed_point_cloud.h:25[m[K,
                 from [01m[K/opt/ros/humble/include/cartographer/sensor/range_data.h:21[m[K,
                 from [01m[K/opt/ros/humble/include/cartographer/mapping/trajectory_node.h:27[m[K,
                 from [01m[K/opt/ros/humble/include/cartographer/mapping/submaps.h:30[m[K,
                 from [01m[K/opt/ros/humble/include/cartographer/mapping/pose_graph_interface.h:25[m[K,
                 from [01m[K/opt/ros/humble/include/cartographer/mapping/map_builder_interface.h:29[m[K,
                 from [01m[K/home/faith/Work/carto_ws/src/cartographer_ros/cartographer_ros/include/cartographer_ros/node.h:29[m[K,
                 from [01m[K/home/faith/Work/carto_ws/src/cartographer_ros/cartographer_ros/src/node.cpp:17[m[K:
/opt/ros/humble/include/cartographer/transform/rigid_transform.h: In instantiation of ‘[01m[Kcartographer::transform::Rigid2<FloatType>::Rotation2D cartographer::transform::Rigid2<FloatType>::rotation() const [with FloatType = double; cartographer::transform::Rigid2<FloatType>::Rotation2D = Eigen::Rotation2D<double>][m[K’:
[01m[K/opt/ros/humble/include/cartographer/transform/transform.h:113:45:[m[K   required from ‘[01m[Kcartographer::transform::Rigid3<FloatType> cartographer::transform::Embed3D(const cartographer::transform::Rigid2<FloatType>&) [with T = double][m[K’
[01m[K/home/faith/Work/carto_ws/src/cartographer_ros/cartographer_ros/src/node.cpp:306:41:[m[K   required from here
[01m[K/opt/ros/humble/include/cartographer/transform/rigid_transform.h:68:14:[m[K [01;36m[Knote: [m[Kparameter passing for argument of type ‘[01m[KEigen::Rotation2D<double>[m[K’ when C++17 is enabled changed to match C++14 in GCC 10.1
   68 |   Rotation2D [01;36m[Krotation[m[K() const { return rotation_; }
      |              [01;36m[K^~~~~~~~[m[K
[ 28%] [32mBuilding CXX object CMakeFiles/cartographer_ros.dir/src/trajectory_options.cpp.o[0m
[ 31%] [32mBuilding CXX object CMakeFiles/cartographer_ros.dir/src/time_conversion.cpp.o[0m
[ 34%] [32mBuilding CXX object CMakeFiles/cartographer_ros.dir/src/tf_bridge.cpp.o[0m
[ 37%] [32mBuilding CXX object CMakeFiles/cartographer_ros.dir/src/submap.cpp.o[0m
[ 40%] [32mBuilding CXX object CMakeFiles/cartographer_ros.dir/src/sensor_bridge.cpp.o[0m
[ 42%] [32mBuilding CXX object CMakeFiles/cartographer_ros.dir/src/metrics/family_factory.cpp.o[0m
[ 45%] [32mBuilding CXX object CMakeFiles/cartographer_ros.dir/src/urdf_reader.cpp.o[0m
[ 48%] [32mBuilding CXX object CMakeFiles/cartographer_ros.dir/src/ros_map_writing_points_processor.cpp.o[0m
[ 51%] [32mBuilding CXX object CMakeFiles/cartographer_ros.dir/src/metrics/internal/family.cpp.o[0m
[ 54%] [32mBuilding CXX object CMakeFiles/cartographer_ros.dir/src/ros_map.cpp.o[0m
[ 57%] [32mBuilding CXX object CMakeFiles/cartographer_ros.dir/src/metrics/internal/histogram.cpp.o[0m
[ 60%] [32m[1mLinking CXX static library libcartographer_ros.a[0m
[ 60%] Built target cartographer_ros
[35m[1mConsolidate compiler generated dependencies of target cartographer_node[0m
[35m[1mConsolidate compiler generated dependencies of target cartographer_assets_writer[0m
[35m[1mConsolidate compiler generated dependencies of target cartographer_rosbag_validate[0m
[35m[1mConsolidate compiler generated dependencies of target cartographer_pbstream_to_ros_map[0m
[35m[1mConsolidate compiler generated dependencies of target cartographer_occupancy_grid_node[0m
[35m[1mConsolidate compiler generated dependencies of target cartographer_offline_node[0m
[35m[1mConsolidate compiler generated dependencies of target cartographer_pbstream_map_publisher[0m
[ 62%] [32mBuilding CXX object CMakeFiles/cartographer_node.dir/src/node_main.cpp.o[0m
[ 65%] [32mBuilding CXX object CMakeFiles/cartographer_assets_writer.dir/src/assets_writer_main.cpp.o[0m
[ 68%] [32mBuilding CXX object CMakeFiles/cartographer_offline_node.dir/src/offline_node_main.cpp.o[0m
[ 71%] [32mBuilding CXX object CMakeFiles/cartographer_pbstream_map_publisher.dir/src/pbstream_map_publisher_main.cpp.o[0m
[ 77%] [32mBuilding CXX object CMakeFiles/cartographer_occupancy_grid_node.dir/src/occupancy_grid_node_main.cpp.o[0m
[ 77%] [32mBuilding CXX object CMakeFiles/cartographer_pbstream_to_ros_map.dir/src/pbstream_to_ros_map_main.cpp.o[0m
[ 80%] [32mBuilding CXX object CMakeFiles/cartographer_rosbag_validate.dir/src/rosbag_validate_main.cpp.o[0m
[ 82%] [32m[1mLinking CXX executable cartographer_node[0m
[ 85%] [32m[1mLinking CXX executable cartographer_pbstream_map_publisher[0m
[ 88%] [32m[1mLinking CXX executable cartographer_assets_writer[0m
[ 88%] Built target cartographer_pbstream_map_publisher
[ 88%] Built target cartographer_node
[ 91%] [32m[1mLinking CXX executable cartographer_offline_node[0m
[ 91%] Built target cartographer_assets_writer
[ 91%] Built target cartographer_offline_node
[ 94%] [32m[1mLinking CXX executable cartographer_pbstream_to_ros_map[0m
[ 94%] Built target cartographer_pbstream_to_ros_map
[ 97%] [32m[1mLinking CXX executable cartographer_rosbag_validate[0m
[ 97%] Built target cartographer_rosbag_validate
[100%] [32m[1mLinking CXX executable cartographer_occupancy_grid_node[0m
[100%] Built target cartographer_occupancy_grid_node
-- Install configuration: "Release"
-- Installing: /home/faith/Work/carto_ws/install/cartographer_ros/lib/libcartographer_ros.a
-- Installing: /home/faith/Work/carto_ws/install/cartographer_ros/lib/cartographer_ros/cartographer_node
-- Set runtime path of "/home/faith/Work/carto_ws/install/cartographer_ros/lib/cartographer_ros/cartographer_node" to ""
-- Installing: /home/faith/Work/carto_ws/install/cartographer_ros/lib/cartographer_ros/cartographer_occupancy_grid_node
-- Set runtime path of "/home/faith/Work/carto_ws/install/cartographer_ros/lib/cartographer_ros/cartographer_occupancy_grid_node" to ""
-- Installing: /home/faith/Work/carto_ws/install/cartographer_ros/lib/cartographer_ros/cartographer_offline_node
-- Set runtime path of "/home/faith/Work/carto_ws/install/cartographer_ros/lib/cartographer_ros/cartographer_offline_node" to ""
-- Installing: /home/faith/Work/carto_ws/install/cartographer_ros/lib/cartographer_ros/cartographer_assets_writer
-- Set runtime path of "/home/faith/Work/carto_ws/install/cartographer_ros/lib/cartographer_ros/cartographer_assets_writer" to ""
-- Installing: /home/faith/Work/carto_ws/install/cartographer_ros/lib/cartographer_ros/cartographer_pbstream_map_publisher
-- Set runtime path of "/home/faith/Work/carto_ws/install/cartographer_ros/lib/cartographer_ros/cartographer_pbstream_map_publisher" to ""
-- Installing: /home/faith/Work/carto_ws/install/cartographer_ros/lib/cartographer_ros/cartographer_pbstream_to_ros_map
-- Set runtime path of "/home/faith/Work/carto_ws/install/cartographer_ros/lib/cartographer_ros/cartographer_pbstream_to_ros_map" to ""
-- Installing: /home/faith/Work/carto_ws/install/cartographer_ros/lib/cartographer_ros/cartographer_rosbag_validate
-- Set runtime path of "/home/faith/Work/carto_ws/install/cartographer_ros/lib/cartographer_ros/cartographer_rosbag_validate" to ""
-- Up-to-date: /home/faith/Work/carto_ws/install/cartographer_ros/include/
-- Up-to-date: /home/faith/Work/carto_ws/install/cartographer_ros/include//cartographer_ros
-- Up-to-date: /home/faith/Work/carto_ws/install/cartographer_ros/include//cartographer_ros/playable_bag.h
-- Up-to-date: /home/faith/Work/carto_ws/install/cartographer_ros/include//cartographer_ros/assets_writer.h
-- Up-to-date: /home/faith/Work/carto_ws/install/cartographer_ros/include//cartographer_ros/submap.h
-- Up-to-date: /home/faith/Work/carto_ws/install/cartographer_ros/include//cartographer_ros/ros_map_writing_points_processor.h
-- Up-to-date: /home/faith/Work/carto_ws/install/cartographer_ros/include//cartographer_ros/sensor_bridge.h
-- Up-to-date: /home/faith/Work/carto_ws/install/cartographer_ros/include//cartographer_ros/time_conversion.h
-- Up-to-date: /home/faith/Work/carto_ws/install/cartographer_ros/include//cartographer_ros/node_options.h
-- Up-to-date: /home/faith/Work/carto_ws/install/cartographer_ros/include//cartographer_ros/offline_node.h
-- Up-to-date: /home/faith/Work/carto_ws/install/cartographer_ros/include//cartographer_ros/ros_map.h
-- Up-to-date: /home/faith/Work/carto_ws/install/cartographer_ros/include//cartographer_ros/ros_log_sink.h
-- Up-to-date: /home/faith/Work/carto_ws/install/cartographer_ros/include//cartographer_ros/tf_bridge.h
-- Up-to-date: /home/faith/Work/carto_ws/install/cartographer_ros/include//cartographer_ros/node.h
-- Up-to-date: /home/faith/Work/carto_ws/install/cartographer_ros/include//cartographer_ros/node_constants.h
-- Up-to-date: /home/faith/Work/carto_ws/install/cartographer_ros/include//cartographer_ros/metrics
-- Up-to-date: /home/faith/Work/carto_ws/install/cartographer_ros/include//cartographer_ros/metrics/internal
-- Up-to-date: /home/faith/Work/carto_ws/install/cartographer_ros/include//cartographer_ros/metrics/internal/family.h
-- Up-to-date: /home/faith/Work/carto_ws/install/cartographer_ros/include//cartographer_ros/metrics/internal/histogram.h
-- Up-to-date: /home/faith/Work/carto_ws/install/cartographer_ros/include//cartographer_ros/metrics/internal/gauge.h
-- Up-to-date: /home/faith/Work/carto_ws/install/cartographer_ros/include//cartographer_ros/metrics/internal/counter.h
-- Up-to-date: /home/faith/Work/carto_ws/install/cartographer_ros/include//cartographer_ros/metrics/family_factory.h
-- Up-to-date: /home/faith/Work/carto_ws/install/cartographer_ros/include//cartographer_ros/msg_conversion.h
-- Up-to-date: /home/faith/Work/carto_ws/install/cartographer_ros/include//cartographer_ros/urdf_reader.h
-- Up-to-date: /home/faith/Work/carto_ws/install/cartographer_ros/include//cartographer_ros/trajectory_options.h
-- Up-to-date: /home/faith/Work/carto_ws/install/cartographer_ros/include//cartographer_ros/map_builder_bridge.h
-- Up-to-date: /home/faith/Work/carto_ws/install/cartographer_ros/share/cartographer_ros//configuration_files
-- Up-to-date: /home/faith/Work/carto_ws/install/cartographer_ros/share/cartographer_ros//configuration_files/revo_lds.lua
-- Up-to-date: /home/faith/Work/carto_ws/install/cartographer_ros/share/cartographer_ros//configuration_files/taurob_tracker.lua
-- Up-to-date: /home/faith/Work/carto_ws/install/cartographer_ros/share/cartographer_ros//configuration_files/backpack_3d.lua
-- Up-to-date: /home/faith/Work/carto_ws/install/cartographer_ros/share/cartographer_ros//configuration_files/assets_writer_ros_map.lua
-- Up-to-date: /home/faith/Work/carto_ws/install/cartographer_ros/share/cartographer_ros//configuration_files/backpack_2d_server.lua
-- Up-to-date: /home/faith/Work/carto_ws/install/cartographer_ros/share/cartographer_ros//configuration_files/mir-100-mapping.lua
-- Up-to-date: /home/faith/Work/carto_ws/install/cartographer_ros/share/cartographer_ros//configuration_files/pr2.lua
-- Up-to-date: /home/faith/Work/carto_ws/install/cartographer_ros/share/cartographer_ros//configuration_files/backpack_2d.lua
-- Up-to-date: /home/faith/Work/carto_ws/install/cartographer_ros/share/cartographer_ros//configuration_files/visualize_pbstream.lua
-- Up-to-date: /home/faith/Work/carto_ws/install/cartographer_ros/share/cartographer_ros//configuration_files/assets_writer_backpack_3d.lua
-- Up-to-date: /home/faith/Work/carto_ws/install/cartographer_ros/share/cartographer_ros//configuration_files/demo_3d.rviz
-- Up-to-date: /home/faith/Work/carto_ws/install/cartographer_ros/share/cartographer_ros//configuration_files/assets_writer_backpack_2d.lua
-- Up-to-date: /home/faith/Work/carto_ws/install/cartographer_ros/share/cartographer_ros//configuration_files/backpack_2d_localization.lua
-- Up-to-date: /home/faith/Work/carto_ws/install/cartographer_ros/share/cartographer_ros//configuration_files/backpack_3d_localization.lua
-- Up-to-date: /home/faith/Work/carto_ws/install/cartographer_ros/share/cartographer_ros//configuration_files/demo_2d.rviz
-- Up-to-date: /home/faith/Work/carto_ws/install/cartographer_ros/share/cartographer_ros//configuration_files/transform.lua
-- Up-to-date: /home/faith/Work/carto_ws/install/cartographer_ros/share/cartographer_ros//configuration_files/assets_writer_backpack_2d_ci.lua
-- Up-to-date: /home/faith/Work/carto_ws/install/cartographer_ros/share/cartographer_ros//configuration_files/backpack_2d_localization_evaluation.lua
-- Up-to-date: /home/faith/Work/carto_ws/install/cartographer_ros/share/cartographer_ros//urdf
-- Up-to-date: /home/faith/Work/carto_ws/install/cartographer_ros/share/cartographer_ros//urdf/mir-100.urdf
-- Up-to-date: /home/faith/Work/carto_ws/install/cartographer_ros/share/cartographer_ros//urdf/backpack_2d.urdf
-- Up-to-date: /home/faith/Work/carto_ws/install/cartographer_ros/share/cartographer_ros//urdf/backpack_3d.urdf
-- Up-to-date: /home/faith/Work/carto_ws/install/cartographer_ros/share/cartographer_ros//launch
-- Up-to-date: /home/faith/Work/carto_ws/install/cartographer_ros/share/cartographer_ros//launch/assets_writer_backpack_2d.launch.py
-- Up-to-date: /home/faith/Work/carto_ws/install/cartographer_ros/share/cartographer_ros//launch/grpc_demo_backpack_2d_localization.launch
-- Up-to-date: /home/faith/Work/carto_ws/install/cartographer_ros/share/cartographer_ros//launch/grpc_demo_backpack_2d.launch
-- Up-to-date: /home/faith/Work/carto_ws/install/cartographer_ros/share/cartographer_ros//launch/offline_node.launch.py
-- Up-to-date: /home/faith/Work/carto_ws/install/cartographer_ros/share/cartographer_ros//launch/demo_backpack_2d_localization.launch.py
-- Up-to-date: /home/faith/Work/carto_ws/install/cartographer_ros/share/cartographer_ros//launch/demo_backpack_2d.launch.py
-- Up-to-date: /home/faith/Work/carto_ws/install/cartographer_ros/share/cartographer_ros//launch/demo_backpack_3d.launch.py
-- Up-to-date: /home/faith/Work/carto_ws/install/cartographer_ros/share/cartographer_ros//launch/visualize_pbstream.launch.py
-- Up-to-date: /home/faith/Work/carto_ws/install/cartographer_ros/share/cartographer_ros//launch/demo_pr2.launch
-- Up-to-date: /home/faith/Work/carto_ws/install/cartographer_ros/share/cartographer_ros//launch/assets_writer_backpack_3d.launch.py
-- Up-to-date: /home/faith/Work/carto_ws/install/cartographer_ros/share/cartographer_ros//launch/offline_backpack_2d.launch.py
-- Up-to-date: /home/faith/Work/carto_ws/install/cartographer_ros/share/cartographer_ros//launch/demo_taurob_tracker.launch.py
-- Up-to-date: /home/faith/Work/carto_ws/install/cartographer_ros/share/cartographer_ros//launch/backpack_3d.launch.py
-- Up-to-date: /home/faith/Work/carto_ws/install/cartographer_ros/share/cartographer_ros//launch/offline_backpack_3d.launch.py
-- Up-to-date: /home/faith/Work/carto_ws/install/cartographer_ros/share/cartographer_ros//launch/taurob_tracker.launch.py
-- Up-to-date: /home/faith/Work/carto_ws/install/cartographer_ros/share/cartographer_ros//launch/offline_mir_100_rviz.launch.py
-- Up-to-date: /home/faith/Work/carto_ws/install/cartographer_ros/share/cartographer_ros//launch/backpack_2d.launch.py
-- Up-to-date: /home/faith/Work/carto_ws/install/cartographer_ros/share/cartographer_ros//launch/assets_writer_ros_map.launch.py
-- Up-to-date: /home/faith/Work/carto_ws/install/cartographer_ros/share/cartographer_ros//launch/demo_backpack_3d_localization.launch.py
-- Up-to-date: /home/faith/Work/carto_ws/install/cartographer_ros/share/cartographer_ros//launch/demo_revo_lds.launch.py
-- Up-to-date: /home/faith/Work/carto_ws/install/cartographer_ros/share/cartographer_ros/environment/library_path.sh
-- Installing: /home/faith/Work/carto_ws/install/cartographer_ros/share/cartographer_ros/environment/library_path.dsv
-- Up-to-date: /home/faith/Work/carto_ws/install/cartographer_ros/share/ament_index/resource_index/package_run_dependencies/cartographer_ros
-- Installing: /home/faith/Work/carto_ws/install/cartographer_ros/share/ament_index/resource_index/parent_prefix_path/cartographer_ros
-- Installing: /home/faith/Work/carto_ws/install/cartographer_ros/share/cartographer_ros/environment/ament_prefix_path.sh
-- Installing: /home/faith/Work/carto_ws/install/cartographer_ros/share/cartographer_ros/environment/ament_prefix_path.dsv
-- Installing: /home/faith/Work/carto_ws/install/cartographer_ros/share/cartographer_ros/environment/path.sh
-- Installing: /home/faith/Work/carto_ws/install/cartographer_ros/share/cartographer_ros/environment/path.dsv
-- Up-to-date: /home/faith/Work/carto_ws/install/cartographer_ros/share/cartographer_ros/local_setup.bash
-- Up-to-date: /home/faith/Work/carto_ws/install/cartographer_ros/share/cartographer_ros/local_setup.sh
-- Up-to-date: /home/faith/Work/carto_ws/install/cartographer_ros/share/cartographer_ros/local_setup.zsh
-- Installing: /home/faith/Work/carto_ws/install/cartographer_ros/share/cartographer_ros/local_setup.dsv
-- Installing: /home/faith/Work/carto_ws/install/cartographer_ros/share/cartographer_ros/package.dsv
-- Up-to-date: /home/faith/Work/carto_ws/install/cartographer_ros/share/ament_index/resource_index/packages/cartographer_ros
-- Up-to-date: /home/faith/Work/carto_ws/install/cartographer_ros/share/cartographer_ros/cmake/ament_cmake_export_include_directories-extras.cmake
-- Up-to-date: /home/faith/Work/carto_ws/install/cartographer_ros/share/cartographer_ros/cmake/ament_cmake_export_libraries-extras.cmake
-- Up-to-date: /home/faith/Work/carto_ws/install/cartographer_ros/share/cartographer_ros/cmake/ament_cmake_export_dependencies-extras.cmake
-- Up-to-date: /home/faith/Work/carto_ws/install/cartographer_ros/share/cartographer_ros/cmake/cartographer_rosConfig.cmake
-- Up-to-date: /home/faith/Work/carto_ws/install/cartographer_ros/share/cartographer_ros/cmake/cartographer_rosConfig-version.cmake
-- Up-to-date: /home/faith/Work/carto_ws/install/cartographer_ros/share/cartographer_ros/package.xml
