[0.041s] Invoking command in '/home/faith/Work/carto_ws/build/faithcar_msgs': CMAKE_PREFIX_PATH=${CMAKE_PREFIX_PATH}:/home/faith/Work/carto_ws/install/yahboomcar_description:/home/faith/Work/carto_ws/install/fishbot_description:/home/faith/Work/carto_ws/install/faithcar_ctrl:/home/faith/Work/carto_ws/install/city_li:/opt/ros/humble /usr/bin/cmake /home/faith/Work/carto_ws/src/faithcar_msgs -DCMAKE_INSTALL_PREFIX=/home/faith/Work/carto_ws/install/faithcar_msgs
[0.093s] -- Found ament_cmake: 1.3.5 (/opt/ros/humble/share/ament_cmake/cmake)
[0.468s] -- Found rosidl_default_generators: 1.2.0 (/opt/ros/humble/share/rosidl_default_generators/cmake)
[0.487s] -- Using all available rosidl_typesupport_c: rosidl_typesupport_fastrtps_c;rosidl_typesupport_introspection_c
[0.496s] -- Found rosidl_adapter: 3.1.4 (/opt/ros/humble/share/rosidl_adapter/cmake)
[0.539s] -- Using all available rosidl_typesupport_cpp: rosidl_typesupport_fastrtps_cpp;rosidl_typesupport_introspection_cpp
[0.576s] -- Found geometry_msgs: 4.2.3 (/opt/ros/humble/share/geometry_msgs/cmake)
[0.750s] -- Found actionlib_msgs: 4.2.3 (/opt/ros/humble/share/actionlib_msgs/cmake)
[1.190s] [31mCMake Error at /opt/ros/humble/share/rosidl_adapter/cmake/rosidl_adapt_interfaces.cmake:59 (message):
[1.190s]   execute_process(/usr/bin/python3.10 -m rosidl_adapter --package-name
[1.190s]   faithcar_msgs --arguments-file
[1.190s]   /home/faith/Work/carto_ws/build/faithcar_msgs/rosidl_adapter__arguments__faithcar_msgs.json
[1.190s]   --output-dir
[1.191s]   /home/faith/Work/carto_ws/build/faithcar_msgs/rosidl_adapter/faithcar_msgs
[1.191s]   --output-file
[1.191s]   /home/faith/Work/carto_ws/build/faithcar_msgs/rosidl_adapter/faithcar_msgs.idls)
[1.191s]   returned error code 1:
[1.191s] 
[1.191s]   Traceback (most recent call last):
[1.191s] 
[1.191s]     File "/usr/lib/python3.10/runpy.py", line 196, in _run_module_as_main
[1.191s]       return _run_code(code, main_globals, None,
[1.191s]     File "/usr/lib/python3.10/runpy.py", line 86, in _run_code
[1.191s]       exec(code, run_globals)
[1.191s]     File "/opt/ros/humble/local/lib/python3.10/dist-packages/rosidl_adapter/__main__.py", line 19, in <module>
[1.192s]       sys.exit(main())
[1.192s]     File "/opt/ros/humble/local/lib/python3.10/dist-packages/rosidl_adapter/main.py", line 53, in main
[1.192s]       abs_idl_file = convert_to_idl(
[1.192s]     File "/opt/ros/humble/local/lib/python3.10/dist-packages/rosidl_adapter/__init__.py", line 24, in convert_to_idl
[1.192s]       return convert_srv_to_idl(
[1.192s]     File "/opt/ros/humble/local/lib/python3.10/dist-packages/rosidl_adapter/srv/__init__.py", line 28, in convert_srv_to_idl
[1.192s]       srv = parse_service_string(package_name, input_file.stem, content)
[1.192s]     File "/opt/ros/humble/local/lib/python3.10/dist-packages/rosidl_adapter/parser.py", line 859, in parse_service_string
[1.192s]       request_message = parse_message_string(
[1.192s]     File "/opt/ros/humble/local/lib/python3.10/dist-packages/rosidl_adapter/parser.py", line 544, in parse_message_string
[1.192s]       msg = MessageSpecification(pkg_name, msg_name, fields, constants)
[1.192s]     File "/opt/ros/humble/local/lib/python3.10/dist-packages/rosidl_adapter/parser.py", line 388, in __init__
[1.192s]       self.base_type = BaseType(
[1.192s]     File "/opt/ros/humble/local/lib/python3.10/dist-packages/rosidl_adapter/parser.py", line 205, in __init__
[1.192s]       raise InvalidResourceName(
[1.192s] 
[1.193s]   rosidl_adapter.parser.InvalidResourceName: 'kinemarics_Request' is an
[1.193s]   invalid message name.  It should have the pattern '^[A-Z][A-Za-z0-9]*$'
[1.193s] 
[1.193s] Call Stack (most recent call first):
[1.193s]   /opt/ros/humble/share/rosidl_cmake/cmake/rosidl_generate_interfaces.cmake:130 (rosidl_adapt_interfaces)
[1.193s]   CMakeLists.txt:14 (rosidl_generate_interfaces)
[1.193s] 
[1.193s] -- Configuring incomplete, errors occurred!
[1.193s] See also "/home/faith/Work/carto_ws/build/faithcar_msgs/CMakeFiles/CMakeOutput.log".
[1.193s] [0m
[1.200s] Invoked command in '/home/faith/Work/carto_ws/build/faithcar_msgs' returned '1': CMAKE_PREFIX_PATH=${CMAKE_PREFIX_PATH}:/home/faith/Work/carto_ws/install/yahboomcar_description:/home/faith/Work/carto_ws/install/fishbot_description:/home/faith/Work/carto_ws/install/faithcar_ctrl:/home/faith/Work/carto_ws/install/city_li:/opt/ros/humble /usr/bin/cmake /home/faith/Work/carto_ws/src/faithcar_msgs -DCMAKE_INSTALL_PREFIX=/home/faith/Work/carto_ws/install/faithcar_msgs
