[1.284s] Invoking command in '/home/faith/Work/carto_ws/src/yahboomcar_description': PYTHONPATH=/home/faith/Work/carto_ws/build/yahboomcar_description/prefix_override:/home/faith/Work/carto_ws/install/yahboomcar_description/lib/python3.10/site-packages:${PYTHONPATH} /usr/bin/python3 setup.py egg_info --egg-base ../../build/yahboomcar_description build --build-base /home/faith/Work/carto_ws/build/yahboomcar_description/build install --record /home/faith/Work/carto_ws/build/yahboomcar_description/install.log --single-version-externally-managed
[1.591s] running egg_info
[1.592s] writing ../../build/yahboomcar_description/yahboomcar_description.egg-info/PKG-INFO
[1.592s] writing dependency_links to ../../build/yahboomcar_description/yahboomcar_description.egg-info/dependency_links.txt
[1.592s] writing entry points to ../../build/yahboomcar_description/yahboomcar_description.egg-info/entry_points.txt
[1.592s] writing requirements to ../../build/yahboomcar_description/yahboomcar_description.egg-info/requires.txt
[1.592s] writing top-level names to ../../build/yahboomcar_description/yahboomcar_description.egg-info/top_level.txt
[1.596s] reading manifest file '../../build/yahboomcar_description/yahboomcar_description.egg-info/SOURCES.txt'
[1.597s] writing manifest file '../../build/yahboomcar_description/yahboomcar_description.egg-info/SOURCES.txt'
[1.597s] running build
[1.597s] running build_py
[1.597s] running install
[1.598s] /usr/lib/python3/dist-packages/setuptools/command/install.py:34: SetuptoolsDeprecationWarning: setup.py install is deprecated. Use build and pip and other standards-based tools.
[1.598s]   warnings.warn(
[1.598s] running install_lib
[1.600s] running install_data
[1.601s] running install_egg_info
[1.603s] removing '/home/faith/Work/carto_ws/install/yahboomcar_description/lib/python3.10/site-packages/yahboomcar_description-0.0.0-py3.10.egg-info' (and everything under it)
[1.603s] Copying ../../build/yahboomcar_description/yahboomcar_description.egg-info to /home/faith/Work/carto_ws/install/yahboomcar_description/lib/python3.10/site-packages/yahboomcar_description-0.0.0-py3.10.egg-info
[1.605s] running install_scripts
[1.640s] writing list of installed files to '/home/faith/Work/carto_ws/build/yahboomcar_description/install.log'
[1.741s] Invoked command in '/home/faith/Work/carto_ws/src/yahboomcar_description' returned '0': PYTHONPATH=/home/faith/Work/carto_ws/build/yahboomcar_description/prefix_override:/home/faith/Work/carto_ws/install/yahboomcar_description/lib/python3.10/site-packages:${PYTHONPATH} /usr/bin/python3 setup.py egg_info --egg-base ../../build/yahboomcar_description build --build-base /home/faith/Work/carto_ws/build/yahboomcar_description/build install --record /home/faith/Work/carto_ws/build/yahboomcar_description/install.log --single-version-externally-managed
