-- Found ament_cmake: 1.3.5 (/opt/ros/humble/share/ament_cmake/cmake)
-- Found ament_lint_auto: 0.12.6 (/opt/ros/humble/share/ament_lint_auto/cmake)
-- Added test 'flake8' to check Python code syntax and style conventions
-- Added test 'lint_cmake' to check CMake code style
-- Added test 'pep257' to check Python code against some of the docstring style conventions in PEP 257
-- Added test 'xmllint' to check XML markup files
-- Configuring done
-- Generating done
-- Build files have been written to: /home/faith/Work/carto_ws/build/faithbot_cartographer
-- Install configuration: ""
-- Up-to-date: /home/faith/Work/carto_ws/install/faithbot_cartographer/share/ament_index/resource_index/package_run_dependencies/faithbot_cartographer
-- Installing: /home/faith/Work/carto_ws/install/faithbot_cartographer/share/ament_index/resource_index/parent_prefix_path/faithbot_cartographer
-- Up-to-date: /home/faith/Work/carto_ws/install/faithbot_cartographer/share/faithbot_cartographer/environment/ament_prefix_path.sh
-- Installing: /home/faith/Work/carto_ws/install/faithbot_cartographer/share/faithbot_cartographer/environment/ament_prefix_path.dsv
-- Up-to-date: /home/faith/Work/carto_ws/install/faithbot_cartographer/share/faithbot_cartographer/environment/path.sh
-- Installing: /home/faith/Work/carto_ws/install/faithbot_cartographer/share/faithbot_cartographer/environment/path.dsv
-- Up-to-date: /home/faith/Work/carto_ws/install/faithbot_cartographer/share/faithbot_cartographer/local_setup.bash
-- Up-to-date: /home/faith/Work/carto_ws/install/faithbot_cartographer/share/faithbot_cartographer/local_setup.sh
-- Up-to-date: /home/faith/Work/carto_ws/install/faithbot_cartographer/share/faithbot_cartographer/local_setup.zsh
-- Installing: /home/faith/Work/carto_ws/install/faithbot_cartographer/share/faithbot_cartographer/local_setup.dsv
-- Installing: /home/faith/Work/carto_ws/install/faithbot_cartographer/share/faithbot_cartographer/package.dsv
-- Up-to-date: /home/faith/Work/carto_ws/install/faithbot_cartographer/share/ament_index/resource_index/packages/faithbot_cartographer
-- Up-to-date: /home/faith/Work/carto_ws/install/faithbot_cartographer/share/faithbot_cartographer/cmake/faithbot_cartographerConfig.cmake
-- Up-to-date: /home/faith/Work/carto_ws/install/faithbot_cartographer/share/faithbot_cartographer/cmake/faithbot_cartographerConfig-version.cmake
-- Up-to-date: /home/faith/Work/carto_ws/install/faithbot_cartographer/share/faithbot_cartographer/package.xml
-- Up-to-date: /home/faith/Work/carto_ws/install/faithbot_cartographer/share/faithbot_cartographer/config
-- Up-to-date: /home/faith/Work/carto_ws/install/faithbot_cartographer/share/faithbot_cartographer/config/faithbot_2d.lua
-- Up-to-date: /home/faith/Work/carto_ws/install/faithbot_cartographer/share/faithbot_cartographer/config/faithbot.lua
-- Up-to-date: /home/faith/Work/carto_ws/install/faithbot_cartographer/share/faithbot_cartographer/launch
-- Up-to-date: /home/faith/Work/carto_ws/install/faithbot_cartographer/share/faithbot_cartographer/launch/cartographer.launch.py
-- Up-to-date: /home/faith/Work/carto_ws/install/faithbot_cartographer/share/faithbot_cartographer/rviz
-- Up-to-date: /home/faith/Work/carto_ws/install/faithbot_cartographer/share/faithbot_cartographer/rviz/cartographer.rviz
-- Installing: /home/faith/Work/carto_ws/install/faithbot_cartographer/share/faithbot_cartographer/urdf
-- Installing: /home/faith/Work/carto_ws/install/faithbot_cartographer/share/faithbot_cartographer/urdf/build
-- Installing: /home/faith/Work/carto_ws/install/faithbot_cartographer/share/faithbot_cartographer/urdf/build/.built_by
-- Installing: /home/faith/Work/carto_ws/install/faithbot_cartographer/share/faithbot_cartographer/urdf/build/COLCON_IGNORE
-- Installing: /home/faith/Work/carto_ws/install/faithbot_cartographer/share/faithbot_cartographer/urdf/fishbot_base.urdf
-- Installing: /home/faith/Work/carto_ws/install/faithbot_cartographer/share/faithbot_cartographer/urdf/log
-- Installing: /home/faith/Work/carto_ws/install/faithbot_cartographer/share/faithbot_cartographer/urdf/log/latest
-- Installing: /home/faith/Work/carto_ws/install/faithbot_cartographer/share/faithbot_cartographer/urdf/log/latest_build
-- Installing: /home/faith/Work/carto_ws/install/faithbot_cartographer/share/faithbot_cartographer/urdf/log/build_2023-07-04_17-26-30
-- Installing: /home/faith/Work/carto_ws/install/faithbot_cartographer/share/faithbot_cartographer/urdf/log/build_2023-07-04_17-26-30/logger_all.log
-- Installing: /home/faith/Work/carto_ws/install/faithbot_cartographer/share/faithbot_cartographer/urdf/log/build_2023-07-04_17-26-30/events.log
-- Installing: /home/faith/Work/carto_ws/install/faithbot_cartographer/share/faithbot_cartographer/urdf/log/COLCON_IGNORE
-- Installing: /home/faith/Work/carto_ws/install/faithbot_cartographer/share/faithbot_cartographer/urdf/install
-- Installing: /home/faith/Work/carto_ws/install/faithbot_cartographer/share/faithbot_cartographer/urdf/install/setup.sh
-- Installing: /home/faith/Work/carto_ws/install/faithbot_cartographer/share/faithbot_cartographer/urdf/install/local_setup.bash
-- Installing: /home/faith/Work/carto_ws/install/faithbot_cartographer/share/faithbot_cartographer/urdf/install/setup.bash
-- Installing: /home/faith/Work/carto_ws/install/faithbot_cartographer/share/faithbot_cartographer/urdf/install/.colcon_install_layout
-- Installing: /home/faith/Work/carto_ws/install/faithbot_cartographer/share/faithbot_cartographer/urdf/install/_local_setup_util_sh.py
-- Installing: /home/faith/Work/carto_ws/install/faithbot_cartographer/share/faithbot_cartographer/urdf/install/local_setup.ps1
-- Installing: /home/faith/Work/carto_ws/install/faithbot_cartographer/share/faithbot_cartographer/urdf/install/local_setup.zsh
-- Installing: /home/faith/Work/carto_ws/install/faithbot_cartographer/share/faithbot_cartographer/urdf/install/setup.zsh
-- Installing: /home/faith/Work/carto_ws/install/faithbot_cartographer/share/faithbot_cartographer/urdf/install/setup.ps1
-- Installing: /home/faith/Work/carto_ws/install/faithbot_cartographer/share/faithbot_cartographer/urdf/install/COLCON_IGNORE
-- Installing: /home/faith/Work/carto_ws/install/faithbot_cartographer/share/faithbot_cartographer/urdf/install/local_setup.sh
-- Installing: /home/faith/Work/carto_ws/install/faithbot_cartographer/share/faithbot_cartographer/urdf/install/_local_setup_util_ps1.py
