[0.024s] Invoking command in '/home/faith/Work/carto_ws/build/city_w': CMAKE_PREFIX_PATH=${CMAKE_PREFIX_PATH}:/home/faith/Work/carto_ws/install/yahboomcar_description:/home/faith/Work/carto_ws/install/fishbot_description:/home/faith/Work/carto_ws/install/city_li:/opt/ros/humble /usr/bin/cmake /home/faith/Work/carto_ws/src/city_w -DCMAKE_INSTALL_PREFIX=/home/faith/Work/carto_ws/install/city_w
[0.093s] -- Found ament_cmake: 1.3.5 (/opt/ros/humble/share/ament_cmake/cmake)
[0.437s] -- Found rclcpp: 16.0.4 (/opt/ros/humble/share/rclcpp/cmake)
[0.495s] -- Found rosidl_generator_c: 3.1.4 (/opt/ros/humble/share/rosidl_generator_c/cmake)
[0.499s] -- Found rosidl_adapter: 3.1.4 (/opt/ros/humble/share/rosidl_adapter/cmake)
[0.507s] -- Found rosidl_generator_cpp: 3.1.4 (/opt/ros/humble/share/rosidl_generator_cpp/cmake)
[0.524s] -- Using all available rosidl_typesupport_c: rosidl_typesupport_fastrtps_c;rosidl_typesupport_introspection_c
[0.547s] -- Using all available rosidl_typesupport_cpp: rosidl_typesupport_fastrtps_cpp;rosidl_typesupport_introspection_cpp
[0.629s] -- Found rmw_implementation_cmake: 6.1.1 (/opt/ros/humble/share/rmw_implementation_cmake/cmake)
[0.630s] -- Found rmw_fastrtps_cpp: 6.2.2 (/opt/ros/humble/share/rmw_fastrtps_cpp/cmake)
[0.853s] -- Using RMW implementation 'rmw_fastrtps_cpp' as default
[1.085s] -- Found ament_lint_auto: 0.12.6 (/opt/ros/humble/share/ament_lint_auto/cmake)
[1.239s] -- Added test 'cppcheck' to perform static code analysis on C / C++ code
[1.239s] -- Configured cppcheck include dirs: 
[1.240s] -- Configured cppcheck exclude dirs and/or files: 
[1.240s] -- Added test 'lint_cmake' to check CMake code style
[1.240s] -- Added test 'uncrustify' to check C / C++ code style
[1.241s] -- Configured uncrustify additional arguments: 
[1.241s] -- Added test 'xmllint' to check XML markup files
[1.242s] -- Configuring done
[1.259s] -- Generating done
[1.261s] -- Build files have been written to: /home/faith/Work/carto_ws/build/city_w
[1.284s] Invoked command in '/home/faith/Work/carto_ws/build/city_w' returned '0': CMAKE_PREFIX_PATH=${CMAKE_PREFIX_PATH}:/home/faith/Work/carto_ws/install/yahboomcar_description:/home/faith/Work/carto_ws/install/fishbot_description:/home/faith/Work/carto_ws/install/city_li:/opt/ros/humble /usr/bin/cmake /home/faith/Work/carto_ws/src/city_w -DCMAKE_INSTALL_PREFIX=/home/faith/Work/carto_ws/install/city_w
[1.286s] Invoking command in '/home/faith/Work/carto_ws/build/city_w': CMAKE_PREFIX_PATH=${CMAKE_PREFIX_PATH}:/home/faith/Work/carto_ws/install/yahboomcar_description:/home/faith/Work/carto_ws/install/fishbot_description:/home/faith/Work/carto_ws/install/city_li:/opt/ros/humble /usr/bin/cmake --build /home/faith/Work/carto_ws/build/city_w -- -j8 -l8
[1.456s] [ 50%] [32mBuilding CXX object CMakeFiles/wang2_node.dir/src/wang2.cpp.o[0m
[5.104s] [01m[K/home/faith/Work/carto_ws/src/city_w/src/wang2.cpp:[m[K In function ‘[01m[Kint main(int, char**)[m[K’:
[5.104s] [01m[K/home/faith/Work/carto_ws/src/city_w/src/wang2.cpp:7:17:[m[K [01;31m[Kerror: [m[Kno matching function for call to ‘[01m[Kspin(std::__shared_ptr<rclcpp::Node, __gnu_cxx::_S_atomic>&)[m[K’
[5.105s]     7 |     [01;31m[Krclcpp::spin(node)[m[K;
[5.105s]       |     [01;31m[K~~~~~~~~~~~~^~~~~~[m[K
[5.106s] In file included from [01m[K/opt/ros/humble/include/rclcpp/rclcpp/rclcpp.hpp:155[m[K,
[5.106s]                  from [01m[K/home/faith/Work/carto_ws/src/city_w/src/wang2.cpp:1[m[K:
[5.107s] [01m[K/opt/ros/humble/include/rclcpp/rclcpp/executors.hpp:45:1:[m[K [01;36m[Knote: [m[Kcandidate: ‘[01m[Kvoid rclcpp::spin(rclcpp::node_interfaces::NodeBaseInterface::SharedPtr)[m[K’
[5.107s]    45 | [01;36m[Kspin[m[K(rclcpp::node_interfaces::NodeBaseInterface::SharedPtr node_ptr);
[5.107s]       | [01;36m[K^~~~[m[K
[5.108s] [01m[K/opt/ros/humble/include/rclcpp/rclcpp/executors.hpp:45:60:[m[K [01;36m[Knote: [m[K  no known conversion for argument 1 from ‘[01m[Kstd::__shared_ptr<rclcpp::Node, __gnu_cxx::_S_atomic>[m[K’ to ‘[01m[Krclcpp::node_interfaces::NodeBaseInterface::SharedPtr[m[K’ {aka ‘[01m[Kstd::shared_ptr<rclcpp::node_interfaces::NodeBaseInterface>[m[K’}
[5.108s]    45 | spin([01;36m[Krclcpp::node_interfaces::NodeBaseInterface::SharedPtr node_ptr[m[K);
[5.108s]       |      [01;36m[K~~~~~~~~~~~~~~~~~~~~~~~~~~~~~~~~~~~~~~~~~~~~~~~~~~~~~~^~~~~~~~[m[K
[5.109s] [01m[K/opt/ros/humble/include/rclcpp/rclcpp/executors.hpp:49:1:[m[K [01;36m[Knote: [m[Kcandidate: ‘[01m[Kvoid rclcpp::spin(rclcpp::Node::SharedPtr)[m[K’
[5.109s]    49 | [01;36m[Kspin[m[K(rclcpp::Node::SharedPtr node_ptr);
[5.110s]       | [01;36m[K^~~~[m[K
[5.110s] [01m[K/opt/ros/humble/include/rclcpp/rclcpp/executors.hpp:49:30:[m[K [01;36m[Knote: [m[K  no known conversion for argument 1 from ‘[01m[Kstd::__shared_ptr<rclcpp::Node, __gnu_cxx::_S_atomic>[m[K’ to ‘[01m[Krclcpp::Node::SharedPtr[m[K’ {aka ‘[01m[Kstd::shared_ptr<rclcpp::Node>[m[K’}
[5.110s]    49 | spin([01;36m[Krclcpp::Node::SharedPtr node_ptr[m[K);
[5.111s]       |      [01;36m[K~~~~~~~~~~~~~~~~~~~~~~~~^~~~~~~~[m[K
[5.766s] gmake[2]: *** [CMakeFiles/wang2_node.dir/build.make:76: CMakeFiles/wang2_node.dir/src/wang2.cpp.o] Error 1
[5.767s] gmake[1]: *** [CMakeFiles/Makefile2:137: CMakeFiles/wang2_node.dir/all] Error 2
[5.768s] gmake: *** [Makefile:146: all] Error 2
[5.773s] Invoked command in '/home/faith/Work/carto_ws/build/city_w' returned '2': CMAKE_PREFIX_PATH=${CMAKE_PREFIX_PATH}:/home/faith/Work/carto_ws/install/yahboomcar_description:/home/faith/Work/carto_ws/install/fishbot_description:/home/faith/Work/carto_ws/install/city_li:/opt/ros/humble /usr/bin/cmake --build /home/faith/Work/carto_ws/build/city_w -- -j8 -l8
