[0.443s] Invoking command in '/home/faith/Work/carto_ws/build/sllidar_ros2': CMAKE_PREFIX_PATH=${CMAKE_PREFIX_PATH}:/home/faith/Work/carto_ws/install/fishbot_description:/opt/ros/humble /usr/bin/cmake /home/faith/Work/carto_ws/src/sllidar_ros2 -DCMAKE_BUILD_TYPE=Release -DCMAKE_INSTALL_PREFIX=/home/faith/Work/carto_ws/install/sllidar_ros2
[0.478s] -- Found ament_cmake: 1.3.5 (/opt/ros/humble/share/ament_cmake/cmake)
[0.823s] -- Override CMake install command with custom implementation using symlinks instead of copying resources
[0.855s] -- Found rclcpp: 16.0.4 (/opt/ros/humble/share/rclcpp/cmake)
[0.945s] -- Found rosidl_generator_c: 3.1.4 (/opt/ros/humble/share/rosidl_generator_c/cmake)
[0.956s] -- Found rosidl_adapter: 3.1.4 (/opt/ros/humble/share/rosidl_adapter/cmake)
[0.957s] -- Found rosidl_generator_cpp: 3.1.4 (/opt/ros/humble/share/rosidl_generator_cpp/cmake)
[0.975s] -- Using all available rosidl_typesupport_c: rosidl_typesupport_fastrtps_c;rosidl_typesupport_introspection_c
[1.019s] -- Using all available rosidl_typesupport_cpp: rosidl_typesupport_fastrtps_cpp;rosidl_typesupport_introspection_cpp
[1.091s] -- Found rmw_implementation_cmake: 6.1.1 (/opt/ros/humble/share/rmw_implementation_cmake/cmake)
[1.093s] -- Found rmw_fastrtps_cpp: 6.2.2 (/opt/ros/humble/share/rmw_fastrtps_cpp/cmake)
[1.303s] -- Using RMW implementation 'rmw_fastrtps_cpp' as default
[1.544s] -- Found sensor_msgs: 4.2.3 (/opt/ros/humble/share/sensor_msgs/cmake)
[1.735s] -- Found std_srvs: 4.2.3 (/opt/ros/humble/share/std_srvs/cmake)
[1.888s] -- Configuring done
[1.937s] -- Generating done
[1.942s] -- Build files have been written to: /home/faith/Work/carto_ws/build/sllidar_ros2
[1.961s] Invoked command in '/home/faith/Work/carto_ws/build/sllidar_ros2' returned '0': CMAKE_PREFIX_PATH=${CMAKE_PREFIX_PATH}:/home/faith/Work/carto_ws/install/fishbot_description:/opt/ros/humble /usr/bin/cmake /home/faith/Work/carto_ws/src/sllidar_ros2 -DCMAKE_BUILD_TYPE=Release -DCMAKE_INSTALL_PREFIX=/home/faith/Work/carto_ws/install/sllidar_ros2
[1.966s] Invoking command in '/home/faith/Work/carto_ws/build/sllidar_ros2': CMAKE_PREFIX_PATH=${CMAKE_PREFIX_PATH}:/home/faith/Work/carto_ws/install/fishbot_description:/opt/ros/humble /usr/bin/cmake --build /home/faith/Work/carto_ws/build/sllidar_ros2 -- -j8 -l8
[2.107s] [35m[1mConsolidate compiler generated dependencies of target sllidar_client[0m
[2.123s] [35m[1mConsolidate compiler generated dependencies of target sllidar_node[0m
[2.178s] [  7%] [32mBuilding CXX object CMakeFiles/sllidar_client.dir/src/sllidar_client.cpp.o[0m
[2.179s] [ 14%] [32mBuilding CXX object CMakeFiles/sllidar_node.dir/sdk/src/arch/linux/net_socket.cpp.o[0m
[2.191s] [ 21%] [32mBuilding CXX object CMakeFiles/sllidar_node.dir/sdk/src/arch/linux/net_serial.cpp.o[0m
[2.192s] [ 28%] [32mBuilding CXX object CMakeFiles/sllidar_node.dir/sdk/src/hal/thread.cpp.o[0m
[2.206s] [ 35%] [32mBuilding CXX object CMakeFiles/sllidar_node.dir/src/sllidar_node.cpp.o[0m
[2.212s] [ 42%] [32mBuilding CXX object CMakeFiles/sllidar_node.dir/sdk/src/rplidar_driver.cpp.o[0m
[2.214s] [ 50%] [32mBuilding CXX object CMakeFiles/sllidar_node.dir/sdk/src/arch/linux/timer.cpp.o[0m
[2.223s] [ 57%] [32mBuilding CXX object CMakeFiles/sllidar_node.dir/sdk/src/sl_crc.cpp.o[0m
[2.305s] In file included from [01m[K/home/faith/Work/carto_ws/src/sllidar_ros2/./sdk/include/sl_lidar_cmd.h:36[m[K,
[2.305s]                  from [01m[K/home/faith/Work/carto_ws/src/sllidar_ros2/./sdk/include/sl_crc.h:36[m[K,
[2.306s]                  from [01m[K/home/faith/Work/carto_ws/src/sllidar_ros2/sdk/src/sl_crc.cpp:33[m[K:
[2.307s] [01m[K/home/faith/Work/carto_ws/src/sllidar_ros2/./sdk/include/sl_lidar_protocol.h:58:16:[m[K [01;35m[Kwarning: [m[KISO C++ forbids zero-size array ‘[01m[Kdata[m[K’ [[01;35m[K-Wpedantic[m[K]
[2.307s]    58 |     sl_u8 data[[01;35m[K0[m[K];
[2.308s]       |                [01;35m[K^[m[K
[2.308s] In file included from [01m[K/home/faith/Work/carto_ws/src/sllidar_ros2/./sdk/include/sl_crc.h:36[m[K,
[2.309s]                  from [01m[K/home/faith/Work/carto_ws/src/sllidar_ros2/sdk/src/sl_crc.cpp:33[m[K:
[2.309s] [01m[K/home/faith/Work/carto_ws/src/sllidar_ros2/./sdk/include/sl_lidar_cmd.h:295:20:[m[K [01;35m[Kwarning: [m[KISO C++ forbids zero-size array ‘[01m[Kpayload[m[K’ [[01;35m[K-Wpedantic[m[K]
[2.310s]   295 |     sl_u8  payload[[01;35m[K0[m[K];
[2.310s]       |                    [01;35m[K^[m[K
[2.311s] [01m[K/home/faith/Work/carto_ws/src/sllidar_ros2/sdk/src/sl_crc.cpp:[m[K In function ‘[01m[Ksl_u32 sl::crc32::cal(sl_u32, void*, sl_u16)[m[K’:
[2.311s] [01m[K/home/faith/Work/carto_ws/src/sllidar_ros2/sdk/src/sl_crc.cpp:77:29:[m[K [01;35m[Kwarning: [m[Ksuggest parentheses around ‘[01m[K-[m[K’ in operand of ‘[01m[K&[m[K’ [[01;35m[K-Wparentheses[m[K]
[2.311s]    77 |         sl_u8 leftBytes = [01;35m[K4 - len[m[K & 0x3;
[2.312s]       |                           [01;35m[K~~^~~~~[m[K
[2.570s] [ 64%] [32mBuilding CXX object CMakeFiles/sllidar_node.dir/sdk/src/sl_lidar_driver.cpp.o[0m
[2.590s] In file included from [01m[K/home/faith/Work/carto_ws/src/sllidar_ros2/./sdk/src/sdkcommon.h:47[m[K,
[2.590s]                  from [01m[K/home/faith/Work/carto_ws/src/sllidar_ros2/sdk/src/hal/thread.cpp:35[m[K:
[2.591s] [01m[K/home/faith/Work/carto_ws/src/sllidar_ros2/./sdk/src/hal/assert.h:1:1:[m[K [01;35m[Kwarning: [m[Knull character(s) ignored
[2.591s]     1 | [01;35m[K [m[K                                                                                                                                                                                                                                                                                                                        
[2.591s]       | [01;35m[K^[m[K
[2.772s] In file included from [01m[K/home/faith/Work/carto_ws/src/sllidar_ros2/sdk/src/sdkcommon.h:47[m[K,
[2.772s]                  from [01m[K/home/faith/Work/carto_ws/src/sllidar_ros2/sdk/src/rplidar_driver.cpp:33[m[K:
[2.773s] [01m[K/home/faith/Work/carto_ws/src/sllidar_ros2/sdk/src/hal/assert.h:1:1:[m[K [01;35m[Kwarning: [m[Knull character(s) ignored
[2.773s]     1 | [01;35m[K [m[K                                                                                                                                                                                                                                                                                                                        
[2.773s]       | [01;35m[K^[m[K
[2.778s] In file included from [01m[K/home/faith/Work/carto_ws/src/sllidar_ros2/./sdk/src/sdkcommon.h:47[m[K,
[2.778s]                  from [01m[K/home/faith/Work/carto_ws/src/sllidar_ros2/sdk/src/arch/linux/net_socket.cpp:10[m[K:
[2.779s] [01m[K/home/faith/Work/carto_ws/src/sllidar_ros2/./sdk/src/hal/assert.h:1:1:[m[K [01;35m[Kwarning: [m[Knull character(s) ignored
[2.779s]     1 | [01;35m[K [m[K                                                                                                                                                                                                                                                                                                                        
[2.779s]       | [01;35m[K^[m[K
[2.831s] In file included from [01m[K/home/faith/Work/carto_ws/src/sllidar_ros2/sdk/src/rplidar_driver.cpp:37[m[K:
[2.832s] [01m[K/home/faith/Work/carto_ws/src/sllidar_ros2/sdk/src/hal/assert.h:1:1:[m[K [01;35m[Kwarning: [m[Knull character(s) ignored
[2.832s]     1 | [01;35m[K [m[K                                                                                                                                                                                                                                                                                                                        
[2.832s]       | [01;35m[K^[m[K
[2.917s] In file included from [01m[K/home/faith/Work/carto_ws/src/sllidar_ros2/sdk/src/sdkcommon.h:47[m[K,
[2.918s]                  from [01m[K/home/faith/Work/carto_ws/src/sllidar_ros2/sdk/src/sl_lidar_driver.cpp:33[m[K:
[2.918s] [01m[K/home/faith/Work/carto_ws/src/sllidar_ros2/sdk/src/hal/assert.h:1:1:[m[K [01;35m[Kwarning: [m[Knull character(s) ignored
[2.918s]     1 | [01;35m[K [m[K                                                                                                                                                                                                                                                                                                                        
[2.918s]       | [01;35m[K^[m[K
[2.937s] In file included from [01m[K/home/faith/Work/carto_ws/src/sllidar_ros2/sdk/src/sl_lidar_driver.cpp:37[m[K:
[2.938s] [01m[K/home/faith/Work/carto_ws/src/sllidar_ros2/sdk/src/hal/assert.h:1:1:[m[K [01;35m[Kwarning: [m[Knull character(s) ignored
[2.938s]     1 | [01;35m[K [m[K                                                                                                                                                                                                                                                                                                                        
[2.938s]       | [01;35m[K^[m[K
[3.465s] [ 71%] [32mBuilding CXX object CMakeFiles/sllidar_node.dir/sdk/src/sl_serial_channel.cpp.o[0m
[3.523s] [01m[K/home/faith/Work/carto_ws/src/sllidar_ros2/sdk/src/sl_serial_channel.cpp:33:9:[m[K [01;35m[Kwarning: [m[K#pragma once in main file
[3.523s]    33 | #pragma [01;35m[Konce[m[K
[3.523s]       |         [01;35m[K^~~~[m[K
[3.535s] In file included from [01m[K/home/faith/Work/carto_ws/src/sllidar_ros2/./sdk/include/rplidar_protocol.h:36[m[K,
[3.535s]                  from [01m[K/home/faith/Work/carto_ws/src/sllidar_ros2/./sdk/include/rplidar.h:39[m[K,
[3.536s]                  from [01m[K/home/faith/Work/carto_ws/src/sllidar_ros2/sdk/src/sdkcommon.h:49[m[K,
[3.536s]                  from [01m[K/home/faith/Work/carto_ws/src/sllidar_ros2/sdk/src/sl_lidar_driver.cpp:33[m[K:
[3.539s] [01m[K/home/faith/Work/carto_ws/src/sllidar_ros2/./sdk/include/sl_lidar_protocol.h:58:16:[m[K [01;35m[Kwarning: [m[KISO C++ forbids zero-size array ‘[01m[Kdata[m[K’ [[01;35m[K-Wpedantic[m[K]
[3.540s]    58 |     sl_u8 data[[01;35m[K0[m[K];
[3.540s]       |                [01;35m[K^[m[K
[3.540s] In file included from [01m[K/home/faith/Work/carto_ws/src/sllidar_ros2/./sdk/include/rplidar_cmd.h:36[m[K,
[3.540s]                  from [01m[K/home/faith/Work/carto_ws/src/sllidar_ros2/./sdk/include/rplidar.h:40[m[K,
[3.540s]                  from [01m[K/home/faith/Work/carto_ws/src/sllidar_ros2/sdk/src/sdkcommon.h:49[m[K,
[3.540s]                  from [01m[K/home/faith/Work/carto_ws/src/sllidar_ros2/sdk/src/sl_lidar_driver.cpp:33[m[K:
[3.540s] [01m[K/home/faith/Work/carto_ws/src/sllidar_ros2/./sdk/include/sl_lidar_cmd.h:295:20:[m[K [01;35m[Kwarning: [m[KISO C++ forbids zero-size array ‘[01m[Kpayload[m[K’ [[01;35m[K-Wpedantic[m[K]
[3.547s]   295 |     sl_u8  payload[[01;35m[K0[m[K];
[3.548s]       |                    [01;35m[K^[m[K
[3.548s] In file included from [01m[K/home/faith/Work/carto_ws/src/sllidar_ros2/./sdk/include/rplidar_protocol.h:36[m[K,
[3.548s]                  from [01m[K/home/faith/Work/carto_ws/src/sllidar_ros2/./sdk/include/rplidar.h:39[m[K,
[3.548s]                  from [01m[K/home/faith/Work/carto_ws/src/sllidar_ros2/./sdk/src/sdkcommon.h:49[m[K,
[3.549s]                  from [01m[K/home/faith/Work/carto_ws/src/sllidar_ros2/sdk/src/hal/thread.cpp:35[m[K:
[3.549s] [01m[K/home/faith/Work/carto_ws/src/sllidar_ros2/./sdk/include/sl_lidar_protocol.h:58:16:[m[K [01;35m[Kwarning: [m[KISO C++ forbids zero-size array ‘[01m[Kdata[m[K’ [[01;35m[K-Wpedantic[m[K]
[3.549s]    58 |     sl_u8 data[[01;35m[K0[m[K];
[3.549s]       |                [01;35m[K^[m[K
[3.549s] In file included from [01m[K/home/faith/Work/carto_ws/src/sllidar_ros2/./sdk/include/rplidar_cmd.h:36[m[K,
[3.549s]                  from [01m[K/home/faith/Work/carto_ws/src/sllidar_ros2/./sdk/include/rplidar.h:40[m[K,
[3.549s]                  from [01m[K/home/faith/Work/carto_ws/src/sllidar_ros2/./sdk/src/sdkcommon.h:49[m[K,
[3.549s]                  from [01m[K/home/faith/Work/carto_ws/src/sllidar_ros2/sdk/src/hal/thread.cpp:35[m[K:
[3.549s] [01m[K/home/faith/Work/carto_ws/src/sllidar_ros2/./sdk/include/sl_lidar_cmd.h:295:20:[m[K [01;35m[Kwarning: [m[KISO C++ forbids zero-size array ‘[01m[Kpayload[m[K’ [[01;35m[K-Wpedantic[m[K]
[3.550s]   295 |     sl_u8  payload[[01;35m[K0[m[K];
[3.550s]       |                    [01;35m[K^[m[K
[3.614s] In file included from [01m[K/home/faith/Work/carto_ws/src/sllidar_ros2/./sdk/include/rplidar_protocol.h:36[m[K,
[3.614s]                  from [01m[K/home/faith/Work/carto_ws/src/sllidar_ros2/./sdk/include/rplidar.h:39[m[K,
[3.614s]                  from [01m[K/home/faith/Work/carto_ws/src/sllidar_ros2/./sdk/src/sdkcommon.h:49[m[K,
[3.615s]                  from [01m[K/home/faith/Work/carto_ws/src/sllidar_ros2/sdk/src/arch/linux/net_socket.cpp:10[m[K:
[3.615s] [01m[K/home/faith/Work/carto_ws/src/sllidar_ros2/./sdk/include/sl_lidar_protocol.h:58:16:[m[K [01;35m[Kwarning: [m[KISO C++ forbids zero-size array ‘[01m[Kdata[m[K’ [[01;35m[K-Wpedantic[m[K]
[3.615s]    58 |     sl_u8 data[[01;35m[K0[m[K];
[3.615s]       |                [01;35m[K^[m[K
[3.615s] In file included from [01m[K/home/faith/Work/carto_ws/src/sllidar_ros2/./sdk/include/rplidar_cmd.h:36[m[K,
[3.615s]                  from [01m[K/home/faith/Work/carto_ws/src/sllidar_ros2/./sdk/include/rplidar.h:40[m[K,
[3.615s]                  from [01m[K/home/faith/Work/carto_ws/src/sllidar_ros2/./sdk/src/sdkcommon.h:49[m[K,
[3.615s]                  from [01m[K/home/faith/Work/carto_ws/src/sllidar_ros2/sdk/src/arch/linux/net_socket.cpp:10[m[K:
[3.615s] [01m[K/home/faith/Work/carto_ws/src/sllidar_ros2/./sdk/include/sl_lidar_cmd.h:295:20:[m[K [01;35m[Kwarning: [m[KISO C++ forbids zero-size array ‘[01m[Kpayload[m[K’ [[01;35m[K-Wpedantic[m[K]
[3.615s]   295 |     sl_u8  payload[[01;35m[K0[m[K];
[3.616s]       |                    [01;35m[K^[m[K
[3.691s] In file included from [01m[K/home/faith/Work/carto_ws/src/sllidar_ros2/sdk/src/hal/thread.cpp:43[m[K:
[3.691s] [01m[K/home/faith/Work/carto_ws/src/sllidar_ros2/./sdk/src/arch/linux/thread.hpp:[m[K In static member function ‘[01m[Kstatic rp::hal::Thread rp::hal::Thread::create(thread_proc_t, void*)[m[K’:
[3.691s] [01m[K/home/faith/Work/carto_ws/src/sllidar_ros2/./sdk/src/arch/linux/thread.hpp:48:57:[m[K [01;35m[Kwarning: [m[Kcast between incompatible function types from ‘[01m[Kthread_proc_t[m[K’ {aka ‘[01m[Klong unsigned int (*)(void*)[m[K’} to ‘[01m[Kvoid* (*)(void*)[m[K’ [[01;35m[K-Wcast-function-type[m[K]
[3.691s]    48 |     pthread_create((pthread_t *)&newborn._handle, NULL, [01;35m[K(void * (*)(void *))proc[m[K, data);
[3.691s]       |                                                         [01;35m[K^~~~~~~~~~~~~~~~~~~~~~~~[m[K
[3.691s] [01m[K/home/faith/Work/carto_ws/src/sllidar_ros2/./sdk/src/arch/linux/thread.hpp:[m[K In member function ‘[01m[Ku_result rp::hal::Thread::join(long unsigned int)[m[K’:
[3.691s] [01m[K/home/faith/Work/carto_ws/src/sllidar_ros2/./sdk/src/arch/linux/thread.hpp:129:37:[m[K [01;35m[Kwarning: [m[Kunused parameter ‘[01m[Ktimeout[m[K’ [[01;35m[K-Wunused-parameter[m[K]
[3.691s]   129 | u_result Thread::join([01;35m[Kunsigned long timeout[m[K)
[3.692s]       |                       [01;35m[K~~~~~~~~~~~~~~^~~~~~~[m[K
[3.773s] [01m[K/home/faith/Work/carto_ws/src/sllidar_ros2/sdk/src/arch/linux/net_socket.cpp:[m[K In member function ‘[01m[Kvirtual u_result rp::arch::net::StreamSocketImpl::send(const void*, size_t)[m[K’:
[3.773s] [01m[K/home/faith/Work/carto_ws/src/sllidar_ros2/sdk/src/arch/linux/net_socket.cpp:438:17:[m[K [01;35m[Kwarning: [m[Kcomparison of integer expressions of different signedness: ‘[01m[Ksize_t[m[K’ {aka ‘[01m[Klong unsigned int[m[K’} and ‘[01m[Kint[m[K’ [[01;35m[K-Wsign-compare[m[K]
[3.773s]   438 |         if ([01;35m[Kans == (int)len[m[K) {
[3.773s]       |             [01;35m[K~~~~^~~~~~~~~~~[m[K
[3.777s] [01m[K/home/faith/Work/carto_ws/src/sllidar_ros2/sdk/src/arch/linux/net_socket.cpp:[m[K In member function ‘[01m[Kvirtual u_result rp::arch::net::DGramSocketImpl::sendTo(const rp::net::SocketAddress&, const void*, size_t)[m[K’:
[3.777s] [01m[K/home/faith/Work/carto_ws/src/sllidar_ros2/sdk/src/arch/linux/net_socket.cpp:722:39:[m[K [01;35m[Kwarning: [m[Kthe compiler can assume that the address of ‘[01m[Ktarget[m[K’ will never be NULL [[01;35m[K-Waddress[m[K]
[3.777s]   722 |         const struct sockaddr* addr = [01;35m[K&target[m[K ? reinterpret_cast<const struct sockaddr*>(target.getPlatformData()) : NULL;
[3.777s]       |                                       [01;35m[K^~~~~~~[m[K
[3.791s] [01m[K/home/faith/Work/carto_ws/src/sllidar_ros2/sdk/src/sl_lidar_driver.cpp:[m[K In member function ‘[01m[Kvirtual sl_result sl::SlamtecLidarDriver::reset(sl_u32)[m[K’:
[3.791s] [01m[K/home/faith/Work/carto_ws/src/sllidar_ros2/sdk/src/sl_lidar_driver.cpp:273:32:[m[K [01;35m[Kwarning: [m[Kunused parameter ‘[01m[KtimeoutInMs[m[K’ [[01;35m[K-Wunused-parameter[m[K]
[3.791s]   273 |         sl_result reset([01;35m[Ksl_u32 timeoutInMs = DEFAULT_TIMEOUT[m[K)
[3.791s]       |                         [01;35m[K~~~~~~~^~~~~~~~~~~~~~~~~~~~~~~~~~~~~[m[K
[3.796s] [01m[K/home/faith/Work/carto_ws/src/sllidar_ros2/sdk/src/sl_lidar_driver.cpp:[m[K In member function ‘[01m[Kvirtual sl_result sl::SlamtecLidarDriver::getAllSupportedScanModes(std::vector<sl::LidarScanMode>&, sl_u32)[m[K’:
[3.796s] [01m[K/home/faith/Work/carto_ws/src/sllidar_ros2/sdk/src/sl_lidar_driver.cpp:286:89:[m[K [01;35m[Kwarning: [m[Kunused parameter ‘[01m[KtimeoutInMs[m[K’ [[01;35m[K-Wunused-parameter[m[K]
[3.796s]   286 |         sl_result getAllSupportedScanModes(std::vector<LidarScanMode>& outModes, [01;35m[Ksl_u32 timeoutInMs = DEFAULT_TIMEOUT[m[K)
[3.796s]       |                                                                                  [01;35m[K~~~~~~~^~~~~~~~~~~~~~~~~~~~~~~~~~~~~[m[K
[3.798s] [01m[K/home/faith/Work/carto_ws/src/sllidar_ros2/sdk/src/sl_lidar_driver.cpp:[m[K In member function ‘[01m[Kvirtual sl_result sl::SlamtecLidarDriver::startScan(bool, bool, sl_u32, sl::LidarScanMode*)[m[K’:
[3.798s] [01m[K/home/faith/Work/carto_ws/src/sllidar_ros2/sdk/src/sl_lidar_driver.cpp:347:69:[m[K [01;35m[Kwarning: [m[Kunused parameter ‘[01m[Koptions[m[K’ [[01;35m[K-Wunused-parameter[m[K]
[3.798s]   347 |         sl_result startScan(bool force, bool useTypicalScan, [01;35m[Ksl_u32 options = 0[m[K, LidarScanMode* outUsedScanMode = nullptr)
[3.799s]       |                                                              [01;35m[K~~~~~~~^~~~~~~~~~~[m[K
[3.802s] [01m[K/home/faith/Work/carto_ws/src/sllidar_ros2/sdk/src/sl_lidar_driver.cpp:[m[K In member function ‘[01m[Kvirtual sl_result sl::SlamtecLidarDriver::stop(sl_u32)[m[K’:
[3.803s] [01m[K/home/faith/Work/carto_ws/src/sllidar_ros2/sdk/src/sl_lidar_driver.cpp:534:31:[m[K [01;35m[Kwarning: [m[Kunused parameter ‘[01m[Ktimeout[m[K’ [[01;35m[K-Wunused-parameter[m[K]
[3.803s]   534 |         sl_result stop([01;35m[Ksl_u32 timeout = DEFAULT_TIMEOUT[m[K)
[3.803s]       |                        [01;35m[K~~~~~~~^~~~~~~~~~~~~~~~~~~~~~~~~[m[K
[3.806s] [01m[K/home/faith/Work/carto_ws/src/sllidar_ros2/sdk/src/sl_lidar_driver.cpp:[m[K In member function ‘[01m[Kvirtual sl_result sl::SlamtecLidarDriver::getDeviceInfo(sl_lidar_response_device_info_t&, sl_u32)[m[K’:
[3.807s] [01m[K/home/faith/Work/carto_ws/src/sllidar_ros2/sdk/src/sl_lidar_driver.cpp:579:79:[m[K [01;35m[Kwarning: [m[Kunused parameter ‘[01m[Ktimeout[m[K’ [[01;35m[K-Wunused-parameter[m[K]
[3.807s]   579 |         sl_result getDeviceInfo(sl_lidar_response_device_info_t& info, [01;35m[Ksl_u32 timeout = DEFAULT_TIMEOUT[m[K)
[3.807s]       |                                                                        [01;35m[K~~~~~~~^~~~~~~~~~~~~~~~~~~~~~~~~[m[K
[3.812s] [01m[K/home/faith/Work/carto_ws/src/sllidar_ros2/sdk/src/sl_lidar_driver.cpp:[m[K In member function ‘[01m[Kvirtual sl_result sl::SlamtecLidarDriver::checkMotorCtrlSupport(sl::MotorCtrlSupport&, sl_u32)[m[K’:
[3.812s] [01m[K/home/faith/Work/carto_ws/src/sllidar_ros2/sdk/src/sl_lidar_driver.cpp:592:76:[m[K [01;35m[Kwarning: [m[Kunused parameter ‘[01m[Ktimeout[m[K’ [[01;35m[K-Wunused-parameter[m[K]
[3.812s]   592 |         sl_result checkMotorCtrlSupport(MotorCtrlSupport & support, [01;35m[Ksl_u32 timeout = DEFAULT_TIMEOUT[m[K)
[3.813s]       |                                                                     [01;35m[K~~~~~~~^~~~~~~~~~~~~~~~~~~~~~~~~[m[K
[3.813s] [01m[K/home/faith/Work/carto_ws/src/sllidar_ros2/sdk/src/sl_lidar_driver.cpp:[m[K In member function ‘[01m[Kvirtual sl_result sl::SlamtecLidarDriver::getFrequency(const sl::LidarScanMode&, const sl_lidar_response_measurement_node_hq_t*, size_t, float&)[m[K’:
[3.813s] [01m[K/home/faith/Work/carto_ws/src/sllidar_ros2/sdk/src/sl_lidar_driver.cpp:627:110:[m[K [01;35m[Kwarning: [m[Kunused parameter ‘[01m[Knodes[m[K’ [[01;35m[K-Wunused-parameter[m[K]
[3.813s]   627 |         sl_result getFrequency(const LidarScanMode& scanMode, [01;35m[Kconst sl_lidar_response_measurement_node_hq_t* nodes[m[K, size_t count, float& frequency)
[3.813s]       |                                                               [01;35m[K~~~~~~~~~~~~~~~~~~~~~~~~~~~~~~~~~~~~~~~~~~~~~~~^~~~~[m[K
[3.815s] [01m[K/home/faith/Work/carto_ws/src/sllidar_ros2/sdk/src/sl_lidar_driver.cpp:[m[K In member function ‘[01m[Kvirtual sl_result sl::SlamtecLidarDriver::getHealth(sl_lidar_response_device_health_t&, sl_u32)[m[K’:
[3.815s] [01m[K/home/faith/Work/carto_ws/src/sllidar_ros2/sdk/src/sl_lidar_driver.cpp:640:79:[m[K [01;35m[Kwarning: [m[Kunused parameter ‘[01m[Ktimeout[m[K’ [[01;35m[K-Wunused-parameter[m[K]
[3.815s]   640 |         sl_result getHealth(sl_lidar_response_device_health_t& health, [01;35m[Ksl_u32 timeout = DEFAULT_TIMEOUT[m[K)
[3.815s]       |                                                                        [01;35m[K~~~~~~~^~~~~~~~~~~~~~~~~~~~~~~~~[m[K
[3.817s] [01m[K/home/faith/Work/carto_ws/src/sllidar_ros2/sdk/src/sl_lidar_driver.cpp:[m[K In member function ‘[01m[Kvirtual sl_result sl::SlamtecLidarDriver::getMotorInfo(sl::LidarMotorInfo&, sl_u32)[m[K’:
[3.818s] [01m[K/home/faith/Work/carto_ws/src/sllidar_ros2/sdk/src/sl_lidar_driver.cpp:730:66:[m[K [01;35m[Kwarning: [m[Kunused parameter ‘[01m[KtimeoutInMs[m[K’ [[01;35m[K-Wunused-parameter[m[K]
[3.818s]   730 |         sl_result getMotorInfo(LidarMotorInfo &motorInfo, [01;35m[Ksl_u32 timeoutInMs[m[K)
[3.818s]       |                                                           [01;35m[K~~~~~~~^~~~~~~~~~~[m[K
[3.824s] [01m[K/home/faith/Work/carto_ws/src/sllidar_ros2/sdk/src/sl_lidar_driver.cpp:[m[K In member function ‘[01m[Ksl_result sl::SlamtecLidarDriver::_sendCommand(sl_u16, const void*, size_t)[m[K’:
[3.825s] [01m[K/home/faith/Work/carto_ws/src/sllidar_ros2/sdk/src/sl_lidar_driver.cpp:1089:35:[m[K [01;35m[Kwarning: [m[Kcomparison of integer expressions of different signedness: ‘[01m[Kint[m[K’ and ‘[01m[Kstd::vector<unsigned char>::size_type[m[K’ {aka ‘[01m[Klong unsigned int[m[K’} [[01;35m[K-Wsign-compare[m[K]
[3.825s]  1089 |             for (int pos = 0; [01;35m[Kpos < cmd_packet.size()[m[K; pos++) {
[3.825s]       |                               [01;35m[K~~~~^~~~~~~~~~~~~~~~~~~[m[K
[3.825s] [01m[K/home/faith/Work/carto_ws/src/sllidar_ros2/sdk/src/sl_lidar_driver.cpp:1058:19:[m[K [01;35m[Kwarning: [m[Kunused variable ‘[01m[Kpkt_header[m[K’ [[01;35m[K-Wunused-variable[m[K]
[3.825s]  1058 |             sl_u8 [01;35m[Kpkt_header[m[K[10];
[3.826s]       |                   [01;35m[K^~~~~~~~~~[m[K
[3.830s] [01m[K/home/faith/Work/carto_ws/src/sllidar_ros2/sdk/src/sl_lidar_driver.cpp:[m[K In member function ‘[01m[Kvoid sl::SlamtecLidarDriver::_ultraCapsuleToNormal(const sl_lidar_response_ultra_capsule_measurement_nodes_t&, sl_lidar_response_measurement_node_hq_t*, size_t&)[m[K’:
[3.830s] [01m[K/home/faith/Work/carto_ws/src/sllidar_ros2/sdk/src/sl_lidar_driver.cpp:1370:40:[m[K [01;35m[Kwarning: [m[Kcomparison of integer expressions of different signedness: ‘[01m[Kint[m[K’ and ‘[01m[Kunsigned int[m[K’ [[01;35m[K-Wsign-compare[m[K]
[3.830s]  1370 |                     if (([01;35m[Kdist_predict1 == 0xFFFFFE00[m[K) || (dist_predict1 == 0x1FF)) {
[3.830s]       |                          [01;35m[K~~~~~~~~~~~~~~^~~~~~~~~~~~~[m[K
[3.830s] [01m[K/home/faith/Work/carto_ws/src/sllidar_ros2/sdk/src/sl_lidar_driver.cpp:1379:40:[m[K [01;35m[Kwarning: [m[Kcomparison of integer expressions of different signedness: ‘[01m[Kint[m[K’ and ‘[01m[Kunsigned int[m[K’ [[01;35m[K-Wsign-compare[m[K]
[3.831s]  1379 |                     if (([01;35m[Kdist_predict2 == 0xFFFFFE00[m[K) || (dist_predict2 == 0x1FF)) {
[3.831s]       |                          [01;35m[K~~~~~~~~~~~~~~^~~~~~~~~~~~~[m[K
[3.834s] [01m[K/home/faith/Work/carto_ws/src/sllidar_ros2/sdk/src/sl_lidar_driver.cpp:[m[K In member function ‘[01m[Kvoid sl::SlamtecLidarDriver::_dense_capsuleToNormal(const sl_lidar_response_capsule_measurement_nodes_t&, sl_lidar_response_measurement_node_hq_t*, size_t&)[m[K’:
[3.835s] [01m[K/home/faith/Work/carto_ws/src/sllidar_ros2/sdk/src/sl_lidar_driver.cpp:1577:38:[m[K [01;35m[Kwarning: [m[Ktype qualifiers ignored on cast result type [[01;35m[K-Wignored-qualifiers[m[K]
[3.835s]  1577 |                     const int dist = [01;35m[Kstatic_cast<const int>(_cached_previous_dense_capsuledata.cabins[pos].distance)[m[K;
[3.835s]       |                                      [01;35m[K^~~~~~~~~~~~~~~~~~~~~~~~~~~~~~~~~~~~~~~~~~~~~~~~~~~~~~~~~~~~~~~~~~~~~~~~~~~~~~~[m[K
[3.879s] /home/faith/Work/carto_ws/src/sllidar_ros2/sdk/src/sl_lidar_driver.cpp: In instantiation of ‘[01m[Ksl_result sl::ascendScanData_(TNode*, size_t) [with TNode = sl_lidar_response_measurement_node_hq_t; sl_result = unsigned int; size_t = long unsigned int][m[K’:
[3.879s] [01m[K/home/faith/Work/carto_ws/src/sllidar_ros2/sdk/src/sl_lidar_driver.cpp:677:76:[m[K   required from here
[3.879s] [01m[K/home/faith/Work/carto_ws/src/sllidar_ros2/sdk/src/sl_lidar_driver.cpp:178:31:[m[K [01;35m[Kwarning: [m[Kcomparison of unsigned expression in ‘[01m[K>= 0[m[K’ is always true [[01;35m[K-Wtype-limits[m[K]
[3.879s]   178 |         for (i = count - 1; [01;35m[Ki >= 0[m[K; i--) {
[3.879s]       |                             [01;35m[K~~^~~~[m[K
[4.009s] [01m[K/home/faith/Work/carto_ws/src/sllidar_ros2/sdk/src/arch/linux/net_socket.cpp:722:47:[m[K [01;35m[Kwarning: [m[K‘[01m[Knonnull[m[K’ argument ‘[01m[Ktarget[m[K’ compared to NULL [[01;35m[K-Wnonnull-compare[m[K]
[4.009s]   722 |         const struct sockaddr* addr = &target [01;35m[K?[m[K reinterpret_cast<const struct sockaddr*>(target.getPlatformData()) : NULL;
[4.009s]       |                                               [01;35m[K^[m[K
[4.016s] [ 78%] [32mBuilding CXX object CMakeFiles/sllidar_node.dir/sdk/src/sl_tcp_channel.cpp.o[0m
[4.031s] [01m[K/home/faith/Work/carto_ws/src/sllidar_ros2/sdk/src/sl_lidar_driver.cpp:[m[K At global scope:
[4.031s] [01m[K/home/faith/Work/carto_ws/src/sllidar_ros2/sdk/src/sl_lidar_driver.cpp:72:17:[m[K [01;35m[Kwarning: [m[K‘[01m[Kvoid sl::convert(const sl_lidar_response_measurement_node_hq_t&, sl_lidar_response_measurement_node_t&)[m[K’ defined but not used [[01;35m[K-Wunused-function[m[K]
[4.031s]    72 |     static void [01;35m[Kconvert[m[K(const sl_lidar_response_measurement_node_hq_t& from, sl_lidar_response_measurement_node_t& to)
[4.031s]       |                 [01;35m[K^~~~~~~[m[K
[4.031s] [01m[K/home/faith/Work/carto_ws/src/sllidar_ros2/sdk/src/sl_lidar_driver.cpp:59:17:[m[K [01;35m[Kwarning: [m[K‘[01m[Kvoid sl::printDeprecationWarn(const char*, const char*)[m[K’ defined but not used [[01;35m[K-Wunused-function[m[K]
[4.032s]    59 |     static void [01;35m[KprintDeprecationWarn[m[K(const char* fn, const char* replacement)
[4.032s]       |                 [01;35m[K^~~~~~~~~~~~~~~~~~~~[m[K
[4.065s] [01m[K/home/faith/Work/carto_ws/src/sllidar_ros2/sdk/src/sl_tcp_channel.cpp:33:9:[m[K [01;35m[Kwarning: [m[K#pragma once in main file
[4.066s]    33 | #pragma [01;35m[Konce[m[K
[4.066s]       |         [01;35m[K^~~~[m[K
[4.272s] [01m[K/home/faith/Work/carto_ws/src/sllidar_ros2/sdk/src/arch/linux/net_serial.cpp:[m[K In member function ‘[01m[Kbool rp::arch::net::raw_serial::open(const char*, uint32_t, uint32_t)[m[K’:
[4.272s] [01m[K/home/faith/Work/carto_ws/src/sllidar_ros2/sdk/src/arch/linux/net_serial.cpp:97:74:[m[K [01;35m[Kwarning: [m[Kunused parameter ‘[01m[Kflags[m[K’ [[01;35m[K-Wunused-parameter[m[K]
[4.273s]    97 | bool raw_serial::open(const char * portname, uint32_t baudrate, [01;35m[Kuint32_t flags[m[K)
[4.273s]       |                                                                 [01;35m[K~~~~~~~~~^~~~~[m[K
[4.273s] In file included from [01m[K/home/faith/Work/carto_ws/src/sllidar_ros2/./sdk/include/rplidar_protocol.h:36[m[K,
[4.273s]                  from [01m[K/home/faith/Work/carto_ws/src/sllidar_ros2/./sdk/include/rplidar.h:39[m[K,
[4.274s]                  from [01m[K/home/faith/Work/carto_ws/src/sllidar_ros2/sdk/src/sdkcommon.h:49[m[K,
[4.274s]                  from [01m[K/home/faith/Work/carto_ws/src/sllidar_ros2/sdk/src/rplidar_driver.cpp:33[m[K:
[4.274s] [01m[K/home/faith/Work/carto_ws/src/sllidar_ros2/./sdk/include/sl_lidar_protocol.h:58:16:[m[K [01;35m[Kwarning: [m[KISO C++ forbids zero-size array ‘[01m[Kdata[m[K’ [[01;35m[K-Wpedantic[m[K]
[4.274s]    58 |     sl_u8 data[[01;35m[K0[m[K];
[4.274s]       |                [01;35m[K^[m[K
[4.274s] [01m[K/home/faith/Work/carto_ws/src/sllidar_ros2/sdk/src/arch/linux/net_serial.cpp:[m[K In member function ‘[01m[Kvirtual void rp::arch::net::raw_serial::flush(_u32)[m[K’:
[4.274s] [01m[K/home/faith/Work/carto_ws/src/sllidar_ros2/sdk/src/arch/linux/net_serial.cpp:281:30:[m[K [01;35m[Kwarning: [m[Kunused parameter ‘[01m[Kflags[m[K’ [[01;35m[K-Wunused-parameter[m[K]
[4.275s]   281 | void raw_serial::flush( [01;35m[K_u32 flags[m[K)
[4.275s]       |                         [01;35m[K~~~~~^~~~~[m[K
[4.275s] [01m[K/home/faith/Work/carto_ws/src/sllidar_ros2/sdk/src/arch/linux/net_serial.cpp:[m[K In member function ‘[01m[Kvirtual int rp::arch::net::raw_serial::waitforsent(_u32, size_t*)[m[K’:
[4.275s] [01m[K/home/faith/Work/carto_ws/src/sllidar_ros2/sdk/src/arch/linux/net_serial.cpp:286:34:[m[K [01;35m[Kwarning: [m[Kunused parameter ‘[01m[Ktimeout[m[K’ [[01;35m[K-Wunused-parameter[m[K]
[4.275s]   286 | int raw_serial::waitforsent([01;35m[K_u32 timeout[m[K, size_t * returned_size)
[4.275s]       |                             [01;35m[K~~~~~^~~~~~~[m[K
[4.275s] [01m[K/home/faith/Work/carto_ws/src/sllidar_ros2/sdk/src/arch/linux/net_serial.cpp:[m[K In member function ‘[01m[Kvirtual int rp::arch::net::raw_serial::waitforrecv(_u32, size_t*)[m[K’:
[4.275s] [01m[K/home/faith/Work/carto_ws/src/sllidar_ros2/sdk/src/arch/linux/net_serial.cpp:292:34:[m[K [01;35m[Kwarning: [m[Kunused parameter ‘[01m[Ktimeout[m[K’ [[01;35m[K-Wunused-parameter[m[K]
[4.276s]   292 | int raw_serial::waitforrecv([01;35m[K_u32 timeout[m[K, size_t * returned_size)
[4.276s]       |                             [01;35m[K~~~~~^~~~~~~[m[K
[4.276s] In file included from [01m[K/home/faith/Work/carto_ws/src/sllidar_ros2/./sdk/include/rplidar_cmd.h:36[m[K,
[4.276s]                  from [01m[K/home/faith/Work/carto_ws/src/sllidar_ros2/./sdk/include/rplidar.h:40[m[K,
[4.276s]                  from [01m[K/home/faith/Work/carto_ws/src/sllidar_ros2/sdk/src/sdkcommon.h:49[m[K,
[4.276s]                  from [01m[K/home/faith/Work/carto_ws/src/sllidar_ros2/sdk/src/rplidar_driver.cpp:33[m[K:
[4.276s] [01m[K/home/faith/Work/carto_ws/src/sllidar_ros2/./sdk/include/sl_lidar_cmd.h:295:20:[m[K [01;35m[Kwarning: [m[KISO C++ forbids zero-size array ‘[01m[Kpayload[m[K’ [[01;35m[K-Wpedantic[m[K]
[4.276s]   295 |     sl_u8  payload[[01;35m[K0[m[K];
[4.277s]       |                    [01;35m[K^[m[K
[4.581s] [01m[K/home/faith/Work/carto_ws/src/sllidar_ros2/sdk/src/arch/linux/net_serial.cpp:[m[K In member function ‘[01m[Kvirtual void rp::arch::net::raw_serial::cancelOperation()[m[K’:
[4.582s] [01m[K/home/faith/Work/carto_ws/src/sllidar_ros2/sdk/src/arch/linux/net_serial.cpp:428:12:[m[K [01;35m[Kwarning: [m[Kignoring return value of ‘[01m[Kssize_t write(int, const void*, size_t)[m[K’ declared with attribute ‘[01m[Kwarn_unused_result[m[K’ [[01;35m[K-Wunused-result[m[K]
[4.582s]   428 |     [01;35m[K::write(_selfpipe[1], "x", 1)[m[K;
[4.582s]       |     [01;35m[K~~~~~~~^~~~~~~~~~~~~~~~~~~~~~[m[K
[4.669s] In file included from [01m[K/usr/include/string.h:535[m[K,
[4.669s]                  from [01m[K/home/faith/Work/carto_ws/src/sllidar_ros2/./sdk/src/arch/linux/arch_linux.h:40[m[K,
[4.669s]                  from [01m[K/home/faith/Work/carto_ws/src/sllidar_ros2/sdk/src/arch/linux/net_serial.cpp:35[m[K:
[4.669s] In function ‘[01m[Kchar* strncpy(char*, const char*, size_t)[m[K’,
[4.670s]     inlined from ‘[01m[Kvirtual bool rp::arch::net::raw_serial::bind(const char*, uint32_t, uint32_t)[m[K’ at [01m[K/home/faith/Work/carto_ws/src/sllidar_ros2/sdk/src/arch/linux/net_serial.cpp:91:12[m[K:
[4.670s] [01m[K/usr/include/aarch64-linux-gnu/bits/string_fortified.h:95:34:[m[K [01;35m[Kwarning: [m[K‘[01m[Kchar* __builtin_strncpy(char*, const char*, long unsigned int)[m[K’ specified bound 200 equals destination size [[01;35m[K-Wstringop-truncation[m[K]
[4.670s]    95 |   return [01;35m[K__builtin___strncpy_chk (__dest, __src, __len,[m[K
[4.670s]       |          [01;35m[K~~~~~~~~~~~~~~~~~~~~~~~~^~~~~~~~~~~~~~~~~~~~~~[m[K
[4.670s]    96 | [01;35m[K                                  __glibc_objsize (__dest))[m[K;
[4.670s]       |                                   [01;35m[K~~~~~~~~~~~~~~~~~~~~~~~~~[m[K
[4.733s] In file included from [01m[K/home/faith/Work/carto_ws/src/sllidar_ros2/./sdk/include/sl_lidar_cmd.h:36[m[K,
[4.733s]                  from [01m[K/home/faith/Work/carto_ws/src/sllidar_ros2/./sdk/include/sl_lidar_driver.h:54[m[K,
[4.733s]                  from [01m[K/home/faith/Work/carto_ws/src/sllidar_ros2/sdk/src/sl_serial_channel.cpp:34[m[K:
[4.734s] [01m[K/home/faith/Work/carto_ws/src/sllidar_ros2/./sdk/include/sl_lidar_protocol.h:58:16:[m[K [01;35m[Kwarning: [m[KISO C++ forbids zero-size array ‘[01m[Kdata[m[K’ [[01;35m[K-Wpedantic[m[K]
[4.734s]    58 |     sl_u8 data[[01;35m[K0[m[K];
[4.734s]       |                [01;35m[K^[m[K
[4.737s] In file included from [01m[K/home/faith/Work/carto_ws/src/sllidar_ros2/./sdk/include/sl_lidar_driver.h:54[m[K,
[4.737s]                  from [01m[K/home/faith/Work/carto_ws/src/sllidar_ros2/sdk/src/sl_serial_channel.cpp:34[m[K:
[4.737s] [01m[K/home/faith/Work/carto_ws/src/sllidar_ros2/./sdk/include/sl_lidar_cmd.h:295:20:[m[K [01;35m[Kwarning: [m[KISO C++ forbids zero-size array ‘[01m[Kpayload[m[K’ [[01;35m[K-Wpedantic[m[K]
[4.737s]   295 |     sl_u8  payload[[01;35m[K0[m[K];
[4.737s]       |                    [01;35m[K^[m[K
[5.047s] [01m[K/home/faith/Work/carto_ws/src/sllidar_ros2/sdk/src/rplidar_driver.cpp:[m[K In member function ‘[01m[Ku_result rp::standalone::rplidar::RPlidarDriver::connect(const char*, _u32, _u32)[m[K’:
[5.047s] [01m[K/home/faith/Work/carto_ws/src/sllidar_ros2/sdk/src/rplidar_driver.cpp:67:77:[m[K [01;35m[Kwarning: [m[Kunused parameter ‘[01m[Kflag[m[K’ [[01;35m[K-Wunused-parameter[m[K]
[5.047s]    67 |     u_result RPlidarDriver::connect(const char *path, _u32 portOrBaud, [01;35m[K_u32 flag[m[K)
[5.048s]       |                                                                        [01;35m[K~~~~~^~~~[m[K
[5.048s] [01m[K/home/faith/Work/carto_ws/src/sllidar_ros2/sdk/src/rplidar_driver.cpp:[m[K In member function ‘[01m[Ku_result rp::standalone::rplidar::RPlidarDriver::reset(_u32)[m[K’:
[5.048s] [01m[K/home/faith/Work/carto_ws/src/sllidar_ros2/sdk/src/rplidar_driver.cpp:101:40:[m[K [01;35m[Kwarning: [m[Kunused parameter ‘[01m[Ktimeout[m[K’ [[01;35m[K-Wunused-parameter[m[K]
[5.048s]   101 |     u_result RPlidarDriver::reset([01;35m[K_u32 timeout[m[K)
[5.048s]       |                                   [01;35m[K~~~~~^~~~~~~[m[K
[5.052s] [01m[K/home/faith/Work/carto_ws/src/sllidar_ros2/sdk/src/rplidar_driver.cpp:[m[K In member function ‘[01m[Ku_result rp::standalone::rplidar::RPlidarDriver::getScanDataWithInterval(rplidar_response_measurement_node_t*, size_t&)[m[K’:
[5.052s] [01m[K/home/faith/Work/carto_ws/src/sllidar_ros2/sdk/src/rplidar_driver.cpp:175:91:[m[K [01;35m[Kwarning: [m[Kunused parameter ‘[01m[Knodebuffer[m[K’ [[01;35m[K-Wunused-parameter[m[K]
[5.052s]   175 |     u_result RPlidarDriver::getScanDataWithInterval([01;35m[Krplidar_response_measurement_node_t * nodebuffer[m[K, size_t & count)
[5.052s]       |                                                     [01;35m[K~~~~~~~~~~~~~~~~~~~~~~~~~~~~~~~~~~~~~~^~~~~~~~~~[m[K
[5.052s] [01m[K/home/faith/Work/carto_ws/src/sllidar_ros2/sdk/src/rplidar_driver.cpp:175:112:[m[K [01;35m[Kwarning: [m[Kunused parameter ‘[01m[Kcount[m[K’ [[01;35m[K-Wunused-parameter[m[K]
[5.052s]   175 |     u_result RPlidarDriver::getScanDataWithInterval(rplidar_response_measurement_node_t * nodebuffer, [01;35m[Ksize_t & count[m[K)
[5.052s]       |                                                                                                       [01;35m[K~~~~~~~~~^~~~~[m[K
[5.133s] [ 85%] [32mBuilding CXX object CMakeFiles/sllidar_node.dir/sdk/src/sl_udp_channel.cpp.o[0m
[5.206s] [01m[K/home/faith/Work/carto_ws/src/sllidar_ros2/sdk/src/sl_udp_channel.cpp:33:9:[m[K [01;35m[Kwarning: [m[K#pragma once in main file
[5.206s]    33 | #pragma [01;35m[Konce[m[K
[5.206s]       |         [01;35m[K^~~~[m[K
[5.729s] In file included from [01m[K/home/faith/Work/carto_ws/src/sllidar_ros2/./sdk/include/sl_lidar_cmd.h:36[m[K,
[5.729s]                  from [01m[K/home/faith/Work/carto_ws/src/sllidar_ros2/./sdk/include/sl_lidar_driver.h:54[m[K,
[5.730s]                  from [01m[K/home/faith/Work/carto_ws/src/sllidar_ros2/sdk/src/sl_tcp_channel.cpp:34[m[K:
[5.730s] [01m[K/home/faith/Work/carto_ws/src/sllidar_ros2/./sdk/include/sl_lidar_protocol.h:58:16:[m[K [01;35m[Kwarning: [m[KISO C++ forbids zero-size array ‘[01m[Kdata[m[K’ [[01;35m[K-Wpedantic[m[K]
[5.731s]    58 |     sl_u8 data[[01;35m[K0[m[K];
[5.731s]       |                [01;35m[K^[m[K
[5.732s] In file included from [01m[K/home/faith/Work/carto_ws/src/sllidar_ros2/./sdk/include/sl_lidar_driver.h:54[m[K,
[5.732s]                  from [01m[K/home/faith/Work/carto_ws/src/sllidar_ros2/sdk/src/sl_tcp_channel.cpp:34[m[K:
[5.733s] [01m[K/home/faith/Work/carto_ws/src/sllidar_ros2/./sdk/include/sl_lidar_cmd.h:295:20:[m[K [01;35m[Kwarning: [m[KISO C++ forbids zero-size array ‘[01m[Kpayload[m[K’ [[01;35m[K-Wpedantic[m[K]
[5.733s]   295 |     sl_u8  payload[[01;35m[K0[m[K];
[5.734s]       |                    [01;35m[K^[m[K
[5.767s] [01m[K/home/faith/Work/carto_ws/src/sllidar_ros2/sdk/src/sl_tcp_channel.cpp:[m[K In member function ‘[01m[Kvoid sl::TcpChannel::setStatus(_u32)[m[K’:
[5.768s] [01m[K/home/faith/Work/carto_ws/src/sllidar_ros2/sdk/src/sl_tcp_channel.cpp:95:29:[m[K [01;35m[Kwarning: [m[Kunused parameter ‘[01m[Kflag[m[K’ [[01;35m[K-Wunused-parameter[m[K]
[5.768s]    95 |         void setStatus([01;35m[K_u32 flag[m[K){}
[5.769s]       |                        [01;35m[K~~~~~^~~~[m[K
[6.348s] In file included from [01m[K/home/faith/Work/carto_ws/src/sllidar_ros2/./sdk/include/sl_lidar_cmd.h:36[m[K,
[6.348s]                  from [01m[K/home/faith/Work/carto_ws/src/sllidar_ros2/./sdk/include/sl_lidar_driver.h:54[m[K,
[6.349s]                  from [01m[K/home/faith/Work/carto_ws/src/sllidar_ros2/sdk/src/sl_udp_channel.cpp:34[m[K:
[6.349s] [01m[K/home/faith/Work/carto_ws/src/sllidar_ros2/./sdk/include/sl_lidar_protocol.h:58:16:[m[K [01;35m[Kwarning: [m[KISO C++ forbids zero-size array ‘[01m[Kdata[m[K’ [[01;35m[K-Wpedantic[m[K]
[6.350s]    58 |     sl_u8 data[[01;35m[K0[m[K];
[6.351s]       |                [01;35m[K^[m[K
[6.351s] In file included from [01m[K/home/faith/Work/carto_ws/src/sllidar_ros2/./sdk/include/sl_lidar_driver.h:54[m[K,
[6.352s]                  from [01m[K/home/faith/Work/carto_ws/src/sllidar_ros2/sdk/src/sl_udp_channel.cpp:34[m[K:
[6.352s] [01m[K/home/faith/Work/carto_ws/src/sllidar_ros2/./sdk/include/sl_lidar_cmd.h:295:20:[m[K [01;35m[Kwarning: [m[KISO C++ forbids zero-size array ‘[01m[Kpayload[m[K’ [[01;35m[K-Wpedantic[m[K]
[6.353s]   295 |     sl_u8  payload[[01;35m[K0[m[K];
[6.353s]       |                    [01;35m[K^[m[K
[6.367s] [01m[K/home/faith/Work/carto_ws/src/sllidar_ros2/sdk/src/sl_udp_channel.cpp:[m[K In member function ‘[01m[Kvoid sl::UdpChannel::setStatus(_u32)[m[K’:
[6.368s] [01m[K/home/faith/Work/carto_ws/src/sllidar_ros2/sdk/src/sl_udp_channel.cpp:103:29:[m[K [01;35m[Kwarning: [m[Kunused parameter ‘[01m[Kflag[m[K’ [[01;35m[K-Wunused-parameter[m[K]
[6.369s]   103 |         void setStatus([01;35m[K_u32 flag[m[K){}
[6.370s]       |                        [01;35m[K~~~~~^~~~[m[K
[12.931s] In file included from [01m[K/home/faith/Work/carto_ws/src/sllidar_ros2/./sdk/include/sl_lidar_cmd.h:36[m[K,
[12.932s]                  from [01m[K/home/faith/Work/carto_ws/src/sllidar_ros2/./sdk/include/sl_lidar_driver.h:54[m[K,
[12.932s]                  from [01m[K/home/faith/Work/carto_ws/src/sllidar_ros2/./sdk/include/sl_lidar.h:36[m[K,
[12.933s]                  from [01m[K/home/faith/Work/carto_ws/src/sllidar_ros2/src/sllidar_node.cpp:38[m[K:
[12.933s] [01m[K/home/faith/Work/carto_ws/src/sllidar_ros2/./sdk/include/sl_lidar_protocol.h:58:16:[m[K [01;35m[Kwarning: [m[KISO C++ forbids zero-size array ‘[01m[Kdata[m[K’ [[01;35m[K-Wpedantic[m[K]
[12.934s]    58 |     sl_u8 data[[01;35m[K0[m[K];
[12.934s]       |                [01;35m[K^[m[K
[12.935s] In file included from [01m[K/home/faith/Work/carto_ws/src/sllidar_ros2/./sdk/include/sl_lidar_driver.h:54[m[K,
[12.935s]                  from [01m[K/home/faith/Work/carto_ws/src/sllidar_ros2/./sdk/include/sl_lidar.h:36[m[K,
[12.936s]                  from [01m[K/home/faith/Work/carto_ws/src/sllidar_ros2/src/sllidar_node.cpp:38[m[K:
[12.936s] [01m[K/home/faith/Work/carto_ws/src/sllidar_ros2/./sdk/include/sl_lidar_cmd.h:295:20:[m[K [01;35m[Kwarning: [m[KISO C++ forbids zero-size array ‘[01m[Kpayload[m[K’ [[01;35m[K-Wpedantic[m[K]
[12.937s]   295 |     sl_u8  payload[[01;35m[K0[m[K];
[12.937s]       |                    [01;35m[K^[m[K
[17.646s] [01m[K/home/faith/Work/carto_ws/src/sllidar_ros2/src/sllidar_node.cpp:[m[K In member function ‘[01m[Kbool SLlidarNode::checkSLLIDARHealth(sl::ILidarDriver*)[m[K’:
[17.646s] [01m[K/home/faith/Work/carto_ws/src/sllidar_ros2/src/sllidar_node.cpp:147:5:[m[K [01;35m[Kwarning: [m[Kcontrol reaches end of non-void function [[01;35m[K-Wreturn-type[m[K]
[17.646s]   147 |     [01;35m[K}[m[K
[17.646s]       |     [01;35m[K^[m[K
[32.469s] [ 92%] [32m[1mLinking CXX executable sllidar_node[0m
[32.950s] [ 92%] Built target sllidar_node
[38.072s] [100%] [32m[1mLinking CXX executable sllidar_client[0m
[38.411s] [100%] Built target sllidar_client
[38.448s] Invoked command in '/home/faith/Work/carto_ws/build/sllidar_ros2' returned '0': CMAKE_PREFIX_PATH=${CMAKE_PREFIX_PATH}:/home/faith/Work/carto_ws/install/fishbot_description:/opt/ros/humble /usr/bin/cmake --build /home/faith/Work/carto_ws/build/sllidar_ros2 -- -j8 -l8
[38.562s] Invoking command in '/home/faith/Work/carto_ws/build/sllidar_ros2': CMAKE_PREFIX_PATH=${CMAKE_PREFIX_PATH}:/home/faith/Work/carto_ws/install/fishbot_description:/opt/ros/humble /usr/bin/cmake --install /home/faith/Work/carto_ws/build/sllidar_ros2
[38.587s] -- Install configuration: "Release"
[38.589s] -- Execute custom install script
[38.589s] -- Up-to-date symlink: /home/faith/Work/carto_ws/install/sllidar_ros2/share/sllidar_ros2/launch/sllidar_a3_launch.py
[38.590s] -- Up-to-date symlink: /home/faith/Work/carto_ws/install/sllidar_ros2/share/sllidar_ros2/launch/sllidar_launch.py
[38.590s] -- Up-to-date symlink: /home/faith/Work/carto_ws/install/sllidar_ros2/share/sllidar_ros2/launch/sllidar_s1_launch.py
[38.591s] -- Up-to-date symlink: /home/faith/Work/carto_ws/install/sllidar_ros2/share/sllidar_ros2/launch/sllidar_s1_tcp_launch.py
[38.591s] -- Up-to-date symlink: /home/faith/Work/carto_ws/install/sllidar_ros2/share/sllidar_ros2/launch/sllidar_s2_launch.py
[38.592s] -- Up-to-date symlink: /home/faith/Work/carto_ws/install/sllidar_ros2/share/sllidar_ros2/launch/sllidar_s2e_launch.py
[38.592s] -- Up-to-date symlink: /home/faith/Work/carto_ws/install/sllidar_ros2/share/sllidar_ros2/launch/sllidar_t1_launch.py
[38.593s] -- Up-to-date symlink: /home/faith/Work/carto_ws/install/sllidar_ros2/share/sllidar_ros2/launch/view_sllidar_a3_launch.py
[38.593s] -- Up-to-date symlink: /home/faith/Work/carto_ws/install/sllidar_ros2/share/sllidar_ros2/launch/view_sllidar_launch.py
[38.594s] -- Up-to-date symlink: /home/faith/Work/carto_ws/install/sllidar_ros2/share/sllidar_ros2/launch/view_sllidar_s1_launch.py
[38.594s] -- Up-to-date symlink: /home/faith/Work/carto_ws/install/sllidar_ros2/share/sllidar_ros2/launch/view_sllidar_s1_tcp_launch.py
[38.595s] -- Up-to-date symlink: /home/faith/Work/carto_ws/install/sllidar_ros2/share/sllidar_ros2/launch/view_sllidar_s2_launch.py
[38.595s] -- Up-to-date symlink: /home/faith/Work/carto_ws/install/sllidar_ros2/share/sllidar_ros2/launch/view_sllidar_s2e_launch.py
[38.595s] -- Up-to-date symlink: /home/faith/Work/carto_ws/install/sllidar_ros2/share/sllidar_ros2/launch/view_sllidar_t1_launch.py
[38.596s] -- Up-to-date symlink: /home/faith/Work/carto_ws/install/sllidar_ros2/share/sllidar_ros2/rviz/sllidar_ros2.rviz
[38.596s] -- Up-to-date symlink: /home/faith/Work/carto_ws/install/sllidar_ros2/lib/sllidar_ros2/sllidar_node
[38.597s] -- Up-to-date symlink: /home/faith/Work/carto_ws/install/sllidar_ros2/lib/sllidar_ros2/sllidar_client
[38.597s] -- Up-to-date symlink: /home/faith/Work/carto_ws/install/sllidar_ros2/share/ament_index/resource_index/package_run_dependencies/sllidar_ros2
[38.597s] -- Up-to-date symlink: /home/faith/Work/carto_ws/install/sllidar_ros2/share/ament_index/resource_index/parent_prefix_path/sllidar_ros2
[38.598s] -- Up-to-date symlink: /home/faith/Work/carto_ws/install/sllidar_ros2/share/sllidar_ros2/environment/ament_prefix_path.sh
[38.598s] -- Up-to-date symlink: /home/faith/Work/carto_ws/install/sllidar_ros2/share/sllidar_ros2/environment/ament_prefix_path.dsv
[38.598s] -- Up-to-date symlink: /home/faith/Work/carto_ws/install/sllidar_ros2/share/sllidar_ros2/environment/path.sh
[38.599s] -- Up-to-date symlink: /home/faith/Work/carto_ws/install/sllidar_ros2/share/sllidar_ros2/environment/path.dsv
[38.599s] -- Up-to-date symlink: /home/faith/Work/carto_ws/install/sllidar_ros2/share/sllidar_ros2/local_setup.bash
[38.600s] -- Up-to-date symlink: /home/faith/Work/carto_ws/install/sllidar_ros2/share/sllidar_ros2/local_setup.sh
[38.600s] -- Up-to-date symlink: /home/faith/Work/carto_ws/install/sllidar_ros2/share/sllidar_ros2/local_setup.zsh
[38.600s] -- Up-to-date symlink: /home/faith/Work/carto_ws/install/sllidar_ros2/share/sllidar_ros2/local_setup.dsv
[38.601s] -- Symlinking: /home/faith/Work/carto_ws/install/sllidar_ros2/share/sllidar_ros2/package.dsv
[38.621s] -- Up-to-date symlink: /home/faith/Work/carto_ws/install/sllidar_ros2/share/ament_index/resource_index/packages/sllidar_ros2
[38.622s] -- Up-to-date symlink: /home/faith/Work/carto_ws/install/sllidar_ros2/share/sllidar_ros2/cmake/ament_cmake_export_dependencies-extras.cmake
[38.622s] -- Up-to-date symlink: /home/faith/Work/carto_ws/install/sllidar_ros2/share/sllidar_ros2/cmake/ament_cmake_export_include_directories-extras.cmake
[38.623s] -- Up-to-date symlink: /home/faith/Work/carto_ws/install/sllidar_ros2/share/sllidar_ros2/cmake/sllidar_ros2Config.cmake
[38.624s] -- Up-to-date symlink: /home/faith/Work/carto_ws/install/sllidar_ros2/share/sllidar_ros2/cmake/sllidar_ros2Config-version.cmake
[38.628s] -- Up-to-date symlink: /home/faith/Work/carto_ws/install/sllidar_ros2/share/sllidar_ros2/package.xml
[38.630s] Invoked command in '/home/faith/Work/carto_ws/build/sllidar_ros2' returned '0': CMAKE_PREFIX_PATH=${CMAKE_PREFIX_PATH}:/home/faith/Work/carto_ws/install/fishbot_description:/opt/ros/humble /usr/bin/cmake --install /home/faith/Work/carto_ws/build/sllidar_ros2
