-- Found ament_cmake: 1.3.5 (/opt/ros/humble/share/ament_cmake/cmake)
-- Found rosidl_default_generators: 1.2.0 (/opt/ros/humble/share/rosidl_default_generators/cmake)
-- Using all available rosidl_typesupport_c: rosidl_typesupport_fastrtps_c;rosidl_typesupport_introspection_c
-- Found rosidl_adapter: 3.1.4 (/opt/ros/humble/share/rosidl_adapter/cmake)
-- Using all available rosidl_typesupport_cpp: rosidl_typesupport_fastrtps_cpp;rosidl_typesupport_introspection_cpp
-- Found geometry_msgs: 4.2.3 (/opt/ros/humble/share/geometry_msgs/cmake)
-- Found actionlib_msgs: 4.2.3 (/opt/ros/humble/share/actionlib_msgs/cmake)
-- Found ament_cmake_ros: 0.10.0 (/opt/ros/humble/share/ament_cmake_ros/cmake)
-- Using all available rosidl_typesupport_c: rosidl_typesupport_fastrtps_c;rosidl_typesupport_introspection_c
-- Using all available rosidl_typesupport_cpp: rosidl_typesupport_fastrtps_cpp;rosidl_typesupport_introspection_cpp
-- Found python_cmake_module: 0.10.0 (/opt/ros/humble/share/python_cmake_module/cmake)
-- Using PYTHON_EXECUTABLE: /usr/bin/python3
-- Using PYTHON_INCLUDE_DIRS: /usr/include/python3.10
-- Using PYTHON_LIBRARIES: /usr/lib/aarch64-linux-gnu/libpython3.10.so
-- Found ament_lint_auto: 0.12.6 (/opt/ros/humble/share/ament_lint_auto/cmake)
-- Added test 'lint_cmake' to check CMake code style
-- Added test 'xmllint' to check XML markup files
-- Configuring done
-- Generating done
-- Build files have been written to: /home/faith/Work/carto_ws/build/faithcar_msgs
[35m[1mConsolidate compiler generated dependencies of target faithcar_msgs__rosidl_generator_c[0m
[  1%] Built target faithcar_msgs__cpp
[  1%] Built target ament_cmake_python_copy_faithcar_msgs
[  2%] [32mBuilding C object CMakeFiles/faithcar_msgs__rosidl_generator_c.dir/rosidl_generator_c/faithcar_msgs/srv/detail/robot_arm_array__functions.c.o[0m
[35m[1mConsolidate compiler generated dependencies of target faithcar_msgs__rosidl_typesupport_cpp[0m
[35m[1mConsolidate compiler generated dependencies of target faithcar_msgs__rosidl_typesupport_introspection_cpp[0m
[  3%] [32mBuilding C object CMakeFiles/faithcar_msgs__rosidl_generator_c.dir/rosidl_generator_c/faithcar_msgs/msg/detail/arm_joint__functions.c.o[0m
[35m[1mConsolidate compiler generated dependencies of target faithcar_msgs__rosidl_typesupport_fastrtps_cpp[0m
[  5%] [32mBuilding C object CMakeFiles/faithcar_msgs__rosidl_generator_c.dir/rosidl_generator_c/faithcar_msgs/srv/detail/kinemarics__functions.c.o[0m
[  6%] [32mBuilding CXX object CMakeFiles/faithcar_msgs__rosidl_typesupport_introspection_cpp.dir/rosidl_typesupport_introspection_cpp/faithcar_msgs/msg/detail/arm_joint__type_support.cpp.o[0m
[  7%] [32mBuilding CXX object CMakeFiles/faithcar_msgs__rosidl_typesupport_introspection_cpp.dir/rosidl_typesupport_introspection_cpp/faithcar_msgs/srv/detail/robot_arm_array__type_support.cpp.o[0m
[  8%] [32mBuilding CXX object CMakeFiles/faithcar_msgs__rosidl_typesupport_cpp.dir/rosidl_typesupport_cpp/faithcar_msgs/srv/robot_arm_array__type_support.cpp.o[0m
[ 10%] [32m[1mLinking CXX shared library libfaithcar_msgs__rosidl_typesupport_fastrtps_cpp.so[0m
[ 11%] [32mBuilding CXX object CMakeFiles/faithcar_msgs__rosidl_typesupport_cpp.dir/rosidl_typesupport_cpp/faithcar_msgs/srv/kinemarics__type_support.cpp.o[0m
[ 12%] [32m[1mLinking C shared library libfaithcar_msgs__rosidl_generator_c.so[0m
[ 13%] [32mBuilding CXX object CMakeFiles/faithcar_msgs__rosidl_typesupport_introspection_cpp.dir/rosidl_typesupport_introspection_cpp/faithcar_msgs/srv/detail/kinemarics__type_support.cpp.o[0m
running egg_info
writing faithcar_msgs.egg-info/PKG-INFO
writing dependency_links to faithcar_msgs.egg-info/dependency_links.txt
writing top-level names to faithcar_msgs.egg-info/top_level.txt
reading manifest file 'faithcar_msgs.egg-info/SOURCES.txt'
writing manifest file 'faithcar_msgs.egg-info/SOURCES.txt'
[ 20%] Built target faithcar_msgs__rosidl_generator_c
[ 21%] [34m[1mGenerating C type support for eProsima Fast-RTPS[0m
[ 21%] Built target ament_cmake_python_build_faithcar_msgs_egg
[ 22%] [34m[1mGenerating C introspection for ROS interfaces[0m
[ 24%] [34m[1mGenerating C type support dispatch for ROS interfaces[0m
[ 34%] Built target faithcar_msgs__rosidl_typesupport_fastrtps_cpp
[ 35%] [32m[1mLinking CXX shared library libfaithcar_msgs__rosidl_typesupport_cpp.so[0m
[ 43%] Built target faithcar_msgs__rosidl_typesupport_cpp
[ 44%] [32mBuilding CXX object CMakeFiles/faithcar_msgs__rosidl_typesupport_c.dir/rosidl_typesupport_c/faithcar_msgs/msg/target__type_support.cpp.o[0m
[ 45%] [32mBuilding CXX object CMakeFiles/faithcar_msgs__rosidl_typesupport_c.dir/rosidl_typesupport_c/faithcar_msgs/msg/point_array__type_support.cpp.o[0m
[ 46%] [32mBuilding CXX object CMakeFiles/faithcar_msgs__rosidl_typesupport_c.dir/rosidl_typesupport_c/faithcar_msgs/msg/position__type_support.cpp.o[0m
[ 48%] [32mBuilding CXX object CMakeFiles/faithcar_msgs__rosidl_typesupport_c.dir/rosidl_typesupport_c/faithcar_msgs/msg/image_msg__type_support.cpp.o[0m
[ 49%] [32m[1mLinking CXX shared library libfaithcar_msgs__rosidl_typesupport_introspection_cpp.so[0m
[ 50%] [32mBuilding CXX object CMakeFiles/faithcar_msgs__rosidl_typesupport_c.dir/rosidl_typesupport_c/faithcar_msgs/msg/arm_joint__type_support.cpp.o[0m
[ 51%] [32mBuilding CXX object CMakeFiles/faithcar_msgs__rosidl_typesupport_c.dir/rosidl_typesupport_c/faithcar_msgs/srv/robot_arm_array__type_support.cpp.o[0m
[ 53%] [32mBuilding CXX object CMakeFiles/faithcar_msgs__rosidl_typesupport_c.dir/rosidl_typesupport_c/faithcar_msgs/srv/kinemarics__type_support.cpp.o[0m
[ 54%] [32m[1mLinking CXX shared library libfaithcar_msgs__rosidl_typesupport_c.so[0m
[ 60%] Built target faithcar_msgs__rosidl_typesupport_introspection_cpp
[ 60%] Built target faithcar_msgs__rosidl_typesupport_c
[ 62%] [32mBuilding CXX object CMakeFiles/faithcar_msgs__rosidl_typesupport_fastrtps_c.dir/rosidl_typesupport_fastrtps_c/faithcar_msgs/msg/detail/point_array__type_support_c.cpp.o[0m
[ 63%] [32mBuilding CXX object CMakeFiles/faithcar_msgs__rosidl_typesupport_fastrtps_c.dir/rosidl_typesupport_fastrtps_c/faithcar_msgs/msg/detail/arm_joint__type_support_c.cpp.o[0m
[ 64%] [32mBuilding CXX object CMakeFiles/faithcar_msgs__rosidl_typesupport_fastrtps_c.dir/rosidl_typesupport_fastrtps_c/faithcar_msgs/srv/detail/kinemarics__type_support_c.cpp.o[0m
[ 65%] [32mBuilding CXX object CMakeFiles/faithcar_msgs__rosidl_typesupport_fastrtps_c.dir/rosidl_typesupport_fastrtps_c/faithcar_msgs/msg/detail/image_msg__type_support_c.cpp.o[0m
[ 67%] [32mBuilding C object CMakeFiles/faithcar_msgs__rosidl_typesupport_introspection_c.dir/rosidl_typesupport_introspection_c/faithcar_msgs/msg/detail/position__type_support.c.o[0m
[ 68%] [32mBuilding CXX object CMakeFiles/faithcar_msgs__rosidl_typesupport_fastrtps_c.dir/rosidl_typesupport_fastrtps_c/faithcar_msgs/srv/detail/robot_arm_array__type_support_c.cpp.o[0m
[ 69%] [32mBuilding CXX object CMakeFiles/faithcar_msgs__rosidl_typesupport_fastrtps_c.dir/rosidl_typesupport_fastrtps_c/faithcar_msgs/msg/detail/position__type_support_c.cpp.o[0m
[ 70%] [32mBuilding CXX object CMakeFiles/faithcar_msgs__rosidl_typesupport_fastrtps_c.dir/rosidl_typesupport_fastrtps_c/faithcar_msgs/msg/detail/target__type_support_c.cpp.o[0m
[ 72%] [32mBuilding C object CMakeFiles/faithcar_msgs__rosidl_typesupport_introspection_c.dir/rosidl_typesupport_introspection_c/faithcar_msgs/msg/detail/point_array__type_support.c.o[0m
[ 73%] [32mBuilding C object CMakeFiles/faithcar_msgs__rosidl_typesupport_introspection_c.dir/rosidl_typesupport_introspection_c/faithcar_msgs/msg/detail/image_msg__type_support.c.o[0m
[ 74%] [32mBuilding C object CMakeFiles/faithcar_msgs__rosidl_typesupport_introspection_c.dir/rosidl_typesupport_introspection_c/faithcar_msgs/msg/detail/target__type_support.c.o[0m
[ 75%] [32mBuilding C object CMakeFiles/faithcar_msgs__rosidl_typesupport_introspection_c.dir/rosidl_typesupport_introspection_c/faithcar_msgs/msg/detail/arm_joint__type_support.c.o[0m
[ 77%] [32mBuilding C object CMakeFiles/faithcar_msgs__rosidl_typesupport_introspection_c.dir/rosidl_typesupport_introspection_c/faithcar_msgs/srv/detail/robot_arm_array__type_support.c.o[0m
[ 78%] [32mBuilding C object CMakeFiles/faithcar_msgs__rosidl_typesupport_introspection_c.dir/rosidl_typesupport_introspection_c/faithcar_msgs/srv/detail/kinemarics__type_support.c.o[0m
[ 79%] [32m[1mLinking C shared library libfaithcar_msgs__rosidl_typesupport_introspection_c.so[0m
[ 79%] Built target faithcar_msgs__rosidl_typesupport_introspection_c
[ 81%] [32m[1mLinking CXX shared library libfaithcar_msgs__rosidl_typesupport_fastrtps_c.so[0m
[ 81%] Built target faithcar_msgs__rosidl_typesupport_fastrtps_c
[ 81%] Built target faithcar_msgs
[ 82%] [34m[1mGenerating Python code for ROS interfaces[0m
[ 82%] Built target faithcar_msgs__py
[ 84%] [32mBuilding C object CMakeFiles/faithcar_msgs__rosidl_generator_py.dir/rosidl_generator_py/faithcar_msgs/msg/_point_array_s.c.o[0m
[ 84%] [32mBuilding C object CMakeFiles/faithcar_msgs__rosidl_generator_py.dir/rosidl_generator_py/faithcar_msgs/msg/_image_msg_s.c.o[0m
[ 86%] [32mBuilding C object CMakeFiles/faithcar_msgs__rosidl_generator_py.dir/rosidl_generator_py/faithcar_msgs/msg/_target_s.c.o[0m
[ 87%] [32mBuilding C object CMakeFiles/faithcar_msgs__rosidl_generator_py.dir/rosidl_generator_py/faithcar_msgs/srv/_robot_arm_array_s.c.o[0m
[ 88%] [32mBuilding C object CMakeFiles/faithcar_msgs__rosidl_generator_py.dir/rosidl_generator_py/faithcar_msgs/msg/_position_s.c.o[0m
[ 89%] [32mBuilding C object CMakeFiles/faithcar_msgs__rosidl_generator_py.dir/rosidl_generator_py/faithcar_msgs/srv/_kinemarics_s.c.o[0m
[ 91%] [32mBuilding C object CMakeFiles/faithcar_msgs__rosidl_generator_py.dir/rosidl_generator_py/faithcar_msgs/msg/_arm_joint_s.c.o[0m
[ 92%] [32m[1mLinking C shared library rosidl_generator_py/faithcar_msgs/libfaithcar_msgs__rosidl_generator_py.so[0m
[ 92%] Built target faithcar_msgs__rosidl_generator_py
[ 93%] [32mBuilding C object CMakeFiles/faithcar_msgs__rosidl_typesupport_fastrtps_c__pyext.dir/rosidl_generator_py/faithcar_msgs/_faithcar_msgs_s.ep.rosidl_typesupport_fastrtps_c.c.o[0m
[ 94%] [32mBuilding C object CMakeFiles/faithcar_msgs__rosidl_typesupport_introspection_c__pyext.dir/rosidl_generator_py/faithcar_msgs/_faithcar_msgs_s.ep.rosidl_typesupport_introspection_c.c.o[0m
[ 96%] [32mBuilding C object CMakeFiles/faithcar_msgs__rosidl_typesupport_c__pyext.dir/rosidl_generator_py/faithcar_msgs/_faithcar_msgs_s.ep.rosidl_typesupport_c.c.o[0m
[ 97%] [32m[1mLinking C shared library rosidl_generator_py/faithcar_msgs/faithcar_msgs_s__rosidl_typesupport_introspection_c.cpython-310-aarch64-linux-gnu.so[0m
[ 98%] [32m[1mLinking C shared library rosidl_generator_py/faithcar_msgs/faithcar_msgs_s__rosidl_typesupport_fastrtps_c.cpython-310-aarch64-linux-gnu.so[0m
[100%] [32m[1mLinking C shared library rosidl_generator_py/faithcar_msgs/faithcar_msgs_s__rosidl_typesupport_c.cpython-310-aarch64-linux-gnu.so[0m
[100%] Built target faithcar_msgs__rosidl_typesupport_c__pyext
[100%] Built target faithcar_msgs__rosidl_typesupport_introspection_c__pyext
[100%] Built target faithcar_msgs__rosidl_typesupport_fastrtps_c__pyext
-- Install configuration: ""
-- Installing: /home/faith/Work/carto_ws/install/faithcar_msgs/share/ament_index/resource_index/rosidl_interfaces/faithcar_msgs
-- Installing: /home/faith/Work/carto_ws/install/faithcar_msgs/include/faithcar_msgs/faithcar_msgs
-- Installing: /home/faith/Work/carto_ws/install/faithcar_msgs/include/faithcar_msgs/faithcar_msgs/srv
-- Installing: /home/faith/Work/carto_ws/install/faithcar_msgs/include/faithcar_msgs/faithcar_msgs/srv/detail
-- Installing: /home/faith/Work/carto_ws/install/faithcar_msgs/include/faithcar_msgs/faithcar_msgs/srv/detail/robot_arm_array__functions.c
-- Installing: /home/faith/Work/carto_ws/install/faithcar_msgs/include/faithcar_msgs/faithcar_msgs/srv/detail/robot_arm_array__type_support.h
-- Installing: /home/faith/Work/carto_ws/install/faithcar_msgs/include/faithcar_msgs/faithcar_msgs/srv/detail/kinemarics__type_support.h
-- Installing: /home/faith/Work/carto_ws/install/faithcar_msgs/include/faithcar_msgs/faithcar_msgs/srv/detail/kinemarics__struct.h
-- Installing: /home/faith/Work/carto_ws/install/faithcar_msgs/include/faithcar_msgs/faithcar_msgs/srv/detail/kinemarics__functions.c
-- Installing: /home/faith/Work/carto_ws/install/faithcar_msgs/include/faithcar_msgs/faithcar_msgs/srv/detail/robot_arm_array__struct.h
-- Installing: /home/faith/Work/carto_ws/install/faithcar_msgs/include/faithcar_msgs/faithcar_msgs/srv/detail/kinemarics__functions.h
-- Installing: /home/faith/Work/carto_ws/install/faithcar_msgs/include/faithcar_msgs/faithcar_msgs/srv/detail/robot_arm_array__functions.h
-- Installing: /home/faith/Work/carto_ws/install/faithcar_msgs/include/faithcar_msgs/faithcar_msgs/srv/robot_arm_array.h
-- Installing: /home/faith/Work/carto_ws/install/faithcar_msgs/include/faithcar_msgs/faithcar_msgs/srv/kinemarics.h
-- Installing: /home/faith/Work/carto_ws/install/faithcar_msgs/include/faithcar_msgs/faithcar_msgs/msg
-- Installing: /home/faith/Work/carto_ws/install/faithcar_msgs/include/faithcar_msgs/faithcar_msgs/msg/arm_joint.h
-- Installing: /home/faith/Work/carto_ws/install/faithcar_msgs/include/faithcar_msgs/faithcar_msgs/msg/image_msg.h
-- Installing: /home/faith/Work/carto_ws/install/faithcar_msgs/include/faithcar_msgs/faithcar_msgs/msg/detail
-- Installing: /home/faith/Work/carto_ws/install/faithcar_msgs/include/faithcar_msgs/faithcar_msgs/msg/detail/arm_joint__functions.c
-- Installing: /home/faith/Work/carto_ws/install/faithcar_msgs/include/faithcar_msgs/faithcar_msgs/msg/detail/position__type_support.h
-- Installing: /home/faith/Work/carto_ws/install/faithcar_msgs/include/faithcar_msgs/faithcar_msgs/msg/detail/target__functions.h
-- Installing: /home/faith/Work/carto_ws/install/faithcar_msgs/include/faithcar_msgs/faithcar_msgs/msg/detail/target_array__functions.c
-- Installing: /home/faith/Work/carto_ws/install/faithcar_msgs/include/faithcar_msgs/faithcar_msgs/msg/detail/image_msg__type_support.h
-- Installing: /home/faith/Work/carto_ws/install/faithcar_msgs/include/faithcar_msgs/faithcar_msgs/msg/detail/target__functions.c
-- Installing: /home/faith/Work/carto_ws/install/faithcar_msgs/include/faithcar_msgs/faithcar_msgs/msg/detail/image_msg__struct.h
-- Installing: /home/faith/Work/carto_ws/install/faithcar_msgs/include/faithcar_msgs/faithcar_msgs/msg/detail/target_array__type_support.h
-- Installing: /home/faith/Work/carto_ws/install/faithcar_msgs/include/faithcar_msgs/faithcar_msgs/msg/detail/target_array__functions.h
-- Installing: /home/faith/Work/carto_ws/install/faithcar_msgs/include/faithcar_msgs/faithcar_msgs/msg/detail/target__type_support.h
-- Installing: /home/faith/Work/carto_ws/install/faithcar_msgs/include/faithcar_msgs/faithcar_msgs/msg/detail/target_array__struct.h
-- Installing: /home/faith/Work/carto_ws/install/faithcar_msgs/include/faithcar_msgs/faithcar_msgs/msg/detail/arm_joint__type_support.h
-- Installing: /home/faith/Work/carto_ws/install/faithcar_msgs/include/faithcar_msgs/faithcar_msgs/msg/detail/target__struct.h
-- Installing: /home/faith/Work/carto_ws/install/faithcar_msgs/include/faithcar_msgs/faithcar_msgs/msg/detail/arm_joint__struct.h
-- Installing: /home/faith/Work/carto_ws/install/faithcar_msgs/include/faithcar_msgs/faithcar_msgs/msg/detail/position__functions.h
-- Installing: /home/faith/Work/carto_ws/install/faithcar_msgs/include/faithcar_msgs/faithcar_msgs/msg/detail/point_array__struct.h
-- Installing: /home/faith/Work/carto_ws/install/faithcar_msgs/include/faithcar_msgs/faithcar_msgs/msg/detail/point_array__functions.c
-- Installing: /home/faith/Work/carto_ws/install/faithcar_msgs/include/faithcar_msgs/faithcar_msgs/msg/detail/point_array__type_support.h
-- Installing: /home/faith/Work/carto_ws/install/faithcar_msgs/include/faithcar_msgs/faithcar_msgs/msg/detail/position__struct.h
-- Installing: /home/faith/Work/carto_ws/install/faithcar_msgs/include/faithcar_msgs/faithcar_msgs/msg/detail/position__functions.c
-- Installing: /home/faith/Work/carto_ws/install/faithcar_msgs/include/faithcar_msgs/faithcar_msgs/msg/detail/image_msg__functions.h
-- Installing: /home/faith/Work/carto_ws/install/faithcar_msgs/include/faithcar_msgs/faithcar_msgs/msg/detail/arm_joint__functions.h
-- Installing: /home/faith/Work/carto_ws/install/faithcar_msgs/include/faithcar_msgs/faithcar_msgs/msg/detail/point_array__functions.h
-- Installing: /home/faith/Work/carto_ws/install/faithcar_msgs/include/faithcar_msgs/faithcar_msgs/msg/detail/image_msg__functions.c
-- Installing: /home/faith/Work/carto_ws/install/faithcar_msgs/include/faithcar_msgs/faithcar_msgs/msg/target_array.h
-- Installing: /home/faith/Work/carto_ws/install/faithcar_msgs/include/faithcar_msgs/faithcar_msgs/msg/position.h
-- Installing: /home/faith/Work/carto_ws/install/faithcar_msgs/include/faithcar_msgs/faithcar_msgs/msg/point_array.h
-- Installing: /home/faith/Work/carto_ws/install/faithcar_msgs/include/faithcar_msgs/faithcar_msgs/msg/rosidl_generator_c__visibility_control.h
-- Installing: /home/faith/Work/carto_ws/install/faithcar_msgs/include/faithcar_msgs/faithcar_msgs/msg/target.h
-- Installing: /home/faith/Work/carto_ws/install/faithcar_msgs/share/faithcar_msgs/environment/library_path.sh
-- Installing: /home/faith/Work/carto_ws/install/faithcar_msgs/share/faithcar_msgs/environment/library_path.dsv
-- Installing: /home/faith/Work/carto_ws/install/faithcar_msgs/lib/libfaithcar_msgs__rosidl_generator_c.so
-- Set runtime path of "/home/faith/Work/carto_ws/install/faithcar_msgs/lib/libfaithcar_msgs__rosidl_generator_c.so" to ""
-- Up-to-date: /home/faith/Work/carto_ws/install/faithcar_msgs/include/faithcar_msgs/faithcar_msgs
-- Up-to-date: /home/faith/Work/carto_ws/install/faithcar_msgs/include/faithcar_msgs/faithcar_msgs/srv
-- Up-to-date: /home/faith/Work/carto_ws/install/faithcar_msgs/include/faithcar_msgs/faithcar_msgs/srv/detail
-- Installing: /home/faith/Work/carto_ws/install/faithcar_msgs/include/faithcar_msgs/faithcar_msgs/srv/detail/robot_arm_array__rosidl_typesupport_fastrtps_c.h
-- Installing: /home/faith/Work/carto_ws/install/faithcar_msgs/include/faithcar_msgs/faithcar_msgs/srv/detail/kinemarics__rosidl_typesupport_fastrtps_c.h
-- Up-to-date: /home/faith/Work/carto_ws/install/faithcar_msgs/include/faithcar_msgs/faithcar_msgs/msg
-- Up-to-date: /home/faith/Work/carto_ws/install/faithcar_msgs/include/faithcar_msgs/faithcar_msgs/msg/detail
-- Installing: /home/faith/Work/carto_ws/install/faithcar_msgs/include/faithcar_msgs/faithcar_msgs/msg/detail/image_msg__rosidl_typesupport_fastrtps_c.h
-- Installing: /home/faith/Work/carto_ws/install/faithcar_msgs/include/faithcar_msgs/faithcar_msgs/msg/detail/point_array__rosidl_typesupport_fastrtps_c.h
-- Installing: /home/faith/Work/carto_ws/install/faithcar_msgs/include/faithcar_msgs/faithcar_msgs/msg/detail/position__rosidl_typesupport_fastrtps_c.h
-- Installing: /home/faith/Work/carto_ws/install/faithcar_msgs/include/faithcar_msgs/faithcar_msgs/msg/detail/target__rosidl_typesupport_fastrtps_c.h
-- Installing: /home/faith/Work/carto_ws/install/faithcar_msgs/include/faithcar_msgs/faithcar_msgs/msg/detail/arm_joint__rosidl_typesupport_fastrtps_c.h
-- Installing: /home/faith/Work/carto_ws/install/faithcar_msgs/include/faithcar_msgs/faithcar_msgs/msg/rosidl_typesupport_fastrtps_c__visibility_control.h
-- Installing: /home/faith/Work/carto_ws/install/faithcar_msgs/lib/libfaithcar_msgs__rosidl_typesupport_fastrtps_c.so
-- Set runtime path of "/home/faith/Work/carto_ws/install/faithcar_msgs/lib/libfaithcar_msgs__rosidl_typesupport_fastrtps_c.so" to ""
-- Up-to-date: /home/faith/Work/carto_ws/install/faithcar_msgs/include/faithcar_msgs/faithcar_msgs
-- Up-to-date: /home/faith/Work/carto_ws/install/faithcar_msgs/include/faithcar_msgs/faithcar_msgs/srv
-- Up-to-date: /home/faith/Work/carto_ws/install/faithcar_msgs/include/faithcar_msgs/faithcar_msgs/srv/detail
-- Installing: /home/faith/Work/carto_ws/install/faithcar_msgs/include/faithcar_msgs/faithcar_msgs/srv/detail/kinemarics__type_support.c
-- Installing: /home/faith/Work/carto_ws/install/faithcar_msgs/include/faithcar_msgs/faithcar_msgs/srv/detail/robot_arm_array__type_support.c
-- Installing: /home/faith/Work/carto_ws/install/faithcar_msgs/include/faithcar_msgs/faithcar_msgs/srv/detail/kinemarics__rosidl_typesupport_introspection_c.h
-- Installing: /home/faith/Work/carto_ws/install/faithcar_msgs/include/faithcar_msgs/faithcar_msgs/srv/detail/robot_arm_array__rosidl_typesupport_introspection_c.h
-- Up-to-date: /home/faith/Work/carto_ws/install/faithcar_msgs/include/faithcar_msgs/faithcar_msgs/msg
-- Up-to-date: /home/faith/Work/carto_ws/install/faithcar_msgs/include/faithcar_msgs/faithcar_msgs/msg/detail
-- Installing: /home/faith/Work/carto_ws/install/faithcar_msgs/include/faithcar_msgs/faithcar_msgs/msg/detail/point_array__rosidl_typesupport_introspection_c.h
-- Installing: /home/faith/Work/carto_ws/install/faithcar_msgs/include/faithcar_msgs/faithcar_msgs/msg/detail/target__type_support.c
-- Installing: /home/faith/Work/carto_ws/install/faithcar_msgs/include/faithcar_msgs/faithcar_msgs/msg/detail/position__rosidl_typesupport_introspection_c.h
-- Installing: /home/faith/Work/carto_ws/install/faithcar_msgs/include/faithcar_msgs/faithcar_msgs/msg/detail/image_msg__type_support.c
-- Installing: /home/faith/Work/carto_ws/install/faithcar_msgs/include/faithcar_msgs/faithcar_msgs/msg/detail/point_array__type_support.c
-- Installing: /home/faith/Work/carto_ws/install/faithcar_msgs/include/faithcar_msgs/faithcar_msgs/msg/detail/target__rosidl_typesupport_introspection_c.h
-- Installing: /home/faith/Work/carto_ws/install/faithcar_msgs/include/faithcar_msgs/faithcar_msgs/msg/detail/image_msg__rosidl_typesupport_introspection_c.h
-- Installing: /home/faith/Work/carto_ws/install/faithcar_msgs/include/faithcar_msgs/faithcar_msgs/msg/detail/position__type_support.c
-- Installing: /home/faith/Work/carto_ws/install/faithcar_msgs/include/faithcar_msgs/faithcar_msgs/msg/detail/arm_joint__type_support.c
-- Installing: /home/faith/Work/carto_ws/install/faithcar_msgs/include/faithcar_msgs/faithcar_msgs/msg/detail/arm_joint__rosidl_typesupport_introspection_c.h
-- Installing: /home/faith/Work/carto_ws/install/faithcar_msgs/include/faithcar_msgs/faithcar_msgs/msg/rosidl_typesupport_introspection_c__visibility_control.h
-- Installing: /home/faith/Work/carto_ws/install/faithcar_msgs/lib/libfaithcar_msgs__rosidl_typesupport_introspection_c.so
-- Set runtime path of "/home/faith/Work/carto_ws/install/faithcar_msgs/lib/libfaithcar_msgs__rosidl_typesupport_introspection_c.so" to ""
-- Installing: /home/faith/Work/carto_ws/install/faithcar_msgs/lib/libfaithcar_msgs__rosidl_typesupport_c.so
-- Set runtime path of "/home/faith/Work/carto_ws/install/faithcar_msgs/lib/libfaithcar_msgs__rosidl_typesupport_c.so" to ""
-- Up-to-date: /home/faith/Work/carto_ws/install/faithcar_msgs/include/faithcar_msgs/faithcar_msgs
-- Up-to-date: /home/faith/Work/carto_ws/install/faithcar_msgs/include/faithcar_msgs/faithcar_msgs/srv
-- Installing: /home/faith/Work/carto_ws/install/faithcar_msgs/include/faithcar_msgs/faithcar_msgs/srv/kinemarics.hpp
-- Up-to-date: /home/faith/Work/carto_ws/install/faithcar_msgs/include/faithcar_msgs/faithcar_msgs/srv/detail
-- Installing: /home/faith/Work/carto_ws/install/faithcar_msgs/include/faithcar_msgs/faithcar_msgs/srv/detail/robot_arm_array__builder.hpp
-- Installing: /home/faith/Work/carto_ws/install/faithcar_msgs/include/faithcar_msgs/faithcar_msgs/srv/detail/robot_arm_array__struct.hpp
-- Installing: /home/faith/Work/carto_ws/install/faithcar_msgs/include/faithcar_msgs/faithcar_msgs/srv/detail/kinemarics__builder.hpp
-- Installing: /home/faith/Work/carto_ws/install/faithcar_msgs/include/faithcar_msgs/faithcar_msgs/srv/detail/kinemarics__struct.hpp
-- Installing: /home/faith/Work/carto_ws/install/faithcar_msgs/include/faithcar_msgs/faithcar_msgs/srv/detail/robot_arm_array__traits.hpp
-- Installing: /home/faith/Work/carto_ws/install/faithcar_msgs/include/faithcar_msgs/faithcar_msgs/srv/detail/kinemarics__traits.hpp
-- Installing: /home/faith/Work/carto_ws/install/faithcar_msgs/include/faithcar_msgs/faithcar_msgs/srv/robot_arm_array.hpp
-- Up-to-date: /home/faith/Work/carto_ws/install/faithcar_msgs/include/faithcar_msgs/faithcar_msgs/msg
-- Installing: /home/faith/Work/carto_ws/install/faithcar_msgs/include/faithcar_msgs/faithcar_msgs/msg/image_msg.hpp
-- Up-to-date: /home/faith/Work/carto_ws/install/faithcar_msgs/include/faithcar_msgs/faithcar_msgs/msg/detail
-- Installing: /home/faith/Work/carto_ws/install/faithcar_msgs/include/faithcar_msgs/faithcar_msgs/msg/detail/point_array__struct.hpp
-- Installing: /home/faith/Work/carto_ws/install/faithcar_msgs/include/faithcar_msgs/faithcar_msgs/msg/detail/position__builder.hpp
-- Installing: /home/faith/Work/carto_ws/install/faithcar_msgs/include/faithcar_msgs/faithcar_msgs/msg/detail/arm_joint__builder.hpp
-- Installing: /home/faith/Work/carto_ws/install/faithcar_msgs/include/faithcar_msgs/faithcar_msgs/msg/detail/arm_joint__traits.hpp
-- Installing: /home/faith/Work/carto_ws/install/faithcar_msgs/include/faithcar_msgs/faithcar_msgs/msg/detail/position__struct.hpp
-- Installing: /home/faith/Work/carto_ws/install/faithcar_msgs/include/faithcar_msgs/faithcar_msgs/msg/detail/image_msg__builder.hpp
-- Installing: /home/faith/Work/carto_ws/install/faithcar_msgs/include/faithcar_msgs/faithcar_msgs/msg/detail/target_array__traits.hpp
-- Installing: /home/faith/Work/carto_ws/install/faithcar_msgs/include/faithcar_msgs/faithcar_msgs/msg/detail/target_array__struct.hpp
-- Installing: /home/faith/Work/carto_ws/install/faithcar_msgs/include/faithcar_msgs/faithcar_msgs/msg/detail/point_array__builder.hpp
-- Installing: /home/faith/Work/carto_ws/install/faithcar_msgs/include/faithcar_msgs/faithcar_msgs/msg/detail/arm_joint__struct.hpp
-- Installing: /home/faith/Work/carto_ws/install/faithcar_msgs/include/faithcar_msgs/faithcar_msgs/msg/detail/image_msg__traits.hpp
-- Installing: /home/faith/Work/carto_ws/install/faithcar_msgs/include/faithcar_msgs/faithcar_msgs/msg/detail/target__builder.hpp
-- Installing: /home/faith/Work/carto_ws/install/faithcar_msgs/include/faithcar_msgs/faithcar_msgs/msg/detail/point_array__traits.hpp
-- Installing: /home/faith/Work/carto_ws/install/faithcar_msgs/include/faithcar_msgs/faithcar_msgs/msg/detail/target__traits.hpp
-- Installing: /home/faith/Work/carto_ws/install/faithcar_msgs/include/faithcar_msgs/faithcar_msgs/msg/detail/target_array__builder.hpp
-- Installing: /home/faith/Work/carto_ws/install/faithcar_msgs/include/faithcar_msgs/faithcar_msgs/msg/detail/target__struct.hpp
-- Installing: /home/faith/Work/carto_ws/install/faithcar_msgs/include/faithcar_msgs/faithcar_msgs/msg/detail/image_msg__struct.hpp
-- Installing: /home/faith/Work/carto_ws/install/faithcar_msgs/include/faithcar_msgs/faithcar_msgs/msg/detail/position__traits.hpp
-- Installing: /home/faith/Work/carto_ws/install/faithcar_msgs/include/faithcar_msgs/faithcar_msgs/msg/point_array.hpp
-- Installing: /home/faith/Work/carto_ws/install/faithcar_msgs/include/faithcar_msgs/faithcar_msgs/msg/position.hpp
-- Installing: /home/faith/Work/carto_ws/install/faithcar_msgs/include/faithcar_msgs/faithcar_msgs/msg/target.hpp
-- Installing: /home/faith/Work/carto_ws/install/faithcar_msgs/include/faithcar_msgs/faithcar_msgs/msg/target_array.hpp
-- Installing: /home/faith/Work/carto_ws/install/faithcar_msgs/include/faithcar_msgs/faithcar_msgs/msg/arm_joint.hpp
-- Up-to-date: /home/faith/Work/carto_ws/install/faithcar_msgs/include/faithcar_msgs/faithcar_msgs
-- Up-to-date: /home/faith/Work/carto_ws/install/faithcar_msgs/include/faithcar_msgs/faithcar_msgs/srv
-- Up-to-date: /home/faith/Work/carto_ws/install/faithcar_msgs/include/faithcar_msgs/faithcar_msgs/srv/detail
-- Installing: /home/faith/Work/carto_ws/install/faithcar_msgs/include/faithcar_msgs/faithcar_msgs/srv/detail/dds_fastrtps
-- Installing: /home/faith/Work/carto_ws/install/faithcar_msgs/include/faithcar_msgs/faithcar_msgs/srv/detail/robot_arm_array__rosidl_typesupport_fastrtps_cpp.hpp
-- Installing: /home/faith/Work/carto_ws/install/faithcar_msgs/include/faithcar_msgs/faithcar_msgs/srv/detail/kinemarics__rosidl_typesupport_fastrtps_cpp.hpp
-- Up-to-date: /home/faith/Work/carto_ws/install/faithcar_msgs/include/faithcar_msgs/faithcar_msgs/msg
-- Up-to-date: /home/faith/Work/carto_ws/install/faithcar_msgs/include/faithcar_msgs/faithcar_msgs/msg/detail
-- Installing: /home/faith/Work/carto_ws/install/faithcar_msgs/include/faithcar_msgs/faithcar_msgs/msg/detail/target__rosidl_typesupport_fastrtps_cpp.hpp
-- Installing: /home/faith/Work/carto_ws/install/faithcar_msgs/include/faithcar_msgs/faithcar_msgs/msg/detail/dds_fastrtps
-- Installing: /home/faith/Work/carto_ws/install/faithcar_msgs/include/faithcar_msgs/faithcar_msgs/msg/detail/point_array__rosidl_typesupport_fastrtps_cpp.hpp
-- Installing: /home/faith/Work/carto_ws/install/faithcar_msgs/include/faithcar_msgs/faithcar_msgs/msg/detail/image_msg__rosidl_typesupport_fastrtps_cpp.hpp
-- Installing: /home/faith/Work/carto_ws/install/faithcar_msgs/include/faithcar_msgs/faithcar_msgs/msg/detail/arm_joint__rosidl_typesupport_fastrtps_cpp.hpp
-- Installing: /home/faith/Work/carto_ws/install/faithcar_msgs/include/faithcar_msgs/faithcar_msgs/msg/detail/target_array__rosidl_typesupport_fastrtps_cpp.hpp
-- Installing: /home/faith/Work/carto_ws/install/faithcar_msgs/include/faithcar_msgs/faithcar_msgs/msg/detail/position__rosidl_typesupport_fastrtps_cpp.hpp
-- Installing: /home/faith/Work/carto_ws/install/faithcar_msgs/include/faithcar_msgs/faithcar_msgs/msg/rosidl_typesupport_fastrtps_cpp__visibility_control.h
-- Installing: /home/faith/Work/carto_ws/install/faithcar_msgs/lib/libfaithcar_msgs__rosidl_typesupport_fastrtps_cpp.so
-- Set runtime path of "/home/faith/Work/carto_ws/install/faithcar_msgs/lib/libfaithcar_msgs__rosidl_typesupport_fastrtps_cpp.so" to ""
-- Up-to-date: /home/faith/Work/carto_ws/install/faithcar_msgs/include/faithcar_msgs/faithcar_msgs
-- Up-to-date: /home/faith/Work/carto_ws/install/faithcar_msgs/include/faithcar_msgs/faithcar_msgs/srv
-- Up-to-date: /home/faith/Work/carto_ws/install/faithcar_msgs/include/faithcar_msgs/faithcar_msgs/srv/detail
-- Installing: /home/faith/Work/carto_ws/install/faithcar_msgs/include/faithcar_msgs/faithcar_msgs/srv/detail/robot_arm_array__rosidl_typesupport_introspection_cpp.hpp
-- Installing: /home/faith/Work/carto_ws/install/faithcar_msgs/include/faithcar_msgs/faithcar_msgs/srv/detail/kinemarics__rosidl_typesupport_introspection_cpp.hpp
-- Installing: /home/faith/Work/carto_ws/install/faithcar_msgs/include/faithcar_msgs/faithcar_msgs/srv/detail/kinemarics__type_support.cpp
-- Installing: /home/faith/Work/carto_ws/install/faithcar_msgs/include/faithcar_msgs/faithcar_msgs/srv/detail/robot_arm_array__type_support.cpp
-- Up-to-date: /home/faith/Work/carto_ws/install/faithcar_msgs/include/faithcar_msgs/faithcar_msgs/msg
-- Up-to-date: /home/faith/Work/carto_ws/install/faithcar_msgs/include/faithcar_msgs/faithcar_msgs/msg/detail
-- Installing: /home/faith/Work/carto_ws/install/faithcar_msgs/include/faithcar_msgs/faithcar_msgs/msg/detail/image_msg__rosidl_typesupport_introspection_cpp.hpp
-- Installing: /home/faith/Work/carto_ws/install/faithcar_msgs/include/faithcar_msgs/faithcar_msgs/msg/detail/target_array__rosidl_typesupport_introspection_cpp.hpp
-- Installing: /home/faith/Work/carto_ws/install/faithcar_msgs/include/faithcar_msgs/faithcar_msgs/msg/detail/arm_joint__rosidl_typesupport_introspection_cpp.hpp
-- Installing: /home/faith/Work/carto_ws/install/faithcar_msgs/include/faithcar_msgs/faithcar_msgs/msg/detail/arm_joint__type_support.cpp
-- Installing: /home/faith/Work/carto_ws/install/faithcar_msgs/include/faithcar_msgs/faithcar_msgs/msg/detail/target_array__type_support.cpp
-- Installing: /home/faith/Work/carto_ws/install/faithcar_msgs/include/faithcar_msgs/faithcar_msgs/msg/detail/position__type_support.cpp
-- Installing: /home/faith/Work/carto_ws/install/faithcar_msgs/include/faithcar_msgs/faithcar_msgs/msg/detail/image_msg__type_support.cpp
-- Installing: /home/faith/Work/carto_ws/install/faithcar_msgs/include/faithcar_msgs/faithcar_msgs/msg/detail/point_array__type_support.cpp
-- Installing: /home/faith/Work/carto_ws/install/faithcar_msgs/include/faithcar_msgs/faithcar_msgs/msg/detail/target__type_support.cpp
-- Installing: /home/faith/Work/carto_ws/install/faithcar_msgs/include/faithcar_msgs/faithcar_msgs/msg/detail/target__rosidl_typesupport_introspection_cpp.hpp
-- Installing: /home/faith/Work/carto_ws/install/faithcar_msgs/include/faithcar_msgs/faithcar_msgs/msg/detail/point_array__rosidl_typesupport_introspection_cpp.hpp
-- Installing: /home/faith/Work/carto_ws/install/faithcar_msgs/include/faithcar_msgs/faithcar_msgs/msg/detail/position__rosidl_typesupport_introspection_cpp.hpp
-- Installing: /home/faith/Work/carto_ws/install/faithcar_msgs/lib/libfaithcar_msgs__rosidl_typesupport_introspection_cpp.so
-- Set runtime path of "/home/faith/Work/carto_ws/install/faithcar_msgs/lib/libfaithcar_msgs__rosidl_typesupport_introspection_cpp.so" to ""
-- Installing: /home/faith/Work/carto_ws/install/faithcar_msgs/lib/libfaithcar_msgs__rosidl_typesupport_cpp.so
-- Set runtime path of "/home/faith/Work/carto_ws/install/faithcar_msgs/lib/libfaithcar_msgs__rosidl_typesupport_cpp.so" to ""
-- Installing: /home/faith/Work/carto_ws/install/faithcar_msgs/share/faithcar_msgs/environment/pythonpath.sh
-- Installing: /home/faith/Work/carto_ws/install/faithcar_msgs/share/faithcar_msgs/environment/pythonpath.dsv
-- Installing: /home/faith/Work/carto_ws/install/faithcar_msgs/local/lib/python3.10/dist-packages/faithcar_msgs-0.0.0-py3.10.egg-info
-- Installing: /home/faith/Work/carto_ws/install/faithcar_msgs/local/lib/python3.10/dist-packages/faithcar_msgs-0.0.0-py3.10.egg-info/SOURCES.txt
-- Installing: /home/faith/Work/carto_ws/install/faithcar_msgs/local/lib/python3.10/dist-packages/faithcar_msgs-0.0.0-py3.10.egg-info/PKG-INFO
-- Installing: /home/faith/Work/carto_ws/install/faithcar_msgs/local/lib/python3.10/dist-packages/faithcar_msgs-0.0.0-py3.10.egg-info/top_level.txt
-- Installing: /home/faith/Work/carto_ws/install/faithcar_msgs/local/lib/python3.10/dist-packages/faithcar_msgs-0.0.0-py3.10.egg-info/dependency_links.txt
-- Installing: /home/faith/Work/carto_ws/install/faithcar_msgs/local/lib/python3.10/dist-packages/faithcar_msgs
-- Installing: /home/faith/Work/carto_ws/install/faithcar_msgs/local/lib/python3.10/dist-packages/faithcar_msgs/_faithcar_msgs_s.ep.rosidl_typesupport_c.c
-- Installing: /home/faith/Work/carto_ws/install/faithcar_msgs/local/lib/python3.10/dist-packages/faithcar_msgs/faithcar_msgs_s__rosidl_typesupport_fastrtps_c.cpython-310-aarch64-linux-gnu.so
-- Installing: /home/faith/Work/carto_ws/install/faithcar_msgs/local/lib/python3.10/dist-packages/faithcar_msgs/faithcar_msgs_s__rosidl_typesupport_introspection_c.cpython-310-aarch64-linux-gnu.so
-- Installing: /home/faith/Work/carto_ws/install/faithcar_msgs/local/lib/python3.10/dist-packages/faithcar_msgs/srv
-- Installing: /home/faith/Work/carto_ws/install/faithcar_msgs/local/lib/python3.10/dist-packages/faithcar_msgs/srv/_kinemarics_s.c
-- Installing: /home/faith/Work/carto_ws/install/faithcar_msgs/local/lib/python3.10/dist-packages/faithcar_msgs/srv/__init__.py
-- Installing: /home/faith/Work/carto_ws/install/faithcar_msgs/local/lib/python3.10/dist-packages/faithcar_msgs/srv/_kinemarics.py
-- Installing: /home/faith/Work/carto_ws/install/faithcar_msgs/local/lib/python3.10/dist-packages/faithcar_msgs/srv/_robot_arm_array_s.c
-- Installing: /home/faith/Work/carto_ws/install/faithcar_msgs/local/lib/python3.10/dist-packages/faithcar_msgs/srv/_robot_arm_array.py
-- Installing: /home/faith/Work/carto_ws/install/faithcar_msgs/local/lib/python3.10/dist-packages/faithcar_msgs/faithcar_msgs_s__rosidl_typesupport_c.cpython-310-aarch64-linux-gnu.so
-- Installing: /home/faith/Work/carto_ws/install/faithcar_msgs/local/lib/python3.10/dist-packages/faithcar_msgs/_faithcar_msgs_s.ep.rosidl_typesupport_introspection_c.c
-- Installing: /home/faith/Work/carto_ws/install/faithcar_msgs/local/lib/python3.10/dist-packages/faithcar_msgs/libfaithcar_msgs__rosidl_generator_py.so
-- Installing: /home/faith/Work/carto_ws/install/faithcar_msgs/local/lib/python3.10/dist-packages/faithcar_msgs/msg
-- Installing: /home/faith/Work/carto_ws/install/faithcar_msgs/local/lib/python3.10/dist-packages/faithcar_msgs/msg/_position.py
-- Installing: /home/faith/Work/carto_ws/install/faithcar_msgs/local/lib/python3.10/dist-packages/faithcar_msgs/msg/_target.py
-- Installing: /home/faith/Work/carto_ws/install/faithcar_msgs/local/lib/python3.10/dist-packages/faithcar_msgs/msg/_image_msg.py
-- Installing: /home/faith/Work/carto_ws/install/faithcar_msgs/local/lib/python3.10/dist-packages/faithcar_msgs/msg/_image_msg_s.c
-- Installing: /home/faith/Work/carto_ws/install/faithcar_msgs/local/lib/python3.10/dist-packages/faithcar_msgs/msg/_target_s.c
-- Installing: /home/faith/Work/carto_ws/install/faithcar_msgs/local/lib/python3.10/dist-packages/faithcar_msgs/msg/__init__.py
-- Installing: /home/faith/Work/carto_ws/install/faithcar_msgs/local/lib/python3.10/dist-packages/faithcar_msgs/msg/_arm_joint.py
-- Installing: /home/faith/Work/carto_ws/install/faithcar_msgs/local/lib/python3.10/dist-packages/faithcar_msgs/msg/_arm_joint_s.c
-- Installing: /home/faith/Work/carto_ws/install/faithcar_msgs/local/lib/python3.10/dist-packages/faithcar_msgs/msg/_point_array_s.c
-- Installing: /home/faith/Work/carto_ws/install/faithcar_msgs/local/lib/python3.10/dist-packages/faithcar_msgs/msg/_point_array.py
-- Installing: /home/faith/Work/carto_ws/install/faithcar_msgs/local/lib/python3.10/dist-packages/faithcar_msgs/msg/_position_s.c
-- Installing: /home/faith/Work/carto_ws/install/faithcar_msgs/local/lib/python3.10/dist-packages/faithcar_msgs/__init__.py
-- Installing: /home/faith/Work/carto_ws/install/faithcar_msgs/local/lib/python3.10/dist-packages/faithcar_msgs/_faithcar_msgs_s.ep.rosidl_typesupport_fastrtps_c.c
Listing '/home/faith/Work/carto_ws/install/faithcar_msgs/local/lib/python3.10/dist-packages/faithcar_msgs'...
Compiling '/home/faith/Work/carto_ws/install/faithcar_msgs/local/lib/python3.10/dist-packages/faithcar_msgs/__init__.py'...
Listing '/home/faith/Work/carto_ws/install/faithcar_msgs/local/lib/python3.10/dist-packages/faithcar_msgs/msg'...
Compiling '/home/faith/Work/carto_ws/install/faithcar_msgs/local/lib/python3.10/dist-packages/faithcar_msgs/msg/__init__.py'...
Compiling '/home/faith/Work/carto_ws/install/faithcar_msgs/local/lib/python3.10/dist-packages/faithcar_msgs/msg/_arm_joint.py'...
Compiling '/home/faith/Work/carto_ws/install/faithcar_msgs/local/lib/python3.10/dist-packages/faithcar_msgs/msg/_image_msg.py'...
Compiling '/home/faith/Work/carto_ws/install/faithcar_msgs/local/lib/python3.10/dist-packages/faithcar_msgs/msg/_point_array.py'...
Compiling '/home/faith/Work/carto_ws/install/faithcar_msgs/local/lib/python3.10/dist-packages/faithcar_msgs/msg/_position.py'...
Compiling '/home/faith/Work/carto_ws/install/faithcar_msgs/local/lib/python3.10/dist-packages/faithcar_msgs/msg/_target.py'...
Listing '/home/faith/Work/carto_ws/install/faithcar_msgs/local/lib/python3.10/dist-packages/faithcar_msgs/srv'...
Compiling '/home/faith/Work/carto_ws/install/faithcar_msgs/local/lib/python3.10/dist-packages/faithcar_msgs/srv/__init__.py'...
Compiling '/home/faith/Work/carto_ws/install/faithcar_msgs/local/lib/python3.10/dist-packages/faithcar_msgs/srv/_kinemarics.py'...
Compiling '/home/faith/Work/carto_ws/install/faithcar_msgs/local/lib/python3.10/dist-packages/faithcar_msgs/srv/_robot_arm_array.py'...
-- Installing: /home/faith/Work/carto_ws/install/faithcar_msgs/local/lib/python3.10/dist-packages/faithcar_msgs/faithcar_msgs_s__rosidl_typesupport_fastrtps_c.cpython-310-aarch64-linux-gnu.so
-- Set runtime path of "/home/faith/Work/carto_ws/install/faithcar_msgs/local/lib/python3.10/dist-packages/faithcar_msgs/faithcar_msgs_s__rosidl_typesupport_fastrtps_c.cpython-310-aarch64-linux-gnu.so" to ""
-- Installing: /home/faith/Work/carto_ws/install/faithcar_msgs/local/lib/python3.10/dist-packages/faithcar_msgs/faithcar_msgs_s__rosidl_typesupport_introspection_c.cpython-310-aarch64-linux-gnu.so
-- Set runtime path of "/home/faith/Work/carto_ws/install/faithcar_msgs/local/lib/python3.10/dist-packages/faithcar_msgs/faithcar_msgs_s__rosidl_typesupport_introspection_c.cpython-310-aarch64-linux-gnu.so" to ""
-- Installing: /home/faith/Work/carto_ws/install/faithcar_msgs/local/lib/python3.10/dist-packages/faithcar_msgs/faithcar_msgs_s__rosidl_typesupport_c.cpython-310-aarch64-linux-gnu.so
-- Set runtime path of "/home/faith/Work/carto_ws/install/faithcar_msgs/local/lib/python3.10/dist-packages/faithcar_msgs/faithcar_msgs_s__rosidl_typesupport_c.cpython-310-aarch64-linux-gnu.so" to ""
-- Installing: /home/faith/Work/carto_ws/install/faithcar_msgs/lib/libfaithcar_msgs__rosidl_generator_py.so
-- Set runtime path of "/home/faith/Work/carto_ws/install/faithcar_msgs/lib/libfaithcar_msgs__rosidl_generator_py.so" to ""
-- Installing: /home/faith/Work/carto_ws/install/faithcar_msgs/share/faithcar_msgs/msg/Position.idl
-- Installing: /home/faith/Work/carto_ws/install/faithcar_msgs/share/faithcar_msgs/msg/PointArray.idl
-- Installing: /home/faith/Work/carto_ws/install/faithcar_msgs/share/faithcar_msgs/msg/ImageMsg.idl
-- Installing: /home/faith/Work/carto_ws/install/faithcar_msgs/share/faithcar_msgs/msg/Target.idl
-- Installing: /home/faith/Work/carto_ws/install/faithcar_msgs/share/faithcar_msgs/msg/ArmJoint.idl
-- Installing: /home/faith/Work/carto_ws/install/faithcar_msgs/share/faithcar_msgs/srv/RobotArmArray.idl
-- Installing: /home/faith/Work/carto_ws/install/faithcar_msgs/share/faithcar_msgs/srv/Kinemarics.idl
-- Installing: /home/faith/Work/carto_ws/install/faithcar_msgs/share/faithcar_msgs/msg/Position.msg
-- Installing: /home/faith/Work/carto_ws/install/faithcar_msgs/share/faithcar_msgs/msg/PointArray.msg
-- Installing: /home/faith/Work/carto_ws/install/faithcar_msgs/share/faithcar_msgs/msg/ImageMsg.msg
-- Installing: /home/faith/Work/carto_ws/install/faithcar_msgs/share/faithcar_msgs/msg/Target.msg
-- Installing: /home/faith/Work/carto_ws/install/faithcar_msgs/share/faithcar_msgs/msg/ArmJoint.msg
-- Installing: /home/faith/Work/carto_ws/install/faithcar_msgs/share/faithcar_msgs/srv/RobotArmArray.srv
-- Installing: /home/faith/Work/carto_ws/install/faithcar_msgs/share/faithcar_msgs/srv/RobotArmArray_Request.msg
-- Installing: /home/faith/Work/carto_ws/install/faithcar_msgs/share/faithcar_msgs/srv/RobotArmArray_Response.msg
-- Installing: /home/faith/Work/carto_ws/install/faithcar_msgs/share/faithcar_msgs/srv/Kinemarics.srv
-- Installing: /home/faith/Work/carto_ws/install/faithcar_msgs/share/faithcar_msgs/srv/Kinemarics_Request.msg
-- Installing: /home/faith/Work/carto_ws/install/faithcar_msgs/share/faithcar_msgs/srv/Kinemarics_Response.msg
-- Installing: /home/faith/Work/carto_ws/install/faithcar_msgs/share/ament_index/resource_index/package_run_dependencies/faithcar_msgs
-- Installing: /home/faith/Work/carto_ws/install/faithcar_msgs/share/ament_index/resource_index/parent_prefix_path/faithcar_msgs
-- Installing: /home/faith/Work/carto_ws/install/faithcar_msgs/share/faithcar_msgs/environment/ament_prefix_path.sh
-- Installing: /home/faith/Work/carto_ws/install/faithcar_msgs/share/faithcar_msgs/environment/ament_prefix_path.dsv
-- Installing: /home/faith/Work/carto_ws/install/faithcar_msgs/share/faithcar_msgs/environment/path.sh
-- Installing: /home/faith/Work/carto_ws/install/faithcar_msgs/share/faithcar_msgs/environment/path.dsv
-- Installing: /home/faith/Work/carto_ws/install/faithcar_msgs/share/faithcar_msgs/local_setup.bash
-- Installing: /home/faith/Work/carto_ws/install/faithcar_msgs/share/faithcar_msgs/local_setup.sh
-- Installing: /home/faith/Work/carto_ws/install/faithcar_msgs/share/faithcar_msgs/local_setup.zsh
-- Installing: /home/faith/Work/carto_ws/install/faithcar_msgs/share/faithcar_msgs/local_setup.dsv
-- Installing: /home/faith/Work/carto_ws/install/faithcar_msgs/share/faithcar_msgs/package.dsv
-- Installing: /home/faith/Work/carto_ws/install/faithcar_msgs/share/ament_index/resource_index/packages/faithcar_msgs
-- Installing: /home/faith/Work/carto_ws/install/faithcar_msgs/share/faithcar_msgs/cmake/export_faithcar_msgs__rosidl_generator_cExport.cmake
-- Installing: /home/faith/Work/carto_ws/install/faithcar_msgs/share/faithcar_msgs/cmake/export_faithcar_msgs__rosidl_generator_cExport-noconfig.cmake
-- Installing: /home/faith/Work/carto_ws/install/faithcar_msgs/share/faithcar_msgs/cmake/export_faithcar_msgs__rosidl_typesupport_fastrtps_cExport.cmake
-- Installing: /home/faith/Work/carto_ws/install/faithcar_msgs/share/faithcar_msgs/cmake/export_faithcar_msgs__rosidl_typesupport_fastrtps_cExport-noconfig.cmake
-- Installing: /home/faith/Work/carto_ws/install/faithcar_msgs/share/faithcar_msgs/cmake/faithcar_msgs__rosidl_typesupport_introspection_cExport.cmake
-- Installing: /home/faith/Work/carto_ws/install/faithcar_msgs/share/faithcar_msgs/cmake/faithcar_msgs__rosidl_typesupport_introspection_cExport-noconfig.cmake
-- Installing: /home/faith/Work/carto_ws/install/faithcar_msgs/share/faithcar_msgs/cmake/faithcar_msgs__rosidl_typesupport_cExport.cmake
-- Installing: /home/faith/Work/carto_ws/install/faithcar_msgs/share/faithcar_msgs/cmake/faithcar_msgs__rosidl_typesupport_cExport-noconfig.cmake
-- Installing: /home/faith/Work/carto_ws/install/faithcar_msgs/share/faithcar_msgs/cmake/export_faithcar_msgs__rosidl_generator_cppExport.cmake
-- Installing: /home/faith/Work/carto_ws/install/faithcar_msgs/share/faithcar_msgs/cmake/export_faithcar_msgs__rosidl_typesupport_fastrtps_cppExport.cmake
-- Installing: /home/faith/Work/carto_ws/install/faithcar_msgs/share/faithcar_msgs/cmake/export_faithcar_msgs__rosidl_typesupport_fastrtps_cppExport-noconfig.cmake
-- Installing: /home/faith/Work/carto_ws/install/faithcar_msgs/share/faithcar_msgs/cmake/faithcar_msgs__rosidl_typesupport_introspection_cppExport.cmake
-- Installing: /home/faith/Work/carto_ws/install/faithcar_msgs/share/faithcar_msgs/cmake/faithcar_msgs__rosidl_typesupport_introspection_cppExport-noconfig.cmake
-- Installing: /home/faith/Work/carto_ws/install/faithcar_msgs/share/faithcar_msgs/cmake/faithcar_msgs__rosidl_typesupport_cppExport.cmake
-- Installing: /home/faith/Work/carto_ws/install/faithcar_msgs/share/faithcar_msgs/cmake/faithcar_msgs__rosidl_typesupport_cppExport-noconfig.cmake
-- Installing: /home/faith/Work/carto_ws/install/faithcar_msgs/share/faithcar_msgs/cmake/export_faithcar_msgs__rosidl_generator_pyExport.cmake
-- Installing: /home/faith/Work/carto_ws/install/faithcar_msgs/share/faithcar_msgs/cmake/export_faithcar_msgs__rosidl_generator_pyExport-noconfig.cmake
-- Installing: /home/faith/Work/carto_ws/install/faithcar_msgs/share/faithcar_msgs/cmake/rosidl_cmake-extras.cmake
-- Installing: /home/faith/Work/carto_ws/install/faithcar_msgs/share/faithcar_msgs/cmake/ament_cmake_export_dependencies-extras.cmake
-- Installing: /home/faith/Work/carto_ws/install/faithcar_msgs/share/faithcar_msgs/cmake/ament_cmake_export_include_directories-extras.cmake
-- Installing: /home/faith/Work/carto_ws/install/faithcar_msgs/share/faithcar_msgs/cmake/ament_cmake_export_libraries-extras.cmake
-- Installing: /home/faith/Work/carto_ws/install/faithcar_msgs/share/faithcar_msgs/cmake/ament_cmake_export_targets-extras.cmake
-- Installing: /home/faith/Work/carto_ws/install/faithcar_msgs/share/faithcar_msgs/cmake/rosidl_cmake_export_typesupport_targets-extras.cmake
-- Installing: /home/faith/Work/carto_ws/install/faithcar_msgs/share/faithcar_msgs/cmake/rosidl_cmake_export_typesupport_libraries-extras.cmake
-- Installing: /home/faith/Work/carto_ws/install/faithcar_msgs/share/faithcar_msgs/cmake/faithcar_msgsConfig.cmake
-- Installing: /home/faith/Work/carto_ws/install/faithcar_msgs/share/faithcar_msgs/cmake/faithcar_msgsConfig-version.cmake
-- Installing: /home/faith/Work/carto_ws/install/faithcar_msgs/share/faithcar_msgs/package.xml
