[0.024s] Invoking command in '/home/faith/Work/carto_ws/build/faithcar_msgs': CMAKE_PREFIX_PATH=${CMAKE_PREFIX_PATH}:/home/faith/Work/carto_ws/install/yahboomcar_description:/home/faith/Work/carto_ws/install/fishbot_description:/home/faith/Work/carto_ws/install/faithcar_ctrl:/home/faith/Work/carto_ws/install/city_li:/opt/ros/humble /usr/bin/cmake /home/faith/Work/carto_ws/src/faithcar_msgs -DCMAKE_INSTALL_PREFIX=/home/faith/Work/carto_ws/install/faithcar_msgs
[0.061s] -- Found ament_cmake: 1.3.5 (/opt/ros/humble/share/ament_cmake/cmake)
[0.371s] -- Found rosidl_default_generators: 1.2.0 (/opt/ros/humble/share/rosidl_default_generators/cmake)
[0.375s] -- Using all available rosidl_typesupport_c: rosidl_typesupport_fastrtps_c;rosidl_typesupport_introspection_c
[0.379s] -- Found rosidl_adapter: 3.1.4 (/opt/ros/humble/share/rosidl_adapter/cmake)
[0.426s] -- Using all available rosidl_typesupport_cpp: rosidl_typesupport_fastrtps_cpp;rosidl_typesupport_introspection_cpp
[0.466s] -- Found geometry_msgs: 4.2.3 (/opt/ros/humble/share/geometry_msgs/cmake)
[0.645s] -- Found actionlib_msgs: 4.2.3 (/opt/ros/humble/share/actionlib_msgs/cmake)
[1.070s] [31mCMake Error at /opt/ros/humble/share/rosidl_adapter/cmake/rosidl_adapt_interfaces.cmake:59 (message):
[1.070s]   execute_process(/usr/bin/python3.10 -m rosidl_adapter --package-name
[1.071s]   faithcar_msgs --arguments-file
[1.071s]   /home/faith/Work/carto_ws/build/faithcar_msgs/rosidl_adapter__arguments__faithcar_msgs.json
[1.071s]   --output-dir
[1.072s]   /home/faith/Work/carto_ws/build/faithcar_msgs/rosidl_adapter/faithcar_msgs
[1.072s]   --output-file
[1.073s]   /home/faith/Work/carto_ws/build/faithcar_msgs/rosidl_adapter/faithcar_msgs.idls)
[1.073s]   returned error code 1:
[1.073s] 
[1.074s]   Traceback (most recent call last):
[1.074s] 
[1.074s]     File "/usr/lib/python3.10/runpy.py", line 196, in _run_module_as_main
[1.075s]       return _run_code(code, main_globals, None,
[1.075s]     File "/usr/lib/python3.10/runpy.py", line 86, in _run_code
[1.075s]       exec(code, run_globals)
[1.076s]     File "/opt/ros/humble/local/lib/python3.10/dist-packages/rosidl_adapter/__main__.py", line 19, in <module>
[1.076s]       sys.exit(main())
[1.076s]     File "/opt/ros/humble/local/lib/python3.10/dist-packages/rosidl_adapter/main.py", line 53, in main
[1.077s]       abs_idl_file = convert_to_idl(
[1.077s]     File "/opt/ros/humble/local/lib/python3.10/dist-packages/rosidl_adapter/__init__.py", line 19, in convert_to_idl
[1.077s]       return convert_msg_to_idl(
[1.078s]     File "/opt/ros/humble/local/lib/python3.10/dist-packages/rosidl_adapter/msg/__init__.py", line 28, in convert_msg_to_idl
[1.078s]       msg = parse_message_string(package_name, input_file.stem, content)
[1.079s]     File "/opt/ros/humble/local/lib/python3.10/dist-packages/rosidl_adapter/parser.py", line 544, in parse_message_string
[1.079s]       msg = MessageSpecification(pkg_name, msg_name, fields, constants)
[1.079s]     File "/opt/ros/humble/local/lib/python3.10/dist-packages/rosidl_adapter/parser.py", line 388, in __init__
[1.080s]       self.base_type = BaseType(
[1.081s]     File "/opt/ros/humble/local/lib/python3.10/dist-packages/rosidl_adapter/parser.py", line 205, in __init__
[1.083s]       raise InvalidResourceName(
[1.083s] 
[1.084s]   rosidl_adapter.parser.InvalidResourceName: 'Image_Msg' is an invalid
[1.084s]   message name.  It should have the pattern '^[A-Z][A-Za-z0-9]*$'
[1.084s] 
[1.085s] Call Stack (most recent call first):
[1.085s]   /opt/ros/humble/share/rosidl_cmake/cmake/rosidl_generate_interfaces.cmake:130 (rosidl_adapt_interfaces)
[1.085s]   CMakeLists.txt:14 (rosidl_generate_interfaces)
[1.086s] 
[1.086s] [0m
[1.086s] -- Configuring incomplete, errors occurred!
[1.087s] See also "/home/faith/Work/carto_ws/build/faithcar_msgs/CMakeFiles/CMakeOutput.log".
[1.088s] Invoked command in '/home/faith/Work/carto_ws/build/faithcar_msgs' returned '1': CMAKE_PREFIX_PATH=${CMAKE_PREFIX_PATH}:/home/faith/Work/carto_ws/install/yahboomcar_description:/home/faith/Work/carto_ws/install/fishbot_description:/home/faith/Work/carto_ws/install/faithcar_ctrl:/home/faith/Work/carto_ws/install/city_li:/opt/ros/humble /usr/bin/cmake /home/faith/Work/carto_ws/src/faithcar_msgs -DCMAKE_INSTALL_PREFIX=/home/faith/Work/carto_ws/install/faithcar_msgs
