[0.097s] Invoking command in '/home/faith/Work/carto_ws/build/astra_camera_msgs': CMAKE_PREFIX_PATH=${CMAKE_PREFIX_PATH}:/home/faith/Work/carto_ws/install/fishbot_description:/opt/ros/humble /usr/bin/cmake /home/faith/Work/carto_ws/src/ros2_astra_camera/astra_camera_msgs -DCMAKE_BUILD_TYPE=Release -DCMAKE_INSTALL_PREFIX=/home/faith/Work/carto_ws/install/astra_camera_msgs
[0.596s] -- Found ament_cmake: 1.3.5 (/opt/ros/humble/share/ament_cmake/cmake)
[0.596s] -- Found rosidl_default_generators: 1.2.0 (/opt/ros/humble/share/rosidl_default_generators/cmake)
[0.596s] -- Using all available rosidl_typesupport_c: rosidl_typesupport_fastrtps_c;rosidl_typesupport_introspection_c
[0.597s] -- Found rosidl_adapter: 3.1.4 (/opt/ros/humble/share/rosidl_adapter/cmake)
[0.597s] -- Using all available rosidl_typesupport_cpp: rosidl_typesupport_fastrtps_cpp;rosidl_typesupport_introspection_cpp
[0.597s] -- Found sensor_msgs: 4.2.3 (/opt/ros/humble/share/sensor_msgs/cmake)
[1.836s] -- Found ament_cmake_ros: 0.10.0 (/opt/ros/humble/share/ament_cmake_ros/cmake)
[2.566s] -- Using all available rosidl_typesupport_c: rosidl_typesupport_fastrtps_c;rosidl_typesupport_introspection_c
[3.461s] -- Using all available rosidl_typesupport_cpp: rosidl_typesupport_fastrtps_cpp;rosidl_typesupport_introspection_cpp
[3.519s] -- Found python_cmake_module: 0.10.0 (/opt/ros/humble/share/python_cmake_module/cmake)
[3.586s] -- Using PYTHON_EXECUTABLE: /usr/bin/python3
[3.587s] -- Using PYTHON_INCLUDE_DIRS: /usr/include/python3.10
[3.588s] -- Using PYTHON_LIBRARIES: /usr/lib/aarch64-linux-gnu/libpython3.10.so
[3.671s] -- Found ament_lint_auto: 0.12.6 (/opt/ros/humble/share/ament_lint_auto/cmake)
[3.683s] -- Added test 'copyright' to check source files copyright and LICENSE
[3.686s] -- Added test 'lint_cmake' to check CMake code style
[3.687s] -- Added test 'xmllint' to check XML markup files
[3.689s] -- Configuring done
[3.776s] -- Generating done
[3.784s] -- Build files have been written to: /home/faith/Work/carto_ws/build/astra_camera_msgs
[3.816s] Invoked command in '/home/faith/Work/carto_ws/build/astra_camera_msgs' returned '0': CMAKE_PREFIX_PATH=${CMAKE_PREFIX_PATH}:/home/faith/Work/carto_ws/install/fishbot_description:/opt/ros/humble /usr/bin/cmake /home/faith/Work/carto_ws/src/ros2_astra_camera/astra_camera_msgs -DCMAKE_BUILD_TYPE=Release -DCMAKE_INSTALL_PREFIX=/home/faith/Work/carto_ws/install/astra_camera_msgs
[3.817s] Invoking command in '/home/faith/Work/carto_ws/build/astra_camera_msgs': CMAKE_PREFIX_PATH=${CMAKE_PREFIX_PATH}:/home/faith/Work/carto_ws/install/fishbot_description:/opt/ros/humble /usr/bin/cmake --build /home/faith/Work/carto_ws/build/astra_camera_msgs -- -j8 -l8
[3.940s] [35m[1mConsolidate compiler generated dependencies of target astra_camera_msgs__rosidl_generator_c[0m
[3.998s] [  1%] Built target astra_camera_msgs__cpp
[4.002s] [ 12%] Built target astra_camera_msgs__rosidl_generator_c
[4.027s] [ 12%] Built target ament_cmake_python_copy_astra_camera_msgs
[4.029s] [35m[1mConsolidate compiler generated dependencies of target astra_camera_msgs__rosidl_typesupport_introspection_cpp[0m
[4.046s] [35m[1mConsolidate compiler generated dependencies of target astra_camera_msgs__rosidl_typesupport_cpp[0m
[4.064s] [35m[1mConsolidate compiler generated dependencies of target astra_camera_msgs__rosidl_typesupport_introspection_c[0m
[4.067s] [ 24%] Built target astra_camera_msgs__rosidl_typesupport_introspection_cpp
[4.070s] [35m[1mConsolidate compiler generated dependencies of target astra_camera_msgs__rosidl_typesupport_fastrtps_cpp[0m
[4.084s] [35m[1mConsolidate compiler generated dependencies of target astra_camera_msgs__rosidl_typesupport_fastrtps_c[0m
[4.089s] [35m[1mConsolidate compiler generated dependencies of target astra_camera_msgs__rosidl_typesupport_c[0m
[4.114s] [ 35%] Built target astra_camera_msgs__rosidl_typesupport_introspection_c
[4.125s] [ 47%] Built target astra_camera_msgs__rosidl_typesupport_cpp
[4.173s] [ 58%] Built target astra_camera_msgs__rosidl_typesupport_fastrtps_cpp
[4.180s] [ 70%] Built target astra_camera_msgs__rosidl_typesupport_fastrtps_c
[4.188s] [ 82%] Built target astra_camera_msgs__rosidl_typesupport_c
[4.249s] [ 82%] Built target astra_camera_msgs
[4.312s] [ 83%] Built target astra_camera_msgs__py
[4.355s] [35m[1mConsolidate compiler generated dependencies of target astra_camera_msgs__rosidl_generator_py[0m
[4.438s] [ 93%] Built target astra_camera_msgs__rosidl_generator_py
[4.465s] [35m[1mConsolidate compiler generated dependencies of target astra_camera_msgs__rosidl_typesupport_introspection_c__pyext[0m
[4.481s] [35m[1mConsolidate compiler generated dependencies of target astra_camera_msgs__rosidl_typesupport_fastrtps_c__pyext[0m
[4.492s] [35m[1mConsolidate compiler generated dependencies of target astra_camera_msgs__rosidl_typesupport_c__pyext[0m
[4.495s] running egg_info
[4.497s] writing astra_camera_msgs.egg-info/PKG-INFO
[4.499s] writing dependency_links to astra_camera_msgs.egg-info/dependency_links.txt
[4.500s] writing top-level names to astra_camera_msgs.egg-info/top_level.txt
[4.503s] reading manifest file 'astra_camera_msgs.egg-info/SOURCES.txt'
[4.504s] writing manifest file 'astra_camera_msgs.egg-info/SOURCES.txt'
[4.535s] [ 95%] Built target astra_camera_msgs__rosidl_typesupport_introspection_c__pyext
[4.566s] [100%] Built target astra_camera_msgs__rosidl_typesupport_c__pyext
[4.568s] [100%] Built target astra_camera_msgs__rosidl_typesupport_fastrtps_c__pyext
[4.571s] [100%] Built target ament_cmake_python_build_astra_camera_msgs_egg
[4.589s] Invoked command in '/home/faith/Work/carto_ws/build/astra_camera_msgs' returned '0': CMAKE_PREFIX_PATH=${CMAKE_PREFIX_PATH}:/home/faith/Work/carto_ws/install/fishbot_description:/opt/ros/humble /usr/bin/cmake --build /home/faith/Work/carto_ws/build/astra_camera_msgs -- -j8 -l8
[4.923s] Invoking command in '/home/faith/Work/carto_ws/build/astra_camera_msgs': CMAKE_PREFIX_PATH=${CMAKE_PREFIX_PATH}:/home/faith/Work/carto_ws/install/fishbot_description:/opt/ros/humble /usr/bin/cmake --install /home/faith/Work/carto_ws/build/astra_camera_msgs
[4.935s] -- Install configuration: "Release"
[4.936s] -- Up-to-date: /home/faith/Work/carto_ws/install/astra_camera_msgs/share/ament_index/resource_index/rosidl_interfaces/astra_camera_msgs
[4.937s] -- Up-to-date: /home/faith/Work/carto_ws/install/astra_camera_msgs/include/astra_camera_msgs/astra_camera_msgs
[4.937s] -- Up-to-date: /home/faith/Work/carto_ws/install/astra_camera_msgs/include/astra_camera_msgs/astra_camera_msgs/srv
[4.937s] -- Up-to-date: /home/faith/Work/carto_ws/install/astra_camera_msgs/include/astra_camera_msgs/astra_camera_msgs/srv/get_device_info.h
[4.937s] -- Up-to-date: /home/faith/Work/carto_ws/install/astra_camera_msgs/include/astra_camera_msgs/astra_camera_msgs/srv/set_int32.h
[4.938s] -- Up-to-date: /home/faith/Work/carto_ws/install/astra_camera_msgs/include/astra_camera_msgs/astra_camera_msgs/srv/get_camera_info.h
[4.938s] -- Up-to-date: /home/faith/Work/carto_ws/install/astra_camera_msgs/include/astra_camera_msgs/astra_camera_msgs/srv/detail
[4.938s] -- Up-to-date: /home/faith/Work/carto_ws/install/astra_camera_msgs/include/astra_camera_msgs/astra_camera_msgs/srv/detail/get_string__functions.c
[4.939s] -- Up-to-date: /home/faith/Work/carto_ws/install/astra_camera_msgs/include/astra_camera_msgs/astra_camera_msgs/srv/detail/get_device_info__type_support.h
[4.939s] -- Up-to-date: /home/faith/Work/carto_ws/install/astra_camera_msgs/include/astra_camera_msgs/astra_camera_msgs/srv/detail/set_int32__functions.h
[4.940s] -- Up-to-date: /home/faith/Work/carto_ws/install/astra_camera_msgs/include/astra_camera_msgs/astra_camera_msgs/srv/detail/get_camera_info__functions.c
[4.942s] -- Up-to-date: /home/faith/Work/carto_ws/install/astra_camera_msgs/include/astra_camera_msgs/astra_camera_msgs/srv/detail/get_camera_params__functions.c
[4.944s] -- Up-to-date: /home/faith/Work/carto_ws/install/astra_camera_msgs/include/astra_camera_msgs/astra_camera_msgs/srv/detail/get_camera_info__type_support.h
[4.947s] -- Up-to-date: /home/faith/Work/carto_ws/install/astra_camera_msgs/include/astra_camera_msgs/astra_camera_msgs/srv/detail/get_camera_params__functions.h
[4.949s] -- Up-to-date: /home/faith/Work/carto_ws/install/astra_camera_msgs/include/astra_camera_msgs/astra_camera_msgs/srv/detail/get_camera_info__struct.h
[4.951s] -- Up-to-date: /home/faith/Work/carto_ws/install/astra_camera_msgs/include/astra_camera_msgs/astra_camera_msgs/srv/detail/get_camera_params__type_support.h
[4.951s] -- Up-to-date: /home/faith/Work/carto_ws/install/astra_camera_msgs/include/astra_camera_msgs/astra_camera_msgs/srv/detail/set_int32__type_support.h
[4.952s] -- Up-to-date: /home/faith/Work/carto_ws/install/astra_camera_msgs/include/astra_camera_msgs/astra_camera_msgs/srv/detail/get_int32__functions.c
[4.953s] -- Up-to-date: /home/faith/Work/carto_ws/install/astra_camera_msgs/include/astra_camera_msgs/astra_camera_msgs/srv/detail/get_string__functions.h
[4.953s] -- Up-to-date: /home/faith/Work/carto_ws/install/astra_camera_msgs/include/astra_camera_msgs/astra_camera_msgs/srv/detail/get_string__struct.h
[4.954s] -- Up-to-date: /home/faith/Work/carto_ws/install/astra_camera_msgs/include/astra_camera_msgs/astra_camera_msgs/srv/detail/get_int32__functions.h
[4.954s] -- Up-to-date: /home/faith/Work/carto_ws/install/astra_camera_msgs/include/astra_camera_msgs/astra_camera_msgs/srv/detail/get_camera_params__struct.h
[4.955s] -- Up-to-date: /home/faith/Work/carto_ws/install/astra_camera_msgs/include/astra_camera_msgs/astra_camera_msgs/srv/detail/get_int32__type_support.h
[4.955s] -- Up-to-date: /home/faith/Work/carto_ws/install/astra_camera_msgs/include/astra_camera_msgs/astra_camera_msgs/srv/detail/get_string__type_support.h
[4.956s] -- Up-to-date: /home/faith/Work/carto_ws/install/astra_camera_msgs/include/astra_camera_msgs/astra_camera_msgs/srv/detail/get_device_info__functions.h
[4.956s] -- Up-to-date: /home/faith/Work/carto_ws/install/astra_camera_msgs/include/astra_camera_msgs/astra_camera_msgs/srv/detail/set_int32__functions.c
[4.957s] -- Up-to-date: /home/faith/Work/carto_ws/install/astra_camera_msgs/include/astra_camera_msgs/astra_camera_msgs/srv/detail/get_int32__struct.h
[4.959s] -- Up-to-date: /home/faith/Work/carto_ws/install/astra_camera_msgs/include/astra_camera_msgs/astra_camera_msgs/srv/detail/get_device_info__struct.h
[4.960s] -- Up-to-date: /home/faith/Work/carto_ws/install/astra_camera_msgs/include/astra_camera_msgs/astra_camera_msgs/srv/detail/get_device_info__functions.c
[4.962s] -- Up-to-date: /home/faith/Work/carto_ws/install/astra_camera_msgs/include/astra_camera_msgs/astra_camera_msgs/srv/detail/get_camera_info__functions.h
[4.963s] -- Up-to-date: /home/faith/Work/carto_ws/install/astra_camera_msgs/include/astra_camera_msgs/astra_camera_msgs/srv/detail/set_int32__struct.h
[4.965s] -- Up-to-date: /home/faith/Work/carto_ws/install/astra_camera_msgs/include/astra_camera_msgs/astra_camera_msgs/srv/get_string.h
[4.965s] -- Up-to-date: /home/faith/Work/carto_ws/install/astra_camera_msgs/include/astra_camera_msgs/astra_camera_msgs/srv/get_camera_params.h
[4.967s] -- Up-to-date: /home/faith/Work/carto_ws/install/astra_camera_msgs/include/astra_camera_msgs/astra_camera_msgs/srv/get_int32.h
[4.967s] -- Up-to-date: /home/faith/Work/carto_ws/install/astra_camera_msgs/include/astra_camera_msgs/astra_camera_msgs/msg
[4.968s] -- Up-to-date: /home/faith/Work/carto_ws/install/astra_camera_msgs/include/astra_camera_msgs/astra_camera_msgs/msg/detail
[4.968s] -- Up-to-date: /home/faith/Work/carto_ws/install/astra_camera_msgs/include/astra_camera_msgs/astra_camera_msgs/msg/detail/extrinsics__functions.c
[4.969s] -- Up-to-date: /home/faith/Work/carto_ws/install/astra_camera_msgs/include/astra_camera_msgs/astra_camera_msgs/msg/detail/metadata__functions.c
[4.969s] -- Up-to-date: /home/faith/Work/carto_ws/install/astra_camera_msgs/include/astra_camera_msgs/astra_camera_msgs/msg/detail/extrinsics__functions.h
[4.971s] -- Up-to-date: /home/faith/Work/carto_ws/install/astra_camera_msgs/include/astra_camera_msgs/astra_camera_msgs/msg/detail/device_info__functions.c
[4.972s] -- Up-to-date: /home/faith/Work/carto_ws/install/astra_camera_msgs/include/astra_camera_msgs/astra_camera_msgs/msg/detail/metadata__type_support.h
[4.973s] -- Up-to-date: /home/faith/Work/carto_ws/install/astra_camera_msgs/include/astra_camera_msgs/astra_camera_msgs/msg/detail/metadata__struct.h
[4.973s] -- Up-to-date: /home/faith/Work/carto_ws/install/astra_camera_msgs/include/astra_camera_msgs/astra_camera_msgs/msg/detail/extrinsics__type_support.h
[4.974s] -- Up-to-date: /home/faith/Work/carto_ws/install/astra_camera_msgs/include/astra_camera_msgs/astra_camera_msgs/msg/detail/metadata__functions.h
[4.975s] -- Up-to-date: /home/faith/Work/carto_ws/install/astra_camera_msgs/include/astra_camera_msgs/astra_camera_msgs/msg/detail/device_info__functions.h
[4.976s] -- Up-to-date: /home/faith/Work/carto_ws/install/astra_camera_msgs/include/astra_camera_msgs/astra_camera_msgs/msg/detail/device_info__type_support.h
[4.977s] -- Up-to-date: /home/faith/Work/carto_ws/install/astra_camera_msgs/include/astra_camera_msgs/astra_camera_msgs/msg/detail/extrinsics__struct.h
[4.979s] -- Up-to-date: /home/faith/Work/carto_ws/install/astra_camera_msgs/include/astra_camera_msgs/astra_camera_msgs/msg/detail/device_info__struct.h
[4.980s] -- Up-to-date: /home/faith/Work/carto_ws/install/astra_camera_msgs/include/astra_camera_msgs/astra_camera_msgs/msg/device_info.h
[4.981s] -- Up-to-date: /home/faith/Work/carto_ws/install/astra_camera_msgs/include/astra_camera_msgs/astra_camera_msgs/msg/rosidl_generator_c__visibility_control.h
[4.982s] -- Up-to-date: /home/faith/Work/carto_ws/install/astra_camera_msgs/include/astra_camera_msgs/astra_camera_msgs/msg/metadata.h
[4.983s] -- Up-to-date: /home/faith/Work/carto_ws/install/astra_camera_msgs/include/astra_camera_msgs/astra_camera_msgs/msg/extrinsics.h
[4.984s] -- Up-to-date: /home/faith/Work/carto_ws/install/astra_camera_msgs/share/astra_camera_msgs/environment/library_path.sh
[4.985s] -- Installing: /home/faith/Work/carto_ws/install/astra_camera_msgs/share/astra_camera_msgs/environment/library_path.dsv
[4.986s] -- Up-to-date: /home/faith/Work/carto_ws/install/astra_camera_msgs/lib/libastra_camera_msgs__rosidl_generator_c.so
[4.987s] -- Up-to-date: /home/faith/Work/carto_ws/install/astra_camera_msgs/include/astra_camera_msgs/astra_camera_msgs
[4.988s] -- Up-to-date: /home/faith/Work/carto_ws/install/astra_camera_msgs/include/astra_camera_msgs/astra_camera_msgs/srv
[4.989s] -- Up-to-date: /home/faith/Work/carto_ws/install/astra_camera_msgs/include/astra_camera_msgs/astra_camera_msgs/srv/detail
[4.989s] -- Up-to-date: /home/faith/Work/carto_ws/install/astra_camera_msgs/include/astra_camera_msgs/astra_camera_msgs/srv/detail/get_device_info__rosidl_typesupport_fastrtps_c.h
[4.990s] -- Up-to-date: /home/faith/Work/carto_ws/install/astra_camera_msgs/include/astra_camera_msgs/astra_camera_msgs/srv/detail/set_int32__rosidl_typesupport_fastrtps_c.h
[4.990s] -- Up-to-date: /home/faith/Work/carto_ws/install/astra_camera_msgs/include/astra_camera_msgs/astra_camera_msgs/srv/detail/get_string__rosidl_typesupport_fastrtps_c.h
[4.990s] -- Up-to-date: /home/faith/Work/carto_ws/install/astra_camera_msgs/include/astra_camera_msgs/astra_camera_msgs/srv/detail/get_int32__rosidl_typesupport_fastrtps_c.h
[4.990s] -- Up-to-date: /home/faith/Work/carto_ws/install/astra_camera_msgs/include/astra_camera_msgs/astra_camera_msgs/srv/detail/get_camera_info__rosidl_typesupport_fastrtps_c.h
[4.991s] -- Up-to-date: /home/faith/Work/carto_ws/install/astra_camera_msgs/include/astra_camera_msgs/astra_camera_msgs/srv/detail/get_camera_params__rosidl_typesupport_fastrtps_c.h
[4.991s] -- Up-to-date: /home/faith/Work/carto_ws/install/astra_camera_msgs/include/astra_camera_msgs/astra_camera_msgs/msg
[4.992s] -- Up-to-date: /home/faith/Work/carto_ws/install/astra_camera_msgs/include/astra_camera_msgs/astra_camera_msgs/msg/detail
[4.992s] -- Up-to-date: /home/faith/Work/carto_ws/install/astra_camera_msgs/include/astra_camera_msgs/astra_camera_msgs/msg/detail/metadata__rosidl_typesupport_fastrtps_c.h
[4.992s] -- Up-to-date: /home/faith/Work/carto_ws/install/astra_camera_msgs/include/astra_camera_msgs/astra_camera_msgs/msg/detail/extrinsics__rosidl_typesupport_fastrtps_c.h
[4.992s] -- Up-to-date: /home/faith/Work/carto_ws/install/astra_camera_msgs/include/astra_camera_msgs/astra_camera_msgs/msg/detail/device_info__rosidl_typesupport_fastrtps_c.h
[4.992s] -- Up-to-date: /home/faith/Work/carto_ws/install/astra_camera_msgs/include/astra_camera_msgs/astra_camera_msgs/msg/rosidl_typesupport_fastrtps_c__visibility_control.h
[4.992s] -- Up-to-date: /home/faith/Work/carto_ws/install/astra_camera_msgs/lib/libastra_camera_msgs__rosidl_typesupport_fastrtps_c.so
[4.993s] -- Up-to-date: /home/faith/Work/carto_ws/install/astra_camera_msgs/include/astra_camera_msgs/astra_camera_msgs
[4.993s] -- Up-to-date: /home/faith/Work/carto_ws/install/astra_camera_msgs/include/astra_camera_msgs/astra_camera_msgs/srv
[4.993s] -- Up-to-date: /home/faith/Work/carto_ws/install/astra_camera_msgs/include/astra_camera_msgs/astra_camera_msgs/srv/detail
[4.993s] -- Up-to-date: /home/faith/Work/carto_ws/install/astra_camera_msgs/include/astra_camera_msgs/astra_camera_msgs/srv/detail/get_camera_info__type_support.c
[4.993s] -- Up-to-date: /home/faith/Work/carto_ws/install/astra_camera_msgs/include/astra_camera_msgs/astra_camera_msgs/srv/detail/get_int32__type_support.c
[4.993s] -- Up-to-date: /home/faith/Work/carto_ws/install/astra_camera_msgs/include/astra_camera_msgs/astra_camera_msgs/srv/detail/get_camera_params__type_support.c
[4.993s] -- Up-to-date: /home/faith/Work/carto_ws/install/astra_camera_msgs/include/astra_camera_msgs/astra_camera_msgs/srv/detail/get_device_info__rosidl_typesupport_introspection_c.h
[4.994s] -- Up-to-date: /home/faith/Work/carto_ws/install/astra_camera_msgs/include/astra_camera_msgs/astra_camera_msgs/srv/detail/get_camera_info__rosidl_typesupport_introspection_c.h
[4.994s] -- Up-to-date: /home/faith/Work/carto_ws/install/astra_camera_msgs/include/astra_camera_msgs/astra_camera_msgs/srv/detail/get_string__type_support.c
[4.994s] -- Up-to-date: /home/faith/Work/carto_ws/install/astra_camera_msgs/include/astra_camera_msgs/astra_camera_msgs/srv/detail/get_string__rosidl_typesupport_introspection_c.h
[4.994s] -- Up-to-date: /home/faith/Work/carto_ws/install/astra_camera_msgs/include/astra_camera_msgs/astra_camera_msgs/srv/detail/get_camera_params__rosidl_typesupport_introspection_c.h
[4.994s] -- Up-to-date: /home/faith/Work/carto_ws/install/astra_camera_msgs/include/astra_camera_msgs/astra_camera_msgs/srv/detail/get_int32__rosidl_typesupport_introspection_c.h
[4.994s] -- Up-to-date: /home/faith/Work/carto_ws/install/astra_camera_msgs/include/astra_camera_msgs/astra_camera_msgs/srv/detail/set_int32__type_support.c
[4.994s] -- Up-to-date: /home/faith/Work/carto_ws/install/astra_camera_msgs/include/astra_camera_msgs/astra_camera_msgs/srv/detail/set_int32__rosidl_typesupport_introspection_c.h
[4.994s] -- Up-to-date: /home/faith/Work/carto_ws/install/astra_camera_msgs/include/astra_camera_msgs/astra_camera_msgs/srv/detail/get_device_info__type_support.c
[4.994s] -- Up-to-date: /home/faith/Work/carto_ws/install/astra_camera_msgs/include/astra_camera_msgs/astra_camera_msgs/msg
[4.994s] -- Up-to-date: /home/faith/Work/carto_ws/install/astra_camera_msgs/include/astra_camera_msgs/astra_camera_msgs/msg/detail
[4.995s] -- Up-to-date: /home/faith/Work/carto_ws/install/astra_camera_msgs/include/astra_camera_msgs/astra_camera_msgs/msg/detail/device_info__rosidl_typesupport_introspection_c.h
[4.995s] -- Up-to-date: /home/faith/Work/carto_ws/install/astra_camera_msgs/include/astra_camera_msgs/astra_camera_msgs/msg/detail/extrinsics__rosidl_typesupport_introspection_c.h
[4.995s] -- Up-to-date: /home/faith/Work/carto_ws/install/astra_camera_msgs/include/astra_camera_msgs/astra_camera_msgs/msg/detail/metadata__rosidl_typesupport_introspection_c.h
[4.995s] -- Up-to-date: /home/faith/Work/carto_ws/install/astra_camera_msgs/include/astra_camera_msgs/astra_camera_msgs/msg/detail/device_info__type_support.c
[4.995s] -- Up-to-date: /home/faith/Work/carto_ws/install/astra_camera_msgs/include/astra_camera_msgs/astra_camera_msgs/msg/detail/metadata__type_support.c
[4.995s] -- Up-to-date: /home/faith/Work/carto_ws/install/astra_camera_msgs/include/astra_camera_msgs/astra_camera_msgs/msg/detail/extrinsics__type_support.c
[4.995s] -- Up-to-date: /home/faith/Work/carto_ws/install/astra_camera_msgs/include/astra_camera_msgs/astra_camera_msgs/msg/rosidl_typesupport_introspection_c__visibility_control.h
[4.995s] -- Up-to-date: /home/faith/Work/carto_ws/install/astra_camera_msgs/lib/libastra_camera_msgs__rosidl_typesupport_introspection_c.so
[4.995s] -- Up-to-date: /home/faith/Work/carto_ws/install/astra_camera_msgs/lib/libastra_camera_msgs__rosidl_typesupport_c.so
[4.995s] -- Up-to-date: /home/faith/Work/carto_ws/install/astra_camera_msgs/include/astra_camera_msgs/astra_camera_msgs
[4.995s] -- Up-to-date: /home/faith/Work/carto_ws/install/astra_camera_msgs/include/astra_camera_msgs/astra_camera_msgs/srv
[4.996s] -- Up-to-date: /home/faith/Work/carto_ws/install/astra_camera_msgs/include/astra_camera_msgs/astra_camera_msgs/srv/detail
[4.996s] -- Up-to-date: /home/faith/Work/carto_ws/install/astra_camera_msgs/include/astra_camera_msgs/astra_camera_msgs/srv/detail/get_string__traits.hpp
[4.996s] -- Up-to-date: /home/faith/Work/carto_ws/install/astra_camera_msgs/include/astra_camera_msgs/astra_camera_msgs/srv/detail/get_int32__traits.hpp
[4.996s] -- Up-to-date: /home/faith/Work/carto_ws/install/astra_camera_msgs/include/astra_camera_msgs/astra_camera_msgs/srv/detail/get_string__builder.hpp
[4.996s] -- Up-to-date: /home/faith/Work/carto_ws/install/astra_camera_msgs/include/astra_camera_msgs/astra_camera_msgs/srv/detail/get_camera_params__builder.hpp
[4.996s] -- Up-to-date: /home/faith/Work/carto_ws/install/astra_camera_msgs/include/astra_camera_msgs/astra_camera_msgs/srv/detail/get_camera_info__traits.hpp
[4.996s] -- Up-to-date: /home/faith/Work/carto_ws/install/astra_camera_msgs/include/astra_camera_msgs/astra_camera_msgs/srv/detail/get_int32__builder.hpp
[4.996s] -- Up-to-date: /home/faith/Work/carto_ws/install/astra_camera_msgs/include/astra_camera_msgs/astra_camera_msgs/srv/detail/get_camera_params__traits.hpp
[4.996s] -- Up-to-date: /home/faith/Work/carto_ws/install/astra_camera_msgs/include/astra_camera_msgs/astra_camera_msgs/srv/detail/set_int32__builder.hpp
[4.996s] -- Up-to-date: /home/faith/Work/carto_ws/install/astra_camera_msgs/include/astra_camera_msgs/astra_camera_msgs/srv/detail/get_camera_info__struct.hpp
[4.997s] -- Up-to-date: /home/faith/Work/carto_ws/install/astra_camera_msgs/include/astra_camera_msgs/astra_camera_msgs/srv/detail/get_camera_params__struct.hpp
[4.997s] -- Up-to-date: /home/faith/Work/carto_ws/install/astra_camera_msgs/include/astra_camera_msgs/astra_camera_msgs/srv/detail/get_camera_info__builder.hpp
[4.997s] -- Up-to-date: /home/faith/Work/carto_ws/install/astra_camera_msgs/include/astra_camera_msgs/astra_camera_msgs/srv/detail/set_int32__traits.hpp
[4.997s] -- Up-to-date: /home/faith/Work/carto_ws/install/astra_camera_msgs/include/astra_camera_msgs/astra_camera_msgs/srv/detail/get_device_info__traits.hpp
[4.997s] -- Up-to-date: /home/faith/Work/carto_ws/install/astra_camera_msgs/include/astra_camera_msgs/astra_camera_msgs/srv/detail/set_int32__struct.hpp
[4.997s] -- Up-to-date: /home/faith/Work/carto_ws/install/astra_camera_msgs/include/astra_camera_msgs/astra_camera_msgs/srv/detail/get_int32__struct.hpp
[4.997s] -- Up-to-date: /home/faith/Work/carto_ws/install/astra_camera_msgs/include/astra_camera_msgs/astra_camera_msgs/srv/detail/get_string__struct.hpp
[4.997s] -- Up-to-date: /home/faith/Work/carto_ws/install/astra_camera_msgs/include/astra_camera_msgs/astra_camera_msgs/srv/detail/get_device_info__struct.hpp
[4.997s] -- Up-to-date: /home/faith/Work/carto_ws/install/astra_camera_msgs/include/astra_camera_msgs/astra_camera_msgs/srv/detail/get_device_info__builder.hpp
[4.998s] -- Up-to-date: /home/faith/Work/carto_ws/install/astra_camera_msgs/include/astra_camera_msgs/astra_camera_msgs/srv/get_camera_params.hpp
[4.998s] -- Up-to-date: /home/faith/Work/carto_ws/install/astra_camera_msgs/include/astra_camera_msgs/astra_camera_msgs/srv/get_device_info.hpp
[4.998s] -- Up-to-date: /home/faith/Work/carto_ws/install/astra_camera_msgs/include/astra_camera_msgs/astra_camera_msgs/srv/get_int32.hpp
[4.998s] -- Up-to-date: /home/faith/Work/carto_ws/install/astra_camera_msgs/include/astra_camera_msgs/astra_camera_msgs/srv/set_int32.hpp
[4.998s] -- Up-to-date: /home/faith/Work/carto_ws/install/astra_camera_msgs/include/astra_camera_msgs/astra_camera_msgs/srv/get_camera_info.hpp
[4.998s] -- Up-to-date: /home/faith/Work/carto_ws/install/astra_camera_msgs/include/astra_camera_msgs/astra_camera_msgs/srv/get_string.hpp
[4.998s] -- Up-to-date: /home/faith/Work/carto_ws/install/astra_camera_msgs/include/astra_camera_msgs/astra_camera_msgs/msg
[4.998s] -- Up-to-date: /home/faith/Work/carto_ws/install/astra_camera_msgs/include/astra_camera_msgs/astra_camera_msgs/msg/device_info.hpp
[4.998s] -- Up-to-date: /home/faith/Work/carto_ws/install/astra_camera_msgs/include/astra_camera_msgs/astra_camera_msgs/msg/detail
[4.999s] -- Up-to-date: /home/faith/Work/carto_ws/install/astra_camera_msgs/include/astra_camera_msgs/astra_camera_msgs/msg/detail/extrinsics__traits.hpp
[4.999s] -- Up-to-date: /home/faith/Work/carto_ws/install/astra_camera_msgs/include/astra_camera_msgs/astra_camera_msgs/msg/detail/metadata__struct.hpp
[4.999s] -- Up-to-date: /home/faith/Work/carto_ws/install/astra_camera_msgs/include/astra_camera_msgs/astra_camera_msgs/msg/detail/device_info__builder.hpp
[4.999s] -- Up-to-date: /home/faith/Work/carto_ws/install/astra_camera_msgs/include/astra_camera_msgs/astra_camera_msgs/msg/detail/extrinsics__builder.hpp
[4.999s] -- Up-to-date: /home/faith/Work/carto_ws/install/astra_camera_msgs/include/astra_camera_msgs/astra_camera_msgs/msg/detail/extrinsics__struct.hpp
[4.999s] -- Up-to-date: /home/faith/Work/carto_ws/install/astra_camera_msgs/include/astra_camera_msgs/astra_camera_msgs/msg/detail/device_info__traits.hpp
[5.000s] -- Up-to-date: /home/faith/Work/carto_ws/install/astra_camera_msgs/include/astra_camera_msgs/astra_camera_msgs/msg/detail/metadata__traits.hpp
[5.001s] -- Up-to-date: /home/faith/Work/carto_ws/install/astra_camera_msgs/include/astra_camera_msgs/astra_camera_msgs/msg/detail/metadata__builder.hpp
[5.002s] -- Up-to-date: /home/faith/Work/carto_ws/install/astra_camera_msgs/include/astra_camera_msgs/astra_camera_msgs/msg/detail/device_info__struct.hpp
[5.003s] -- Up-to-date: /home/faith/Work/carto_ws/install/astra_camera_msgs/include/astra_camera_msgs/astra_camera_msgs/msg/extrinsics.hpp
[5.004s] -- Up-to-date: /home/faith/Work/carto_ws/install/astra_camera_msgs/include/astra_camera_msgs/astra_camera_msgs/msg/metadata.hpp
[5.005s] -- Up-to-date: /home/faith/Work/carto_ws/install/astra_camera_msgs/include/astra_camera_msgs/astra_camera_msgs
[5.007s] -- Up-to-date: /home/faith/Work/carto_ws/install/astra_camera_msgs/include/astra_camera_msgs/astra_camera_msgs/srv
[5.010s] -- Up-to-date: /home/faith/Work/carto_ws/install/astra_camera_msgs/include/astra_camera_msgs/astra_camera_msgs/srv/detail
[5.011s] -- Up-to-date: /home/faith/Work/carto_ws/install/astra_camera_msgs/include/astra_camera_msgs/astra_camera_msgs/srv/detail/dds_fastrtps
[5.012s] -- Up-to-date: /home/faith/Work/carto_ws/install/astra_camera_msgs/include/astra_camera_msgs/astra_camera_msgs/srv/detail/get_int32__rosidl_typesupport_fastrtps_cpp.hpp
[5.012s] -- Up-to-date: /home/faith/Work/carto_ws/install/astra_camera_msgs/include/astra_camera_msgs/astra_camera_msgs/srv/detail/get_camera_info__rosidl_typesupport_fastrtps_cpp.hpp
[5.013s] -- Up-to-date: /home/faith/Work/carto_ws/install/astra_camera_msgs/include/astra_camera_msgs/astra_camera_msgs/srv/detail/get_string__rosidl_typesupport_fastrtps_cpp.hpp
[5.013s] -- Up-to-date: /home/faith/Work/carto_ws/install/astra_camera_msgs/include/astra_camera_msgs/astra_camera_msgs/srv/detail/set_int32__rosidl_typesupport_fastrtps_cpp.hpp
[5.013s] -- Up-to-date: /home/faith/Work/carto_ws/install/astra_camera_msgs/include/astra_camera_msgs/astra_camera_msgs/srv/detail/get_device_info__rosidl_typesupport_fastrtps_cpp.hpp
[5.013s] -- Up-to-date: /home/faith/Work/carto_ws/install/astra_camera_msgs/include/astra_camera_msgs/astra_camera_msgs/srv/detail/get_camera_params__rosidl_typesupport_fastrtps_cpp.hpp
[5.014s] -- Up-to-date: /home/faith/Work/carto_ws/install/astra_camera_msgs/include/astra_camera_msgs/astra_camera_msgs/msg
[5.014s] -- Up-to-date: /home/faith/Work/carto_ws/install/astra_camera_msgs/include/astra_camera_msgs/astra_camera_msgs/msg/detail
[5.014s] -- Up-to-date: /home/faith/Work/carto_ws/install/astra_camera_msgs/include/astra_camera_msgs/astra_camera_msgs/msg/detail/dds_fastrtps
[5.014s] -- Up-to-date: /home/faith/Work/carto_ws/install/astra_camera_msgs/include/astra_camera_msgs/astra_camera_msgs/msg/detail/device_info__rosidl_typesupport_fastrtps_cpp.hpp
[5.014s] -- Up-to-date: /home/faith/Work/carto_ws/install/astra_camera_msgs/include/astra_camera_msgs/astra_camera_msgs/msg/detail/extrinsics__rosidl_typesupport_fastrtps_cpp.hpp
[5.014s] -- Up-to-date: /home/faith/Work/carto_ws/install/astra_camera_msgs/include/astra_camera_msgs/astra_camera_msgs/msg/detail/metadata__rosidl_typesupport_fastrtps_cpp.hpp
[5.014s] -- Up-to-date: /home/faith/Work/carto_ws/install/astra_camera_msgs/include/astra_camera_msgs/astra_camera_msgs/msg/rosidl_typesupport_fastrtps_cpp__visibility_control.h
[5.014s] -- Up-to-date: /home/faith/Work/carto_ws/install/astra_camera_msgs/lib/libastra_camera_msgs__rosidl_typesupport_fastrtps_cpp.so
[5.015s] -- Up-to-date: /home/faith/Work/carto_ws/install/astra_camera_msgs/include/astra_camera_msgs/astra_camera_msgs
[5.015s] -- Up-to-date: /home/faith/Work/carto_ws/install/astra_camera_msgs/include/astra_camera_msgs/astra_camera_msgs/srv
[5.015s] -- Up-to-date: /home/faith/Work/carto_ws/install/astra_camera_msgs/include/astra_camera_msgs/astra_camera_msgs/srv/detail
[5.015s] -- Up-to-date: /home/faith/Work/carto_ws/install/astra_camera_msgs/include/astra_camera_msgs/astra_camera_msgs/srv/detail/set_int32__type_support.cpp
[5.015s] -- Up-to-date: /home/faith/Work/carto_ws/install/astra_camera_msgs/include/astra_camera_msgs/astra_camera_msgs/srv/detail/set_int32__rosidl_typesupport_introspection_cpp.hpp
[5.015s] -- Up-to-date: /home/faith/Work/carto_ws/install/astra_camera_msgs/include/astra_camera_msgs/astra_camera_msgs/srv/detail/get_camera_info__type_support.cpp
[5.015s] -- Up-to-date: /home/faith/Work/carto_ws/install/astra_camera_msgs/include/astra_camera_msgs/astra_camera_msgs/srv/detail/get_string__rosidl_typesupport_introspection_cpp.hpp
[5.015s] -- Up-to-date: /home/faith/Work/carto_ws/install/astra_camera_msgs/include/astra_camera_msgs/astra_camera_msgs/srv/detail/get_device_info__rosidl_typesupport_introspection_cpp.hpp
[5.015s] -- Up-to-date: /home/faith/Work/carto_ws/install/astra_camera_msgs/include/astra_camera_msgs/astra_camera_msgs/srv/detail/get_int32__type_support.cpp
[5.016s] -- Up-to-date: /home/faith/Work/carto_ws/install/astra_camera_msgs/include/astra_camera_msgs/astra_camera_msgs/srv/detail/get_string__type_support.cpp
[5.016s] -- Up-to-date: /home/faith/Work/carto_ws/install/astra_camera_msgs/include/astra_camera_msgs/astra_camera_msgs/srv/detail/get_camera_info__rosidl_typesupport_introspection_cpp.hpp
[5.016s] -- Up-to-date: /home/faith/Work/carto_ws/install/astra_camera_msgs/include/astra_camera_msgs/astra_camera_msgs/srv/detail/get_camera_params__rosidl_typesupport_introspection_cpp.hpp
[5.016s] -- Up-to-date: /home/faith/Work/carto_ws/install/astra_camera_msgs/include/astra_camera_msgs/astra_camera_msgs/srv/detail/get_camera_params__type_support.cpp
[5.017s] -- Up-to-date: /home/faith/Work/carto_ws/install/astra_camera_msgs/include/astra_camera_msgs/astra_camera_msgs/srv/detail/get_int32__rosidl_typesupport_introspection_cpp.hpp
[5.017s] -- Up-to-date: /home/faith/Work/carto_ws/install/astra_camera_msgs/include/astra_camera_msgs/astra_camera_msgs/srv/detail/get_device_info__type_support.cpp
[5.017s] -- Up-to-date: /home/faith/Work/carto_ws/install/astra_camera_msgs/include/astra_camera_msgs/astra_camera_msgs/msg
[5.017s] -- Up-to-date: /home/faith/Work/carto_ws/install/astra_camera_msgs/include/astra_camera_msgs/astra_camera_msgs/msg/detail
[5.018s] -- Up-to-date: /home/faith/Work/carto_ws/install/astra_camera_msgs/include/astra_camera_msgs/astra_camera_msgs/msg/detail/metadata__rosidl_typesupport_introspection_cpp.hpp
[5.018s] -- Up-to-date: /home/faith/Work/carto_ws/install/astra_camera_msgs/include/astra_camera_msgs/astra_camera_msgs/msg/detail/device_info__type_support.cpp
[5.018s] -- Up-to-date: /home/faith/Work/carto_ws/install/astra_camera_msgs/include/astra_camera_msgs/astra_camera_msgs/msg/detail/device_info__rosidl_typesupport_introspection_cpp.hpp
[5.019s] -- Up-to-date: /home/faith/Work/carto_ws/install/astra_camera_msgs/include/astra_camera_msgs/astra_camera_msgs/msg/detail/extrinsics__rosidl_typesupport_introspection_cpp.hpp
[5.019s] -- Up-to-date: /home/faith/Work/carto_ws/install/astra_camera_msgs/include/astra_camera_msgs/astra_camera_msgs/msg/detail/extrinsics__type_support.cpp
[5.020s] -- Up-to-date: /home/faith/Work/carto_ws/install/astra_camera_msgs/include/astra_camera_msgs/astra_camera_msgs/msg/detail/metadata__type_support.cpp
[5.020s] -- Up-to-date: /home/faith/Work/carto_ws/install/astra_camera_msgs/lib/libastra_camera_msgs__rosidl_typesupport_introspection_cpp.so
[5.020s] -- Up-to-date: /home/faith/Work/carto_ws/install/astra_camera_msgs/lib/libastra_camera_msgs__rosidl_typesupport_cpp.so
[5.020s] -- Up-to-date: /home/faith/Work/carto_ws/install/astra_camera_msgs/share/astra_camera_msgs/environment/pythonpath.sh
[5.020s] -- Installing: /home/faith/Work/carto_ws/install/astra_camera_msgs/share/astra_camera_msgs/environment/pythonpath.dsv
[5.020s] -- Up-to-date: /home/faith/Work/carto_ws/install/astra_camera_msgs/local/lib/python3.10/dist-packages/astra_camera_msgs-1.0.1-py3.10.egg-info
[5.021s] -- Installing: /home/faith/Work/carto_ws/install/astra_camera_msgs/local/lib/python3.10/dist-packages/astra_camera_msgs-1.0.1-py3.10.egg-info/SOURCES.txt
[5.021s] -- Installing: /home/faith/Work/carto_ws/install/astra_camera_msgs/local/lib/python3.10/dist-packages/astra_camera_msgs-1.0.1-py3.10.egg-info/PKG-INFO
[5.021s] -- Installing: /home/faith/Work/carto_ws/install/astra_camera_msgs/local/lib/python3.10/dist-packages/astra_camera_msgs-1.0.1-py3.10.egg-info/top_level.txt
[5.021s] -- Installing: /home/faith/Work/carto_ws/install/astra_camera_msgs/local/lib/python3.10/dist-packages/astra_camera_msgs-1.0.1-py3.10.egg-info/dependency_links.txt
[5.021s] -- Up-to-date: /home/faith/Work/carto_ws/install/astra_camera_msgs/local/lib/python3.10/dist-packages/astra_camera_msgs
[5.022s] -- Up-to-date: /home/faith/Work/carto_ws/install/astra_camera_msgs/local/lib/python3.10/dist-packages/astra_camera_msgs/_astra_camera_msgs_s.ep.rosidl_typesupport_introspection_c.c
[5.022s] -- Up-to-date: /home/faith/Work/carto_ws/install/astra_camera_msgs/local/lib/python3.10/dist-packages/astra_camera_msgs/astra_camera_msgs_s__rosidl_typesupport_introspection_c.cpython-310-aarch64-linux-gnu.so
[5.022s] -- Up-to-date: /home/faith/Work/carto_ws/install/astra_camera_msgs/local/lib/python3.10/dist-packages/astra_camera_msgs/_astra_camera_msgs_s.ep.rosidl_typesupport_c.c
[5.022s] -- Up-to-date: /home/faith/Work/carto_ws/install/astra_camera_msgs/local/lib/python3.10/dist-packages/astra_camera_msgs/srv
[5.023s] -- Up-to-date: /home/faith/Work/carto_ws/install/astra_camera_msgs/local/lib/python3.10/dist-packages/astra_camera_msgs/srv/_get_camera_info_s.c
[5.023s] -- Up-to-date: /home/faith/Work/carto_ws/install/astra_camera_msgs/local/lib/python3.10/dist-packages/astra_camera_msgs/srv/_get_string_s.c
[5.024s] -- Up-to-date: /home/faith/Work/carto_ws/install/astra_camera_msgs/local/lib/python3.10/dist-packages/astra_camera_msgs/srv/_get_camera_info.py
[5.024s] -- Up-to-date: /home/faith/Work/carto_ws/install/astra_camera_msgs/local/lib/python3.10/dist-packages/astra_camera_msgs/srv/_set_int32.py
[5.024s] -- Up-to-date: /home/faith/Work/carto_ws/install/astra_camera_msgs/local/lib/python3.10/dist-packages/astra_camera_msgs/srv/_get_camera_params_s.c
[5.024s] -- Up-to-date: /home/faith/Work/carto_ws/install/astra_camera_msgs/local/lib/python3.10/dist-packages/astra_camera_msgs/srv/_get_device_info.py
[5.024s] -- Up-to-date: /home/faith/Work/carto_ws/install/astra_camera_msgs/local/lib/python3.10/dist-packages/astra_camera_msgs/srv/_get_camera_params.py
[5.024s] -- Up-to-date: /home/faith/Work/carto_ws/install/astra_camera_msgs/local/lib/python3.10/dist-packages/astra_camera_msgs/srv/_get_device_info_s.c
[5.024s] -- Up-to-date: /home/faith/Work/carto_ws/install/astra_camera_msgs/local/lib/python3.10/dist-packages/astra_camera_msgs/srv/_get_int32_s.c
[5.024s] -- Up-to-date: /home/faith/Work/carto_ws/install/astra_camera_msgs/local/lib/python3.10/dist-packages/astra_camera_msgs/srv/_get_string.py
[5.024s] -- Up-to-date: /home/faith/Work/carto_ws/install/astra_camera_msgs/local/lib/python3.10/dist-packages/astra_camera_msgs/srv/__init__.py
[5.024s] -- Up-to-date: /home/faith/Work/carto_ws/install/astra_camera_msgs/local/lib/python3.10/dist-packages/astra_camera_msgs/srv/_set_int32_s.c
[5.024s] -- Up-to-date: /home/faith/Work/carto_ws/install/astra_camera_msgs/local/lib/python3.10/dist-packages/astra_camera_msgs/srv/_get_int32.py
[5.025s] -- Up-to-date: /home/faith/Work/carto_ws/install/astra_camera_msgs/local/lib/python3.10/dist-packages/astra_camera_msgs/astra_camera_msgs_s__rosidl_typesupport_fastrtps_c.cpython-310-aarch64-linux-gnu.so
[5.025s] -- Up-to-date: /home/faith/Work/carto_ws/install/astra_camera_msgs/local/lib/python3.10/dist-packages/astra_camera_msgs/msg
[5.025s] -- Up-to-date: /home/faith/Work/carto_ws/install/astra_camera_msgs/local/lib/python3.10/dist-packages/astra_camera_msgs/msg/_extrinsics.py
[5.025s] -- Up-to-date: /home/faith/Work/carto_ws/install/astra_camera_msgs/local/lib/python3.10/dist-packages/astra_camera_msgs/msg/_metadata_s.c
[5.025s] -- Up-to-date: /home/faith/Work/carto_ws/install/astra_camera_msgs/local/lib/python3.10/dist-packages/astra_camera_msgs/msg/_metadata.py
[5.025s] -- Up-to-date: /home/faith/Work/carto_ws/install/astra_camera_msgs/local/lib/python3.10/dist-packages/astra_camera_msgs/msg/_device_info_s.c
[5.026s] -- Up-to-date: /home/faith/Work/carto_ws/install/astra_camera_msgs/local/lib/python3.10/dist-packages/astra_camera_msgs/msg/__init__.py
[5.026s] -- Up-to-date: /home/faith/Work/carto_ws/install/astra_camera_msgs/local/lib/python3.10/dist-packages/astra_camera_msgs/msg/_device_info.py
[5.026s] -- Up-to-date: /home/faith/Work/carto_ws/install/astra_camera_msgs/local/lib/python3.10/dist-packages/astra_camera_msgs/msg/_extrinsics_s.c
[5.026s] -- Installing: /home/faith/Work/carto_ws/install/astra_camera_msgs/local/lib/python3.10/dist-packages/astra_camera_msgs/__init__.py
[5.026s] -- Up-to-date: /home/faith/Work/carto_ws/install/astra_camera_msgs/local/lib/python3.10/dist-packages/astra_camera_msgs/libastra_camera_msgs__rosidl_generator_py.so
[5.026s] -- Up-to-date: /home/faith/Work/carto_ws/install/astra_camera_msgs/local/lib/python3.10/dist-packages/astra_camera_msgs/astra_camera_msgs_s__rosidl_typesupport_c.cpython-310-aarch64-linux-gnu.so
[5.026s] -- Up-to-date: /home/faith/Work/carto_ws/install/astra_camera_msgs/local/lib/python3.10/dist-packages/astra_camera_msgs/_astra_camera_msgs_s.ep.rosidl_typesupport_fastrtps_c.c
[5.026s] Listing '/home/faith/Work/carto_ws/install/astra_camera_msgs/local/lib/python3.10/dist-packages/astra_camera_msgs'...
[5.026s] Compiling '/home/faith/Work/carto_ws/install/astra_camera_msgs/local/lib/python3.10/dist-packages/astra_camera_msgs/__init__.py'...
[5.027s] Listing '/home/faith/Work/carto_ws/install/astra_camera_msgs/local/lib/python3.10/dist-packages/astra_camera_msgs/msg'...
[5.027s] Listing '/home/faith/Work/carto_ws/install/astra_camera_msgs/local/lib/python3.10/dist-packages/astra_camera_msgs/srv'...
[5.027s] -- Up-to-date: /home/faith/Work/carto_ws/install/astra_camera_msgs/local/lib/python3.10/dist-packages/astra_camera_msgs/astra_camera_msgs_s__rosidl_typesupport_fastrtps_c.cpython-310-aarch64-linux-gnu.so
[5.027s] -- Up-to-date: /home/faith/Work/carto_ws/install/astra_camera_msgs/local/lib/python3.10/dist-packages/astra_camera_msgs/astra_camera_msgs_s__rosidl_typesupport_introspection_c.cpython-310-aarch64-linux-gnu.so
[5.031s] -- Up-to-date: /home/faith/Work/carto_ws/install/astra_camera_msgs/local/lib/python3.10/dist-packages/astra_camera_msgs/astra_camera_msgs_s__rosidl_typesupport_c.cpython-310-aarch64-linux-gnu.so
[5.031s] -- Up-to-date: /home/faith/Work/carto_ws/install/astra_camera_msgs/lib/libastra_camera_msgs__rosidl_generator_py.so
[5.032s] -- Up-to-date: /home/faith/Work/carto_ws/install/astra_camera_msgs/share/astra_camera_msgs/msg/DeviceInfo.idl
[5.032s] -- Up-to-date: /home/faith/Work/carto_ws/install/astra_camera_msgs/share/astra_camera_msgs/msg/Extrinsics.idl
[5.032s] -- Up-to-date: /home/faith/Work/carto_ws/install/astra_camera_msgs/share/astra_camera_msgs/msg/Metadata.idl
[5.032s] -- Up-to-date: /home/faith/Work/carto_ws/install/astra_camera_msgs/share/astra_camera_msgs/srv/GetDeviceInfo.idl
[5.033s] -- Up-to-date: /home/faith/Work/carto_ws/install/astra_camera_msgs/share/astra_camera_msgs/srv/GetCameraInfo.idl
[5.033s] -- Up-to-date: /home/faith/Work/carto_ws/install/astra_camera_msgs/share/astra_camera_msgs/srv/GetCameraParams.idl
[5.033s] -- Up-to-date: /home/faith/Work/carto_ws/install/astra_camera_msgs/share/astra_camera_msgs/srv/GetInt32.idl
[5.033s] -- Up-to-date: /home/faith/Work/carto_ws/install/astra_camera_msgs/share/astra_camera_msgs/srv/GetString.idl
[5.033s] -- Up-to-date: /home/faith/Work/carto_ws/install/astra_camera_msgs/share/astra_camera_msgs/srv/SetInt32.idl
[5.033s] -- Up-to-date: /home/faith/Work/carto_ws/install/astra_camera_msgs/share/astra_camera_msgs/msg/DeviceInfo.msg
[5.034s] -- Up-to-date: /home/faith/Work/carto_ws/install/astra_camera_msgs/share/astra_camera_msgs/msg/Extrinsics.msg
[5.034s] -- Up-to-date: /home/faith/Work/carto_ws/install/astra_camera_msgs/share/astra_camera_msgs/msg/Metadata.msg
[5.034s] -- Up-to-date: /home/faith/Work/carto_ws/install/astra_camera_msgs/share/astra_camera_msgs/srv/GetDeviceInfo.srv
[5.034s] -- Up-to-date: /home/faith/Work/carto_ws/install/astra_camera_msgs/share/astra_camera_msgs/srv/GetDeviceInfo_Request.msg
[5.034s] -- Up-to-date: /home/faith/Work/carto_ws/install/astra_camera_msgs/share/astra_camera_msgs/srv/GetDeviceInfo_Response.msg
[5.034s] -- Up-to-date: /home/faith/Work/carto_ws/install/astra_camera_msgs/share/astra_camera_msgs/srv/GetCameraInfo.srv
[5.035s] -- Up-to-date: /home/faith/Work/carto_ws/install/astra_camera_msgs/share/astra_camera_msgs/srv/GetCameraInfo_Request.msg
[5.035s] -- Up-to-date: /home/faith/Work/carto_ws/install/astra_camera_msgs/share/astra_camera_msgs/srv/GetCameraInfo_Response.msg
[5.035s] -- Up-to-date: /home/faith/Work/carto_ws/install/astra_camera_msgs/share/astra_camera_msgs/srv/GetCameraParams.srv
[5.035s] -- Up-to-date: /home/faith/Work/carto_ws/install/astra_camera_msgs/share/astra_camera_msgs/srv/GetCameraParams_Request.msg
[5.035s] -- Up-to-date: /home/faith/Work/carto_ws/install/astra_camera_msgs/share/astra_camera_msgs/srv/GetCameraParams_Response.msg
[5.035s] -- Up-to-date: /home/faith/Work/carto_ws/install/astra_camera_msgs/share/astra_camera_msgs/srv/GetInt32.srv
[5.035s] -- Up-to-date: /home/faith/Work/carto_ws/install/astra_camera_msgs/share/astra_camera_msgs/srv/GetInt32_Request.msg
[5.035s] -- Up-to-date: /home/faith/Work/carto_ws/install/astra_camera_msgs/share/astra_camera_msgs/srv/GetInt32_Response.msg
[5.035s] -- Up-to-date: /home/faith/Work/carto_ws/install/astra_camera_msgs/share/astra_camera_msgs/srv/GetString.srv
[5.035s] -- Up-to-date: /home/faith/Work/carto_ws/install/astra_camera_msgs/share/astra_camera_msgs/srv/GetString_Request.msg
[5.036s] -- Up-to-date: /home/faith/Work/carto_ws/install/astra_camera_msgs/share/astra_camera_msgs/srv/GetString_Response.msg
[5.036s] -- Up-to-date: /home/faith/Work/carto_ws/install/astra_camera_msgs/share/astra_camera_msgs/srv/SetInt32.srv
[5.036s] -- Up-to-date: /home/faith/Work/carto_ws/install/astra_camera_msgs/share/astra_camera_msgs/srv/SetInt32_Request.msg
[5.037s] -- Up-to-date: /home/faith/Work/carto_ws/install/astra_camera_msgs/share/astra_camera_msgs/srv/SetInt32_Response.msg
[5.037s] -- Up-to-date: /home/faith/Work/carto_ws/install/astra_camera_msgs/share/ament_index/resource_index/package_run_dependencies/astra_camera_msgs
[5.037s] -- Up-to-date: /home/faith/Work/carto_ws/install/astra_camera_msgs/share/ament_index/resource_index/parent_prefix_path/astra_camera_msgs
[5.037s] -- Up-to-date: /home/faith/Work/carto_ws/install/astra_camera_msgs/share/astra_camera_msgs/environment/ament_prefix_path.sh
[5.037s] -- Installing: /home/faith/Work/carto_ws/install/astra_camera_msgs/share/astra_camera_msgs/environment/ament_prefix_path.dsv
[5.038s] -- Up-to-date: /home/faith/Work/carto_ws/install/astra_camera_msgs/share/astra_camera_msgs/environment/path.sh
[5.038s] -- Installing: /home/faith/Work/carto_ws/install/astra_camera_msgs/share/astra_camera_msgs/environment/path.dsv
[5.038s] -- Up-to-date: /home/faith/Work/carto_ws/install/astra_camera_msgs/share/astra_camera_msgs/local_setup.bash
[5.038s] -- Up-to-date: /home/faith/Work/carto_ws/install/astra_camera_msgs/share/astra_camera_msgs/local_setup.sh
[5.038s] -- Up-to-date: /home/faith/Work/carto_ws/install/astra_camera_msgs/share/astra_camera_msgs/local_setup.zsh
[5.039s] -- Installing: /home/faith/Work/carto_ws/install/astra_camera_msgs/share/astra_camera_msgs/local_setup.dsv
[5.039s] -- Installing: /home/faith/Work/carto_ws/install/astra_camera_msgs/share/astra_camera_msgs/package.dsv
[5.039s] -- Up-to-date: /home/faith/Work/carto_ws/install/astra_camera_msgs/share/ament_index/resource_index/packages/astra_camera_msgs
[5.039s] -- Up-to-date: /home/faith/Work/carto_ws/install/astra_camera_msgs/share/astra_camera_msgs/cmake/export_astra_camera_msgs__rosidl_generator_cExport.cmake
[5.039s] -- Up-to-date: /home/faith/Work/carto_ws/install/astra_camera_msgs/share/astra_camera_msgs/cmake/export_astra_camera_msgs__rosidl_generator_cExport-release.cmake
[5.040s] -- Up-to-date: /home/faith/Work/carto_ws/install/astra_camera_msgs/share/astra_camera_msgs/cmake/export_astra_camera_msgs__rosidl_typesupport_fastrtps_cExport.cmake
[5.040s] -- Up-to-date: /home/faith/Work/carto_ws/install/astra_camera_msgs/share/astra_camera_msgs/cmake/export_astra_camera_msgs__rosidl_typesupport_fastrtps_cExport-release.cmake
[5.040s] -- Up-to-date: /home/faith/Work/carto_ws/install/astra_camera_msgs/share/astra_camera_msgs/cmake/astra_camera_msgs__rosidl_typesupport_introspection_cExport.cmake
[5.040s] -- Up-to-date: /home/faith/Work/carto_ws/install/astra_camera_msgs/share/astra_camera_msgs/cmake/astra_camera_msgs__rosidl_typesupport_introspection_cExport-release.cmake
[5.040s] -- Up-to-date: /home/faith/Work/carto_ws/install/astra_camera_msgs/share/astra_camera_msgs/cmake/astra_camera_msgs__rosidl_typesupport_cExport.cmake
[5.040s] -- Up-to-date: /home/faith/Work/carto_ws/install/astra_camera_msgs/share/astra_camera_msgs/cmake/astra_camera_msgs__rosidl_typesupport_cExport-release.cmake
[5.041s] -- Up-to-date: /home/faith/Work/carto_ws/install/astra_camera_msgs/share/astra_camera_msgs/cmake/export_astra_camera_msgs__rosidl_generator_cppExport.cmake
[5.041s] -- Up-to-date: /home/faith/Work/carto_ws/install/astra_camera_msgs/share/astra_camera_msgs/cmake/export_astra_camera_msgs__rosidl_typesupport_fastrtps_cppExport.cmake
[5.041s] -- Up-to-date: /home/faith/Work/carto_ws/install/astra_camera_msgs/share/astra_camera_msgs/cmake/export_astra_camera_msgs__rosidl_typesupport_fastrtps_cppExport-release.cmake
[5.041s] -- Up-to-date: /home/faith/Work/carto_ws/install/astra_camera_msgs/share/astra_camera_msgs/cmake/astra_camera_msgs__rosidl_typesupport_introspection_cppExport.cmake
[5.041s] -- Up-to-date: /home/faith/Work/carto_ws/install/astra_camera_msgs/share/astra_camera_msgs/cmake/astra_camera_msgs__rosidl_typesupport_introspection_cppExport-release.cmake
[5.041s] -- Up-to-date: /home/faith/Work/carto_ws/install/astra_camera_msgs/share/astra_camera_msgs/cmake/astra_camera_msgs__rosidl_typesupport_cppExport.cmake
[5.042s] -- Up-to-date: /home/faith/Work/carto_ws/install/astra_camera_msgs/share/astra_camera_msgs/cmake/astra_camera_msgs__rosidl_typesupport_cppExport-release.cmake
[5.042s] -- Up-to-date: /home/faith/Work/carto_ws/install/astra_camera_msgs/share/astra_camera_msgs/cmake/export_astra_camera_msgs__rosidl_generator_pyExport.cmake
[5.042s] -- Up-to-date: /home/faith/Work/carto_ws/install/astra_camera_msgs/share/astra_camera_msgs/cmake/export_astra_camera_msgs__rosidl_generator_pyExport-release.cmake
[5.042s] -- Up-to-date: /home/faith/Work/carto_ws/install/astra_camera_msgs/share/astra_camera_msgs/cmake/rosidl_cmake-extras.cmake
[5.042s] -- Up-to-date: /home/faith/Work/carto_ws/install/astra_camera_msgs/share/astra_camera_msgs/cmake/ament_cmake_export_dependencies-extras.cmake
[5.043s] -- Up-to-date: /home/faith/Work/carto_ws/install/astra_camera_msgs/share/astra_camera_msgs/cmake/ament_cmake_export_include_directories-extras.cmake
[5.043s] -- Up-to-date: /home/faith/Work/carto_ws/install/astra_camera_msgs/share/astra_camera_msgs/cmake/ament_cmake_export_libraries-extras.cmake
[5.043s] -- Up-to-date: /home/faith/Work/carto_ws/install/astra_camera_msgs/share/astra_camera_msgs/cmake/ament_cmake_export_targets-extras.cmake
[5.043s] -- Up-to-date: /home/faith/Work/carto_ws/install/astra_camera_msgs/share/astra_camera_msgs/cmake/rosidl_cmake_export_typesupport_targets-extras.cmake
[5.043s] -- Up-to-date: /home/faith/Work/carto_ws/install/astra_camera_msgs/share/astra_camera_msgs/cmake/rosidl_cmake_export_typesupport_libraries-extras.cmake
[5.043s] -- Up-to-date: /home/faith/Work/carto_ws/install/astra_camera_msgs/share/astra_camera_msgs/cmake/astra_camera_msgsConfig.cmake
[5.044s] -- Up-to-date: /home/faith/Work/carto_ws/install/astra_camera_msgs/share/astra_camera_msgs/cmake/astra_camera_msgsConfig-version.cmake
[5.044s] -- Up-to-date: /home/faith/Work/carto_ws/install/astra_camera_msgs/share/astra_camera_msgs/package.xml
[5.044s] Invoked command in '/home/faith/Work/carto_ws/build/astra_camera_msgs' returned '0': CMAKE_PREFIX_PATH=${CMAKE_PREFIX_PATH}:/home/faith/Work/carto_ws/install/fishbot_description:/opt/ros/humble /usr/bin/cmake --install /home/faith/Work/carto_ws/build/astra_camera_msgs
