In file included from [01m[K/home/faith/Work/carto_ws/src/cartographer/cartographer/transform/transform.h:26[m[K,
                 from [01m[K/home/faith/Work/carto_ws/src/cartographer/cartographer/sensor/rangefinder_point.h:24[m[K,
                 from [01m[K/home/faith/Work/carto_ws/src/cartographer/cartographer/sensor/point_cloud.h:24[m[K,
                 from [01m[K/home/faith/Work/carto_ws/src/cartographer/cartographer/sensor/compressed_point_cloud.h:25[m[K,
                 from [01m[K/home/faith/Work/carto_ws/src/cartographer/cartographer/sensor/range_data.h:21[m[K,
                 from [01m[K/home/faith/Work/carto_ws/src/cartographer/cartographer/mapping/trajectory_node.h:27[m[K,
                 from [01m[K/home/faith/Work/carto_ws/src/cartographer/cartographer/mapping/2d/map_limits.h:28[m[K,
                 from [01m[K/home/faith/Work/carto_ws/src/cartographer/cartographer/mapping/2d/grid_2d.h:22[m[K,
                 from [01m[K/home/faith/Work/carto_ws/src/cartographer/cartographer/mapping/2d/submap_2d.h:25[m[K,
                 from [01m[K/home/faith/Work/carto_ws/src/cartographer/cartographer/mapping/internal/2d/local_trajectory_builder_2d.h:24[m[K,
                 from [01m[K/home/faith/Work/carto_ws/src/cartographer/cartographer/mapping/internal/2d/local_trajectory_builder_2d.cc:17[m[K:
/home/faith/Work/carto_ws/src/cartographer/cartographer/transform/rigid_transform.h: In instantiation of ‘[01m[Kcartographer::transform::Rigid2<FloatType>::Rotation2D cartographer::transform::Rigid2<FloatType>::rotation() const [with FloatType = double; cartographer::transform::Rigid2<FloatType>::Rotation2D = Eigen::Rotation2D<double>][m[K’:
[01m[K/home/faith/Work/carto_ws/src/cartographer/cartographer/mapping/internal/2d/local_trajectory_builder_2d.cc:97:44:[m[K   required from here
[01m[K/home/faith/Work/carto_ws/src/cartographer/cartographer/transform/rigid_transform.h:68:14:[m[K [01;36m[Knote: [m[Kparameter passing for argument of type ‘[01m[KEigen::Rotation2D<double>[m[K’ when C++17 is enabled changed to match C++14 in GCC 10.1
   68 |   Rotation2D [01;36m[Krotation[m[K() const { return rotation_; }
      |              [01;36m[K^~~~~~~~[m[K
In file included from [01m[K/usr/include/eigen3/Eigen/Geometry:41[m[K,
                 from [01m[K/home/faith/Work/carto_ws/src/cartographer/cartographer/mapping/2d/map_limits.h:24[m[K,
                 from [01m[K/home/faith/Work/carto_ws/src/cartographer/cartographer/mapping/2d/grid_2d.h:22[m[K,
                 from [01m[K/home/faith/Work/carto_ws/src/cartographer/cartographer/mapping/2d/submap_2d.h:25[m[K,
                 from [01m[K/home/faith/Work/carto_ws/src/cartographer/cartographer/mapping/internal/2d/local_trajectory_builder_2d.h:24[m[K,
                 from [01m[K/home/faith/Work/carto_ws/src/cartographer/cartographer/mapping/internal/2d/local_trajectory_builder_2d.cc:17[m[K:
/usr/include/eigen3/Eigen/src/Geometry/Rotation2D.h: In instantiation of ‘[01m[Ktypename Eigen::internal::cast_return_type<Eigen::Rotation2D<Scalar>, Eigen::Rotation2D<NewScalarType> >::type Eigen::Rotation2D<Scalar>::cast() const [with NewScalarType = float; _Scalar = double; typename Eigen::internal::cast_return_type<Eigen::Rotation2D<Scalar>, Eigen::Rotation2D<NewScalarType> >::type = Eigen::Rotation2D<float>][m[K’:
[01m[K/home/faith/Work/carto_ws/src/cartographer/cartographer/transform/rigid_transform.h:63:64:[m[K   required from ‘[01m[Kcartographer::transform::Rigid2<OtherType> cartographer::transform::Rigid2<FloatType>::cast() const [with OtherType = float; FloatType = double][m[K’
[01m[K/home/faith/Work/carto_ws/src/cartographer/cartographer/mapping/internal/2d/local_trajectory_builder_2d.cc:248:74:[m[K   required from here
[01m[K/usr/include/eigen3/Eigen/src/Geometry/Rotation2D.h:142:109:[m[K [01;36m[Knote: [m[Kparameter passing for argument of type ‘[01m[KEigen::Rotation2D<float>[m[K’ when C++17 is enabled changed to match C++14 in GCC 10.1
  142 |   EIGEN_DEVICE_FUNC inline typename internal::cast_return_type<Rotation2D,Rotation2D<NewScalarType> >::type [01;36m[Kcast[m[K() const
      |                                                                                                             [01;36m[K^~~~[m[K
/usr/include/eigen3/Eigen/src/Geometry/Rotation2D.h: In instantiation of ‘[01m[Kstatic Eigen::Rotation2D<Scalar> Eigen::Rotation2D<Scalar>::Identity() [with _Scalar = double][m[K’:
[01m[K/home/faith/Work/carto_ws/src/cartographer/cartographer/transform/rigid_transform.h:40:74:[m[K   required from ‘[01m[Kcartographer::transform::Rigid2<FloatType>::Rigid2() [with FloatType = double][m[K’
[01m[K/usr/include/c++/11/bits/unique_ptr.h:962:30:[m[K   required from ‘[01m[Ktypename std::_MakeUniq<_Tp>::__single_object std::make_unique(_Args&& ...) [with _Tp = cartographer::transform::Rigid2<double>; _Args = {}; typename std::_MakeUniq<_Tp>::__single_object = std::unique_ptr<cartographer::transform::Rigid2<double> >][m[K’
[01m[K/home/faith/Work/carto_ws/src/cartographer/cartographer/mapping/internal/2d/local_trajectory_builder_2d.cc:84:64:[m[K   required from here
[01m[K/usr/include/eigen3/Eigen/src/Geometry/Rotation2D.h:152:46:[m[K [01;36m[Knote: [m[Kparameter passing for argument of type ‘[01m[KEigen::Rotation2D<double>[m[K’ when C++17 is enabled changed to match C++14 in GCC 10.1
  152 |   EIGEN_DEVICE_FUNC static inline Rotation2D [01;36m[KIdentity[m[K() { return Rotation2D(0); }
      |                                              [01;36m[K^~~~~~~~[m[K
In file included from [01m[K/home/faith/Work/carto_ws/src/cartographer/cartographer/transform/transform.h:26[m[K,
                 from [01m[K/home/faith/Work/carto_ws/src/cartographer/cartographer/sensor/rangefinder_point.h:24[m[K,
                 from [01m[K/home/faith/Work/carto_ws/src/cartographer/cartographer/sensor/point_cloud.h:24[m[K,
                 from [01m[K/home/faith/Work/carto_ws/src/cartographer/cartographer/sensor/compressed_point_cloud.h:25[m[K,
                 from [01m[K/home/faith/Work/carto_ws/src/cartographer/cartographer/sensor/range_data.h:21[m[K,
                 from [01m[K/home/faith/Work/carto_ws/src/cartographer/cartographer/mapping/trajectory_node.h:27[m[K,
                 from [01m[K/home/faith/Work/carto_ws/src/cartographer/cartographer/mapping/2d/map_limits.h:28[m[K,
                 from [01m[K/home/faith/Work/carto_ws/src/cartographer/cartographer/mapping/2d/grid_2d.h:22[m[K,
                 from [01m[K/home/faith/Work/carto_ws/src/cartographer/cartographer/mapping/2d/submap_2d.h:25[m[K,
                 from [01m[K/home/faith/Work/carto_ws/src/cartographer/cartographer/mapping/internal/2d/local_trajectory_builder_2d.h:24[m[K,
                 from [01m[K/home/faith/Work/carto_ws/src/cartographer/cartographer/mapping/internal/2d/local_trajectory_builder_2d.cc:17[m[K:
[01m[K/home/faith/Work/carto_ws/src/cartographer/cartographer/transform/rigid_transform.h:[m[K In member function ‘[01m[Kcartographer::transform::Rigid2<OtherType> cartographer::transform::Rigid2<FloatType>::cast() const [with OtherType = float; FloatType = double][m[K’:
[01m[K/home/faith/Work/carto_ws/src/cartographer/cartographer/transform/rigid_transform.h:63:64:[m[K [01;36m[Knote: [m[Kparameter passing for argument of type ‘[01m[KEigen::Rotation2D<float>[m[K’ when C++17 is enabled changed to match C++14 in GCC 10.1
   63 |                              [01;36m[Krotation_.template cast<OtherType>()[m[K);
      |                              [01;36m[K~~~~~~~~~~~~~~~~~~~~~~~~~~~~~~~~~~^~[m[K
[01m[K/home/faith/Work/carto_ws/src/cartographer/cartographer/transform/rigid_transform.h:[m[K In constructor ‘[01m[Kcartographer::transform::Rigid2<FloatType>::Rigid2() [with FloatType = double][m[K’:
[01m[K/home/faith/Work/carto_ws/src/cartographer/cartographer/transform/rigid_transform.h:40:74:[m[K [01;36m[Knote: [m[Kparameter passing for argument of type ‘[01m[KEigen::Rotation2D<double>[m[K’ when C++17 is enabled changed to match C++14 in GCC 10.1
   40 |   Rigid2() : translation_(Vector::Zero()), rotation_([01;36m[KRotation2D::Identity()[m[K) {}
      |                                                      [01;36m[K~~~~~~~~~~~~~~~~~~~~^~[m[K
[01m[K/home/faith/Work/carto_ws/src/cartographer/cartographer/transform/rigid_transform.h:[m[K In member function ‘[01m[Kcartographer::transform::Rigid2<OtherType> cartographer::transform::Rigid2<FloatType>::cast() const [with OtherType = float; FloatType = double][m[K’:
[01m[K/home/faith/Work/carto_ws/src/cartographer/cartographer/transform/rigid_transform.h:63:64:[m[K [01;36m[Knote: [m[Kparameter passing for argument of type ‘[01m[KEigen::Rotation2D<float>[m[K’ when C++17 is enabled changed to match C++14 in GCC 10.1
   63 |                              [01;36m[Krotation_.template cast<OtherType>()[m[K);
      |                              [01;36m[K~~~~~~~~~~~~~~~~~~~~~~~~~~~~~~~~~~^~[m[K
In file included from [01m[K/home/faith/Work/carto_ws/src/cartographer/cartographer/sensor/rangefinder_point.h:24[m[K,
                 from [01m[K/home/faith/Work/carto_ws/src/cartographer/cartographer/sensor/point_cloud.h:24[m[K,
                 from [01m[K/home/faith/Work/carto_ws/src/cartographer/cartographer/sensor/compressed_point_cloud.h:25[m[K,
                 from [01m[K/home/faith/Work/carto_ws/src/cartographer/cartographer/sensor/range_data.h:21[m[K,
                 from [01m[K/home/faith/Work/carto_ws/src/cartographer/cartographer/mapping/trajectory_node.h:27[m[K,
                 from [01m[K/home/faith/Work/carto_ws/src/cartographer/cartographer/mapping/2d/map_limits.h:28[m[K,
                 from [01m[K/home/faith/Work/carto_ws/src/cartographer/cartographer/mapping/2d/grid_2d.h:22[m[K,
                 from [01m[K/home/faith/Work/carto_ws/src/cartographer/cartographer/mapping/2d/submap_2d.h:25[m[K,
                 from [01m[K/home/faith/Work/carto_ws/src/cartographer/cartographer/mapping/internal/2d/local_trajectory_builder_2d.h:24[m[K,
                 from [01m[K/home/faith/Work/carto_ws/src/cartographer/cartographer/mapping/internal/2d/local_trajectory_builder_2d.cc:17[m[K:
[01m[K/home/faith/Work/carto_ws/src/cartographer/cartographer/transform/transform.h:[m[K In function ‘[01m[Kcartographer::transform::Rigid3<FloatType> cartographer::transform::Embed3D(const cartographer::transform::Rigid2<FloatType>&) [with T = double][m[K’:
[01m[K/home/faith/Work/carto_ws/src/cartographer/cartographer/transform/transform.h:113:45:[m[K [01;36m[Knote: [m[Kparameter passing for argument of type ‘[01m[KEigen::Rotation2D<double>[m[K’ when C++17 is enabled changed to match C++14 in GCC 10.1
  113 |       Eigen::AngleAxis<T>([01;36m[Ktransform.rotation()[m[K.angle(),
      |                           [01;36m[K~~~~~~~~~~~~~~~~~~^~[m[K
[01m[K/home/faith/Work/carto_ws/src/cartographer/cartographer/transform/transform.h:[m[K In function ‘[01m[Kcartographer::transform::Rigid3<FloatType> cartographer::transform::Embed3D(const cartographer::transform::Rigid2<FloatType>&) [with T = float][m[K’:
[01m[K/home/faith/Work/carto_ws/src/cartographer/cartographer/transform/transform.h:113:45:[m[K [01;36m[Knote: [m[Kparameter passing for argument of type ‘[01m[KEigen::Rotation2D<float>[m[K’ when C++17 is enabled changed to match C++14 in GCC 10.1
  113 |       Eigen::AngleAxis<T>([01;36m[Ktransform.rotation()[m[K.angle(),
      |                           [01;36m[K~~~~~~~~~~~~~~~~~~^~[m[K
In file included from [01m[K/usr/include/eigen3/Eigen/Geometry:41[m[K,
                 from [01m[K/home/faith/Work/carto_ws/src/cartographer/cartographer/mapping/internal/2d/pose_graph_2d.h:29[m[K,
                 from [01m[K/home/faith/Work/carto_ws/src/cartographer/cartographer/mapping/internal/2d/pose_graph_2d.cc:17[m[K:
/usr/include/eigen3/Eigen/src/Geometry/Rotation2D.h: In instantiation of ‘[01m[KEigen::Rotation2D<Scalar> Eigen::Rotation2D<Scalar>::inverse() const [with _Scalar = double][m[K’:
[01m[K/home/faith/Work/carto_ws/src/cartographer/cartographer/transform/rigid_transform.h:75:50:[m[K   required from ‘[01m[Kcartographer::transform::Rigid2<FloatType> cartographer::transform::Rigid2<FloatType>::inverse() const [with FloatType = double][m[K’
[01m[K/home/faith/Work/carto_ws/src/cartographer/cartographer/mapping/internal/2d/pose_graph_2d.cc:112:74:[m[K   required from here
[01m[K/usr/include/eigen3/Eigen/src/Geometry/Rotation2D.h:98:39:[m[K [01;36m[Knote: [m[Kparameter passing for argument of type ‘[01m[KEigen::Rotation2D<double>[m[K’ when C++17 is enabled changed to match C++14 in GCC 10.1
   98 |   EIGEN_DEVICE_FUNC inline Rotation2D [01;36m[Kinverse[m[K() const { return Rotation2D(-m_angle); }
      |                                       [01;36m[K^~~~~~~[m[K
In file included from [01m[K/home/faith/Work/carto_ws/src/cartographer/cartographer/transform/transform.h:26[m[K,
                 from [01m[K/home/faith/Work/carto_ws/src/cartographer/cartographer/sensor/rangefinder_point.h:24[m[K,
                 from [01m[K/home/faith/Work/carto_ws/src/cartographer/cartographer/sensor/point_cloud.h:24[m[K,
                 from [01m[K/home/faith/Work/carto_ws/src/cartographer/cartographer/sensor/compressed_point_cloud.h:25[m[K,
                 from [01m[K/home/faith/Work/carto_ws/src/cartographer/cartographer/sensor/range_data.h:21[m[K,
                 from [01m[K/home/faith/Work/carto_ws/src/cartographer/cartographer/mapping/trajectory_node.h:27[m[K,
                 from [01m[K/home/faith/Work/carto_ws/src/cartographer/cartographer/mapping/2d/map_limits.h:28[m[K,
                 from [01m[K/home/faith/Work/carto_ws/src/cartographer/cartographer/mapping/2d/grid_2d.h:22[m[K,
                 from [01m[K/home/faith/Work/carto_ws/src/cartographer/cartographer/mapping/internal/2d/scan_matching/fast_correlative_scan_matcher_2d.h:33[m[K,
                 from [01m[K/home/faith/Work/carto_ws/src/cartographer/cartographer/mapping/internal/2d/scan_matching/fast_correlative_scan_matcher_2d.cc:17[m[K:
/home/faith/Work/carto_ws/src/cartographer/cartographer/transform/rigid_transform.h: In instantiation of ‘[01m[Kcartographer::transform::Rigid2<FloatType>::Rotation2D cartographer::transform::Rigid2<FloatType>::rotation() const [with FloatType = double; cartographer::transform::Rigid2<FloatType>::Rotation2D = Eigen::Rotation2D<double>][m[K’:
[01m[K/home/faith/Work/carto_ws/src/cartographer/cartographer/mapping/internal/2d/scan_matching/fast_correlative_scan_matcher_2d.cc:235:77:[m[K   required from here
[01m[K/home/faith/Work/carto_ws/src/cartographer/cartographer/transform/rigid_transform.h:68:14:[m[K [01;36m[Knote: [m[Kparameter passing for argument of type ‘[01m[KEigen::Rotation2D<double>[m[K’ when C++17 is enabled changed to match C++14 in GCC 10.1
   68 |   Rotation2D [01;36m[Krotation[m[K() const { return rotation_; }
      |              [01;36m[K^~~~~~~~[m[K
In file included from [01m[K/usr/include/eigen3/Eigen/Geometry:41[m[K,
                 from [01m[K/home/faith/Work/carto_ws/src/cartographer/cartographer/mapping/2d/map_limits.h:24[m[K,
                 from [01m[K/home/faith/Work/carto_ws/src/cartographer/cartographer/mapping/2d/grid_2d.h:22[m[K,
                 from [01m[K/home/faith/Work/carto_ws/src/cartographer/cartographer/mapping/internal/2d/scan_matching/fast_correlative_scan_matcher_2d.h:33[m[K,
                 from [01m[K/home/faith/Work/carto_ws/src/cartographer/cartographer/mapping/internal/2d/scan_matching/fast_correlative_scan_matcher_2d.cc:17[m[K:
/usr/include/eigen3/Eigen/src/Geometry/Rotation2D.h: In instantiation of ‘[01m[Ktypename Eigen::internal::cast_return_type<Eigen::Rotation2D<Scalar>, Eigen::Rotation2D<NewScalarType> >::type Eigen::Rotation2D<Scalar>::cast() const [with NewScalarType = float; _Scalar = double; typename Eigen::internal::cast_return_type<Eigen::Rotation2D<Scalar>, Eigen::Rotation2D<NewScalarType> >::type = Eigen::Rotation2D<float>][m[K’:
[01m[K/home/faith/Work/carto_ws/src/cartographer/cartographer/mapping/internal/2d/scan_matching/fast_correlative_scan_matcher_2d.cc:239:39:[m[K   required from here
[01m[K/usr/include/eigen3/Eigen/src/Geometry/Rotation2D.h:142:109:[m[K [01;36m[Knote: [m[Kparameter passing for argument of type ‘[01m[KEigen::Rotation2D<float>[m[K’ when C++17 is enabled changed to match C++14 in GCC 10.1
  142 |   EIGEN_DEVICE_FUNC inline typename internal::cast_return_type<Rotation2D,Rotation2D<NewScalarType> >::type [01;36m[Kcast[m[K() const
      |                                                                                                             [01;36m[K^~~~[m[K
/usr/include/eigen3/Eigen/src/Geometry/Rotation2D.h: In instantiation of ‘[01m[KEigen::Rotation2D<Scalar> Eigen::Rotation2D<Scalar>::operator*(const Eigen::Rotation2D<Scalar>&) const [with _Scalar = double][m[K’:
[01m[K/home/faith/Work/carto_ws/src/cartographer/cartographer/mapping/internal/2d/scan_matching/fast_correlative_scan_matcher_2d.cc:258:73:[m[K   required from here
[01m[K/usr/include/eigen3/Eigen/src/Geometry/Rotation2D.h:101:39:[m[K [01;36m[Knote: [m[Kparameter passing for argument of type ‘[01m[KEigen::Rotation2D<double>[m[K’ when C++17 is enabled changed to match C++14 in GCC 10.1
  101 |   EIGEN_DEVICE_FUNC inline Rotation2D [01;36m[Koperator[m[K*(const Rotation2D& other) const
      |                                       [01;36m[K^~~~~~~~[m[K
In file included from [01m[K/home/faith/Work/carto_ws/src/cartographer/cartographer/transform/transform.h:26[m[K,
                 from [01m[K/home/faith/Work/carto_ws/src/cartographer/cartographer/sensor/rangefinder_point.h:24[m[K,
                 from [01m[K/home/faith/Work/carto_ws/src/cartographer/cartographer/sensor/point_cloud.h:24[m[K,
                 from [01m[K/home/faith/Work/carto_ws/src/cartographer/cartographer/sensor/compressed_point_cloud.h:25[m[K,
                 from [01m[K/home/faith/Work/carto_ws/src/cartographer/cartographer/sensor/range_data.h:21[m[K,
                 from [01m[K/home/faith/Work/carto_ws/src/cartographer/cartographer/mapping/trajectory_node.h:27[m[K,
                 from [01m[K/home/faith/Work/carto_ws/src/cartographer/cartographer/mapping/2d/map_limits.h:28[m[K,
                 from [01m[K/home/faith/Work/carto_ws/src/cartographer/cartographer/mapping/2d/grid_2d.h:22[m[K,
                 from [01m[K/home/faith/Work/carto_ws/src/cartographer/cartographer/mapping/internal/2d/scan_matching/ceres_scan_matcher_2d.h:25[m[K,
                 from [01m[K/home/faith/Work/carto_ws/src/cartographer/cartographer/mapping/internal/2d/scan_matching/ceres_scan_matcher_2d.cc:17[m[K:
/home/faith/Work/carto_ws/src/cartographer/cartographer/transform/rigid_transform.h: In instantiation of ‘[01m[Kcartographer::transform::Rigid2<FloatType>::Rotation2D cartographer::transform::Rigid2<FloatType>::rotation() const [with FloatType = double; cartographer::transform::Rigid2<FloatType>::Rotation2D = Eigen::Rotation2D<double>][m[K’:
[01m[K/home/faith/Work/carto_ws/src/cartographer/cartographer/mapping/internal/2d/scan_matching/ceres_scan_matcher_2d.cc:71:66:[m[K   required from here
[01m[K/home/faith/Work/carto_ws/src/cartographer/cartographer/transform/rigid_transform.h:68:14:[m[K [01;36m[Knote: [m[Kparameter passing for argument of type ‘[01m[KEigen::Rotation2D<double>[m[K’ when C++17 is enabled changed to match C++14 in GCC 10.1
   68 |   Rotation2D [01;36m[Krotation[m[K() const { return rotation_; }
      |              [01;36m[K^~~~~~~~[m[K
[01m[K/home/faith/Work/carto_ws/src/cartographer/cartographer/mapping/internal/2d/scan_matching/fast_correlative_scan_matcher_2d.cc:[m[K In member function ‘[01m[Kbool cartographer::mapping::scan_matching::FastCorrelativeScanMatcher2D::MatchWithSearchParameters(cartographer::mapping::scan_matching::SearchParameters, const Rigid2d&, const cartographer::sensor::PointCloud&, float, float*, cartographer::transform::Rigid2d*) const[m[K’:
[01m[K/home/faith/Work/carto_ws/src/cartographer/cartographer/mapping/internal/2d/scan_matching/fast_correlative_scan_matcher_2d.cc:239:39:[m[K [01;36m[Knote: [m[Kparameter passing for argument of type ‘[01m[KEigen::Rotation2D<float>[m[K’ when C++17 is enabled changed to match C++14 in GCC 10.1
  239 |           [01;36m[Kinitial_rotation.cast<float>()[m[K.angle(), Eigen::Vector3f::UnitZ())));
      |           [01;36m[K~~~~~~~~~~~~~~~~~~~~~~~~~~~~^~[m[K
[01m[K/home/faith/Work/carto_ws/src/cartographer/cartographer/mapping/internal/2d/scan_matching/fast_correlative_scan_matcher_2d.cc:258:26:[m[K [01;36m[Knote: [m[Kparameter passing for argument of type ‘[01m[KEigen::Rotation2D<double>[m[K’ when C++17 is enabled changed to match C++14 in GCC 10.1
  258 |         [01;36m[Kinitial_rotation * Eigen::Rotation2Dd(best_candidate.orientation)[m[K);
      |         [01;36m[K~~~~~~~~~~~~~~~~~^~~~~~~~~~~~~~~~~~~~~~~~~~~~~~~~~~~~~~~~~~~~~~~~[m[K
In file included from [01m[K/usr/include/eigen3/Eigen/Geometry:41[m[K,
                 from [01m[K/home/faith/Work/carto_ws/src/cartographer/cartographer/mapping/2d/map_limits.h:24[m[K,
                 from [01m[K/home/faith/Work/carto_ws/src/cartographer/cartographer/mapping/2d/grid_2d.h:22[m[K,
                 from [01m[K/home/faith/Work/carto_ws/src/cartographer/cartographer/mapping/internal/2d/scan_matching/fast_correlative_scan_matcher_2d.h:33[m[K,
                 from [01m[K/home/faith/Work/carto_ws/src/cartographer/cartographer/mapping/internal/2d/scan_matching/fast_correlative_scan_matcher_2d.cc:17[m[K:
[01m[K/usr/include/eigen3/Eigen/src/Geometry/Rotation2D.h:[m[K In member function ‘[01m[Ktypename Eigen::internal::cast_return_type<Eigen::Rotation2D<Scalar>, Eigen::Rotation2D<NewScalarType> >::type Eigen::Rotation2D<Scalar>::cast() const [with NewScalarType = float; _Scalar = double][m[K’:
[01m[K/usr/include/eigen3/Eigen/src/Geometry/Rotation2D.h:142:109:[m[K [01;36m[Knote: [m[Kparameter passing for argument of type ‘[01m[KEigen::Rotation2D<float>[m[K’ when C++17 is enabled changed to match C++14 in GCC 10.1
  142 |   EIGEN_DEVICE_FUNC inline typename internal::cast_return_type<Rotation2D,Rotation2D<NewScalarType> >::type [01;36m[Kcast[m[K() const
      |                                                                                                             [01;36m[K^~~~[m[K
[01m[K/usr/include/eigen3/Eigen/src/Geometry/Rotation2D.h:[m[K In member function ‘[01m[KEigen::Rotation2D<Scalar> Eigen::Rotation2D<Scalar>::operator*(const Eigen::Rotation2D<Scalar>&) const [with _Scalar = double][m[K’:
[01m[K/usr/include/eigen3/Eigen/src/Geometry/Rotation2D.h:101:39:[m[K [01;36m[Knote: [m[Kparameter passing for argument of type ‘[01m[KEigen::Rotation2D<double>[m[K’ when C++17 is enabled changed to match C++14 in GCC 10.1
  101 |   EIGEN_DEVICE_FUNC inline Rotation2D [01;36m[Koperator[m[K*(const Rotation2D& other) const
      |                                       [01;36m[K^~~~~~~~[m[K
[01m[K/home/faith/Work/carto_ws/src/cartographer/cartographer/mapping/internal/2d/scan_matching/fast_correlative_scan_matcher_2d.cc:[m[K In member function ‘[01m[Kbool cartographer::mapping::scan_matching::FastCorrelativeScanMatcher2D::MatchWithSearchParameters(cartographer::mapping::scan_matching::SearchParameters, const Rigid2d&, const cartographer::sensor::PointCloud&, float, float*, cartographer::transform::Rigid2d*) const[m[K’:
[01m[K/home/faith/Work/carto_ws/src/cartographer/cartographer/mapping/internal/2d/scan_matching/fast_correlative_scan_matcher_2d.cc:239:39:[m[K [01;36m[Knote: [m[Kparameter passing for argument of type ‘[01m[KEigen::Rotation2D<float>[m[K’ when C++17 is enabled changed to match C++14 in GCC 10.1
  239 |           [01;36m[Kinitial_rotation.cast<float>()[m[K.angle(), Eigen::Vector3f::UnitZ())));
      |           [01;36m[K~~~~~~~~~~~~~~~~~~~~~~~~~~~~^~[m[K
[01m[K/home/faith/Work/carto_ws/src/cartographer/cartographer/mapping/internal/2d/scan_matching/fast_correlative_scan_matcher_2d.cc:235:77:[m[K [01;36m[Knote: [m[Kparameter passing for argument of type ‘[01m[KEigen::Rotation2D<double>[m[K’ when C++17 is enabled changed to match C++14 in GCC 10.1
  235 |   const Eigen::Rotation2Dd initial_rotation = [01;36m[Kinitial_pose_estimate.rotation()[m[K;
      |                                               [01;36m[K~~~~~~~~~~~~~~~~~~~~~~~~~~~~~~^~[m[K
In file included from [01m[K/home/faith/Work/carto_ws/src/cartographer/cartographer/transform/transform.h:26[m[K,
                 from [01m[K/home/faith/Work/carto_ws/src/cartographer/cartographer/sensor/rangefinder_point.h:24[m[K,
                 from [01m[K/home/faith/Work/carto_ws/src/cartographer/cartographer/sensor/point_cloud.h:24[m[K,
                 from [01m[K/home/faith/Work/carto_ws/src/cartographer/cartographer/sensor/compressed_point_cloud.h:25[m[K,
                 from [01m[K/home/faith/Work/carto_ws/src/cartographer/cartographer/sensor/range_data.h:21[m[K,
                 from [01m[K/home/faith/Work/carto_ws/src/cartographer/cartographer/mapping/trajectory_node.h:27[m[K,
                 from [01m[K/home/faith/Work/carto_ws/src/cartographer/cartographer/mapping/2d/map_limits.h:28[m[K,
                 from [01m[K/home/faith/Work/carto_ws/src/cartographer/cartographer/mapping/2d/grid_2d.h:22[m[K,
                 from [01m[K/home/faith/Work/carto_ws/src/cartographer/cartographer/mapping/internal/2d/scan_matching/real_time_correlative_scan_matcher_2d.h:44[m[K,
                 from [01m[K/home/faith/Work/carto_ws/src/cartographer/cartographer/mapping/internal/2d/scan_matching/real_time_correlative_scan_matcher_2d.cc:17[m[K:
/home/faith/Work/carto_ws/src/cartographer/cartographer/transform/rigid_transform.h: In instantiation of ‘[01m[Kcartographer::transform::Rigid2<FloatType>::Rotation2D cartographer::transform::Rigid2<FloatType>::rotation() const [with FloatType = double; cartographer::transform::Rigid2<FloatType>::Rotation2D = Eigen::Rotation2D<double>][m[K’:
[01m[K/home/faith/Work/carto_ws/src/cartographer/cartographer/mapping/internal/2d/scan_matching/real_time_correlative_scan_matcher_2d.cc:123:77:[m[K   required from here
[01m[K/home/faith/Work/carto_ws/src/cartographer/cartographer/transform/rigid_transform.h:68:14:[m[K [01;36m[Knote: [m[Kparameter passing for argument of type ‘[01m[KEigen::Rotation2D<double>[m[K’ when C++17 is enabled changed to match C++14 in GCC 10.1
   68 |   Rotation2D [01;36m[Krotation[m[K() const { return rotation_; }
      |              [01;36m[K^~~~~~~~[m[K
In file included from [01m[K/usr/include/eigen3/Eigen/Geometry:41[m[K,
                 from [01m[K/home/faith/Work/carto_ws/src/cartographer/cartographer/mapping/2d/map_limits.h:24[m[K,
                 from [01m[K/home/faith/Work/carto_ws/src/cartographer/cartographer/mapping/2d/grid_2d.h:22[m[K,
                 from [01m[K/home/faith/Work/carto_ws/src/cartographer/cartographer/mapping/internal/2d/scan_matching/real_time_correlative_scan_matcher_2d.h:44[m[K,
                 from [01m[K/home/faith/Work/carto_ws/src/cartographer/cartographer/mapping/internal/2d/scan_matching/real_time_correlative_scan_matcher_2d.cc:17[m[K:
/usr/include/eigen3/Eigen/src/Geometry/Rotation2D.h: In instantiation of ‘[01m[Ktypename Eigen::internal::cast_return_type<Eigen::Rotation2D<Scalar>, Eigen::Rotation2D<NewScalarType> >::type Eigen::Rotation2D<Scalar>::cast() const [with NewScalarType = float; _Scalar = double; typename Eigen::internal::cast_return_type<Eigen::Rotation2D<Scalar>, Eigen::Rotation2D<NewScalarType> >::type = Eigen::Rotation2D<float>][m[K’:
[01m[K/home/faith/Work/carto_ws/src/cartographer/cartographer/mapping/internal/2d/scan_matching/real_time_correlative_scan_matcher_2d.cc:127:39:[m[K   required from here
[01m[K/usr/include/eigen3/Eigen/src/Geometry/Rotation2D.h:142:109:[m[K [01;36m[Knote: [m[Kparameter passing for argument of type ‘[01m[KEigen::Rotation2D<float>[m[K’ when C++17 is enabled changed to match C++14 in GCC 10.1
  142 |   EIGEN_DEVICE_FUNC inline typename internal::cast_return_type<Rotation2D,Rotation2D<NewScalarType> >::type [01;36m[Kcast[m[K() const
      |                                                                                                             [01;36m[K^~~~[m[K
/usr/include/eigen3/Eigen/src/Geometry/Rotation2D.h: In instantiation of ‘[01m[KEigen::Rotation2D<Scalar> Eigen::Rotation2D<Scalar>::operator*(const Eigen::Rotation2D<Scalar>&) const [with _Scalar = double][m[K’:
[01m[K/home/faith/Work/carto_ws/src/cartographer/cartographer/mapping/internal/2d/scan_matching/real_time_correlative_scan_matcher_2d.cc:147:71:[m[K   required from here
[01m[K/usr/include/eigen3/Eigen/src/Geometry/Rotation2D.h:101:39:[m[K [01;36m[Knote: [m[Kparameter passing for argument of type ‘[01m[KEigen::Rotation2D<double>[m[K’ when C++17 is enabled changed to match C++14 in GCC 10.1
  101 |   EIGEN_DEVICE_FUNC inline Rotation2D [01;36m[Koperator[m[K*(const Rotation2D& other) const
      |                                       [01;36m[K^~~~~~~~[m[K
[01m[K/home/faith/Work/carto_ws/src/cartographer/cartographer/mapping/internal/2d/scan_matching/real_time_correlative_scan_matcher_2d.cc:[m[K In member function ‘[01m[Kdouble cartographer::mapping::scan_matching::RealTimeCorrelativeScanMatcher2D::Match(const Rigid2d&, const cartographer::sensor::PointCloud&, const cartographer::mapping::Grid2D&, cartographer::transform::Rigid2d*) const[m[K’:
[01m[K/home/faith/Work/carto_ws/src/cartographer/cartographer/mapping/internal/2d/scan_matching/real_time_correlative_scan_matcher_2d.cc:127:39:[m[K [01;36m[Knote: [m[Kparameter passing for argument of type ‘[01m[KEigen::Rotation2D<float>[m[K’ when C++17 is enabled changed to match C++14 in GCC 10.1
  127 |           [01;36m[Kinitial_rotation.cast<float>()[m[K.angle(), Eigen::Vector3f::UnitZ())));
      |           [01;36m[K~~~~~~~~~~~~~~~~~~~~~~~~~~~~^~[m[K
[01m[K/home/faith/Work/carto_ws/src/cartographer/cartographer/mapping/internal/2d/scan_matching/real_time_correlative_scan_matcher_2d.cc:147:24:[m[K [01;36m[Knote: [m[Kparameter passing for argument of type ‘[01m[KEigen::Rotation2D<double>[m[K’ when C++17 is enabled changed to match C++14 in GCC 10.1
  147 |       [01;36m[Kinitial_rotation * Eigen::Rotation2Dd(best_candidate.orientation)[m[K);
      |       [01;36m[K~~~~~~~~~~~~~~~~~^~~~~~~~~~~~~~~~~~~~~~~~~~~~~~~~~~~~~~~~~~~~~~~~[m[K
In file included from [01m[K/usr/include/eigen3/Eigen/Geometry:41[m[K,
                 from [01m[K/home/faith/Work/carto_ws/src/cartographer/cartographer/mapping/2d/map_limits.h:24[m[K,
                 from [01m[K/home/faith/Work/carto_ws/src/cartographer/cartographer/mapping/2d/grid_2d.h:22[m[K,
                 from [01m[K/home/faith/Work/carto_ws/src/cartographer/cartographer/mapping/internal/2d/scan_matching/real_time_correlative_scan_matcher_2d.h:44[m[K,
                 from [01m[K/home/faith/Work/carto_ws/src/cartographer/cartographer/mapping/internal/2d/scan_matching/real_time_correlative_scan_matcher_2d.cc:17[m[K:
[01m[K/usr/include/eigen3/Eigen/src/Geometry/Rotation2D.h:[m[K In member function ‘[01m[Ktypename Eigen::internal::cast_return_type<Eigen::Rotation2D<Scalar>, Eigen::Rotation2D<NewScalarType> >::type Eigen::Rotation2D<Scalar>::cast() const [with NewScalarType = float; _Scalar = double][m[K’:
[01m[K/usr/include/eigen3/Eigen/src/Geometry/Rotation2D.h:142:109:[m[K [01;36m[Knote: [m[Kparameter passing for argument of type ‘[01m[KEigen::Rotation2D<float>[m[K’ when C++17 is enabled changed to match C++14 in GCC 10.1
  142 |   EIGEN_DEVICE_FUNC inline typename internal::cast_return_type<Rotation2D,Rotation2D<NewScalarType> >::type [01;36m[Kcast[m[K() const
      |                                                                                                             [01;36m[K^~~~[m[K
[01m[K/usr/include/eigen3/Eigen/src/Geometry/Rotation2D.h:[m[K In member function ‘[01m[KEigen::Rotation2D<Scalar> Eigen::Rotation2D<Scalar>::operator*(const Eigen::Rotation2D<Scalar>&) const [with _Scalar = double][m[K’:
[01m[K/usr/include/eigen3/Eigen/src/Geometry/Rotation2D.h:101:39:[m[K [01;36m[Knote: [m[Kparameter passing for argument of type ‘[01m[KEigen::Rotation2D<double>[m[K’ when C++17 is enabled changed to match C++14 in GCC 10.1
  101 |   EIGEN_DEVICE_FUNC inline Rotation2D [01;36m[Koperator[m[K*(const Rotation2D& other) const
      |                                       [01;36m[K^~~~~~~~[m[K
[01m[K/home/faith/Work/carto_ws/src/cartographer/cartographer/mapping/internal/2d/scan_matching/real_time_correlative_scan_matcher_2d.cc:[m[K In function ‘[01m[Kfloat cartographer::mapping::scan_matching::{anonymous}::ComputeCandidateScore(const cartographer::mapping::TSDF2D&, const DiscreteScan2D&, int, int)[m[K’:
[01m[K/home/faith/Work/carto_ws/src/cartographer/cartographer/mapping/internal/2d/scan_matching/real_time_correlative_scan_matcher_2d.cc:47:47:[m[K [01;36m[Knote: [m[Kparameter passing for argument of type ‘[01m[Kstd::pair<float, float>[m[K’ when C++17 is enabled changed to match C++14 in GCC 10.1
   47 |         tsdf.GetTSDAndWeight(proposed_xy_index[01;36m[K)[m[K;
      |                                               [01;36m[K^[m[K
[01m[K/home/faith/Work/carto_ws/src/cartographer/cartographer/mapping/internal/2d/scan_matching/real_time_correlative_scan_matcher_2d.cc:[m[K In member function ‘[01m[Kdouble cartographer::mapping::scan_matching::RealTimeCorrelativeScanMatcher2D::Match(const Rigid2d&, const cartographer::sensor::PointCloud&, const cartographer::mapping::Grid2D&, cartographer::transform::Rigid2d*) const[m[K’:
[01m[K/home/faith/Work/carto_ws/src/cartographer/cartographer/mapping/internal/2d/scan_matching/real_time_correlative_scan_matcher_2d.cc:127:39:[m[K [01;36m[Knote: [m[Kparameter passing for argument of type ‘[01m[KEigen::Rotation2D<float>[m[K’ when C++17 is enabled changed to match C++14 in GCC 10.1
  127 |           [01;36m[Kinitial_rotation.cast<float>()[m[K.angle(), Eigen::Vector3f::UnitZ())));
      |           [01;36m[K~~~~~~~~~~~~~~~~~~~~~~~~~~~~^~[m[K
[01m[K/home/faith/Work/carto_ws/src/cartographer/cartographer/mapping/internal/2d/scan_matching/real_time_correlative_scan_matcher_2d.cc:123:77:[m[K [01;36m[Knote: [m[Kparameter passing for argument of type ‘[01m[KEigen::Rotation2D<double>[m[K’ when C++17 is enabled changed to match C++14 in GCC 10.1
  123 |   const Eigen::Rotation2Dd initial_rotation = [01;36m[Kinitial_pose_estimate.rotation()[m[K;
      |                                               [01;36m[K~~~~~~~~~~~~~~~~~~~~~~~~~~~~~~^~[m[K
[01m[K/home/faith/Work/carto_ws/src/cartographer/cartographer/mapping/internal/2d/scan_matching/real_time_correlative_scan_matcher_2d.cc:[m[K In member function ‘[01m[Kvoid cartographer::mapping::scan_matching::RealTimeCorrelativeScanMatcher2D::ScoreCandidates(const cartographer::mapping::Grid2D&, const std::vector<std::vector<Eigen::Array<int, 2, 1> > >&, const cartographer::mapping::scan_matching::SearchParameters&, std::vector<cartographer::mapping::scan_matching::Candidate2D>*) const[m[K’:
[01m[K/home/faith/Work/carto_ws/src/cartographer/cartographer/mapping/internal/2d/scan_matching/real_time_correlative_scan_matcher_2d.cc:151:6:[m[K [01;36m[Knote: [m[Kparameter passing for argument of type ‘[01m[Kstd::pair<float, float>[m[K’ when C++17 is enabled changed to match C++14 in GCC 10.1
  151 | void [01;36m[KRealTimeCorrelativeScanMatcher2D[m[K::ScoreCandidates(
      |      [01;36m[K^~~~~~~~~~~~~~~~~~~~~~~~~~~~~~~~[m[K
[01m[K/home/faith/Work/carto_ws/src/cartographer/cartographer/mapping/internal/2d/tsdf_2d.cc:[m[K In member function ‘[01m[Kstd::pair<float, float> cartographer::mapping::TSDF2D::GetTSDAndWeight(const Array2i&) const[m[K’:
[01m[K/home/faith/Work/carto_ws/src/cartographer/cartographer/mapping/internal/2d/tsdf_2d.cc:89:39:[m[K [01;36m[Knote: [m[Kparameter passing for argument of type ‘[01m[Kstd::pair<float, float>[m[K’ when C++17 is enabled changed to match C++14 in GCC 10.1
   89 |     const Eigen::Array2i& cell_index) [01;36m[Kconst[m[K {
      |                                       [01;36m[K^~~~~[m[K
[01m[K/home/faith/Work/carto_ws/src/cartographer/cartographer/mapping/internal/2d/tsdf_range_data_inserter_2d.cc:[m[K In member function ‘[01m[Kvoid cartographer::mapping::TSDFRangeDataInserter2D::UpdateCell(const Array2i&, float, float, cartographer::mapping::TSDF2D*) const[m[K’:
[01m[K/home/faith/Work/carto_ws/src/cartographer/cartographer/mapping/internal/2d/tsdf_range_data_inserter_2d.cc:231:76:[m[K [01;36m[Knote: [m[Kparameter passing for argument of type ‘[01m[Kstd::pair<float, float>[m[K’ when C++17 is enabled changed to match C++14 in GCC 10.1
  231 |   const std::pair<float, float> tsd_and_weight = tsdf->GetTSDAndWeight(cell[01;36m[K)[m[K;
      |                                                                            [01;36m[K^[m[K
In file included from [01m[K/home/faith/Work/carto_ws/src/cartographer/cartographer/transform/transform.h:26[m[K,
                 from [01m[K/home/faith/Work/carto_ws/src/cartographer/cartographer/sensor/rangefinder_point.h:24[m[K,
                 from [01m[K/home/faith/Work/carto_ws/src/cartographer/cartographer/sensor/point_cloud.h:24[m[K,
                 from [01m[K/home/faith/Work/carto_ws/src/cartographer/cartographer/sensor/compressed_point_cloud.h:25[m[K,
                 from [01m[K/home/faith/Work/carto_ws/src/cartographer/cartographer/sensor/range_data.h:21[m[K,
                 from [01m[K/home/faith/Work/carto_ws/src/cartographer/cartographer/mapping/trajectory_node.h:27[m[K,
                 from [01m[K/home/faith/Work/carto_ws/src/cartographer/cartographer/mapping/2d/map_limits.h:28[m[K,
                 from [01m[K/home/faith/Work/carto_ws/src/cartographer/cartographer/mapping/2d/grid_2d.h:22[m[K,
                 from [01m[K/home/faith/Work/carto_ws/src/cartographer/cartographer/mapping/2d/submap_2d.h:25[m[K,
                 from [01m[K/home/faith/Work/carto_ws/src/cartographer/cartographer/mapping/internal/constraints/constraint_builder_2d.h:35[m[K,
                 from [01m[K/home/faith/Work/carto_ws/src/cartographer/cartographer/mapping/internal/constraints/constraint_builder_2d.cc:17[m[K:
/home/faith/Work/carto_ws/src/cartographer/cartographer/transform/rigid_transform.h: In instantiation of ‘[01m[Kcartographer::transform::Rigid2<FloatType>::Rotation2D cartographer::transform::Rigid2<FloatType>::rotation() const [with FloatType = double; cartographer::transform::Rigid2<FloatType>::Rotation2D = Eigen::Rotation2D<double>][m[K’:
[01m[K/home/faith/Work/carto_ws/src/cartographer/cartographer/transform/rigid_transform.h:94:19:[m[K   required from ‘[01m[Kcartographer::transform::Rigid2<FloatType> cartographer::transform::operator*(const cartographer::transform::Rigid2<FloatType>&, const cartographer::transform::Rigid2<FloatType>&) [with FloatType = double][m[K’
[01m[K/home/faith/Work/carto_ws/src/cartographer/cartographer/mapping/internal/constraints/constraint_builder_2d.cc:197:36:[m[K   required from here
[01m[K/home/faith/Work/carto_ws/src/cartographer/cartographer/transform/rigid_transform.h:68:14:[m[K [01;36m[Knote: [m[Kparameter passing for argument of type ‘[01m[KEigen::Rotation2D<double>[m[K’ when C++17 is enabled changed to match C++14 in GCC 10.1
   68 |   Rotation2D [01;36m[Krotation[m[K() const { return rotation_; }
      |              [01;36m[K^~~~~~~~[m[K
In file included from [01m[K/home/faith/Work/carto_ws/src/cartographer/cartographer/transform/transform.h:26[m[K,
                 from [01m[K/home/faith/Work/carto_ws/src/cartographer/cartographer/sensor/rangefinder_point.h:24[m[K,
                 from [01m[K/home/faith/Work/carto_ws/src/cartographer/cartographer/sensor/point_cloud.h:24[m[K,
                 from [01m[K/home/faith/Work/carto_ws/src/cartographer/cartographer/sensor/compressed_point_cloud.h:25[m[K,
                 from [01m[K/home/faith/Work/carto_ws/src/cartographer/cartographer/sensor/range_data.h:21[m[K,
                 from [01m[K/home/faith/Work/carto_ws/src/cartographer/cartographer/mapping/trajectory_node.h:27[m[K,
                 from [01m[K/home/faith/Work/carto_ws/src/cartographer/cartographer/mapping/submaps.h:30[m[K,
                 from [01m[K/home/faith/Work/carto_ws/src/cartographer/cartographer/mapping/pose_graph_interface.h:25[m[K,
                 from [01m[K/home/faith/Work/carto_ws/src/cartographer/cartographer/mapping/internal/optimization/cost_functions/spa_cost_function_2d.h:20[m[K,
                 from [01m[K/home/faith/Work/carto_ws/src/cartographer/cartographer/mapping/internal/optimization/cost_functions/spa_cost_function_2d.cc:17[m[K:
/home/faith/Work/carto_ws/src/cartographer/cartographer/transform/rigid_transform.h: In instantiation of ‘[01m[Kcartographer::transform::Rigid2<FloatType>::Rotation2D cartographer::transform::Rigid2<FloatType>::rotation() const [with FloatType = double; cartographer::transform::Rigid2<FloatType>::Rotation2D = Eigen::Rotation2D<double>][m[K’:
[01m[K/home/faith/Work/carto_ws/src/cartographer/cartographer/mapping/internal/optimization/cost_functions/spa_cost_function_2d.cc:90:45:[m[K   required from here
[01m[K/home/faith/Work/carto_ws/src/cartographer/cartographer/transform/rigid_transform.h:68:14:[m[K [01;36m[Knote: [m[Kparameter passing for argument of type ‘[01m[KEigen::Rotation2D<double>[m[K’ when C++17 is enabled changed to match C++14 in GCC 10.1
   68 |   Rotation2D [01;36m[Krotation[m[K() const { return rotation_; }
      |              [01;36m[K^~~~~~~~[m[K
In file included from [01m[K/home/faith/Work/carto_ws/src/cartographer/cartographer/transform/transform.h:26[m[K,
                 from [01m[K/home/faith/Work/carto_ws/src/cartographer/cartographer/sensor/rangefinder_point.h:24[m[K,
                 from [01m[K/home/faith/Work/carto_ws/src/cartographer/cartographer/sensor/point_cloud.h:24[m[K,
                 from [01m[K/home/faith/Work/carto_ws/src/cartographer/cartographer/sensor/compressed_point_cloud.h:25[m[K,
                 from [01m[K/home/faith/Work/carto_ws/src/cartographer/cartographer/sensor/range_data.h:21[m[K,
                 from [01m[K/home/faith/Work/carto_ws/src/cartographer/cartographer/mapping/trajectory_node.h:27[m[K,
                 from [01m[K/home/faith/Work/carto_ws/src/cartographer/cartographer/mapping/submaps.h:30[m[K,
                 from [01m[K/home/faith/Work/carto_ws/src/cartographer/cartographer/mapping/pose_graph_interface.h:25[m[K,
                 from [01m[K/home/faith/Work/carto_ws/src/cartographer/cartographer/mapping/internal/optimization/optimization_problem_interface.h:28[m[K,
                 from [01m[K/home/faith/Work/carto_ws/src/cartographer/cartographer/mapping/internal/optimization/optimization_problem_2d.h:31[m[K,
                 from [01m[K/home/faith/Work/carto_ws/src/cartographer/cartographer/mapping/internal/optimization/optimization_problem_2d.cc:17[m[K:
/home/faith/Work/carto_ws/src/cartographer/cartographer/transform/rigid_transform.h: In instantiation of ‘[01m[Kcartographer::transform::Rigid2<FloatType>::Rotation2D cartographer::transform::Rigid2<FloatType>::rotation() const [with FloatType = double; cartographer::transform::Rigid2<FloatType>::Rotation2D = Eigen::Rotation2D<double>][m[K’:
[01m[K/home/faith/Work/carto_ws/src/cartographer/cartographer/transform/rigid_transform.h:71:45:[m[K   required from ‘[01m[Kdouble cartographer::transform::Rigid2<FloatType>::normalized_angle() const [with FloatType = double][m[K’
[01m[K/home/faith/Work/carto_ws/src/cartographer/cartographer/mapping/internal/optimization/optimization_problem_2d.cc:80:33:[m[K   required from here
[01m[K/home/faith/Work/carto_ws/src/cartographer/cartographer/transform/rigid_transform.h:68:14:[m[K [01;36m[Knote: [m[Kparameter passing for argument of type ‘[01m[KEigen::Rotation2D<double>[m[K’ when C++17 is enabled changed to match C++14 in GCC 10.1
   68 |   Rotation2D [01;36m[Krotation[m[K() const { return rotation_; }
      |              [01;36m[K^~~~~~~~[m[K
In file included from [01m[K/home/faith/Work/carto_ws/src/cartographer/cartographer/transform/transform.h:26[m[K,
                 from [01m[K/home/faith/Work/carto_ws/src/cartographer/cartographer/transform/transform.cc:17[m[K:
/home/faith/Work/carto_ws/src/cartographer/cartographer/transform/rigid_transform.h: In instantiation of ‘[01m[Kcartographer::transform::Rigid2<FloatType>::Rotation2D cartographer::transform::Rigid2<FloatType>::rotation() const [with FloatType = double; cartographer::transform::Rigid2<FloatType>::Rotation2D = Eigen::Rotation2D<double>][m[K’:
[01m[K/home/faith/Work/carto_ws/src/cartographer/cartographer/transform/transform.cc:52:40:[m[K   required from here
[01m[K/home/faith/Work/carto_ws/src/cartographer/cartographer/transform/rigid_transform.h:68:14:[m[K [01;36m[Knote: [m[Kparameter passing for argument of type ‘[01m[KEigen::Rotation2D<double>[m[K’ when C++17 is enabled changed to match C++14 in GCC 10.1
   68 |   Rotation2D [01;36m[Krotation[m[K() const { return rotation_; }
      |              [01;36m[K^~~~~~~~[m[K
/home/faith/Work/carto_ws/src/cartographer/cartographer/transform/rigid_transform.h: In instantiation of ‘[01m[Kcartographer::transform::Rigid2<FloatType>::Rotation2D cartographer::transform::Rigid2<FloatType>::rotation() const [with FloatType = float; cartographer::transform::Rigid2<FloatType>::Rotation2D = Eigen::Rotation2D<float>][m[K’:
[01m[K/home/faith/Work/carto_ws/src/cartographer/cartographer/transform/transform.cc:60:40:[m[K   required from here
[01m[K/home/faith/Work/carto_ws/src/cartographer/cartographer/transform/rigid_transform.h:68:14:[m[K [01;36m[Knote: [m[Kparameter passing for argument of type ‘[01m[KEigen::Rotation2D<float>[m[K’ when C++17 is enabled changed to match C++14 in GCC 10.1
[01m[K/home/faith/Work/carto_ws/src/cartographer/cartographer/transform/transform.cc:[m[K In function ‘[01m[Kcartographer::transform::proto::Rigid2d cartographer::transform::ToProto(const Rigid2d&)[m[K’:
[01m[K/home/faith/Work/carto_ws/src/cartographer/cartographer/transform/transform.cc:52:40:[m[K [01;36m[Knote: [m[Kparameter passing for argument of type ‘[01m[KEigen::Rotation2D<double>[m[K’ when C++17 is enabled changed to match C++14 in GCC 10.1
   52 |   proto.set_rotation([01;36m[Ktransform.rotation()[m[K.angle());
      |                      [01;36m[K~~~~~~~~~~~~~~~~~~^~[m[K
[01m[K/home/faith/Work/carto_ws/src/cartographer/cartographer/transform/transform.cc:[m[K In function ‘[01m[Kcartographer::transform::proto::Rigid2f cartographer::transform::ToProto(const Rigid2f&)[m[K’:
[01m[K/home/faith/Work/carto_ws/src/cartographer/cartographer/transform/transform.cc:60:40:[m[K [01;36m[Knote: [m[Kparameter passing for argument of type ‘[01m[KEigen::Rotation2D<float>[m[K’ when C++17 is enabled changed to match C++14 in GCC 10.1
   60 |   proto.set_rotation([01;36m[Ktransform.rotation()[m[K.angle());
      |                      [01;36m[K~~~~~~~~~~~~~~~~~~^~[m[K
[01m[K/home/faith/Work/carto_ws/src/cartographer/cartographer/transform/transform.cc:[m[K In function ‘[01m[Kcartographer::transform::proto::Rigid2d cartographer::transform::ToProto(const Rigid2d&)[m[K’:
[01m[K/home/faith/Work/carto_ws/src/cartographer/cartographer/transform/transform.cc:52:40:[m[K [01;36m[Knote: [m[Kparameter passing for argument of type ‘[01m[KEigen::Rotation2D<double>[m[K’ when C++17 is enabled changed to match C++14 in GCC 10.1
   52 |   proto.set_rotation([01;36m[Ktransform.rotation()[m[K.angle());
      |                      [01;36m[K~~~~~~~~~~~~~~~~~~^~[m[K
[01m[K/home/faith/Work/carto_ws/src/cartographer/cartographer/transform/transform.cc:[m[K In function ‘[01m[Kcartographer::transform::proto::Rigid2f cartographer::transform::ToProto(const Rigid2f&)[m[K’:
[01m[K/home/faith/Work/carto_ws/src/cartographer/cartographer/transform/transform.cc:60:40:[m[K [01;36m[Knote: [m[Kparameter passing for argument of type ‘[01m[KEigen::Rotation2D<float>[m[K’ when C++17 is enabled changed to match C++14 in GCC 10.1
   60 |   proto.set_rotation([01;36m[Ktransform.rotation()[m[K.angle());
      |                      [01;36m[K~~~~~~~~~~~~~~~~~~^~[m[K
In file included from [01m[K/home/faith/Work/carto_ws/src/cartographer/cartographer/transform/transform.h:26[m[K,
                 from [01m[K/home/faith/Work/carto_ws/src/cartographer/cartographer/sensor/rangefinder_point.h:24[m[K,
                 from [01m[K/home/faith/Work/carto_ws/src/cartographer/cartographer/sensor/point_cloud.h:24[m[K,
                 from [01m[K/home/faith/Work/carto_ws/src/cartographer/cartographer/sensor/compressed_point_cloud.h:25[m[K,
                 from [01m[K/home/faith/Work/carto_ws/src/cartographer/cartographer/sensor/range_data.h:21[m[K,
                 from [01m[K/home/faith/Work/carto_ws/src/cartographer/cartographer/mapping/trajectory_node.h:27[m[K,
                 from [01m[K/home/faith/Work/carto_ws/src/cartographer/cartographer/mapping/submaps.h:30[m[K,
                 from [01m[K/home/faith/Work/carto_ws/src/cartographer/cartographer/mapping/pose_graph_interface.h:25[m[K,
                 from [01m[K/home/faith/Work/carto_ws/src/cartographer/cartographer/mapping/pose_graph_trimmer.h:21[m[K,
                 from [01m[K/home/faith/Work/carto_ws/src/cartographer/cartographer/mapping/internal/2d/overlapping_submaps_trimmer_2d.h:21[m[K,
                 from [01m[K/home/faith/Work/carto_ws/src/cartographer/cartographer/mapping/internal/2d/overlapping_submaps_trimmer_2d_test.cc:17[m[K:
/home/faith/Work/carto_ws/src/cartographer/cartographer/transform/rigid_transform.h: In instantiation of ‘[01m[Kcartographer::transform::Rigid2<FloatType>::Rotation2D cartographer::transform::Rigid2<FloatType>::rotation() const [with FloatType = double; cartographer::transform::Rigid2<FloatType>::Rotation2D = Eigen::Rotation2D<double>][m[K’:
[01m[K/home/faith/Work/carto_ws/src/cartographer/cartographer/transform/transform.h:113:45:[m[K   required from ‘[01m[Kcartographer::transform::Rigid3<FloatType> cartographer::transform::Embed3D(const cartographer::transform::Rigid2<FloatType>&) [with T = double][m[K’
[01m[K/home/faith/Work/carto_ws/src/cartographer/cartographer/mapping/internal/2d/overlapping_submaps_trimmer_2d_test.cc:50:46:[m[K   required from here
[01m[K/home/faith/Work/carto_ws/src/cartographer/cartographer/transform/rigid_transform.h:68:14:[m[K [01;36m[Knote: [m[Kparameter passing for argument of type ‘[01m[KEigen::Rotation2D<double>[m[K’ when C++17 is enabled changed to match C++14 in GCC 10.1
   68 |   Rotation2D [01;36m[Krotation[m[K() const { return rotation_; }
      |              [01;36m[K^~~~~~~~[m[K
In file included from [01m[K/usr/include/eigen3/Eigen/Geometry:41[m[K,
                 from [01m[K/home/faith/Work/carto_ws/src/cartographer/cartographer/mapping/2d/map_limits.h:24[m[K,
                 from [01m[K/home/faith/Work/carto_ws/src/cartographer/cartographer/mapping/2d/grid_2d.h:22[m[K,
                 from [01m[K/home/faith/Work/carto_ws/src/cartographer/cartographer/mapping/internal/2d/scan_matching/ceres_scan_matcher_2d.h:25[m[K,
                 from [01m[K/home/faith/Work/carto_ws/src/cartographer/cartographer/mapping/internal/2d/scan_matching/ceres_scan_matcher_2d_test.cc:17[m[K:
/usr/include/eigen3/Eigen/src/Geometry/Rotation2D.h: In instantiation of ‘[01m[Kstatic Eigen::Rotation2D<Scalar> Eigen::Rotation2D<Scalar>::Identity() [with _Scalar = double][m[K’:
[01m[K/home/faith/Work/carto_ws/src/cartographer/cartographer/transform/rigid_transform.h:40:74:[m[K   required from ‘[01m[Kcartographer::transform::Rigid2<FloatType>::Rigid2() [with FloatType = double][m[K’
[01m[K/home/faith/Work/carto_ws/src/cartographer/cartographer/mapping/internal/2d/scan_matching/ceres_scan_matcher_2d_test.cc:64:24:[m[K   required from here
[01m[K/usr/include/eigen3/Eigen/src/Geometry/Rotation2D.h:152:46:[m[K [01;36m[Knote: [m[Kparameter passing for argument of type ‘[01m[KEigen::Rotation2D<double>[m[K’ when C++17 is enabled changed to match C++14 in GCC 10.1
  152 |   EIGEN_DEVICE_FUNC static inline Rotation2D [01;36m[KIdentity[m[K() { return Rotation2D(0); }
      |                                              [01;36m[K^~~~~~~~[m[K
In file included from [01m[K/home/faith/Work/carto_ws/src/cartographer/cartographer/transform/transform.h:26[m[K,
                 from [01m[K/home/faith/Work/carto_ws/src/cartographer/cartographer/sensor/rangefinder_point.h:24[m[K,
                 from [01m[K/home/faith/Work/carto_ws/src/cartographer/cartographer/sensor/point_cloud.h:24[m[K,
                 from [01m[K/home/faith/Work/carto_ws/src/cartographer/cartographer/sensor/compressed_point_cloud.h:25[m[K,
                 from [01m[K/home/faith/Work/carto_ws/src/cartographer/cartographer/sensor/range_data.h:21[m[K,
                 from [01m[K/home/faith/Work/carto_ws/src/cartographer/cartographer/mapping/trajectory_node.h:27[m[K,
                 from [01m[K/home/faith/Work/carto_ws/src/cartographer/cartographer/mapping/2d/map_limits.h:28[m[K,
                 from [01m[K/home/faith/Work/carto_ws/src/cartographer/cartographer/mapping/2d/grid_2d.h:22[m[K,
                 from [01m[K/home/faith/Work/carto_ws/src/cartographer/cartographer/mapping/internal/2d/scan_matching/fast_correlative_scan_matcher_2d.h:33[m[K,
                 from [01m[K/home/faith/Work/carto_ws/src/cartographer/cartographer/mapping/internal/2d/scan_matching/fast_correlative_scan_matcher_2d_test.cc:17[m[K:
/home/faith/Work/carto_ws/src/cartographer/cartographer/transform/rigid_transform.h: In instantiation of ‘[01m[Kcartographer::transform::Rigid2<FloatType>::Rotation2D cartographer::transform::Rigid2<FloatType>::rotation() const [with FloatType = float; cartographer::transform::Rigid2<FloatType>::Rotation2D = Eigen::Rotation2D<float>][m[K’:
[01m[K/home/faith/Work/carto_ws/src/cartographer/cartographer/transform/transform.h:113:45:[m[K   required from ‘[01m[Kcartographer::transform::Rigid3<FloatType> cartographer::transform::Embed3D(const cartographer::transform::Rigid2<FloatType>&) [with T = float][m[K’
[01m[K/home/faith/Work/carto_ws/src/cartographer/cartographer/mapping/internal/2d/scan_matching/fast_correlative_scan_matcher_2d_test.cc:174:48:[m[K   required from here
[01m[K/home/faith/Work/carto_ws/src/cartographer/cartographer/transform/rigid_transform.h:68:14:[m[K [01;36m[Knote: [m[Kparameter passing for argument of type ‘[01m[KEigen::Rotation2D<float>[m[K’ when C++17 is enabled changed to match C++14 in GCC 10.1
   68 |   Rotation2D [01;36m[Krotation[m[K() const { return rotation_; }
      |              [01;36m[K^~~~~~~~[m[K
In file included from [01m[K/usr/include/eigen3/Eigen/Geometry:41[m[K,
                 from [01m[K/home/faith/Work/carto_ws/src/cartographer/cartographer/mapping/2d/map_limits.h:24[m[K,
                 from [01m[K/home/faith/Work/carto_ws/src/cartographer/cartographer/mapping/2d/grid_2d.h:22[m[K,
                 from [01m[K/home/faith/Work/carto_ws/src/cartographer/cartographer/mapping/internal/2d/scan_matching/fast_correlative_scan_matcher_2d.h:33[m[K,
                 from [01m[K/home/faith/Work/carto_ws/src/cartographer/cartographer/mapping/internal/2d/scan_matching/fast_correlative_scan_matcher_2d_test.cc:17[m[K:
/usr/include/eigen3/Eigen/src/Geometry/Rotation2D.h: In instantiation of ‘[01m[Kstatic Eigen::Rotation2D<Scalar> Eigen::Rotation2D<Scalar>::Identity() [with _Scalar = double][m[K’:
[01m[K/home/faith/Work/carto_ws/src/cartographer/cartographer/transform/rigid_transform.h:40:74:[m[K   required from ‘[01m[Kcartographer::transform::Rigid2<FloatType>::Rigid2() [with FloatType = double][m[K’
[01m[K/home/faith/Work/carto_ws/src/cartographer/cartographer/mapping/internal/2d/scan_matching/fast_correlative_scan_matcher_2d_test.cc:181:24:[m[K   required from here
[01m[K/usr/include/eigen3/Eigen/src/Geometry/Rotation2D.h:152:46:[m[K [01;36m[Knote: [m[Kparameter passing for argument of type ‘[01m[KEigen::Rotation2D<double>[m[K’ when C++17 is enabled changed to match C++14 in GCC 10.1
  152 |   EIGEN_DEVICE_FUNC static inline Rotation2D [01;36m[KIdentity[m[K() { return Rotation2D(0); }
      |                                              [01;36m[K^~~~~~~~[m[K
/usr/include/eigen3/Eigen/src/Geometry/Rotation2D.h: In instantiation of ‘[01m[Ktypename Eigen::internal::cast_return_type<Eigen::Rotation2D<Scalar>, Eigen::Rotation2D<NewScalarType> >::type Eigen::Rotation2D<Scalar>::cast() const [with NewScalarType = float; _Scalar = double; typename Eigen::internal::cast_return_type<Eigen::Rotation2D<Scalar>, Eigen::Rotation2D<NewScalarType> >::type = Eigen::Rotation2D<float>][m[K’:
[01m[K/home/faith/Work/carto_ws/src/cartographer/cartographer/transform/rigid_transform.h:63:64:[m[K   required from ‘[01m[Kcartographer::transform::Rigid2<OtherType> cartographer::transform::Rigid2<FloatType>::cast() const [with OtherType = float; FloatType = double][m[K’
[01m[K/home/faith/Work/carto_ws/src/cartographer/cartographer/mapping/internal/2d/scan_matching/fast_correlative_scan_matcher_2d_test.cc:187:5:[m[K   required from here
[01m[K/usr/include/eigen3/Eigen/src/Geometry/Rotation2D.h:142:109:[m[K [01;36m[Knote: [m[Kparameter passing for argument of type ‘[01m[KEigen::Rotation2D<float>[m[K’ when C++17 is enabled changed to match C++14 in GCC 10.1
  142 |   EIGEN_DEVICE_FUNC inline typename internal::cast_return_type<Rotation2D,Rotation2D<NewScalarType> >::type [01;36m[Kcast[m[K() const
      |                                                                                                             [01;36m[K^~~~[m[K
In file included from [01m[K/home/faith/Work/carto_ws/src/cartographer/cartographer/transform/transform.h:26[m[K,
                 from [01m[K/home/faith/Work/carto_ws/src/cartographer/cartographer/sensor/rangefinder_point.h:24[m[K,
                 from [01m[K/home/faith/Work/carto_ws/src/cartographer/cartographer/sensor/point_cloud.h:24[m[K,
                 from [01m[K/home/faith/Work/carto_ws/src/cartographer/cartographer/sensor/compressed_point_cloud.h:25[m[K,
                 from [01m[K/home/faith/Work/carto_ws/src/cartographer/cartographer/sensor/range_data.h:21[m[K,
                 from [01m[K/home/faith/Work/carto_ws/src/cartographer/cartographer/mapping/trajectory_node.h:27[m[K,
                 from [01m[K/home/faith/Work/carto_ws/src/cartographer/cartographer/mapping/2d/map_limits.h:28[m[K,
                 from [01m[K/home/faith/Work/carto_ws/src/cartographer/cartographer/mapping/2d/grid_2d.h:22[m[K,
                 from [01m[K/home/faith/Work/carto_ws/src/cartographer/cartographer/mapping/internal/2d/scan_matching/fast_correlative_scan_matcher_2d.h:33[m[K,
                 from [01m[K/home/faith/Work/carto_ws/src/cartographer/cartographer/mapping/internal/2d/scan_matching/fast_correlative_scan_matcher_2d_test.cc:17[m[K:
[01m[K/home/faith/Work/carto_ws/src/cartographer/cartographer/transform/rigid_transform.h:[m[K In constructor ‘[01m[Kcartographer::transform::Rigid2<FloatType>::Rigid2() [with FloatType = double][m[K’:
[01m[K/home/faith/Work/carto_ws/src/cartographer/cartographer/transform/rigid_transform.h:40:44:[m[K [01;36m[Knote: [m[Kparameter passing for argument of type ‘[01m[KEigen::Rotation2D<double>[m[K’ when C++17 is enabled changed to match C++14 in GCC 10.1
   40 |   Rigid2() : translation_(Vector::Zero()), [01;36m[Krotation_(Rotation2D::Identity())[m[K {}
      |                                            [01;36m[K^~~~~~~~~~~~~~~~~~~~~~~~~~~~~~~~~[m[K
[01m[K/home/faith/Work/carto_ws/src/cartographer/cartographer/transform/rigid_transform.h:[m[K In member function ‘[01m[Kcartographer::transform::Rigid2<OtherType> cartographer::transform::Rigid2<FloatType>::cast() const [with OtherType = float; FloatType = double][m[K’:
[01m[K/home/faith/Work/carto_ws/src/cartographer/cartographer/transform/rigid_transform.h:63:64:[m[K [01;36m[Knote: [m[Kparameter passing for argument of type ‘[01m[KEigen::Rotation2D<float>[m[K’ when C++17 is enabled changed to match C++14 in GCC 10.1
   63 |                              [01;36m[Krotation_.template cast<OtherType>()[m[K);
      |                              [01;36m[K~~~~~~~~~~~~~~~~~~~~~~~~~~~~~~~~~~^~[m[K
[01m[K/home/faith/Work/carto_ws/src/cartographer/cartographer/transform/rigid_transform.h:[m[K In constructor ‘[01m[Kcartographer::transform::Rigid2<FloatType>::Rigid2() [with FloatType = double][m[K’:
[01m[K/home/faith/Work/carto_ws/src/cartographer/cartographer/transform/rigid_transform.h:40:74:[m[K [01;36m[Knote: [m[Kparameter passing for argument of type ‘[01m[KEigen::Rotation2D<double>[m[K’ when C++17 is enabled changed to match C++14 in GCC 10.1
   40 |   Rigid2() : translation_(Vector::Zero()), rotation_([01;36m[KRotation2D::Identity()[m[K) {}
      |                                                      [01;36m[K~~~~~~~~~~~~~~~~~~~~^~[m[K
[01m[K/home/faith/Work/carto_ws/src/cartographer/cartographer/transform/rigid_transform.h:[m[K In member function ‘[01m[Kcartographer::transform::Rigid2<OtherType> cartographer::transform::Rigid2<FloatType>::cast() const [with OtherType = float; FloatType = double][m[K’:
[01m[K/home/faith/Work/carto_ws/src/cartographer/cartographer/transform/rigid_transform.h:63:64:[m[K [01;36m[Knote: [m[Kparameter passing for argument of type ‘[01m[KEigen::Rotation2D<float>[m[K’ when C++17 is enabled changed to match C++14 in GCC 10.1
   63 |                              [01;36m[Krotation_.template cast<OtherType>()[m[K);
      |                              [01;36m[K~~~~~~~~~~~~~~~~~~~~~~~~~~~~~~~~~~^~[m[K
In file included from [01m[K/usr/include/eigen3/Eigen/Geometry:41[m[K,
                 from [01m[K/home/faith/Work/carto_ws/src/cartographer/cartographer/mapping/internal/2d/pose_graph_2d.h:29[m[K,
                 from [01m[K/home/faith/Work/carto_ws/src/cartographer/cartographer/mapping/internal/2d/pose_graph_2d_test.cc:17[m[K:
/usr/include/eigen3/Eigen/src/Geometry/Rotation2D.h: In instantiation of ‘[01m[Kstatic Eigen::Rotation2D<Scalar> Eigen::Rotation2D<Scalar>::Identity() [with _Scalar = double][m[K’:
[01m[K/home/faith/Work/carto_ws/src/cartographer/cartographer/transform/rigid_transform.h:40:74:[m[K   required from ‘[01m[Kcartographer::transform::Rigid2<FloatType>::Rigid2() [with FloatType = double][m[K’
[01m[K/home/faith/Work/carto_ws/src/cartographer/cartographer/mapping/internal/2d/pose_graph_2d_test.cc:40:37:[m[K   required from here
[01m[K/usr/include/eigen3/Eigen/src/Geometry/Rotation2D.h:152:46:[m[K [01;36m[Knote: [m[Kparameter passing for argument of type ‘[01m[KEigen::Rotation2D<double>[m[K’ when C++17 is enabled changed to match C++14 in GCC 10.1
  152 |   EIGEN_DEVICE_FUNC static inline Rotation2D [01;36m[KIdentity[m[K() { return Rotation2D(0); }
      |                                              [01;36m[K^~~~~~~~[m[K
/usr/include/eigen3/Eigen/src/Geometry/Rotation2D.h: In instantiation of ‘[01m[Ktypename Eigen::internal::cast_return_type<Eigen::Rotation2D<Scalar>, Eigen::Rotation2D<NewScalarType> >::type Eigen::Rotation2D<Scalar>::cast() const [with NewScalarType = float; _Scalar = double; typename Eigen::internal::cast_return_type<Eigen::Rotation2D<Scalar>, Eigen::Rotation2D<NewScalarType> >::type = Eigen::Rotation2D<float>][m[K’:
[01m[K/home/faith/Work/carto_ws/src/cartographer/cartographer/transform/rigid_transform.h:63:64:[m[K   required from ‘[01m[Kcartographer::transform::Rigid2<OtherType> cartographer::transform::Rigid2<FloatType>::cast() const [with OtherType = float; FloatType = double][m[K’
[01m[K/home/faith/Work/carto_ws/src/cartographer/cartographer/mapping/internal/2d/pose_graph_2d_test.cc:178:63:[m[K   required from here
[01m[K/usr/include/eigen3/Eigen/src/Geometry/Rotation2D.h:142:109:[m[K [01;36m[Knote: [m[Kparameter passing for argument of type ‘[01m[KEigen::Rotation2D<float>[m[K’ when C++17 is enabled changed to match C++14 in GCC 10.1
  142 |   EIGEN_DEVICE_FUNC inline typename internal::cast_return_type<Rotation2D,Rotation2D<NewScalarType> >::type [01;36m[Kcast[m[K() const
      |                                                                                                             [01;36m[K^~~~[m[K
In file included from [01m[K/usr/src/googletest/googletest/include/gtest/gtest.h:387[m[K,
                 from [01m[K/home/faith/Work/carto_ws/src/cartographer/cartographer/mapping/internal/2d/tsdf_2d_test.cc:22[m[K:
[01m[K/home/faith/Work/carto_ws/src/cartographer/cartographer/mapping/internal/2d/tsdf_2d_test.cc:[m[K In member function ‘[01m[Kvirtual void cartographer::mapping::{anonymous}::TSDF2DTest_WriteRead_Test::TestBody()[m[K’:
[01m[K/home/faith/Work/carto_ws/src/cartographer/cartographer/mapping/internal/2d/tsdf_2d_test.cc:126:29:[m[K [01;36m[Knote: [m[Kparameter passing for argument of type ‘[01m[Kstd::pair<float, float>[m[K’ when C++17 is enabled changed to match C++14 in GCC 10.1
  126 |         [01;36m[Ktsdf.GetTSDAndWeight(limits.GetCellIndex(Vector2f(-0.5f, 0.5f)))[m[K.first,
      |         [01;36m[K~~~~~~~~~~~~~~~~~~~~^~~~~~~~~~~~~~~~~~~~~~~~~~~~~~~~~~~~~~~~~~~~[m[K
In file included from [01m[K/home/faith/Work/carto_ws/src/cartographer/cartographer/transform/transform.h:26[m[K,
                 from [01m[K/home/faith/Work/carto_ws/src/cartographer/cartographer/sensor/rangefinder_point.h:24[m[K,
                 from [01m[K/home/faith/Work/carto_ws/src/cartographer/cartographer/sensor/point_cloud.h:24[m[K,
                 from [01m[K/home/faith/Work/carto_ws/src/cartographer/cartographer/sensor/compressed_point_cloud.h:25[m[K,
                 from [01m[K/home/faith/Work/carto_ws/src/cartographer/cartographer/sensor/range_data.h:21[m[K,
                 from [01m[K/home/faith/Work/carto_ws/src/cartographer/cartographer/mapping/trajectory_node.h:27[m[K,
                 from [01m[K/home/faith/Work/carto_ws/src/cartographer/cartographer/mapping/2d/map_limits.h:28[m[K,
                 from [01m[K/home/faith/Work/carto_ws/src/cartographer/cartographer/mapping/2d/grid_2d.h:22[m[K,
                 from [01m[K/home/faith/Work/carto_ws/src/cartographer/cartographer/mapping/2d/submap_2d.h:25[m[K,
                 from [01m[K/home/faith/Work/carto_ws/src/cartographer/cartographer/mapping/internal/2d/pose_graph_2d.h:35[m[K,
                 from [01m[K/home/faith/Work/carto_ws/src/cartographer/cartographer/mapping/internal/2d/pose_graph_2d_test.cc:17[m[K:
[01m[K/home/faith/Work/carto_ws/src/cartographer/cartographer/transform/rigid_transform.h:[m[K In constructor ‘[01m[Kcartographer::transform::Rigid2<FloatType>::Rigid2() [with FloatType = double][m[K’:
[01m[K/home/faith/Work/carto_ws/src/cartographer/cartographer/transform/rigid_transform.h:40:44:[m[K [01;36m[Knote: [m[Kparameter passing for argument of type ‘[01m[KEigen::Rotation2D<double>[m[K’ when C++17 is enabled changed to match C++14 in GCC 10.1
   40 |   Rigid2() : translation_(Vector::Zero()), [01;36m[Krotation_(Rotation2D::Identity())[m[K {}
      |                                            [01;36m[K^~~~~~~~~~~~~~~~~~~~~~~~~~~~~~~~~[m[K
[01m[K/home/faith/Work/carto_ws/src/cartographer/cartographer/transform/rigid_transform.h:[m[K In member function ‘[01m[Kcartographer::transform::Rigid2<OtherType> cartographer::transform::Rigid2<FloatType>::cast() const [with OtherType = float; FloatType = double][m[K’:
[01m[K/home/faith/Work/carto_ws/src/cartographer/cartographer/transform/rigid_transform.h:63:64:[m[K [01;36m[Knote: [m[Kparameter passing for argument of type ‘[01m[KEigen::Rotation2D<float>[m[K’ when C++17 is enabled changed to match C++14 in GCC 10.1
   63 |                              [01;36m[Krotation_.template cast<OtherType>()[m[K);
      |                              [01;36m[K~~~~~~~~~~~~~~~~~~~~~~~~~~~~~~~~~~^~[m[K
In file included from [01m[K/home/faith/Work/carto_ws/src/cartographer/cartographer/sensor/rangefinder_point.h:24[m[K,
                 from [01m[K/home/faith/Work/carto_ws/src/cartographer/cartographer/sensor/point_cloud.h:24[m[K,
                 from [01m[K/home/faith/Work/carto_ws/src/cartographer/cartographer/sensor/compressed_point_cloud.h:25[m[K,
                 from [01m[K/home/faith/Work/carto_ws/src/cartographer/cartographer/sensor/range_data.h:21[m[K,
                 from [01m[K/home/faith/Work/carto_ws/src/cartographer/cartographer/mapping/trajectory_node.h:27[m[K,
                 from [01m[K/home/faith/Work/carto_ws/src/cartographer/cartographer/mapping/2d/map_limits.h:28[m[K,
                 from [01m[K/home/faith/Work/carto_ws/src/cartographer/cartographer/mapping/2d/grid_2d.h:22[m[K,
                 from [01m[K/home/faith/Work/carto_ws/src/cartographer/cartographer/mapping/2d/submap_2d.h:25[m[K,
                 from [01m[K/home/faith/Work/carto_ws/src/cartographer/cartographer/mapping/internal/2d/pose_graph_2d.h:35[m[K,
                 from [01m[K/home/faith/Work/carto_ws/src/cartographer/cartographer/mapping/internal/2d/pose_graph_2d_test.cc:17[m[K:
[01m[K/home/faith/Work/carto_ws/src/cartographer/cartographer/transform/transform.h:[m[K In function ‘[01m[Kcartographer::transform::Rigid3<FloatType> cartographer::transform::Embed3D(const cartographer::transform::Rigid2<FloatType>&) [with T = double][m[K’:
[01m[K/home/faith/Work/carto_ws/src/cartographer/cartographer/transform/transform.h:113:45:[m[K [01;36m[Knote: [m[Kparameter passing for argument of type ‘[01m[KEigen::Rotation2D<double>[m[K’ when C++17 is enabled changed to match C++14 in GCC 10.1
  113 |       Eigen::AngleAxis<T>([01;36m[Ktransform.rotation()[m[K.angle(),
      |                           [01;36m[K~~~~~~~~~~~~~~~~~~^~[m[K
In file included from [01m[K/home/faith/Work/carto_ws/src/cartographer/cartographer/transform/transform.h:26[m[K,
                 from [01m[K/home/faith/Work/carto_ws/src/cartographer/cartographer/sensor/rangefinder_point.h:24[m[K,
                 from [01m[K/home/faith/Work/carto_ws/src/cartographer/cartographer/sensor/point_cloud.h:24[m[K,
                 from [01m[K/home/faith/Work/carto_ws/src/cartographer/cartographer/sensor/compressed_point_cloud.h:25[m[K,
                 from [01m[K/home/faith/Work/carto_ws/src/cartographer/cartographer/sensor/range_data.h:21[m[K,
                 from [01m[K/home/faith/Work/carto_ws/src/cartographer/cartographer/mapping/trajectory_node.h:27[m[K,
                 from [01m[K/home/faith/Work/carto_ws/src/cartographer/cartographer/mapping/2d/map_limits.h:28[m[K,
                 from [01m[K/home/faith/Work/carto_ws/src/cartographer/cartographer/mapping/2d/grid_2d.h:22[m[K,
                 from [01m[K/home/faith/Work/carto_ws/src/cartographer/cartographer/mapping/2d/submap_2d.h:25[m[K,
                 from [01m[K/home/faith/Work/carto_ws/src/cartographer/cartographer/mapping/internal/2d/pose_graph_2d.h:35[m[K,
                 from [01m[K/home/faith/Work/carto_ws/src/cartographer/cartographer/mapping/internal/2d/pose_graph_2d_test.cc:17[m[K:
[01m[K/home/faith/Work/carto_ws/src/cartographer/cartographer/transform/rigid_transform.h:[m[K In member function ‘[01m[Kcartographer::transform::Rigid2<OtherType> cartographer::transform::Rigid2<FloatType>::cast() const [with OtherType = float; FloatType = double][m[K’:
[01m[K/home/faith/Work/carto_ws/src/cartographer/cartographer/transform/rigid_transform.h:63:64:[m[K [01;36m[Knote: [m[Kparameter passing for argument of type ‘[01m[KEigen::Rotation2D<float>[m[K’ when C++17 is enabled changed to match C++14 in GCC 10.1
   63 |                              [01;36m[Krotation_.template cast<OtherType>()[m[K);
      |                              [01;36m[K~~~~~~~~~~~~~~~~~~~~~~~~~~~~~~~~~~^~[m[K
In file included from [01m[K/home/faith/Work/carto_ws/src/cartographer/cartographer/sensor/rangefinder_point.h:24[m[K,
                 from [01m[K/home/faith/Work/carto_ws/src/cartographer/cartographer/sensor/point_cloud.h:24[m[K,
                 from [01m[K/home/faith/Work/carto_ws/src/cartographer/cartographer/sensor/compressed_point_cloud.h:25[m[K,
                 from [01m[K/home/faith/Work/carto_ws/src/cartographer/cartographer/sensor/range_data.h:21[m[K,
                 from [01m[K/home/faith/Work/carto_ws/src/cartographer/cartographer/mapping/trajectory_node.h:27[m[K,
                 from [01m[K/home/faith/Work/carto_ws/src/cartographer/cartographer/mapping/2d/map_limits.h:28[m[K,
                 from [01m[K/home/faith/Work/carto_ws/src/cartographer/cartographer/mapping/2d/grid_2d.h:22[m[K,
                 from [01m[K/home/faith/Work/carto_ws/src/cartographer/cartographer/mapping/2d/submap_2d.h:25[m[K,
                 from [01m[K/home/faith/Work/carto_ws/src/cartographer/cartographer/mapping/internal/2d/pose_graph_2d.h:35[m[K,
                 from [01m[K/home/faith/Work/carto_ws/src/cartographer/cartographer/mapping/internal/2d/pose_graph_2d_test.cc:17[m[K:
[01m[K/home/faith/Work/carto_ws/src/cartographer/cartographer/transform/transform.h:[m[K In function ‘[01m[Kcartographer::transform::Rigid3<FloatType> cartographer::transform::Embed3D(const cartographer::transform::Rigid2<FloatType>&) [with T = double][m[K’:
[01m[K/home/faith/Work/carto_ws/src/cartographer/cartographer/transform/transform.h:113:45:[m[K [01;36m[Knote: [m[Kparameter passing for argument of type ‘[01m[KEigen::Rotation2D<double>[m[K’ when C++17 is enabled changed to match C++14 in GCC 10.1
  113 |       Eigen::AngleAxis<T>([01;36m[Ktransform.rotation()[m[K.angle(),
      |                           [01;36m[K~~~~~~~~~~~~~~~~~~^~[m[K
[01m[K/home/faith/Work/carto_ws/src/cartographer/cartographer/transform/transform.h:[m[K In function ‘[01m[Kcartographer::transform::Rigid3<FloatType> cartographer::transform::Embed3D(const cartographer::transform::Rigid2<FloatType>&) [with T = float][m[K’:
[01m[K/home/faith/Work/carto_ws/src/cartographer/cartographer/transform/transform.h:113:45:[m[K [01;36m[Knote: [m[Kparameter passing for argument of type ‘[01m[KEigen::Rotation2D<float>[m[K’ when C++17 is enabled changed to match C++14 in GCC 10.1
  113 |       Eigen::AngleAxis<T>([01;36m[Ktransform.rotation()[m[K.angle(),
      |                           [01;36m[K~~~~~~~~~~~~~~~~~~^~[m[K
In file included from [01m[K/home/faith/Work/carto_ws/src/cartographer/cartographer/transform/transform.h:26[m[K,
                 from [01m[K/home/faith/Work/carto_ws/src/cartographer/cartographer/sensor/rangefinder_point.h:24[m[K,
                 from [01m[K/home/faith/Work/carto_ws/src/cartographer/cartographer/sensor/point_cloud.h:24[m[K,
                 from [01m[K/home/faith/Work/carto_ws/src/cartographer/cartographer/sensor/compressed_point_cloud.h:25[m[K,
                 from [01m[K/home/faith/Work/carto_ws/src/cartographer/cartographer/sensor/range_data.h:21[m[K,
                 from [01m[K/home/faith/Work/carto_ws/src/cartographer/cartographer/mapping/trajectory_node.h:27[m[K,
                 from [01m[K/home/faith/Work/carto_ws/src/cartographer/cartographer/mapping/2d/map_limits.h:28[m[K,
                 from [01m[K/home/faith/Work/carto_ws/src/cartographer/cartographer/mapping/2d/grid_2d.h:22[m[K,
                 from [01m[K/home/faith/Work/carto_ws/src/cartographer/cartographer/mapping/2d/submap_2d.h:25[m[K,
                 from [01m[K/home/faith/Work/carto_ws/src/cartographer/cartographer/mapping/internal/2d/pose_graph_2d.h:35[m[K,
                 from [01m[K/home/faith/Work/carto_ws/src/cartographer/cartographer/mapping/internal/2d/pose_graph_2d_test.cc:17[m[K:
[01m[K/home/faith/Work/carto_ws/src/cartographer/cartographer/transform/rigid_transform.h:[m[K In member function ‘[01m[Kcartographer::transform::Rigid2<FloatType> cartographer::transform::Rigid2<FloatType>::inverse() const [with FloatType = double][m[K’:
[01m[K/home/faith/Work/carto_ws/src/cartographer/cartographer/transform/rigid_transform.h:75:50:[m[K [01;36m[Knote: [m[Kparameter passing for argument of type ‘[01m[KEigen::Rotation2D<double>[m[K’ when C++17 is enabled changed to match C++14 in GCC 10.1
   75 |     const Rotation2D rotation = [01;36m[Krotation_.inverse()[m[K;
      |                                 [01;36m[K~~~~~~~~~~~~~~~~~^~[m[K
In file included from [01m[K/usr/include/eigen3/Eigen/Geometry:41[m[K,
                 from [01m[K/home/faith/Work/carto_ws/src/cartographer/cartographer/mapping/internal/constraints/constraint_builder_2d.h:28[m[K,
                 from [01m[K/home/faith/Work/carto_ws/src/cartographer/cartographer/mapping/internal/constraints/constraint_builder_2d_test.cc:17[m[K:
/usr/include/eigen3/Eigen/src/Geometry/Rotation2D.h: In instantiation of ‘[01m[Kstatic Eigen::Rotation2D<Scalar> Eigen::Rotation2D<Scalar>::Identity() [with _Scalar = double][m[K’:
[01m[K/home/faith/Work/carto_ws/src/cartographer/cartographer/transform/rigid_transform.h:40:74:[m[K   required from ‘[01m[Kcartographer::transform::Rigid2<FloatType>::Rigid2() [with FloatType = double][m[K’
[01m[K/home/faith/Work/carto_ws/src/cartographer/cartographer/transform/rigid_transform.h:58:48:[m[K   required from ‘[01m[Kstatic cartographer::transform::Rigid2<FloatType> cartographer::transform::Rigid2<FloatType>::Identity() [with FloatType = double][m[K’
[01m[K/home/faith/Work/carto_ws/src/cartographer/cartographer/mapping/internal/constraints/constraint_builder_2d_test.cc:89:67:[m[K   required from here
[01m[K/usr/include/eigen3/Eigen/src/Geometry/Rotation2D.h:152:46:[m[K [01;36m[Knote: [m[Kparameter passing for argument of type ‘[01m[KEigen::Rotation2D<double>[m[K’ when C++17 is enabled changed to match C++14 in GCC 10.1
  152 |   EIGEN_DEVICE_FUNC static inline Rotation2D [01;36m[KIdentity[m[K() { return Rotation2D(0); }
      |                                              [01;36m[K^~~~~~~~[m[K
In file included from [01m[K/usr/include/eigen3/Eigen/Geometry:41[m[K,
                 from [01m[K/home/faith/Work/carto_ws/src/cartographer/cartographer/mapping/internal/optimization/cost_functions/landmark_cost_function_2d.h:21[m[K,
                 from [01m[K/home/faith/Work/carto_ws/src/cartographer/cartographer/mapping/internal/optimization/cost_functions/landmark_cost_function_2d_test.cc:17[m[K:
/usr/include/eigen3/Eigen/src/Geometry/Rotation2D.h: In instantiation of ‘[01m[Kstatic Eigen::Rotation2D<Scalar> Eigen::Rotation2D<Scalar>::Identity() [with _Scalar = double][m[K’:
[01m[K/home/faith/Work/carto_ws/src/cartographer/cartographer/transform/rigid_transform.h:40:74:[m[K   required from ‘[01m[Kcartographer::transform::Rigid2<FloatType>::Rigid2() [with FloatType = double][m[K’
[01m[K/home/faith/Work/carto_ws/src/cartographer/cartographer/mapping/internal/optimization/optimization_problem_2d.h:43:8:[m[K   required from here
[01m[K/usr/include/eigen3/Eigen/src/Geometry/Rotation2D.h:152:46:[m[K [01;36m[Knote: [m[Kparameter passing for argument of type ‘[01m[KEigen::Rotation2D<double>[m[K’ when C++17 is enabled changed to match C++14 in GCC 10.1
  152 |   EIGEN_DEVICE_FUNC static inline Rotation2D [01;36m[KIdentity[m[K() { return Rotation2D(0); }
      |                                              [01;36m[K^~~~~~~~[m[K
In file included from [01m[K/home/faith/Work/carto_ws/src/cartographer/cartographer/transform/transform.h:26[m[K,
                 from [01m[K/home/faith/Work/carto_ws/src/cartographer/cartographer/sensor/rangefinder_point.h:24[m[K,
                 from [01m[K/home/faith/Work/carto_ws/src/cartographer/cartographer/sensor/point_cloud.h:24[m[K,
                 from [01m[K/home/faith/Work/carto_ws/src/cartographer/cartographer/sensor/point_cloud_test.cc:17[m[K:
/home/faith/Work/carto_ws/src/cartographer/cartographer/transform/rigid_transform.h: In instantiation of ‘[01m[Kcartographer::transform::Rigid2<FloatType>::Rotation2D cartographer::transform::Rigid2<FloatType>::rotation() const [with FloatType = float; cartographer::transform::Rigid2<FloatType>::Rotation2D = Eigen::Rotation2D<float>][m[K’:
[01m[K/home/faith/Work/carto_ws/src/cartographer/cartographer/transform/transform.h:113:45:[m[K   required from ‘[01m[Kcartographer::transform::Rigid3<FloatType> cartographer::transform::Embed3D(const cartographer::transform::Rigid2<FloatType>&) [with T = float][m[K’
[01m[K/home/faith/Work/carto_ws/src/cartographer/cartographer/sensor/point_cloud_test.cc:38:38:[m[K   required from here
[01m[K/home/faith/Work/carto_ws/src/cartographer/cartographer/transform/rigid_transform.h:68:14:[m[K [01;36m[Knote: [m[Kparameter passing for argument of type ‘[01m[KEigen::Rotation2D<float>[m[K’ when C++17 is enabled changed to match C++14 in GCC 10.1
   68 |   Rotation2D [01;36m[Krotation[m[K() const { return rotation_; }
      |              [01;36m[K^~~~~~~~[m[K
In file included from [01m[K/usr/include/eigen3/Eigen/Geometry:41[m[K,
                 from [01m[K/home/faith/Work/carto_ws/src/cartographer/cartographer/transform/rigid_transform.h:25[m[K,
                 from [01m[K/home/faith/Work/carto_ws/src/cartographer/cartographer/transform/rigid_transform_test.cc:16[m[K:
/usr/include/eigen3/Eigen/src/Geometry/Rotation2D.h: In instantiation of ‘[01m[KEigen::Rotation2D<Scalar> Eigen::Rotation2D<Scalar>::inverse() const [with _Scalar = double][m[K’:
[01m[K/home/faith/Work/carto_ws/src/cartographer/cartographer/transform/rigid_transform.h:75:50:[m[K   required from ‘[01m[Kcartographer::transform::Rigid2<FloatType> cartographer::transform::Rigid2<FloatType>::inverse() const [with FloatType = double][m[K’
[01m[K/home/faith/Work/carto_ws/src/cartographer/cartographer/transform/rigid_transform_test.cc:72:3:[m[K   required from ‘[01m[Kvoid cartographer::transform::{anonymous}::RigidTransformTest_Inverse2DTest_Test<gtest_TypeParam_>::TestBody() [with gtest_TypeParam_ = double][m[K’
[01m[K/home/faith/Work/carto_ws/src/cartographer/cartographer/transform/rigid_transform_test.cc:70:1:[m[K   required from here
[01m[K/usr/include/eigen3/Eigen/src/Geometry/Rotation2D.h:98:39:[m[K [01;36m[Knote: [m[Kparameter passing for argument of type ‘[01m[KEigen::Rotation2D<double>[m[K’ when C++17 is enabled changed to match C++14 in GCC 10.1
   98 |   EIGEN_DEVICE_FUNC inline Rotation2D [01;36m[Kinverse[m[K() const { return Rotation2D(-m_angle); }
      |                                       [01;36m[K^~~~~~~[m[K
/usr/include/eigen3/Eigen/src/Geometry/Rotation2D.h: In instantiation of ‘[01m[KEigen::Rotation2D<Scalar> Eigen::Rotation2D<Scalar>::inverse() const [with _Scalar = float][m[K’:
[01m[K/home/faith/Work/carto_ws/src/cartographer/cartographer/transform/rigid_transform.h:75:50:[m[K   required from ‘[01m[Kcartographer::transform::Rigid2<FloatType> cartographer::transform::Rigid2<FloatType>::inverse() const [with FloatType = float][m[K’
[01m[K/home/faith/Work/carto_ws/src/cartographer/cartographer/transform/rigid_transform_test.cc:72:3:[m[K   required from ‘[01m[Kvoid cartographer::transform::{anonymous}::RigidTransformTest_Inverse2DTest_Test<gtest_TypeParam_>::TestBody() [with gtest_TypeParam_ = float][m[K’
[01m[K/home/faith/Work/carto_ws/src/cartographer/cartographer/transform/rigid_transform_test.cc:70:1:[m[K   required from here
[01m[K/usr/include/eigen3/Eigen/src/Geometry/Rotation2D.h:98:39:[m[K [01;36m[Knote: [m[Kparameter passing for argument of type ‘[01m[KEigen::Rotation2D<float>[m[K’ when C++17 is enabled changed to match C++14 in GCC 10.1
In file included from [01m[K/home/faith/Work/carto_ws/src/cartographer/cartographer/transform/transform.h:26[m[K,
                 from [01m[K/home/faith/Work/carto_ws/src/cartographer/cartographer/transform/transform_test.cc:17[m[K:
/home/faith/Work/carto_ws/src/cartographer/cartographer/transform/rigid_transform.h: In instantiation of ‘[01m[Kcartographer::transform::Rigid2<FloatType>::Rotation2D cartographer::transform::Rigid2<FloatType>::rotation() const [with FloatType = double; cartographer::transform::Rigid2<FloatType>::Rotation2D = Eigen::Rotation2D<double>][m[K’:
[01m[K/home/faith/Work/carto_ws/src/cartographer/cartographer/transform/transform.h:113:45:[m[K   required from ‘[01m[Kcartographer::transform::Rigid3<FloatType> cartographer::transform::Embed3D(const cartographer::transform::Rigid2<FloatType>&) [with T = double][m[K’
[01m[K/home/faith/Work/carto_ws/src/cartographer/cartographer/transform/transform_test.cc:69:3:[m[K   required from here
[01m[K/home/faith/Work/carto_ws/src/cartographer/cartographer/transform/rigid_transform.h:68:14:[m[K [01;36m[Knote: [m[Kparameter passing for argument of type ‘[01m[KEigen::Rotation2D<double>[m[K’ when C++17 is enabled changed to match C++14 in GCC 10.1
   68 |   Rotation2D [01;36m[Krotation[m[K() const { return rotation_; }
      |              [01;36m[K^~~~~~~~[m[K
In file included from [01m[K/home/faith/Work/carto_ws/src/cartographer/cartographer/transform/rigid_transform_test.cc:16[m[K:
[01m[K/home/faith/Work/carto_ws/src/cartographer/cartographer/transform/rigid_transform.h:[m[K In member function ‘[01m[Kstd::string cartographer::transform::Rigid2<FloatType>::DebugString() const [with FloatType = double][m[K’:
[01m[K/home/faith/Work/carto_ws/src/cartographer/cartographer/transform/rigid_transform.h:82:56:[m[K [01;36m[Knote: [m[Kparameter passing for argument of type ‘[01m[KEigen::Rotation2D<double>[m[K’ when C++17 is enabled changed to match C++14 in GCC 10.1
   82 |                             translation().y(), [01;36m[Krotation()[m[K.angle());
      |                                                [01;36m[K~~~~~~~~^~[m[K
[01m[K/home/faith/Work/carto_ws/src/cartographer/cartographer/transform/rigid_transform.h:[m[K In member function ‘[01m[Kcartographer::transform::Rigid2<FloatType> cartographer::transform::Rigid2<FloatType>::inverse() const [with FloatType = float][m[K’:
[01m[K/home/faith/Work/carto_ws/src/cartographer/cartographer/transform/rigid_transform.h:75:22:[m[K [01;36m[Knote: [m[Kparameter passing for argument of type ‘[01m[KEigen::Rotation2D<float>[m[K’ when C++17 is enabled changed to match C++14 in GCC 10.1
   75 |     const Rotation2D [01;36m[Krotation[m[K = rotation_.inverse();
      |                      [01;36m[K^~~~~~~~[m[K
[01m[K/home/faith/Work/carto_ws/src/cartographer/cartographer/transform/rigid_transform.h:[m[K In member function ‘[01m[Kcartographer::transform::Rigid2<FloatType> cartographer::transform::Rigid2<FloatType>::inverse() const [with FloatType = double][m[K’:
[01m[K/home/faith/Work/carto_ws/src/cartographer/cartographer/transform/rigid_transform.h:75:22:[m[K [01;36m[Knote: [m[Kparameter passing for argument of type ‘[01m[KEigen::Rotation2D<double>[m[K’ when C++17 is enabled changed to match C++14 in GCC 10.1
[01m[K/home/faith/Work/carto_ws/src/cartographer/cartographer/transform/rigid_transform.h:[m[K In constructor ‘[01m[Kcartographer::transform::Rigid2<FloatType>::Rigid2() [with FloatType = float][m[K’:
[01m[K/home/faith/Work/carto_ws/src/cartographer/cartographer/transform/rigid_transform.h:40:74:[m[K [01;36m[Knote: [m[Kparameter passing for argument of type ‘[01m[KEigen::Rotation2D<float>[m[K’ when C++17 is enabled changed to match C++14 in GCC 10.1
   40 |   Rigid2() : translation_(Vector::Zero()), rotation_([01;36m[KRotation2D::Identity()[m[K) {}
      |                                                      [01;36m[K~~~~~~~~~~~~~~~~~~~~^~[m[K
[01m[K/home/faith/Work/carto_ws/src/cartographer/cartographer/transform/rigid_transform.h:[m[K In member function ‘[01m[Kstd::string cartographer::transform::Rigid2<FloatType>::DebugString() const [with FloatType = double][m[K’:
[01m[K/home/faith/Work/carto_ws/src/cartographer/cartographer/transform/rigid_transform.h:82:56:[m[K [01;36m[Knote: [m[Kparameter passing for argument of type ‘[01m[KEigen::Rotation2D<double>[m[K’ when C++17 is enabled changed to match C++14 in GCC 10.1
   82 |                             translation().y(), [01;36m[Krotation()[m[K.angle());
      |                                                [01;36m[K~~~~~~~~^~[m[K
[01m[K/home/faith/Work/carto_ws/src/cartographer/cartographer/transform/rigid_transform.h:[m[K In member function ‘[01m[Kstd::string cartographer::transform::Rigid2<FloatType>::DebugString() const [with FloatType = float][m[K’:
[01m[K/home/faith/Work/carto_ws/src/cartographer/cartographer/transform/rigid_transform.h:82:56:[m[K [01;36m[Knote: [m[Kparameter passing for argument of type ‘[01m[KEigen::Rotation2D<float>[m[K’ when C++17 is enabled changed to match C++14 in GCC 10.1
   82 |                             translation().y(), [01;36m[Krotation()[m[K.angle());
      |                                                [01;36m[K~~~~~~~~^~[m[K
[01m[K/home/faith/Work/carto_ws/src/cartographer/cartographer/transform/rigid_transform.h:[m[K In function ‘[01m[Kcartographer::transform::Rigid2<FloatType> cartographer::transform::operator*(const cartographer::transform::Rigid2<FloatType>&, const cartographer::transform::Rigid2<FloatType>&) [with FloatType = double][m[K’:
[01m[K/home/faith/Work/carto_ws/src/cartographer/cartographer/transform/rigid_transform.h:95:22:[m[K [01;36m[Knote: [m[Kparameter passing for argument of type ‘[01m[KEigen::Rotation2D<double>[m[K’ when C++17 is enabled changed to match C++14 in GCC 10.1
   95 |       [01;36m[Klhs.rotation() * rhs.rotation()[m[K);
      |       [01;36m[K~~~~~~~~~~~~~~~^~~~~~~~~~~~~~~~[m[K
[01m[K/home/faith/Work/carto_ws/src/cartographer/cartographer/transform/rigid_transform.h:[m[K In function ‘[01m[Kcartographer::transform::Rigid2<FloatType> cartographer::transform::operator*(const cartographer::transform::Rigid2<FloatType>&, const cartographer::transform::Rigid2<FloatType>&) [with FloatType = float][m[K’:
[01m[K/home/faith/Work/carto_ws/src/cartographer/cartographer/transform/rigid_transform.h:95:22:[m[K [01;36m[Knote: [m[Kparameter passing for argument of type ‘[01m[KEigen::Rotation2D<float>[m[K’ when C++17 is enabled changed to match C++14 in GCC 10.1
   95 |       [01;36m[Klhs.rotation() * rhs.rotation()[m[K);
      |       [01;36m[K~~~~~~~~~~~~~~~^~~~~~~~~~~~~~~~[m[K
In file included from [01m[K/home/faith/Work/carto_ws/src/cartographer/cartographer/transform/rigid_transform_test.cc:20[m[K:
[01m[K/home/faith/Work/carto_ws/src/cartographer/cartographer/transform/rigid_transform_test_helpers.h:[m[K In function ‘[01m[KEigen::Transform<T, 2, 2> cartographer::transform::ToEigen(const cartographer::transform::Rigid2<FloatType>&) [with T = double][m[K’:
[01m[K/home/faith/Work/carto_ws/src/cartographer/cartographer/transform/rigid_transform_test_helpers.h:34:74:[m[K [01;36m[Knote: [m[Kparameter passing for argument of type ‘[01m[KEigen::Rotation2D<double>[m[K’ when C++17 is enabled changed to match C++14 in GCC 10.1
   34 |   return Eigen::Translation<T, 2>(rigid2.translation()) * [01;36m[Krigid2.rotation()[m[K;
      |                                                           [01;36m[K~~~~~~~~~~~~~~~^~[m[K
