[1.182s] Invoking command in '/home/faith/Work/carto_ws/src/city_li': PYTHONPATH=/home/faith/Work/carto_ws/build/city_li/prefix_override:/home/faith/Work/carto_ws/install/city_li/lib/python3.10/site-packages:${PYTHONPATH} /usr/bin/python3 setup.py egg_info --egg-base ../../build/city_li build --build-base /home/faith/Work/carto_ws/build/city_li/build install --record /home/faith/Work/carto_ws/build/city_li/install.log --single-version-externally-managed
[1.510s] running egg_info
[1.511s] writing ../../build/city_li/city_li.egg-info/PKG-INFO
[1.512s] writing dependency_links to ../../build/city_li/city_li.egg-info/dependency_links.txt
[1.513s] writing entry points to ../../build/city_li/city_li.egg-info/entry_points.txt
[1.513s] writing requirements to ../../build/city_li/city_li.egg-info/requires.txt
[1.513s] writing top-level names to ../../build/city_li/city_li.egg-info/top_level.txt
[1.517s] reading manifest file '../../build/city_li/city_li.egg-info/SOURCES.txt'
[1.518s] writing manifest file '../../build/city_li/city_li.egg-info/SOURCES.txt'
[1.519s] running build
[1.519s] running build_py
[1.520s] running install
[1.520s] /usr/lib/python3/dist-packages/setuptools/command/install.py:34: SetuptoolsDeprecationWarning: setup.py install is deprecated. Use build and pip and other standards-based tools.
[1.521s]   warnings.warn(
[1.521s] running install_lib
[1.522s] running install_data
[1.523s] running install_egg_info
[1.526s] removing '/home/faith/Work/carto_ws/install/city_li/lib/python3.10/site-packages/city_li-0.0.0-py3.10.egg-info' (and everything under it)
[1.526s] Copying ../../build/city_li/city_li.egg-info to /home/faith/Work/carto_ws/install/city_li/lib/python3.10/site-packages/city_li-0.0.0-py3.10.egg-info
[1.527s] running install_scripts
[1.561s] Installing li4_node script to /home/faith/Work/carto_ws/install/city_li/lib/city_li
[1.562s] writing list of installed files to '/home/faith/Work/carto_ws/build/city_li/install.log'
[1.639s] Invoked command in '/home/faith/Work/carto_ws/src/city_li' returned '0': PYTHONPATH=/home/faith/Work/carto_ws/build/city_li/prefix_override:/home/faith/Work/carto_ws/install/city_li/lib/python3.10/site-packages:${PYTHONPATH} /usr/bin/python3 setup.py egg_info --egg-base ../../build/city_li build --build-base /home/faith/Work/carto_ws/build/city_li/build install --record /home/faith/Work/carto_ws/build/city_li/install.log --single-version-externally-managed
