[1.334s] Invoking command in '/home/faith/Work/carto_ws/src/yahboomcar_description': PYTHONPATH=/home/faith/Work/carto_ws/build/yahboomcar_description/prefix_override:/home/faith/Work/carto_ws/install/yahboomcar_description/lib/python3.10/site-packages:${PYTHONPATH} /usr/bin/python3 setup.py egg_info --egg-base ../../build/yahboomcar_description build --build-base /home/faith/Work/carto_ws/build/yahboomcar_description/build install --record /home/faith/Work/carto_ws/build/yahboomcar_description/install.log --single-version-externally-managed
[1.674s] running egg_info
[1.675s] writing ../../build/yahboomcar_description/yahboomcar_description.egg-info/PKG-INFO
[1.676s] writing dependency_links to ../../build/yahboomcar_description/yahboomcar_description.egg-info/dependency_links.txt
[1.676s] writing entry points to ../../build/yahboomcar_description/yahboomcar_description.egg-info/entry_points.txt
[1.677s] writing requirements to ../../build/yahboomcar_description/yahboomcar_description.egg-info/requires.txt
[1.677s] writing top-level names to ../../build/yahboomcar_description/yahboomcar_description.egg-info/top_level.txt
[1.679s] reading manifest file '../../build/yahboomcar_description/yahboomcar_description.egg-info/SOURCES.txt'
[1.680s] writing manifest file '../../build/yahboomcar_description/yahboomcar_description.egg-info/SOURCES.txt'
[1.681s] running build
[1.681s] running build_py
[1.682s] running install
[1.682s] /usr/lib/python3/dist-packages/setuptools/command/install.py:34: SetuptoolsDeprecationWarning: setup.py install is deprecated. Use build and pip and other standards-based tools.
[1.683s]   warnings.warn(
[1.683s] running install_lib
[1.684s] running install_data
[1.684s] running install_egg_info
[1.687s] removing '/home/faith/Work/carto_ws/install/yahboomcar_description/lib/python3.10/site-packages/yahboomcar_description-0.0.0-py3.10.egg-info' (and everything under it)
[1.687s] Copying ../../build/yahboomcar_description/yahboomcar_description.egg-info to /home/faith/Work/carto_ws/install/yahboomcar_description/lib/python3.10/site-packages/yahboomcar_description-0.0.0-py3.10.egg-info
[1.688s] running install_scripts
[1.726s] writing list of installed files to '/home/faith/Work/carto_ws/build/yahboomcar_description/install.log'
[1.822s] Invoked command in '/home/faith/Work/carto_ws/src/yahboomcar_description' returned '0': PYTHONPATH=/home/faith/Work/carto_ws/build/yahboomcar_description/prefix_override:/home/faith/Work/carto_ws/install/yahboomcar_description/lib/python3.10/site-packages:${PYTHONPATH} /usr/bin/python3 setup.py egg_info --egg-base ../../build/yahboomcar_description build --build-base /home/faith/Work/carto_ws/build/yahboomcar_description/build install --record /home/faith/Work/carto_ws/build/yahboomcar_description/install.log --single-version-externally-managed
