[0.028s] Invoking command in '/home/faith/Work/carto_ws/build/faithcar_msgs': CMAKE_PREFIX_PATH=${CMAKE_PREFIX_PATH}:/home/faith/Work/carto_ws/install/yahboomcar_description:/home/faith/Work/carto_ws/install/fishbot_description:/home/faith/Work/carto_ws/install/faithcar_ctrl:/home/faith/Work/carto_ws/install/city_li:/opt/ros/humble /usr/bin/cmake /home/faith/Work/carto_ws/src/faithcar_msgs -DCMAKE_INSTALL_PREFIX=/home/faith/Work/carto_ws/install/faithcar_msgs
[0.251s] -- The C compiler identification is GNU 11.3.0
[0.455s] -- The CXX compiler identification is GNU 11.3.0
[0.494s] -- Detecting C compiler ABI info
[0.724s] -- Detecting C compiler ABI info - done
[0.731s] -- Check for working C compiler: /usr/bin/cc - skipped
[0.733s] -- Detecting C compile features
[0.735s] -- Detecting C compile features - done
[0.742s] -- Detecting CXX compiler ABI info
[0.988s] -- Detecting CXX compiler ABI info - done
[1.028s] -- Check for working CXX compiler: /usr/bin/c++ - skipped
[1.029s] -- Detecting CXX compile features
[1.033s] -- Detecting CXX compile features - done
[1.045s] -- Found ament_cmake: 1.3.5 (/opt/ros/humble/share/ament_cmake/cmake)
[1.434s] -- Found Python3: /usr/bin/python3.10 (found version "3.10.6") found components: Interpreter 
[1.667s] -- Found rosidl_default_generators: 1.2.0 (/opt/ros/humble/share/rosidl_default_generators/cmake)
[1.678s] -- Using all available rosidl_typesupport_c: rosidl_typesupport_fastrtps_c;rosidl_typesupport_introspection_c
[1.696s] -- Found rosidl_adapter: 3.1.4 (/opt/ros/humble/share/rosidl_adapter/cmake)
[1.792s] -- Using all available rosidl_typesupport_cpp: rosidl_typesupport_fastrtps_cpp;rosidl_typesupport_introspection_cpp
[1.872s] -- Found geometry_msgs: 4.2.3 (/opt/ros/humble/share/geometry_msgs/cmake)
[2.219s] -- Found actionlib_msgs: 4.2.3 (/opt/ros/humble/share/actionlib_msgs/cmake)
[2.621s] [31mCMake Error at /opt/ros/humble/share/rosidl_adapter/cmake/rosidl_adapt_interfaces.cmake:59 (message):
[2.622s]   execute_process(/usr/bin/python3.10 -m rosidl_adapter --package-name
[2.622s]   faithcar_msgs --arguments-file
[2.623s]   /home/faith/Work/carto_ws/build/faithcar_msgs/rosidl_adapter__arguments__faithcar_msgs.json
[2.623s]   --output-dir
[2.623s]   /home/faith/Work/carto_ws/build/faithcar_msgs/rosidl_adapter/faithcar_msgs
[2.624s]   --output-file
[2.624s]   /home/faith/Work/carto_ws/build/faithcar_msgs/rosidl_adapter/faithcar_msgs.idls)
[2.625s]   returned error code 1:
[2.625s] 
[2.625s]   Error processing 'float32 angleX' of 'faithcar_msgs/Position': ''angleX' is
[2.626s]   an invalid field name.  It should have the pattern
[2.626s]   '^(?!.*__)(?!.*_$)[a-z][a-z0-9_]*$''
[2.626s] 
[2.627s]   Traceback (most recent call last):
[2.627s] 
[2.627s]     File "/usr/lib/python3.10/runpy.py", line 196, in _run_module_as_main
[2.628s]       return _run_code(code, main_globals, None,
[2.628s]     File "/usr/lib/python3.10/runpy.py", line 86, in _run_code
[2.628s]       exec(code, run_globals)
[2.629s]     File "/opt/ros/humble/local/lib/python3.10/dist-packages/rosidl_adapter/__main__.py", line 19, in <module>
[2.629s]       sys.exit(main())
[2.630s]     File "/opt/ros/humble/local/lib/python3.10/dist-packages/rosidl_adapter/main.py", line 53, in main
[2.630s]       abs_idl_file = convert_to_idl(
[2.630s]     File "/opt/ros/humble/local/lib/python3.10/dist-packages/rosidl_adapter/__init__.py", line 19, in convert_to_idl
[2.631s]       return convert_msg_to_idl(
[2.631s]     File "/opt/ros/humble/local/lib/python3.10/dist-packages/rosidl_adapter/msg/__init__.py", line 28, in convert_msg_to_idl
[2.631s]       msg = parse_message_string(package_name, input_file.stem, content)
[2.632s]     File "/opt/ros/humble/local/lib/python3.10/dist-packages/rosidl_adapter/parser.py", line 519, in parse_message_string
[2.632s]       fields.append(Field(
[2.632s]     File "/opt/ros/humble/local/lib/python3.10/dist-packages/rosidl_adapter/parser.py", line 354, in __init__
[2.633s]       raise NameError(
[2.633s] 
[2.633s]   NameError: 'angleX' is an invalid field name.  It should have the pattern
[2.634s]   '^(?!.*__)(?!.*_$)[a-z][a-z0-9_]*$'
[2.634s] 
[2.634s] Call Stack (most recent call first):
[2.635s]   /opt/ros/humble/share/rosidl_cmake/cmake/rosidl_generate_interfaces.cmake:130 (rosidl_adapt_interfaces)
[2.635s]   CMakeLists.txt:14 (rosidl_generate_interfaces)
[2.636s] 
[2.636s] [0m
[2.636s] -- Configuring incomplete, errors occurred!
[2.637s] See also "/home/faith/Work/carto_ws/build/faithcar_msgs/CMakeFiles/CMakeOutput.log".
[2.640s] Invoked command in '/home/faith/Work/carto_ws/build/faithcar_msgs' returned '1': CMAKE_PREFIX_PATH=${CMAKE_PREFIX_PATH}:/home/faith/Work/carto_ws/install/yahboomcar_description:/home/faith/Work/carto_ws/install/fishbot_description:/home/faith/Work/carto_ws/install/faithcar_ctrl:/home/faith/Work/carto_ws/install/city_li:/opt/ros/humble /usr/bin/cmake /home/faith/Work/carto_ws/src/faithcar_msgs -DCMAKE_INSTALL_PREFIX=/home/faith/Work/carto_ws/install/faithcar_msgs
