[0.042s] Invoking command in '/home/faith/Work/carto_ws/build/faithcar_msgs': CMAKE_PREFIX_PATH=${CMAKE_PREFIX_PATH}:/home/faith/Work/carto_ws/install/yahboomcar_description:/home/faith/Work/carto_ws/install/fishbot_description:/home/faith/Work/carto_ws/install/faithcar_ctrl:/home/faith/Work/carto_ws/install/city_li:/opt/ros/humble /usr/bin/cmake /home/faith/Work/carto_ws/src/faithcar_msgs -DCMAKE_INSTALL_PREFIX=/home/faith/Work/carto_ws/install/faithcar_msgs
[0.059s] -- Found ament_cmake: 1.3.5 (/opt/ros/humble/share/ament_cmake/cmake)
[0.349s] -- Found rosidl_default_generators: 1.2.0 (/opt/ros/humble/share/rosidl_default_generators/cmake)
[0.353s] -- Using all available rosidl_typesupport_c: rosidl_typesupport_fastrtps_c;rosidl_typesupport_introspection_c
[0.357s] -- Found rosidl_adapter: 3.1.4 (/opt/ros/humble/share/rosidl_adapter/cmake)
[0.404s] -- Using all available rosidl_typesupport_cpp: rosidl_typesupport_fastrtps_cpp;rosidl_typesupport_introspection_cpp
[0.444s] -- Found geometry_msgs: 4.2.3 (/opt/ros/humble/share/geometry_msgs/cmake)
[0.625s] -- Found actionlib_msgs: 4.2.3 (/opt/ros/humble/share/actionlib_msgs/cmake)
[1.372s] -- Found ament_cmake_ros: 0.10.0 (/opt/ros/humble/share/ament_cmake_ros/cmake)
[1.884s] -- Using all available rosidl_typesupport_c: rosidl_typesupport_fastrtps_c;rosidl_typesupport_introspection_c
[2.514s] -- Using all available rosidl_typesupport_cpp: rosidl_typesupport_fastrtps_cpp;rosidl_typesupport_introspection_cpp
[2.580s] -- Found PythonInterp: /usr/bin/python3 (found suitable version "3.10.6", minimum required is "3.6") 
[2.593s] -- Found python_cmake_module: 0.10.0 (/opt/ros/humble/share/python_cmake_module/cmake)
[2.661s] -- Found PythonLibs: /usr/lib/aarch64-linux-gnu/libpython3.10.so (found suitable version "3.10.6", minimum required is "3.5") 
[2.661s] -- Using PYTHON_EXECUTABLE: /usr/bin/python3
[2.661s] -- Using PYTHON_INCLUDE_DIRS: /usr/include/python3.10
[2.661s] -- Using PYTHON_LIBRARIES: /usr/lib/aarch64-linux-gnu/libpython3.10.so
[2.709s] -- Found PythonExtra: .so  
[2.836s] -- Found ament_lint_auto: 0.12.6 (/opt/ros/humble/share/ament_lint_auto/cmake)
[2.891s] -- Added test 'lint_cmake' to check CMake code style
[2.893s] -- Added test 'xmllint' to check XML markup files
[2.899s] -- Configuring done
[2.970s] -- Generating done
[2.974s] -- Build files have been written to: /home/faith/Work/carto_ws/build/faithcar_msgs
[2.998s] Invoked command in '/home/faith/Work/carto_ws/build/faithcar_msgs' returned '0': CMAKE_PREFIX_PATH=${CMAKE_PREFIX_PATH}:/home/faith/Work/carto_ws/install/yahboomcar_description:/home/faith/Work/carto_ws/install/fishbot_description:/home/faith/Work/carto_ws/install/faithcar_ctrl:/home/faith/Work/carto_ws/install/city_li:/opt/ros/humble /usr/bin/cmake /home/faith/Work/carto_ws/src/faithcar_msgs -DCMAKE_INSTALL_PREFIX=/home/faith/Work/carto_ws/install/faithcar_msgs
[2.998s] Invoking command in '/home/faith/Work/carto_ws/build/faithcar_msgs': CMAKE_PREFIX_PATH=${CMAKE_PREFIX_PATH}:/home/faith/Work/carto_ws/install/yahboomcar_description:/home/faith/Work/carto_ws/install/fishbot_description:/home/faith/Work/carto_ws/install/faithcar_ctrl:/home/faith/Work/carto_ws/install/city_li:/opt/ros/humble /usr/bin/cmake --build /home/faith/Work/carto_ws/build/faithcar_msgs -- -j8 -l8
[3.137s] [  1%] [34m[1mGenerating C code for ROS interfaces[0m
[3.153s] [  2%] [34m[1mGenerating C++ code for ROS interfaces[0m
[3.163s] [  2%] Built target ament_cmake_python_copy_faithcar_msgs
[3.548s] running egg_info
[3.549s] creating faithcar_msgs.egg-info
[3.549s] writing faithcar_msgs.egg-info/PKG-INFO
[3.549s] writing dependency_links to faithcar_msgs.egg-info/dependency_links.txt
[3.549s] writing top-level names to faithcar_msgs.egg-info/top_level.txt
[3.550s] writing manifest file 'faithcar_msgs.egg-info/SOURCES.txt'
[3.554s] reading manifest file 'faithcar_msgs.egg-info/SOURCES.txt'
[3.555s] writing manifest file 'faithcar_msgs.egg-info/SOURCES.txt'
[3.640s] [  2%] Built target ament_cmake_python_build_faithcar_msgs_egg
[4.296s] [  2%] Built target faithcar_msgs__cpp
[4.312s] [  4%] [34m[1mGenerating C++ type support for eProsima Fast-RTPS[0m
[4.312s] [  4%] [34m[1mGenerating C++ introspection for ROS interfaces[0m
[4.331s] [  5%] [34m[1mGenerating C++ type support dispatch for ROS interfaces[0m
[4.349s] [  6%] [32mBuilding C object CMakeFiles/faithcar_msgs__rosidl_generator_c.dir/rosidl_generator_c/faithcar_msgs/msg/detail/target_array__functions.c.o[0m
[4.352s] [  8%] [32mBuilding C object CMakeFiles/faithcar_msgs__rosidl_generator_c.dir/rosidl_generator_c/faithcar_msgs/msg/detail/target__functions.c.o[0m
[4.358s] [  9%] [32mBuilding C object CMakeFiles/faithcar_msgs__rosidl_generator_c.dir/rosidl_generator_c/faithcar_msgs/msg/detail/image_msg__functions.c.o[0m
[4.363s] [ 10%] [32mBuilding C object CMakeFiles/faithcar_msgs__rosidl_generator_c.dir/rosidl_generator_c/faithcar_msgs/msg/detail/point_array__functions.c.o[0m
[4.367s] [ 11%] [32mBuilding C object CMakeFiles/faithcar_msgs__rosidl_generator_c.dir/rosidl_generator_c/faithcar_msgs/msg/detail/position__functions.c.o[0m
[4.428s] In file included from [01m[K/home/faith/Work/carto_ws/build/faithcar_msgs/rosidl_generator_c/faithcar_msgs/msg/detail/target_array__functions.h:19[m[K,
[4.429s]                  from [01m[K/home/faith/Work/carto_ws/build/faithcar_msgs/rosidl_generator_c/faithcar_msgs/msg/detail/target_array__functions.c:4[m[K:
[4.439s] [01m[K/home/faith/Work/carto_ws/build/faithcar_msgs/rosidl_generator_c/faithcar_msgs/msg/detail/target_array__struct.h:22:10:[m[K [01;31m[Kfatal error: [m[Kyahboomcar_msgs/msg/detail/target__struct.h: No such file or directory
[4.440s]    22 | #include [01;31m[K"yahboomcar_msgs/msg/detail/target__struct.h"[m[K
[4.440s]       |          [01;31m[K^~~~~~~~~~~~~~~~~~~~~~~~~~~~~~~~~~~~~~~~~~~~~[m[K
[4.441s] compilation terminated.
[4.441s] gmake[2]: *** [CMakeFiles/faithcar_msgs__rosidl_generator_c.dir/build.make:337: CMakeFiles/faithcar_msgs__rosidl_generator_c.dir/rosidl_generator_c/faithcar_msgs/msg/detail/target_array__functions.c.o] Error 1
[4.444s] gmake[2]: *** Waiting for unfinished jobs....
[4.532s] gmake[1]: *** [CMakeFiles/Makefile2:213: CMakeFiles/faithcar_msgs__rosidl_generator_c.dir/all] Error 2
[4.533s] gmake[1]: *** Waiting for unfinished jobs....
[5.081s] [ 12%] [32mBuilding CXX object CMakeFiles/faithcar_msgs__rosidl_typesupport_cpp.dir/rosidl_typesupport_cpp/faithcar_msgs/msg/position__type_support.cpp.o[0m
[5.084s] [ 13%] [32mBuilding CXX object CMakeFiles/faithcar_msgs__rosidl_typesupport_cpp.dir/rosidl_typesupport_cpp/faithcar_msgs/msg/target_array__type_support.cpp.o[0m
[5.087s] [ 14%] [32mBuilding CXX object CMakeFiles/faithcar_msgs__rosidl_typesupport_cpp.dir/rosidl_typesupport_cpp/faithcar_msgs/msg/target__type_support.cpp.o[0m
[5.095s] [ 16%] [32mBuilding CXX object CMakeFiles/faithcar_msgs__rosidl_typesupport_cpp.dir/rosidl_typesupport_cpp/faithcar_msgs/msg/image_msg__type_support.cpp.o[0m
[5.098s] [ 18%] [32mBuilding CXX object CMakeFiles/faithcar_msgs__rosidl_typesupport_cpp.dir/rosidl_typesupport_cpp/faithcar_msgs/msg/point_array__type_support.cpp.o[0m
[5.099s] [ 18%] [32mBuilding CXX object CMakeFiles/faithcar_msgs__rosidl_typesupport_cpp.dir/rosidl_typesupport_cpp/faithcar_msgs/msg/arm_joint__type_support.cpp.o[0m
[5.261s] In file included from [01m[K/home/faith/Work/carto_ws/build/faithcar_msgs/rosidl_typesupport_cpp/faithcar_msgs/msg/target_array__type_support.cpp:7[m[K:
[5.262s] [01m[K/home/faith/Work/carto_ws/build/faithcar_msgs/rosidl_generator_cpp/faithcar_msgs/msg/detail/target_array__struct.hpp:20:10:[m[K [01;31m[Kfatal error: [m[Kyahboomcar_msgs/msg/detail/target__struct.hpp: No such file or directory
[5.262s]    20 | #include [01;31m[K"yahboomcar_msgs/msg/detail/target__struct.hpp"[m[K
[5.262s]       |          [01;31m[K^~~~~~~~~~~~~~~~~~~~~~~~~~~~~~~~~~~~~~~~~~~~~~~[m[K
[5.262s] compilation terminated.
[5.265s] gmake[2]: *** [CMakeFiles/faithcar_msgs__rosidl_typesupport_cpp.dir/build.make:234: CMakeFiles/faithcar_msgs__rosidl_typesupport_cpp.dir/rosidl_typesupport_cpp/faithcar_msgs/msg/target_array__type_support.cpp.o] Error 1
[5.265s] gmake[2]: *** Waiting for unfinished jobs....
[5.384s] [ 19%] [32mBuilding CXX object CMakeFiles/faithcar_msgs__rosidl_typesupport_introspection_cpp.dir/rosidl_typesupport_introspection_cpp/faithcar_msgs/msg/detail/position__type_support.cpp.o[0m
[5.461s] [ 20%] [32mBuilding CXX object CMakeFiles/faithcar_msgs__rosidl_typesupport_introspection_cpp.dir/rosidl_typesupport_introspection_cpp/faithcar_msgs/msg/detail/point_array__type_support.cpp.o[0m
[5.575s] [ 21%] [32mBuilding CXX object CMakeFiles/faithcar_msgs__rosidl_typesupport_fastrtps_cpp.dir/rosidl_typesupport_fastrtps_cpp/faithcar_msgs/msg/detail/dds_fastrtps/position__type_support.cpp.o[0m
[5.615s] [ 22%] [32mBuilding CXX object CMakeFiles/faithcar_msgs__rosidl_typesupport_fastrtps_cpp.dir/rosidl_typesupport_fastrtps_cpp/faithcar_msgs/msg/detail/dds_fastrtps/point_array__type_support.cpp.o[0m
[5.622s] [ 24%] [32mBuilding CXX object CMakeFiles/faithcar_msgs__rosidl_typesupport_fastrtps_cpp.dir/rosidl_typesupport_fastrtps_cpp/faithcar_msgs/msg/detail/dds_fastrtps/image_msg__type_support.cpp.o[0m
[5.630s] [ 25%] [32mBuilding CXX object CMakeFiles/faithcar_msgs__rosidl_typesupport_introspection_cpp.dir/rosidl_typesupport_introspection_cpp/faithcar_msgs/msg/detail/image_msg__type_support.cpp.o[0m
[5.710s] [ 26%] [32mBuilding CXX object CMakeFiles/faithcar_msgs__rosidl_typesupport_introspection_cpp.dir/rosidl_typesupport_introspection_cpp/faithcar_msgs/msg/detail/target__type_support.cpp.o[0m
[5.970s] gmake[1]: *** [CMakeFiles/Makefile2:395: CMakeFiles/faithcar_msgs__rosidl_typesupport_cpp.dir/all] Error 2
[6.001s] [ 27%] [32mBuilding CXX object CMakeFiles/faithcar_msgs__rosidl_typesupport_introspection_cpp.dir/rosidl_typesupport_introspection_cpp/faithcar_msgs/msg/detail/target_array__type_support.cpp.o[0m
[6.240s] In file included from [01m[K/home/faith/Work/carto_ws/build/faithcar_msgs/rosidl_typesupport_introspection_cpp/faithcar_msgs/msg/detail/target_array__type_support.cpp:12[m[K:
[6.240s] [01m[K/home/faith/Work/carto_ws/build/faithcar_msgs/rosidl_generator_cpp/faithcar_msgs/msg/detail/target_array__struct.hpp:20:10:[m[K [01;31m[Kfatal error: [m[Kyahboomcar_msgs/msg/detail/target__struct.hpp: No such file or directory
[6.240s]    20 | #include [01;31m[K"yahboomcar_msgs/msg/detail/target__struct.hpp"[m[K
[6.240s]       |          [01;31m[K^~~~~~~~~~~~~~~~~~~~~~~~~~~~~~~~~~~~~~~~~~~~~~~[m[K
[6.241s] compilation terminated.
[6.245s] gmake[2]: *** [CMakeFiles/faithcar_msgs__rosidl_typesupport_introspection_cpp.dir/build.make:260: CMakeFiles/faithcar_msgs__rosidl_typesupport_introspection_cpp.dir/rosidl_typesupport_introspection_cpp/faithcar_msgs/msg/detail/target_array__type_support.cpp.o] Error 1
[6.247s] gmake[2]: *** Waiting for unfinished jobs....
[6.262s] [ 28%] [32mBuilding CXX object CMakeFiles/faithcar_msgs__rosidl_typesupport_fastrtps_cpp.dir/rosidl_typesupport_fastrtps_cpp/faithcar_msgs/msg/detail/dds_fastrtps/target__type_support.cpp.o[0m
[6.269s] [ 29%] [32mBuilding CXX object CMakeFiles/faithcar_msgs__rosidl_typesupport_fastrtps_cpp.dir/rosidl_typesupport_fastrtps_cpp/faithcar_msgs/msg/detail/dds_fastrtps/arm_joint__type_support.cpp.o[0m
[6.278s] [ 31%] [32mBuilding CXX object CMakeFiles/faithcar_msgs__rosidl_typesupport_fastrtps_cpp.dir/rosidl_typesupport_fastrtps_cpp/faithcar_msgs/msg/detail/dds_fastrtps/target_array__type_support.cpp.o[0m
[6.304s] [ 32%] [32mBuilding CXX object CMakeFiles/faithcar_msgs__rosidl_typesupport_fastrtps_cpp.dir/rosidl_typesupport_fastrtps_cpp/faithcar_msgs/srv/detail/dds_fastrtps/robot_arm_array__type_support.cpp.o[0m
[6.413s] [ 33%] [32mBuilding CXX object CMakeFiles/faithcar_msgs__rosidl_typesupport_fastrtps_cpp.dir/rosidl_typesupport_fastrtps_cpp/faithcar_msgs/srv/detail/dds_fastrtps/kinemarics__type_support.cpp.o[0m
[6.587s] In file included from [01m[K/home/faith/Work/carto_ws/build/faithcar_msgs/rosidl_typesupport_fastrtps_cpp/faithcar_msgs/msg/detail/target_array__rosidl_typesupport_fastrtps_cpp.hpp:11[m[K,
[6.587s]                  from [01m[K/home/faith/Work/carto_ws/build/faithcar_msgs/rosidl_typesupport_fastrtps_cpp/faithcar_msgs/msg/detail/dds_fastrtps/target_array__type_support.cpp:4[m[K:
[6.587s] [01m[K/home/faith/Work/carto_ws/build/faithcar_msgs/rosidl_generator_cpp/faithcar_msgs/msg/detail/target_array__struct.hpp:20:10:[m[K [01;31m[Kfatal error: [m[Kyahboomcar_msgs/msg/detail/target__struct.hpp: No such file or directory
[6.587s]    20 | #include [01;31m[K"yahboomcar_msgs/msg/detail/target__struct.hpp"[m[K
[6.587s]       |          [01;31m[K^~~~~~~~~~~~~~~~~~~~~~~~~~~~~~~~~~~~~~~~~~~~~~~[m[K
[6.587s] compilation terminated.
[6.595s] gmake[2]: *** [CMakeFiles/faithcar_msgs__rosidl_typesupport_fastrtps_cpp.dir/build.make:260: CMakeFiles/faithcar_msgs__rosidl_typesupport_fastrtps_cpp.dir/rosidl_typesupport_fastrtps_cpp/faithcar_msgs/msg/detail/dds_fastrtps/target_array__type_support.cpp.o] Error 1
[6.596s] gmake[2]: *** Waiting for unfinished jobs....
[6.724s] gmake[1]: *** [CMakeFiles/Makefile2:369: CMakeFiles/faithcar_msgs__rosidl_typesupport_introspection_cpp.dir/all] Error 2
[7.317s] gmake[1]: *** [CMakeFiles/Makefile2:343: CMakeFiles/faithcar_msgs__rosidl_typesupport_fastrtps_cpp.dir/all] Error 2
[7.317s] gmake: *** [Makefile:146: all] Error 2
[7.322s] Invoked command in '/home/faith/Work/carto_ws/build/faithcar_msgs' returned '2': CMAKE_PREFIX_PATH=${CMAKE_PREFIX_PATH}:/home/faith/Work/carto_ws/install/yahboomcar_description:/home/faith/Work/carto_ws/install/fishbot_description:/home/faith/Work/carto_ws/install/faithcar_ctrl:/home/faith/Work/carto_ws/install/city_li:/opt/ros/humble /usr/bin/cmake --build /home/faith/Work/carto_ws/build/faithcar_msgs -- -j8 -l8
