[0.087s] Invoking command in '/home/faith/Work/carto_ws/build/orbbec_camera_msgs': CMAKE_PREFIX_PATH=${CMAKE_PREFIX_PATH}:/home/faith/Work/carto_ws/install/fishbot_description:/opt/ros/humble /usr/bin/cmake --build /home/faith/Work/carto_ws/build/orbbec_camera_msgs -- -j8 -l8
[0.872s] [  0%] Built target orbbec_camera_msgs__cpp
[0.873s] [ 12%] Built target orbbec_camera_msgs__rosidl_generator_c
[0.873s] [ 12%] Built target ament_cmake_python_copy_orbbec_camera_msgs
[0.874s] [ 23%] Built target orbbec_camera_msgs__rosidl_typesupport_fastrtps_cpp
[0.874s] [ 35%] Built target orbbec_camera_msgs__rosidl_typesupport_cpp
[0.875s] [ 47%] Built target orbbec_camera_msgs__rosidl_typesupport_introspection_cpp
[0.875s] [ 59%] Built target orbbec_camera_msgs__rosidl_typesupport_fastrtps_c
[0.876s] [ 71%] Built target orbbec_camera_msgs__rosidl_typesupport_introspection_c
[0.876s] [ 82%] Built target orbbec_camera_msgs__rosidl_typesupport_c
[0.876s] [ 82%] Built target orbbec_camera_msgs
[0.876s] [ 83%] Built target orbbec_camera_msgs__py
[0.957s] [ 94%] Built target orbbec_camera_msgs__rosidl_generator_py
[1.092s] [ 96%] Built target orbbec_camera_msgs__rosidl_typesupport_fastrtps_c__pyext
[1.122s] [ 98%] Built target orbbec_camera_msgs__rosidl_typesupport_c__pyext
[1.147s] [100%] Built target orbbec_camera_msgs__rosidl_typesupport_introspection_c__pyext
[1.313s] running egg_info
[1.314s] writing orbbec_camera_msgs.egg-info/PKG-INFO
[1.316s] writing dependency_links to orbbec_camera_msgs.egg-info/dependency_links.txt
[1.316s] writing top-level names to orbbec_camera_msgs.egg-info/top_level.txt
[1.324s] reading manifest file 'orbbec_camera_msgs.egg-info/SOURCES.txt'
[1.324s] writing manifest file 'orbbec_camera_msgs.egg-info/SOURCES.txt'
[1.538s] [100%] Built target ament_cmake_python_build_orbbec_camera_msgs_egg
[1.638s] Invoked command in '/home/faith/Work/carto_ws/build/orbbec_camera_msgs' returned '0': CMAKE_PREFIX_PATH=${CMAKE_PREFIX_PATH}:/home/faith/Work/carto_ws/install/fishbot_description:/opt/ros/humble /usr/bin/cmake --build /home/faith/Work/carto_ws/build/orbbec_camera_msgs -- -j8 -l8
[2.891s] Invoking command in '/home/faith/Work/carto_ws/build/orbbec_camera_msgs': CMAKE_PREFIX_PATH=${CMAKE_PREFIX_PATH}:/home/faith/Work/carto_ws/install/fishbot_description:/opt/ros/humble /usr/bin/cmake --install /home/faith/Work/carto_ws/build/orbbec_camera_msgs
[2.914s] -- Install configuration: "Release"
[2.914s] -- Up-to-date: /home/faith/Work/carto_ws/install/orbbec_camera_msgs/share/ament_index/resource_index/rosidl_interfaces/orbbec_camera_msgs
[2.914s] -- Up-to-date: /home/faith/Work/carto_ws/install/orbbec_camera_msgs/include/orbbec_camera_msgs/orbbec_camera_msgs
[2.914s] -- Up-to-date: /home/faith/Work/carto_ws/install/orbbec_camera_msgs/include/orbbec_camera_msgs/orbbec_camera_msgs/srv
[2.914s] -- Up-to-date: /home/faith/Work/carto_ws/install/orbbec_camera_msgs/include/orbbec_camera_msgs/orbbec_camera_msgs/srv/get_device_info.h
[2.914s] -- Up-to-date: /home/faith/Work/carto_ws/install/orbbec_camera_msgs/include/orbbec_camera_msgs/orbbec_camera_msgs/srv/set_int32.h
[2.914s] -- Up-to-date: /home/faith/Work/carto_ws/install/orbbec_camera_msgs/include/orbbec_camera_msgs/orbbec_camera_msgs/srv/get_camera_info.h
[2.915s] -- Up-to-date: /home/faith/Work/carto_ws/install/orbbec_camera_msgs/include/orbbec_camera_msgs/orbbec_camera_msgs/srv/detail
[2.915s] -- Up-to-date: /home/faith/Work/carto_ws/install/orbbec_camera_msgs/include/orbbec_camera_msgs/orbbec_camera_msgs/srv/detail/get_string__functions.c
[2.915s] -- Up-to-date: /home/faith/Work/carto_ws/install/orbbec_camera_msgs/include/orbbec_camera_msgs/orbbec_camera_msgs/srv/detail/set_string__type_support.h
[2.915s] -- Up-to-date: /home/faith/Work/carto_ws/install/orbbec_camera_msgs/include/orbbec_camera_msgs/orbbec_camera_msgs/srv/detail/get_device_info__type_support.h
[2.915s] -- Up-to-date: /home/faith/Work/carto_ws/install/orbbec_camera_msgs/include/orbbec_camera_msgs/orbbec_camera_msgs/srv/detail/set_int32__functions.h
[2.915s] -- Up-to-date: /home/faith/Work/carto_ws/install/orbbec_camera_msgs/include/orbbec_camera_msgs/orbbec_camera_msgs/srv/detail/get_camera_info__functions.c
[2.915s] -- Up-to-date: /home/faith/Work/carto_ws/install/orbbec_camera_msgs/include/orbbec_camera_msgs/orbbec_camera_msgs/srv/detail/get_bool__type_support.h
[2.915s] -- Up-to-date: /home/faith/Work/carto_ws/install/orbbec_camera_msgs/include/orbbec_camera_msgs/orbbec_camera_msgs/srv/detail/get_camera_info__type_support.h
[2.915s] -- Up-to-date: /home/faith/Work/carto_ws/install/orbbec_camera_msgs/include/orbbec_camera_msgs/orbbec_camera_msgs/srv/detail/get_camera_info__struct.h
[2.915s] -- Up-to-date: /home/faith/Work/carto_ws/install/orbbec_camera_msgs/include/orbbec_camera_msgs/orbbec_camera_msgs/srv/detail/get_bool__struct.h
[2.915s] -- Up-to-date: /home/faith/Work/carto_ws/install/orbbec_camera_msgs/include/orbbec_camera_msgs/orbbec_camera_msgs/srv/detail/set_string__struct.h
[2.915s] -- Up-to-date: /home/faith/Work/carto_ws/install/orbbec_camera_msgs/include/orbbec_camera_msgs/orbbec_camera_msgs/srv/detail/set_int32__type_support.h
[2.915s] -- Up-to-date: /home/faith/Work/carto_ws/install/orbbec_camera_msgs/include/orbbec_camera_msgs/orbbec_camera_msgs/srv/detail/get_int32__functions.c
[2.916s] -- Up-to-date: /home/faith/Work/carto_ws/install/orbbec_camera_msgs/include/orbbec_camera_msgs/orbbec_camera_msgs/srv/detail/set_string__functions.c
[2.916s] -- Up-to-date: /home/faith/Work/carto_ws/install/orbbec_camera_msgs/include/orbbec_camera_msgs/orbbec_camera_msgs/srv/detail/get_string__functions.h
[2.916s] -- Up-to-date: /home/faith/Work/carto_ws/install/orbbec_camera_msgs/include/orbbec_camera_msgs/orbbec_camera_msgs/srv/detail/get_string__struct.h
[2.916s] -- Up-to-date: /home/faith/Work/carto_ws/install/orbbec_camera_msgs/include/orbbec_camera_msgs/orbbec_camera_msgs/srv/detail/get_bool__functions.h
[2.916s] -- Up-to-date: /home/faith/Work/carto_ws/install/orbbec_camera_msgs/include/orbbec_camera_msgs/orbbec_camera_msgs/srv/detail/get_bool__functions.c
[2.916s] -- Up-to-date: /home/faith/Work/carto_ws/install/orbbec_camera_msgs/include/orbbec_camera_msgs/orbbec_camera_msgs/srv/detail/get_int32__functions.h
[2.916s] -- Up-to-date: /home/faith/Work/carto_ws/install/orbbec_camera_msgs/include/orbbec_camera_msgs/orbbec_camera_msgs/srv/detail/get_int32__type_support.h
[2.916s] -- Up-to-date: /home/faith/Work/carto_ws/install/orbbec_camera_msgs/include/orbbec_camera_msgs/orbbec_camera_msgs/srv/detail/get_string__type_support.h
[2.916s] -- Up-to-date: /home/faith/Work/carto_ws/install/orbbec_camera_msgs/include/orbbec_camera_msgs/orbbec_camera_msgs/srv/detail/get_device_info__functions.h
[2.916s] -- Up-to-date: /home/faith/Work/carto_ws/install/orbbec_camera_msgs/include/orbbec_camera_msgs/orbbec_camera_msgs/srv/detail/set_string__functions.h
[2.916s] -- Up-to-date: /home/faith/Work/carto_ws/install/orbbec_camera_msgs/include/orbbec_camera_msgs/orbbec_camera_msgs/srv/detail/set_int32__functions.c
[2.916s] -- Up-to-date: /home/faith/Work/carto_ws/install/orbbec_camera_msgs/include/orbbec_camera_msgs/orbbec_camera_msgs/srv/detail/get_int32__struct.h
[2.917s] -- Up-to-date: /home/faith/Work/carto_ws/install/orbbec_camera_msgs/include/orbbec_camera_msgs/orbbec_camera_msgs/srv/detail/get_device_info__struct.h
[2.917s] -- Up-to-date: /home/faith/Work/carto_ws/install/orbbec_camera_msgs/include/orbbec_camera_msgs/orbbec_camera_msgs/srv/detail/get_device_info__functions.c
[2.917s] -- Up-to-date: /home/faith/Work/carto_ws/install/orbbec_camera_msgs/include/orbbec_camera_msgs/orbbec_camera_msgs/srv/detail/get_camera_info__functions.h
[2.917s] -- Up-to-date: /home/faith/Work/carto_ws/install/orbbec_camera_msgs/include/orbbec_camera_msgs/orbbec_camera_msgs/srv/detail/set_int32__struct.h
[2.917s] -- Up-to-date: /home/faith/Work/carto_ws/install/orbbec_camera_msgs/include/orbbec_camera_msgs/orbbec_camera_msgs/srv/get_string.h
[2.917s] -- Up-to-date: /home/faith/Work/carto_ws/install/orbbec_camera_msgs/include/orbbec_camera_msgs/orbbec_camera_msgs/srv/get_bool.h
[2.917s] -- Up-to-date: /home/faith/Work/carto_ws/install/orbbec_camera_msgs/include/orbbec_camera_msgs/orbbec_camera_msgs/srv/get_int32.h
[2.917s] -- Up-to-date: /home/faith/Work/carto_ws/install/orbbec_camera_msgs/include/orbbec_camera_msgs/orbbec_camera_msgs/srv/set_string.h
[2.917s] -- Up-to-date: /home/faith/Work/carto_ws/install/orbbec_camera_msgs/include/orbbec_camera_msgs/orbbec_camera_msgs/msg
[2.917s] -- Up-to-date: /home/faith/Work/carto_ws/install/orbbec_camera_msgs/include/orbbec_camera_msgs/orbbec_camera_msgs/msg/detail
[2.917s] -- Up-to-date: /home/faith/Work/carto_ws/install/orbbec_camera_msgs/include/orbbec_camera_msgs/orbbec_camera_msgs/msg/detail/extrinsics__functions.c
[2.918s] -- Up-to-date: /home/faith/Work/carto_ws/install/orbbec_camera_msgs/include/orbbec_camera_msgs/orbbec_camera_msgs/msg/detail/metadata__functions.c
[2.918s] -- Up-to-date: /home/faith/Work/carto_ws/install/orbbec_camera_msgs/include/orbbec_camera_msgs/orbbec_camera_msgs/msg/detail/extrinsics__functions.h
[2.918s] -- Up-to-date: /home/faith/Work/carto_ws/install/orbbec_camera_msgs/include/orbbec_camera_msgs/orbbec_camera_msgs/msg/detail/device_info__functions.c
[2.918s] -- Up-to-date: /home/faith/Work/carto_ws/install/orbbec_camera_msgs/include/orbbec_camera_msgs/orbbec_camera_msgs/msg/detail/metadata__type_support.h
[2.918s] -- Up-to-date: /home/faith/Work/carto_ws/install/orbbec_camera_msgs/include/orbbec_camera_msgs/orbbec_camera_msgs/msg/detail/metadata__struct.h
[2.918s] -- Up-to-date: /home/faith/Work/carto_ws/install/orbbec_camera_msgs/include/orbbec_camera_msgs/orbbec_camera_msgs/msg/detail/extrinsics__type_support.h
[2.918s] -- Up-to-date: /home/faith/Work/carto_ws/install/orbbec_camera_msgs/include/orbbec_camera_msgs/orbbec_camera_msgs/msg/detail/metadata__functions.h
[2.918s] -- Up-to-date: /home/faith/Work/carto_ws/install/orbbec_camera_msgs/include/orbbec_camera_msgs/orbbec_camera_msgs/msg/detail/device_info__functions.h
[2.918s] -- Up-to-date: /home/faith/Work/carto_ws/install/orbbec_camera_msgs/include/orbbec_camera_msgs/orbbec_camera_msgs/msg/detail/device_info__type_support.h
[2.918s] -- Up-to-date: /home/faith/Work/carto_ws/install/orbbec_camera_msgs/include/orbbec_camera_msgs/orbbec_camera_msgs/msg/detail/extrinsics__struct.h
[2.918s] -- Up-to-date: /home/faith/Work/carto_ws/install/orbbec_camera_msgs/include/orbbec_camera_msgs/orbbec_camera_msgs/msg/detail/device_info__struct.h
[2.918s] -- Up-to-date: /home/faith/Work/carto_ws/install/orbbec_camera_msgs/include/orbbec_camera_msgs/orbbec_camera_msgs/msg/device_info.h
[2.918s] -- Up-to-date: /home/faith/Work/carto_ws/install/orbbec_camera_msgs/include/orbbec_camera_msgs/orbbec_camera_msgs/msg/rosidl_generator_c__visibility_control.h
[2.919s] -- Up-to-date: /home/faith/Work/carto_ws/install/orbbec_camera_msgs/include/orbbec_camera_msgs/orbbec_camera_msgs/msg/metadata.h
[2.919s] -- Up-to-date: /home/faith/Work/carto_ws/install/orbbec_camera_msgs/include/orbbec_camera_msgs/orbbec_camera_msgs/msg/extrinsics.h
[2.919s] -- Up-to-date: /home/faith/Work/carto_ws/install/orbbec_camera_msgs/share/orbbec_camera_msgs/environment/library_path.sh
[2.919s] -- Up-to-date: /home/faith/Work/carto_ws/install/orbbec_camera_msgs/share/orbbec_camera_msgs/environment/library_path.dsv
[2.919s] -- Up-to-date: /home/faith/Work/carto_ws/install/orbbec_camera_msgs/lib/liborbbec_camera_msgs__rosidl_generator_c.so
[2.919s] -- Up-to-date: /home/faith/Work/carto_ws/install/orbbec_camera_msgs/include/orbbec_camera_msgs/orbbec_camera_msgs
[2.919s] -- Up-to-date: /home/faith/Work/carto_ws/install/orbbec_camera_msgs/include/orbbec_camera_msgs/orbbec_camera_msgs/srv
[2.919s] -- Up-to-date: /home/faith/Work/carto_ws/install/orbbec_camera_msgs/include/orbbec_camera_msgs/orbbec_camera_msgs/srv/detail
[2.919s] -- Up-to-date: /home/faith/Work/carto_ws/install/orbbec_camera_msgs/include/orbbec_camera_msgs/orbbec_camera_msgs/srv/detail/get_device_info__rosidl_typesupport_fastrtps_c.h
[2.919s] -- Up-to-date: /home/faith/Work/carto_ws/install/orbbec_camera_msgs/include/orbbec_camera_msgs/orbbec_camera_msgs/srv/detail/set_string__rosidl_typesupport_fastrtps_c.h
[2.919s] -- Up-to-date: /home/faith/Work/carto_ws/install/orbbec_camera_msgs/include/orbbec_camera_msgs/orbbec_camera_msgs/srv/detail/get_bool__rosidl_typesupport_fastrtps_c.h
[2.920s] -- Up-to-date: /home/faith/Work/carto_ws/install/orbbec_camera_msgs/include/orbbec_camera_msgs/orbbec_camera_msgs/srv/detail/set_int32__rosidl_typesupport_fastrtps_c.h
[2.920s] -- Up-to-date: /home/faith/Work/carto_ws/install/orbbec_camera_msgs/include/orbbec_camera_msgs/orbbec_camera_msgs/srv/detail/get_string__rosidl_typesupport_fastrtps_c.h
[2.920s] -- Up-to-date: /home/faith/Work/carto_ws/install/orbbec_camera_msgs/include/orbbec_camera_msgs/orbbec_camera_msgs/srv/detail/get_int32__rosidl_typesupport_fastrtps_c.h
[2.920s] -- Up-to-date: /home/faith/Work/carto_ws/install/orbbec_camera_msgs/include/orbbec_camera_msgs/orbbec_camera_msgs/srv/detail/get_camera_info__rosidl_typesupport_fastrtps_c.h
[2.920s] -- Up-to-date: /home/faith/Work/carto_ws/install/orbbec_camera_msgs/include/orbbec_camera_msgs/orbbec_camera_msgs/msg
[2.920s] -- Up-to-date: /home/faith/Work/carto_ws/install/orbbec_camera_msgs/include/orbbec_camera_msgs/orbbec_camera_msgs/msg/detail
[2.920s] -- Up-to-date: /home/faith/Work/carto_ws/install/orbbec_camera_msgs/include/orbbec_camera_msgs/orbbec_camera_msgs/msg/detail/metadata__rosidl_typesupport_fastrtps_c.h
[2.920s] -- Up-to-date: /home/faith/Work/carto_ws/install/orbbec_camera_msgs/include/orbbec_camera_msgs/orbbec_camera_msgs/msg/detail/extrinsics__rosidl_typesupport_fastrtps_c.h
[2.920s] -- Up-to-date: /home/faith/Work/carto_ws/install/orbbec_camera_msgs/include/orbbec_camera_msgs/orbbec_camera_msgs/msg/detail/device_info__rosidl_typesupport_fastrtps_c.h
[2.920s] -- Up-to-date: /home/faith/Work/carto_ws/install/orbbec_camera_msgs/include/orbbec_camera_msgs/orbbec_camera_msgs/msg/rosidl_typesupport_fastrtps_c__visibility_control.h
[2.920s] -- Up-to-date: /home/faith/Work/carto_ws/install/orbbec_camera_msgs/lib/liborbbec_camera_msgs__rosidl_typesupport_fastrtps_c.so
[2.920s] -- Up-to-date: /home/faith/Work/carto_ws/install/orbbec_camera_msgs/include/orbbec_camera_msgs/orbbec_camera_msgs
[2.921s] -- Up-to-date: /home/faith/Work/carto_ws/install/orbbec_camera_msgs/include/orbbec_camera_msgs/orbbec_camera_msgs/srv
[2.921s] -- Up-to-date: /home/faith/Work/carto_ws/install/orbbec_camera_msgs/include/orbbec_camera_msgs/orbbec_camera_msgs/srv/detail
[2.921s] -- Up-to-date: /home/faith/Work/carto_ws/install/orbbec_camera_msgs/include/orbbec_camera_msgs/orbbec_camera_msgs/srv/detail/get_camera_info__type_support.c
[2.921s] -- Up-to-date: /home/faith/Work/carto_ws/install/orbbec_camera_msgs/include/orbbec_camera_msgs/orbbec_camera_msgs/srv/detail/get_int32__type_support.c
[2.921s] -- Up-to-date: /home/faith/Work/carto_ws/install/orbbec_camera_msgs/include/orbbec_camera_msgs/orbbec_camera_msgs/srv/detail/set_string__type_support.c
[2.921s] -- Up-to-date: /home/faith/Work/carto_ws/install/orbbec_camera_msgs/include/orbbec_camera_msgs/orbbec_camera_msgs/srv/detail/get_device_info__rosidl_typesupport_introspection_c.h
[2.921s] -- Up-to-date: /home/faith/Work/carto_ws/install/orbbec_camera_msgs/include/orbbec_camera_msgs/orbbec_camera_msgs/srv/detail/get_bool__rosidl_typesupport_introspection_c.h
[2.921s] -- Up-to-date: /home/faith/Work/carto_ws/install/orbbec_camera_msgs/include/orbbec_camera_msgs/orbbec_camera_msgs/srv/detail/get_bool__type_support.c
[2.921s] -- Up-to-date: /home/faith/Work/carto_ws/install/orbbec_camera_msgs/include/orbbec_camera_msgs/orbbec_camera_msgs/srv/detail/get_camera_info__rosidl_typesupport_introspection_c.h
[2.921s] -- Up-to-date: /home/faith/Work/carto_ws/install/orbbec_camera_msgs/include/orbbec_camera_msgs/orbbec_camera_msgs/srv/detail/get_string__type_support.c
[2.921s] -- Up-to-date: /home/faith/Work/carto_ws/install/orbbec_camera_msgs/include/orbbec_camera_msgs/orbbec_camera_msgs/srv/detail/get_string__rosidl_typesupport_introspection_c.h
[2.921s] -- Up-to-date: /home/faith/Work/carto_ws/install/orbbec_camera_msgs/include/orbbec_camera_msgs/orbbec_camera_msgs/srv/detail/get_int32__rosidl_typesupport_introspection_c.h
[2.921s] -- Up-to-date: /home/faith/Work/carto_ws/install/orbbec_camera_msgs/include/orbbec_camera_msgs/orbbec_camera_msgs/srv/detail/set_int32__type_support.c
[2.922s] -- Up-to-date: /home/faith/Work/carto_ws/install/orbbec_camera_msgs/include/orbbec_camera_msgs/orbbec_camera_msgs/srv/detail/set_string__rosidl_typesupport_introspection_c.h
[2.922s] -- Up-to-date: /home/faith/Work/carto_ws/install/orbbec_camera_msgs/include/orbbec_camera_msgs/orbbec_camera_msgs/srv/detail/set_int32__rosidl_typesupport_introspection_c.h
[2.922s] -- Up-to-date: /home/faith/Work/carto_ws/install/orbbec_camera_msgs/include/orbbec_camera_msgs/orbbec_camera_msgs/srv/detail/get_device_info__type_support.c
[2.922s] -- Up-to-date: /home/faith/Work/carto_ws/install/orbbec_camera_msgs/include/orbbec_camera_msgs/orbbec_camera_msgs/msg
[2.922s] -- Up-to-date: /home/faith/Work/carto_ws/install/orbbec_camera_msgs/include/orbbec_camera_msgs/orbbec_camera_msgs/msg/detail
[2.922s] -- Up-to-date: /home/faith/Work/carto_ws/install/orbbec_camera_msgs/include/orbbec_camera_msgs/orbbec_camera_msgs/msg/detail/device_info__rosidl_typesupport_introspection_c.h
[2.922s] -- Up-to-date: /home/faith/Work/carto_ws/install/orbbec_camera_msgs/include/orbbec_camera_msgs/orbbec_camera_msgs/msg/detail/extrinsics__rosidl_typesupport_introspection_c.h
[2.922s] -- Up-to-date: /home/faith/Work/carto_ws/install/orbbec_camera_msgs/include/orbbec_camera_msgs/orbbec_camera_msgs/msg/detail/metadata__rosidl_typesupport_introspection_c.h
[2.922s] -- Up-to-date: /home/faith/Work/carto_ws/install/orbbec_camera_msgs/include/orbbec_camera_msgs/orbbec_camera_msgs/msg/detail/device_info__type_support.c
[2.922s] -- Up-to-date: /home/faith/Work/carto_ws/install/orbbec_camera_msgs/include/orbbec_camera_msgs/orbbec_camera_msgs/msg/detail/metadata__type_support.c
[2.922s] -- Up-to-date: /home/faith/Work/carto_ws/install/orbbec_camera_msgs/include/orbbec_camera_msgs/orbbec_camera_msgs/msg/detail/extrinsics__type_support.c
[2.922s] -- Up-to-date: /home/faith/Work/carto_ws/install/orbbec_camera_msgs/include/orbbec_camera_msgs/orbbec_camera_msgs/msg/rosidl_typesupport_introspection_c__visibility_control.h
[2.923s] -- Up-to-date: /home/faith/Work/carto_ws/install/orbbec_camera_msgs/lib/liborbbec_camera_msgs__rosidl_typesupport_introspection_c.so
[2.923s] -- Up-to-date: /home/faith/Work/carto_ws/install/orbbec_camera_msgs/lib/liborbbec_camera_msgs__rosidl_typesupport_c.so
[2.923s] -- Up-to-date: /home/faith/Work/carto_ws/install/orbbec_camera_msgs/include/orbbec_camera_msgs/orbbec_camera_msgs
[2.928s] -- Up-to-date: /home/faith/Work/carto_ws/install/orbbec_camera_msgs/include/orbbec_camera_msgs/orbbec_camera_msgs/srv
[2.928s] -- Up-to-date: /home/faith/Work/carto_ws/install/orbbec_camera_msgs/include/orbbec_camera_msgs/orbbec_camera_msgs/srv/set_string.hpp
[2.928s] -- Up-to-date: /home/faith/Work/carto_ws/install/orbbec_camera_msgs/include/orbbec_camera_msgs/orbbec_camera_msgs/srv/detail
[2.929s] -- Up-to-date: /home/faith/Work/carto_ws/install/orbbec_camera_msgs/include/orbbec_camera_msgs/orbbec_camera_msgs/srv/detail/get_bool__struct.hpp
[2.929s] -- Up-to-date: /home/faith/Work/carto_ws/install/orbbec_camera_msgs/include/orbbec_camera_msgs/orbbec_camera_msgs/srv/detail/get_string__traits.hpp
[2.929s] -- Up-to-date: /home/faith/Work/carto_ws/install/orbbec_camera_msgs/include/orbbec_camera_msgs/orbbec_camera_msgs/srv/detail/get_bool__traits.hpp
[2.930s] -- Up-to-date: /home/faith/Work/carto_ws/install/orbbec_camera_msgs/include/orbbec_camera_msgs/orbbec_camera_msgs/srv/detail/get_int32__traits.hpp
[2.930s] -- Up-to-date: /home/faith/Work/carto_ws/install/orbbec_camera_msgs/include/orbbec_camera_msgs/orbbec_camera_msgs/srv/detail/get_string__builder.hpp
[2.930s] -- Up-to-date: /home/faith/Work/carto_ws/install/orbbec_camera_msgs/include/orbbec_camera_msgs/orbbec_camera_msgs/srv/detail/get_bool__builder.hpp
[2.930s] -- Up-to-date: /home/faith/Work/carto_ws/install/orbbec_camera_msgs/include/orbbec_camera_msgs/orbbec_camera_msgs/srv/detail/set_string__builder.hpp
[2.930s] -- Up-to-date: /home/faith/Work/carto_ws/install/orbbec_camera_msgs/include/orbbec_camera_msgs/orbbec_camera_msgs/srv/detail/get_camera_info__traits.hpp
[2.930s] -- Up-to-date: /home/faith/Work/carto_ws/install/orbbec_camera_msgs/include/orbbec_camera_msgs/orbbec_camera_msgs/srv/detail/get_int32__builder.hpp
[2.930s] -- Up-to-date: /home/faith/Work/carto_ws/install/orbbec_camera_msgs/include/orbbec_camera_msgs/orbbec_camera_msgs/srv/detail/set_int32__builder.hpp
[2.930s] -- Up-to-date: /home/faith/Work/carto_ws/install/orbbec_camera_msgs/include/orbbec_camera_msgs/orbbec_camera_msgs/srv/detail/get_camera_info__struct.hpp
[2.930s] -- Up-to-date: /home/faith/Work/carto_ws/install/orbbec_camera_msgs/include/orbbec_camera_msgs/orbbec_camera_msgs/srv/detail/get_camera_info__builder.hpp
[2.930s] -- Up-to-date: /home/faith/Work/carto_ws/install/orbbec_camera_msgs/include/orbbec_camera_msgs/orbbec_camera_msgs/srv/detail/set_int32__traits.hpp
[2.930s] -- Up-to-date: /home/faith/Work/carto_ws/install/orbbec_camera_msgs/include/orbbec_camera_msgs/orbbec_camera_msgs/srv/detail/get_device_info__traits.hpp
[2.931s] -- Up-to-date: /home/faith/Work/carto_ws/install/orbbec_camera_msgs/include/orbbec_camera_msgs/orbbec_camera_msgs/srv/detail/set_int32__struct.hpp
[2.931s] -- Up-to-date: /home/faith/Work/carto_ws/install/orbbec_camera_msgs/include/orbbec_camera_msgs/orbbec_camera_msgs/srv/detail/set_string__struct.hpp
[2.931s] -- Up-to-date: /home/faith/Work/carto_ws/install/orbbec_camera_msgs/include/orbbec_camera_msgs/orbbec_camera_msgs/srv/detail/get_int32__struct.hpp
[2.931s] -- Up-to-date: /home/faith/Work/carto_ws/install/orbbec_camera_msgs/include/orbbec_camera_msgs/orbbec_camera_msgs/srv/detail/get_string__struct.hpp
[2.931s] -- Up-to-date: /home/faith/Work/carto_ws/install/orbbec_camera_msgs/include/orbbec_camera_msgs/orbbec_camera_msgs/srv/detail/get_device_info__struct.hpp
[2.931s] -- Up-to-date: /home/faith/Work/carto_ws/install/orbbec_camera_msgs/include/orbbec_camera_msgs/orbbec_camera_msgs/srv/detail/get_device_info__builder.hpp
[2.931s] -- Up-to-date: /home/faith/Work/carto_ws/install/orbbec_camera_msgs/include/orbbec_camera_msgs/orbbec_camera_msgs/srv/detail/set_string__traits.hpp
[2.931s] -- Up-to-date: /home/faith/Work/carto_ws/install/orbbec_camera_msgs/include/orbbec_camera_msgs/orbbec_camera_msgs/srv/get_device_info.hpp
[2.931s] -- Up-to-date: /home/faith/Work/carto_ws/install/orbbec_camera_msgs/include/orbbec_camera_msgs/orbbec_camera_msgs/srv/get_bool.hpp
[2.931s] -- Up-to-date: /home/faith/Work/carto_ws/install/orbbec_camera_msgs/include/orbbec_camera_msgs/orbbec_camera_msgs/srv/get_int32.hpp
[2.931s] -- Up-to-date: /home/faith/Work/carto_ws/install/orbbec_camera_msgs/include/orbbec_camera_msgs/orbbec_camera_msgs/srv/set_int32.hpp
[2.931s] -- Up-to-date: /home/faith/Work/carto_ws/install/orbbec_camera_msgs/include/orbbec_camera_msgs/orbbec_camera_msgs/srv/get_camera_info.hpp
[2.932s] -- Up-to-date: /home/faith/Work/carto_ws/install/orbbec_camera_msgs/include/orbbec_camera_msgs/orbbec_camera_msgs/srv/get_string.hpp
[2.932s] -- Up-to-date: /home/faith/Work/carto_ws/install/orbbec_camera_msgs/include/orbbec_camera_msgs/orbbec_camera_msgs/msg
[2.932s] -- Up-to-date: /home/faith/Work/carto_ws/install/orbbec_camera_msgs/include/orbbec_camera_msgs/orbbec_camera_msgs/msg/device_info.hpp
[2.932s] -- Up-to-date: /home/faith/Work/carto_ws/install/orbbec_camera_msgs/include/orbbec_camera_msgs/orbbec_camera_msgs/msg/detail
[2.932s] -- Up-to-date: /home/faith/Work/carto_ws/install/orbbec_camera_msgs/include/orbbec_camera_msgs/orbbec_camera_msgs/msg/detail/extrinsics__traits.hpp
[2.932s] -- Up-to-date: /home/faith/Work/carto_ws/install/orbbec_camera_msgs/include/orbbec_camera_msgs/orbbec_camera_msgs/msg/detail/metadata__struct.hpp
[2.932s] -- Up-to-date: /home/faith/Work/carto_ws/install/orbbec_camera_msgs/include/orbbec_camera_msgs/orbbec_camera_msgs/msg/detail/device_info__builder.hpp
[2.932s] -- Up-to-date: /home/faith/Work/carto_ws/install/orbbec_camera_msgs/include/orbbec_camera_msgs/orbbec_camera_msgs/msg/detail/extrinsics__builder.hpp
[2.932s] -- Up-to-date: /home/faith/Work/carto_ws/install/orbbec_camera_msgs/include/orbbec_camera_msgs/orbbec_camera_msgs/msg/detail/extrinsics__struct.hpp
[2.932s] -- Up-to-date: /home/faith/Work/carto_ws/install/orbbec_camera_msgs/include/orbbec_camera_msgs/orbbec_camera_msgs/msg/detail/device_info__traits.hpp
[2.932s] -- Up-to-date: /home/faith/Work/carto_ws/install/orbbec_camera_msgs/include/orbbec_camera_msgs/orbbec_camera_msgs/msg/detail/metadata__traits.hpp
[2.932s] -- Up-to-date: /home/faith/Work/carto_ws/install/orbbec_camera_msgs/include/orbbec_camera_msgs/orbbec_camera_msgs/msg/detail/metadata__builder.hpp
[2.933s] -- Up-to-date: /home/faith/Work/carto_ws/install/orbbec_camera_msgs/include/orbbec_camera_msgs/orbbec_camera_msgs/msg/detail/device_info__struct.hpp
[2.933s] -- Up-to-date: /home/faith/Work/carto_ws/install/orbbec_camera_msgs/include/orbbec_camera_msgs/orbbec_camera_msgs/msg/extrinsics.hpp
[2.933s] -- Up-to-date: /home/faith/Work/carto_ws/install/orbbec_camera_msgs/include/orbbec_camera_msgs/orbbec_camera_msgs/msg/metadata.hpp
[2.933s] -- Up-to-date: /home/faith/Work/carto_ws/install/orbbec_camera_msgs/include/orbbec_camera_msgs/orbbec_camera_msgs
[2.933s] -- Up-to-date: /home/faith/Work/carto_ws/install/orbbec_camera_msgs/include/orbbec_camera_msgs/orbbec_camera_msgs/srv
[2.933s] -- Up-to-date: /home/faith/Work/carto_ws/install/orbbec_camera_msgs/include/orbbec_camera_msgs/orbbec_camera_msgs/srv/detail
[2.933s] -- Up-to-date: /home/faith/Work/carto_ws/install/orbbec_camera_msgs/include/orbbec_camera_msgs/orbbec_camera_msgs/srv/detail/dds_fastrtps
[2.934s] -- Up-to-date: /home/faith/Work/carto_ws/install/orbbec_camera_msgs/include/orbbec_camera_msgs/orbbec_camera_msgs/srv/detail/get_int32__rosidl_typesupport_fastrtps_cpp.hpp
[2.934s] -- Up-to-date: /home/faith/Work/carto_ws/install/orbbec_camera_msgs/include/orbbec_camera_msgs/orbbec_camera_msgs/srv/detail/get_camera_info__rosidl_typesupport_fastrtps_cpp.hpp
[2.934s] -- Up-to-date: /home/faith/Work/carto_ws/install/orbbec_camera_msgs/include/orbbec_camera_msgs/orbbec_camera_msgs/srv/detail/get_bool__rosidl_typesupport_fastrtps_cpp.hpp
[2.934s] -- Up-to-date: /home/faith/Work/carto_ws/install/orbbec_camera_msgs/include/orbbec_camera_msgs/orbbec_camera_msgs/srv/detail/set_string__rosidl_typesupport_fastrtps_cpp.hpp
[2.935s] -- Up-to-date: /home/faith/Work/carto_ws/install/orbbec_camera_msgs/include/orbbec_camera_msgs/orbbec_camera_msgs/srv/detail/get_string__rosidl_typesupport_fastrtps_cpp.hpp
[2.935s] -- Up-to-date: /home/faith/Work/carto_ws/install/orbbec_camera_msgs/include/orbbec_camera_msgs/orbbec_camera_msgs/srv/detail/set_int32__rosidl_typesupport_fastrtps_cpp.hpp
[2.935s] -- Up-to-date: /home/faith/Work/carto_ws/install/orbbec_camera_msgs/include/orbbec_camera_msgs/orbbec_camera_msgs/srv/detail/get_device_info__rosidl_typesupport_fastrtps_cpp.hpp
[2.935s] -- Up-to-date: /home/faith/Work/carto_ws/install/orbbec_camera_msgs/include/orbbec_camera_msgs/orbbec_camera_msgs/msg
[2.935s] -- Up-to-date: /home/faith/Work/carto_ws/install/orbbec_camera_msgs/include/orbbec_camera_msgs/orbbec_camera_msgs/msg/detail
[2.935s] -- Up-to-date: /home/faith/Work/carto_ws/install/orbbec_camera_msgs/include/orbbec_camera_msgs/orbbec_camera_msgs/msg/detail/dds_fastrtps
[2.935s] -- Up-to-date: /home/faith/Work/carto_ws/install/orbbec_camera_msgs/include/orbbec_camera_msgs/orbbec_camera_msgs/msg/detail/device_info__rosidl_typesupport_fastrtps_cpp.hpp
[2.935s] -- Up-to-date: /home/faith/Work/carto_ws/install/orbbec_camera_msgs/include/orbbec_camera_msgs/orbbec_camera_msgs/msg/detail/extrinsics__rosidl_typesupport_fastrtps_cpp.hpp
[2.935s] -- Up-to-date: /home/faith/Work/carto_ws/install/orbbec_camera_msgs/include/orbbec_camera_msgs/orbbec_camera_msgs/msg/detail/metadata__rosidl_typesupport_fastrtps_cpp.hpp
[2.935s] -- Up-to-date: /home/faith/Work/carto_ws/install/orbbec_camera_msgs/include/orbbec_camera_msgs/orbbec_camera_msgs/msg/rosidl_typesupport_fastrtps_cpp__visibility_control.h
[2.936s] -- Up-to-date: /home/faith/Work/carto_ws/install/orbbec_camera_msgs/lib/liborbbec_camera_msgs__rosidl_typesupport_fastrtps_cpp.so
[2.936s] -- Up-to-date: /home/faith/Work/carto_ws/install/orbbec_camera_msgs/include/orbbec_camera_msgs/orbbec_camera_msgs
[2.936s] -- Up-to-date: /home/faith/Work/carto_ws/install/orbbec_camera_msgs/include/orbbec_camera_msgs/orbbec_camera_msgs/srv
[2.936s] -- Up-to-date: /home/faith/Work/carto_ws/install/orbbec_camera_msgs/include/orbbec_camera_msgs/orbbec_camera_msgs/srv/detail
[2.936s] -- Up-to-date: /home/faith/Work/carto_ws/install/orbbec_camera_msgs/include/orbbec_camera_msgs/orbbec_camera_msgs/srv/detail/set_int32__type_support.cpp
[2.936s] -- Up-to-date: /home/faith/Work/carto_ws/install/orbbec_camera_msgs/include/orbbec_camera_msgs/orbbec_camera_msgs/srv/detail/set_int32__rosidl_typesupport_introspection_cpp.hpp
[2.936s] -- Up-to-date: /home/faith/Work/carto_ws/install/orbbec_camera_msgs/include/orbbec_camera_msgs/orbbec_camera_msgs/srv/detail/get_camera_info__type_support.cpp
[2.936s] -- Up-to-date: /home/faith/Work/carto_ws/install/orbbec_camera_msgs/include/orbbec_camera_msgs/orbbec_camera_msgs/srv/detail/get_string__rosidl_typesupport_introspection_cpp.hpp
[2.936s] -- Up-to-date: /home/faith/Work/carto_ws/install/orbbec_camera_msgs/include/orbbec_camera_msgs/orbbec_camera_msgs/srv/detail/get_device_info__rosidl_typesupport_introspection_cpp.hpp
[2.937s] -- Up-to-date: /home/faith/Work/carto_ws/install/orbbec_camera_msgs/include/orbbec_camera_msgs/orbbec_camera_msgs/srv/detail/get_int32__type_support.cpp
[2.937s] -- Up-to-date: /home/faith/Work/carto_ws/install/orbbec_camera_msgs/include/orbbec_camera_msgs/orbbec_camera_msgs/srv/detail/get_string__type_support.cpp
[2.947s] -- Up-to-date: /home/faith/Work/carto_ws/install/orbbec_camera_msgs/include/orbbec_camera_msgs/orbbec_camera_msgs/srv/detail/get_camera_info__rosidl_typesupport_introspection_cpp.hpp
[2.948s] -- Up-to-date: /home/faith/Work/carto_ws/install/orbbec_camera_msgs/include/orbbec_camera_msgs/orbbec_camera_msgs/srv/detail/get_bool__type_support.cpp
[2.948s] -- Up-to-date: /home/faith/Work/carto_ws/install/orbbec_camera_msgs/include/orbbec_camera_msgs/orbbec_camera_msgs/srv/detail/get_bool__rosidl_typesupport_introspection_cpp.hpp
[2.948s] -- Up-to-date: /home/faith/Work/carto_ws/install/orbbec_camera_msgs/include/orbbec_camera_msgs/orbbec_camera_msgs/srv/detail/get_int32__rosidl_typesupport_introspection_cpp.hpp
[2.948s] -- Up-to-date: /home/faith/Work/carto_ws/install/orbbec_camera_msgs/include/orbbec_camera_msgs/orbbec_camera_msgs/srv/detail/get_device_info__type_support.cpp
[2.948s] -- Up-to-date: /home/faith/Work/carto_ws/install/orbbec_camera_msgs/include/orbbec_camera_msgs/orbbec_camera_msgs/srv/detail/set_string__type_support.cpp
[2.948s] -- Up-to-date: /home/faith/Work/carto_ws/install/orbbec_camera_msgs/include/orbbec_camera_msgs/orbbec_camera_msgs/srv/detail/set_string__rosidl_typesupport_introspection_cpp.hpp
[2.948s] -- Up-to-date: /home/faith/Work/carto_ws/install/orbbec_camera_msgs/include/orbbec_camera_msgs/orbbec_camera_msgs/msg
[2.948s] -- Up-to-date: /home/faith/Work/carto_ws/install/orbbec_camera_msgs/include/orbbec_camera_msgs/orbbec_camera_msgs/msg/detail
[2.948s] -- Up-to-date: /home/faith/Work/carto_ws/install/orbbec_camera_msgs/include/orbbec_camera_msgs/orbbec_camera_msgs/msg/detail/metadata__rosidl_typesupport_introspection_cpp.hpp
[2.948s] -- Up-to-date: /home/faith/Work/carto_ws/install/orbbec_camera_msgs/include/orbbec_camera_msgs/orbbec_camera_msgs/msg/detail/device_info__type_support.cpp
[2.948s] -- Up-to-date: /home/faith/Work/carto_ws/install/orbbec_camera_msgs/include/orbbec_camera_msgs/orbbec_camera_msgs/msg/detail/device_info__rosidl_typesupport_introspection_cpp.hpp
[2.949s] -- Up-to-date: /home/faith/Work/carto_ws/install/orbbec_camera_msgs/include/orbbec_camera_msgs/orbbec_camera_msgs/msg/detail/extrinsics__rosidl_typesupport_introspection_cpp.hpp
[2.949s] -- Up-to-date: /home/faith/Work/carto_ws/install/orbbec_camera_msgs/include/orbbec_camera_msgs/orbbec_camera_msgs/msg/detail/extrinsics__type_support.cpp
[2.949s] -- Up-to-date: /home/faith/Work/carto_ws/install/orbbec_camera_msgs/include/orbbec_camera_msgs/orbbec_camera_msgs/msg/detail/metadata__type_support.cpp
[2.949s] -- Up-to-date: /home/faith/Work/carto_ws/install/orbbec_camera_msgs/lib/liborbbec_camera_msgs__rosidl_typesupport_introspection_cpp.so
[2.949s] -- Up-to-date: /home/faith/Work/carto_ws/install/orbbec_camera_msgs/lib/liborbbec_camera_msgs__rosidl_typesupport_cpp.so
[2.949s] -- Up-to-date: /home/faith/Work/carto_ws/install/orbbec_camera_msgs/share/orbbec_camera_msgs/environment/pythonpath.sh
[2.949s] -- Up-to-date: /home/faith/Work/carto_ws/install/orbbec_camera_msgs/share/orbbec_camera_msgs/environment/pythonpath.dsv
[2.949s] -- Up-to-date: /home/faith/Work/carto_ws/install/orbbec_camera_msgs/local/lib/python3.10/dist-packages/orbbec_camera_msgs-1.2.2-py3.10.egg-info
[2.949s] -- Installing: /home/faith/Work/carto_ws/install/orbbec_camera_msgs/local/lib/python3.10/dist-packages/orbbec_camera_msgs-1.2.2-py3.10.egg-info/SOURCES.txt
[2.949s] -- Installing: /home/faith/Work/carto_ws/install/orbbec_camera_msgs/local/lib/python3.10/dist-packages/orbbec_camera_msgs-1.2.2-py3.10.egg-info/PKG-INFO
[2.949s] -- Installing: /home/faith/Work/carto_ws/install/orbbec_camera_msgs/local/lib/python3.10/dist-packages/orbbec_camera_msgs-1.2.2-py3.10.egg-info/top_level.txt
[2.950s] -- Installing: /home/faith/Work/carto_ws/install/orbbec_camera_msgs/local/lib/python3.10/dist-packages/orbbec_camera_msgs-1.2.2-py3.10.egg-info/dependency_links.txt
[2.950s] -- Up-to-date: /home/faith/Work/carto_ws/install/orbbec_camera_msgs/local/lib/python3.10/dist-packages/orbbec_camera_msgs
[2.950s] -- Up-to-date: /home/faith/Work/carto_ws/install/orbbec_camera_msgs/local/lib/python3.10/dist-packages/orbbec_camera_msgs/liborbbec_camera_msgs__rosidl_generator_py.so
[2.950s] -- Up-to-date: /home/faith/Work/carto_ws/install/orbbec_camera_msgs/local/lib/python3.10/dist-packages/orbbec_camera_msgs/_orbbec_camera_msgs_s.ep.rosidl_typesupport_introspection_c.c
[2.950s] -- Up-to-date: /home/faith/Work/carto_ws/install/orbbec_camera_msgs/local/lib/python3.10/dist-packages/orbbec_camera_msgs/srv
[2.950s] -- Up-to-date: /home/faith/Work/carto_ws/install/orbbec_camera_msgs/local/lib/python3.10/dist-packages/orbbec_camera_msgs/srv/_get_camera_info_s.c
[2.950s] -- Up-to-date: /home/faith/Work/carto_ws/install/orbbec_camera_msgs/local/lib/python3.10/dist-packages/orbbec_camera_msgs/srv/_set_string.py
[2.950s] -- Up-to-date: /home/faith/Work/carto_ws/install/orbbec_camera_msgs/local/lib/python3.10/dist-packages/orbbec_camera_msgs/srv/_get_string_s.c
[2.950s] -- Up-to-date: /home/faith/Work/carto_ws/install/orbbec_camera_msgs/local/lib/python3.10/dist-packages/orbbec_camera_msgs/srv/_get_camera_info.py
[2.950s] -- Up-to-date: /home/faith/Work/carto_ws/install/orbbec_camera_msgs/local/lib/python3.10/dist-packages/orbbec_camera_msgs/srv/_set_int32.py
[2.950s] -- Up-to-date: /home/faith/Work/carto_ws/install/orbbec_camera_msgs/local/lib/python3.10/dist-packages/orbbec_camera_msgs/srv/_get_device_info.py
[2.950s] -- Up-to-date: /home/faith/Work/carto_ws/install/orbbec_camera_msgs/local/lib/python3.10/dist-packages/orbbec_camera_msgs/srv/_get_device_info_s.c
[2.951s] -- Up-to-date: /home/faith/Work/carto_ws/install/orbbec_camera_msgs/local/lib/python3.10/dist-packages/orbbec_camera_msgs/srv/_get_bool_s.c
[2.951s] -- Up-to-date: /home/faith/Work/carto_ws/install/orbbec_camera_msgs/local/lib/python3.10/dist-packages/orbbec_camera_msgs/srv/_get_int32_s.c
[2.951s] -- Up-to-date: /home/faith/Work/carto_ws/install/orbbec_camera_msgs/local/lib/python3.10/dist-packages/orbbec_camera_msgs/srv/_get_string.py
[2.951s] -- Up-to-date: /home/faith/Work/carto_ws/install/orbbec_camera_msgs/local/lib/python3.10/dist-packages/orbbec_camera_msgs/srv/__init__.py
[2.951s] -- Up-to-date: /home/faith/Work/carto_ws/install/orbbec_camera_msgs/local/lib/python3.10/dist-packages/orbbec_camera_msgs/srv/_set_string_s.c
[2.952s] -- Up-to-date: /home/faith/Work/carto_ws/install/orbbec_camera_msgs/local/lib/python3.10/dist-packages/orbbec_camera_msgs/srv/_set_int32_s.c
[2.952s] -- Up-to-date: /home/faith/Work/carto_ws/install/orbbec_camera_msgs/local/lib/python3.10/dist-packages/orbbec_camera_msgs/srv/_get_int32.py
[2.952s] -- Up-to-date: /home/faith/Work/carto_ws/install/orbbec_camera_msgs/local/lib/python3.10/dist-packages/orbbec_camera_msgs/srv/_get_bool.py
[2.952s] -- Up-to-date: /home/faith/Work/carto_ws/install/orbbec_camera_msgs/local/lib/python3.10/dist-packages/orbbec_camera_msgs/orbbec_camera_msgs_s__rosidl_typesupport_fastrtps_c.cpython-310-aarch64-linux-gnu.so
[2.952s] -- Up-to-date: /home/faith/Work/carto_ws/install/orbbec_camera_msgs/local/lib/python3.10/dist-packages/orbbec_camera_msgs/orbbec_camera_msgs_s__rosidl_typesupport_introspection_c.cpython-310-aarch64-linux-gnu.so
[2.952s] -- Up-to-date: /home/faith/Work/carto_ws/install/orbbec_camera_msgs/local/lib/python3.10/dist-packages/orbbec_camera_msgs/msg
[2.952s] -- Up-to-date: /home/faith/Work/carto_ws/install/orbbec_camera_msgs/local/lib/python3.10/dist-packages/orbbec_camera_msgs/msg/_extrinsics.py
[2.952s] -- Up-to-date: /home/faith/Work/carto_ws/install/orbbec_camera_msgs/local/lib/python3.10/dist-packages/orbbec_camera_msgs/msg/_metadata_s.c
[2.952s] -- Up-to-date: /home/faith/Work/carto_ws/install/orbbec_camera_msgs/local/lib/python3.10/dist-packages/orbbec_camera_msgs/msg/_metadata.py
[2.953s] -- Up-to-date: /home/faith/Work/carto_ws/install/orbbec_camera_msgs/local/lib/python3.10/dist-packages/orbbec_camera_msgs/msg/_device_info_s.c
[2.953s] -- Up-to-date: /home/faith/Work/carto_ws/install/orbbec_camera_msgs/local/lib/python3.10/dist-packages/orbbec_camera_msgs/msg/__init__.py
[2.953s] -- Up-to-date: /home/faith/Work/carto_ws/install/orbbec_camera_msgs/local/lib/python3.10/dist-packages/orbbec_camera_msgs/msg/_device_info.py
[2.953s] -- Up-to-date: /home/faith/Work/carto_ws/install/orbbec_camera_msgs/local/lib/python3.10/dist-packages/orbbec_camera_msgs/msg/_extrinsics_s.c
[2.953s] -- Up-to-date: /home/faith/Work/carto_ws/install/orbbec_camera_msgs/local/lib/python3.10/dist-packages/orbbec_camera_msgs/__init__.py
[2.953s] -- Up-to-date: /home/faith/Work/carto_ws/install/orbbec_camera_msgs/local/lib/python3.10/dist-packages/orbbec_camera_msgs/_orbbec_camera_msgs_s.ep.rosidl_typesupport_c.c
[2.953s] -- Up-to-date: /home/faith/Work/carto_ws/install/orbbec_camera_msgs/local/lib/python3.10/dist-packages/orbbec_camera_msgs/_orbbec_camera_msgs_s.ep.rosidl_typesupport_fastrtps_c.c
[2.953s] -- Up-to-date: /home/faith/Work/carto_ws/install/orbbec_camera_msgs/local/lib/python3.10/dist-packages/orbbec_camera_msgs/orbbec_camera_msgs_s__rosidl_typesupport_c.cpython-310-aarch64-linux-gnu.so
[2.975s] Listing '/home/faith/Work/carto_ws/install/orbbec_camera_msgs/local/lib/python3.10/dist-packages/orbbec_camera_msgs'...
[2.976s] Listing '/home/faith/Work/carto_ws/install/orbbec_camera_msgs/local/lib/python3.10/dist-packages/orbbec_camera_msgs/msg'...
[2.976s] Listing '/home/faith/Work/carto_ws/install/orbbec_camera_msgs/local/lib/python3.10/dist-packages/orbbec_camera_msgs/srv'...
[2.990s] -- Up-to-date: /home/faith/Work/carto_ws/install/orbbec_camera_msgs/local/lib/python3.10/dist-packages/orbbec_camera_msgs/orbbec_camera_msgs_s__rosidl_typesupport_fastrtps_c.cpython-310-aarch64-linux-gnu.so
[3.001s] -- Up-to-date: /home/faith/Work/carto_ws/install/orbbec_camera_msgs/local/lib/python3.10/dist-packages/orbbec_camera_msgs/orbbec_camera_msgs_s__rosidl_typesupport_introspection_c.cpython-310-aarch64-linux-gnu.so
[3.001s] -- Up-to-date: /home/faith/Work/carto_ws/install/orbbec_camera_msgs/local/lib/python3.10/dist-packages/orbbec_camera_msgs/orbbec_camera_msgs_s__rosidl_typesupport_c.cpython-310-aarch64-linux-gnu.so
[3.001s] -- Up-to-date: /home/faith/Work/carto_ws/install/orbbec_camera_msgs/lib/liborbbec_camera_msgs__rosidl_generator_py.so
[3.001s] -- Up-to-date: /home/faith/Work/carto_ws/install/orbbec_camera_msgs/share/orbbec_camera_msgs/msg/DeviceInfo.idl
[3.001s] -- Up-to-date: /home/faith/Work/carto_ws/install/orbbec_camera_msgs/share/orbbec_camera_msgs/msg/Extrinsics.idl
[3.001s] -- Up-to-date: /home/faith/Work/carto_ws/install/orbbec_camera_msgs/share/orbbec_camera_msgs/msg/Metadata.idl
[3.002s] -- Up-to-date: /home/faith/Work/carto_ws/install/orbbec_camera_msgs/share/orbbec_camera_msgs/srv/GetBool.idl
[3.002s] -- Up-to-date: /home/faith/Work/carto_ws/install/orbbec_camera_msgs/share/orbbec_camera_msgs/srv/GetDeviceInfo.idl
[3.002s] -- Up-to-date: /home/faith/Work/carto_ws/install/orbbec_camera_msgs/share/orbbec_camera_msgs/srv/GetCameraInfo.idl
[3.002s] -- Up-to-date: /home/faith/Work/carto_ws/install/orbbec_camera_msgs/share/orbbec_camera_msgs/srv/GetInt32.idl
[3.002s] -- Up-to-date: /home/faith/Work/carto_ws/install/orbbec_camera_msgs/share/orbbec_camera_msgs/srv/GetString.idl
[3.002s] -- Up-to-date: /home/faith/Work/carto_ws/install/orbbec_camera_msgs/share/orbbec_camera_msgs/srv/SetInt32.idl
[3.002s] -- Up-to-date: /home/faith/Work/carto_ws/install/orbbec_camera_msgs/share/orbbec_camera_msgs/srv/SetString.idl
[3.002s] -- Up-to-date: /home/faith/Work/carto_ws/install/orbbec_camera_msgs/share/orbbec_camera_msgs/msg/DeviceInfo.msg
[3.002s] -- Up-to-date: /home/faith/Work/carto_ws/install/orbbec_camera_msgs/share/orbbec_camera_msgs/msg/Extrinsics.msg
[3.002s] -- Up-to-date: /home/faith/Work/carto_ws/install/orbbec_camera_msgs/share/orbbec_camera_msgs/msg/Metadata.msg
[3.002s] -- Up-to-date: /home/faith/Work/carto_ws/install/orbbec_camera_msgs/share/orbbec_camera_msgs/srv/GetBool.srv
[3.002s] -- Up-to-date: /home/faith/Work/carto_ws/install/orbbec_camera_msgs/share/orbbec_camera_msgs/srv/GetBool_Request.msg
[3.002s] -- Up-to-date: /home/faith/Work/carto_ws/install/orbbec_camera_msgs/share/orbbec_camera_msgs/srv/GetBool_Response.msg
[3.003s] -- Up-to-date: /home/faith/Work/carto_ws/install/orbbec_camera_msgs/share/orbbec_camera_msgs/srv/GetDeviceInfo.srv
[3.003s] -- Up-to-date: /home/faith/Work/carto_ws/install/orbbec_camera_msgs/share/orbbec_camera_msgs/srv/GetDeviceInfo_Request.msg
[3.003s] -- Up-to-date: /home/faith/Work/carto_ws/install/orbbec_camera_msgs/share/orbbec_camera_msgs/srv/GetDeviceInfo_Response.msg
[3.003s] -- Up-to-date: /home/faith/Work/carto_ws/install/orbbec_camera_msgs/share/orbbec_camera_msgs/srv/GetCameraInfo.srv
[3.003s] -- Up-to-date: /home/faith/Work/carto_ws/install/orbbec_camera_msgs/share/orbbec_camera_msgs/srv/GetCameraInfo_Request.msg
[3.003s] -- Up-to-date: /home/faith/Work/carto_ws/install/orbbec_camera_msgs/share/orbbec_camera_msgs/srv/GetCameraInfo_Response.msg
[3.003s] -- Up-to-date: /home/faith/Work/carto_ws/install/orbbec_camera_msgs/share/orbbec_camera_msgs/srv/GetInt32.srv
[3.003s] -- Up-to-date: /home/faith/Work/carto_ws/install/orbbec_camera_msgs/share/orbbec_camera_msgs/srv/GetInt32_Request.msg
[3.004s] -- Up-to-date: /home/faith/Work/carto_ws/install/orbbec_camera_msgs/share/orbbec_camera_msgs/srv/GetInt32_Response.msg
[3.004s] -- Up-to-date: /home/faith/Work/carto_ws/install/orbbec_camera_msgs/share/orbbec_camera_msgs/srv/GetString.srv
[3.004s] -- Up-to-date: /home/faith/Work/carto_ws/install/orbbec_camera_msgs/share/orbbec_camera_msgs/srv/GetString_Request.msg
[3.004s] -- Up-to-date: /home/faith/Work/carto_ws/install/orbbec_camera_msgs/share/orbbec_camera_msgs/srv/GetString_Response.msg
[3.004s] -- Up-to-date: /home/faith/Work/carto_ws/install/orbbec_camera_msgs/share/orbbec_camera_msgs/srv/SetInt32.srv
[3.004s] -- Up-to-date: /home/faith/Work/carto_ws/install/orbbec_camera_msgs/share/orbbec_camera_msgs/srv/SetInt32_Request.msg
[3.004s] -- Up-to-date: /home/faith/Work/carto_ws/install/orbbec_camera_msgs/share/orbbec_camera_msgs/srv/SetInt32_Response.msg
[3.004s] -- Up-to-date: /home/faith/Work/carto_ws/install/orbbec_camera_msgs/share/orbbec_camera_msgs/srv/SetString.srv
[3.005s] -- Up-to-date: /home/faith/Work/carto_ws/install/orbbec_camera_msgs/share/orbbec_camera_msgs/srv/SetString_Request.msg
[3.005s] -- Up-to-date: /home/faith/Work/carto_ws/install/orbbec_camera_msgs/share/orbbec_camera_msgs/srv/SetString_Response.msg
[3.005s] -- Up-to-date: /home/faith/Work/carto_ws/install/orbbec_camera_msgs/share/ament_index/resource_index/package_run_dependencies/orbbec_camera_msgs
[3.005s] -- Up-to-date: /home/faith/Work/carto_ws/install/orbbec_camera_msgs/share/ament_index/resource_index/parent_prefix_path/orbbec_camera_msgs
[3.005s] -- Up-to-date: /home/faith/Work/carto_ws/install/orbbec_camera_msgs/share/orbbec_camera_msgs/environment/ament_prefix_path.sh
[3.005s] -- Up-to-date: /home/faith/Work/carto_ws/install/orbbec_camera_msgs/share/orbbec_camera_msgs/environment/ament_prefix_path.dsv
[3.005s] -- Up-to-date: /home/faith/Work/carto_ws/install/orbbec_camera_msgs/share/orbbec_camera_msgs/environment/path.sh
[3.005s] -- Up-to-date: /home/faith/Work/carto_ws/install/orbbec_camera_msgs/share/orbbec_camera_msgs/environment/path.dsv
[3.005s] -- Up-to-date: /home/faith/Work/carto_ws/install/orbbec_camera_msgs/share/orbbec_camera_msgs/local_setup.bash
[3.005s] -- Up-to-date: /home/faith/Work/carto_ws/install/orbbec_camera_msgs/share/orbbec_camera_msgs/local_setup.sh
[3.006s] -- Up-to-date: /home/faith/Work/carto_ws/install/orbbec_camera_msgs/share/orbbec_camera_msgs/local_setup.zsh
[3.006s] -- Up-to-date: /home/faith/Work/carto_ws/install/orbbec_camera_msgs/share/orbbec_camera_msgs/local_setup.dsv
[3.006s] -- Installing: /home/faith/Work/carto_ws/install/orbbec_camera_msgs/share/orbbec_camera_msgs/package.dsv
[3.006s] -- Up-to-date: /home/faith/Work/carto_ws/install/orbbec_camera_msgs/share/ament_index/resource_index/packages/orbbec_camera_msgs
[3.006s] -- Up-to-date: /home/faith/Work/carto_ws/install/orbbec_camera_msgs/share/orbbec_camera_msgs/cmake/export_orbbec_camera_msgs__rosidl_generator_cExport.cmake
[3.006s] -- Up-to-date: /home/faith/Work/carto_ws/install/orbbec_camera_msgs/share/orbbec_camera_msgs/cmake/export_orbbec_camera_msgs__rosidl_generator_cExport-release.cmake
[3.006s] -- Up-to-date: /home/faith/Work/carto_ws/install/orbbec_camera_msgs/share/orbbec_camera_msgs/cmake/export_orbbec_camera_msgs__rosidl_typesupport_fastrtps_cExport.cmake
[3.007s] -- Up-to-date: /home/faith/Work/carto_ws/install/orbbec_camera_msgs/share/orbbec_camera_msgs/cmake/export_orbbec_camera_msgs__rosidl_typesupport_fastrtps_cExport-release.cmake
[3.007s] -- Up-to-date: /home/faith/Work/carto_ws/install/orbbec_camera_msgs/share/orbbec_camera_msgs/cmake/orbbec_camera_msgs__rosidl_typesupport_introspection_cExport.cmake
[3.007s] -- Up-to-date: /home/faith/Work/carto_ws/install/orbbec_camera_msgs/share/orbbec_camera_msgs/cmake/orbbec_camera_msgs__rosidl_typesupport_introspection_cExport-release.cmake
[3.008s] -- Up-to-date: /home/faith/Work/carto_ws/install/orbbec_camera_msgs/share/orbbec_camera_msgs/cmake/orbbec_camera_msgs__rosidl_typesupport_cExport.cmake
[3.008s] -- Up-to-date: /home/faith/Work/carto_ws/install/orbbec_camera_msgs/share/orbbec_camera_msgs/cmake/orbbec_camera_msgs__rosidl_typesupport_cExport-release.cmake
[3.009s] -- Up-to-date: /home/faith/Work/carto_ws/install/orbbec_camera_msgs/share/orbbec_camera_msgs/cmake/export_orbbec_camera_msgs__rosidl_generator_cppExport.cmake
[3.009s] -- Up-to-date: /home/faith/Work/carto_ws/install/orbbec_camera_msgs/share/orbbec_camera_msgs/cmake/export_orbbec_camera_msgs__rosidl_typesupport_fastrtps_cppExport.cmake
[3.009s] -- Up-to-date: /home/faith/Work/carto_ws/install/orbbec_camera_msgs/share/orbbec_camera_msgs/cmake/export_orbbec_camera_msgs__rosidl_typesupport_fastrtps_cppExport-release.cmake
[3.010s] -- Up-to-date: /home/faith/Work/carto_ws/install/orbbec_camera_msgs/share/orbbec_camera_msgs/cmake/orbbec_camera_msgs__rosidl_typesupport_introspection_cppExport.cmake
[3.010s] -- Up-to-date: /home/faith/Work/carto_ws/install/orbbec_camera_msgs/share/orbbec_camera_msgs/cmake/orbbec_camera_msgs__rosidl_typesupport_introspection_cppExport-release.cmake
[3.010s] -- Up-to-date: /home/faith/Work/carto_ws/install/orbbec_camera_msgs/share/orbbec_camera_msgs/cmake/orbbec_camera_msgs__rosidl_typesupport_cppExport.cmake
[3.011s] -- Up-to-date: /home/faith/Work/carto_ws/install/orbbec_camera_msgs/share/orbbec_camera_msgs/cmake/orbbec_camera_msgs__rosidl_typesupport_cppExport-release.cmake
[3.011s] -- Up-to-date: /home/faith/Work/carto_ws/install/orbbec_camera_msgs/share/orbbec_camera_msgs/cmake/export_orbbec_camera_msgs__rosidl_generator_pyExport.cmake
[3.011s] -- Up-to-date: /home/faith/Work/carto_ws/install/orbbec_camera_msgs/share/orbbec_camera_msgs/cmake/export_orbbec_camera_msgs__rosidl_generator_pyExport-release.cmake
[3.012s] -- Up-to-date: /home/faith/Work/carto_ws/install/orbbec_camera_msgs/share/orbbec_camera_msgs/cmake/rosidl_cmake-extras.cmake
[3.012s] -- Up-to-date: /home/faith/Work/carto_ws/install/orbbec_camera_msgs/share/orbbec_camera_msgs/cmake/ament_cmake_export_dependencies-extras.cmake
[3.012s] -- Up-to-date: /home/faith/Work/carto_ws/install/orbbec_camera_msgs/share/orbbec_camera_msgs/cmake/ament_cmake_export_include_directories-extras.cmake
[3.012s] -- Up-to-date: /home/faith/Work/carto_ws/install/orbbec_camera_msgs/share/orbbec_camera_msgs/cmake/ament_cmake_export_libraries-extras.cmake
[3.013s] -- Up-to-date: /home/faith/Work/carto_ws/install/orbbec_camera_msgs/share/orbbec_camera_msgs/cmake/ament_cmake_export_targets-extras.cmake
[3.013s] -- Up-to-date: /home/faith/Work/carto_ws/install/orbbec_camera_msgs/share/orbbec_camera_msgs/cmake/rosidl_cmake_export_typesupport_targets-extras.cmake
[3.013s] -- Up-to-date: /home/faith/Work/carto_ws/install/orbbec_camera_msgs/share/orbbec_camera_msgs/cmake/rosidl_cmake_export_typesupport_libraries-extras.cmake
[3.013s] -- Up-to-date: /home/faith/Work/carto_ws/install/orbbec_camera_msgs/share/orbbec_camera_msgs/cmake/orbbec_camera_msgsConfig.cmake
[3.013s] -- Up-to-date: /home/faith/Work/carto_ws/install/orbbec_camera_msgs/share/orbbec_camera_msgs/cmake/orbbec_camera_msgsConfig-version.cmake
[3.014s] -- Up-to-date: /home/faith/Work/carto_ws/install/orbbec_camera_msgs/share/orbbec_camera_msgs/package.xml
[3.073s] Invoked command in '/home/faith/Work/carto_ws/build/orbbec_camera_msgs' returned '0': CMAKE_PREFIX_PATH=${CMAKE_PREFIX_PATH}:/home/faith/Work/carto_ws/install/fishbot_description:/opt/ros/humble /usr/bin/cmake --install /home/faith/Work/carto_ws/build/orbbec_camera_msgs
