[0.037s] Invoking command in '/home/faith/Work/carto_ws/build/cartographer_rviz': CMAKE_PREFIX_PATH=/home/faith/Work/carto_ws/install/cartographer_ros:/home/faith/Work/carto_ws/install/cartographer_ros_msgs:/home/faith/Work/carto_ws/install/cartographer:/home/faith/Work/carto_ws/install/astra_camera:/home/faith/Work/carto_ws/install/astra_camera_msgs:/home/faith/Work/carto_ws/install/sllidar_ros2:/home/faith/Work/carto_ws/install/orbbec_description:/home/faith/Work/carto_ws/install/orbbec_camera:/home/faith/Work/carto_ws/install/orbbec_camera_msgs:/home/faith/Work/carto_ws/install/faithbot_cartographer:/home/faith/Work/carto_ws/install/cartographer_rviz:/home/faith/Work/carto_ws/install/fishbot_description:/opt/ros/humble LD_LIBRARY_PATH=/home/faith/Work/carto_ws/install/cartographer_ros_msgs/lib:/home/faith/Work/carto_ws/install/astra_camera/lib:/home/faith/Work/carto_ws/install/astra_camera_msgs/lib:/home/faith/Work/carto_ws/install/orbbec_camera/lib:/home/faith/Work/carto_ws/install/orbbec_camera_msgs/lib:/home/faith/Work/carto_ws/install/cartographer_rviz/lib:/home/faith/Work/carto_ws/install/cartographer_ros/lib:/opt/ros/humble/opt/rviz_ogre_vendor/lib:/opt/ros/humble/lib/aarch64-linux-gnu:/opt/ros/humble/lib /usr/bin/cmake /home/faith/Work/carto_ws/src/cartographer_ros/cartographer_rviz -DCMAKE_INSTALL_PREFIX=/home/faith/Work/carto_ws/install/cartographer_rviz
[0.075s] -- Found ament_cmake: 1.3.5 (/opt/ros/humble/share/ament_cmake/cmake)
[0.520s] -- Found required Ceres dependency: Eigen version 3.4.0 in /usr/include/eigen3
[0.526s] -- Found required Ceres dependency: glog
[0.528s] -- Found required Ceres dependency: gflags
[0.529s] -- Found Ceres version: 2.0.0 installed in: /usr with components: [EigenSparse, SparseLinearAlgebraLibrary, LAPACK, SuiteSparse, CXSparse, SchurSpecializations, Multithreading]
[0.551s] -- Build type: Release
[0.559s] -- Found cartographer_ros: 2.0.9001 (/home/faith/Work/carto_ws/install/cartographer_ros/share/cartographer_ros/cmake)
[0.598s] -- Found rosidl_generator_c: 3.1.4 (/opt/ros/humble/share/rosidl_generator_c/cmake)
[0.601s] -- Found rosidl_adapter: 3.1.4 (/opt/ros/humble/share/rosidl_adapter/cmake)
[0.609s] -- Found rosidl_generator_cpp: 3.1.4 (/opt/ros/humble/share/rosidl_generator_cpp/cmake)
[0.624s] -- Using all available rosidl_typesupport_c: rosidl_typesupport_fastrtps_c;rosidl_typesupport_introspection_c
[0.646s] -- Using all available rosidl_typesupport_cpp: rosidl_typesupport_fastrtps_cpp;rosidl_typesupport_introspection_cpp
[1.182s] -- Found rmw_implementation_cmake: 6.1.1 (/opt/ros/humble/share/rmw_implementation_cmake/cmake)
[1.184s] -- Found rmw_fastrtps_cpp: 6.2.2 (/opt/ros/humble/share/rmw_fastrtps_cpp/cmake)
[1.407s] -- Using RMW implementation 'rmw_fastrtps_cpp' as default
[3.094s] -- Found rviz_common: 11.2.5 (/opt/ros/humble/share/rviz_common/cmake)
[3.128s] -- Setting OGRE_DIR to: '/opt/ros/humble/share/rviz_ogre_vendor/cmake/../../../opt/rviz_ogre_vendor/lib/OGRE/cmake'
[3.132s] -- Found OGRE
[3.132s] --   static     : OFF
[3.132s] --   components : HLMS;MeshLodGenerator;Overlay;Paging;Property;RTShaderSystem;Terrain;Volume
[3.132s] --   plugins    : Plugin_BSPSceneManager;Plugin_OctreeSceneManager;Plugin_PCZSceneManager;Plugin_ParticleFX;RenderSystem_GL;RenderSystem_GL3Plus;Codec_STBI
[3.132s] --   media      : /opt/ros/humble/opt/rviz_ogre_vendor/share/OGRE/Media
[3.132s] -- OGRE_LIBRARIES: OgreHLMS;OgreMeshLodGenerator;OgreOverlay;OgrePaging;OgreProperty;OgreRTShaderSystem;OgreTerrain;OgreVolume;OgreMain
[3.132s] -- OGRE_LIBRARY_DIRS: /opt/ros/humble/opt/rviz_ogre_vendor/lib
[3.132s] -- OGRE_PLUGINS: Plugin_BSPSceneManager;Plugin_OctreeSceneManager;Plugin_PCZSceneManager;Plugin_ParticleFX;RenderSystem_GL;RenderSystem_GL3Plus;Codec_STBI
[3.132s] -- OGRE_PLUGIN_DIR: /opt/ros/humble/opt/rviz_ogre_vendor/lib/OGRE
[3.132s] -- rviz_ogre_vendor::OgreOverlay for IMPORTED_LOCATION_RELEASE: /opt/ros/humble/opt/rviz_ogre_vendor/lib/libOgreOverlay.so
[3.133s] -- rviz_ogre_vendor::OgreOverlay for IMPORTED_LOCATION_DEBUG: /opt/ros/humble/opt/rviz_ogre_vendor/lib/libOgreOverlay.so
[3.133s] -- rviz_ogre_vendor::OgreMain for IMPORTED_LOCATION_RELEASE: /opt/ros/humble/opt/rviz_ogre_vendor/lib/libOgreMain.so
[3.133s] -- rviz_ogre_vendor::OgreMain for IMPORTED_LOCATION_DEBUG: /opt/ros/humble/opt/rviz_ogre_vendor/lib/libOgreMain.so
[3.137s] -- Could not find freeimage library
[3.233s] -- rviz_ogre_vendor::RenderSystem_GL for IMPORTED_LOCATION_RELEASE: _render_system_gl_static_library_abs-NOTFOUND
[3.234s] -- rviz_ogre_vendor::RenderSystem_GL for IMPORTED_LOCATION_DEBUG: _render_system_gl_static_library_abs-NOTFOUND
[3.297s] -- library: /usr/lib/aarch64-linux-gnu/libcurl.so
[3.364s] -- Ensuring Eigen3 include directory is part of orocos-kdl CMake target
[4.351s] -- Deploy OGRE media
[4.360s] -- Configuring done
[4.533s] -- Generating done
[4.538s] -- Build files have been written to: /home/faith/Work/carto_ws/build/cartographer_rviz
[4.580s] Invoked command in '/home/faith/Work/carto_ws/build/cartographer_rviz' returned '0': CMAKE_PREFIX_PATH=/home/faith/Work/carto_ws/install/cartographer_ros:/home/faith/Work/carto_ws/install/cartographer_ros_msgs:/home/faith/Work/carto_ws/install/cartographer:/home/faith/Work/carto_ws/install/astra_camera:/home/faith/Work/carto_ws/install/astra_camera_msgs:/home/faith/Work/carto_ws/install/sllidar_ros2:/home/faith/Work/carto_ws/install/orbbec_description:/home/faith/Work/carto_ws/install/orbbec_camera:/home/faith/Work/carto_ws/install/orbbec_camera_msgs:/home/faith/Work/carto_ws/install/faithbot_cartographer:/home/faith/Work/carto_ws/install/cartographer_rviz:/home/faith/Work/carto_ws/install/fishbot_description:/opt/ros/humble LD_LIBRARY_PATH=/home/faith/Work/carto_ws/install/cartographer_ros_msgs/lib:/home/faith/Work/carto_ws/install/astra_camera/lib:/home/faith/Work/carto_ws/install/astra_camera_msgs/lib:/home/faith/Work/carto_ws/install/orbbec_camera/lib:/home/faith/Work/carto_ws/install/orbbec_camera_msgs/lib:/home/faith/Work/carto_ws/install/cartographer_rviz/lib:/home/faith/Work/carto_ws/install/cartographer_ros/lib:/opt/ros/humble/opt/rviz_ogre_vendor/lib:/opt/ros/humble/lib/aarch64-linux-gnu:/opt/ros/humble/lib /usr/bin/cmake /home/faith/Work/carto_ws/src/cartographer_ros/cartographer_rviz -DCMAKE_INSTALL_PREFIX=/home/faith/Work/carto_ws/install/cartographer_rviz
[4.588s] Invoking command in '/home/faith/Work/carto_ws/build/cartographer_rviz': CMAKE_PREFIX_PATH=/home/faith/Work/carto_ws/install/cartographer_ros:/home/faith/Work/carto_ws/install/cartographer_ros_msgs:/home/faith/Work/carto_ws/install/cartographer:/home/faith/Work/carto_ws/install/astra_camera:/home/faith/Work/carto_ws/install/astra_camera_msgs:/home/faith/Work/carto_ws/install/sllidar_ros2:/home/faith/Work/carto_ws/install/orbbec_description:/home/faith/Work/carto_ws/install/orbbec_camera:/home/faith/Work/carto_ws/install/orbbec_camera_msgs:/home/faith/Work/carto_ws/install/faithbot_cartographer:/home/faith/Work/carto_ws/install/cartographer_rviz:/home/faith/Work/carto_ws/install/fishbot_description:/opt/ros/humble LD_LIBRARY_PATH=/home/faith/Work/carto_ws/install/cartographer_ros_msgs/lib:/home/faith/Work/carto_ws/install/astra_camera/lib:/home/faith/Work/carto_ws/install/astra_camera_msgs/lib:/home/faith/Work/carto_ws/install/orbbec_camera/lib:/home/faith/Work/carto_ws/install/orbbec_camera_msgs/lib:/home/faith/Work/carto_ws/install/cartographer_rviz/lib:/home/faith/Work/carto_ws/install/cartographer_ros/lib:/opt/ros/humble/opt/rviz_ogre_vendor/lib:/opt/ros/humble/lib/aarch64-linux-gnu:/opt/ros/humble/lib /usr/bin/cmake --build /home/faith/Work/carto_ws/build/cartographer_rviz -- -j8 -l8
[4.768s] [ 16%] [34m[1mAutomatic MOC for target cartographer_rviz[0m
[4.775s] [ 16%] Built target cartographer_rviz_detect_changes
[4.866s] [ 16%] Built target cartographer_rviz_autogen
[4.918s] [35m[1mConsolidate compiler generated dependencies of target cartographer_rviz[0m
[5.024s] [100%] Built target cartographer_rviz
[5.063s] Invoked command in '/home/faith/Work/carto_ws/build/cartographer_rviz' returned '0': CMAKE_PREFIX_PATH=/home/faith/Work/carto_ws/install/cartographer_ros:/home/faith/Work/carto_ws/install/cartographer_ros_msgs:/home/faith/Work/carto_ws/install/cartographer:/home/faith/Work/carto_ws/install/astra_camera:/home/faith/Work/carto_ws/install/astra_camera_msgs:/home/faith/Work/carto_ws/install/sllidar_ros2:/home/faith/Work/carto_ws/install/orbbec_description:/home/faith/Work/carto_ws/install/orbbec_camera:/home/faith/Work/carto_ws/install/orbbec_camera_msgs:/home/faith/Work/carto_ws/install/faithbot_cartographer:/home/faith/Work/carto_ws/install/cartographer_rviz:/home/faith/Work/carto_ws/install/fishbot_description:/opt/ros/humble LD_LIBRARY_PATH=/home/faith/Work/carto_ws/install/cartographer_ros_msgs/lib:/home/faith/Work/carto_ws/install/astra_camera/lib:/home/faith/Work/carto_ws/install/astra_camera_msgs/lib:/home/faith/Work/carto_ws/install/orbbec_camera/lib:/home/faith/Work/carto_ws/install/orbbec_camera_msgs/lib:/home/faith/Work/carto_ws/install/cartographer_rviz/lib:/home/faith/Work/carto_ws/install/cartographer_ros/lib:/opt/ros/humble/opt/rviz_ogre_vendor/lib:/opt/ros/humble/lib/aarch64-linux-gnu:/opt/ros/humble/lib /usr/bin/cmake --build /home/faith/Work/carto_ws/build/cartographer_rviz -- -j8 -l8
[5.176s] Invoking command in '/home/faith/Work/carto_ws/build/cartographer_rviz': CMAKE_PREFIX_PATH=/home/faith/Work/carto_ws/install/cartographer_ros:/home/faith/Work/carto_ws/install/cartographer_ros_msgs:/home/faith/Work/carto_ws/install/cartographer:/home/faith/Work/carto_ws/install/astra_camera:/home/faith/Work/carto_ws/install/astra_camera_msgs:/home/faith/Work/carto_ws/install/sllidar_ros2:/home/faith/Work/carto_ws/install/orbbec_description:/home/faith/Work/carto_ws/install/orbbec_camera:/home/faith/Work/carto_ws/install/orbbec_camera_msgs:/home/faith/Work/carto_ws/install/faithbot_cartographer:/home/faith/Work/carto_ws/install/cartographer_rviz:/home/faith/Work/carto_ws/install/fishbot_description:/opt/ros/humble LD_LIBRARY_PATH=/home/faith/Work/carto_ws/install/cartographer_ros_msgs/lib:/home/faith/Work/carto_ws/install/astra_camera/lib:/home/faith/Work/carto_ws/install/astra_camera_msgs/lib:/home/faith/Work/carto_ws/install/orbbec_camera/lib:/home/faith/Work/carto_ws/install/orbbec_camera_msgs/lib:/home/faith/Work/carto_ws/install/cartographer_rviz/lib:/home/faith/Work/carto_ws/install/cartographer_ros/lib:/opt/ros/humble/opt/rviz_ogre_vendor/lib:/opt/ros/humble/lib/aarch64-linux-gnu:/opt/ros/humble/lib /usr/bin/cmake --install /home/faith/Work/carto_ws/build/cartographer_rviz
[5.209s] -- Install configuration: "Release"
[5.210s] -- Up-to-date: /home/faith/Work/carto_ws/install/cartographer_rviz/share/cartographer_rviz/rviz_plugin_description.xml
[5.210s] -- Up-to-date: /home/faith/Work/carto_ws/install/cartographer_rviz/lib/libcartographer_rviz.so
[5.211s] -- Up-to-date: /home/faith/Work/carto_ws/install/cartographer_rviz/include/
[5.211s] -- Up-to-date: /home/faith/Work/carto_ws/install/cartographer_rviz/include//cartographer_rviz
[5.214s] -- Up-to-date: /home/faith/Work/carto_ws/install/cartographer_rviz/include//cartographer_rviz/drawable_submap.h
[5.214s] -- Up-to-date: /home/faith/Work/carto_ws/install/cartographer_rviz/include//cartographer_rviz/submaps_display.h
[5.214s] -- Up-to-date: /home/faith/Work/carto_ws/install/cartographer_rviz/include//cartographer_rviz/ogre_slice.h
[5.215s] -- Up-to-date: /home/faith/Work/carto_ws/install/cartographer_rviz/share/cartographer_rviz/environment/library_path.sh
[5.215s] -- Installing: /home/faith/Work/carto_ws/install/cartographer_rviz/share/cartographer_rviz/environment/library_path.dsv
[5.216s] -- Up-to-date: /home/faith/Work/carto_ws/install/cartographer_rviz/share/ament_index/resource_index/package_run_dependencies/cartographer_rviz
[5.217s] -- Installing: /home/faith/Work/carto_ws/install/cartographer_rviz/share/ament_index/resource_index/parent_prefix_path/cartographer_rviz
[5.231s] -- Up-to-date: /home/faith/Work/carto_ws/install/cartographer_rviz/share/cartographer_rviz/environment/ament_prefix_path.sh
[5.232s] -- Installing: /home/faith/Work/carto_ws/install/cartographer_rviz/share/cartographer_rviz/environment/ament_prefix_path.dsv
[5.233s] -- Up-to-date: /home/faith/Work/carto_ws/install/cartographer_rviz/share/cartographer_rviz/environment/path.sh
[5.234s] -- Installing: /home/faith/Work/carto_ws/install/cartographer_rviz/share/cartographer_rviz/environment/path.dsv
[5.234s] -- Up-to-date: /home/faith/Work/carto_ws/install/cartographer_rviz/share/cartographer_rviz/local_setup.bash
[5.235s] -- Up-to-date: /home/faith/Work/carto_ws/install/cartographer_rviz/share/cartographer_rviz/local_setup.sh
[5.236s] -- Up-to-date: /home/faith/Work/carto_ws/install/cartographer_rviz/share/cartographer_rviz/local_setup.zsh
[5.236s] -- Installing: /home/faith/Work/carto_ws/install/cartographer_rviz/share/cartographer_rviz/local_setup.dsv
[5.237s] -- Installing: /home/faith/Work/carto_ws/install/cartographer_rviz/share/cartographer_rviz/package.dsv
[5.238s] -- Up-to-date: /home/faith/Work/carto_ws/install/cartographer_rviz/share/ament_index/resource_index/packages/cartographer_rviz
[5.238s] -- Up-to-date: /home/faith/Work/carto_ws/install/cartographer_rviz/share/ament_index/resource_index/rviz_common__pluginlib__plugin/cartographer_rviz
[5.239s] -- Up-to-date: /home/faith/Work/carto_ws/install/cartographer_rviz/share/cartographer_rviz/ogre_media/materials/glsl120
[5.239s] -- Up-to-date: /home/faith/Work/carto_ws/install/cartographer_rviz/share/cartographer_rviz/ogre_media/materials/glsl120/glsl120.program
[5.240s] -- Up-to-date: /home/faith/Work/carto_ws/install/cartographer_rviz/share/cartographer_rviz/ogre_media/materials/glsl120/submap.vert
[5.240s] -- Up-to-date: /home/faith/Work/carto_ws/install/cartographer_rviz/share/cartographer_rviz/ogre_media/materials/glsl120/submap.frag
[5.241s] -- Up-to-date: /home/faith/Work/carto_ws/install/cartographer_rviz/share/cartographer_rviz/ogre_media/materials/scripts
[5.241s] -- Up-to-date: /home/faith/Work/carto_ws/install/cartographer_rviz/share/cartographer_rviz/ogre_media/materials/scripts/submap.material
[5.242s] -- Up-to-date: /home/faith/Work/carto_ws/install/cartographer_rviz/share/ament_index/resource_index/rviz_ogre_media_exports/cartographer_rviz
[5.242s] -- Up-to-date: /home/faith/Work/carto_ws/install/cartographer_rviz/share/cartographer_rviz/cmake/cartographer_rvizExport.cmake
[5.243s] -- Up-to-date: /home/faith/Work/carto_ws/install/cartographer_rviz/share/cartographer_rviz/cmake/cartographer_rvizExport-release.cmake
[5.243s] -- Up-to-date: /home/faith/Work/carto_ws/install/cartographer_rviz/share/cartographer_rviz/cmake/ament_cmake_export_include_directories-extras.cmake
[5.243s] -- Up-to-date: /home/faith/Work/carto_ws/install/cartographer_rviz/share/cartographer_rviz/cmake/ament_cmake_export_targets-extras.cmake
[5.244s] -- Up-to-date: /home/faith/Work/carto_ws/install/cartographer_rviz/share/cartographer_rviz/cmake/ament_cmake_export_dependencies-extras.cmake
[5.244s] -- Up-to-date: /home/faith/Work/carto_ws/install/cartographer_rviz/share/cartographer_rviz/cmake/cartographer_rvizConfig.cmake
[5.245s] -- Up-to-date: /home/faith/Work/carto_ws/install/cartographer_rviz/share/cartographer_rviz/cmake/cartographer_rvizConfig-version.cmake
[5.245s] -- Up-to-date: /home/faith/Work/carto_ws/install/cartographer_rviz/share/cartographer_rviz/package.xml
[5.246s] Invoked command in '/home/faith/Work/carto_ws/build/cartographer_rviz' returned '0': CMAKE_PREFIX_PATH=/home/faith/Work/carto_ws/install/cartographer_ros:/home/faith/Work/carto_ws/install/cartographer_ros_msgs:/home/faith/Work/carto_ws/install/cartographer:/home/faith/Work/carto_ws/install/astra_camera:/home/faith/Work/carto_ws/install/astra_camera_msgs:/home/faith/Work/carto_ws/install/sllidar_ros2:/home/faith/Work/carto_ws/install/orbbec_description:/home/faith/Work/carto_ws/install/orbbec_camera:/home/faith/Work/carto_ws/install/orbbec_camera_msgs:/home/faith/Work/carto_ws/install/faithbot_cartographer:/home/faith/Work/carto_ws/install/cartographer_rviz:/home/faith/Work/carto_ws/install/fishbot_description:/opt/ros/humble LD_LIBRARY_PATH=/home/faith/Work/carto_ws/install/cartographer_ros_msgs/lib:/home/faith/Work/carto_ws/install/astra_camera/lib:/home/faith/Work/carto_ws/install/astra_camera_msgs/lib:/home/faith/Work/carto_ws/install/orbbec_camera/lib:/home/faith/Work/carto_ws/install/orbbec_camera_msgs/lib:/home/faith/Work/carto_ws/install/cartographer_rviz/lib:/home/faith/Work/carto_ws/install/cartographer_ros/lib:/opt/ros/humble/opt/rviz_ogre_vendor/lib:/opt/ros/humble/lib/aarch64-linux-gnu:/opt/ros/humble/lib /usr/bin/cmake --install /home/faith/Work/carto_ws/build/cartographer_rviz
