[0.100s] Invoking command in '/home/faith/Work/carto_ws/build/astra_camera_msgs': CMAKE_PREFIX_PATH=${CMAKE_PREFIX_PATH}:/home/faith/Work/carto_ws/install/fishbot_description:/opt/ros/humble /usr/bin/cmake --build /home/faith/Work/carto_ws/build/astra_camera_msgs -- -j8 -l8
[0.755s] [  0%] Built target ament_cmake_python_copy_astra_camera_msgs
[0.755s] [  1%] Built target astra_camera_msgs__cpp
[0.755s] [ 12%] Built target astra_camera_msgs__rosidl_generator_c
[0.755s] [ 24%] Built target astra_camera_msgs__rosidl_typesupport_cpp
[0.755s] [ 35%] Built target astra_camera_msgs__rosidl_typesupport_introspection_cpp
[0.755s] [ 47%] Built target astra_camera_msgs__rosidl_typesupport_fastrtps_cpp
[0.755s] [ 58%] Built target astra_camera_msgs__rosidl_typesupport_fastrtps_c
[0.755s] [ 70%] Built target astra_camera_msgs__rosidl_typesupport_introspection_c
[0.756s] [ 82%] Built target astra_camera_msgs__rosidl_typesupport_c
[0.756s] [ 82%] Built target astra_camera_msgs
[0.756s] running egg_info
[0.756s] writing astra_camera_msgs.egg-info/PKG-INFO
[0.756s] writing dependency_links to astra_camera_msgs.egg-info/dependency_links.txt
[0.756s] writing top-level names to astra_camera_msgs.egg-info/top_level.txt
[0.756s] reading manifest file 'astra_camera_msgs.egg-info/SOURCES.txt'
[0.756s] writing manifest file 'astra_camera_msgs.egg-info/SOURCES.txt'
[0.779s] [ 83%] Built target astra_camera_msgs__py
[0.845s] [ 83%] Built target ament_cmake_python_build_astra_camera_msgs_egg
[0.873s] [ 93%] Built target astra_camera_msgs__rosidl_generator_py
[0.953s] [ 95%] Built target astra_camera_msgs__rosidl_typesupport_introspection_c__pyext
[0.957s] [ 97%] Built target astra_camera_msgs__rosidl_typesupport_fastrtps_c__pyext
[0.975s] [100%] Built target astra_camera_msgs__rosidl_typesupport_c__pyext
[1.070s] Invoked command in '/home/faith/Work/carto_ws/build/astra_camera_msgs' returned '0': CMAKE_PREFIX_PATH=${CMAKE_PREFIX_PATH}:/home/faith/Work/carto_ws/install/fishbot_description:/opt/ros/humble /usr/bin/cmake --build /home/faith/Work/carto_ws/build/astra_camera_msgs -- -j8 -l8
[1.869s] Invoking command in '/home/faith/Work/carto_ws/build/astra_camera_msgs': CMAKE_PREFIX_PATH=${CMAKE_PREFIX_PATH}:/home/faith/Work/carto_ws/install/fishbot_description:/opt/ros/humble /usr/bin/cmake --install /home/faith/Work/carto_ws/build/astra_camera_msgs
[1.883s] -- Install configuration: "Release"
[1.883s] -- Up-to-date: /home/faith/Work/carto_ws/install/astra_camera_msgs/share/ament_index/resource_index/rosidl_interfaces/astra_camera_msgs
[1.884s] -- Up-to-date: /home/faith/Work/carto_ws/install/astra_camera_msgs/include/astra_camera_msgs/astra_camera_msgs
[1.885s] -- Up-to-date: /home/faith/Work/carto_ws/install/astra_camera_msgs/include/astra_camera_msgs/astra_camera_msgs/srv
[1.885s] -- Up-to-date: /home/faith/Work/carto_ws/install/astra_camera_msgs/include/astra_camera_msgs/astra_camera_msgs/srv/get_device_info.h
[1.885s] -- Up-to-date: /home/faith/Work/carto_ws/install/astra_camera_msgs/include/astra_camera_msgs/astra_camera_msgs/srv/set_int32.h
[1.885s] -- Up-to-date: /home/faith/Work/carto_ws/install/astra_camera_msgs/include/astra_camera_msgs/astra_camera_msgs/srv/get_camera_info.h
[1.886s] -- Up-to-date: /home/faith/Work/carto_ws/install/astra_camera_msgs/include/astra_camera_msgs/astra_camera_msgs/srv/detail
[1.886s] -- Up-to-date: /home/faith/Work/carto_ws/install/astra_camera_msgs/include/astra_camera_msgs/astra_camera_msgs/srv/detail/get_string__functions.c
[1.886s] -- Up-to-date: /home/faith/Work/carto_ws/install/astra_camera_msgs/include/astra_camera_msgs/astra_camera_msgs/srv/detail/get_device_info__type_support.h
[1.886s] -- Up-to-date: /home/faith/Work/carto_ws/install/astra_camera_msgs/include/astra_camera_msgs/astra_camera_msgs/srv/detail/set_int32__functions.h
[1.886s] -- Up-to-date: /home/faith/Work/carto_ws/install/astra_camera_msgs/include/astra_camera_msgs/astra_camera_msgs/srv/detail/get_camera_info__functions.c
[1.887s] -- Up-to-date: /home/faith/Work/carto_ws/install/astra_camera_msgs/include/astra_camera_msgs/astra_camera_msgs/srv/detail/get_camera_params__functions.c
[1.887s] -- Up-to-date: /home/faith/Work/carto_ws/install/astra_camera_msgs/include/astra_camera_msgs/astra_camera_msgs/srv/detail/get_camera_info__type_support.h
[1.887s] -- Up-to-date: /home/faith/Work/carto_ws/install/astra_camera_msgs/include/astra_camera_msgs/astra_camera_msgs/srv/detail/get_camera_params__functions.h
[1.887s] -- Up-to-date: /home/faith/Work/carto_ws/install/astra_camera_msgs/include/astra_camera_msgs/astra_camera_msgs/srv/detail/get_camera_info__struct.h
[1.888s] -- Up-to-date: /home/faith/Work/carto_ws/install/astra_camera_msgs/include/astra_camera_msgs/astra_camera_msgs/srv/detail/get_camera_params__type_support.h
[1.888s] -- Up-to-date: /home/faith/Work/carto_ws/install/astra_camera_msgs/include/astra_camera_msgs/astra_camera_msgs/srv/detail/set_int32__type_support.h
[1.888s] -- Up-to-date: /home/faith/Work/carto_ws/install/astra_camera_msgs/include/astra_camera_msgs/astra_camera_msgs/srv/detail/get_int32__functions.c
[1.888s] -- Up-to-date: /home/faith/Work/carto_ws/install/astra_camera_msgs/include/astra_camera_msgs/astra_camera_msgs/srv/detail/get_string__functions.h
[1.889s] -- Up-to-date: /home/faith/Work/carto_ws/install/astra_camera_msgs/include/astra_camera_msgs/astra_camera_msgs/srv/detail/get_string__struct.h
[1.889s] -- Up-to-date: /home/faith/Work/carto_ws/install/astra_camera_msgs/include/astra_camera_msgs/astra_camera_msgs/srv/detail/get_int32__functions.h
[1.889s] -- Up-to-date: /home/faith/Work/carto_ws/install/astra_camera_msgs/include/astra_camera_msgs/astra_camera_msgs/srv/detail/get_camera_params__struct.h
[1.889s] -- Up-to-date: /home/faith/Work/carto_ws/install/astra_camera_msgs/include/astra_camera_msgs/astra_camera_msgs/srv/detail/get_int32__type_support.h
[1.889s] -- Up-to-date: /home/faith/Work/carto_ws/install/astra_camera_msgs/include/astra_camera_msgs/astra_camera_msgs/srv/detail/get_string__type_support.h
[1.889s] -- Up-to-date: /home/faith/Work/carto_ws/install/astra_camera_msgs/include/astra_camera_msgs/astra_camera_msgs/srv/detail/get_device_info__functions.h
[1.891s] -- Up-to-date: /home/faith/Work/carto_ws/install/astra_camera_msgs/include/astra_camera_msgs/astra_camera_msgs/srv/detail/set_int32__functions.c
[1.892s] -- Up-to-date: /home/faith/Work/carto_ws/install/astra_camera_msgs/include/astra_camera_msgs/astra_camera_msgs/srv/detail/get_int32__struct.h
[1.892s] -- Up-to-date: /home/faith/Work/carto_ws/install/astra_camera_msgs/include/astra_camera_msgs/astra_camera_msgs/srv/detail/get_device_info__struct.h
[1.895s] -- Up-to-date: /home/faith/Work/carto_ws/install/astra_camera_msgs/include/astra_camera_msgs/astra_camera_msgs/srv/detail/get_device_info__functions.c
[1.897s] -- Up-to-date: /home/faith/Work/carto_ws/install/astra_camera_msgs/include/astra_camera_msgs/astra_camera_msgs/srv/detail/get_camera_info__functions.h
[1.897s] -- Up-to-date: /home/faith/Work/carto_ws/install/astra_camera_msgs/include/astra_camera_msgs/astra_camera_msgs/srv/detail/set_int32__struct.h
[1.897s] -- Up-to-date: /home/faith/Work/carto_ws/install/astra_camera_msgs/include/astra_camera_msgs/astra_camera_msgs/srv/get_string.h
[1.897s] -- Up-to-date: /home/faith/Work/carto_ws/install/astra_camera_msgs/include/astra_camera_msgs/astra_camera_msgs/srv/get_camera_params.h
[1.897s] -- Up-to-date: /home/faith/Work/carto_ws/install/astra_camera_msgs/include/astra_camera_msgs/astra_camera_msgs/srv/get_int32.h
[1.897s] -- Up-to-date: /home/faith/Work/carto_ws/install/astra_camera_msgs/include/astra_camera_msgs/astra_camera_msgs/msg
[1.897s] -- Up-to-date: /home/faith/Work/carto_ws/install/astra_camera_msgs/include/astra_camera_msgs/astra_camera_msgs/msg/detail
[1.897s] -- Up-to-date: /home/faith/Work/carto_ws/install/astra_camera_msgs/include/astra_camera_msgs/astra_camera_msgs/msg/detail/extrinsics__functions.c
[1.897s] -- Up-to-date: /home/faith/Work/carto_ws/install/astra_camera_msgs/include/astra_camera_msgs/astra_camera_msgs/msg/detail/metadata__functions.c
[1.897s] -- Up-to-date: /home/faith/Work/carto_ws/install/astra_camera_msgs/include/astra_camera_msgs/astra_camera_msgs/msg/detail/extrinsics__functions.h
[1.897s] -- Up-to-date: /home/faith/Work/carto_ws/install/astra_camera_msgs/include/astra_camera_msgs/astra_camera_msgs/msg/detail/device_info__functions.c
[1.898s] -- Up-to-date: /home/faith/Work/carto_ws/install/astra_camera_msgs/include/astra_camera_msgs/astra_camera_msgs/msg/detail/metadata__type_support.h
[1.898s] -- Up-to-date: /home/faith/Work/carto_ws/install/astra_camera_msgs/include/astra_camera_msgs/astra_camera_msgs/msg/detail/metadata__struct.h
[1.898s] -- Up-to-date: /home/faith/Work/carto_ws/install/astra_camera_msgs/include/astra_camera_msgs/astra_camera_msgs/msg/detail/extrinsics__type_support.h
[1.898s] -- Up-to-date: /home/faith/Work/carto_ws/install/astra_camera_msgs/include/astra_camera_msgs/astra_camera_msgs/msg/detail/metadata__functions.h
[1.898s] -- Up-to-date: /home/faith/Work/carto_ws/install/astra_camera_msgs/include/astra_camera_msgs/astra_camera_msgs/msg/detail/device_info__functions.h
[1.898s] -- Up-to-date: /home/faith/Work/carto_ws/install/astra_camera_msgs/include/astra_camera_msgs/astra_camera_msgs/msg/detail/device_info__type_support.h
[1.898s] -- Up-to-date: /home/faith/Work/carto_ws/install/astra_camera_msgs/include/astra_camera_msgs/astra_camera_msgs/msg/detail/extrinsics__struct.h
[1.898s] -- Up-to-date: /home/faith/Work/carto_ws/install/astra_camera_msgs/include/astra_camera_msgs/astra_camera_msgs/msg/detail/device_info__struct.h
[1.898s] -- Up-to-date: /home/faith/Work/carto_ws/install/astra_camera_msgs/include/astra_camera_msgs/astra_camera_msgs/msg/device_info.h
[1.898s] -- Up-to-date: /home/faith/Work/carto_ws/install/astra_camera_msgs/include/astra_camera_msgs/astra_camera_msgs/msg/rosidl_generator_c__visibility_control.h
[1.898s] -- Up-to-date: /home/faith/Work/carto_ws/install/astra_camera_msgs/include/astra_camera_msgs/astra_camera_msgs/msg/metadata.h
[1.898s] -- Up-to-date: /home/faith/Work/carto_ws/install/astra_camera_msgs/include/astra_camera_msgs/astra_camera_msgs/msg/extrinsics.h
[1.898s] -- Up-to-date: /home/faith/Work/carto_ws/install/astra_camera_msgs/share/astra_camera_msgs/environment/library_path.sh
[1.898s] -- Up-to-date: /home/faith/Work/carto_ws/install/astra_camera_msgs/share/astra_camera_msgs/environment/library_path.dsv
[1.899s] -- Up-to-date: /home/faith/Work/carto_ws/install/astra_camera_msgs/lib/libastra_camera_msgs__rosidl_generator_c.so
[1.899s] -- Up-to-date: /home/faith/Work/carto_ws/install/astra_camera_msgs/include/astra_camera_msgs/astra_camera_msgs
[1.899s] -- Up-to-date: /home/faith/Work/carto_ws/install/astra_camera_msgs/include/astra_camera_msgs/astra_camera_msgs/srv
[1.899s] -- Up-to-date: /home/faith/Work/carto_ws/install/astra_camera_msgs/include/astra_camera_msgs/astra_camera_msgs/srv/detail
[1.899s] -- Up-to-date: /home/faith/Work/carto_ws/install/astra_camera_msgs/include/astra_camera_msgs/astra_camera_msgs/srv/detail/get_device_info__rosidl_typesupport_fastrtps_c.h
[1.899s] -- Up-to-date: /home/faith/Work/carto_ws/install/astra_camera_msgs/include/astra_camera_msgs/astra_camera_msgs/srv/detail/set_int32__rosidl_typesupport_fastrtps_c.h
[1.899s] -- Up-to-date: /home/faith/Work/carto_ws/install/astra_camera_msgs/include/astra_camera_msgs/astra_camera_msgs/srv/detail/get_string__rosidl_typesupport_fastrtps_c.h
[1.899s] -- Up-to-date: /home/faith/Work/carto_ws/install/astra_camera_msgs/include/astra_camera_msgs/astra_camera_msgs/srv/detail/get_int32__rosidl_typesupport_fastrtps_c.h
[1.899s] -- Up-to-date: /home/faith/Work/carto_ws/install/astra_camera_msgs/include/astra_camera_msgs/astra_camera_msgs/srv/detail/get_camera_info__rosidl_typesupport_fastrtps_c.h
[1.899s] -- Up-to-date: /home/faith/Work/carto_ws/install/astra_camera_msgs/include/astra_camera_msgs/astra_camera_msgs/srv/detail/get_camera_params__rosidl_typesupport_fastrtps_c.h
[1.899s] -- Up-to-date: /home/faith/Work/carto_ws/install/astra_camera_msgs/include/astra_camera_msgs/astra_camera_msgs/msg
[1.899s] -- Up-to-date: /home/faith/Work/carto_ws/install/astra_camera_msgs/include/astra_camera_msgs/astra_camera_msgs/msg/detail
[1.899s] -- Up-to-date: /home/faith/Work/carto_ws/install/astra_camera_msgs/include/astra_camera_msgs/astra_camera_msgs/msg/detail/metadata__rosidl_typesupport_fastrtps_c.h
[1.900s] -- Up-to-date: /home/faith/Work/carto_ws/install/astra_camera_msgs/include/astra_camera_msgs/astra_camera_msgs/msg/detail/extrinsics__rosidl_typesupport_fastrtps_c.h
[1.900s] -- Up-to-date: /home/faith/Work/carto_ws/install/astra_camera_msgs/include/astra_camera_msgs/astra_camera_msgs/msg/detail/device_info__rosidl_typesupport_fastrtps_c.h
[1.900s] -- Up-to-date: /home/faith/Work/carto_ws/install/astra_camera_msgs/include/astra_camera_msgs/astra_camera_msgs/msg/rosidl_typesupport_fastrtps_c__visibility_control.h
[1.900s] -- Up-to-date: /home/faith/Work/carto_ws/install/astra_camera_msgs/lib/libastra_camera_msgs__rosidl_typesupport_fastrtps_c.so
[1.900s] -- Up-to-date: /home/faith/Work/carto_ws/install/astra_camera_msgs/include/astra_camera_msgs/astra_camera_msgs
[1.900s] -- Up-to-date: /home/faith/Work/carto_ws/install/astra_camera_msgs/include/astra_camera_msgs/astra_camera_msgs/srv
[1.900s] -- Up-to-date: /home/faith/Work/carto_ws/install/astra_camera_msgs/include/astra_camera_msgs/astra_camera_msgs/srv/detail
[1.900s] -- Up-to-date: /home/faith/Work/carto_ws/install/astra_camera_msgs/include/astra_camera_msgs/astra_camera_msgs/srv/detail/get_camera_info__type_support.c
[1.900s] -- Up-to-date: /home/faith/Work/carto_ws/install/astra_camera_msgs/include/astra_camera_msgs/astra_camera_msgs/srv/detail/get_int32__type_support.c
[1.900s] -- Up-to-date: /home/faith/Work/carto_ws/install/astra_camera_msgs/include/astra_camera_msgs/astra_camera_msgs/srv/detail/get_camera_params__type_support.c
[1.900s] -- Up-to-date: /home/faith/Work/carto_ws/install/astra_camera_msgs/include/astra_camera_msgs/astra_camera_msgs/srv/detail/get_device_info__rosidl_typesupport_introspection_c.h
[1.900s] -- Up-to-date: /home/faith/Work/carto_ws/install/astra_camera_msgs/include/astra_camera_msgs/astra_camera_msgs/srv/detail/get_camera_info__rosidl_typesupport_introspection_c.h
[1.900s] -- Up-to-date: /home/faith/Work/carto_ws/install/astra_camera_msgs/include/astra_camera_msgs/astra_camera_msgs/srv/detail/get_string__type_support.c
[1.900s] -- Up-to-date: /home/faith/Work/carto_ws/install/astra_camera_msgs/include/astra_camera_msgs/astra_camera_msgs/srv/detail/get_string__rosidl_typesupport_introspection_c.h
[1.901s] -- Up-to-date: /home/faith/Work/carto_ws/install/astra_camera_msgs/include/astra_camera_msgs/astra_camera_msgs/srv/detail/get_camera_params__rosidl_typesupport_introspection_c.h
[1.901s] -- Up-to-date: /home/faith/Work/carto_ws/install/astra_camera_msgs/include/astra_camera_msgs/astra_camera_msgs/srv/detail/get_int32__rosidl_typesupport_introspection_c.h
[1.901s] -- Up-to-date: /home/faith/Work/carto_ws/install/astra_camera_msgs/include/astra_camera_msgs/astra_camera_msgs/srv/detail/set_int32__type_support.c
[1.901s] -- Up-to-date: /home/faith/Work/carto_ws/install/astra_camera_msgs/include/astra_camera_msgs/astra_camera_msgs/srv/detail/set_int32__rosidl_typesupport_introspection_c.h
[1.901s] -- Up-to-date: /home/faith/Work/carto_ws/install/astra_camera_msgs/include/astra_camera_msgs/astra_camera_msgs/srv/detail/get_device_info__type_support.c
[1.901s] -- Up-to-date: /home/faith/Work/carto_ws/install/astra_camera_msgs/include/astra_camera_msgs/astra_camera_msgs/msg
[1.901s] -- Up-to-date: /home/faith/Work/carto_ws/install/astra_camera_msgs/include/astra_camera_msgs/astra_camera_msgs/msg/detail
[1.901s] -- Up-to-date: /home/faith/Work/carto_ws/install/astra_camera_msgs/include/astra_camera_msgs/astra_camera_msgs/msg/detail/device_info__rosidl_typesupport_introspection_c.h
[1.901s] -- Up-to-date: /home/faith/Work/carto_ws/install/astra_camera_msgs/include/astra_camera_msgs/astra_camera_msgs/msg/detail/extrinsics__rosidl_typesupport_introspection_c.h
[1.901s] -- Up-to-date: /home/faith/Work/carto_ws/install/astra_camera_msgs/include/astra_camera_msgs/astra_camera_msgs/msg/detail/metadata__rosidl_typesupport_introspection_c.h
[1.901s] -- Up-to-date: /home/faith/Work/carto_ws/install/astra_camera_msgs/include/astra_camera_msgs/astra_camera_msgs/msg/detail/device_info__type_support.c
[1.901s] -- Up-to-date: /home/faith/Work/carto_ws/install/astra_camera_msgs/include/astra_camera_msgs/astra_camera_msgs/msg/detail/metadata__type_support.c
[1.901s] -- Up-to-date: /home/faith/Work/carto_ws/install/astra_camera_msgs/include/astra_camera_msgs/astra_camera_msgs/msg/detail/extrinsics__type_support.c
[1.902s] -- Up-to-date: /home/faith/Work/carto_ws/install/astra_camera_msgs/include/astra_camera_msgs/astra_camera_msgs/msg/rosidl_typesupport_introspection_c__visibility_control.h
[1.902s] -- Up-to-date: /home/faith/Work/carto_ws/install/astra_camera_msgs/lib/libastra_camera_msgs__rosidl_typesupport_introspection_c.so
[1.902s] -- Up-to-date: /home/faith/Work/carto_ws/install/astra_camera_msgs/lib/libastra_camera_msgs__rosidl_typesupport_c.so
[1.902s] -- Up-to-date: /home/faith/Work/carto_ws/install/astra_camera_msgs/include/astra_camera_msgs/astra_camera_msgs
[1.902s] -- Up-to-date: /home/faith/Work/carto_ws/install/astra_camera_msgs/include/astra_camera_msgs/astra_camera_msgs/srv
[1.902s] -- Up-to-date: /home/faith/Work/carto_ws/install/astra_camera_msgs/include/astra_camera_msgs/astra_camera_msgs/srv/detail
[1.902s] -- Up-to-date: /home/faith/Work/carto_ws/install/astra_camera_msgs/include/astra_camera_msgs/astra_camera_msgs/srv/detail/get_string__traits.hpp
[1.902s] -- Up-to-date: /home/faith/Work/carto_ws/install/astra_camera_msgs/include/astra_camera_msgs/astra_camera_msgs/srv/detail/get_int32__traits.hpp
[1.902s] -- Up-to-date: /home/faith/Work/carto_ws/install/astra_camera_msgs/include/astra_camera_msgs/astra_camera_msgs/srv/detail/get_string__builder.hpp
[1.902s] -- Up-to-date: /home/faith/Work/carto_ws/install/astra_camera_msgs/include/astra_camera_msgs/astra_camera_msgs/srv/detail/get_camera_params__builder.hpp
[1.902s] -- Up-to-date: /home/faith/Work/carto_ws/install/astra_camera_msgs/include/astra_camera_msgs/astra_camera_msgs/srv/detail/get_camera_info__traits.hpp
[1.902s] -- Up-to-date: /home/faith/Work/carto_ws/install/astra_camera_msgs/include/astra_camera_msgs/astra_camera_msgs/srv/detail/get_int32__builder.hpp
[1.902s] -- Up-to-date: /home/faith/Work/carto_ws/install/astra_camera_msgs/include/astra_camera_msgs/astra_camera_msgs/srv/detail/get_camera_params__traits.hpp
[1.902s] -- Up-to-date: /home/faith/Work/carto_ws/install/astra_camera_msgs/include/astra_camera_msgs/astra_camera_msgs/srv/detail/set_int32__builder.hpp
[1.903s] -- Up-to-date: /home/faith/Work/carto_ws/install/astra_camera_msgs/include/astra_camera_msgs/astra_camera_msgs/srv/detail/get_camera_info__struct.hpp
[1.903s] -- Up-to-date: /home/faith/Work/carto_ws/install/astra_camera_msgs/include/astra_camera_msgs/astra_camera_msgs/srv/detail/get_camera_params__struct.hpp
[1.903s] -- Up-to-date: /home/faith/Work/carto_ws/install/astra_camera_msgs/include/astra_camera_msgs/astra_camera_msgs/srv/detail/get_camera_info__builder.hpp
[1.903s] -- Up-to-date: /home/faith/Work/carto_ws/install/astra_camera_msgs/include/astra_camera_msgs/astra_camera_msgs/srv/detail/set_int32__traits.hpp
[1.903s] -- Up-to-date: /home/faith/Work/carto_ws/install/astra_camera_msgs/include/astra_camera_msgs/astra_camera_msgs/srv/detail/get_device_info__traits.hpp
[1.903s] -- Up-to-date: /home/faith/Work/carto_ws/install/astra_camera_msgs/include/astra_camera_msgs/astra_camera_msgs/srv/detail/set_int32__struct.hpp
[1.903s] -- Up-to-date: /home/faith/Work/carto_ws/install/astra_camera_msgs/include/astra_camera_msgs/astra_camera_msgs/srv/detail/get_int32__struct.hpp
[1.903s] -- Up-to-date: /home/faith/Work/carto_ws/install/astra_camera_msgs/include/astra_camera_msgs/astra_camera_msgs/srv/detail/get_string__struct.hpp
[1.903s] -- Up-to-date: /home/faith/Work/carto_ws/install/astra_camera_msgs/include/astra_camera_msgs/astra_camera_msgs/srv/detail/get_device_info__struct.hpp
[1.903s] -- Up-to-date: /home/faith/Work/carto_ws/install/astra_camera_msgs/include/astra_camera_msgs/astra_camera_msgs/srv/detail/get_device_info__builder.hpp
[1.903s] -- Up-to-date: /home/faith/Work/carto_ws/install/astra_camera_msgs/include/astra_camera_msgs/astra_camera_msgs/srv/get_camera_params.hpp
[1.903s] -- Up-to-date: /home/faith/Work/carto_ws/install/astra_camera_msgs/include/astra_camera_msgs/astra_camera_msgs/srv/get_device_info.hpp
[1.903s] -- Up-to-date: /home/faith/Work/carto_ws/install/astra_camera_msgs/include/astra_camera_msgs/astra_camera_msgs/srv/get_int32.hpp
[1.903s] -- Up-to-date: /home/faith/Work/carto_ws/install/astra_camera_msgs/include/astra_camera_msgs/astra_camera_msgs/srv/set_int32.hpp
[1.903s] -- Up-to-date: /home/faith/Work/carto_ws/install/astra_camera_msgs/include/astra_camera_msgs/astra_camera_msgs/srv/get_camera_info.hpp
[1.904s] -- Up-to-date: /home/faith/Work/carto_ws/install/astra_camera_msgs/include/astra_camera_msgs/astra_camera_msgs/srv/get_string.hpp
[1.904s] -- Up-to-date: /home/faith/Work/carto_ws/install/astra_camera_msgs/include/astra_camera_msgs/astra_camera_msgs/msg
[1.904s] -- Up-to-date: /home/faith/Work/carto_ws/install/astra_camera_msgs/include/astra_camera_msgs/astra_camera_msgs/msg/device_info.hpp
[1.904s] -- Up-to-date: /home/faith/Work/carto_ws/install/astra_camera_msgs/include/astra_camera_msgs/astra_camera_msgs/msg/detail
[1.904s] -- Up-to-date: /home/faith/Work/carto_ws/install/astra_camera_msgs/include/astra_camera_msgs/astra_camera_msgs/msg/detail/extrinsics__traits.hpp
[1.904s] -- Up-to-date: /home/faith/Work/carto_ws/install/astra_camera_msgs/include/astra_camera_msgs/astra_camera_msgs/msg/detail/metadata__struct.hpp
[1.904s] -- Up-to-date: /home/faith/Work/carto_ws/install/astra_camera_msgs/include/astra_camera_msgs/astra_camera_msgs/msg/detail/device_info__builder.hpp
[1.904s] -- Up-to-date: /home/faith/Work/carto_ws/install/astra_camera_msgs/include/astra_camera_msgs/astra_camera_msgs/msg/detail/extrinsics__builder.hpp
[1.904s] -- Up-to-date: /home/faith/Work/carto_ws/install/astra_camera_msgs/include/astra_camera_msgs/astra_camera_msgs/msg/detail/extrinsics__struct.hpp
[1.904s] -- Up-to-date: /home/faith/Work/carto_ws/install/astra_camera_msgs/include/astra_camera_msgs/astra_camera_msgs/msg/detail/device_info__traits.hpp
[1.904s] -- Up-to-date: /home/faith/Work/carto_ws/install/astra_camera_msgs/include/astra_camera_msgs/astra_camera_msgs/msg/detail/metadata__traits.hpp
[1.904s] -- Up-to-date: /home/faith/Work/carto_ws/install/astra_camera_msgs/include/astra_camera_msgs/astra_camera_msgs/msg/detail/metadata__builder.hpp
[1.904s] -- Up-to-date: /home/faith/Work/carto_ws/install/astra_camera_msgs/include/astra_camera_msgs/astra_camera_msgs/msg/detail/device_info__struct.hpp
[1.905s] -- Up-to-date: /home/faith/Work/carto_ws/install/astra_camera_msgs/include/astra_camera_msgs/astra_camera_msgs/msg/extrinsics.hpp
[1.905s] -- Up-to-date: /home/faith/Work/carto_ws/install/astra_camera_msgs/include/astra_camera_msgs/astra_camera_msgs/msg/metadata.hpp
[1.905s] -- Up-to-date: /home/faith/Work/carto_ws/install/astra_camera_msgs/include/astra_camera_msgs/astra_camera_msgs
[1.905s] -- Up-to-date: /home/faith/Work/carto_ws/install/astra_camera_msgs/include/astra_camera_msgs/astra_camera_msgs/srv
[1.905s] -- Up-to-date: /home/faith/Work/carto_ws/install/astra_camera_msgs/include/astra_camera_msgs/astra_camera_msgs/srv/detail
[1.905s] -- Up-to-date: /home/faith/Work/carto_ws/install/astra_camera_msgs/include/astra_camera_msgs/astra_camera_msgs/srv/detail/dds_fastrtps
[1.905s] -- Up-to-date: /home/faith/Work/carto_ws/install/astra_camera_msgs/include/astra_camera_msgs/astra_camera_msgs/srv/detail/get_int32__rosidl_typesupport_fastrtps_cpp.hpp
[1.905s] -- Up-to-date: /home/faith/Work/carto_ws/install/astra_camera_msgs/include/astra_camera_msgs/astra_camera_msgs/srv/detail/get_camera_info__rosidl_typesupport_fastrtps_cpp.hpp
[1.905s] -- Up-to-date: /home/faith/Work/carto_ws/install/astra_camera_msgs/include/astra_camera_msgs/astra_camera_msgs/srv/detail/get_string__rosidl_typesupport_fastrtps_cpp.hpp
[1.905s] -- Up-to-date: /home/faith/Work/carto_ws/install/astra_camera_msgs/include/astra_camera_msgs/astra_camera_msgs/srv/detail/set_int32__rosidl_typesupport_fastrtps_cpp.hpp
[1.905s] -- Up-to-date: /home/faith/Work/carto_ws/install/astra_camera_msgs/include/astra_camera_msgs/astra_camera_msgs/srv/detail/get_device_info__rosidl_typesupport_fastrtps_cpp.hpp
[1.905s] -- Up-to-date: /home/faith/Work/carto_ws/install/astra_camera_msgs/include/astra_camera_msgs/astra_camera_msgs/srv/detail/get_camera_params__rosidl_typesupport_fastrtps_cpp.hpp
[1.905s] -- Up-to-date: /home/faith/Work/carto_ws/install/astra_camera_msgs/include/astra_camera_msgs/astra_camera_msgs/msg
[1.905s] -- Up-to-date: /home/faith/Work/carto_ws/install/astra_camera_msgs/include/astra_camera_msgs/astra_camera_msgs/msg/detail
[1.906s] -- Up-to-date: /home/faith/Work/carto_ws/install/astra_camera_msgs/include/astra_camera_msgs/astra_camera_msgs/msg/detail/dds_fastrtps
[1.906s] -- Up-to-date: /home/faith/Work/carto_ws/install/astra_camera_msgs/include/astra_camera_msgs/astra_camera_msgs/msg/detail/device_info__rosidl_typesupport_fastrtps_cpp.hpp
[1.906s] -- Up-to-date: /home/faith/Work/carto_ws/install/astra_camera_msgs/include/astra_camera_msgs/astra_camera_msgs/msg/detail/extrinsics__rosidl_typesupport_fastrtps_cpp.hpp
[1.906s] -- Up-to-date: /home/faith/Work/carto_ws/install/astra_camera_msgs/include/astra_camera_msgs/astra_camera_msgs/msg/detail/metadata__rosidl_typesupport_fastrtps_cpp.hpp
[1.906s] -- Up-to-date: /home/faith/Work/carto_ws/install/astra_camera_msgs/include/astra_camera_msgs/astra_camera_msgs/msg/rosidl_typesupport_fastrtps_cpp__visibility_control.h
[1.906s] -- Up-to-date: /home/faith/Work/carto_ws/install/astra_camera_msgs/lib/libastra_camera_msgs__rosidl_typesupport_fastrtps_cpp.so
[1.906s] -- Up-to-date: /home/faith/Work/carto_ws/install/astra_camera_msgs/include/astra_camera_msgs/astra_camera_msgs
[1.906s] -- Up-to-date: /home/faith/Work/carto_ws/install/astra_camera_msgs/include/astra_camera_msgs/astra_camera_msgs/srv
[1.906s] -- Up-to-date: /home/faith/Work/carto_ws/install/astra_camera_msgs/include/astra_camera_msgs/astra_camera_msgs/srv/detail
[1.906s] -- Up-to-date: /home/faith/Work/carto_ws/install/astra_camera_msgs/include/astra_camera_msgs/astra_camera_msgs/srv/detail/set_int32__type_support.cpp
[1.906s] -- Up-to-date: /home/faith/Work/carto_ws/install/astra_camera_msgs/include/astra_camera_msgs/astra_camera_msgs/srv/detail/set_int32__rosidl_typesupport_introspection_cpp.hpp
[1.906s] -- Up-to-date: /home/faith/Work/carto_ws/install/astra_camera_msgs/include/astra_camera_msgs/astra_camera_msgs/srv/detail/get_camera_info__type_support.cpp
[1.906s] -- Up-to-date: /home/faith/Work/carto_ws/install/astra_camera_msgs/include/astra_camera_msgs/astra_camera_msgs/srv/detail/get_string__rosidl_typesupport_introspection_cpp.hpp
[1.906s] -- Up-to-date: /home/faith/Work/carto_ws/install/astra_camera_msgs/include/astra_camera_msgs/astra_camera_msgs/srv/detail/get_device_info__rosidl_typesupport_introspection_cpp.hpp
[1.907s] -- Up-to-date: /home/faith/Work/carto_ws/install/astra_camera_msgs/include/astra_camera_msgs/astra_camera_msgs/srv/detail/get_int32__type_support.cpp
[1.907s] -- Up-to-date: /home/faith/Work/carto_ws/install/astra_camera_msgs/include/astra_camera_msgs/astra_camera_msgs/srv/detail/get_string__type_support.cpp
[1.907s] -- Up-to-date: /home/faith/Work/carto_ws/install/astra_camera_msgs/include/astra_camera_msgs/astra_camera_msgs/srv/detail/get_camera_info__rosidl_typesupport_introspection_cpp.hpp
[1.907s] -- Up-to-date: /home/faith/Work/carto_ws/install/astra_camera_msgs/include/astra_camera_msgs/astra_camera_msgs/srv/detail/get_camera_params__rosidl_typesupport_introspection_cpp.hpp
[1.907s] -- Up-to-date: /home/faith/Work/carto_ws/install/astra_camera_msgs/include/astra_camera_msgs/astra_camera_msgs/srv/detail/get_camera_params__type_support.cpp
[1.907s] -- Up-to-date: /home/faith/Work/carto_ws/install/astra_camera_msgs/include/astra_camera_msgs/astra_camera_msgs/srv/detail/get_int32__rosidl_typesupport_introspection_cpp.hpp
[1.907s] -- Up-to-date: /home/faith/Work/carto_ws/install/astra_camera_msgs/include/astra_camera_msgs/astra_camera_msgs/srv/detail/get_device_info__type_support.cpp
[1.908s] -- Up-to-date: /home/faith/Work/carto_ws/install/astra_camera_msgs/include/astra_camera_msgs/astra_camera_msgs/msg
[1.908s] -- Up-to-date: /home/faith/Work/carto_ws/install/astra_camera_msgs/include/astra_camera_msgs/astra_camera_msgs/msg/detail
[1.908s] -- Up-to-date: /home/faith/Work/carto_ws/install/astra_camera_msgs/include/astra_camera_msgs/astra_camera_msgs/msg/detail/metadata__rosidl_typesupport_introspection_cpp.hpp
[1.908s] -- Up-to-date: /home/faith/Work/carto_ws/install/astra_camera_msgs/include/astra_camera_msgs/astra_camera_msgs/msg/detail/device_info__type_support.cpp
[1.908s] -- Up-to-date: /home/faith/Work/carto_ws/install/astra_camera_msgs/include/astra_camera_msgs/astra_camera_msgs/msg/detail/device_info__rosidl_typesupport_introspection_cpp.hpp
[1.908s] -- Up-to-date: /home/faith/Work/carto_ws/install/astra_camera_msgs/include/astra_camera_msgs/astra_camera_msgs/msg/detail/extrinsics__rosidl_typesupport_introspection_cpp.hpp
[1.908s] -- Up-to-date: /home/faith/Work/carto_ws/install/astra_camera_msgs/include/astra_camera_msgs/astra_camera_msgs/msg/detail/extrinsics__type_support.cpp
[1.908s] -- Up-to-date: /home/faith/Work/carto_ws/install/astra_camera_msgs/include/astra_camera_msgs/astra_camera_msgs/msg/detail/metadata__type_support.cpp
[1.908s] -- Up-to-date: /home/faith/Work/carto_ws/install/astra_camera_msgs/lib/libastra_camera_msgs__rosidl_typesupport_introspection_cpp.so
[1.908s] -- Up-to-date: /home/faith/Work/carto_ws/install/astra_camera_msgs/lib/libastra_camera_msgs__rosidl_typesupport_cpp.so
[1.908s] -- Up-to-date: /home/faith/Work/carto_ws/install/astra_camera_msgs/share/astra_camera_msgs/environment/pythonpath.sh
[1.908s] -- Up-to-date: /home/faith/Work/carto_ws/install/astra_camera_msgs/share/astra_camera_msgs/environment/pythonpath.dsv
[1.908s] -- Up-to-date: /home/faith/Work/carto_ws/install/astra_camera_msgs/local/lib/python3.10/dist-packages/astra_camera_msgs-1.0.1-py3.10.egg-info
[1.908s] -- Installing: /home/faith/Work/carto_ws/install/astra_camera_msgs/local/lib/python3.10/dist-packages/astra_camera_msgs-1.0.1-py3.10.egg-info/SOURCES.txt
[1.909s] -- Installing: /home/faith/Work/carto_ws/install/astra_camera_msgs/local/lib/python3.10/dist-packages/astra_camera_msgs-1.0.1-py3.10.egg-info/PKG-INFO
[1.909s] -- Installing: /home/faith/Work/carto_ws/install/astra_camera_msgs/local/lib/python3.10/dist-packages/astra_camera_msgs-1.0.1-py3.10.egg-info/top_level.txt
[1.909s] -- Installing: /home/faith/Work/carto_ws/install/astra_camera_msgs/local/lib/python3.10/dist-packages/astra_camera_msgs-1.0.1-py3.10.egg-info/dependency_links.txt
[1.909s] -- Up-to-date: /home/faith/Work/carto_ws/install/astra_camera_msgs/local/lib/python3.10/dist-packages/astra_camera_msgs
[1.909s] -- Up-to-date: /home/faith/Work/carto_ws/install/astra_camera_msgs/local/lib/python3.10/dist-packages/astra_camera_msgs/_astra_camera_msgs_s.ep.rosidl_typesupport_introspection_c.c
[1.909s] -- Up-to-date: /home/faith/Work/carto_ws/install/astra_camera_msgs/local/lib/python3.10/dist-packages/astra_camera_msgs/astra_camera_msgs_s__rosidl_typesupport_introspection_c.cpython-310-aarch64-linux-gnu.so
[1.910s] -- Up-to-date: /home/faith/Work/carto_ws/install/astra_camera_msgs/local/lib/python3.10/dist-packages/astra_camera_msgs/_astra_camera_msgs_s.ep.rosidl_typesupport_c.c
[1.910s] -- Up-to-date: /home/faith/Work/carto_ws/install/astra_camera_msgs/local/lib/python3.10/dist-packages/astra_camera_msgs/srv
[1.910s] -- Up-to-date: /home/faith/Work/carto_ws/install/astra_camera_msgs/local/lib/python3.10/dist-packages/astra_camera_msgs/srv/_get_camera_info_s.c
[1.910s] -- Up-to-date: /home/faith/Work/carto_ws/install/astra_camera_msgs/local/lib/python3.10/dist-packages/astra_camera_msgs/srv/_get_string_s.c
[1.910s] -- Up-to-date: /home/faith/Work/carto_ws/install/astra_camera_msgs/local/lib/python3.10/dist-packages/astra_camera_msgs/srv/_get_camera_info.py
[1.910s] -- Up-to-date: /home/faith/Work/carto_ws/install/astra_camera_msgs/local/lib/python3.10/dist-packages/astra_camera_msgs/srv/_set_int32.py
[1.910s] -- Up-to-date: /home/faith/Work/carto_ws/install/astra_camera_msgs/local/lib/python3.10/dist-packages/astra_camera_msgs/srv/_get_camera_params_s.c
[1.910s] -- Up-to-date: /home/faith/Work/carto_ws/install/astra_camera_msgs/local/lib/python3.10/dist-packages/astra_camera_msgs/srv/_get_device_info.py
[1.910s] -- Up-to-date: /home/faith/Work/carto_ws/install/astra_camera_msgs/local/lib/python3.10/dist-packages/astra_camera_msgs/srv/_get_camera_params.py
[1.910s] -- Up-to-date: /home/faith/Work/carto_ws/install/astra_camera_msgs/local/lib/python3.10/dist-packages/astra_camera_msgs/srv/_get_device_info_s.c
[1.910s] -- Up-to-date: /home/faith/Work/carto_ws/install/astra_camera_msgs/local/lib/python3.10/dist-packages/astra_camera_msgs/srv/_get_int32_s.c
[1.910s] -- Up-to-date: /home/faith/Work/carto_ws/install/astra_camera_msgs/local/lib/python3.10/dist-packages/astra_camera_msgs/srv/_get_string.py
[1.910s] -- Up-to-date: /home/faith/Work/carto_ws/install/astra_camera_msgs/local/lib/python3.10/dist-packages/astra_camera_msgs/srv/__init__.py
[1.910s] -- Up-to-date: /home/faith/Work/carto_ws/install/astra_camera_msgs/local/lib/python3.10/dist-packages/astra_camera_msgs/srv/_set_int32_s.c
[1.915s] -- Up-to-date: /home/faith/Work/carto_ws/install/astra_camera_msgs/local/lib/python3.10/dist-packages/astra_camera_msgs/srv/_get_int32.py
[1.915s] -- Up-to-date: /home/faith/Work/carto_ws/install/astra_camera_msgs/local/lib/python3.10/dist-packages/astra_camera_msgs/astra_camera_msgs_s__rosidl_typesupport_fastrtps_c.cpython-310-aarch64-linux-gnu.so
[1.916s] -- Up-to-date: /home/faith/Work/carto_ws/install/astra_camera_msgs/local/lib/python3.10/dist-packages/astra_camera_msgs/msg
[1.916s] -- Up-to-date: /home/faith/Work/carto_ws/install/astra_camera_msgs/local/lib/python3.10/dist-packages/astra_camera_msgs/msg/_extrinsics.py
[1.917s] -- Up-to-date: /home/faith/Work/carto_ws/install/astra_camera_msgs/local/lib/python3.10/dist-packages/astra_camera_msgs/msg/_metadata_s.c
[1.917s] -- Up-to-date: /home/faith/Work/carto_ws/install/astra_camera_msgs/local/lib/python3.10/dist-packages/astra_camera_msgs/msg/_metadata.py
[1.918s] -- Up-to-date: /home/faith/Work/carto_ws/install/astra_camera_msgs/local/lib/python3.10/dist-packages/astra_camera_msgs/msg/_device_info_s.c
[1.918s] -- Up-to-date: /home/faith/Work/carto_ws/install/astra_camera_msgs/local/lib/python3.10/dist-packages/astra_camera_msgs/msg/__init__.py
[1.918s] -- Up-to-date: /home/faith/Work/carto_ws/install/astra_camera_msgs/local/lib/python3.10/dist-packages/astra_camera_msgs/msg/_device_info.py
[1.919s] -- Up-to-date: /home/faith/Work/carto_ws/install/astra_camera_msgs/local/lib/python3.10/dist-packages/astra_camera_msgs/msg/_extrinsics_s.c
[1.919s] -- Up-to-date: /home/faith/Work/carto_ws/install/astra_camera_msgs/local/lib/python3.10/dist-packages/astra_camera_msgs/__init__.py
[1.920s] -- Up-to-date: /home/faith/Work/carto_ws/install/astra_camera_msgs/local/lib/python3.10/dist-packages/astra_camera_msgs/libastra_camera_msgs__rosidl_generator_py.so
[1.920s] -- Up-to-date: /home/faith/Work/carto_ws/install/astra_camera_msgs/local/lib/python3.10/dist-packages/astra_camera_msgs/astra_camera_msgs_s__rosidl_typesupport_c.cpython-310-aarch64-linux-gnu.so
[1.920s] -- Up-to-date: /home/faith/Work/carto_ws/install/astra_camera_msgs/local/lib/python3.10/dist-packages/astra_camera_msgs/_astra_camera_msgs_s.ep.rosidl_typesupport_fastrtps_c.c
[1.991s] Listing '/home/faith/Work/carto_ws/install/astra_camera_msgs/local/lib/python3.10/dist-packages/astra_camera_msgs'...
[1.991s] Listing '/home/faith/Work/carto_ws/install/astra_camera_msgs/local/lib/python3.10/dist-packages/astra_camera_msgs/msg'...
[1.991s] Listing '/home/faith/Work/carto_ws/install/astra_camera_msgs/local/lib/python3.10/dist-packages/astra_camera_msgs/srv'...
[1.992s] -- Up-to-date: /home/faith/Work/carto_ws/install/astra_camera_msgs/local/lib/python3.10/dist-packages/astra_camera_msgs/astra_camera_msgs_s__rosidl_typesupport_fastrtps_c.cpython-310-aarch64-linux-gnu.so
[1.992s] -- Up-to-date: /home/faith/Work/carto_ws/install/astra_camera_msgs/local/lib/python3.10/dist-packages/astra_camera_msgs/astra_camera_msgs_s__rosidl_typesupport_introspection_c.cpython-310-aarch64-linux-gnu.so
[1.993s] -- Up-to-date: /home/faith/Work/carto_ws/install/astra_camera_msgs/local/lib/python3.10/dist-packages/astra_camera_msgs/astra_camera_msgs_s__rosidl_typesupport_c.cpython-310-aarch64-linux-gnu.so
[1.993s] -- Up-to-date: /home/faith/Work/carto_ws/install/astra_camera_msgs/lib/libastra_camera_msgs__rosidl_generator_py.so
[1.994s] -- Up-to-date: /home/faith/Work/carto_ws/install/astra_camera_msgs/share/astra_camera_msgs/msg/DeviceInfo.idl
[1.997s] -- Up-to-date: /home/faith/Work/carto_ws/install/astra_camera_msgs/share/astra_camera_msgs/msg/Extrinsics.idl
[1.997s] -- Up-to-date: /home/faith/Work/carto_ws/install/astra_camera_msgs/share/astra_camera_msgs/msg/Metadata.idl
[1.998s] -- Up-to-date: /home/faith/Work/carto_ws/install/astra_camera_msgs/share/astra_camera_msgs/srv/GetDeviceInfo.idl
[1.998s] -- Up-to-date: /home/faith/Work/carto_ws/install/astra_camera_msgs/share/astra_camera_msgs/srv/GetCameraInfo.idl
[1.998s] -- Up-to-date: /home/faith/Work/carto_ws/install/astra_camera_msgs/share/astra_camera_msgs/srv/GetCameraParams.idl
[1.999s] -- Up-to-date: /home/faith/Work/carto_ws/install/astra_camera_msgs/share/astra_camera_msgs/srv/GetInt32.idl
[1.999s] -- Up-to-date: /home/faith/Work/carto_ws/install/astra_camera_msgs/share/astra_camera_msgs/srv/GetString.idl
[2.000s] -- Up-to-date: /home/faith/Work/carto_ws/install/astra_camera_msgs/share/astra_camera_msgs/srv/SetInt32.idl
[2.000s] -- Up-to-date: /home/faith/Work/carto_ws/install/astra_camera_msgs/share/astra_camera_msgs/msg/DeviceInfo.msg
[2.001s] -- Up-to-date: /home/faith/Work/carto_ws/install/astra_camera_msgs/share/astra_camera_msgs/msg/Extrinsics.msg
[2.012s] -- Up-to-date: /home/faith/Work/carto_ws/install/astra_camera_msgs/share/astra_camera_msgs/msg/Metadata.msg
[2.013s] -- Up-to-date: /home/faith/Work/carto_ws/install/astra_camera_msgs/share/astra_camera_msgs/srv/GetDeviceInfo.srv
[2.013s] -- Up-to-date: /home/faith/Work/carto_ws/install/astra_camera_msgs/share/astra_camera_msgs/srv/GetDeviceInfo_Request.msg
[2.014s] -- Up-to-date: /home/faith/Work/carto_ws/install/astra_camera_msgs/share/astra_camera_msgs/srv/GetDeviceInfo_Response.msg
[2.014s] -- Up-to-date: /home/faith/Work/carto_ws/install/astra_camera_msgs/share/astra_camera_msgs/srv/GetCameraInfo.srv
[2.015s] -- Up-to-date: /home/faith/Work/carto_ws/install/astra_camera_msgs/share/astra_camera_msgs/srv/GetCameraInfo_Request.msg
[2.015s] -- Up-to-date: /home/faith/Work/carto_ws/install/astra_camera_msgs/share/astra_camera_msgs/srv/GetCameraInfo_Response.msg
[2.016s] -- Up-to-date: /home/faith/Work/carto_ws/install/astra_camera_msgs/share/astra_camera_msgs/srv/GetCameraParams.srv
[2.016s] -- Up-to-date: /home/faith/Work/carto_ws/install/astra_camera_msgs/share/astra_camera_msgs/srv/GetCameraParams_Request.msg
[2.016s] -- Up-to-date: /home/faith/Work/carto_ws/install/astra_camera_msgs/share/astra_camera_msgs/srv/GetCameraParams_Response.msg
[2.017s] -- Up-to-date: /home/faith/Work/carto_ws/install/astra_camera_msgs/share/astra_camera_msgs/srv/GetInt32.srv
[2.017s] -- Up-to-date: /home/faith/Work/carto_ws/install/astra_camera_msgs/share/astra_camera_msgs/srv/GetInt32_Request.msg
[2.018s] -- Up-to-date: /home/faith/Work/carto_ws/install/astra_camera_msgs/share/astra_camera_msgs/srv/GetInt32_Response.msg
[2.018s] -- Up-to-date: /home/faith/Work/carto_ws/install/astra_camera_msgs/share/astra_camera_msgs/srv/GetString.srv
[2.019s] -- Up-to-date: /home/faith/Work/carto_ws/install/astra_camera_msgs/share/astra_camera_msgs/srv/GetString_Request.msg
[2.019s] -- Up-to-date: /home/faith/Work/carto_ws/install/astra_camera_msgs/share/astra_camera_msgs/srv/GetString_Response.msg
[2.020s] -- Up-to-date: /home/faith/Work/carto_ws/install/astra_camera_msgs/share/astra_camera_msgs/srv/SetInt32.srv
[2.020s] -- Up-to-date: /home/faith/Work/carto_ws/install/astra_camera_msgs/share/astra_camera_msgs/srv/SetInt32_Request.msg
[2.020s] -- Up-to-date: /home/faith/Work/carto_ws/install/astra_camera_msgs/share/astra_camera_msgs/srv/SetInt32_Response.msg
[2.021s] -- Up-to-date: /home/faith/Work/carto_ws/install/astra_camera_msgs/share/ament_index/resource_index/package_run_dependencies/astra_camera_msgs
[2.021s] -- Up-to-date: /home/faith/Work/carto_ws/install/astra_camera_msgs/share/ament_index/resource_index/parent_prefix_path/astra_camera_msgs
[2.022s] -- Up-to-date: /home/faith/Work/carto_ws/install/astra_camera_msgs/share/astra_camera_msgs/environment/ament_prefix_path.sh
[2.022s] -- Up-to-date: /home/faith/Work/carto_ws/install/astra_camera_msgs/share/astra_camera_msgs/environment/ament_prefix_path.dsv
[2.022s] -- Up-to-date: /home/faith/Work/carto_ws/install/astra_camera_msgs/share/astra_camera_msgs/environment/path.sh
[2.023s] -- Up-to-date: /home/faith/Work/carto_ws/install/astra_camera_msgs/share/astra_camera_msgs/environment/path.dsv
[2.023s] -- Up-to-date: /home/faith/Work/carto_ws/install/astra_camera_msgs/share/astra_camera_msgs/local_setup.bash
[2.024s] -- Up-to-date: /home/faith/Work/carto_ws/install/astra_camera_msgs/share/astra_camera_msgs/local_setup.sh
[2.032s] -- Up-to-date: /home/faith/Work/carto_ws/install/astra_camera_msgs/share/astra_camera_msgs/local_setup.zsh
[2.033s] -- Up-to-date: /home/faith/Work/carto_ws/install/astra_camera_msgs/share/astra_camera_msgs/local_setup.dsv
[2.033s] -- Installing: /home/faith/Work/carto_ws/install/astra_camera_msgs/share/astra_camera_msgs/package.dsv
[2.034s] -- Up-to-date: /home/faith/Work/carto_ws/install/astra_camera_msgs/share/ament_index/resource_index/packages/astra_camera_msgs
[2.034s] -- Up-to-date: /home/faith/Work/carto_ws/install/astra_camera_msgs/share/astra_camera_msgs/cmake/export_astra_camera_msgs__rosidl_generator_cExport.cmake
[2.035s] -- Up-to-date: /home/faith/Work/carto_ws/install/astra_camera_msgs/share/astra_camera_msgs/cmake/export_astra_camera_msgs__rosidl_generator_cExport-release.cmake
[2.035s] -- Up-to-date: /home/faith/Work/carto_ws/install/astra_camera_msgs/share/astra_camera_msgs/cmake/export_astra_camera_msgs__rosidl_typesupport_fastrtps_cExport.cmake
[2.035s] -- Up-to-date: /home/faith/Work/carto_ws/install/astra_camera_msgs/share/astra_camera_msgs/cmake/export_astra_camera_msgs__rosidl_typesupport_fastrtps_cExport-release.cmake
[2.036s] -- Up-to-date: /home/faith/Work/carto_ws/install/astra_camera_msgs/share/astra_camera_msgs/cmake/astra_camera_msgs__rosidl_typesupport_introspection_cExport.cmake
[2.036s] -- Up-to-date: /home/faith/Work/carto_ws/install/astra_camera_msgs/share/astra_camera_msgs/cmake/astra_camera_msgs__rosidl_typesupport_introspection_cExport-release.cmake
[2.036s] -- Up-to-date: /home/faith/Work/carto_ws/install/astra_camera_msgs/share/astra_camera_msgs/cmake/astra_camera_msgs__rosidl_typesupport_cExport.cmake
[2.037s] -- Up-to-date: /home/faith/Work/carto_ws/install/astra_camera_msgs/share/astra_camera_msgs/cmake/astra_camera_msgs__rosidl_typesupport_cExport-release.cmake
[2.037s] -- Up-to-date: /home/faith/Work/carto_ws/install/astra_camera_msgs/share/astra_camera_msgs/cmake/export_astra_camera_msgs__rosidl_generator_cppExport.cmake
[2.038s] -- Up-to-date: /home/faith/Work/carto_ws/install/astra_camera_msgs/share/astra_camera_msgs/cmake/export_astra_camera_msgs__rosidl_typesupport_fastrtps_cppExport.cmake
[2.038s] -- Up-to-date: /home/faith/Work/carto_ws/install/astra_camera_msgs/share/astra_camera_msgs/cmake/export_astra_camera_msgs__rosidl_typesupport_fastrtps_cppExport-release.cmake
[2.039s] -- Up-to-date: /home/faith/Work/carto_ws/install/astra_camera_msgs/share/astra_camera_msgs/cmake/astra_camera_msgs__rosidl_typesupport_introspection_cppExport.cmake
[2.039s] -- Up-to-date: /home/faith/Work/carto_ws/install/astra_camera_msgs/share/astra_camera_msgs/cmake/astra_camera_msgs__rosidl_typesupport_introspection_cppExport-release.cmake
[2.039s] -- Up-to-date: /home/faith/Work/carto_ws/install/astra_camera_msgs/share/astra_camera_msgs/cmake/astra_camera_msgs__rosidl_typesupport_cppExport.cmake
[2.040s] -- Up-to-date: /home/faith/Work/carto_ws/install/astra_camera_msgs/share/astra_camera_msgs/cmake/astra_camera_msgs__rosidl_typesupport_cppExport-release.cmake
[2.040s] -- Up-to-date: /home/faith/Work/carto_ws/install/astra_camera_msgs/share/astra_camera_msgs/cmake/export_astra_camera_msgs__rosidl_generator_pyExport.cmake
[2.040s] -- Up-to-date: /home/faith/Work/carto_ws/install/astra_camera_msgs/share/astra_camera_msgs/cmake/export_astra_camera_msgs__rosidl_generator_pyExport-release.cmake
[2.041s] -- Up-to-date: /home/faith/Work/carto_ws/install/astra_camera_msgs/share/astra_camera_msgs/cmake/rosidl_cmake-extras.cmake
[2.041s] -- Up-to-date: /home/faith/Work/carto_ws/install/astra_camera_msgs/share/astra_camera_msgs/cmake/ament_cmake_export_dependencies-extras.cmake
[2.042s] -- Up-to-date: /home/faith/Work/carto_ws/install/astra_camera_msgs/share/astra_camera_msgs/cmake/ament_cmake_export_include_directories-extras.cmake
[2.042s] -- Up-to-date: /home/faith/Work/carto_ws/install/astra_camera_msgs/share/astra_camera_msgs/cmake/ament_cmake_export_libraries-extras.cmake
[2.042s] -- Up-to-date: /home/faith/Work/carto_ws/install/astra_camera_msgs/share/astra_camera_msgs/cmake/ament_cmake_export_targets-extras.cmake
[2.043s] -- Up-to-date: /home/faith/Work/carto_ws/install/astra_camera_msgs/share/astra_camera_msgs/cmake/rosidl_cmake_export_typesupport_targets-extras.cmake
[2.044s] -- Up-to-date: /home/faith/Work/carto_ws/install/astra_camera_msgs/share/astra_camera_msgs/cmake/rosidl_cmake_export_typesupport_libraries-extras.cmake
[2.069s] -- Up-to-date: /home/faith/Work/carto_ws/install/astra_camera_msgs/share/astra_camera_msgs/cmake/astra_camera_msgsConfig.cmake
[2.070s] -- Up-to-date: /home/faith/Work/carto_ws/install/astra_camera_msgs/share/astra_camera_msgs/cmake/astra_camera_msgsConfig-version.cmake
[2.071s] -- Up-to-date: /home/faith/Work/carto_ws/install/astra_camera_msgs/share/astra_camera_msgs/package.xml
[2.072s] Invoked command in '/home/faith/Work/carto_ws/build/astra_camera_msgs' returned '0': CMAKE_PREFIX_PATH=${CMAKE_PREFIX_PATH}:/home/faith/Work/carto_ws/install/fishbot_description:/opt/ros/humble /usr/bin/cmake --install /home/faith/Work/carto_ws/build/astra_camera_msgs
