running egg_info
creating ../../build/faithcar_ctrl/faithcar_ctrl.egg-info
writing ../../build/faithcar_ctrl/faithcar_ctrl.egg-info/PKG-INFO
writing dependency_links to ../../build/faithcar_ctrl/faithcar_ctrl.egg-info/dependency_links.txt
writing entry points to ../../build/faithcar_ctrl/faithcar_ctrl.egg-info/entry_points.txt
writing requirements to ../../build/faithcar_ctrl/faithcar_ctrl.egg-info/requires.txt
writing top-level names to ../../build/faithcar_ctrl/faithcar_ctrl.egg-info/top_level.txt
writing manifest file '../../build/faithcar_ctrl/faithcar_ctrl.egg-info/SOURCES.txt'
reading manifest file '../../build/faithcar_ctrl/faithcar_ctrl.egg-info/SOURCES.txt'
writing manifest file '../../build/faithcar_ctrl/faithcar_ctrl.egg-info/SOURCES.txt'
running build
running build_py
creating /home/faith/Work/carto_ws/build/faithcar_ctrl/build
creating /home/faith/Work/carto_ws/build/faithcar_ctrl/build/lib
creating /home/faith/Work/carto_ws/build/faithcar_ctrl/build/lib/faithcar_ctrl
copying faithcar_ctrl/keyboard_ctrl.py -> /home/faith/Work/carto_ws/build/faithcar_ctrl/build/lib/faithcar_ctrl
copying faithcar_ctrl/__init__.py -> /home/faith/Work/carto_ws/build/faithcar_ctrl/build/lib/faithcar_ctrl
running install
running install_lib
creating /home/faith/Work/carto_ws/install/faithcar_ctrl/lib/python3.10/site-packages/faithcar_ctrl
copying /home/faith/Work/carto_ws/build/faithcar_ctrl/build/lib/faithcar_ctrl/keyboard_ctrl.py -> /home/faith/Work/carto_ws/install/faithcar_ctrl/lib/python3.10/site-packages/faithcar_ctrl
copying /home/faith/Work/carto_ws/build/faithcar_ctrl/build/lib/faithcar_ctrl/__init__.py -> /home/faith/Work/carto_ws/install/faithcar_ctrl/lib/python3.10/site-packages/faithcar_ctrl
byte-compiling /home/faith/Work/carto_ws/install/faithcar_ctrl/lib/python3.10/site-packages/faithcar_ctrl/keyboard_ctrl.py to keyboard_ctrl.cpython-310.pyc
byte-compiling /home/faith/Work/carto_ws/install/faithcar_ctrl/lib/python3.10/site-packages/faithcar_ctrl/__init__.py to __init__.cpython-310.pyc
running install_data
creating /home/faith/Work/carto_ws/install/faithcar_ctrl/share/ament_index
creating /home/faith/Work/carto_ws/install/faithcar_ctrl/share/ament_index/resource_index
creating /home/faith/Work/carto_ws/install/faithcar_ctrl/share/ament_index/resource_index/packages
copying resource/faithcar_ctrl -> /home/faith/Work/carto_ws/install/faithcar_ctrl/share/ament_index/resource_index/packages
copying package.xml -> /home/faith/Work/carto_ws/install/faithcar_ctrl/share/faithcar_ctrl
running install_egg_info
Copying ../../build/faithcar_ctrl/faithcar_ctrl.egg-info to /home/faith/Work/carto_ws/install/faithcar_ctrl/lib/python3.10/site-packages/faithcar_ctrl-0.0.0-py3.10.egg-info
running install_scripts
Installing key_publisher script to /home/faith/Work/carto_ws/install/faithcar_ctrl/lib/faithcar_ctrl
writing list of installed files to '/home/faith/Work/carto_ws/build/faithcar_ctrl/install.log'
