[1.372s] Invoking command in '/home/faith/Work/carto_ws/src/faithcar_ctrl': PYTHONPATH=/home/faith/Work/carto_ws/build/faithcar_ctrl/prefix_override:/home/faith/Work/carto_ws/install/faithcar_ctrl/lib/python3.10/site-packages:${PYTHONPATH} /usr/bin/python3 setup.py egg_info --egg-base ../../build/faithcar_ctrl build --build-base /home/faith/Work/carto_ws/build/faithcar_ctrl/build install --record /home/faith/Work/carto_ws/build/faithcar_ctrl/install.log --single-version-externally-managed
[1.719s] running egg_info
[1.720s] creating ../../build/faithcar_ctrl/faithcar_ctrl.egg-info
[1.721s] writing ../../build/faithcar_ctrl/faithcar_ctrl.egg-info/PKG-INFO
[1.722s] writing dependency_links to ../../build/faithcar_ctrl/faithcar_ctrl.egg-info/dependency_links.txt
[1.722s] writing entry points to ../../build/faithcar_ctrl/faithcar_ctrl.egg-info/entry_points.txt
[1.722s] writing requirements to ../../build/faithcar_ctrl/faithcar_ctrl.egg-info/requires.txt
[1.722s] writing top-level names to ../../build/faithcar_ctrl/faithcar_ctrl.egg-info/top_level.txt
[1.722s] writing manifest file '../../build/faithcar_ctrl/faithcar_ctrl.egg-info/SOURCES.txt'
[1.728s] reading manifest file '../../build/faithcar_ctrl/faithcar_ctrl.egg-info/SOURCES.txt'
[1.729s] writing manifest file '../../build/faithcar_ctrl/faithcar_ctrl.egg-info/SOURCES.txt'
[1.729s] running build
[1.729s] running build_py
[1.729s] creating /home/faith/Work/carto_ws/build/faithcar_ctrl/build
[1.729s] creating /home/faith/Work/carto_ws/build/faithcar_ctrl/build/lib
[1.729s] creating /home/faith/Work/carto_ws/build/faithcar_ctrl/build/lib/faithcar_ctrl
[1.729s] copying faithcar_ctrl/keyboard_ctrl.py -> /home/faith/Work/carto_ws/build/faithcar_ctrl/build/lib/faithcar_ctrl
[1.730s] copying faithcar_ctrl/__init__.py -> /home/faith/Work/carto_ws/build/faithcar_ctrl/build/lib/faithcar_ctrl
[1.730s] running install
[1.732s] /usr/lib/python3/dist-packages/setuptools/command/install.py:34: SetuptoolsDeprecationWarning: setup.py install is deprecated. Use build and pip and other standards-based tools.
[1.732s]   warnings.warn(
[1.733s] running install_lib
[1.734s] creating /home/faith/Work/carto_ws/install/faithcar_ctrl/lib/python3.10/site-packages/faithcar_ctrl
[1.735s] copying /home/faith/Work/carto_ws/build/faithcar_ctrl/build/lib/faithcar_ctrl/keyboard_ctrl.py -> /home/faith/Work/carto_ws/install/faithcar_ctrl/lib/python3.10/site-packages/faithcar_ctrl
[1.735s] copying /home/faith/Work/carto_ws/build/faithcar_ctrl/build/lib/faithcar_ctrl/__init__.py -> /home/faith/Work/carto_ws/install/faithcar_ctrl/lib/python3.10/site-packages/faithcar_ctrl
[1.735s] byte-compiling /home/faith/Work/carto_ws/install/faithcar_ctrl/lib/python3.10/site-packages/faithcar_ctrl/keyboard_ctrl.py to keyboard_ctrl.cpython-310.pyc
[1.737s] byte-compiling /home/faith/Work/carto_ws/install/faithcar_ctrl/lib/python3.10/site-packages/faithcar_ctrl/__init__.py to __init__.cpython-310.pyc
[1.738s] running install_data
[1.739s] creating /home/faith/Work/carto_ws/install/faithcar_ctrl/share/ament_index
[1.739s] creating /home/faith/Work/carto_ws/install/faithcar_ctrl/share/ament_index/resource_index
[1.739s] creating /home/faith/Work/carto_ws/install/faithcar_ctrl/share/ament_index/resource_index/packages
[1.740s] copying resource/faithcar_ctrl -> /home/faith/Work/carto_ws/install/faithcar_ctrl/share/ament_index/resource_index/packages
[1.740s] copying package.xml -> /home/faith/Work/carto_ws/install/faithcar_ctrl/share/faithcar_ctrl
[1.741s] running install_egg_info
[1.742s] Copying ../../build/faithcar_ctrl/faithcar_ctrl.egg-info to /home/faith/Work/carto_ws/install/faithcar_ctrl/lib/python3.10/site-packages/faithcar_ctrl-0.0.0-py3.10.egg-info
[1.743s] running install_scripts
[1.782s] Installing key_publisher script to /home/faith/Work/carto_ws/install/faithcar_ctrl/lib/faithcar_ctrl
[1.783s] writing list of installed files to '/home/faith/Work/carto_ws/build/faithcar_ctrl/install.log'
[1.874s] Invoked command in '/home/faith/Work/carto_ws/src/faithcar_ctrl' returned '0': PYTHONPATH=/home/faith/Work/carto_ws/build/faithcar_ctrl/prefix_override:/home/faith/Work/carto_ws/install/faithcar_ctrl/lib/python3.10/site-packages:${PYTHONPATH} /usr/bin/python3 setup.py egg_info --egg-base ../../build/faithcar_ctrl build --build-base /home/faith/Work/carto_ws/build/faithcar_ctrl/build install --record /home/faith/Work/carto_ws/build/faithcar_ctrl/install.log --single-version-externally-managed
