[0.103s] Invoking command in '/home/faith/Work/carto_ws/build/cartographer_ros_msgs': CMAKE_PREFIX_PATH=${CMAKE_PREFIX_PATH}:/home/faith/Work/carto_ws/install/fishbot_description:/opt/ros/humble /usr/bin/cmake --build /home/faith/Work/carto_ws/build/cartographer_ros_msgs -- -j8 -l8
[0.742s] [  0%] Built target cartographer_ros_msgs__cpp
[0.743s] [  0%] Built target ament_cmake_python_copy_cartographer_ros_msgs
[0.743s] [ 12%] Built target cartographer_ros_msgs__rosidl_generator_c
[0.744s] [ 24%] Built target cartographer_ros_msgs__rosidl_typesupport_cpp
[0.745s] [ 36%] Built target cartographer_ros_msgs__rosidl_typesupport_fastrtps_cpp
[0.745s] [ 49%] Built target cartographer_ros_msgs__rosidl_typesupport_introspection_cpp
[0.746s] [ 61%] Built target cartographer_ros_msgs__rosidl_typesupport_introspection_c
[0.746s] [ 73%] Built target cartographer_ros_msgs__rosidl_typesupport_fastrtps_c
[0.747s] [ 85%] Built target cartographer_ros_msgs__rosidl_typesupport_c
[0.747s] [ 85%] Built target cartographer_ros_msgs
[0.781s] [ 86%] Built target cartographer_ros_msgs__py
[0.936s] [ 97%] Built target cartographer_ros_msgs__rosidl_generator_py
[1.038s] [ 98%] Built target cartographer_ros_msgs__rosidl_typesupport_fastrtps_c__pyext
[1.051s] [ 99%] Built target cartographer_ros_msgs__rosidl_typesupport_introspection_c__pyext
[1.066s] [100%] Built target cartographer_ros_msgs__rosidl_typesupport_c__pyext
[1.228s] running egg_info
[1.231s] writing cartographer_ros_msgs.egg-info/PKG-INFO
[1.231s] writing dependency_links to cartographer_ros_msgs.egg-info/dependency_links.txt
[1.232s] writing top-level names to cartographer_ros_msgs.egg-info/top_level.txt
[1.235s] reading manifest file 'cartographer_ros_msgs.egg-info/SOURCES.txt'
[1.257s] writing manifest file 'cartographer_ros_msgs.egg-info/SOURCES.txt'
[1.366s] [100%] Built target ament_cmake_python_build_cartographer_ros_msgs_egg
[1.423s] Invoked command in '/home/faith/Work/carto_ws/build/cartographer_ros_msgs' returned '0': CMAKE_PREFIX_PATH=${CMAKE_PREFIX_PATH}:/home/faith/Work/carto_ws/install/fishbot_description:/opt/ros/humble /usr/bin/cmake --build /home/faith/Work/carto_ws/build/cartographer_ros_msgs -- -j8 -l8
[2.612s] Invoking command in '/home/faith/Work/carto_ws/build/cartographer_ros_msgs': CMAKE_PREFIX_PATH=${CMAKE_PREFIX_PATH}:/home/faith/Work/carto_ws/install/fishbot_description:/opt/ros/humble /usr/bin/cmake --install /home/faith/Work/carto_ws/build/cartographer_ros_msgs
[2.625s] -- Install configuration: "Release"
[2.626s] -- Up-to-date: /home/faith/Work/carto_ws/install/cartographer_ros_msgs/share/ament_index/resource_index/rosidl_interfaces/cartographer_ros_msgs
[2.627s] -- Up-to-date: /home/faith/Work/carto_ws/install/cartographer_ros_msgs/include/cartographer_ros_msgs/cartographer_ros_msgs
[2.627s] -- Up-to-date: /home/faith/Work/carto_ws/install/cartographer_ros_msgs/include/cartographer_ros_msgs/cartographer_ros_msgs/srv
[2.628s] -- Up-to-date: /home/faith/Work/carto_ws/install/cartographer_ros_msgs/include/cartographer_ros_msgs/cartographer_ros_msgs/srv/read_metrics.h
[2.628s] -- Up-to-date: /home/faith/Work/carto_ws/install/cartographer_ros_msgs/include/cartographer_ros_msgs/cartographer_ros_msgs/srv/write_state.h
[2.629s] -- Up-to-date: /home/faith/Work/carto_ws/install/cartographer_ros_msgs/include/cartographer_ros_msgs/cartographer_ros_msgs/srv/submap_query.h
[2.631s] -- Up-to-date: /home/faith/Work/carto_ws/install/cartographer_ros_msgs/include/cartographer_ros_msgs/cartographer_ros_msgs/srv/detail
[2.632s] -- Up-to-date: /home/faith/Work/carto_ws/install/cartographer_ros_msgs/include/cartographer_ros_msgs/cartographer_ros_msgs/srv/detail/get_trajectory_states__functions.h
[2.632s] -- Up-to-date: /home/faith/Work/carto_ws/install/cartographer_ros_msgs/include/cartographer_ros_msgs/cartographer_ros_msgs/srv/detail/finish_trajectory__functions.h
[2.632s] -- Up-to-date: /home/faith/Work/carto_ws/install/cartographer_ros_msgs/include/cartographer_ros_msgs/cartographer_ros_msgs/srv/detail/submap_query__functions.c
[2.632s] -- Up-to-date: /home/faith/Work/carto_ws/install/cartographer_ros_msgs/include/cartographer_ros_msgs/cartographer_ros_msgs/srv/detail/trajectory_query__functions.h
[2.633s] -- Up-to-date: /home/faith/Work/carto_ws/install/cartographer_ros_msgs/include/cartographer_ros_msgs/cartographer_ros_msgs/srv/detail/read_metrics__type_support.h
[2.633s] -- Up-to-date: /home/faith/Work/carto_ws/install/cartographer_ros_msgs/include/cartographer_ros_msgs/cartographer_ros_msgs/srv/detail/start_trajectory__functions.h
[2.634s] -- Up-to-date: /home/faith/Work/carto_ws/install/cartographer_ros_msgs/include/cartographer_ros_msgs/cartographer_ros_msgs/srv/detail/write_state__struct.h
[2.639s] -- Up-to-date: /home/faith/Work/carto_ws/install/cartographer_ros_msgs/include/cartographer_ros_msgs/cartographer_ros_msgs/srv/detail/get_trajectory_states__type_support.h
[2.642s] -- Up-to-date: /home/faith/Work/carto_ws/install/cartographer_ros_msgs/include/cartographer_ros_msgs/cartographer_ros_msgs/srv/detail/start_trajectory__functions.c
[2.642s] -- Up-to-date: /home/faith/Work/carto_ws/install/cartographer_ros_msgs/include/cartographer_ros_msgs/cartographer_ros_msgs/srv/detail/read_metrics__functions.h
[2.643s] -- Up-to-date: /home/faith/Work/carto_ws/install/cartographer_ros_msgs/include/cartographer_ros_msgs/cartographer_ros_msgs/srv/detail/start_trajectory__type_support.h
[2.644s] -- Up-to-date: /home/faith/Work/carto_ws/install/cartographer_ros_msgs/include/cartographer_ros_msgs/cartographer_ros_msgs/srv/detail/write_state__functions.c
[2.644s] -- Up-to-date: /home/faith/Work/carto_ws/install/cartographer_ros_msgs/include/cartographer_ros_msgs/cartographer_ros_msgs/srv/detail/trajectory_query__functions.c
[2.645s] -- Up-to-date: /home/faith/Work/carto_ws/install/cartographer_ros_msgs/include/cartographer_ros_msgs/cartographer_ros_msgs/srv/detail/submap_query__struct.h
[2.645s] -- Up-to-date: /home/faith/Work/carto_ws/install/cartographer_ros_msgs/include/cartographer_ros_msgs/cartographer_ros_msgs/srv/detail/finish_trajectory__functions.c
[2.646s] -- Up-to-date: /home/faith/Work/carto_ws/install/cartographer_ros_msgs/include/cartographer_ros_msgs/cartographer_ros_msgs/srv/detail/submap_query__type_support.h
[2.646s] -- Up-to-date: /home/faith/Work/carto_ws/install/cartographer_ros_msgs/include/cartographer_ros_msgs/cartographer_ros_msgs/srv/detail/get_trajectory_states__struct.h
[2.647s] -- Up-to-date: /home/faith/Work/carto_ws/install/cartographer_ros_msgs/include/cartographer_ros_msgs/cartographer_ros_msgs/srv/detail/finish_trajectory__type_support.h
[2.647s] -- Up-to-date: /home/faith/Work/carto_ws/install/cartographer_ros_msgs/include/cartographer_ros_msgs/cartographer_ros_msgs/srv/detail/trajectory_query__type_support.h
[2.647s] -- Up-to-date: /home/faith/Work/carto_ws/install/cartographer_ros_msgs/include/cartographer_ros_msgs/cartographer_ros_msgs/srv/detail/write_state__type_support.h
[2.648s] -- Up-to-date: /home/faith/Work/carto_ws/install/cartographer_ros_msgs/include/cartographer_ros_msgs/cartographer_ros_msgs/srv/detail/read_metrics__struct.h
[2.648s] -- Up-to-date: /home/faith/Work/carto_ws/install/cartographer_ros_msgs/include/cartographer_ros_msgs/cartographer_ros_msgs/srv/detail/trajectory_query__struct.h
[2.649s] -- Up-to-date: /home/faith/Work/carto_ws/install/cartographer_ros_msgs/include/cartographer_ros_msgs/cartographer_ros_msgs/srv/detail/submap_query__functions.h
[2.649s] -- Up-to-date: /home/faith/Work/carto_ws/install/cartographer_ros_msgs/include/cartographer_ros_msgs/cartographer_ros_msgs/srv/detail/finish_trajectory__struct.h
[2.649s] -- Up-to-date: /home/faith/Work/carto_ws/install/cartographer_ros_msgs/include/cartographer_ros_msgs/cartographer_ros_msgs/srv/detail/get_trajectory_states__functions.c
[2.650s] -- Up-to-date: /home/faith/Work/carto_ws/install/cartographer_ros_msgs/include/cartographer_ros_msgs/cartographer_ros_msgs/srv/detail/write_state__functions.h
[2.650s] -- Up-to-date: /home/faith/Work/carto_ws/install/cartographer_ros_msgs/include/cartographer_ros_msgs/cartographer_ros_msgs/srv/detail/start_trajectory__struct.h
[2.651s] -- Up-to-date: /home/faith/Work/carto_ws/install/cartographer_ros_msgs/include/cartographer_ros_msgs/cartographer_ros_msgs/srv/detail/read_metrics__functions.c
[2.651s] -- Up-to-date: /home/faith/Work/carto_ws/install/cartographer_ros_msgs/include/cartographer_ros_msgs/cartographer_ros_msgs/srv/finish_trajectory.h
[2.652s] -- Up-to-date: /home/faith/Work/carto_ws/install/cartographer_ros_msgs/include/cartographer_ros_msgs/cartographer_ros_msgs/srv/get_trajectory_states.h
[2.652s] -- Up-to-date: /home/faith/Work/carto_ws/install/cartographer_ros_msgs/include/cartographer_ros_msgs/cartographer_ros_msgs/srv/start_trajectory.h
[2.653s] -- Up-to-date: /home/faith/Work/carto_ws/install/cartographer_ros_msgs/include/cartographer_ros_msgs/cartographer_ros_msgs/srv/trajectory_query.h
[2.653s] -- Up-to-date: /home/faith/Work/carto_ws/install/cartographer_ros_msgs/include/cartographer_ros_msgs/cartographer_ros_msgs/msg
[2.653s] -- Up-to-date: /home/faith/Work/carto_ws/install/cartographer_ros_msgs/include/cartographer_ros_msgs/cartographer_ros_msgs/msg/submap_texture.h
[2.654s] -- Up-to-date: /home/faith/Work/carto_ws/install/cartographer_ros_msgs/include/cartographer_ros_msgs/cartographer_ros_msgs/msg/status_code.h
[2.654s] -- Up-to-date: /home/faith/Work/carto_ws/install/cartographer_ros_msgs/include/cartographer_ros_msgs/cartographer_ros_msgs/msg/status_response.h
[2.655s] -- Up-to-date: /home/faith/Work/carto_ws/install/cartographer_ros_msgs/include/cartographer_ros_msgs/cartographer_ros_msgs/msg/detail
[2.655s] -- Up-to-date: /home/faith/Work/carto_ws/install/cartographer_ros_msgs/include/cartographer_ros_msgs/cartographer_ros_msgs/msg/detail/landmark_list__functions.h
[2.656s] -- Up-to-date: /home/faith/Work/carto_ws/install/cartographer_ros_msgs/include/cartographer_ros_msgs/cartographer_ros_msgs/msg/detail/trajectory_states__functions.c
[2.656s] -- Up-to-date: /home/faith/Work/carto_ws/install/cartographer_ros_msgs/include/cartographer_ros_msgs/cartographer_ros_msgs/msg/detail/trajectory_states__type_support.h
[2.656s] -- Up-to-date: /home/faith/Work/carto_ws/install/cartographer_ros_msgs/include/cartographer_ros_msgs/cartographer_ros_msgs/msg/detail/submap_list__type_support.h
[2.657s] -- Up-to-date: /home/faith/Work/carto_ws/install/cartographer_ros_msgs/include/cartographer_ros_msgs/cartographer_ros_msgs/msg/detail/bagfile_progress__struct.h
[2.657s] -- Up-to-date: /home/faith/Work/carto_ws/install/cartographer_ros_msgs/include/cartographer_ros_msgs/cartographer_ros_msgs/msg/detail/landmark_list__functions.c
[2.658s] -- Up-to-date: /home/faith/Work/carto_ws/install/cartographer_ros_msgs/include/cartographer_ros_msgs/cartographer_ros_msgs/msg/detail/metric_label__functions.h
[2.658s] -- Up-to-date: /home/faith/Work/carto_ws/install/cartographer_ros_msgs/include/cartographer_ros_msgs/cartographer_ros_msgs/msg/detail/submap_entry__functions.h
[2.658s] -- Up-to-date: /home/faith/Work/carto_ws/install/cartographer_ros_msgs/include/cartographer_ros_msgs/cartographer_ros_msgs/msg/detail/bagfile_progress__type_support.h
[2.659s] -- Up-to-date: /home/faith/Work/carto_ws/install/cartographer_ros_msgs/include/cartographer_ros_msgs/cartographer_ros_msgs/msg/detail/landmark_entry__functions.c
[2.659s] -- Up-to-date: /home/faith/Work/carto_ws/install/cartographer_ros_msgs/include/cartographer_ros_msgs/cartographer_ros_msgs/msg/detail/metric_label__functions.c
[2.659s] -- Up-to-date: /home/faith/Work/carto_ws/install/cartographer_ros_msgs/include/cartographer_ros_msgs/cartographer_ros_msgs/msg/detail/status_code__functions.c
[2.660s] -- Up-to-date: /home/faith/Work/carto_ws/install/cartographer_ros_msgs/include/cartographer_ros_msgs/cartographer_ros_msgs/msg/detail/landmark_entry__struct.h
[2.660s] -- Up-to-date: /home/faith/Work/carto_ws/install/cartographer_ros_msgs/include/cartographer_ros_msgs/cartographer_ros_msgs/msg/detail/metric_family__functions.h
[2.662s] -- Up-to-date: /home/faith/Work/carto_ws/install/cartographer_ros_msgs/include/cartographer_ros_msgs/cartographer_ros_msgs/msg/detail/status_response__type_support.h
[2.662s] -- Up-to-date: /home/faith/Work/carto_ws/install/cartographer_ros_msgs/include/cartographer_ros_msgs/cartographer_ros_msgs/msg/detail/status_response__struct.h
[2.663s] -- Up-to-date: /home/faith/Work/carto_ws/install/cartographer_ros_msgs/include/cartographer_ros_msgs/cartographer_ros_msgs/msg/detail/submap_texture__struct.h
[2.663s] -- Up-to-date: /home/faith/Work/carto_ws/install/cartographer_ros_msgs/include/cartographer_ros_msgs/cartographer_ros_msgs/msg/detail/status_code__type_support.h
[2.663s] -- Up-to-date: /home/faith/Work/carto_ws/install/cartographer_ros_msgs/include/cartographer_ros_msgs/cartographer_ros_msgs/msg/detail/status_code__struct.h
[2.664s] -- Up-to-date: /home/faith/Work/carto_ws/install/cartographer_ros_msgs/include/cartographer_ros_msgs/cartographer_ros_msgs/msg/detail/trajectory_states__struct.h
[2.664s] -- Up-to-date: /home/faith/Work/carto_ws/install/cartographer_ros_msgs/include/cartographer_ros_msgs/cartographer_ros_msgs/msg/detail/landmark_list__struct.h
[2.665s] -- Up-to-date: /home/faith/Work/carto_ws/install/cartographer_ros_msgs/include/cartographer_ros_msgs/cartographer_ros_msgs/msg/detail/metric_label__struct.h
[2.665s] -- Up-to-date: /home/faith/Work/carto_ws/install/cartographer_ros_msgs/include/cartographer_ros_msgs/cartographer_ros_msgs/msg/detail/landmark_entry__type_support.h
[2.665s] -- Up-to-date: /home/faith/Work/carto_ws/install/cartographer_ros_msgs/include/cartographer_ros_msgs/cartographer_ros_msgs/msg/detail/status_code__functions.h
[2.666s] -- Up-to-date: /home/faith/Work/carto_ws/install/cartographer_ros_msgs/include/cartographer_ros_msgs/cartographer_ros_msgs/msg/detail/status_response__functions.c
[2.666s] -- Up-to-date: /home/faith/Work/carto_ws/install/cartographer_ros_msgs/include/cartographer_ros_msgs/cartographer_ros_msgs/msg/detail/metric__functions.c
[2.667s] -- Up-to-date: /home/faith/Work/carto_ws/install/cartographer_ros_msgs/include/cartographer_ros_msgs/cartographer_ros_msgs/msg/detail/histogram_bucket__struct.h
[2.667s] -- Up-to-date: /home/faith/Work/carto_ws/install/cartographer_ros_msgs/include/cartographer_ros_msgs/cartographer_ros_msgs/msg/detail/submap_entry__struct.h
[2.668s] -- Up-to-date: /home/faith/Work/carto_ws/install/cartographer_ros_msgs/include/cartographer_ros_msgs/cartographer_ros_msgs/msg/detail/histogram_bucket__functions.h
[2.668s] -- Up-to-date: /home/faith/Work/carto_ws/install/cartographer_ros_msgs/include/cartographer_ros_msgs/cartographer_ros_msgs/msg/detail/submap_texture__type_support.h
[2.668s] -- Up-to-date: /home/faith/Work/carto_ws/install/cartographer_ros_msgs/include/cartographer_ros_msgs/cartographer_ros_msgs/msg/detail/metric_family__functions.c
[2.669s] -- Up-to-date: /home/faith/Work/carto_ws/install/cartographer_ros_msgs/include/cartographer_ros_msgs/cartographer_ros_msgs/msg/detail/submap_entry__functions.c
[2.669s] -- Up-to-date: /home/faith/Work/carto_ws/install/cartographer_ros_msgs/include/cartographer_ros_msgs/cartographer_ros_msgs/msg/detail/trajectory_states__functions.h
[2.670s] -- Up-to-date: /home/faith/Work/carto_ws/install/cartographer_ros_msgs/include/cartographer_ros_msgs/cartographer_ros_msgs/msg/detail/metric_label__type_support.h
[2.670s] -- Up-to-date: /home/faith/Work/carto_ws/install/cartographer_ros_msgs/include/cartographer_ros_msgs/cartographer_ros_msgs/msg/detail/landmark_entry__functions.h
[2.670s] -- Up-to-date: /home/faith/Work/carto_ws/install/cartographer_ros_msgs/include/cartographer_ros_msgs/cartographer_ros_msgs/msg/detail/metric__functions.h
[2.671s] -- Up-to-date: /home/faith/Work/carto_ws/install/cartographer_ros_msgs/include/cartographer_ros_msgs/cartographer_ros_msgs/msg/detail/submap_list__functions.h
[2.671s] -- Up-to-date: /home/faith/Work/carto_ws/install/cartographer_ros_msgs/include/cartographer_ros_msgs/cartographer_ros_msgs/msg/detail/bagfile_progress__functions.c
[2.672s] -- Up-to-date: /home/faith/Work/carto_ws/install/cartographer_ros_msgs/include/cartographer_ros_msgs/cartographer_ros_msgs/msg/detail/landmark_list__type_support.h
[2.672s] -- Up-to-date: /home/faith/Work/carto_ws/install/cartographer_ros_msgs/include/cartographer_ros_msgs/cartographer_ros_msgs/msg/detail/histogram_bucket__type_support.h
[2.673s] -- Up-to-date: /home/faith/Work/carto_ws/install/cartographer_ros_msgs/include/cartographer_ros_msgs/cartographer_ros_msgs/msg/detail/submap_list__functions.c
[2.679s] -- Up-to-date: /home/faith/Work/carto_ws/install/cartographer_ros_msgs/include/cartographer_ros_msgs/cartographer_ros_msgs/msg/detail/metric_family__struct.h
[2.679s] -- Up-to-date: /home/faith/Work/carto_ws/install/cartographer_ros_msgs/include/cartographer_ros_msgs/cartographer_ros_msgs/msg/detail/histogram_bucket__functions.c
[2.680s] -- Up-to-date: /home/faith/Work/carto_ws/install/cartographer_ros_msgs/include/cartographer_ros_msgs/cartographer_ros_msgs/msg/detail/metric__type_support.h
[2.680s] -- Up-to-date: /home/faith/Work/carto_ws/install/cartographer_ros_msgs/include/cartographer_ros_msgs/cartographer_ros_msgs/msg/detail/metric_family__type_support.h
[2.680s] -- Up-to-date: /home/faith/Work/carto_ws/install/cartographer_ros_msgs/include/cartographer_ros_msgs/cartographer_ros_msgs/msg/detail/submap_list__struct.h
[2.681s] -- Up-to-date: /home/faith/Work/carto_ws/install/cartographer_ros_msgs/include/cartographer_ros_msgs/cartographer_ros_msgs/msg/detail/metric__struct.h
[2.681s] -- Up-to-date: /home/faith/Work/carto_ws/install/cartographer_ros_msgs/include/cartographer_ros_msgs/cartographer_ros_msgs/msg/detail/submap_texture__functions.c
[2.682s] -- Up-to-date: /home/faith/Work/carto_ws/install/cartographer_ros_msgs/include/cartographer_ros_msgs/cartographer_ros_msgs/msg/detail/submap_entry__type_support.h
[2.682s] -- Up-to-date: /home/faith/Work/carto_ws/install/cartographer_ros_msgs/include/cartographer_ros_msgs/cartographer_ros_msgs/msg/detail/status_response__functions.h
[2.683s] -- Up-to-date: /home/faith/Work/carto_ws/install/cartographer_ros_msgs/include/cartographer_ros_msgs/cartographer_ros_msgs/msg/detail/bagfile_progress__functions.h
[2.683s] -- Up-to-date: /home/faith/Work/carto_ws/install/cartographer_ros_msgs/include/cartographer_ros_msgs/cartographer_ros_msgs/msg/detail/submap_texture__functions.h
[2.684s] -- Up-to-date: /home/faith/Work/carto_ws/install/cartographer_ros_msgs/include/cartographer_ros_msgs/cartographer_ros_msgs/msg/landmark_list.h
[2.684s] -- Up-to-date: /home/faith/Work/carto_ws/install/cartographer_ros_msgs/include/cartographer_ros_msgs/cartographer_ros_msgs/msg/submap_list.h
[2.684s] -- Up-to-date: /home/faith/Work/carto_ws/install/cartographer_ros_msgs/include/cartographer_ros_msgs/cartographer_ros_msgs/msg/metric_family.h
[2.685s] -- Up-to-date: /home/faith/Work/carto_ws/install/cartographer_ros_msgs/include/cartographer_ros_msgs/cartographer_ros_msgs/msg/metric.h
[2.685s] -- Up-to-date: /home/faith/Work/carto_ws/install/cartographer_ros_msgs/include/cartographer_ros_msgs/cartographer_ros_msgs/msg/metric_label.h
[2.686s] -- Up-to-date: /home/faith/Work/carto_ws/install/cartographer_ros_msgs/include/cartographer_ros_msgs/cartographer_ros_msgs/msg/landmark_entry.h
[2.686s] -- Up-to-date: /home/faith/Work/carto_ws/install/cartographer_ros_msgs/include/cartographer_ros_msgs/cartographer_ros_msgs/msg/trajectory_states.h
[2.687s] -- Up-to-date: /home/faith/Work/carto_ws/install/cartographer_ros_msgs/include/cartographer_ros_msgs/cartographer_ros_msgs/msg/rosidl_generator_c__visibility_control.h
[2.690s] -- Up-to-date: /home/faith/Work/carto_ws/install/cartographer_ros_msgs/include/cartographer_ros_msgs/cartographer_ros_msgs/msg/submap_entry.h
[2.691s] -- Up-to-date: /home/faith/Work/carto_ws/install/cartographer_ros_msgs/include/cartographer_ros_msgs/cartographer_ros_msgs/msg/bagfile_progress.h
[2.692s] -- Up-to-date: /home/faith/Work/carto_ws/install/cartographer_ros_msgs/include/cartographer_ros_msgs/cartographer_ros_msgs/msg/histogram_bucket.h
[2.693s] -- Up-to-date: /home/faith/Work/carto_ws/install/cartographer_ros_msgs/share/cartographer_ros_msgs/environment/library_path.sh
[2.694s] -- Up-to-date: /home/faith/Work/carto_ws/install/cartographer_ros_msgs/share/cartographer_ros_msgs/environment/library_path.dsv
[2.697s] -- Up-to-date: /home/faith/Work/carto_ws/install/cartographer_ros_msgs/lib/libcartographer_ros_msgs__rosidl_generator_c.so
[2.698s] -- Up-to-date: /home/faith/Work/carto_ws/install/cartographer_ros_msgs/include/cartographer_ros_msgs/cartographer_ros_msgs
[2.700s] -- Up-to-date: /home/faith/Work/carto_ws/install/cartographer_ros_msgs/include/cartographer_ros_msgs/cartographer_ros_msgs/srv
[2.701s] -- Up-to-date: /home/faith/Work/carto_ws/install/cartographer_ros_msgs/include/cartographer_ros_msgs/cartographer_ros_msgs/srv/detail
[2.706s] -- Up-to-date: /home/faith/Work/carto_ws/install/cartographer_ros_msgs/include/cartographer_ros_msgs/cartographer_ros_msgs/srv/detail/write_state__rosidl_typesupport_fastrtps_c.h
[2.707s] -- Up-to-date: /home/faith/Work/carto_ws/install/cartographer_ros_msgs/include/cartographer_ros_msgs/cartographer_ros_msgs/srv/detail/finish_trajectory__rosidl_typesupport_fastrtps_c.h
[2.708s] -- Up-to-date: /home/faith/Work/carto_ws/install/cartographer_ros_msgs/include/cartographer_ros_msgs/cartographer_ros_msgs/srv/detail/read_metrics__rosidl_typesupport_fastrtps_c.h
[2.709s] -- Up-to-date: /home/faith/Work/carto_ws/install/cartographer_ros_msgs/include/cartographer_ros_msgs/cartographer_ros_msgs/srv/detail/get_trajectory_states__rosidl_typesupport_fastrtps_c.h
[2.711s] -- Up-to-date: /home/faith/Work/carto_ws/install/cartographer_ros_msgs/include/cartographer_ros_msgs/cartographer_ros_msgs/srv/detail/submap_query__rosidl_typesupport_fastrtps_c.h
[2.711s] -- Up-to-date: /home/faith/Work/carto_ws/install/cartographer_ros_msgs/include/cartographer_ros_msgs/cartographer_ros_msgs/srv/detail/start_trajectory__rosidl_typesupport_fastrtps_c.h
[2.712s] -- Up-to-date: /home/faith/Work/carto_ws/install/cartographer_ros_msgs/include/cartographer_ros_msgs/cartographer_ros_msgs/srv/detail/trajectory_query__rosidl_typesupport_fastrtps_c.h
[2.713s] -- Up-to-date: /home/faith/Work/carto_ws/install/cartographer_ros_msgs/include/cartographer_ros_msgs/cartographer_ros_msgs/msg
[2.717s] -- Up-to-date: /home/faith/Work/carto_ws/install/cartographer_ros_msgs/include/cartographer_ros_msgs/cartographer_ros_msgs/msg/detail
[2.718s] -- Up-to-date: /home/faith/Work/carto_ws/install/cartographer_ros_msgs/include/cartographer_ros_msgs/cartographer_ros_msgs/msg/detail/trajectory_states__rosidl_typesupport_fastrtps_c.h
[2.719s] -- Up-to-date: /home/faith/Work/carto_ws/install/cartographer_ros_msgs/include/cartographer_ros_msgs/cartographer_ros_msgs/msg/detail/status_code__rosidl_typesupport_fastrtps_c.h
[2.719s] -- Up-to-date: /home/faith/Work/carto_ws/install/cartographer_ros_msgs/include/cartographer_ros_msgs/cartographer_ros_msgs/msg/detail/metric_family__rosidl_typesupport_fastrtps_c.h
[2.719s] -- Up-to-date: /home/faith/Work/carto_ws/install/cartographer_ros_msgs/include/cartographer_ros_msgs/cartographer_ros_msgs/msg/detail/submap_list__rosidl_typesupport_fastrtps_c.h
[2.720s] -- Up-to-date: /home/faith/Work/carto_ws/install/cartographer_ros_msgs/include/cartographer_ros_msgs/cartographer_ros_msgs/msg/detail/landmark_list__rosidl_typesupport_fastrtps_c.h
[2.720s] -- Up-to-date: /home/faith/Work/carto_ws/install/cartographer_ros_msgs/include/cartographer_ros_msgs/cartographer_ros_msgs/msg/detail/metric_label__rosidl_typesupport_fastrtps_c.h
[2.721s] -- Up-to-date: /home/faith/Work/carto_ws/install/cartographer_ros_msgs/include/cartographer_ros_msgs/cartographer_ros_msgs/msg/detail/landmark_entry__rosidl_typesupport_fastrtps_c.h
[2.721s] -- Up-to-date: /home/faith/Work/carto_ws/install/cartographer_ros_msgs/include/cartographer_ros_msgs/cartographer_ros_msgs/msg/detail/histogram_bucket__rosidl_typesupport_fastrtps_c.h
[2.722s] -- Up-to-date: /home/faith/Work/carto_ws/install/cartographer_ros_msgs/include/cartographer_ros_msgs/cartographer_ros_msgs/msg/detail/submap_texture__rosidl_typesupport_fastrtps_c.h
[2.724s] -- Up-to-date: /home/faith/Work/carto_ws/install/cartographer_ros_msgs/include/cartographer_ros_msgs/cartographer_ros_msgs/msg/detail/submap_entry__rosidl_typesupport_fastrtps_c.h
[2.724s] -- Up-to-date: /home/faith/Work/carto_ws/install/cartographer_ros_msgs/include/cartographer_ros_msgs/cartographer_ros_msgs/msg/detail/bagfile_progress__rosidl_typesupport_fastrtps_c.h
[2.725s] -- Up-to-date: /home/faith/Work/carto_ws/install/cartographer_ros_msgs/include/cartographer_ros_msgs/cartographer_ros_msgs/msg/detail/status_response__rosidl_typesupport_fastrtps_c.h
[2.725s] -- Up-to-date: /home/faith/Work/carto_ws/install/cartographer_ros_msgs/include/cartographer_ros_msgs/cartographer_ros_msgs/msg/detail/metric__rosidl_typesupport_fastrtps_c.h
[2.726s] -- Up-to-date: /home/faith/Work/carto_ws/install/cartographer_ros_msgs/include/cartographer_ros_msgs/cartographer_ros_msgs/msg/rosidl_typesupport_fastrtps_c__visibility_control.h
[2.728s] -- Up-to-date: /home/faith/Work/carto_ws/install/cartographer_ros_msgs/lib/libcartographer_ros_msgs__rosidl_typesupport_fastrtps_c.so
[2.729s] -- Up-to-date: /home/faith/Work/carto_ws/install/cartographer_ros_msgs/include/cartographer_ros_msgs/cartographer_ros_msgs
[2.729s] -- Up-to-date: /home/faith/Work/carto_ws/install/cartographer_ros_msgs/include/cartographer_ros_msgs/cartographer_ros_msgs/srv
[2.730s] -- Up-to-date: /home/faith/Work/carto_ws/install/cartographer_ros_msgs/include/cartographer_ros_msgs/cartographer_ros_msgs/srv/detail
[2.730s] -- Up-to-date: /home/faith/Work/carto_ws/install/cartographer_ros_msgs/include/cartographer_ros_msgs/cartographer_ros_msgs/srv/detail/get_trajectory_states__type_support.c
[2.731s] -- Up-to-date: /home/faith/Work/carto_ws/install/cartographer_ros_msgs/include/cartographer_ros_msgs/cartographer_ros_msgs/srv/detail/finish_trajectory__type_support.c
[2.731s] -- Up-to-date: /home/faith/Work/carto_ws/install/cartographer_ros_msgs/include/cartographer_ros_msgs/cartographer_ros_msgs/srv/detail/submap_query__type_support.c
[2.731s] -- Up-to-date: /home/faith/Work/carto_ws/install/cartographer_ros_msgs/include/cartographer_ros_msgs/cartographer_ros_msgs/srv/detail/get_trajectory_states__rosidl_typesupport_introspection_c.h
[2.732s] -- Up-to-date: /home/faith/Work/carto_ws/install/cartographer_ros_msgs/include/cartographer_ros_msgs/cartographer_ros_msgs/srv/detail/finish_trajectory__rosidl_typesupport_introspection_c.h
[2.732s] -- Up-to-date: /home/faith/Work/carto_ws/install/cartographer_ros_msgs/include/cartographer_ros_msgs/cartographer_ros_msgs/srv/detail/read_metrics__type_support.c
[2.733s] -- Up-to-date: /home/faith/Work/carto_ws/install/cartographer_ros_msgs/include/cartographer_ros_msgs/cartographer_ros_msgs/srv/detail/start_trajectory__type_support.c
[2.733s] -- Up-to-date: /home/faith/Work/carto_ws/install/cartographer_ros_msgs/include/cartographer_ros_msgs/cartographer_ros_msgs/srv/detail/trajectory_query__type_support.c
[2.733s] -- Up-to-date: /home/faith/Work/carto_ws/install/cartographer_ros_msgs/include/cartographer_ros_msgs/cartographer_ros_msgs/srv/detail/write_state__rosidl_typesupport_introspection_c.h
[2.734s] -- Up-to-date: /home/faith/Work/carto_ws/install/cartographer_ros_msgs/include/cartographer_ros_msgs/cartographer_ros_msgs/srv/detail/read_metrics__rosidl_typesupport_introspection_c.h
[2.734s] -- Up-to-date: /home/faith/Work/carto_ws/install/cartographer_ros_msgs/include/cartographer_ros_msgs/cartographer_ros_msgs/srv/detail/start_trajectory__rosidl_typesupport_introspection_c.h
[2.735s] -- Up-to-date: /home/faith/Work/carto_ws/install/cartographer_ros_msgs/include/cartographer_ros_msgs/cartographer_ros_msgs/srv/detail/submap_query__rosidl_typesupport_introspection_c.h
[2.735s] -- Up-to-date: /home/faith/Work/carto_ws/install/cartographer_ros_msgs/include/cartographer_ros_msgs/cartographer_ros_msgs/srv/detail/write_state__type_support.c
[2.736s] -- Up-to-date: /home/faith/Work/carto_ws/install/cartographer_ros_msgs/include/cartographer_ros_msgs/cartographer_ros_msgs/srv/detail/trajectory_query__rosidl_typesupport_introspection_c.h
[2.737s] -- Up-to-date: /home/faith/Work/carto_ws/install/cartographer_ros_msgs/include/cartographer_ros_msgs/cartographer_ros_msgs/msg
[2.738s] -- Up-to-date: /home/faith/Work/carto_ws/install/cartographer_ros_msgs/include/cartographer_ros_msgs/cartographer_ros_msgs/msg/detail
[2.740s] -- Up-to-date: /home/faith/Work/carto_ws/install/cartographer_ros_msgs/include/cartographer_ros_msgs/cartographer_ros_msgs/msg/detail/landmark_list__type_support.c
[2.740s] -- Up-to-date: /home/faith/Work/carto_ws/install/cartographer_ros_msgs/include/cartographer_ros_msgs/cartographer_ros_msgs/msg/detail/trajectory_states__type_support.c
[2.740s] -- Up-to-date: /home/faith/Work/carto_ws/install/cartographer_ros_msgs/include/cartographer_ros_msgs/cartographer_ros_msgs/msg/detail/submap_list__type_support.c
[2.741s] -- Up-to-date: /home/faith/Work/carto_ws/install/cartographer_ros_msgs/include/cartographer_ros_msgs/cartographer_ros_msgs/msg/detail/bagfile_progress__type_support.c
[2.741s] -- Up-to-date: /home/faith/Work/carto_ws/install/cartographer_ros_msgs/include/cartographer_ros_msgs/cartographer_ros_msgs/msg/detail/metric_label__type_support.c
[2.741s] -- Up-to-date: /home/faith/Work/carto_ws/install/cartographer_ros_msgs/include/cartographer_ros_msgs/cartographer_ros_msgs/msg/detail/metric__rosidl_typesupport_introspection_c.h
[2.752s] -- Up-to-date: /home/faith/Work/carto_ws/install/cartographer_ros_msgs/include/cartographer_ros_msgs/cartographer_ros_msgs/msg/detail/metric_family__rosidl_typesupport_introspection_c.h
[2.753s] -- Up-to-date: /home/faith/Work/carto_ws/install/cartographer_ros_msgs/include/cartographer_ros_msgs/cartographer_ros_msgs/msg/detail/submap_entry__rosidl_typesupport_introspection_c.h
[2.753s] -- Up-to-date: /home/faith/Work/carto_ws/install/cartographer_ros_msgs/include/cartographer_ros_msgs/cartographer_ros_msgs/msg/detail/metric_label__rosidl_typesupport_introspection_c.h
[2.753s] -- Up-to-date: /home/faith/Work/carto_ws/install/cartographer_ros_msgs/include/cartographer_ros_msgs/cartographer_ros_msgs/msg/detail/status_code__type_support.c
[2.754s] -- Up-to-date: /home/faith/Work/carto_ws/install/cartographer_ros_msgs/include/cartographer_ros_msgs/cartographer_ros_msgs/msg/detail/submap_texture__type_support.c
[2.755s] -- Up-to-date: /home/faith/Work/carto_ws/install/cartographer_ros_msgs/include/cartographer_ros_msgs/cartographer_ros_msgs/msg/detail/submap_list__rosidl_typesupport_introspection_c.h
[2.755s] -- Up-to-date: /home/faith/Work/carto_ws/install/cartographer_ros_msgs/include/cartographer_ros_msgs/cartographer_ros_msgs/msg/detail/landmark_entry__rosidl_typesupport_introspection_c.h
[2.756s] -- Up-to-date: /home/faith/Work/carto_ws/install/cartographer_ros_msgs/include/cartographer_ros_msgs/cartographer_ros_msgs/msg/detail/status_response__type_support.c
[2.756s] -- Up-to-date: /home/faith/Work/carto_ws/install/cartographer_ros_msgs/include/cartographer_ros_msgs/cartographer_ros_msgs/msg/detail/status_code__rosidl_typesupport_introspection_c.h
[2.756s] -- Up-to-date: /home/faith/Work/carto_ws/install/cartographer_ros_msgs/include/cartographer_ros_msgs/cartographer_ros_msgs/msg/detail/metric__type_support.c
[2.756s] -- Up-to-date: /home/faith/Work/carto_ws/install/cartographer_ros_msgs/include/cartographer_ros_msgs/cartographer_ros_msgs/msg/detail/submap_texture__rosidl_typesupport_introspection_c.h
[2.756s] -- Up-to-date: /home/faith/Work/carto_ws/install/cartographer_ros_msgs/include/cartographer_ros_msgs/cartographer_ros_msgs/msg/detail/status_response__rosidl_typesupport_introspection_c.h
[2.756s] -- Up-to-date: /home/faith/Work/carto_ws/install/cartographer_ros_msgs/include/cartographer_ros_msgs/cartographer_ros_msgs/msg/detail/trajectory_states__rosidl_typesupport_introspection_c.h
[2.757s] -- Up-to-date: /home/faith/Work/carto_ws/install/cartographer_ros_msgs/include/cartographer_ros_msgs/cartographer_ros_msgs/msg/detail/landmark_list__rosidl_typesupport_introspection_c.h
[2.758s] -- Up-to-date: /home/faith/Work/carto_ws/install/cartographer_ros_msgs/include/cartographer_ros_msgs/cartographer_ros_msgs/msg/detail/submap_entry__type_support.c
[2.758s] -- Up-to-date: /home/faith/Work/carto_ws/install/cartographer_ros_msgs/include/cartographer_ros_msgs/cartographer_ros_msgs/msg/detail/histogram_bucket__rosidl_typesupport_introspection_c.h
[2.759s] -- Up-to-date: /home/faith/Work/carto_ws/install/cartographer_ros_msgs/include/cartographer_ros_msgs/cartographer_ros_msgs/msg/detail/landmark_entry__type_support.c
[2.763s] -- Up-to-date: /home/faith/Work/carto_ws/install/cartographer_ros_msgs/include/cartographer_ros_msgs/cartographer_ros_msgs/msg/detail/histogram_bucket__type_support.c
[2.763s] -- Up-to-date: /home/faith/Work/carto_ws/install/cartographer_ros_msgs/include/cartographer_ros_msgs/cartographer_ros_msgs/msg/detail/bagfile_progress__rosidl_typesupport_introspection_c.h
[2.763s] -- Up-to-date: /home/faith/Work/carto_ws/install/cartographer_ros_msgs/include/cartographer_ros_msgs/cartographer_ros_msgs/msg/detail/metric_family__type_support.c
[2.763s] -- Up-to-date: /home/faith/Work/carto_ws/install/cartographer_ros_msgs/include/cartographer_ros_msgs/cartographer_ros_msgs/msg/rosidl_typesupport_introspection_c__visibility_control.h
[2.764s] -- Up-to-date: /home/faith/Work/carto_ws/install/cartographer_ros_msgs/lib/libcartographer_ros_msgs__rosidl_typesupport_introspection_c.so
[2.764s] -- Up-to-date: /home/faith/Work/carto_ws/install/cartographer_ros_msgs/lib/libcartographer_ros_msgs__rosidl_typesupport_c.so
[2.764s] -- Up-to-date: /home/faith/Work/carto_ws/install/cartographer_ros_msgs/include/cartographer_ros_msgs/cartographer_ros_msgs
[2.764s] -- Up-to-date: /home/faith/Work/carto_ws/install/cartographer_ros_msgs/include/cartographer_ros_msgs/cartographer_ros_msgs/srv
[2.764s] -- Up-to-date: /home/faith/Work/carto_ws/install/cartographer_ros_msgs/include/cartographer_ros_msgs/cartographer_ros_msgs/srv/finish_trajectory.hpp
[2.764s] -- Up-to-date: /home/faith/Work/carto_ws/install/cartographer_ros_msgs/include/cartographer_ros_msgs/cartographer_ros_msgs/srv/get_trajectory_states.hpp
[2.765s] -- Up-to-date: /home/faith/Work/carto_ws/install/cartographer_ros_msgs/include/cartographer_ros_msgs/cartographer_ros_msgs/srv/detail
[2.765s] -- Up-to-date: /home/faith/Work/carto_ws/install/cartographer_ros_msgs/include/cartographer_ros_msgs/cartographer_ros_msgs/srv/detail/read_metrics__struct.hpp
[2.765s] -- Up-to-date: /home/faith/Work/carto_ws/install/cartographer_ros_msgs/include/cartographer_ros_msgs/cartographer_ros_msgs/srv/detail/submap_query__traits.hpp
[2.765s] -- Up-to-date: /home/faith/Work/carto_ws/install/cartographer_ros_msgs/include/cartographer_ros_msgs/cartographer_ros_msgs/srv/detail/get_trajectory_states__builder.hpp
[2.765s] -- Up-to-date: /home/faith/Work/carto_ws/install/cartographer_ros_msgs/include/cartographer_ros_msgs/cartographer_ros_msgs/srv/detail/read_metrics__traits.hpp
[2.765s] -- Up-to-date: /home/faith/Work/carto_ws/install/cartographer_ros_msgs/include/cartographer_ros_msgs/cartographer_ros_msgs/srv/detail/start_trajectory__builder.hpp
[2.765s] -- Up-to-date: /home/faith/Work/carto_ws/install/cartographer_ros_msgs/include/cartographer_ros_msgs/cartographer_ros_msgs/srv/detail/trajectory_query__struct.hpp
[2.766s] -- Up-to-date: /home/faith/Work/carto_ws/install/cartographer_ros_msgs/include/cartographer_ros_msgs/cartographer_ros_msgs/srv/detail/trajectory_query__traits.hpp
[2.766s] -- Up-to-date: /home/faith/Work/carto_ws/install/cartographer_ros_msgs/include/cartographer_ros_msgs/cartographer_ros_msgs/srv/detail/trajectory_query__builder.hpp
[2.766s] -- Up-to-date: /home/faith/Work/carto_ws/install/cartographer_ros_msgs/include/cartographer_ros_msgs/cartographer_ros_msgs/srv/detail/write_state__traits.hpp
[2.766s] -- Up-to-date: /home/faith/Work/carto_ws/install/cartographer_ros_msgs/include/cartographer_ros_msgs/cartographer_ros_msgs/srv/detail/get_trajectory_states__traits.hpp
[2.766s] -- Up-to-date: /home/faith/Work/carto_ws/install/cartographer_ros_msgs/include/cartographer_ros_msgs/cartographer_ros_msgs/srv/detail/finish_trajectory__builder.hpp
[2.767s] -- Up-to-date: /home/faith/Work/carto_ws/install/cartographer_ros_msgs/include/cartographer_ros_msgs/cartographer_ros_msgs/srv/detail/start_trajectory__traits.hpp
[2.767s] -- Up-to-date: /home/faith/Work/carto_ws/install/cartographer_ros_msgs/include/cartographer_ros_msgs/cartographer_ros_msgs/srv/detail/read_metrics__builder.hpp
[2.767s] -- Up-to-date: /home/faith/Work/carto_ws/install/cartographer_ros_msgs/include/cartographer_ros_msgs/cartographer_ros_msgs/srv/detail/submap_query__struct.hpp
[2.767s] -- Up-to-date: /home/faith/Work/carto_ws/install/cartographer_ros_msgs/include/cartographer_ros_msgs/cartographer_ros_msgs/srv/detail/finish_trajectory__struct.hpp
[2.767s] -- Up-to-date: /home/faith/Work/carto_ws/install/cartographer_ros_msgs/include/cartographer_ros_msgs/cartographer_ros_msgs/srv/detail/write_state__struct.hpp
[2.767s] -- Up-to-date: /home/faith/Work/carto_ws/install/cartographer_ros_msgs/include/cartographer_ros_msgs/cartographer_ros_msgs/srv/detail/get_trajectory_states__struct.hpp
[2.768s] -- Up-to-date: /home/faith/Work/carto_ws/install/cartographer_ros_msgs/include/cartographer_ros_msgs/cartographer_ros_msgs/srv/detail/submap_query__builder.hpp
[2.768s] -- Up-to-date: /home/faith/Work/carto_ws/install/cartographer_ros_msgs/include/cartographer_ros_msgs/cartographer_ros_msgs/srv/detail/start_trajectory__struct.hpp
[2.768s] -- Up-to-date: /home/faith/Work/carto_ws/install/cartographer_ros_msgs/include/cartographer_ros_msgs/cartographer_ros_msgs/srv/detail/finish_trajectory__traits.hpp
[2.768s] -- Up-to-date: /home/faith/Work/carto_ws/install/cartographer_ros_msgs/include/cartographer_ros_msgs/cartographer_ros_msgs/srv/detail/write_state__builder.hpp
[2.768s] -- Up-to-date: /home/faith/Work/carto_ws/install/cartographer_ros_msgs/include/cartographer_ros_msgs/cartographer_ros_msgs/srv/submap_query.hpp
[2.768s] -- Up-to-date: /home/faith/Work/carto_ws/install/cartographer_ros_msgs/include/cartographer_ros_msgs/cartographer_ros_msgs/srv/read_metrics.hpp
[2.768s] -- Up-to-date: /home/faith/Work/carto_ws/install/cartographer_ros_msgs/include/cartographer_ros_msgs/cartographer_ros_msgs/srv/trajectory_query.hpp
[2.769s] -- Up-to-date: /home/faith/Work/carto_ws/install/cartographer_ros_msgs/include/cartographer_ros_msgs/cartographer_ros_msgs/srv/start_trajectory.hpp
[2.769s] -- Up-to-date: /home/faith/Work/carto_ws/install/cartographer_ros_msgs/include/cartographer_ros_msgs/cartographer_ros_msgs/srv/write_state.hpp
[2.769s] -- Up-to-date: /home/faith/Work/carto_ws/install/cartographer_ros_msgs/include/cartographer_ros_msgs/cartographer_ros_msgs/msg
[2.769s] -- Up-to-date: /home/faith/Work/carto_ws/install/cartographer_ros_msgs/include/cartographer_ros_msgs/cartographer_ros_msgs/msg/status_response.hpp
[2.769s] -- Up-to-date: /home/faith/Work/carto_ws/install/cartographer_ros_msgs/include/cartographer_ros_msgs/cartographer_ros_msgs/msg/detail
[2.769s] -- Up-to-date: /home/faith/Work/carto_ws/install/cartographer_ros_msgs/include/cartographer_ros_msgs/cartographer_ros_msgs/msg/detail/metric_family__traits.hpp
[2.769s] -- Up-to-date: /home/faith/Work/carto_ws/install/cartographer_ros_msgs/include/cartographer_ros_msgs/cartographer_ros_msgs/msg/detail/submap_list__struct.hpp
[2.769s] -- Up-to-date: /home/faith/Work/carto_ws/install/cartographer_ros_msgs/include/cartographer_ros_msgs/cartographer_ros_msgs/msg/detail/metric_family__struct.hpp
[2.770s] -- Up-to-date: /home/faith/Work/carto_ws/install/cartographer_ros_msgs/include/cartographer_ros_msgs/cartographer_ros_msgs/msg/detail/landmark_entry__builder.hpp
[2.770s] -- Up-to-date: /home/faith/Work/carto_ws/install/cartographer_ros_msgs/include/cartographer_ros_msgs/cartographer_ros_msgs/msg/detail/status_code__struct.hpp
[2.770s] -- Up-to-date: /home/faith/Work/carto_ws/install/cartographer_ros_msgs/include/cartographer_ros_msgs/cartographer_ros_msgs/msg/detail/submap_texture__builder.hpp
[2.770s] -- Up-to-date: /home/faith/Work/carto_ws/install/cartographer_ros_msgs/include/cartographer_ros_msgs/cartographer_ros_msgs/msg/detail/metric__traits.hpp
[2.770s] -- Up-to-date: /home/faith/Work/carto_ws/install/cartographer_ros_msgs/include/cartographer_ros_msgs/cartographer_ros_msgs/msg/detail/histogram_bucket__builder.hpp
[2.770s] -- Up-to-date: /home/faith/Work/carto_ws/install/cartographer_ros_msgs/include/cartographer_ros_msgs/cartographer_ros_msgs/msg/detail/metric_label__struct.hpp
[2.770s] -- Up-to-date: /home/faith/Work/carto_ws/install/cartographer_ros_msgs/include/cartographer_ros_msgs/cartographer_ros_msgs/msg/detail/status_response__struct.hpp
[2.771s] -- Up-to-date: /home/faith/Work/carto_ws/install/cartographer_ros_msgs/include/cartographer_ros_msgs/cartographer_ros_msgs/msg/detail/landmark_list__struct.hpp
[2.771s] -- Up-to-date: /home/faith/Work/carto_ws/install/cartographer_ros_msgs/include/cartographer_ros_msgs/cartographer_ros_msgs/msg/detail/landmark_list__builder.hpp
[2.771s] -- Up-to-date: /home/faith/Work/carto_ws/install/cartographer_ros_msgs/include/cartographer_ros_msgs/cartographer_ros_msgs/msg/detail/submap_texture__struct.hpp
[2.771s] -- Up-to-date: /home/faith/Work/carto_ws/install/cartographer_ros_msgs/include/cartographer_ros_msgs/cartographer_ros_msgs/msg/detail/status_response__traits.hpp
[2.771s] -- Up-to-date: /home/faith/Work/carto_ws/install/cartographer_ros_msgs/include/cartographer_ros_msgs/cartographer_ros_msgs/msg/detail/submap_entry__struct.hpp
[2.771s] -- Up-to-date: /home/faith/Work/carto_ws/install/cartographer_ros_msgs/include/cartographer_ros_msgs/cartographer_ros_msgs/msg/detail/metric__struct.hpp
[2.771s] -- Up-to-date: /home/faith/Work/carto_ws/install/cartographer_ros_msgs/include/cartographer_ros_msgs/cartographer_ros_msgs/msg/detail/submap_entry__builder.hpp
[2.771s] -- Up-to-date: /home/faith/Work/carto_ws/install/cartographer_ros_msgs/include/cartographer_ros_msgs/cartographer_ros_msgs/msg/detail/histogram_bucket__struct.hpp
[2.772s] -- Up-to-date: /home/faith/Work/carto_ws/install/cartographer_ros_msgs/include/cartographer_ros_msgs/cartographer_ros_msgs/msg/detail/bagfile_progress__builder.hpp
[2.772s] -- Up-to-date: /home/faith/Work/carto_ws/install/cartographer_ros_msgs/include/cartographer_ros_msgs/cartographer_ros_msgs/msg/detail/status_response__builder.hpp
[2.772s] -- Up-to-date: /home/faith/Work/carto_ws/install/cartographer_ros_msgs/include/cartographer_ros_msgs/cartographer_ros_msgs/msg/detail/submap_texture__traits.hpp
[2.772s] -- Up-to-date: /home/faith/Work/carto_ws/install/cartographer_ros_msgs/include/cartographer_ros_msgs/cartographer_ros_msgs/msg/detail/metric_label__traits.hpp
[2.772s] -- Up-to-date: /home/faith/Work/carto_ws/install/cartographer_ros_msgs/include/cartographer_ros_msgs/cartographer_ros_msgs/msg/detail/metric_family__builder.hpp
[2.775s] -- Up-to-date: /home/faith/Work/carto_ws/install/cartographer_ros_msgs/include/cartographer_ros_msgs/cartographer_ros_msgs/msg/detail/metric__builder.hpp
[2.775s] -- Up-to-date: /home/faith/Work/carto_ws/install/cartographer_ros_msgs/include/cartographer_ros_msgs/cartographer_ros_msgs/msg/detail/submap_entry__traits.hpp
[2.775s] -- Up-to-date: /home/faith/Work/carto_ws/install/cartographer_ros_msgs/include/cartographer_ros_msgs/cartographer_ros_msgs/msg/detail/trajectory_states__struct.hpp
[2.775s] -- Up-to-date: /home/faith/Work/carto_ws/install/cartographer_ros_msgs/include/cartographer_ros_msgs/cartographer_ros_msgs/msg/detail/trajectory_states__traits.hpp
[2.775s] -- Up-to-date: /home/faith/Work/carto_ws/install/cartographer_ros_msgs/include/cartographer_ros_msgs/cartographer_ros_msgs/msg/detail/submap_list__traits.hpp
[2.776s] -- Up-to-date: /home/faith/Work/carto_ws/install/cartographer_ros_msgs/include/cartographer_ros_msgs/cartographer_ros_msgs/msg/detail/status_code__traits.hpp
[2.776s] -- Up-to-date: /home/faith/Work/carto_ws/install/cartographer_ros_msgs/include/cartographer_ros_msgs/cartographer_ros_msgs/msg/detail/histogram_bucket__traits.hpp
[2.776s] -- Up-to-date: /home/faith/Work/carto_ws/install/cartographer_ros_msgs/include/cartographer_ros_msgs/cartographer_ros_msgs/msg/detail/landmark_entry__struct.hpp
[2.776s] -- Up-to-date: /home/faith/Work/carto_ws/install/cartographer_ros_msgs/include/cartographer_ros_msgs/cartographer_ros_msgs/msg/detail/status_code__builder.hpp
[2.777s] -- Up-to-date: /home/faith/Work/carto_ws/install/cartographer_ros_msgs/include/cartographer_ros_msgs/cartographer_ros_msgs/msg/detail/submap_list__builder.hpp
[2.777s] -- Up-to-date: /home/faith/Work/carto_ws/install/cartographer_ros_msgs/include/cartographer_ros_msgs/cartographer_ros_msgs/msg/detail/landmark_list__traits.hpp
[2.777s] -- Up-to-date: /home/faith/Work/carto_ws/install/cartographer_ros_msgs/include/cartographer_ros_msgs/cartographer_ros_msgs/msg/detail/bagfile_progress__struct.hpp
[2.778s] -- Up-to-date: /home/faith/Work/carto_ws/install/cartographer_ros_msgs/include/cartographer_ros_msgs/cartographer_ros_msgs/msg/detail/metric_label__builder.hpp
[2.778s] -- Up-to-date: /home/faith/Work/carto_ws/install/cartographer_ros_msgs/include/cartographer_ros_msgs/cartographer_ros_msgs/msg/detail/trajectory_states__builder.hpp
[2.778s] -- Up-to-date: /home/faith/Work/carto_ws/install/cartographer_ros_msgs/include/cartographer_ros_msgs/cartographer_ros_msgs/msg/detail/bagfile_progress__traits.hpp
[2.778s] -- Up-to-date: /home/faith/Work/carto_ws/install/cartographer_ros_msgs/include/cartographer_ros_msgs/cartographer_ros_msgs/msg/detail/landmark_entry__traits.hpp
[2.781s] -- Up-to-date: /home/faith/Work/carto_ws/install/cartographer_ros_msgs/include/cartographer_ros_msgs/cartographer_ros_msgs/msg/submap_entry.hpp
[2.781s] -- Up-to-date: /home/faith/Work/carto_ws/install/cartographer_ros_msgs/include/cartographer_ros_msgs/cartographer_ros_msgs/msg/histogram_bucket.hpp
[2.782s] -- Up-to-date: /home/faith/Work/carto_ws/install/cartographer_ros_msgs/include/cartographer_ros_msgs/cartographer_ros_msgs/msg/metric_label.hpp
[2.782s] -- Up-to-date: /home/faith/Work/carto_ws/install/cartographer_ros_msgs/include/cartographer_ros_msgs/cartographer_ros_msgs/msg/trajectory_states.hpp
[2.782s] -- Up-to-date: /home/faith/Work/carto_ws/install/cartographer_ros_msgs/include/cartographer_ros_msgs/cartographer_ros_msgs/msg/submap_list.hpp
[2.782s] -- Up-to-date: /home/faith/Work/carto_ws/install/cartographer_ros_msgs/include/cartographer_ros_msgs/cartographer_ros_msgs/msg/metric_family.hpp
[2.783s] -- Up-to-date: /home/faith/Work/carto_ws/install/cartographer_ros_msgs/include/cartographer_ros_msgs/cartographer_ros_msgs/msg/metric.hpp
[2.783s] -- Up-to-date: /home/faith/Work/carto_ws/install/cartographer_ros_msgs/include/cartographer_ros_msgs/cartographer_ros_msgs/msg/status_code.hpp
[2.783s] -- Up-to-date: /home/faith/Work/carto_ws/install/cartographer_ros_msgs/include/cartographer_ros_msgs/cartographer_ros_msgs/msg/landmark_entry.hpp
[2.783s] -- Up-to-date: /home/faith/Work/carto_ws/install/cartographer_ros_msgs/include/cartographer_ros_msgs/cartographer_ros_msgs/msg/bagfile_progress.hpp
[2.784s] -- Up-to-date: /home/faith/Work/carto_ws/install/cartographer_ros_msgs/include/cartographer_ros_msgs/cartographer_ros_msgs/msg/landmark_list.hpp
[2.784s] -- Up-to-date: /home/faith/Work/carto_ws/install/cartographer_ros_msgs/include/cartographer_ros_msgs/cartographer_ros_msgs/msg/submap_texture.hpp
[2.784s] -- Up-to-date: /home/faith/Work/carto_ws/install/cartographer_ros_msgs/include/cartographer_ros_msgs/cartographer_ros_msgs
[2.784s] -- Up-to-date: /home/faith/Work/carto_ws/install/cartographer_ros_msgs/include/cartographer_ros_msgs/cartographer_ros_msgs/srv
[2.784s] -- Up-to-date: /home/faith/Work/carto_ws/install/cartographer_ros_msgs/include/cartographer_ros_msgs/cartographer_ros_msgs/srv/detail
[2.785s] -- Up-to-date: /home/faith/Work/carto_ws/install/cartographer_ros_msgs/include/cartographer_ros_msgs/cartographer_ros_msgs/srv/detail/start_trajectory__rosidl_typesupport_fastrtps_cpp.hpp
[2.788s] -- Up-to-date: /home/faith/Work/carto_ws/install/cartographer_ros_msgs/include/cartographer_ros_msgs/cartographer_ros_msgs/srv/detail/dds_fastrtps
[2.788s] -- Up-to-date: /home/faith/Work/carto_ws/install/cartographer_ros_msgs/include/cartographer_ros_msgs/cartographer_ros_msgs/srv/detail/submap_query__rosidl_typesupport_fastrtps_cpp.hpp
[2.788s] -- Up-to-date: /home/faith/Work/carto_ws/install/cartographer_ros_msgs/include/cartographer_ros_msgs/cartographer_ros_msgs/srv/detail/read_metrics__rosidl_typesupport_fastrtps_cpp.hpp
[2.788s] -- Up-to-date: /home/faith/Work/carto_ws/install/cartographer_ros_msgs/include/cartographer_ros_msgs/cartographer_ros_msgs/srv/detail/get_trajectory_states__rosidl_typesupport_fastrtps_cpp.hpp
[2.789s] -- Up-to-date: /home/faith/Work/carto_ws/install/cartographer_ros_msgs/include/cartographer_ros_msgs/cartographer_ros_msgs/srv/detail/write_state__rosidl_typesupport_fastrtps_cpp.hpp
[2.789s] -- Up-to-date: /home/faith/Work/carto_ws/install/cartographer_ros_msgs/include/cartographer_ros_msgs/cartographer_ros_msgs/srv/detail/finish_trajectory__rosidl_typesupport_fastrtps_cpp.hpp
[2.789s] -- Up-to-date: /home/faith/Work/carto_ws/install/cartographer_ros_msgs/include/cartographer_ros_msgs/cartographer_ros_msgs/srv/detail/trajectory_query__rosidl_typesupport_fastrtps_cpp.hpp
[2.790s] -- Up-to-date: /home/faith/Work/carto_ws/install/cartographer_ros_msgs/include/cartographer_ros_msgs/cartographer_ros_msgs/msg
[2.790s] -- Up-to-date: /home/faith/Work/carto_ws/install/cartographer_ros_msgs/include/cartographer_ros_msgs/cartographer_ros_msgs/msg/detail
[2.791s] -- Up-to-date: /home/faith/Work/carto_ws/install/cartographer_ros_msgs/include/cartographer_ros_msgs/cartographer_ros_msgs/msg/detail/submap_list__rosidl_typesupport_fastrtps_cpp.hpp
[2.792s] -- Up-to-date: /home/faith/Work/carto_ws/install/cartographer_ros_msgs/include/cartographer_ros_msgs/cartographer_ros_msgs/msg/detail/dds_fastrtps
[2.792s] -- Up-to-date: /home/faith/Work/carto_ws/install/cartographer_ros_msgs/include/cartographer_ros_msgs/cartographer_ros_msgs/msg/detail/histogram_bucket__rosidl_typesupport_fastrtps_cpp.hpp
[2.792s] -- Up-to-date: /home/faith/Work/carto_ws/install/cartographer_ros_msgs/include/cartographer_ros_msgs/cartographer_ros_msgs/msg/detail/status_code__rosidl_typesupport_fastrtps_cpp.hpp
[2.793s] -- Up-to-date: /home/faith/Work/carto_ws/install/cartographer_ros_msgs/include/cartographer_ros_msgs/cartographer_ros_msgs/msg/detail/submap_entry__rosidl_typesupport_fastrtps_cpp.hpp
[2.793s] -- Up-to-date: /home/faith/Work/carto_ws/install/cartographer_ros_msgs/include/cartographer_ros_msgs/cartographer_ros_msgs/msg/detail/landmark_list__rosidl_typesupport_fastrtps_cpp.hpp
[2.793s] -- Up-to-date: /home/faith/Work/carto_ws/install/cartographer_ros_msgs/include/cartographer_ros_msgs/cartographer_ros_msgs/msg/detail/landmark_entry__rosidl_typesupport_fastrtps_cpp.hpp
[2.793s] -- Up-to-date: /home/faith/Work/carto_ws/install/cartographer_ros_msgs/include/cartographer_ros_msgs/cartographer_ros_msgs/msg/detail/bagfile_progress__rosidl_typesupport_fastrtps_cpp.hpp
[2.793s] -- Up-to-date: /home/faith/Work/carto_ws/install/cartographer_ros_msgs/include/cartographer_ros_msgs/cartographer_ros_msgs/msg/detail/metric_label__rosidl_typesupport_fastrtps_cpp.hpp
[2.795s] -- Up-to-date: /home/faith/Work/carto_ws/install/cartographer_ros_msgs/include/cartographer_ros_msgs/cartographer_ros_msgs/msg/detail/submap_texture__rosidl_typesupport_fastrtps_cpp.hpp
[2.795s] -- Up-to-date: /home/faith/Work/carto_ws/install/cartographer_ros_msgs/include/cartographer_ros_msgs/cartographer_ros_msgs/msg/detail/metric_family__rosidl_typesupport_fastrtps_cpp.hpp
[2.795s] -- Up-to-date: /home/faith/Work/carto_ws/install/cartographer_ros_msgs/include/cartographer_ros_msgs/cartographer_ros_msgs/msg/detail/metric__rosidl_typesupport_fastrtps_cpp.hpp
[2.796s] -- Up-to-date: /home/faith/Work/carto_ws/install/cartographer_ros_msgs/include/cartographer_ros_msgs/cartographer_ros_msgs/msg/detail/trajectory_states__rosidl_typesupport_fastrtps_cpp.hpp
[2.796s] -- Up-to-date: /home/faith/Work/carto_ws/install/cartographer_ros_msgs/include/cartographer_ros_msgs/cartographer_ros_msgs/msg/detail/status_response__rosidl_typesupport_fastrtps_cpp.hpp
[2.796s] -- Up-to-date: /home/faith/Work/carto_ws/install/cartographer_ros_msgs/include/cartographer_ros_msgs/cartographer_ros_msgs/msg/rosidl_typesupport_fastrtps_cpp__visibility_control.h
[2.796s] -- Up-to-date: /home/faith/Work/carto_ws/install/cartographer_ros_msgs/lib/libcartographer_ros_msgs__rosidl_typesupport_fastrtps_cpp.so
[2.796s] -- Up-to-date: /home/faith/Work/carto_ws/install/cartographer_ros_msgs/include/cartographer_ros_msgs/cartographer_ros_msgs
[2.796s] -- Up-to-date: /home/faith/Work/carto_ws/install/cartographer_ros_msgs/include/cartographer_ros_msgs/cartographer_ros_msgs/srv
[2.796s] -- Up-to-date: /home/faith/Work/carto_ws/install/cartographer_ros_msgs/include/cartographer_ros_msgs/cartographer_ros_msgs/srv/detail
[2.796s] -- Up-to-date: /home/faith/Work/carto_ws/install/cartographer_ros_msgs/include/cartographer_ros_msgs/cartographer_ros_msgs/srv/detail/finish_trajectory__rosidl_typesupport_introspection_cpp.hpp
[2.796s] -- Up-to-date: /home/faith/Work/carto_ws/install/cartographer_ros_msgs/include/cartographer_ros_msgs/cartographer_ros_msgs/srv/detail/get_trajectory_states__type_support.cpp
[2.796s] -- Up-to-date: /home/faith/Work/carto_ws/install/cartographer_ros_msgs/include/cartographer_ros_msgs/cartographer_ros_msgs/srv/detail/trajectory_query__type_support.cpp
[2.796s] -- Up-to-date: /home/faith/Work/carto_ws/install/cartographer_ros_msgs/include/cartographer_ros_msgs/cartographer_ros_msgs/srv/detail/read_metrics__rosidl_typesupport_introspection_cpp.hpp
[2.797s] -- Up-to-date: /home/faith/Work/carto_ws/install/cartographer_ros_msgs/include/cartographer_ros_msgs/cartographer_ros_msgs/srv/detail/trajectory_query__rosidl_typesupport_introspection_cpp.hpp
[2.797s] -- Up-to-date: /home/faith/Work/carto_ws/install/cartographer_ros_msgs/include/cartographer_ros_msgs/cartographer_ros_msgs/srv/detail/submap_query__type_support.cpp
[2.797s] -- Up-to-date: /home/faith/Work/carto_ws/install/cartographer_ros_msgs/include/cartographer_ros_msgs/cartographer_ros_msgs/srv/detail/start_trajectory__type_support.cpp
[2.797s] -- Up-to-date: /home/faith/Work/carto_ws/install/cartographer_ros_msgs/include/cartographer_ros_msgs/cartographer_ros_msgs/srv/detail/write_state__rosidl_typesupport_introspection_cpp.hpp
[2.797s] -- Up-to-date: /home/faith/Work/carto_ws/install/cartographer_ros_msgs/include/cartographer_ros_msgs/cartographer_ros_msgs/srv/detail/get_trajectory_states__rosidl_typesupport_introspection_cpp.hpp
[2.797s] -- Up-to-date: /home/faith/Work/carto_ws/install/cartographer_ros_msgs/include/cartographer_ros_msgs/cartographer_ros_msgs/srv/detail/read_metrics__type_support.cpp
[2.797s] -- Up-to-date: /home/faith/Work/carto_ws/install/cartographer_ros_msgs/include/cartographer_ros_msgs/cartographer_ros_msgs/srv/detail/finish_trajectory__type_support.cpp
[2.797s] -- Up-to-date: /home/faith/Work/carto_ws/install/cartographer_ros_msgs/include/cartographer_ros_msgs/cartographer_ros_msgs/srv/detail/write_state__type_support.cpp
[2.797s] -- Up-to-date: /home/faith/Work/carto_ws/install/cartographer_ros_msgs/include/cartographer_ros_msgs/cartographer_ros_msgs/srv/detail/submap_query__rosidl_typesupport_introspection_cpp.hpp
[2.797s] -- Up-to-date: /home/faith/Work/carto_ws/install/cartographer_ros_msgs/include/cartographer_ros_msgs/cartographer_ros_msgs/srv/detail/start_trajectory__rosidl_typesupport_introspection_cpp.hpp
[2.797s] -- Up-to-date: /home/faith/Work/carto_ws/install/cartographer_ros_msgs/include/cartographer_ros_msgs/cartographer_ros_msgs/msg
[2.797s] -- Up-to-date: /home/faith/Work/carto_ws/install/cartographer_ros_msgs/include/cartographer_ros_msgs/cartographer_ros_msgs/msg/detail
[2.797s] -- Up-to-date: /home/faith/Work/carto_ws/install/cartographer_ros_msgs/include/cartographer_ros_msgs/cartographer_ros_msgs/msg/detail/histogram_bucket__type_support.cpp
[2.798s] -- Up-to-date: /home/faith/Work/carto_ws/install/cartographer_ros_msgs/include/cartographer_ros_msgs/cartographer_ros_msgs/msg/detail/landmark_entry__rosidl_typesupport_introspection_cpp.hpp
[2.798s] -- Up-to-date: /home/faith/Work/carto_ws/install/cartographer_ros_msgs/include/cartographer_ros_msgs/cartographer_ros_msgs/msg/detail/submap_texture__type_support.cpp
[2.798s] -- Up-to-date: /home/faith/Work/carto_ws/install/cartographer_ros_msgs/include/cartographer_ros_msgs/cartographer_ros_msgs/msg/detail/metric_family__type_support.cpp
[2.798s] -- Up-to-date: /home/faith/Work/carto_ws/install/cartographer_ros_msgs/include/cartographer_ros_msgs/cartographer_ros_msgs/msg/detail/metric__rosidl_typesupport_introspection_cpp.hpp
[2.798s] -- Up-to-date: /home/faith/Work/carto_ws/install/cartographer_ros_msgs/include/cartographer_ros_msgs/cartographer_ros_msgs/msg/detail/bagfile_progress__type_support.cpp
[2.798s] -- Up-to-date: /home/faith/Work/carto_ws/install/cartographer_ros_msgs/include/cartographer_ros_msgs/cartographer_ros_msgs/msg/detail/metric__type_support.cpp
[2.798s] -- Up-to-date: /home/faith/Work/carto_ws/install/cartographer_ros_msgs/include/cartographer_ros_msgs/cartographer_ros_msgs/msg/detail/metric_family__rosidl_typesupport_introspection_cpp.hpp
[2.798s] -- Up-to-date: /home/faith/Work/carto_ws/install/cartographer_ros_msgs/include/cartographer_ros_msgs/cartographer_ros_msgs/msg/detail/metric_label__type_support.cpp
[2.798s] -- Up-to-date: /home/faith/Work/carto_ws/install/cartographer_ros_msgs/include/cartographer_ros_msgs/cartographer_ros_msgs/msg/detail/submap_entry__rosidl_typesupport_introspection_cpp.hpp
[2.798s] -- Up-to-date: /home/faith/Work/carto_ws/install/cartographer_ros_msgs/include/cartographer_ros_msgs/cartographer_ros_msgs/msg/detail/trajectory_states__type_support.cpp
[2.798s] -- Up-to-date: /home/faith/Work/carto_ws/install/cartographer_ros_msgs/include/cartographer_ros_msgs/cartographer_ros_msgs/msg/detail/submap_entry__type_support.cpp
[2.799s] -- Up-to-date: /home/faith/Work/carto_ws/install/cartographer_ros_msgs/include/cartographer_ros_msgs/cartographer_ros_msgs/msg/detail/landmark_entry__type_support.cpp
[2.799s] -- Up-to-date: /home/faith/Work/carto_ws/install/cartographer_ros_msgs/include/cartographer_ros_msgs/cartographer_ros_msgs/msg/detail/histogram_bucket__rosidl_typesupport_introspection_cpp.hpp
[2.799s] -- Up-to-date: /home/faith/Work/carto_ws/install/cartographer_ros_msgs/include/cartographer_ros_msgs/cartographer_ros_msgs/msg/detail/status_code__type_support.cpp
[2.799s] -- Up-to-date: /home/faith/Work/carto_ws/install/cartographer_ros_msgs/include/cartographer_ros_msgs/cartographer_ros_msgs/msg/detail/landmark_list__rosidl_typesupport_introspection_cpp.hpp
[2.799s] -- Up-to-date: /home/faith/Work/carto_ws/install/cartographer_ros_msgs/include/cartographer_ros_msgs/cartographer_ros_msgs/msg/detail/status_code__rosidl_typesupport_introspection_cpp.hpp
[2.799s] -- Up-to-date: /home/faith/Work/carto_ws/install/cartographer_ros_msgs/include/cartographer_ros_msgs/cartographer_ros_msgs/msg/detail/landmark_list__type_support.cpp
[2.799s] -- Up-to-date: /home/faith/Work/carto_ws/install/cartographer_ros_msgs/include/cartographer_ros_msgs/cartographer_ros_msgs/msg/detail/submap_list__type_support.cpp
[2.799s] -- Up-to-date: /home/faith/Work/carto_ws/install/cartographer_ros_msgs/include/cartographer_ros_msgs/cartographer_ros_msgs/msg/detail/metric_label__rosidl_typesupport_introspection_cpp.hpp
[2.799s] -- Up-to-date: /home/faith/Work/carto_ws/install/cartographer_ros_msgs/include/cartographer_ros_msgs/cartographer_ros_msgs/msg/detail/trajectory_states__rosidl_typesupport_introspection_cpp.hpp
[2.799s] -- Up-to-date: /home/faith/Work/carto_ws/install/cartographer_ros_msgs/include/cartographer_ros_msgs/cartographer_ros_msgs/msg/detail/status_response__type_support.cpp
[2.799s] -- Up-to-date: /home/faith/Work/carto_ws/install/cartographer_ros_msgs/include/cartographer_ros_msgs/cartographer_ros_msgs/msg/detail/bagfile_progress__rosidl_typesupport_introspection_cpp.hpp
[2.799s] -- Up-to-date: /home/faith/Work/carto_ws/install/cartographer_ros_msgs/include/cartographer_ros_msgs/cartographer_ros_msgs/msg/detail/status_response__rosidl_typesupport_introspection_cpp.hpp
[2.800s] -- Up-to-date: /home/faith/Work/carto_ws/install/cartographer_ros_msgs/include/cartographer_ros_msgs/cartographer_ros_msgs/msg/detail/submap_texture__rosidl_typesupport_introspection_cpp.hpp
[2.800s] -- Up-to-date: /home/faith/Work/carto_ws/install/cartographer_ros_msgs/include/cartographer_ros_msgs/cartographer_ros_msgs/msg/detail/submap_list__rosidl_typesupport_introspection_cpp.hpp
[2.800s] -- Up-to-date: /home/faith/Work/carto_ws/install/cartographer_ros_msgs/lib/libcartographer_ros_msgs__rosidl_typesupport_introspection_cpp.so
[2.800s] -- Up-to-date: /home/faith/Work/carto_ws/install/cartographer_ros_msgs/lib/libcartographer_ros_msgs__rosidl_typesupport_cpp.so
[2.800s] -- Up-to-date: /home/faith/Work/carto_ws/install/cartographer_ros_msgs/share/cartographer_ros_msgs/environment/pythonpath.sh
[2.800s] -- Up-to-date: /home/faith/Work/carto_ws/install/cartographer_ros_msgs/share/cartographer_ros_msgs/environment/pythonpath.dsv
[2.800s] -- Up-to-date: /home/faith/Work/carto_ws/install/cartographer_ros_msgs/local/lib/python3.10/dist-packages/cartographer_ros_msgs-2.0.9001-py3.10.egg-info
[2.800s] -- Installing: /home/faith/Work/carto_ws/install/cartographer_ros_msgs/local/lib/python3.10/dist-packages/cartographer_ros_msgs-2.0.9001-py3.10.egg-info/SOURCES.txt
[2.800s] -- Installing: /home/faith/Work/carto_ws/install/cartographer_ros_msgs/local/lib/python3.10/dist-packages/cartographer_ros_msgs-2.0.9001-py3.10.egg-info/PKG-INFO
[2.800s] -- Installing: /home/faith/Work/carto_ws/install/cartographer_ros_msgs/local/lib/python3.10/dist-packages/cartographer_ros_msgs-2.0.9001-py3.10.egg-info/top_level.txt
[2.800s] -- Installing: /home/faith/Work/carto_ws/install/cartographer_ros_msgs/local/lib/python3.10/dist-packages/cartographer_ros_msgs-2.0.9001-py3.10.egg-info/dependency_links.txt
[2.801s] -- Up-to-date: /home/faith/Work/carto_ws/install/cartographer_ros_msgs/local/lib/python3.10/dist-packages/cartographer_ros_msgs
[2.801s] -- Up-to-date: /home/faith/Work/carto_ws/install/cartographer_ros_msgs/local/lib/python3.10/dist-packages/cartographer_ros_msgs/_cartographer_ros_msgs_s.ep.rosidl_typesupport_introspection_c.c
[2.801s] -- Up-to-date: /home/faith/Work/carto_ws/install/cartographer_ros_msgs/local/lib/python3.10/dist-packages/cartographer_ros_msgs/_cartographer_ros_msgs_s.ep.rosidl_typesupport_c.c
[2.801s] -- Up-to-date: /home/faith/Work/carto_ws/install/cartographer_ros_msgs/local/lib/python3.10/dist-packages/cartographer_ros_msgs/srv
[2.801s] -- Up-to-date: /home/faith/Work/carto_ws/install/cartographer_ros_msgs/local/lib/python3.10/dist-packages/cartographer_ros_msgs/srv/_get_trajectory_states_s.c
[2.801s] -- Up-to-date: /home/faith/Work/carto_ws/install/cartographer_ros_msgs/local/lib/python3.10/dist-packages/cartographer_ros_msgs/srv/_read_metrics.py
[2.801s] -- Up-to-date: /home/faith/Work/carto_ws/install/cartographer_ros_msgs/local/lib/python3.10/dist-packages/cartographer_ros_msgs/srv/_finish_trajectory.py
[2.801s] -- Up-to-date: /home/faith/Work/carto_ws/install/cartographer_ros_msgs/local/lib/python3.10/dist-packages/cartographer_ros_msgs/srv/_submap_query_s.c
[2.801s] -- Up-to-date: /home/faith/Work/carto_ws/install/cartographer_ros_msgs/local/lib/python3.10/dist-packages/cartographer_ros_msgs/srv/_start_trajectory.py
[2.801s] -- Up-to-date: /home/faith/Work/carto_ws/install/cartographer_ros_msgs/local/lib/python3.10/dist-packages/cartographer_ros_msgs/srv/_start_trajectory_s.c
[2.801s] -- Up-to-date: /home/faith/Work/carto_ws/install/cartographer_ros_msgs/local/lib/python3.10/dist-packages/cartographer_ros_msgs/srv/_read_metrics_s.c
[2.801s] -- Up-to-date: /home/faith/Work/carto_ws/install/cartographer_ros_msgs/local/lib/python3.10/dist-packages/cartographer_ros_msgs/srv/_get_trajectory_states.py
[2.802s] -- Up-to-date: /home/faith/Work/carto_ws/install/cartographer_ros_msgs/local/lib/python3.10/dist-packages/cartographer_ros_msgs/srv/_trajectory_query.py
[2.802s] -- Up-to-date: /home/faith/Work/carto_ws/install/cartographer_ros_msgs/local/lib/python3.10/dist-packages/cartographer_ros_msgs/srv/__init__.py
[2.802s] -- Up-to-date: /home/faith/Work/carto_ws/install/cartographer_ros_msgs/local/lib/python3.10/dist-packages/cartographer_ros_msgs/srv/_trajectory_query_s.c
[2.802s] -- Up-to-date: /home/faith/Work/carto_ws/install/cartographer_ros_msgs/local/lib/python3.10/dist-packages/cartographer_ros_msgs/srv/_write_state_s.c
[2.802s] -- Up-to-date: /home/faith/Work/carto_ws/install/cartographer_ros_msgs/local/lib/python3.10/dist-packages/cartographer_ros_msgs/srv/_submap_query.py
[2.802s] -- Up-to-date: /home/faith/Work/carto_ws/install/cartographer_ros_msgs/local/lib/python3.10/dist-packages/cartographer_ros_msgs/srv/_finish_trajectory_s.c
[2.802s] -- Up-to-date: /home/faith/Work/carto_ws/install/cartographer_ros_msgs/local/lib/python3.10/dist-packages/cartographer_ros_msgs/srv/_write_state.py
[2.802s] -- Up-to-date: /home/faith/Work/carto_ws/install/cartographer_ros_msgs/local/lib/python3.10/dist-packages/cartographer_ros_msgs/cartographer_ros_msgs_s__rosidl_typesupport_fastrtps_c.cpython-310-aarch64-linux-gnu.so
[2.802s] -- Up-to-date: /home/faith/Work/carto_ws/install/cartographer_ros_msgs/local/lib/python3.10/dist-packages/cartographer_ros_msgs/libcartographer_ros_msgs__rosidl_generator_py.so
[2.802s] -- Up-to-date: /home/faith/Work/carto_ws/install/cartographer_ros_msgs/local/lib/python3.10/dist-packages/cartographer_ros_msgs/msg
[2.802s] -- Up-to-date: /home/faith/Work/carto_ws/install/cartographer_ros_msgs/local/lib/python3.10/dist-packages/cartographer_ros_msgs/msg/_status_code.py
[2.802s] -- Up-to-date: /home/faith/Work/carto_ws/install/cartographer_ros_msgs/local/lib/python3.10/dist-packages/cartographer_ros_msgs/msg/_histogram_bucket.py
[2.803s] -- Up-to-date: /home/faith/Work/carto_ws/install/cartographer_ros_msgs/local/lib/python3.10/dist-packages/cartographer_ros_msgs/msg/_landmark_entry_s.c
[2.803s] -- Up-to-date: /home/faith/Work/carto_ws/install/cartographer_ros_msgs/local/lib/python3.10/dist-packages/cartographer_ros_msgs/msg/_status_code_s.c
[2.803s] -- Up-to-date: /home/faith/Work/carto_ws/install/cartographer_ros_msgs/local/lib/python3.10/dist-packages/cartographer_ros_msgs/msg/_trajectory_states.py
[2.803s] -- Up-to-date: /home/faith/Work/carto_ws/install/cartographer_ros_msgs/local/lib/python3.10/dist-packages/cartographer_ros_msgs/msg/_status_response.py
[2.803s] -- Up-to-date: /home/faith/Work/carto_ws/install/cartographer_ros_msgs/local/lib/python3.10/dist-packages/cartographer_ros_msgs/msg/_metric_label.py
[2.803s] -- Up-to-date: /home/faith/Work/carto_ws/install/cartographer_ros_msgs/local/lib/python3.10/dist-packages/cartographer_ros_msgs/msg/_status_response_s.c
[2.803s] -- Up-to-date: /home/faith/Work/carto_ws/install/cartographer_ros_msgs/local/lib/python3.10/dist-packages/cartographer_ros_msgs/msg/_trajectory_states_s.c
[2.803s] -- Up-to-date: /home/faith/Work/carto_ws/install/cartographer_ros_msgs/local/lib/python3.10/dist-packages/cartographer_ros_msgs/msg/_landmark_entry.py
[2.803s] -- Up-to-date: /home/faith/Work/carto_ws/install/cartographer_ros_msgs/local/lib/python3.10/dist-packages/cartographer_ros_msgs/msg/_submap_list_s.c
[2.803s] -- Up-to-date: /home/faith/Work/carto_ws/install/cartographer_ros_msgs/local/lib/python3.10/dist-packages/cartographer_ros_msgs/msg/_submap_texture_s.c
[2.803s] -- Up-to-date: /home/faith/Work/carto_ws/install/cartographer_ros_msgs/local/lib/python3.10/dist-packages/cartographer_ros_msgs/msg/_submap_texture.py
[2.803s] -- Up-to-date: /home/faith/Work/carto_ws/install/cartographer_ros_msgs/local/lib/python3.10/dist-packages/cartographer_ros_msgs/msg/_landmark_list.py
[2.803s] -- Up-to-date: /home/faith/Work/carto_ws/install/cartographer_ros_msgs/local/lib/python3.10/dist-packages/cartographer_ros_msgs/msg/_bagfile_progress.py
[2.803s] -- Up-to-date: /home/faith/Work/carto_ws/install/cartographer_ros_msgs/local/lib/python3.10/dist-packages/cartographer_ros_msgs/msg/_metric_label_s.c
[2.803s] -- Up-to-date: /home/faith/Work/carto_ws/install/cartographer_ros_msgs/local/lib/python3.10/dist-packages/cartographer_ros_msgs/msg/_metric_family.py
[2.804s] -- Up-to-date: /home/faith/Work/carto_ws/install/cartographer_ros_msgs/local/lib/python3.10/dist-packages/cartographer_ros_msgs/msg/_landmark_list_s.c
[2.804s] -- Up-to-date: /home/faith/Work/carto_ws/install/cartographer_ros_msgs/local/lib/python3.10/dist-packages/cartographer_ros_msgs/msg/_metric_family_s.c
[2.804s] -- Up-to-date: /home/faith/Work/carto_ws/install/cartographer_ros_msgs/local/lib/python3.10/dist-packages/cartographer_ros_msgs/msg/__init__.py
[2.804s] -- Up-to-date: /home/faith/Work/carto_ws/install/cartographer_ros_msgs/local/lib/python3.10/dist-packages/cartographer_ros_msgs/msg/_submap_entry.py
[2.804s] -- Up-to-date: /home/faith/Work/carto_ws/install/cartographer_ros_msgs/local/lib/python3.10/dist-packages/cartographer_ros_msgs/msg/_submap_entry_s.c
[2.804s] -- Up-to-date: /home/faith/Work/carto_ws/install/cartographer_ros_msgs/local/lib/python3.10/dist-packages/cartographer_ros_msgs/msg/_bagfile_progress_s.c
[2.804s] -- Up-to-date: /home/faith/Work/carto_ws/install/cartographer_ros_msgs/local/lib/python3.10/dist-packages/cartographer_ros_msgs/msg/_submap_list.py
[2.804s] -- Up-to-date: /home/faith/Work/carto_ws/install/cartographer_ros_msgs/local/lib/python3.10/dist-packages/cartographer_ros_msgs/msg/_metric_s.c
[2.804s] -- Up-to-date: /home/faith/Work/carto_ws/install/cartographer_ros_msgs/local/lib/python3.10/dist-packages/cartographer_ros_msgs/msg/_histogram_bucket_s.c
[2.804s] -- Up-to-date: /home/faith/Work/carto_ws/install/cartographer_ros_msgs/local/lib/python3.10/dist-packages/cartographer_ros_msgs/msg/_metric.py
[2.804s] -- Up-to-date: /home/faith/Work/carto_ws/install/cartographer_ros_msgs/local/lib/python3.10/dist-packages/cartographer_ros_msgs/__init__.py
[2.804s] -- Up-to-date: /home/faith/Work/carto_ws/install/cartographer_ros_msgs/local/lib/python3.10/dist-packages/cartographer_ros_msgs/_cartographer_ros_msgs_s.ep.rosidl_typesupport_fastrtps_c.c
[2.804s] -- Up-to-date: /home/faith/Work/carto_ws/install/cartographer_ros_msgs/local/lib/python3.10/dist-packages/cartographer_ros_msgs/cartographer_ros_msgs_s__rosidl_typesupport_c.cpython-310-aarch64-linux-gnu.so
[2.804s] -- Up-to-date: /home/faith/Work/carto_ws/install/cartographer_ros_msgs/local/lib/python3.10/dist-packages/cartographer_ros_msgs/cartographer_ros_msgs_s__rosidl_typesupport_introspection_c.cpython-310-aarch64-linux-gnu.so
[2.805s] Listing '/home/faith/Work/carto_ws/install/cartographer_ros_msgs/local/lib/python3.10/dist-packages/cartographer_ros_msgs'...
[2.805s] Listing '/home/faith/Work/carto_ws/install/cartographer_ros_msgs/local/lib/python3.10/dist-packages/cartographer_ros_msgs/msg'...
[2.806s] Listing '/home/faith/Work/carto_ws/install/cartographer_ros_msgs/local/lib/python3.10/dist-packages/cartographer_ros_msgs/srv'...
[2.806s] -- Up-to-date: /home/faith/Work/carto_ws/install/cartographer_ros_msgs/local/lib/python3.10/dist-packages/cartographer_ros_msgs/cartographer_ros_msgs_s__rosidl_typesupport_fastrtps_c.cpython-310-aarch64-linux-gnu.so
[2.806s] -- Up-to-date: /home/faith/Work/carto_ws/install/cartographer_ros_msgs/local/lib/python3.10/dist-packages/cartographer_ros_msgs/cartographer_ros_msgs_s__rosidl_typesupport_introspection_c.cpython-310-aarch64-linux-gnu.so
[2.806s] -- Up-to-date: /home/faith/Work/carto_ws/install/cartographer_ros_msgs/local/lib/python3.10/dist-packages/cartographer_ros_msgs/cartographer_ros_msgs_s__rosidl_typesupport_c.cpython-310-aarch64-linux-gnu.so
[2.806s] -- Up-to-date: /home/faith/Work/carto_ws/install/cartographer_ros_msgs/lib/libcartographer_ros_msgs__rosidl_generator_py.so
[2.806s] -- Up-to-date: /home/faith/Work/carto_ws/install/cartographer_ros_msgs/share/cartographer_ros_msgs/msg/BagfileProgress.idl
[2.806s] -- Up-to-date: /home/faith/Work/carto_ws/install/cartographer_ros_msgs/share/cartographer_ros_msgs/msg/HistogramBucket.idl
[2.806s] -- Up-to-date: /home/faith/Work/carto_ws/install/cartographer_ros_msgs/share/cartographer_ros_msgs/msg/LandmarkEntry.idl
[2.806s] -- Up-to-date: /home/faith/Work/carto_ws/install/cartographer_ros_msgs/share/cartographer_ros_msgs/msg/LandmarkList.idl
[2.806s] -- Up-to-date: /home/faith/Work/carto_ws/install/cartographer_ros_msgs/share/cartographer_ros_msgs/msg/MetricFamily.idl
[2.806s] -- Up-to-date: /home/faith/Work/carto_ws/install/cartographer_ros_msgs/share/cartographer_ros_msgs/msg/MetricLabel.idl
[2.806s] -- Up-to-date: /home/faith/Work/carto_ws/install/cartographer_ros_msgs/share/cartographer_ros_msgs/msg/Metric.idl
[2.806s] -- Up-to-date: /home/faith/Work/carto_ws/install/cartographer_ros_msgs/share/cartographer_ros_msgs/msg/StatusCode.idl
[2.806s] -- Up-to-date: /home/faith/Work/carto_ws/install/cartographer_ros_msgs/share/cartographer_ros_msgs/msg/StatusResponse.idl
[2.807s] -- Up-to-date: /home/faith/Work/carto_ws/install/cartographer_ros_msgs/share/cartographer_ros_msgs/msg/SubmapEntry.idl
[2.807s] -- Up-to-date: /home/faith/Work/carto_ws/install/cartographer_ros_msgs/share/cartographer_ros_msgs/msg/SubmapList.idl
[2.807s] -- Up-to-date: /home/faith/Work/carto_ws/install/cartographer_ros_msgs/share/cartographer_ros_msgs/msg/SubmapTexture.idl
[2.807s] -- Up-to-date: /home/faith/Work/carto_ws/install/cartographer_ros_msgs/share/cartographer_ros_msgs/msg/TrajectoryStates.idl
[2.807s] -- Up-to-date: /home/faith/Work/carto_ws/install/cartographer_ros_msgs/share/cartographer_ros_msgs/srv/FinishTrajectory.idl
[2.807s] -- Up-to-date: /home/faith/Work/carto_ws/install/cartographer_ros_msgs/share/cartographer_ros_msgs/srv/GetTrajectoryStates.idl
[2.807s] -- Up-to-date: /home/faith/Work/carto_ws/install/cartographer_ros_msgs/share/cartographer_ros_msgs/srv/ReadMetrics.idl
[2.807s] -- Up-to-date: /home/faith/Work/carto_ws/install/cartographer_ros_msgs/share/cartographer_ros_msgs/srv/StartTrajectory.idl
[2.807s] -- Up-to-date: /home/faith/Work/carto_ws/install/cartographer_ros_msgs/share/cartographer_ros_msgs/srv/TrajectoryQuery.idl
[2.807s] -- Up-to-date: /home/faith/Work/carto_ws/install/cartographer_ros_msgs/share/cartographer_ros_msgs/srv/SubmapQuery.idl
[2.807s] -- Up-to-date: /home/faith/Work/carto_ws/install/cartographer_ros_msgs/share/cartographer_ros_msgs/srv/WriteState.idl
[2.807s] -- Up-to-date: /home/faith/Work/carto_ws/install/cartographer_ros_msgs/share/cartographer_ros_msgs/msg/BagfileProgress.msg
[2.807s] -- Up-to-date: /home/faith/Work/carto_ws/install/cartographer_ros_msgs/share/cartographer_ros_msgs/msg/HistogramBucket.msg
[2.808s] -- Up-to-date: /home/faith/Work/carto_ws/install/cartographer_ros_msgs/share/cartographer_ros_msgs/msg/LandmarkEntry.msg
[2.808s] -- Up-to-date: /home/faith/Work/carto_ws/install/cartographer_ros_msgs/share/cartographer_ros_msgs/msg/LandmarkList.msg
[2.808s] -- Up-to-date: /home/faith/Work/carto_ws/install/cartographer_ros_msgs/share/cartographer_ros_msgs/msg/MetricFamily.msg
[2.808s] -- Up-to-date: /home/faith/Work/carto_ws/install/cartographer_ros_msgs/share/cartographer_ros_msgs/msg/MetricLabel.msg
[2.808s] -- Up-to-date: /home/faith/Work/carto_ws/install/cartographer_ros_msgs/share/cartographer_ros_msgs/msg/Metric.msg
[2.808s] -- Up-to-date: /home/faith/Work/carto_ws/install/cartographer_ros_msgs/share/cartographer_ros_msgs/msg/StatusCode.msg
[2.808s] -- Up-to-date: /home/faith/Work/carto_ws/install/cartographer_ros_msgs/share/cartographer_ros_msgs/msg/StatusResponse.msg
[2.808s] -- Up-to-date: /home/faith/Work/carto_ws/install/cartographer_ros_msgs/share/cartographer_ros_msgs/msg/SubmapEntry.msg
[2.808s] -- Up-to-date: /home/faith/Work/carto_ws/install/cartographer_ros_msgs/share/cartographer_ros_msgs/msg/SubmapList.msg
[2.808s] -- Up-to-date: /home/faith/Work/carto_ws/install/cartographer_ros_msgs/share/cartographer_ros_msgs/msg/SubmapTexture.msg
[2.808s] -- Up-to-date: /home/faith/Work/carto_ws/install/cartographer_ros_msgs/share/cartographer_ros_msgs/msg/TrajectoryStates.msg
[2.808s] -- Up-to-date: /home/faith/Work/carto_ws/install/cartographer_ros_msgs/share/cartographer_ros_msgs/srv/FinishTrajectory.srv
[2.808s] -- Up-to-date: /home/faith/Work/carto_ws/install/cartographer_ros_msgs/share/cartographer_ros_msgs/srv/FinishTrajectory_Request.msg
[2.808s] -- Up-to-date: /home/faith/Work/carto_ws/install/cartographer_ros_msgs/share/cartographer_ros_msgs/srv/FinishTrajectory_Response.msg
[2.809s] -- Up-to-date: /home/faith/Work/carto_ws/install/cartographer_ros_msgs/share/cartographer_ros_msgs/srv/GetTrajectoryStates.srv
[2.809s] -- Up-to-date: /home/faith/Work/carto_ws/install/cartographer_ros_msgs/share/cartographer_ros_msgs/srv/GetTrajectoryStates_Request.msg
[2.809s] -- Up-to-date: /home/faith/Work/carto_ws/install/cartographer_ros_msgs/share/cartographer_ros_msgs/srv/GetTrajectoryStates_Response.msg
[2.809s] -- Up-to-date: /home/faith/Work/carto_ws/install/cartographer_ros_msgs/share/cartographer_ros_msgs/srv/ReadMetrics.srv
[2.809s] -- Up-to-date: /home/faith/Work/carto_ws/install/cartographer_ros_msgs/share/cartographer_ros_msgs/srv/ReadMetrics_Request.msg
[2.809s] -- Up-to-date: /home/faith/Work/carto_ws/install/cartographer_ros_msgs/share/cartographer_ros_msgs/srv/ReadMetrics_Response.msg
[2.809s] -- Up-to-date: /home/faith/Work/carto_ws/install/cartographer_ros_msgs/share/cartographer_ros_msgs/srv/StartTrajectory.srv
[2.809s] -- Up-to-date: /home/faith/Work/carto_ws/install/cartographer_ros_msgs/share/cartographer_ros_msgs/srv/StartTrajectory_Request.msg
[2.809s] -- Up-to-date: /home/faith/Work/carto_ws/install/cartographer_ros_msgs/share/cartographer_ros_msgs/srv/StartTrajectory_Response.msg
[2.809s] -- Up-to-date: /home/faith/Work/carto_ws/install/cartographer_ros_msgs/share/cartographer_ros_msgs/srv/TrajectoryQuery.srv
[2.809s] -- Up-to-date: /home/faith/Work/carto_ws/install/cartographer_ros_msgs/share/cartographer_ros_msgs/srv/TrajectoryQuery_Request.msg
[2.809s] -- Up-to-date: /home/faith/Work/carto_ws/install/cartographer_ros_msgs/share/cartographer_ros_msgs/srv/TrajectoryQuery_Response.msg
[2.809s] -- Up-to-date: /home/faith/Work/carto_ws/install/cartographer_ros_msgs/share/cartographer_ros_msgs/srv/SubmapQuery.srv
[2.809s] -- Up-to-date: /home/faith/Work/carto_ws/install/cartographer_ros_msgs/share/cartographer_ros_msgs/srv/SubmapQuery_Request.msg
[2.809s] -- Up-to-date: /home/faith/Work/carto_ws/install/cartographer_ros_msgs/share/cartographer_ros_msgs/srv/SubmapQuery_Response.msg
[2.810s] -- Up-to-date: /home/faith/Work/carto_ws/install/cartographer_ros_msgs/share/cartographer_ros_msgs/srv/WriteState.srv
[2.810s] -- Up-to-date: /home/faith/Work/carto_ws/install/cartographer_ros_msgs/share/cartographer_ros_msgs/srv/WriteState_Request.msg
[2.810s] -- Up-to-date: /home/faith/Work/carto_ws/install/cartographer_ros_msgs/share/cartographer_ros_msgs/srv/WriteState_Response.msg
[2.810s] -- Up-to-date: /home/faith/Work/carto_ws/install/cartographer_ros_msgs/share/ament_index/resource_index/package_run_dependencies/cartographer_ros_msgs
[2.810s] -- Up-to-date: /home/faith/Work/carto_ws/install/cartographer_ros_msgs/share/ament_index/resource_index/parent_prefix_path/cartographer_ros_msgs
[2.810s] -- Up-to-date: /home/faith/Work/carto_ws/install/cartographer_ros_msgs/share/cartographer_ros_msgs/environment/ament_prefix_path.sh
[2.810s] -- Up-to-date: /home/faith/Work/carto_ws/install/cartographer_ros_msgs/share/cartographer_ros_msgs/environment/ament_prefix_path.dsv
[2.810s] -- Up-to-date: /home/faith/Work/carto_ws/install/cartographer_ros_msgs/share/cartographer_ros_msgs/environment/path.sh
[2.810s] -- Up-to-date: /home/faith/Work/carto_ws/install/cartographer_ros_msgs/share/cartographer_ros_msgs/environment/path.dsv
[2.810s] -- Up-to-date: /home/faith/Work/carto_ws/install/cartographer_ros_msgs/share/cartographer_ros_msgs/local_setup.bash
[2.810s] -- Up-to-date: /home/faith/Work/carto_ws/install/cartographer_ros_msgs/share/cartographer_ros_msgs/local_setup.sh
[2.810s] -- Up-to-date: /home/faith/Work/carto_ws/install/cartographer_ros_msgs/share/cartographer_ros_msgs/local_setup.zsh
[2.811s] -- Up-to-date: /home/faith/Work/carto_ws/install/cartographer_ros_msgs/share/cartographer_ros_msgs/local_setup.dsv
[2.811s] -- Installing: /home/faith/Work/carto_ws/install/cartographer_ros_msgs/share/cartographer_ros_msgs/package.dsv
[2.811s] -- Up-to-date: /home/faith/Work/carto_ws/install/cartographer_ros_msgs/share/ament_index/resource_index/packages/cartographer_ros_msgs
[2.811s] -- Up-to-date: /home/faith/Work/carto_ws/install/cartographer_ros_msgs/share/cartographer_ros_msgs/cmake/export_cartographer_ros_msgs__rosidl_generator_cExport.cmake
[2.811s] -- Up-to-date: /home/faith/Work/carto_ws/install/cartographer_ros_msgs/share/cartographer_ros_msgs/cmake/export_cartographer_ros_msgs__rosidl_generator_cExport-release.cmake
[2.811s] -- Up-to-date: /home/faith/Work/carto_ws/install/cartographer_ros_msgs/share/cartographer_ros_msgs/cmake/export_cartographer_ros_msgs__rosidl_typesupport_fastrtps_cExport.cmake
[2.811s] -- Up-to-date: /home/faith/Work/carto_ws/install/cartographer_ros_msgs/share/cartographer_ros_msgs/cmake/export_cartographer_ros_msgs__rosidl_typesupport_fastrtps_cExport-release.cmake
[2.811s] -- Up-to-date: /home/faith/Work/carto_ws/install/cartographer_ros_msgs/share/cartographer_ros_msgs/cmake/cartographer_ros_msgs__rosidl_typesupport_introspection_cExport.cmake
[2.811s] -- Up-to-date: /home/faith/Work/carto_ws/install/cartographer_ros_msgs/share/cartographer_ros_msgs/cmake/cartographer_ros_msgs__rosidl_typesupport_introspection_cExport-release.cmake
[2.811s] -- Up-to-date: /home/faith/Work/carto_ws/install/cartographer_ros_msgs/share/cartographer_ros_msgs/cmake/cartographer_ros_msgs__rosidl_typesupport_cExport.cmake
[2.811s] -- Up-to-date: /home/faith/Work/carto_ws/install/cartographer_ros_msgs/share/cartographer_ros_msgs/cmake/cartographer_ros_msgs__rosidl_typesupport_cExport-release.cmake
[2.811s] -- Up-to-date: /home/faith/Work/carto_ws/install/cartographer_ros_msgs/share/cartographer_ros_msgs/cmake/export_cartographer_ros_msgs__rosidl_generator_cppExport.cmake
[2.811s] -- Up-to-date: /home/faith/Work/carto_ws/install/cartographer_ros_msgs/share/cartographer_ros_msgs/cmake/export_cartographer_ros_msgs__rosidl_typesupport_fastrtps_cppExport.cmake
[2.812s] -- Up-to-date: /home/faith/Work/carto_ws/install/cartographer_ros_msgs/share/cartographer_ros_msgs/cmake/export_cartographer_ros_msgs__rosidl_typesupport_fastrtps_cppExport-release.cmake
[2.812s] -- Up-to-date: /home/faith/Work/carto_ws/install/cartographer_ros_msgs/share/cartographer_ros_msgs/cmake/cartographer_ros_msgs__rosidl_typesupport_introspection_cppExport.cmake
[2.812s] -- Up-to-date: /home/faith/Work/carto_ws/install/cartographer_ros_msgs/share/cartographer_ros_msgs/cmake/cartographer_ros_msgs__rosidl_typesupport_introspection_cppExport-release.cmake
[2.812s] -- Up-to-date: /home/faith/Work/carto_ws/install/cartographer_ros_msgs/share/cartographer_ros_msgs/cmake/cartographer_ros_msgs__rosidl_typesupport_cppExport.cmake
[2.812s] -- Up-to-date: /home/faith/Work/carto_ws/install/cartographer_ros_msgs/share/cartographer_ros_msgs/cmake/cartographer_ros_msgs__rosidl_typesupport_cppExport-release.cmake
[2.812s] -- Up-to-date: /home/faith/Work/carto_ws/install/cartographer_ros_msgs/share/cartographer_ros_msgs/cmake/export_cartographer_ros_msgs__rosidl_generator_pyExport.cmake
[2.812s] -- Up-to-date: /home/faith/Work/carto_ws/install/cartographer_ros_msgs/share/cartographer_ros_msgs/cmake/export_cartographer_ros_msgs__rosidl_generator_pyExport-release.cmake
[2.812s] -- Up-to-date: /home/faith/Work/carto_ws/install/cartographer_ros_msgs/share/cartographer_ros_msgs/cmake/rosidl_cmake-extras.cmake
[2.812s] -- Up-to-date: /home/faith/Work/carto_ws/install/cartographer_ros_msgs/share/cartographer_ros_msgs/cmake/ament_cmake_export_dependencies-extras.cmake
[2.812s] -- Up-to-date: /home/faith/Work/carto_ws/install/cartographer_ros_msgs/share/cartographer_ros_msgs/cmake/ament_cmake_export_include_directories-extras.cmake
[2.812s] -- Up-to-date: /home/faith/Work/carto_ws/install/cartographer_ros_msgs/share/cartographer_ros_msgs/cmake/ament_cmake_export_libraries-extras.cmake
[2.812s] -- Up-to-date: /home/faith/Work/carto_ws/install/cartographer_ros_msgs/share/cartographer_ros_msgs/cmake/ament_cmake_export_targets-extras.cmake
[2.812s] -- Up-to-date: /home/faith/Work/carto_ws/install/cartographer_ros_msgs/share/cartographer_ros_msgs/cmake/rosidl_cmake_export_typesupport_targets-extras.cmake
[2.813s] -- Up-to-date: /home/faith/Work/carto_ws/install/cartographer_ros_msgs/share/cartographer_ros_msgs/cmake/rosidl_cmake_export_typesupport_libraries-extras.cmake
[2.813s] -- Up-to-date: /home/faith/Work/carto_ws/install/cartographer_ros_msgs/share/cartographer_ros_msgs/cmake/cartographer_ros_msgsConfig.cmake
[2.813s] -- Up-to-date: /home/faith/Work/carto_ws/install/cartographer_ros_msgs/share/cartographer_ros_msgs/cmake/cartographer_ros_msgsConfig-version.cmake
[2.813s] -- Up-to-date: /home/faith/Work/carto_ws/install/cartographer_ros_msgs/share/cartographer_ros_msgs/package.xml
[2.814s] Invoked command in '/home/faith/Work/carto_ws/build/cartographer_ros_msgs' returned '0': CMAKE_PREFIX_PATH=${CMAKE_PREFIX_PATH}:/home/faith/Work/carto_ws/install/fishbot_description:/opt/ros/humble /usr/bin/cmake --install /home/faith/Work/carto_ws/build/cartographer_ros_msgs
