[0.057s] Invoking command in '/home/faith/Work/carto_ws/build/cartographer': CMAKE_PREFIX_PATH=${CMAKE_PREFIX_PATH}:/home/faith/Work/carto_ws/install/fishbot_description:/opt/ros/humble /usr/bin/cmake --build /home/faith/Work/carto_ws/build/cartographer -- -j8 -l8
[0.484s] [  0%] [34m[1mBuilding documentation.[0m
[0.484s] [  1%] Built target gtest
[0.484s] [  1%] Built target cartographer_detect_changes
[0.485s] [  2%] Built target gmock
[0.488s] [  2%] Built target gmock_main
[0.679s] [ 55%] Built target cartographer
[0.772s] [ 55%] Built target cartographer_print_configuration
[0.779s] [01mRunning Sphinx v4.3.2[39;49;00m
[0.793s] [ 56%] Built target cartographer_pbstream
[0.808s] [ 57%] Built target cartographer_test_library
[0.810s] [ 57%] Built target cartographer_compute_relations_metrics
[0.818s] [ 58%] Built target cartographer_autogenerate_ground_truth
[0.915s] [ 59%] Built target cartographer.common.fixed_ratio_sampler_test
[0.919s] [ 59%] Built target cartographer.common.internal.blocking_queue_test
[0.943s] [ 61%] Built target cartographer.common.math_test
[0.943s] [ 61%] Built target cartographer.common.lua_parameter_dictionary_test
[0.943s] [ 61%] Built target cartographer.common.internal.rate_timer_test
[0.944s] [ 61%] Built target cartographer.common.task_test
[0.945s] [ 61%] Built target cartographer.common.configuration_files_test
[0.995s] [ 62%] Built target cartographer.common.thread_pool_test
[0.998s] [ 62%] Built target cartographer.io.fake_file_writer_test
[0.999s] [ 63%] Built target cartographer.io.internal.in_memory_proto_stream_test
[1.021s] [ 64%] Built target cartographer.io.points_processor_pipeline_builder_test
[1.025s] [ 65%] Built target cartographer.io.proto_stream_deserializer_test
[1.036s] [01mloading pickled environment... [39;49;00m[ 65%] Built target cartographer.io.probability_grid_points_processor_test
[1.037s] done
[1.042s] [01mbuilding [mo]: [39;49;00mtargets for 0 po files that are out of date
[1.043s] [01mbuilding [html]: [39;49;00mtargets for 0 source files that are out of date
[1.045s] [01mupdating environment: [39;49;00m0 added, 0 changed, 0 removed
[1.045s] [01mlooking for now-outdated files... [39;49;00mnone found
[1.046s] [01mno targets are out of date.[39;49;00m
[1.046s] [01mbuild succeeded.[39;49;00m
[1.046s] 
[1.047s] The HTML pages are in html.
[1.084s] [ 65%] Built target cartographer.io.proto_stream_test
[1.084s] [ 65%] Built target cartographer.mapping.2d.map_limits_test
[1.112s] [ 65%] Built target cartographer.mapping.2d.range_data_inserter_2d_test
[1.119s] [ 66%] Built target cartographer.mapping.2d.probability_grid_test
[1.137s] [ 66%] Built target cartographer.mapping.2d.xy_index_test
[1.140s] [ 67%] Built target cartographer.io.serialization_format_migration_test
[1.145s] [ 68%] Built target cartographer.mapping.2d.submap_2d_test
[1.191s] [ 68%] Built target cartographer.mapping.id_test
[1.200s] [ 68%] Built target cartographer.mapping.3d.range_data_inserter_3d_test
[1.202s] [ 69%] Built target cartographer.mapping.3d.hybrid_grid_test
[1.221s] [ 69%] Built target cartographer.mapping.internal.2d.normal_estimation_2d_test
[1.223s] [ 70%] Built target cartographer.mapping.3d.submap_3d_test
[1.242s] [ 71%] Built target cartographer.mapping.internal.2d.overlapping_submaps_trimmer_2d_test
[1.269s] [ 72%] Built target cartographer.mapping.imu_tracker_test
[1.294s] [ 72%] Built target cartographer.mapping.internal.2d.pose_graph_2d_test
[1.301s] [ 73%] Built target build_doc
[1.301s] [ 73%] Built target cartographer.mapping.internal.2d.ray_to_pixel_mask_test
[1.330s] [ 73%] Built target cartographer.mapping.internal.2d.scan_matching.ceres_scan_matcher_2d_test
[1.333s] [ 74%] Built target cartographer.mapping.internal.2d.scan_matching.correlative_scan_matcher_test
[1.349s] [ 74%] Built target cartographer.mapping.internal.2d.scan_matching.fast_correlative_scan_matcher_2d_test
[1.351s] [ 74%] Built target cartographer.mapping.internal.2d.scan_matching.tsdf_match_cost_function_2d_test
[1.364s] [ 76%] Built target cartographer.mapping.internal.2d.tsd_value_converter_test
[1.364s] [ 76%] Built target cartographer.mapping.internal.2d.scan_matching.interpolated_tsdf_2d_test
[1.397s] [ 76%] Built target cartographer.mapping.internal.2d.scan_matching.occupied_space_cost_function_2d_test
[1.406s] [ 77%] Built target cartographer.mapping.internal.2d.tsdf_range_data_inserter_2d_test
[1.414s] [ 77%] Built target cartographer.mapping.internal.3d.local_trajectory_builder_3d_test
[1.420s] [ 78%] Built target cartographer.mapping.internal.2d.scan_matching.real_time_correlative_scan_matcher_2d_test
[1.442s] [ 78%] Built target cartographer.mapping.internal.2d.tsdf_2d_test
[1.448s] [ 79%] Built target cartographer.mapping.internal.3d.scan_matching.ceres_scan_matcher_3d_test
[1.452s] [ 79%] Built target cartographer.mapping.internal.3d.scan_matching.fast_correlative_scan_matcher_3d_test
[1.465s] [ 79%] Built target cartographer.mapping.internal.3d.scan_matching.interpolated_grid_test
[1.468s] [ 80%] Built target cartographer.mapping.internal.3d.pose_graph_3d_test
[1.474s] [ 81%] Built target cartographer.mapping.internal.3d.scan_matching.intensity_cost_function_3d_test
[1.498s] [ 82%] Built target cartographer.mapping.internal.3d.scan_matching.precomputation_grid_3d_test
[1.524s] [ 82%] Built target cartographer.mapping.internal.3d.scan_matching.rotational_scan_matcher_test
[1.532s] [ 83%] Built target cartographer.mapping.internal.constraints.constraint_builder_3d_test
[1.538s] [ 84%] Built target cartographer.mapping.internal.connected_components_test
[1.545s] [ 84%] Built target cartographer.mapping.internal.constraints.constraint_builder_2d_test
[1.545s] [ 84%] Built target cartographer.mapping.internal.motion_filter_test
[1.550s] [ 84%] Built target cartographer.mapping.internal.3d.scan_matching.real_time_correlative_scan_matcher_3d_test
[1.560s] [ 85%] Built target cartographer.mapping.internal.3d.scan_matching.rotation_delta_cost_functor_3d_test
[1.597s] [ 86%] Built target cartographer.mapping.internal.optimization.cost_functions.spa_cost_function_2d_test
[1.606s] [ 87%] Built target cartographer.mapping.internal.optimization.cost_functions.landmark_cost_function_2d_test
[1.625s] [ 87%] Built target cartographer.mapping.internal.optimization.cost_functions.landmark_cost_function_3d_test
[1.631s] [ 88%] Built target cartographer.mapping.internal.optimization.optimization_problem_3d_test
[1.631s] [ 88%] Built target cartographer.mapping.internal.range_data_collator_test
[1.647s] [ 88%] Built target cartographer.mapping.internal.trajectory_connectivity_state_test
[1.663s] [ 89%] Built target cartographer.mapping.map_builder_test
[1.668s] [ 89%] Built target cartographer.mapping.pose_extrapolator_test
[1.695s] [ 89%] Built target cartographer.mapping.value_conversion_tables_test
[1.717s] [ 90%] Built target cartographer.mapping.pose_graph_test
[1.719s] [ 91%] Built target cartographer.mapping.probability_values_test
[1.720s] [ 92%] Built target cartographer.mapping.trajectory_node_test
[1.720s] [ 92%] Built target cartographer.mapping.pose_graph_trimmer_test
[1.729s] [ 92%] Built target cartographer.mapping.submaps_test
[1.759s] [ 92%] Built target cartographer.sensor.internal.trajectory_collator_test
[1.767s] [ 93%] Built target cartographer.sensor.compressed_point_cloud_test
[1.770s] [ 94%] Built target cartographer.sensor.internal.ordered_multi_queue_test
[1.771s] [ 94%] Built target cartographer.sensor.internal.collator_test
[1.772s] [ 95%] Built target cartographer.sensor.map_by_time_test
[1.776s] [ 96%] Built target cartographer.sensor.point_cloud_test
[1.794s] [ 97%] Built target cartographer.sensor.internal.voxel_filter_test
[1.809s] [ 97%] Built target cartographer.sensor.range_data_test
[1.812s] [ 98%] Built target cartographer.transform.transform_interpolation_buffer_test
[1.814s] [ 98%] Built target cartographer.sensor.landmark_data_test
[1.825s] [100%] Built target cartographer.transform.rigid_transform_test
[1.852s] [100%] Built target cartographer.transform.timestamped_transform_test
[1.868s] [100%] Built target cartographer.transform.transform_test
[1.916s] Invoked command in '/home/faith/Work/carto_ws/build/cartographer' returned '0': CMAKE_PREFIX_PATH=${CMAKE_PREFIX_PATH}:/home/faith/Work/carto_ws/install/fishbot_description:/opt/ros/humble /usr/bin/cmake --build /home/faith/Work/carto_ws/build/cartographer -- -j8 -l8
[3.411s] Invoking command in '/home/faith/Work/carto_ws/build/cartographer': CMAKE_PREFIX_PATH=${CMAKE_PREFIX_PATH}:/home/faith/Work/carto_ws/install/fishbot_description:/opt/ros/humble /usr/bin/cmake --install /home/faith/Work/carto_ws/build/cartographer
[3.438s] -- Install configuration: "Release"
[3.439s] -- Up-to-date: /home/faith/Work/carto_ws/install/cartographer/share/cartographer/package.xml
[3.440s] -- Up-to-date: /home/faith/Work/carto_ws/install/cartographer/share/cartographer//configuration_files
[3.441s] -- Up-to-date: /home/faith/Work/carto_ws/install/cartographer/share/cartographer//configuration_files/trajectory_builder_3d.lua
[3.442s] -- Up-to-date: /home/faith/Work/carto_ws/install/cartographer/share/cartographer//configuration_files/trajectory_builder.lua
[3.443s] -- Up-to-date: /home/faith/Work/carto_ws/install/cartographer/share/cartographer//configuration_files/pose_graph.lua
[3.444s] -- Up-to-date: /home/faith/Work/carto_ws/install/cartographer/share/cartographer//configuration_files/map_builder_server.lua
[3.445s] -- Up-to-date: /home/faith/Work/carto_ws/install/cartographer/share/cartographer//configuration_files/map_builder.lua
[3.446s] -- Up-to-date: /home/faith/Work/carto_ws/install/cartographer/share/cartographer//configuration_files/trajectory_builder_2d.lua
[3.447s] -- Up-to-date: /home/faith/Work/carto_ws/install/cartographer/share/cartographer//cmake
[3.448s] -- Up-to-date: /home/faith/Work/carto_ws/install/cartographer/share/cartographer//cmake/functions.cmake
[3.448s] -- Up-to-date: /home/faith/Work/carto_ws/install/cartographer/share/cartographer//cmake/modules
[3.448s] -- Up-to-date: /home/faith/Work/carto_ws/install/cartographer/share/cartographer//cmake/modules/FindGMock.cmake
[3.449s] -- Up-to-date: /home/faith/Work/carto_ws/install/cartographer/share/cartographer//cmake/modules/FindEigen3.cmake
[3.449s] -- Up-to-date: /home/faith/Work/carto_ws/install/cartographer/share/cartographer//cmake/modules/FindLuaGoogle.cmake
[3.450s] -- Up-to-date: /home/faith/Work/carto_ws/install/cartographer/share/cartographer//cmake/modules/FindSphinx.cmake
[3.450s] -- Up-to-date: /home/faith/Work/carto_ws/install/cartographer/bin/cartographer_autogenerate_ground_truth
[3.450s] -- Up-to-date: /home/faith/Work/carto_ws/install/cartographer/bin/cartographer_compute_relations_metrics
[3.451s] -- Up-to-date: /home/faith/Work/carto_ws/install/cartographer/bin/cartographer_pbstream
[3.452s] -- Up-to-date: /home/faith/Work/carto_ws/install/cartographer/bin/cartographer_print_configuration
[3.453s] -- Up-to-date: /home/faith/Work/carto_ws/install/cartographer/lib/libcartographer.a
[3.454s] -- Up-to-date: /home/faith/Work/carto_ws/install/cartographer/include/cartographer/common/configuration_file_resolver.h
[3.455s] -- Up-to-date: /home/faith/Work/carto_ws/install/cartographer/include/cartographer/common/fixed_ratio_sampler.h
[3.457s] -- Up-to-date: /home/faith/Work/carto_ws/install/cartographer/include/cartographer/common/histogram.h
[3.459s] -- Up-to-date: /home/faith/Work/carto_ws/install/cartographer/include/cartographer/common/lua.h
[3.460s] -- Up-to-date: /home/faith/Work/carto_ws/install/cartographer/include/cartographer/common/lua_parameter_dictionary.h
[3.460s] -- Up-to-date: /home/faith/Work/carto_ws/install/cartographer/include/cartographer/common/math.h
[3.460s] -- Up-to-date: /home/faith/Work/carto_ws/install/cartographer/include/cartographer/common/port.h
[3.461s] -- Up-to-date: /home/faith/Work/carto_ws/install/cartographer/include/cartographer/common/task.h
[3.461s] -- Up-to-date: /home/faith/Work/carto_ws/install/cartographer/include/cartographer/common/thread_pool.h
[3.461s] -- Up-to-date: /home/faith/Work/carto_ws/install/cartographer/include/cartographer/common/time.h
[3.462s] -- Up-to-date: /home/faith/Work/carto_ws/install/cartographer/include/cartographer/ground_truth/autogenerate_ground_truth.h
[3.462s] -- Up-to-date: /home/faith/Work/carto_ws/install/cartographer/include/cartographer/ground_truth/relations_text_file.h
[3.462s] -- Up-to-date: /home/faith/Work/carto_ws/install/cartographer/include/cartographer/io/color.h
[3.463s] -- Up-to-date: /home/faith/Work/carto_ws/install/cartographer/include/cartographer/io/coloring_points_processor.h
[3.463s] -- Up-to-date: /home/faith/Work/carto_ws/install/cartographer/include/cartographer/io/counting_points_processor.h
[3.463s] -- Up-to-date: /home/faith/Work/carto_ws/install/cartographer/include/cartographer/io/draw_trajectories.h
[3.464s] -- Up-to-date: /home/faith/Work/carto_ws/install/cartographer/include/cartographer/io/file_writer.h
[3.464s] -- Up-to-date: /home/faith/Work/carto_ws/install/cartographer/include/cartographer/io/fixed_ratio_sampling_points_processor.h
[3.465s] -- Up-to-date: /home/faith/Work/carto_ws/install/cartographer/include/cartographer/io/frame_id_filtering_points_processor.h
[3.465s] -- Up-to-date: /home/faith/Work/carto_ws/install/cartographer/include/cartographer/io/hybrid_grid_points_processor.h
[3.465s] -- Up-to-date: /home/faith/Work/carto_ws/install/cartographer/include/cartographer/io/image.h
[3.466s] -- Up-to-date: /home/faith/Work/carto_ws/install/cartographer/include/cartographer/io/intensity_to_color_points_processor.h
[3.466s] -- Up-to-date: /home/faith/Work/carto_ws/install/cartographer/include/cartographer/io/min_max_range_filtering_points_processor.h
[3.466s] -- Up-to-date: /home/faith/Work/carto_ws/install/cartographer/include/cartographer/io/null_points_processor.h
[3.467s] -- Up-to-date: /home/faith/Work/carto_ws/install/cartographer/include/cartographer/io/outlier_removing_points_processor.h
[3.467s] -- Up-to-date: /home/faith/Work/carto_ws/install/cartographer/include/cartographer/io/pcd_writing_points_processor.h
[3.467s] -- Up-to-date: /home/faith/Work/carto_ws/install/cartographer/include/cartographer/io/ply_writing_points_processor.h
[3.468s] -- Up-to-date: /home/faith/Work/carto_ws/install/cartographer/include/cartographer/io/points_batch.h
[3.468s] -- Up-to-date: /home/faith/Work/carto_ws/install/cartographer/include/cartographer/io/points_processor.h
[3.468s] -- Up-to-date: /home/faith/Work/carto_ws/install/cartographer/include/cartographer/io/points_processor_pipeline_builder.h
[3.469s] -- Up-to-date: /home/faith/Work/carto_ws/install/cartographer/include/cartographer/io/probability_grid_points_processor.h
[3.469s] -- Up-to-date: /home/faith/Work/carto_ws/install/cartographer/include/cartographer/io/proto_stream.h
[3.469s] -- Up-to-date: /home/faith/Work/carto_ws/install/cartographer/include/cartographer/io/proto_stream_deserializer.h
[3.470s] -- Up-to-date: /home/faith/Work/carto_ws/install/cartographer/include/cartographer/io/proto_stream_interface.h
[3.470s] -- Up-to-date: /home/faith/Work/carto_ws/install/cartographer/include/cartographer/io/serialization_format_migration.h
[3.471s] -- Up-to-date: /home/faith/Work/carto_ws/install/cartographer/include/cartographer/io/submap_painter.h
[3.471s] -- Up-to-date: /home/faith/Work/carto_ws/install/cartographer/include/cartographer/io/vertical_range_filtering_points_processor.h
[3.471s] -- Up-to-date: /home/faith/Work/carto_ws/install/cartographer/include/cartographer/io/xray_points_processor.h
[3.472s] -- Up-to-date: /home/faith/Work/carto_ws/install/cartographer/include/cartographer/io/xyz_writing_points_processor.h
[3.472s] -- Up-to-date: /home/faith/Work/carto_ws/install/cartographer/include/cartographer/mapping/2d/grid_2d.h
[3.472s] -- Up-to-date: /home/faith/Work/carto_ws/install/cartographer/include/cartographer/mapping/2d/map_limits.h
[3.473s] -- Up-to-date: /home/faith/Work/carto_ws/install/cartographer/include/cartographer/mapping/2d/probability_grid.h
[3.473s] -- Up-to-date: /home/faith/Work/carto_ws/install/cartographer/include/cartographer/mapping/2d/probability_grid_range_data_inserter_2d.h
[3.473s] -- Up-to-date: /home/faith/Work/carto_ws/install/cartographer/include/cartographer/mapping/2d/submap_2d.h
[3.474s] -- Up-to-date: /home/faith/Work/carto_ws/install/cartographer/include/cartographer/mapping/2d/xy_index.h
[3.474s] -- Up-to-date: /home/faith/Work/carto_ws/install/cartographer/include/cartographer/mapping/3d/hybrid_grid.h
[3.474s] -- Up-to-date: /home/faith/Work/carto_ws/install/cartographer/include/cartographer/mapping/3d/range_data_inserter_3d.h
[3.475s] -- Up-to-date: /home/faith/Work/carto_ws/install/cartographer/include/cartographer/mapping/3d/submap_3d.h
[3.475s] -- Up-to-date: /home/faith/Work/carto_ws/install/cartographer/include/cartographer/mapping/detect_floors.h
[3.475s] -- Up-to-date: /home/faith/Work/carto_ws/install/cartographer/include/cartographer/mapping/grid_interface.h
[3.476s] -- Up-to-date: /home/faith/Work/carto_ws/install/cartographer/include/cartographer/mapping/id.h
[3.476s] -- Up-to-date: /home/faith/Work/carto_ws/install/cartographer/include/cartographer/mapping/imu_tracker.h
[3.477s] -- Up-to-date: /home/faith/Work/carto_ws/install/cartographer/include/cartographer/mapping/map_builder.h
[3.477s] -- Up-to-date: /home/faith/Work/carto_ws/install/cartographer/include/cartographer/mapping/map_builder_interface.h
[3.477s] -- Up-to-date: /home/faith/Work/carto_ws/install/cartographer/include/cartographer/mapping/pose_extrapolator.h
[3.478s] -- Up-to-date: /home/faith/Work/carto_ws/install/cartographer/include/cartographer/mapping/pose_extrapolator_interface.h
[3.478s] -- Up-to-date: /home/faith/Work/carto_ws/install/cartographer/include/cartographer/mapping/pose_graph.h
[3.478s] -- Up-to-date: /home/faith/Work/carto_ws/install/cartographer/include/cartographer/mapping/pose_graph_interface.h
[3.479s] -- Up-to-date: /home/faith/Work/carto_ws/install/cartographer/include/cartographer/mapping/pose_graph_trimmer.h
[3.479s] -- Up-to-date: /home/faith/Work/carto_ws/install/cartographer/include/cartographer/mapping/probability_values.h
[3.479s] -- Up-to-date: /home/faith/Work/carto_ws/install/cartographer/include/cartographer/mapping/range_data_inserter_interface.h
[3.480s] -- Up-to-date: /home/faith/Work/carto_ws/install/cartographer/include/cartographer/mapping/submaps.h
[3.480s] -- Up-to-date: /home/faith/Work/carto_ws/install/cartographer/include/cartographer/mapping/trajectory_builder_interface.h
[3.480s] -- Up-to-date: /home/faith/Work/carto_ws/install/cartographer/include/cartographer/mapping/trajectory_node.h
[3.481s] -- Up-to-date: /home/faith/Work/carto_ws/install/cartographer/include/cartographer/mapping/value_conversion_tables.h
[3.481s] -- Up-to-date: /home/faith/Work/carto_ws/install/cartographer/include/cartographer/metrics/counter.h
[3.481s] -- Up-to-date: /home/faith/Work/carto_ws/install/cartographer/include/cartographer/metrics/family_factory.h
[3.482s] -- Up-to-date: /home/faith/Work/carto_ws/install/cartographer/include/cartographer/metrics/gauge.h
[3.482s] -- Up-to-date: /home/faith/Work/carto_ws/install/cartographer/include/cartographer/metrics/histogram.h
[3.483s] -- Up-to-date: /home/faith/Work/carto_ws/install/cartographer/include/cartographer/metrics/register.h
[3.483s] -- Up-to-date: /home/faith/Work/carto_ws/install/cartographer/include/cartographer/sensor/collator_interface.h
[3.483s] -- Up-to-date: /home/faith/Work/carto_ws/install/cartographer/include/cartographer/sensor/compressed_point_cloud.h
[3.484s] -- Up-to-date: /home/faith/Work/carto_ws/install/cartographer/include/cartographer/sensor/data.h
[3.484s] -- Up-to-date: /home/faith/Work/carto_ws/install/cartographer/include/cartographer/sensor/fixed_frame_pose_data.h
[3.484s] -- Up-to-date: /home/faith/Work/carto_ws/install/cartographer/include/cartographer/sensor/imu_data.h
[3.485s] -- Up-to-date: /home/faith/Work/carto_ws/install/cartographer/include/cartographer/sensor/landmark_data.h
[3.485s] -- Up-to-date: /home/faith/Work/carto_ws/install/cartographer/include/cartographer/sensor/map_by_time.h
[3.485s] -- Up-to-date: /home/faith/Work/carto_ws/install/cartographer/include/cartographer/sensor/odometry_data.h
[3.486s] -- Up-to-date: /home/faith/Work/carto_ws/install/cartographer/include/cartographer/sensor/point_cloud.h
[3.486s] -- Up-to-date: /home/faith/Work/carto_ws/install/cartographer/include/cartographer/sensor/range_data.h
[3.486s] -- Up-to-date: /home/faith/Work/carto_ws/install/cartographer/include/cartographer/sensor/rangefinder_point.h
[3.487s] -- Up-to-date: /home/faith/Work/carto_ws/install/cartographer/include/cartographer/sensor/timed_point_cloud_data.h
[3.487s] -- Up-to-date: /home/faith/Work/carto_ws/install/cartographer/include/cartographer/transform/rigid_transform.h
[3.488s] -- Up-to-date: /home/faith/Work/carto_ws/install/cartographer/include/cartographer/transform/timestamped_transform.h
[3.488s] -- Up-to-date: /home/faith/Work/carto_ws/install/cartographer/include/cartographer/transform/transform.h
[3.488s] -- Up-to-date: /home/faith/Work/carto_ws/install/cartographer/include/cartographer/transform/transform_interpolation_buffer.h
[3.489s] -- Up-to-date: /home/faith/Work/carto_ws/install/cartographer/include/cartographer/io/fake_file_writer.h
[3.489s] -- Up-to-date: /home/faith/Work/carto_ws/install/cartographer/include/cartographer/transform/rigid_transform_test_helpers.h
[3.489s] -- Up-to-date: /home/faith/Work/carto_ws/install/cartographer/include/cartographer/common/proto/ceres_solver_options.pb.h
[3.490s] -- Up-to-date: /home/faith/Work/carto_ws/install/cartographer/include/cartographer/ground_truth/proto/relations.pb.h
[3.490s] -- Up-to-date: /home/faith/Work/carto_ws/install/cartographer/include/cartographer/mapping/proto/cell_limits_2d.pb.h
[3.490s] -- Up-to-date: /home/faith/Work/carto_ws/install/cartographer/include/cartographer/mapping/proto/connected_components.pb.h
[3.491s] -- Up-to-date: /home/faith/Work/carto_ws/install/cartographer/include/cartographer/mapping/proto/grid_2d.pb.h
[3.491s] -- Up-to-date: /home/faith/Work/carto_ws/install/cartographer/include/cartographer/mapping/proto/grid_2d_options.pb.h
[3.491s] -- Up-to-date: /home/faith/Work/carto_ws/install/cartographer/include/cartographer/mapping/proto/hybrid_grid.pb.h
[3.492s] -- Up-to-date: /home/faith/Work/carto_ws/install/cartographer/include/cartographer/mapping/proto/local_trajectory_builder_options_2d.pb.h
[3.492s] -- Up-to-date: /home/faith/Work/carto_ws/install/cartographer/include/cartographer/mapping/proto/local_trajectory_builder_options_3d.pb.h
[3.493s] -- Up-to-date: /home/faith/Work/carto_ws/install/cartographer/include/cartographer/mapping/proto/map_builder_options.pb.h
[3.493s] -- Up-to-date: /home/faith/Work/carto_ws/install/cartographer/include/cartographer/mapping/proto/map_limits.pb.h
[3.493s] -- Up-to-date: /home/faith/Work/carto_ws/install/cartographer/include/cartographer/mapping/proto/motion_filter_options.pb.h
[3.494s] -- Up-to-date: /home/faith/Work/carto_ws/install/cartographer/include/cartographer/mapping/proto/normal_estimation_options_2d.pb.h
[3.494s] -- Up-to-date: /home/faith/Work/carto_ws/install/cartographer/include/cartographer/mapping/proto/pose_extrapolator_options.pb.h
[3.494s] -- Up-to-date: /home/faith/Work/carto_ws/install/cartographer/include/cartographer/mapping/proto/pose_graph.pb.h
[3.495s] -- Up-to-date: /home/faith/Work/carto_ws/install/cartographer/include/cartographer/mapping/proto/pose_graph/constraint_builder_options.pb.h
[3.495s] -- Up-to-date: /home/faith/Work/carto_ws/install/cartographer/include/cartographer/mapping/proto/pose_graph/optimization_problem_options.pb.h
[3.495s] -- Up-to-date: /home/faith/Work/carto_ws/install/cartographer/include/cartographer/mapping/proto/pose_graph_options.pb.h
[3.496s] -- Up-to-date: /home/faith/Work/carto_ws/install/cartographer/include/cartographer/mapping/proto/probability_grid.pb.h
[3.496s] -- Up-to-date: /home/faith/Work/carto_ws/install/cartographer/include/cartographer/mapping/proto/probability_grid_range_data_inserter_options_2d.pb.h
[3.496s] -- Up-to-date: /home/faith/Work/carto_ws/install/cartographer/include/cartographer/mapping/proto/range_data_inserter_options.pb.h
[3.496s] -- Up-to-date: /home/faith/Work/carto_ws/install/cartographer/include/cartographer/mapping/proto/range_data_inserter_options_3d.pb.h
[3.496s] -- Up-to-date: /home/faith/Work/carto_ws/install/cartographer/include/cartographer/mapping/proto/scan_matching/ceres_scan_matcher_options_2d.pb.h
[3.496s] -- Up-to-date: /home/faith/Work/carto_ws/install/cartographer/include/cartographer/mapping/proto/scan_matching/ceres_scan_matcher_options_3d.pb.h
[3.496s] -- Up-to-date: /home/faith/Work/carto_ws/install/cartographer/include/cartographer/mapping/proto/scan_matching/fast_correlative_scan_matcher_options_2d.pb.h
[3.496s] -- Up-to-date: /home/faith/Work/carto_ws/install/cartographer/include/cartographer/mapping/proto/scan_matching/fast_correlative_scan_matcher_options_3d.pb.h
[3.496s] -- Up-to-date: /home/faith/Work/carto_ws/install/cartographer/include/cartographer/mapping/proto/scan_matching/real_time_correlative_scan_matcher_options.pb.h
[3.496s] -- Up-to-date: /home/faith/Work/carto_ws/install/cartographer/include/cartographer/mapping/proto/serialization.pb.h
[3.496s] -- Up-to-date: /home/faith/Work/carto_ws/install/cartographer/include/cartographer/mapping/proto/submap.pb.h
[3.496s] -- Up-to-date: /home/faith/Work/carto_ws/install/cartographer/include/cartographer/mapping/proto/submap_visualization.pb.h
[3.497s] -- Up-to-date: /home/faith/Work/carto_ws/install/cartographer/include/cartographer/mapping/proto/submaps_options_2d.pb.h
[3.497s] -- Up-to-date: /home/faith/Work/carto_ws/install/cartographer/include/cartographer/mapping/proto/submaps_options_3d.pb.h
[3.497s] -- Up-to-date: /home/faith/Work/carto_ws/install/cartographer/include/cartographer/mapping/proto/trajectory.pb.h
[3.497s] -- Up-to-date: /home/faith/Work/carto_ws/install/cartographer/include/cartographer/mapping/proto/trajectory_builder_options.pb.h
[3.497s] -- Up-to-date: /home/faith/Work/carto_ws/install/cartographer/include/cartographer/mapping/proto/trajectory_node_data.pb.h
[3.497s] -- Up-to-date: /home/faith/Work/carto_ws/install/cartographer/include/cartographer/mapping/proto/tsdf_2d.pb.h
[3.497s] -- Up-to-date: /home/faith/Work/carto_ws/install/cartographer/include/cartographer/mapping/proto/tsdf_range_data_inserter_options_2d.pb.h
[3.497s] -- Up-to-date: /home/faith/Work/carto_ws/install/cartographer/include/cartographer/sensor/proto/adaptive_voxel_filter_options.pb.h
[3.497s] -- Up-to-date: /home/faith/Work/carto_ws/install/cartographer/include/cartographer/sensor/proto/sensor.pb.h
[3.497s] -- Up-to-date: /home/faith/Work/carto_ws/install/cartographer/include/cartographer/transform/proto/timestamped_transform.pb.h
[3.497s] -- Up-to-date: /home/faith/Work/carto_ws/install/cartographer/include/cartographer/transform/proto/transform.pb.h
[3.497s] -- Up-to-date: /home/faith/Work/carto_ws/install/cartographer/share/cartographer/cmake/CartographerTargets.cmake
[3.497s] -- Up-to-date: /home/faith/Work/carto_ws/install/cartographer/share/cartographer/cmake/CartographerTargets-release.cmake
[3.497s] -- Up-to-date: /home/faith/Work/carto_ws/install/cartographer/share/cartographer/cartographer-config.cmake
[3.498s] Invoked command in '/home/faith/Work/carto_ws/build/cartographer' returned '0': CMAKE_PREFIX_PATH=${CMAKE_PREFIX_PATH}:/home/faith/Work/carto_ws/install/fishbot_description:/opt/ros/humble /usr/bin/cmake --install /home/faith/Work/carto_ws/build/cartographer
