[0.057s] Invoking command in '/home/faith/Work/carto_ws/build/cartographer_rviz': CMAKE_PREFIX_PATH=/home/faith/Work/carto_ws/install/cartographer_ros:/home/faith/Work/carto_ws/install/cartographer_ros_msgs:/home/faith/Work/carto_ws/install/cartographer:/home/faith/Work/carto_ws/install/faithbot_cartographer:/home/faith/Work/carto_ws/install/cartographer_rviz:/home/faith/Work/carto_ws/install/sllidar_ros2:/home/faith/Work/carto_ws/install/fishbot_description:/opt/ros/humble LD_LIBRARY_PATH=/home/faith/Work/carto_ws/install/cartographer_ros_msgs/lib:/home/faith/Work/carto_ws/install/cartographer_rviz/lib:/home/faith/Work/carto_ws/install/cartographer_ros/lib:/opt/ros/humble/opt/rviz_ogre_vendor/lib:/opt/ros/humble/lib/aarch64-linux-gnu:/opt/ros/humble/lib /usr/bin/cmake --build /home/faith/Work/carto_ws/build/cartographer_rviz -- -j8 -l8
[0.235s] [ 16%] [34m[1mAutomatic MOC for target cartographer_rviz[0m
[0.248s] [ 16%] Built target cartographer_rviz_detect_changes
[0.317s] [ 16%] Built target cartographer_rviz_autogen
[0.393s] [35m[1mConsolidate compiler generated dependencies of target cartographer_rviz[0m
[0.575s] [100%] Built target cartographer_rviz
[0.612s] Invoked command in '/home/faith/Work/carto_ws/build/cartographer_rviz' returned '0': CMAKE_PREFIX_PATH=/home/faith/Work/carto_ws/install/cartographer_ros:/home/faith/Work/carto_ws/install/cartographer_ros_msgs:/home/faith/Work/carto_ws/install/cartographer:/home/faith/Work/carto_ws/install/faithbot_cartographer:/home/faith/Work/carto_ws/install/cartographer_rviz:/home/faith/Work/carto_ws/install/sllidar_ros2:/home/faith/Work/carto_ws/install/fishbot_description:/opt/ros/humble LD_LIBRARY_PATH=/home/faith/Work/carto_ws/install/cartographer_ros_msgs/lib:/home/faith/Work/carto_ws/install/cartographer_rviz/lib:/home/faith/Work/carto_ws/install/cartographer_ros/lib:/opt/ros/humble/opt/rviz_ogre_vendor/lib:/opt/ros/humble/lib/aarch64-linux-gnu:/opt/ros/humble/lib /usr/bin/cmake --build /home/faith/Work/carto_ws/build/cartographer_rviz -- -j8 -l8
[0.716s] Invoking command in '/home/faith/Work/carto_ws/build/cartographer_rviz': CMAKE_PREFIX_PATH=/home/faith/Work/carto_ws/install/cartographer_ros:/home/faith/Work/carto_ws/install/cartographer_ros_msgs:/home/faith/Work/carto_ws/install/cartographer:/home/faith/Work/carto_ws/install/faithbot_cartographer:/home/faith/Work/carto_ws/install/cartographer_rviz:/home/faith/Work/carto_ws/install/sllidar_ros2:/home/faith/Work/carto_ws/install/fishbot_description:/opt/ros/humble LD_LIBRARY_PATH=/home/faith/Work/carto_ws/install/cartographer_ros_msgs/lib:/home/faith/Work/carto_ws/install/cartographer_rviz/lib:/home/faith/Work/carto_ws/install/cartographer_ros/lib:/opt/ros/humble/opt/rviz_ogre_vendor/lib:/opt/ros/humble/lib/aarch64-linux-gnu:/opt/ros/humble/lib /usr/bin/cmake --install /home/faith/Work/carto_ws/build/cartographer_rviz
[0.746s] -- Install configuration: "Release"
[0.746s] -- Up-to-date: /home/faith/Work/carto_ws/install/cartographer_rviz/share/cartographer_rviz/rviz_plugin_description.xml
[0.747s] -- Up-to-date: /home/faith/Work/carto_ws/install/cartographer_rviz/lib/libcartographer_rviz.so
[0.747s] -- Up-to-date: /home/faith/Work/carto_ws/install/cartographer_rviz/include/
[0.748s] -- Up-to-date: /home/faith/Work/carto_ws/install/cartographer_rviz/include//cartographer_rviz
[0.748s] -- Up-to-date: /home/faith/Work/carto_ws/install/cartographer_rviz/include//cartographer_rviz/drawable_submap.h
[0.748s] -- Up-to-date: /home/faith/Work/carto_ws/install/cartographer_rviz/include//cartographer_rviz/submaps_display.h
[0.749s] -- Up-to-date: /home/faith/Work/carto_ws/install/cartographer_rviz/include//cartographer_rviz/ogre_slice.h
[0.749s] -- Up-to-date: /home/faith/Work/carto_ws/install/cartographer_rviz/share/cartographer_rviz/environment/library_path.sh
[0.750s] -- Up-to-date: /home/faith/Work/carto_ws/install/cartographer_rviz/share/cartographer_rviz/environment/library_path.dsv
[0.750s] -- Up-to-date: /home/faith/Work/carto_ws/install/cartographer_rviz/share/ament_index/resource_index/package_run_dependencies/cartographer_rviz
[0.751s] -- Up-to-date: /home/faith/Work/carto_ws/install/cartographer_rviz/share/ament_index/resource_index/parent_prefix_path/cartographer_rviz
[0.751s] -- Up-to-date: /home/faith/Work/carto_ws/install/cartographer_rviz/share/cartographer_rviz/environment/ament_prefix_path.sh
[0.751s] -- Up-to-date: /home/faith/Work/carto_ws/install/cartographer_rviz/share/cartographer_rviz/environment/ament_prefix_path.dsv
[0.752s] -- Up-to-date: /home/faith/Work/carto_ws/install/cartographer_rviz/share/cartographer_rviz/environment/path.sh
[0.752s] -- Up-to-date: /home/faith/Work/carto_ws/install/cartographer_rviz/share/cartographer_rviz/environment/path.dsv
[0.752s] -- Up-to-date: /home/faith/Work/carto_ws/install/cartographer_rviz/share/cartographer_rviz/local_setup.bash
[0.753s] -- Up-to-date: /home/faith/Work/carto_ws/install/cartographer_rviz/share/cartographer_rviz/local_setup.sh
[0.753s] -- Up-to-date: /home/faith/Work/carto_ws/install/cartographer_rviz/share/cartographer_rviz/local_setup.zsh
[0.754s] -- Up-to-date: /home/faith/Work/carto_ws/install/cartographer_rviz/share/cartographer_rviz/local_setup.dsv
[0.754s] -- Installing: /home/faith/Work/carto_ws/install/cartographer_rviz/share/cartographer_rviz/package.dsv
[0.754s] -- Up-to-date: /home/faith/Work/carto_ws/install/cartographer_rviz/share/ament_index/resource_index/packages/cartographer_rviz
[0.755s] -- Up-to-date: /home/faith/Work/carto_ws/install/cartographer_rviz/share/ament_index/resource_index/rviz_common__pluginlib__plugin/cartographer_rviz
[0.755s] -- Up-to-date: /home/faith/Work/carto_ws/install/cartographer_rviz/share/cartographer_rviz/ogre_media/materials/glsl120
[0.755s] -- Up-to-date: /home/faith/Work/carto_ws/install/cartographer_rviz/share/cartographer_rviz/ogre_media/materials/glsl120/glsl120.program
[0.756s] -- Up-to-date: /home/faith/Work/carto_ws/install/cartographer_rviz/share/cartographer_rviz/ogre_media/materials/glsl120/submap.vert
[0.756s] -- Up-to-date: /home/faith/Work/carto_ws/install/cartographer_rviz/share/cartographer_rviz/ogre_media/materials/glsl120/submap.frag
[0.756s] -- Up-to-date: /home/faith/Work/carto_ws/install/cartographer_rviz/share/cartographer_rviz/ogre_media/materials/scripts
[0.757s] -- Up-to-date: /home/faith/Work/carto_ws/install/cartographer_rviz/share/cartographer_rviz/ogre_media/materials/scripts/submap.material
[0.757s] -- Up-to-date: /home/faith/Work/carto_ws/install/cartographer_rviz/share/ament_index/resource_index/rviz_ogre_media_exports/cartographer_rviz
[0.757s] -- Up-to-date: /home/faith/Work/carto_ws/install/cartographer_rviz/share/cartographer_rviz/cmake/cartographer_rvizExport.cmake
[0.758s] -- Up-to-date: /home/faith/Work/carto_ws/install/cartographer_rviz/share/cartographer_rviz/cmake/cartographer_rvizExport-release.cmake
[0.758s] -- Up-to-date: /home/faith/Work/carto_ws/install/cartographer_rviz/share/cartographer_rviz/cmake/ament_cmake_export_include_directories-extras.cmake
[0.759s] -- Up-to-date: /home/faith/Work/carto_ws/install/cartographer_rviz/share/cartographer_rviz/cmake/ament_cmake_export_targets-extras.cmake
[0.759s] -- Up-to-date: /home/faith/Work/carto_ws/install/cartographer_rviz/share/cartographer_rviz/cmake/ament_cmake_export_dependencies-extras.cmake
[0.759s] -- Up-to-date: /home/faith/Work/carto_ws/install/cartographer_rviz/share/cartographer_rviz/cmake/cartographer_rvizConfig.cmake
[0.760s] -- Up-to-date: /home/faith/Work/carto_ws/install/cartographer_rviz/share/cartographer_rviz/cmake/cartographer_rvizConfig-version.cmake
[0.760s] -- Up-to-date: /home/faith/Work/carto_ws/install/cartographer_rviz/share/cartographer_rviz/package.xml
[0.775s] Invoked command in '/home/faith/Work/carto_ws/build/cartographer_rviz' returned '0': CMAKE_PREFIX_PATH=/home/faith/Work/carto_ws/install/cartographer_ros:/home/faith/Work/carto_ws/install/cartographer_ros_msgs:/home/faith/Work/carto_ws/install/cartographer:/home/faith/Work/carto_ws/install/faithbot_cartographer:/home/faith/Work/carto_ws/install/cartographer_rviz:/home/faith/Work/carto_ws/install/sllidar_ros2:/home/faith/Work/carto_ws/install/fishbot_description:/opt/ros/humble LD_LIBRARY_PATH=/home/faith/Work/carto_ws/install/cartographer_ros_msgs/lib:/home/faith/Work/carto_ws/install/cartographer_rviz/lib:/home/faith/Work/carto_ws/install/cartographer_ros/lib:/opt/ros/humble/opt/rviz_ogre_vendor/lib:/opt/ros/humble/lib/aarch64-linux-gnu:/opt/ros/humble/lib /usr/bin/cmake --install /home/faith/Work/carto_ws/build/cartographer_rviz
