[1.347s] Invoking command in '/home/faith/Work/carto_ws/src/faithcar_bringup': CMAKE_PREFIX_PATH=/home/faith/Work/carto_ws/install/faithcar_msgs:/home/faith/Work/carto_ws/install/sllidar_ros2:/home/faith/Work/carto_ws/install/orbbec_description:/home/faith/Work/carto_ws/install/orbbec_camera:/home/faith/Work/carto_ws/install/orbbec_camera_msgs:/home/faith/Work/carto_ws/install/faithbot_cartographer:/home/faith/Work/carto_ws/install/city_w:/home/faith/Work/carto_ws/install/cartographer_rviz:/home/faith/Work/carto_ws/install/cartographer_ros:/home/faith/Work/carto_ws/install/cartographer_ros_msgs:/home/faith/Work/carto_ws/install/cartographer:/home/faith/Work/carto_ws/install/astra_camera:/home/faith/Work/carto_ws/install/astra_camera_msgs LD_LIBRARY_PATH=/home/faith/Work/carto_ws/install/faithcar_msgs/lib:/home/faith/Work/carto_ws/install/orbbec_camera/lib:/home/faith/Work/carto_ws/install/orbbec_camera_msgs/lib:/home/faith/Work/carto_ws/install/cartographer_rviz/lib:/home/faith/Work/carto_ws/install/cartographer_ros/lib:/home/faith/Work/carto_ws/install/cartographer_ros_msgs/lib:/home/faith/Work/carto_ws/install/astra_camera/lib:/home/faith/Work/carto_ws/install/astra_camera_msgs/lib:/opt/ros/humble/opt/rviz_ogre_vendor/lib:/opt/ros/humble/lib/aarch64-linux-gnu:/opt/ros/humble/lib PYTHONPATH=/home/faith/Work/carto_ws/build/faithcar_bringup/prefix_override:/home/faith/Work/carto_ws/install/faithcar_bringup/lib/python3.10/site-packages:${PYTHONPATH} /usr/bin/python3 setup.py egg_info --egg-base ../../build/faithcar_bringup build --build-base /home/faith/Work/carto_ws/build/faithcar_bringup/build install --record /home/faith/Work/carto_ws/build/faithcar_bringup/install.log --single-version-externally-managed
[1.709s] running egg_info
[1.710s] writing ../../build/faithcar_bringup/faithcar_bringup.egg-info/PKG-INFO
[1.711s] writing dependency_links to ../../build/faithcar_bringup/faithcar_bringup.egg-info/dependency_links.txt
[1.711s] writing entry points to ../../build/faithcar_bringup/faithcar_bringup.egg-info/entry_points.txt
[1.711s] writing requirements to ../../build/faithcar_bringup/faithcar_bringup.egg-info/requires.txt
[1.712s] writing top-level names to ../../build/faithcar_bringup/faithcar_bringup.egg-info/top_level.txt
[1.715s] reading manifest file '../../build/faithcar_bringup/faithcar_bringup.egg-info/SOURCES.txt'
[1.716s] writing manifest file '../../build/faithcar_bringup/faithcar_bringup.egg-info/SOURCES.txt'
[1.716s] running build
[1.717s] running build_py
[1.717s] copying faithcar_bringup/faithcar_driver.py -> /home/faith/Work/carto_ws/build/faithcar_bringup/build/lib/faithcar_bringup
[1.717s] running install
[1.718s] running install_lib
[1.719s] copying /home/faith/Work/carto_ws/build/faithcar_bringup/build/lib/faithcar_bringup/faithcar_driver.py -> /home/faith/Work/carto_ws/install/faithcar_bringup/lib/python3.10/site-packages/faithcar_bringup
[1.720s] byte-compiling /home/faith/Work/carto_ws/install/faithcar_bringup/lib/python3.10/site-packages/faithcar_bringup/faithcar_driver.py to faithcar_driver.cpython-310.pyc
[1.723s] running install_data
[1.724s] running install_egg_info
[1.727s] removing '/home/faith/Work/carto_ws/install/faithcar_bringup/lib/python3.10/site-packages/faithcar_bringup-0.0.0-py3.10.egg-info' (and everything under it)
[1.727s] Copying ../../build/faithcar_bringup/faithcar_bringup.egg-info to /home/faith/Work/carto_ws/install/faithcar_bringup/lib/python3.10/site-packages/faithcar_bringup-0.0.0-py3.10.egg-info
[1.728s] running install_scripts
[1.761s] Installing faithcar_driver_node script to /home/faith/Work/carto_ws/install/faithcar_bringup/lib/faithcar_bringup
[1.762s] Installing faithcar_driver_test_node script to /home/faith/Work/carto_ws/install/faithcar_bringup/lib/faithcar_bringup
[1.762s] writing list of installed files to '/home/faith/Work/carto_ws/build/faithcar_bringup/install.log'
[1.848s] Invoked command in '/home/faith/Work/carto_ws/src/faithcar_bringup' returned '0': CMAKE_PREFIX_PATH=/home/faith/Work/carto_ws/install/faithcar_msgs:/home/faith/Work/carto_ws/install/sllidar_ros2:/home/faith/Work/carto_ws/install/orbbec_description:/home/faith/Work/carto_ws/install/orbbec_camera:/home/faith/Work/carto_ws/install/orbbec_camera_msgs:/home/faith/Work/carto_ws/install/faithbot_cartographer:/home/faith/Work/carto_ws/install/city_w:/home/faith/Work/carto_ws/install/cartographer_rviz:/home/faith/Work/carto_ws/install/cartographer_ros:/home/faith/Work/carto_ws/install/cartographer_ros_msgs:/home/faith/Work/carto_ws/install/cartographer:/home/faith/Work/carto_ws/install/astra_camera:/home/faith/Work/carto_ws/install/astra_camera_msgs LD_LIBRARY_PATH=/home/faith/Work/carto_ws/install/faithcar_msgs/lib:/home/faith/Work/carto_ws/install/orbbec_camera/lib:/home/faith/Work/carto_ws/install/orbbec_camera_msgs/lib:/home/faith/Work/carto_ws/install/cartographer_rviz/lib:/home/faith/Work/carto_ws/install/cartographer_ros/lib:/home/faith/Work/carto_ws/install/cartographer_ros_msgs/lib:/home/faith/Work/carto_ws/install/astra_camera/lib:/home/faith/Work/carto_ws/install/astra_camera_msgs/lib:/opt/ros/humble/opt/rviz_ogre_vendor/lib:/opt/ros/humble/lib/aarch64-linux-gnu:/opt/ros/humble/lib PYTHONPATH=/home/faith/Work/carto_ws/build/faithcar_bringup/prefix_override:/home/faith/Work/carto_ws/install/faithcar_bringup/lib/python3.10/site-packages:${PYTHONPATH} /usr/bin/python3 setup.py egg_info --egg-base ../../build/faithcar_bringup build --build-base /home/faith/Work/carto_ws/build/faithcar_bringup/build install --record /home/faith/Work/carto_ws/build/faithcar_bringup/install.log --single-version-externally-managed
