[0.100s] Invoking command in '/home/faith/Work/carto_ws/build/cartographer': CMAKE_PREFIX_PATH=${CMAKE_PREFIX_PATH}:/home/faith/Work/carto_ws/install/fishbot_description:/opt/ros/humble /usr/bin/cmake --build /home/faith/Work/carto_ws/build/cartographer -- -j8 -l8
[0.762s] [  0%] [34m[1mBuilding documentation.[0m
[0.762s] [  1%] Built target gtest
[0.762s] [  1%] Built target cartographer_detect_changes
[0.762s] [  2%] Built target gmock
[0.763s] [  2%] Built target gmock_main
[1.045s] [01mRunning Sphinx v4.3.2[39;49;00m
[1.104s] [ 55%] Built target cartographer
[1.176s] [ 56%] Built target cartographer_autogenerate_ground_truth
[1.233s] [ 57%] Built target cartographer_test_library
[1.237s] [ 57%] Built target cartographer_compute_relations_metrics
[1.242s] [ 57%] Built target cartographer_print_configuration
[1.260s] [ 58%] Built target cartographer_pbstream
[1.294s] [01mloading pickled environment... [39;49;00mdone
[1.298s] [01mbuilding [mo]: [39;49;00mtargets for 0 po files that are out of date
[1.299s] [01mbuilding [html]: [39;49;00mtargets for 0 source files that are out of date
[1.310s] [01mupdating environment: [39;49;00m0 added, 0 changed, 0 removed
[1.310s] [01mlooking for now-outdated files... [39;49;00mnone found
[1.310s] [01mno targets are out of date.[39;49;00m
[1.310s] [01mbuild succeeded.[39;49;00m
[1.311s] 
[1.311s] The HTML pages are in html.
[1.372s] [ 58%] Built target cartographer.common.configuration_files_test
[1.399s] [ 58%] Built target cartographer.common.task_test
[1.403s] [ 59%] Built target cartographer.common.internal.rate_timer_test
[1.405s] [ 59%] Built target cartographer.common.internal.blocking_queue_test
[1.406s] [ 59%] Built target cartographer.common.lua_parameter_dictionary_test
[1.411s] [ 60%] Built target cartographer.common.fixed_ratio_sampler_test
[1.422s] [ 61%] Built target cartographer.common.math_test
[1.476s] [ 62%] Built target cartographer.common.thread_pool_test
[1.519s] [ 62%] Built target cartographer.io.proto_stream_test
[1.548s] [ 62%] Built target cartographer.io.fake_file_writer_test
[1.564s] [ 62%] Built target cartographer.io.probability_grid_points_processor_test
[1.564s] [ 62%] Built target build_doc
[1.564s] [ 63%] Built target cartographer.io.proto_stream_deserializer_test
[1.566s] [ 64%] Built target cartographer.io.internal.in_memory_proto_stream_test
[1.583s] [ 65%] Built target cartographer.io.points_processor_pipeline_builder_test
[1.639s] [ 65%] Built target cartographer.mapping.2d.xy_index_test
[1.643s] [ 65%] Built target cartographer.mapping.2d.range_data_inserter_2d_test
[1.658s] [ 66%] Built target cartographer.mapping.2d.submap_2d_test
[1.667s] [ 67%] Built target cartographer.io.serialization_format_migration_test
[1.670s] [ 67%] Built target cartographer.mapping.3d.range_data_inserter_3d_test
[1.682s] [ 67%] Built target cartographer.mapping.2d.map_limits_test
[1.689s] [ 68%] Built target cartographer.mapping.2d.probability_grid_test
[1.702s] [ 69%] Built target cartographer.mapping.3d.hybrid_grid_test
[1.759s] [ 70%] Built target cartographer.mapping.3d.submap_3d_test
[1.769s] [ 70%] Built target cartographer.mapping.internal.2d.normal_estimation_2d_test
[1.775s] [ 71%] Built target cartographer.mapping.internal.2d.overlapping_submaps_trimmer_2d_test
[1.793s] [ 72%] Built target cartographer.mapping.imu_tracker_test
[1.810s] [ 73%] Built target cartographer.mapping.internal.2d.ray_to_pixel_mask_test
[1.832s] [ 73%] Built target cartographer.mapping.internal.2d.pose_graph_2d_test
[1.840s] [ 73%] Built target cartographer.mapping.id_test
[1.843s] [ 73%] Built target cartographer.mapping.internal.2d.scan_matching.ceres_scan_matcher_2d_test
[1.861s] [ 73%] Built target cartographer.mapping.internal.2d.scan_matching.occupied_space_cost_function_2d_test
[1.871s] [ 74%] Built target cartographer.mapping.internal.2d.scan_matching.interpolated_tsdf_2d_test
[1.874s] [ 75%] Built target cartographer.mapping.internal.2d.scan_matching.correlative_scan_matcher_test
[1.879s] [ 75%] Built target cartographer.mapping.internal.2d.scan_matching.fast_correlative_scan_matcher_2d_test
[1.950s] [ 76%] Built target cartographer.mapping.internal.2d.scan_matching.real_time_correlative_scan_matcher_2d_test
[1.958s] [ 77%] Built target cartographer.mapping.internal.2d.tsd_value_converter_test
[1.958s] [ 78%] Built target cartographer.mapping.internal.2d.tsdf_range_data_inserter_2d_test
[1.979s] [ 78%] Built target cartographer.mapping.internal.2d.scan_matching.tsdf_match_cost_function_2d_test
[1.995s] [ 78%] Built target cartographer.mapping.internal.2d.tsdf_2d_test
[2.001s] [ 78%] Built target cartographer.mapping.internal.3d.local_trajectory_builder_3d_test
[2.016s] [ 79%] Built target cartographer.mapping.internal.3d.scan_matching.ceres_scan_matcher_3d_test
[2.047s] [ 80%] Built target cartographer.mapping.internal.3d.pose_graph_3d_test
[2.061s] [ 81%] Built target cartographer.mapping.internal.3d.scan_matching.intensity_cost_function_3d_test
[2.100s] [ 81%] Built target cartographer.mapping.internal.3d.scan_matching.real_time_correlative_scan_matcher_3d_test
[2.111s] [ 82%] Built target cartographer.mapping.internal.3d.scan_matching.precomputation_grid_3d_test
[2.111s] [ 82%] Built target cartographer.mapping.internal.3d.scan_matching.fast_correlative_scan_matcher_3d_test
[2.123s] [ 82%] Built target cartographer.mapping.internal.3d.scan_matching.interpolated_grid_test
[2.145s] [ 83%] Built target cartographer.mapping.internal.3d.scan_matching.rotation_delta_cost_functor_3d_test
[2.197s] [ 83%] Built target cartographer.mapping.internal.constraints.constraint_builder_2d_test
[2.201s] [ 83%] Built target cartographer.mapping.internal.3d.scan_matching.rotational_scan_matcher_test
[2.210s] [ 83%] Built target cartographer.mapping.internal.motion_filter_test
[2.212s] [ 84%] Built target cartographer.mapping.internal.connected_components_test
[2.222s] [ 85%] Built target cartographer.mapping.internal.constraints.constraint_builder_3d_test
[2.230s] [ 86%] Built target cartographer.mapping.internal.optimization.cost_functions.landmark_cost_function_2d_test
[2.236s] [ 86%] Built target cartographer.mapping.internal.optimization.cost_functions.landmark_cost_function_3d_test
[2.342s] [ 87%] Built target cartographer.mapping.pose_graph_test
[2.343s] [ 88%] Built target cartographer.mapping.internal.optimization.cost_functions.spa_cost_function_2d_test
[2.343s] [ 88%] Built target cartographer.mapping.internal.trajectory_connectivity_state_test
[2.343s] [ 88%] Built target cartographer.mapping.internal.optimization.optimization_problem_3d_test
[2.344s] [ 88%] Built target cartographer.mapping.pose_graph_trimmer_test
[2.362s] [ 89%] Built target cartographer.mapping.map_builder_test
[2.363s] [ 89%] Built target cartographer.mapping.pose_extrapolator_test
[2.373s] [ 90%] Built target cartographer.mapping.internal.range_data_collator_test
[2.400s] [ 91%] Built target cartographer.mapping.probability_values_test
[2.424s] [ 91%] Built target cartographer.mapping.submaps_test
[2.433s] [ 92%] Built target cartographer.sensor.compressed_point_cloud_test
[2.439s] [ 93%] Built target cartographer.mapping.value_conversion_tables_test
[2.440s] [ 93%] Built target cartographer.mapping.trajectory_node_test
[2.445s] [ 94%] Built target cartographer.sensor.internal.ordered_multi_queue_test
[2.448s] [ 94%] Built target cartographer.sensor.internal.collator_test
[2.470s] [ 94%] Built target cartographer.sensor.internal.trajectory_collator_test
[2.482s] [ 94%] Built target cartographer.sensor.landmark_data_test
[2.486s] [ 95%] Built target cartographer.sensor.internal.voxel_filter_test
[2.504s] [ 96%] Built target cartographer.sensor.map_by_time_test
[2.515s] [ 97%] Built target cartographer.sensor.point_cloud_test
[2.531s] [ 97%] Built target cartographer.transform.timestamped_transform_test
[2.532s] [ 98%] Built target cartographer.transform.transform_interpolation_buffer_test
[2.534s] [ 98%] Built target cartographer.transform.transform_test
[2.545s] [100%] Built target cartographer.transform.rigid_transform_test
[2.556s] [100%] Built target cartographer.sensor.range_data_test
[2.667s] Invoked command in '/home/faith/Work/carto_ws/build/cartographer' returned '0': CMAKE_PREFIX_PATH=${CMAKE_PREFIX_PATH}:/home/faith/Work/carto_ws/install/fishbot_description:/opt/ros/humble /usr/bin/cmake --build /home/faith/Work/carto_ws/build/cartographer -- -j8 -l8
[3.982s] Invoking command in '/home/faith/Work/carto_ws/build/cartographer': CMAKE_PREFIX_PATH=${CMAKE_PREFIX_PATH}:/home/faith/Work/carto_ws/install/fishbot_description:/opt/ros/humble /usr/bin/cmake --install /home/faith/Work/carto_ws/build/cartographer
[4.009s] -- Install configuration: "Release"
[4.011s] -- Up-to-date: /home/faith/Work/carto_ws/install/cartographer/share/cartographer/package.xml
[4.012s] -- Up-to-date: /home/faith/Work/carto_ws/install/cartographer/share/cartographer//configuration_files
[4.014s] -- Up-to-date: /home/faith/Work/carto_ws/install/cartographer/share/cartographer//configuration_files/trajectory_builder_3d.lua
[4.015s] -- Up-to-date: /home/faith/Work/carto_ws/install/cartographer/share/cartographer//configuration_files/trajectory_builder.lua
[4.016s] -- Up-to-date: /home/faith/Work/carto_ws/install/cartographer/share/cartographer//configuration_files/pose_graph.lua
[4.017s] -- Up-to-date: /home/faith/Work/carto_ws/install/cartographer/share/cartographer//configuration_files/map_builder_server.lua
[4.018s] -- Up-to-date: /home/faith/Work/carto_ws/install/cartographer/share/cartographer//configuration_files/map_builder.lua
[4.018s] -- Up-to-date: /home/faith/Work/carto_ws/install/cartographer/share/cartographer//configuration_files/trajectory_builder_2d.lua
[4.018s] -- Up-to-date: /home/faith/Work/carto_ws/install/cartographer/share/cartographer//cmake
[4.019s] -- Up-to-date: /home/faith/Work/carto_ws/install/cartographer/share/cartographer//cmake/functions.cmake
[4.019s] -- Up-to-date: /home/faith/Work/carto_ws/install/cartographer/share/cartographer//cmake/modules
[4.020s] -- Up-to-date: /home/faith/Work/carto_ws/install/cartographer/share/cartographer//cmake/modules/FindGMock.cmake
[4.020s] -- Up-to-date: /home/faith/Work/carto_ws/install/cartographer/share/cartographer//cmake/modules/FindEigen3.cmake
[4.022s] -- Up-to-date: /home/faith/Work/carto_ws/install/cartographer/share/cartographer//cmake/modules/FindLuaGoogle.cmake
[4.023s] -- Up-to-date: /home/faith/Work/carto_ws/install/cartographer/share/cartographer//cmake/modules/FindSphinx.cmake
[4.024s] -- Up-to-date: /home/faith/Work/carto_ws/install/cartographer/bin/cartographer_autogenerate_ground_truth
[4.025s] -- Up-to-date: /home/faith/Work/carto_ws/install/cartographer/bin/cartographer_compute_relations_metrics
[4.027s] -- Up-to-date: /home/faith/Work/carto_ws/install/cartographer/bin/cartographer_pbstream
[4.028s] -- Up-to-date: /home/faith/Work/carto_ws/install/cartographer/bin/cartographer_print_configuration
[4.029s] -- Up-to-date: /home/faith/Work/carto_ws/install/cartographer/lib/libcartographer.a
[4.030s] -- Up-to-date: /home/faith/Work/carto_ws/install/cartographer/include/cartographer/common/configuration_file_resolver.h
[4.030s] -- Up-to-date: /home/faith/Work/carto_ws/install/cartographer/include/cartographer/common/fixed_ratio_sampler.h
[4.031s] -- Up-to-date: /home/faith/Work/carto_ws/install/cartographer/include/cartographer/common/histogram.h
[4.031s] -- Up-to-date: /home/faith/Work/carto_ws/install/cartographer/include/cartographer/common/lua.h
[4.031s] -- Up-to-date: /home/faith/Work/carto_ws/install/cartographer/include/cartographer/common/lua_parameter_dictionary.h
[4.032s] -- Up-to-date: /home/faith/Work/carto_ws/install/cartographer/include/cartographer/common/math.h
[4.032s] -- Up-to-date: /home/faith/Work/carto_ws/install/cartographer/include/cartographer/common/port.h
[4.032s] -- Up-to-date: /home/faith/Work/carto_ws/install/cartographer/include/cartographer/common/task.h
[4.033s] -- Up-to-date: /home/faith/Work/carto_ws/install/cartographer/include/cartographer/common/thread_pool.h
[4.033s] -- Up-to-date: /home/faith/Work/carto_ws/install/cartographer/include/cartographer/common/time.h
[4.033s] -- Up-to-date: /home/faith/Work/carto_ws/install/cartographer/include/cartographer/ground_truth/autogenerate_ground_truth.h
[4.034s] -- Up-to-date: /home/faith/Work/carto_ws/install/cartographer/include/cartographer/ground_truth/relations_text_file.h
[4.034s] -- Up-to-date: /home/faith/Work/carto_ws/install/cartographer/include/cartographer/io/color.h
[4.034s] -- Up-to-date: /home/faith/Work/carto_ws/install/cartographer/include/cartographer/io/coloring_points_processor.h
[4.035s] -- Up-to-date: /home/faith/Work/carto_ws/install/cartographer/include/cartographer/io/counting_points_processor.h
[4.035s] -- Up-to-date: /home/faith/Work/carto_ws/install/cartographer/include/cartographer/io/draw_trajectories.h
[4.035s] -- Up-to-date: /home/faith/Work/carto_ws/install/cartographer/include/cartographer/io/file_writer.h
[4.036s] -- Up-to-date: /home/faith/Work/carto_ws/install/cartographer/include/cartographer/io/fixed_ratio_sampling_points_processor.h
[4.036s] -- Up-to-date: /home/faith/Work/carto_ws/install/cartographer/include/cartographer/io/frame_id_filtering_points_processor.h
[4.036s] -- Up-to-date: /home/faith/Work/carto_ws/install/cartographer/include/cartographer/io/hybrid_grid_points_processor.h
[4.037s] -- Up-to-date: /home/faith/Work/carto_ws/install/cartographer/include/cartographer/io/image.h
[4.037s] -- Up-to-date: /home/faith/Work/carto_ws/install/cartographer/include/cartographer/io/intensity_to_color_points_processor.h
[4.038s] -- Up-to-date: /home/faith/Work/carto_ws/install/cartographer/include/cartographer/io/min_max_range_filtering_points_processor.h
[4.038s] -- Up-to-date: /home/faith/Work/carto_ws/install/cartographer/include/cartographer/io/null_points_processor.h
[4.038s] -- Up-to-date: /home/faith/Work/carto_ws/install/cartographer/include/cartographer/io/outlier_removing_points_processor.h
[4.039s] -- Up-to-date: /home/faith/Work/carto_ws/install/cartographer/include/cartographer/io/pcd_writing_points_processor.h
[4.039s] -- Up-to-date: /home/faith/Work/carto_ws/install/cartographer/include/cartographer/io/ply_writing_points_processor.h
[4.039s] -- Up-to-date: /home/faith/Work/carto_ws/install/cartographer/include/cartographer/io/points_batch.h
[4.040s] -- Up-to-date: /home/faith/Work/carto_ws/install/cartographer/include/cartographer/io/points_processor.h
[4.040s] -- Up-to-date: /home/faith/Work/carto_ws/install/cartographer/include/cartographer/io/points_processor_pipeline_builder.h
[4.040s] -- Up-to-date: /home/faith/Work/carto_ws/install/cartographer/include/cartographer/io/probability_grid_points_processor.h
[4.041s] -- Up-to-date: /home/faith/Work/carto_ws/install/cartographer/include/cartographer/io/proto_stream.h
[4.041s] -- Up-to-date: /home/faith/Work/carto_ws/install/cartographer/include/cartographer/io/proto_stream_deserializer.h
[4.041s] -- Up-to-date: /home/faith/Work/carto_ws/install/cartographer/include/cartographer/io/proto_stream_interface.h
[4.042s] -- Up-to-date: /home/faith/Work/carto_ws/install/cartographer/include/cartographer/io/serialization_format_migration.h
[4.042s] -- Up-to-date: /home/faith/Work/carto_ws/install/cartographer/include/cartographer/io/submap_painter.h
[4.042s] -- Up-to-date: /home/faith/Work/carto_ws/install/cartographer/include/cartographer/io/vertical_range_filtering_points_processor.h
[4.043s] -- Up-to-date: /home/faith/Work/carto_ws/install/cartographer/include/cartographer/io/xray_points_processor.h
[4.043s] -- Up-to-date: /home/faith/Work/carto_ws/install/cartographer/include/cartographer/io/xyz_writing_points_processor.h
[4.043s] -- Up-to-date: /home/faith/Work/carto_ws/install/cartographer/include/cartographer/mapping/2d/grid_2d.h
[4.044s] -- Up-to-date: /home/faith/Work/carto_ws/install/cartographer/include/cartographer/mapping/2d/map_limits.h
[4.044s] -- Up-to-date: /home/faith/Work/carto_ws/install/cartographer/include/cartographer/mapping/2d/probability_grid.h
[4.045s] -- Up-to-date: /home/faith/Work/carto_ws/install/cartographer/include/cartographer/mapping/2d/probability_grid_range_data_inserter_2d.h
[4.045s] -- Up-to-date: /home/faith/Work/carto_ws/install/cartographer/include/cartographer/mapping/2d/submap_2d.h
[4.045s] -- Up-to-date: /home/faith/Work/carto_ws/install/cartographer/include/cartographer/mapping/2d/xy_index.h
[4.046s] -- Up-to-date: /home/faith/Work/carto_ws/install/cartographer/include/cartographer/mapping/3d/hybrid_grid.h
[4.046s] -- Up-to-date: /home/faith/Work/carto_ws/install/cartographer/include/cartographer/mapping/3d/range_data_inserter_3d.h
[4.046s] -- Up-to-date: /home/faith/Work/carto_ws/install/cartographer/include/cartographer/mapping/3d/submap_3d.h
[4.047s] -- Up-to-date: /home/faith/Work/carto_ws/install/cartographer/include/cartographer/mapping/detect_floors.h
[4.047s] -- Up-to-date: /home/faith/Work/carto_ws/install/cartographer/include/cartographer/mapping/grid_interface.h
[4.047s] -- Up-to-date: /home/faith/Work/carto_ws/install/cartographer/include/cartographer/mapping/id.h
[4.048s] -- Up-to-date: /home/faith/Work/carto_ws/install/cartographer/include/cartographer/mapping/imu_tracker.h
[4.048s] -- Up-to-date: /home/faith/Work/carto_ws/install/cartographer/include/cartographer/mapping/map_builder.h
[4.048s] -- Up-to-date: /home/faith/Work/carto_ws/install/cartographer/include/cartographer/mapping/map_builder_interface.h
[4.049s] -- Up-to-date: /home/faith/Work/carto_ws/install/cartographer/include/cartographer/mapping/pose_extrapolator.h
[4.049s] -- Up-to-date: /home/faith/Work/carto_ws/install/cartographer/include/cartographer/mapping/pose_extrapolator_interface.h
[4.049s] -- Up-to-date: /home/faith/Work/carto_ws/install/cartographer/include/cartographer/mapping/pose_graph.h
[4.050s] -- Up-to-date: /home/faith/Work/carto_ws/install/cartographer/include/cartographer/mapping/pose_graph_interface.h
[4.050s] -- Up-to-date: /home/faith/Work/carto_ws/install/cartographer/include/cartographer/mapping/pose_graph_trimmer.h
[4.050s] -- Up-to-date: /home/faith/Work/carto_ws/install/cartographer/include/cartographer/mapping/probability_values.h
[4.051s] -- Up-to-date: /home/faith/Work/carto_ws/install/cartographer/include/cartographer/mapping/range_data_inserter_interface.h
[4.051s] -- Up-to-date: /home/faith/Work/carto_ws/install/cartographer/include/cartographer/mapping/submaps.h
[4.051s] -- Up-to-date: /home/faith/Work/carto_ws/install/cartographer/include/cartographer/mapping/trajectory_builder_interface.h
[4.052s] -- Up-to-date: /home/faith/Work/carto_ws/install/cartographer/include/cartographer/mapping/trajectory_node.h
[4.052s] -- Up-to-date: /home/faith/Work/carto_ws/install/cartographer/include/cartographer/mapping/value_conversion_tables.h
[4.053s] -- Up-to-date: /home/faith/Work/carto_ws/install/cartographer/include/cartographer/metrics/counter.h
[4.053s] -- Up-to-date: /home/faith/Work/carto_ws/install/cartographer/include/cartographer/metrics/family_factory.h
[4.053s] -- Up-to-date: /home/faith/Work/carto_ws/install/cartographer/include/cartographer/metrics/gauge.h
[4.054s] -- Up-to-date: /home/faith/Work/carto_ws/install/cartographer/include/cartographer/metrics/histogram.h
[4.054s] -- Up-to-date: /home/faith/Work/carto_ws/install/cartographer/include/cartographer/metrics/register.h
[4.054s] -- Up-to-date: /home/faith/Work/carto_ws/install/cartographer/include/cartographer/sensor/collator_interface.h
[4.055s] -- Up-to-date: /home/faith/Work/carto_ws/install/cartographer/include/cartographer/sensor/compressed_point_cloud.h
[4.055s] -- Up-to-date: /home/faith/Work/carto_ws/install/cartographer/include/cartographer/sensor/data.h
[4.055s] -- Up-to-date: /home/faith/Work/carto_ws/install/cartographer/include/cartographer/sensor/fixed_frame_pose_data.h
[4.056s] -- Up-to-date: /home/faith/Work/carto_ws/install/cartographer/include/cartographer/sensor/imu_data.h
[4.056s] -- Up-to-date: /home/faith/Work/carto_ws/install/cartographer/include/cartographer/sensor/landmark_data.h
[4.056s] -- Up-to-date: /home/faith/Work/carto_ws/install/cartographer/include/cartographer/sensor/map_by_time.h
[4.057s] -- Up-to-date: /home/faith/Work/carto_ws/install/cartographer/include/cartographer/sensor/odometry_data.h
[4.057s] -- Up-to-date: /home/faith/Work/carto_ws/install/cartographer/include/cartographer/sensor/point_cloud.h
[4.057s] -- Up-to-date: /home/faith/Work/carto_ws/install/cartographer/include/cartographer/sensor/range_data.h
[4.058s] -- Up-to-date: /home/faith/Work/carto_ws/install/cartographer/include/cartographer/sensor/rangefinder_point.h
[4.058s] -- Up-to-date: /home/faith/Work/carto_ws/install/cartographer/include/cartographer/sensor/timed_point_cloud_data.h
[4.059s] -- Up-to-date: /home/faith/Work/carto_ws/install/cartographer/include/cartographer/transform/rigid_transform.h
[4.059s] -- Up-to-date: /home/faith/Work/carto_ws/install/cartographer/include/cartographer/transform/timestamped_transform.h
[4.059s] -- Up-to-date: /home/faith/Work/carto_ws/install/cartographer/include/cartographer/transform/transform.h
[4.060s] -- Up-to-date: /home/faith/Work/carto_ws/install/cartographer/include/cartographer/transform/transform_interpolation_buffer.h
[4.060s] -- Up-to-date: /home/faith/Work/carto_ws/install/cartographer/include/cartographer/io/fake_file_writer.h
[4.060s] -- Up-to-date: /home/faith/Work/carto_ws/install/cartographer/include/cartographer/transform/rigid_transform_test_helpers.h
[4.061s] -- Up-to-date: /home/faith/Work/carto_ws/install/cartographer/include/cartographer/common/proto/ceres_solver_options.pb.h
[4.061s] -- Up-to-date: /home/faith/Work/carto_ws/install/cartographer/include/cartographer/ground_truth/proto/relations.pb.h
[4.061s] -- Up-to-date: /home/faith/Work/carto_ws/install/cartographer/include/cartographer/mapping/proto/cell_limits_2d.pb.h
[4.062s] -- Up-to-date: /home/faith/Work/carto_ws/install/cartographer/include/cartographer/mapping/proto/connected_components.pb.h
[4.062s] -- Up-to-date: /home/faith/Work/carto_ws/install/cartographer/include/cartographer/mapping/proto/grid_2d.pb.h
[4.062s] -- Up-to-date: /home/faith/Work/carto_ws/install/cartographer/include/cartographer/mapping/proto/grid_2d_options.pb.h
[4.063s] -- Up-to-date: /home/faith/Work/carto_ws/install/cartographer/include/cartographer/mapping/proto/hybrid_grid.pb.h
[4.063s] -- Up-to-date: /home/faith/Work/carto_ws/install/cartographer/include/cartographer/mapping/proto/local_trajectory_builder_options_2d.pb.h
[4.063s] -- Up-to-date: /home/faith/Work/carto_ws/install/cartographer/include/cartographer/mapping/proto/local_trajectory_builder_options_3d.pb.h
[4.064s] -- Up-to-date: /home/faith/Work/carto_ws/install/cartographer/include/cartographer/mapping/proto/map_builder_options.pb.h
[4.064s] -- Up-to-date: /home/faith/Work/carto_ws/install/cartographer/include/cartographer/mapping/proto/map_limits.pb.h
[4.064s] -- Up-to-date: /home/faith/Work/carto_ws/install/cartographer/include/cartographer/mapping/proto/motion_filter_options.pb.h
[4.065s] -- Up-to-date: /home/faith/Work/carto_ws/install/cartographer/include/cartographer/mapping/proto/normal_estimation_options_2d.pb.h
[4.065s] -- Up-to-date: /home/faith/Work/carto_ws/install/cartographer/include/cartographer/mapping/proto/pose_extrapolator_options.pb.h
[4.066s] -- Up-to-date: /home/faith/Work/carto_ws/install/cartographer/include/cartographer/mapping/proto/pose_graph.pb.h
[4.066s] -- Up-to-date: /home/faith/Work/carto_ws/install/cartographer/include/cartographer/mapping/proto/pose_graph/constraint_builder_options.pb.h
[4.066s] -- Up-to-date: /home/faith/Work/carto_ws/install/cartographer/include/cartographer/mapping/proto/pose_graph/optimization_problem_options.pb.h
[4.067s] -- Up-to-date: /home/faith/Work/carto_ws/install/cartographer/include/cartographer/mapping/proto/pose_graph_options.pb.h
[4.067s] -- Up-to-date: /home/faith/Work/carto_ws/install/cartographer/include/cartographer/mapping/proto/probability_grid.pb.h
[4.067s] -- Up-to-date: /home/faith/Work/carto_ws/install/cartographer/include/cartographer/mapping/proto/probability_grid_range_data_inserter_options_2d.pb.h
[4.068s] -- Up-to-date: /home/faith/Work/carto_ws/install/cartographer/include/cartographer/mapping/proto/range_data_inserter_options.pb.h
[4.068s] -- Up-to-date: /home/faith/Work/carto_ws/install/cartographer/include/cartographer/mapping/proto/range_data_inserter_options_3d.pb.h
[4.068s] -- Up-to-date: /home/faith/Work/carto_ws/install/cartographer/include/cartographer/mapping/proto/scan_matching/ceres_scan_matcher_options_2d.pb.h
[4.069s] -- Up-to-date: /home/faith/Work/carto_ws/install/cartographer/include/cartographer/mapping/proto/scan_matching/ceres_scan_matcher_options_3d.pb.h
[4.069s] -- Up-to-date: /home/faith/Work/carto_ws/install/cartographer/include/cartographer/mapping/proto/scan_matching/fast_correlative_scan_matcher_options_2d.pb.h
[4.069s] -- Up-to-date: /home/faith/Work/carto_ws/install/cartographer/include/cartographer/mapping/proto/scan_matching/fast_correlative_scan_matcher_options_3d.pb.h
[4.070s] -- Up-to-date: /home/faith/Work/carto_ws/install/cartographer/include/cartographer/mapping/proto/scan_matching/real_time_correlative_scan_matcher_options.pb.h
[4.070s] -- Up-to-date: /home/faith/Work/carto_ws/install/cartographer/include/cartographer/mapping/proto/serialization.pb.h
[4.070s] -- Up-to-date: /home/faith/Work/carto_ws/install/cartographer/include/cartographer/mapping/proto/submap.pb.h
[4.071s] -- Up-to-date: /home/faith/Work/carto_ws/install/cartographer/include/cartographer/mapping/proto/submap_visualization.pb.h
[4.071s] -- Up-to-date: /home/faith/Work/carto_ws/install/cartographer/include/cartographer/mapping/proto/submaps_options_2d.pb.h
[4.071s] -- Up-to-date: /home/faith/Work/carto_ws/install/cartographer/include/cartographer/mapping/proto/submaps_options_3d.pb.h
[4.072s] -- Up-to-date: /home/faith/Work/carto_ws/install/cartographer/include/cartographer/mapping/proto/trajectory.pb.h
[4.072s] -- Up-to-date: /home/faith/Work/carto_ws/install/cartographer/include/cartographer/mapping/proto/trajectory_builder_options.pb.h
[4.072s] -- Up-to-date: /home/faith/Work/carto_ws/install/cartographer/include/cartographer/mapping/proto/trajectory_node_data.pb.h
[4.072s] -- Up-to-date: /home/faith/Work/carto_ws/install/cartographer/include/cartographer/mapping/proto/tsdf_2d.pb.h
[4.072s] -- Up-to-date: /home/faith/Work/carto_ws/install/cartographer/include/cartographer/mapping/proto/tsdf_range_data_inserter_options_2d.pb.h
[4.072s] -- Up-to-date: /home/faith/Work/carto_ws/install/cartographer/include/cartographer/sensor/proto/adaptive_voxel_filter_options.pb.h
[4.072s] -- Up-to-date: /home/faith/Work/carto_ws/install/cartographer/include/cartographer/sensor/proto/sensor.pb.h
[4.072s] -- Up-to-date: /home/faith/Work/carto_ws/install/cartographer/include/cartographer/transform/proto/timestamped_transform.pb.h
[4.072s] -- Up-to-date: /home/faith/Work/carto_ws/install/cartographer/include/cartographer/transform/proto/transform.pb.h
[4.072s] -- Up-to-date: /home/faith/Work/carto_ws/install/cartographer/share/cartographer/cmake/CartographerTargets.cmake
[4.072s] -- Up-to-date: /home/faith/Work/carto_ws/install/cartographer/share/cartographer/cmake/CartographerTargets-release.cmake
[4.072s] -- Up-to-date: /home/faith/Work/carto_ws/install/cartographer/share/cartographer/cartographer-config.cmake
[4.073s] Invoked command in '/home/faith/Work/carto_ws/build/cartographer' returned '0': CMAKE_PREFIX_PATH=${CMAKE_PREFIX_PATH}:/home/faith/Work/carto_ws/install/fishbot_description:/opt/ros/humble /usr/bin/cmake --install /home/faith/Work/carto_ws/build/cartographer
