[0.033s] Invoking command in '/home/faith/Work/carto_ws/build/faithcar_msgs': CMAKE_PREFIX_PATH=${CMAKE_PREFIX_PATH}:/home/faith/Work/carto_ws/install/yahboomcar_description:/home/faith/Work/carto_ws/install/fishbot_description:/home/faith/Work/carto_ws/install/faithcar_ctrl:/home/faith/Work/carto_ws/install/city_li:/opt/ros/humble /usr/bin/cmake --build /home/faith/Work/carto_ws/build/faithcar_msgs -- -j8 -l8
[0.112s] -- Found ament_cmake: 1.3.5 (/opt/ros/humble/share/ament_cmake/cmake)
[0.414s] -- Found rosidl_default_generators: 1.2.0 (/opt/ros/humble/share/rosidl_default_generators/cmake)
[0.431s] -- Using all available rosidl_typesupport_c: rosidl_typesupport_fastrtps_c;rosidl_typesupport_introspection_c
[0.437s] -- Found rosidl_adapter: 3.1.4 (/opt/ros/humble/share/rosidl_adapter/cmake)
[0.483s] -- Using all available rosidl_typesupport_cpp: rosidl_typesupport_fastrtps_cpp;rosidl_typesupport_introspection_cpp
[0.522s] -- Found geometry_msgs: 4.2.3 (/opt/ros/humble/share/geometry_msgs/cmake)
[0.699s] -- Found actionlib_msgs: 4.2.3 (/opt/ros/humble/share/actionlib_msgs/cmake)
[1.393s] -- Found ament_cmake_ros: 0.10.0 (/opt/ros/humble/share/ament_cmake_ros/cmake)
[1.863s] -- Using all available rosidl_typesupport_c: rosidl_typesupport_fastrtps_c;rosidl_typesupport_introspection_c
[2.532s] -- Using all available rosidl_typesupport_cpp: rosidl_typesupport_fastrtps_cpp;rosidl_typesupport_introspection_cpp
[2.611s] -- Found python_cmake_module: 0.10.0 (/opt/ros/humble/share/python_cmake_module/cmake)
[2.661s] -- Using PYTHON_EXECUTABLE: /usr/bin/python3
[2.662s] -- Using PYTHON_INCLUDE_DIRS: /usr/include/python3.10
[2.662s] -- Using PYTHON_LIBRARIES: /usr/lib/aarch64-linux-gnu/libpython3.10.so
[2.733s] -- Found ament_lint_auto: 0.12.6 (/opt/ros/humble/share/ament_lint_auto/cmake)
[2.746s] -- Added test 'lint_cmake' to check CMake code style
[2.747s] -- Added test 'xmllint' to check XML markup files
[2.749s] -- Configuring done
[2.820s] -- Generating done
[2.826s] -- Build files have been written to: /home/faith/Work/carto_ws/build/faithcar_msgs
[2.914s] [  1%] [34m[1mGenerating C code for ROS interfaces[0m
[2.930s] [  1%] Built target ament_cmake_python_copy_faithcar_msgs
[2.959s] [  2%] [34m[1mGenerating C++ code for ROS interfaces[0m
[3.329s] running egg_info
[3.331s] writing faithcar_msgs.egg-info/PKG-INFO
[3.331s] writing dependency_links to faithcar_msgs.egg-info/dependency_links.txt
[3.331s] writing top-level names to faithcar_msgs.egg-info/top_level.txt
[3.336s] reading manifest file 'faithcar_msgs.egg-info/SOURCES.txt'
[3.337s] writing manifest file 'faithcar_msgs.egg-info/SOURCES.txt'
[3.426s] [  2%] Built target ament_cmake_python_build_faithcar_msgs_egg
[4.112s] [35m[1mConsolidate compiler generated dependencies of target faithcar_msgs__rosidl_generator_c[0m
[4.114s] [  2%] Built target faithcar_msgs__cpp
[4.135s] [  3%] [34m[1mGenerating C++ introspection for ROS interfaces[0m
[4.139s] [  5%] [34m[1mGenerating C++ type support for eProsima Fast-RTPS[0m
[4.139s] [  5%] [32mBuilding C object CMakeFiles/faithcar_msgs__rosidl_generator_c.dir/rosidl_generator_c/faithcar_msgs/msg/detail/position__functions.c.o[0m
[4.151s] [  6%] [34m[1mGenerating C++ type support dispatch for ROS interfaces[0m
[4.156s] [  9%] [32mBuilding C object CMakeFiles/faithcar_msgs__rosidl_generator_c.dir/rosidl_generator_c/faithcar_msgs/msg/detail/image_msg__functions.c.o[0m
[4.156s] [  9%] [32mBuilding C object CMakeFiles/faithcar_msgs__rosidl_generator_c.dir/rosidl_generator_c/faithcar_msgs/msg/detail/target__functions.c.o[0m
[4.156s] [ 10%] [32mBuilding C object CMakeFiles/faithcar_msgs__rosidl_generator_c.dir/rosidl_generator_c/faithcar_msgs/msg/detail/point_array__functions.c.o[0m
[4.164s] [ 11%] [32mBuilding C object CMakeFiles/faithcar_msgs__rosidl_generator_c.dir/rosidl_generator_c/faithcar_msgs/msg/detail/target_array__functions.c.o[0m
[4.216s] [ 12%] [32mBuilding C object CMakeFiles/faithcar_msgs__rosidl_generator_c.dir/rosidl_generator_c/faithcar_msgs/msg/detail/arm_joint__functions.c.o[0m
[4.278s] [ 13%] [32mBuilding C object CMakeFiles/faithcar_msgs__rosidl_generator_c.dir/rosidl_generator_c/faithcar_msgs/srv/detail/robot_arm_array__functions.c.o[0m
[4.296s] [ 14%] [32mBuilding C object CMakeFiles/faithcar_msgs__rosidl_generator_c.dir/rosidl_generator_c/faithcar_msgs/srv/detail/kinemarics__functions.c.o[0m
[4.461s] [ 16%] [32m[1mLinking C shared library libfaithcar_msgs__rosidl_generator_c.so[0m
[4.539s] [ 16%] Built target faithcar_msgs__rosidl_generator_c
[4.574s] [ 19%] [34m[1mGenerating C type support for eProsima Fast-RTPS[0m
[4.575s] [ 19%] [34m[1mGenerating C type support dispatch for ROS interfaces[0m
[4.575s] [ 19%] [34m[1mGenerating C introspection for ROS interfaces[0m
[5.044s] [35m[1mConsolidate compiler generated dependencies of target faithcar_msgs__rosidl_typesupport_cpp[0m
[5.069s] [ 20%] [32mBuilding CXX object CMakeFiles/faithcar_msgs__rosidl_typesupport_cpp.dir/rosidl_typesupport_cpp/faithcar_msgs/msg/position__type_support.cpp.o[0m
[5.083s] [ 21%] [32mBuilding CXX object CMakeFiles/faithcar_msgs__rosidl_typesupport_cpp.dir/rosidl_typesupport_cpp/faithcar_msgs/msg/point_array__type_support.cpp.o[0m
[5.084s] [35m[1mConsolidate compiler generated dependencies of target faithcar_msgs__rosidl_typesupport_introspection_cpp[0m
[5.116s] [ 22%] [32mBuilding CXX object CMakeFiles/faithcar_msgs__rosidl_typesupport_cpp.dir/rosidl_typesupport_cpp/faithcar_msgs/msg/image_msg__type_support.cpp.o[0m
[5.187s] [ 24%] [32mBuilding CXX object CMakeFiles/faithcar_msgs__rosidl_typesupport_introspection_cpp.dir/rosidl_typesupport_introspection_cpp/faithcar_msgs/msg/detail/position__type_support.cpp.o[0m
[5.409s] [35m[1mConsolidate compiler generated dependencies of target faithcar_msgs__rosidl_typesupport_fastrtps_cpp[0m
[5.504s] [ 25%] [32mBuilding CXX object CMakeFiles/faithcar_msgs__rosidl_typesupport_fastrtps_cpp.dir/rosidl_typesupport_fastrtps_cpp/faithcar_msgs/msg/detail/dds_fastrtps/position__type_support.cpp.o[0m
[5.507s] [ 26%] [32mBuilding CXX object CMakeFiles/faithcar_msgs__rosidl_typesupport_cpp.dir/rosidl_typesupport_cpp/faithcar_msgs/msg/target__type_support.cpp.o[0m
[5.639s] [35m[1mConsolidate compiler generated dependencies of target faithcar_msgs__rosidl_typesupport_c[0m
[5.705s] [ 27%] [32mBuilding CXX object CMakeFiles/faithcar_msgs__rosidl_typesupport_c.dir/rosidl_typesupport_c/faithcar_msgs/msg/position__type_support.cpp.o[0m
[5.717s] [35m[1mConsolidate compiler generated dependencies of target faithcar_msgs__rosidl_typesupport_introspection_c[0m
[5.739s] [ 28%] [32mBuilding C object CMakeFiles/faithcar_msgs__rosidl_typesupport_introspection_c.dir/rosidl_typesupport_introspection_c/faithcar_msgs/msg/detail/position__type_support.c.o[0m
[5.784s] [ 29%] [32mBuilding CXX object CMakeFiles/faithcar_msgs__rosidl_typesupport_cpp.dir/rosidl_typesupport_cpp/faithcar_msgs/msg/target_array__type_support.cpp.o[0m
[5.806s] [ 31%] [32mBuilding C object CMakeFiles/faithcar_msgs__rosidl_typesupport_introspection_c.dir/rosidl_typesupport_introspection_c/faithcar_msgs/msg/detail/point_array__type_support.c.o[0m
[5.854s] [ 32%] [32mBuilding CXX object CMakeFiles/faithcar_msgs__rosidl_typesupport_c.dir/rosidl_typesupport_c/faithcar_msgs/msg/point_array__type_support.cpp.o[0m
[5.863s] [ 33%] [32mBuilding CXX object CMakeFiles/faithcar_msgs__rosidl_typesupport_introspection_cpp.dir/rosidl_typesupport_introspection_cpp/faithcar_msgs/msg/detail/point_array__type_support.cpp.o[0m
[5.918s] [ 34%] [32mBuilding CXX object CMakeFiles/faithcar_msgs__rosidl_typesupport_c.dir/rosidl_typesupport_c/faithcar_msgs/msg/image_msg__type_support.cpp.o[0m
[5.973s] [ 35%] [32mBuilding C object CMakeFiles/faithcar_msgs__rosidl_typesupport_introspection_c.dir/rosidl_typesupport_introspection_c/faithcar_msgs/msg/detail/image_msg__type_support.c.o[0m
[5.987s] [ 36%] [32mBuilding C object CMakeFiles/faithcar_msgs__rosidl_typesupport_introspection_c.dir/rosidl_typesupport_introspection_c/faithcar_msgs/msg/detail/target__type_support.c.o[0m
[6.000s] [35m[1mConsolidate compiler generated dependencies of target faithcar_msgs__rosidl_typesupport_fastrtps_c[0m
[6.001s] [ 37%] [32mBuilding CXX object CMakeFiles/faithcar_msgs__rosidl_typesupport_c.dir/rosidl_typesupport_c/faithcar_msgs/msg/target__type_support.cpp.o[0m
[6.038s] [ 39%] [32mBuilding CXX object CMakeFiles/faithcar_msgs__rosidl_typesupport_fastrtps_cpp.dir/rosidl_typesupport_fastrtps_cpp/faithcar_msgs/msg/detail/dds_fastrtps/point_array__type_support.cpp.o[0m
[6.054s] [ 40%] [32mBuilding CXX object CMakeFiles/faithcar_msgs__rosidl_typesupport_fastrtps_c.dir/rosidl_typesupport_fastrtps_c/faithcar_msgs/msg/detail/position__type_support_c.cpp.o[0m
[6.095s] [ 41%] [32mBuilding CXX object CMakeFiles/faithcar_msgs__rosidl_typesupport_c.dir/rosidl_typesupport_c/faithcar_msgs/msg/target_array__type_support.cpp.o[0m
[6.114s] [ 42%] [32mBuilding C object CMakeFiles/faithcar_msgs__rosidl_typesupport_introspection_c.dir/rosidl_typesupport_introspection_c/faithcar_msgs/msg/detail/target_array__type_support.c.o[0m
[6.194s] [ 43%] [32mBuilding CXX object CMakeFiles/faithcar_msgs__rosidl_typesupport_c.dir/rosidl_typesupport_c/faithcar_msgs/msg/arm_joint__type_support.cpp.o[0m
[6.204s] [ 44%] [32mBuilding CXX object CMakeFiles/faithcar_msgs__rosidl_typesupport_cpp.dir/rosidl_typesupport_cpp/faithcar_msgs/msg/arm_joint__type_support.cpp.o[0m
[6.314s] [ 45%] [32mBuilding C object CMakeFiles/faithcar_msgs__rosidl_typesupport_introspection_c.dir/rosidl_typesupport_introspection_c/faithcar_msgs/msg/detail/arm_joint__type_support.c.o[0m
[6.334s] [ 47%] [32mBuilding CXX object CMakeFiles/faithcar_msgs__rosidl_typesupport_fastrtps_cpp.dir/rosidl_typesupport_fastrtps_cpp/faithcar_msgs/msg/detail/dds_fastrtps/image_msg__type_support.cpp.o[0m
[6.385s] [ 48%] [32mBuilding CXX object CMakeFiles/faithcar_msgs__rosidl_typesupport_c.dir/rosidl_typesupport_c/faithcar_msgs/srv/robot_arm_array__type_support.cpp.o[0m
[6.515s] [ 49%] [32mBuilding C object CMakeFiles/faithcar_msgs__rosidl_typesupport_introspection_c.dir/rosidl_typesupport_introspection_c/faithcar_msgs/srv/detail/robot_arm_array__type_support.c.o[0m
[6.557s] [ 50%] [32mBuilding CXX object CMakeFiles/faithcar_msgs__rosidl_typesupport_c.dir/rosidl_typesupport_c/faithcar_msgs/srv/kinemarics__type_support.cpp.o[0m
[6.596s] [ 51%] [32mBuilding CXX object CMakeFiles/faithcar_msgs__rosidl_typesupport_fastrtps_c.dir/rosidl_typesupport_fastrtps_c/faithcar_msgs/msg/detail/point_array__type_support_c.cpp.o[0m
[6.658s] [ 52%] [32mBuilding CXX object CMakeFiles/faithcar_msgs__rosidl_typesupport_cpp.dir/rosidl_typesupport_cpp/faithcar_msgs/srv/robot_arm_array__type_support.cpp.o[0m
[6.739s] [ 54%] [32m[1mLinking CXX shared library libfaithcar_msgs__rosidl_typesupport_c.so[0m
[6.747s] [ 55%] [32mBuilding C object CMakeFiles/faithcar_msgs__rosidl_typesupport_introspection_c.dir/rosidl_typesupport_introspection_c/faithcar_msgs/srv/detail/kinemarics__type_support.c.o[0m
[6.809s] [ 56%] [32mBuilding CXX object CMakeFiles/faithcar_msgs__rosidl_typesupport_fastrtps_cpp.dir/rosidl_typesupport_fastrtps_cpp/faithcar_msgs/msg/detail/dds_fastrtps/target__type_support.cpp.o[0m
[6.966s] [ 56%] Built target faithcar_msgs__rosidl_typesupport_c
[7.006s] [ 57%] [32m[1mLinking C shared library libfaithcar_msgs__rosidl_typesupport_introspection_c.so[0m
[7.008s] [ 58%] [32mBuilding CXX object CMakeFiles/faithcar_msgs__rosidl_typesupport_cpp.dir/rosidl_typesupport_cpp/faithcar_msgs/srv/kinemarics__type_support.cpp.o[0m
[7.067s] [ 59%] [32mBuilding CXX object CMakeFiles/faithcar_msgs__rosidl_typesupport_introspection_cpp.dir/rosidl_typesupport_introspection_cpp/faithcar_msgs/msg/detail/image_msg__type_support.cpp.o[0m
[7.152s] [ 60%] [32mBuilding CXX object CMakeFiles/faithcar_msgs__rosidl_typesupport_introspection_cpp.dir/rosidl_typesupport_introspection_cpp/faithcar_msgs/msg/detail/target_array__type_support.cpp.o[0m
[7.152s] [ 60%] Built target faithcar_msgs__rosidl_typesupport_introspection_c
[7.157s] [ 62%] [32mBuilding CXX object CMakeFiles/faithcar_msgs__rosidl_typesupport_introspection_cpp.dir/rosidl_typesupport_introspection_cpp/faithcar_msgs/msg/detail/target__type_support.cpp.o[0m
[7.176s] [ 63%] [32mBuilding CXX object CMakeFiles/faithcar_msgs__rosidl_typesupport_fastrtps_cpp.dir/rosidl_typesupport_fastrtps_cpp/faithcar_msgs/msg/detail/dds_fastrtps/target_array__type_support.cpp.o[0m
[7.178s] [ 64%] [32mBuilding CXX object CMakeFiles/faithcar_msgs__rosidl_typesupport_fastrtps_c.dir/rosidl_typesupport_fastrtps_c/faithcar_msgs/msg/detail/image_msg__type_support_c.cpp.o[0m
[7.442s] [ 65%] [32mBuilding CXX object CMakeFiles/faithcar_msgs__rosidl_typesupport_fastrtps_cpp.dir/rosidl_typesupport_fastrtps_cpp/faithcar_msgs/msg/detail/dds_fastrtps/arm_joint__type_support.cpp.o[0m
[7.684s] [ 66%] [32mBuilding CXX object CMakeFiles/faithcar_msgs__rosidl_typesupport_introspection_cpp.dir/rosidl_typesupport_introspection_cpp/faithcar_msgs/msg/detail/arm_joint__type_support.cpp.o[0m
[7.791s] [ 67%] [32mBuilding CXX object CMakeFiles/faithcar_msgs__rosidl_typesupport_fastrtps_c.dir/rosidl_typesupport_fastrtps_c/faithcar_msgs/msg/detail/target__type_support_c.cpp.o[0m
[7.988s] [ 68%] [32mBuilding CXX object CMakeFiles/faithcar_msgs__rosidl_typesupport_fastrtps_cpp.dir/rosidl_typesupport_fastrtps_cpp/faithcar_msgs/srv/detail/dds_fastrtps/robot_arm_array__type_support.cpp.o[0m
[7.996s] [ 70%] [32mBuilding CXX object CMakeFiles/faithcar_msgs__rosidl_typesupport_introspection_cpp.dir/rosidl_typesupport_introspection_cpp/faithcar_msgs/srv/detail/robot_arm_array__type_support.cpp.o[0m
[8.184s] [ 71%] [32mBuilding CXX object CMakeFiles/faithcar_msgs__rosidl_typesupport_introspection_cpp.dir/rosidl_typesupport_introspection_cpp/faithcar_msgs/srv/detail/kinemarics__type_support.cpp.o[0m
[8.305s] [ 72%] [32mBuilding CXX object CMakeFiles/faithcar_msgs__rosidl_typesupport_fastrtps_cpp.dir/rosidl_typesupport_fastrtps_cpp/faithcar_msgs/srv/detail/dds_fastrtps/kinemarics__type_support.cpp.o[0m
[8.312s] [ 73%] [32m[1mLinking CXX shared library libfaithcar_msgs__rosidl_typesupport_cpp.so[0m
[8.327s] [ 74%] [32mBuilding CXX object CMakeFiles/faithcar_msgs__rosidl_typesupport_fastrtps_c.dir/rosidl_typesupport_fastrtps_c/faithcar_msgs/msg/detail/target_array__type_support_c.cpp.o[0m
[8.376s] [ 74%] Built target faithcar_msgs__rosidl_typesupport_cpp
[8.390s] [ 75%] [32mBuilding CXX object CMakeFiles/faithcar_msgs__rosidl_typesupport_fastrtps_c.dir/rosidl_typesupport_fastrtps_c/faithcar_msgs/msg/detail/arm_joint__type_support_c.cpp.o[0m
[8.846s] [ 77%] [32mBuilding CXX object CMakeFiles/faithcar_msgs__rosidl_typesupport_fastrtps_c.dir/rosidl_typesupport_fastrtps_c/faithcar_msgs/srv/detail/robot_arm_array__type_support_c.cpp.o[0m
[8.943s] [ 78%] [32mBuilding CXX object CMakeFiles/faithcar_msgs__rosidl_typesupport_fastrtps_c.dir/rosidl_typesupport_fastrtps_c/faithcar_msgs/srv/detail/kinemarics__type_support_c.cpp.o[0m
[9.113s] [ 79%] [32m[1mLinking CXX shared library libfaithcar_msgs__rosidl_typesupport_introspection_cpp.so[0m
[9.390s] [ 79%] Built target faithcar_msgs__rosidl_typesupport_introspection_cpp
[9.497s] [ 80%] [32m[1mLinking CXX shared library libfaithcar_msgs__rosidl_typesupport_fastrtps_c.so[0m
[9.540s] [ 81%] [32m[1mLinking CXX shared library libfaithcar_msgs__rosidl_typesupport_fastrtps_cpp.so[0m
[9.681s] [ 81%] Built target faithcar_msgs__rosidl_typesupport_fastrtps_c
[9.702s] [ 81%] Built target faithcar_msgs__rosidl_typesupport_fastrtps_cpp
[9.765s] [ 81%] Built target faithcar_msgs
[9.836s] [ 82%] [34m[1mGenerating Python code for ROS interfaces[0m
[11.560s] [ 82%] Built target faithcar_msgs__py
[11.602s] [35m[1mConsolidate compiler generated dependencies of target faithcar_msgs__rosidl_generator_py[0m
[11.641s] [ 85%] [32mBuilding C object CMakeFiles/faithcar_msgs__rosidl_generator_py.dir/rosidl_generator_py/faithcar_msgs/srv/_robot_arm_array_s.c.o[0m
[11.642s] [ 85%] [32mBuilding C object CMakeFiles/faithcar_msgs__rosidl_generator_py.dir/rosidl_generator_py/faithcar_msgs/msg/_point_array_s.c.o[0m
[11.644s] [ 86%] [32mBuilding C object CMakeFiles/faithcar_msgs__rosidl_generator_py.dir/rosidl_generator_py/faithcar_msgs/msg/_arm_joint_s.c.o[0m
[11.645s] [ 87%] [32mBuilding C object CMakeFiles/faithcar_msgs__rosidl_generator_py.dir/rosidl_generator_py/faithcar_msgs/srv/_kinemarics_s.c.o[0m
[11.650s] [ 88%] [32mBuilding C object CMakeFiles/faithcar_msgs__rosidl_generator_py.dir/rosidl_generator_py/faithcar_msgs/msg/_target_s.c.o[0m
[11.654s] [ 90%] [32mBuilding C object CMakeFiles/faithcar_msgs__rosidl_generator_py.dir/rosidl_generator_py/faithcar_msgs/msg/_target_array_s.c.o[0m
[11.654s] [ 90%] [32mBuilding C object CMakeFiles/faithcar_msgs__rosidl_generator_py.dir/rosidl_generator_py/faithcar_msgs/msg/_position_s.c.o[0m
[11.654s] [ 91%] [32mBuilding C object CMakeFiles/faithcar_msgs__rosidl_generator_py.dir/rosidl_generator_py/faithcar_msgs/msg/_image_msg_s.c.o[0m
[12.053s] [ 93%] [32m[1mLinking C shared library rosidl_generator_py/faithcar_msgs/libfaithcar_msgs__rosidl_generator_py.so[0m
[12.191s] [ 93%] Built target faithcar_msgs__rosidl_generator_py
[12.215s] [35m[1mConsolidate compiler generated dependencies of target faithcar_msgs__rosidl_typesupport_introspection_c__pyext[0m
[12.217s] [35m[1mConsolidate compiler generated dependencies of target faithcar_msgs__rosidl_typesupport_c__pyext[0m
[12.237s] [35m[1mConsolidate compiler generated dependencies of target faithcar_msgs__rosidl_typesupport_fastrtps_c__pyext[0m
[12.251s] [ 94%] [32mBuilding C object CMakeFiles/faithcar_msgs__rosidl_typesupport_introspection_c__pyext.dir/rosidl_generator_py/faithcar_msgs/_faithcar_msgs_s.ep.rosidl_typesupport_introspection_c.c.o[0m
[12.264s] [ 95%] [32mBuilding C object CMakeFiles/faithcar_msgs__rosidl_typesupport_c__pyext.dir/rosidl_generator_py/faithcar_msgs/_faithcar_msgs_s.ep.rosidl_typesupport_c.c.o[0m
[12.287s] [ 96%] [32mBuilding C object CMakeFiles/faithcar_msgs__rosidl_typesupport_fastrtps_c__pyext.dir/rosidl_generator_py/faithcar_msgs/_faithcar_msgs_s.ep.rosidl_typesupport_fastrtps_c.c.o[0m
[12.472s] [ 97%] [32m[1mLinking C shared library rosidl_generator_py/faithcar_msgs/faithcar_msgs_s__rosidl_typesupport_introspection_c.cpython-310-aarch64-linux-gnu.so[0m
[12.488s] [ 98%] [32m[1mLinking C shared library rosidl_generator_py/faithcar_msgs/faithcar_msgs_s__rosidl_typesupport_fastrtps_c.cpython-310-aarch64-linux-gnu.so[0m
[12.508s] [100%] [32m[1mLinking C shared library rosidl_generator_py/faithcar_msgs/faithcar_msgs_s__rosidl_typesupport_c.cpython-310-aarch64-linux-gnu.so[0m
[12.565s] [100%] Built target faithcar_msgs__rosidl_typesupport_fastrtps_c__pyext
[12.571s] [100%] Built target faithcar_msgs__rosidl_typesupport_introspection_c__pyext
[12.636s] [100%] Built target faithcar_msgs__rosidl_typesupport_c__pyext
[12.669s] Invoked command in '/home/faith/Work/carto_ws/build/faithcar_msgs' returned '0': CMAKE_PREFIX_PATH=${CMAKE_PREFIX_PATH}:/home/faith/Work/carto_ws/install/yahboomcar_description:/home/faith/Work/carto_ws/install/fishbot_description:/home/faith/Work/carto_ws/install/faithcar_ctrl:/home/faith/Work/carto_ws/install/city_li:/opt/ros/humble /usr/bin/cmake --build /home/faith/Work/carto_ws/build/faithcar_msgs -- -j8 -l8
[13.329s] Invoking command in '/home/faith/Work/carto_ws/build/faithcar_msgs': CMAKE_PREFIX_PATH=${CMAKE_PREFIX_PATH}:/home/faith/Work/carto_ws/install/yahboomcar_description:/home/faith/Work/carto_ws/install/fishbot_description:/home/faith/Work/carto_ws/install/faithcar_ctrl:/home/faith/Work/carto_ws/install/city_li:/opt/ros/humble /usr/bin/cmake --install /home/faith/Work/carto_ws/build/faithcar_msgs
[13.361s] -- Install configuration: ""
[13.362s] -- Installing: /home/faith/Work/carto_ws/install/faithcar_msgs/share/ament_index/resource_index/rosidl_interfaces/faithcar_msgs
[13.362s] -- Up-to-date: /home/faith/Work/carto_ws/install/faithcar_msgs/include/faithcar_msgs/faithcar_msgs
[13.362s] -- Up-to-date: /home/faith/Work/carto_ws/install/faithcar_msgs/include/faithcar_msgs/faithcar_msgs/srv
[13.363s] -- Up-to-date: /home/faith/Work/carto_ws/install/faithcar_msgs/include/faithcar_msgs/faithcar_msgs/srv/detail
[13.363s] -- Installing: /home/faith/Work/carto_ws/install/faithcar_msgs/include/faithcar_msgs/faithcar_msgs/srv/detail/robot_arm_array__functions.c
[13.363s] -- Installing: /home/faith/Work/carto_ws/install/faithcar_msgs/include/faithcar_msgs/faithcar_msgs/srv/detail/robot_arm_array__type_support.h
[13.363s] -- Installing: /home/faith/Work/carto_ws/install/faithcar_msgs/include/faithcar_msgs/faithcar_msgs/srv/detail/kinemarics__type_support.h
[13.364s] -- Installing: /home/faith/Work/carto_ws/install/faithcar_msgs/include/faithcar_msgs/faithcar_msgs/srv/detail/kinemarics__struct.h
[13.364s] -- Installing: /home/faith/Work/carto_ws/install/faithcar_msgs/include/faithcar_msgs/faithcar_msgs/srv/detail/kinemarics__functions.c
[13.364s] -- Installing: /home/faith/Work/carto_ws/install/faithcar_msgs/include/faithcar_msgs/faithcar_msgs/srv/detail/robot_arm_array__struct.h
[13.365s] -- Installing: /home/faith/Work/carto_ws/install/faithcar_msgs/include/faithcar_msgs/faithcar_msgs/srv/detail/kinemarics__functions.h
[13.365s] -- Installing: /home/faith/Work/carto_ws/install/faithcar_msgs/include/faithcar_msgs/faithcar_msgs/srv/detail/robot_arm_array__functions.h
[13.365s] -- Installing: /home/faith/Work/carto_ws/install/faithcar_msgs/include/faithcar_msgs/faithcar_msgs/srv/robot_arm_array.h
[13.366s] -- Installing: /home/faith/Work/carto_ws/install/faithcar_msgs/include/faithcar_msgs/faithcar_msgs/srv/kinemarics.h
[13.366s] -- Up-to-date: /home/faith/Work/carto_ws/install/faithcar_msgs/include/faithcar_msgs/faithcar_msgs/msg
[13.366s] -- Installing: /home/faith/Work/carto_ws/install/faithcar_msgs/include/faithcar_msgs/faithcar_msgs/msg/arm_joint.h
[13.366s] -- Installing: /home/faith/Work/carto_ws/install/faithcar_msgs/include/faithcar_msgs/faithcar_msgs/msg/image_msg.h
[13.367s] -- Up-to-date: /home/faith/Work/carto_ws/install/faithcar_msgs/include/faithcar_msgs/faithcar_msgs/msg/detail
[13.367s] -- Installing: /home/faith/Work/carto_ws/install/faithcar_msgs/include/faithcar_msgs/faithcar_msgs/msg/detail/arm_joint__functions.c
[13.367s] -- Installing: /home/faith/Work/carto_ws/install/faithcar_msgs/include/faithcar_msgs/faithcar_msgs/msg/detail/position__type_support.h
[13.368s] -- Installing: /home/faith/Work/carto_ws/install/faithcar_msgs/include/faithcar_msgs/faithcar_msgs/msg/detail/target__functions.h
[13.368s] -- Installing: /home/faith/Work/carto_ws/install/faithcar_msgs/include/faithcar_msgs/faithcar_msgs/msg/detail/target_array__functions.c
[13.368s] -- Installing: /home/faith/Work/carto_ws/install/faithcar_msgs/include/faithcar_msgs/faithcar_msgs/msg/detail/image_msg__type_support.h
[13.368s] -- Installing: /home/faith/Work/carto_ws/install/faithcar_msgs/include/faithcar_msgs/faithcar_msgs/msg/detail/target__functions.c
[13.369s] -- Installing: /home/faith/Work/carto_ws/install/faithcar_msgs/include/faithcar_msgs/faithcar_msgs/msg/detail/image_msg__struct.h
[13.369s] -- Installing: /home/faith/Work/carto_ws/install/faithcar_msgs/include/faithcar_msgs/faithcar_msgs/msg/detail/target_array__type_support.h
[13.369s] -- Installing: /home/faith/Work/carto_ws/install/faithcar_msgs/include/faithcar_msgs/faithcar_msgs/msg/detail/target_array__functions.h
[13.370s] -- Installing: /home/faith/Work/carto_ws/install/faithcar_msgs/include/faithcar_msgs/faithcar_msgs/msg/detail/target__type_support.h
[13.370s] -- Installing: /home/faith/Work/carto_ws/install/faithcar_msgs/include/faithcar_msgs/faithcar_msgs/msg/detail/target_array__struct.h
[13.370s] -- Installing: /home/faith/Work/carto_ws/install/faithcar_msgs/include/faithcar_msgs/faithcar_msgs/msg/detail/arm_joint__type_support.h
[13.371s] -- Installing: /home/faith/Work/carto_ws/install/faithcar_msgs/include/faithcar_msgs/faithcar_msgs/msg/detail/target__struct.h
[13.371s] -- Installing: /home/faith/Work/carto_ws/install/faithcar_msgs/include/faithcar_msgs/faithcar_msgs/msg/detail/arm_joint__struct.h
[13.372s] -- Installing: /home/faith/Work/carto_ws/install/faithcar_msgs/include/faithcar_msgs/faithcar_msgs/msg/detail/position__functions.h
[13.372s] -- Installing: /home/faith/Work/carto_ws/install/faithcar_msgs/include/faithcar_msgs/faithcar_msgs/msg/detail/point_array__struct.h
[13.372s] -- Installing: /home/faith/Work/carto_ws/install/faithcar_msgs/include/faithcar_msgs/faithcar_msgs/msg/detail/point_array__functions.c
[13.373s] -- Installing: /home/faith/Work/carto_ws/install/faithcar_msgs/include/faithcar_msgs/faithcar_msgs/msg/detail/point_array__type_support.h
[13.373s] -- Installing: /home/faith/Work/carto_ws/install/faithcar_msgs/include/faithcar_msgs/faithcar_msgs/msg/detail/position__struct.h
[13.373s] -- Installing: /home/faith/Work/carto_ws/install/faithcar_msgs/include/faithcar_msgs/faithcar_msgs/msg/detail/position__functions.c
[13.374s] -- Installing: /home/faith/Work/carto_ws/install/faithcar_msgs/include/faithcar_msgs/faithcar_msgs/msg/detail/image_msg__functions.h
[13.374s] -- Installing: /home/faith/Work/carto_ws/install/faithcar_msgs/include/faithcar_msgs/faithcar_msgs/msg/detail/arm_joint__functions.h
[13.375s] -- Installing: /home/faith/Work/carto_ws/install/faithcar_msgs/include/faithcar_msgs/faithcar_msgs/msg/detail/point_array__functions.h
[13.375s] -- Installing: /home/faith/Work/carto_ws/install/faithcar_msgs/include/faithcar_msgs/faithcar_msgs/msg/detail/image_msg__functions.c
[13.375s] -- Installing: /home/faith/Work/carto_ws/install/faithcar_msgs/include/faithcar_msgs/faithcar_msgs/msg/target_array.h
[13.376s] -- Installing: /home/faith/Work/carto_ws/install/faithcar_msgs/include/faithcar_msgs/faithcar_msgs/msg/position.h
[13.376s] -- Installing: /home/faith/Work/carto_ws/install/faithcar_msgs/include/faithcar_msgs/faithcar_msgs/msg/point_array.h
[13.377s] -- Up-to-date: /home/faith/Work/carto_ws/install/faithcar_msgs/include/faithcar_msgs/faithcar_msgs/msg/rosidl_generator_c__visibility_control.h
[13.377s] -- Installing: /home/faith/Work/carto_ws/install/faithcar_msgs/include/faithcar_msgs/faithcar_msgs/msg/target.h
[13.377s] -- Up-to-date: /home/faith/Work/carto_ws/install/faithcar_msgs/share/faithcar_msgs/environment/library_path.sh
[13.378s] -- Installing: /home/faith/Work/carto_ws/install/faithcar_msgs/share/faithcar_msgs/environment/library_path.dsv
[13.378s] -- Installing: /home/faith/Work/carto_ws/install/faithcar_msgs/lib/libfaithcar_msgs__rosidl_generator_c.so
[13.378s] -- Set runtime path of "/home/faith/Work/carto_ws/install/faithcar_msgs/lib/libfaithcar_msgs__rosidl_generator_c.so" to ""
[13.379s] -- Up-to-date: /home/faith/Work/carto_ws/install/faithcar_msgs/include/faithcar_msgs/faithcar_msgs
[13.379s] -- Up-to-date: /home/faith/Work/carto_ws/install/faithcar_msgs/include/faithcar_msgs/faithcar_msgs/srv
[13.380s] -- Up-to-date: /home/faith/Work/carto_ws/install/faithcar_msgs/include/faithcar_msgs/faithcar_msgs/srv/detail
[13.380s] -- Installing: /home/faith/Work/carto_ws/install/faithcar_msgs/include/faithcar_msgs/faithcar_msgs/srv/detail/robot_arm_array__rosidl_typesupport_fastrtps_c.h
[13.380s] -- Installing: /home/faith/Work/carto_ws/install/faithcar_msgs/include/faithcar_msgs/faithcar_msgs/srv/detail/kinemarics__rosidl_typesupport_fastrtps_c.h
[13.381s] -- Up-to-date: /home/faith/Work/carto_ws/install/faithcar_msgs/include/faithcar_msgs/faithcar_msgs/msg
[13.381s] -- Up-to-date: /home/faith/Work/carto_ws/install/faithcar_msgs/include/faithcar_msgs/faithcar_msgs/msg/detail
[13.382s] -- Installing: /home/faith/Work/carto_ws/install/faithcar_msgs/include/faithcar_msgs/faithcar_msgs/msg/detail/image_msg__rosidl_typesupport_fastrtps_c.h
[13.382s] -- Installing: /home/faith/Work/carto_ws/install/faithcar_msgs/include/faithcar_msgs/faithcar_msgs/msg/detail/target_array__rosidl_typesupport_fastrtps_c.h
[13.382s] -- Installing: /home/faith/Work/carto_ws/install/faithcar_msgs/include/faithcar_msgs/faithcar_msgs/msg/detail/point_array__rosidl_typesupport_fastrtps_c.h
[13.383s] -- Installing: /home/faith/Work/carto_ws/install/faithcar_msgs/include/faithcar_msgs/faithcar_msgs/msg/detail/position__rosidl_typesupport_fastrtps_c.h
[13.383s] -- Installing: /home/faith/Work/carto_ws/install/faithcar_msgs/include/faithcar_msgs/faithcar_msgs/msg/detail/target__rosidl_typesupport_fastrtps_c.h
[13.384s] -- Installing: /home/faith/Work/carto_ws/install/faithcar_msgs/include/faithcar_msgs/faithcar_msgs/msg/detail/arm_joint__rosidl_typesupport_fastrtps_c.h
[13.384s] -- Up-to-date: /home/faith/Work/carto_ws/install/faithcar_msgs/include/faithcar_msgs/faithcar_msgs/msg/rosidl_typesupport_fastrtps_c__visibility_control.h
[13.384s] -- Installing: /home/faith/Work/carto_ws/install/faithcar_msgs/lib/libfaithcar_msgs__rosidl_typesupport_fastrtps_c.so
[13.385s] -- Set runtime path of "/home/faith/Work/carto_ws/install/faithcar_msgs/lib/libfaithcar_msgs__rosidl_typesupport_fastrtps_c.so" to ""
[13.385s] -- Up-to-date: /home/faith/Work/carto_ws/install/faithcar_msgs/include/faithcar_msgs/faithcar_msgs
[13.386s] -- Up-to-date: /home/faith/Work/carto_ws/install/faithcar_msgs/include/faithcar_msgs/faithcar_msgs/srv
[13.386s] -- Up-to-date: /home/faith/Work/carto_ws/install/faithcar_msgs/include/faithcar_msgs/faithcar_msgs/srv/detail
[13.386s] -- Installing: /home/faith/Work/carto_ws/install/faithcar_msgs/include/faithcar_msgs/faithcar_msgs/srv/detail/kinemarics__type_support.c
[13.387s] -- Installing: /home/faith/Work/carto_ws/install/faithcar_msgs/include/faithcar_msgs/faithcar_msgs/srv/detail/robot_arm_array__type_support.c
[13.387s] -- Installing: /home/faith/Work/carto_ws/install/faithcar_msgs/include/faithcar_msgs/faithcar_msgs/srv/detail/kinemarics__rosidl_typesupport_introspection_c.h
[13.388s] -- Installing: /home/faith/Work/carto_ws/install/faithcar_msgs/include/faithcar_msgs/faithcar_msgs/srv/detail/robot_arm_array__rosidl_typesupport_introspection_c.h
[13.388s] -- Up-to-date: /home/faith/Work/carto_ws/install/faithcar_msgs/include/faithcar_msgs/faithcar_msgs/msg
[13.389s] -- Up-to-date: /home/faith/Work/carto_ws/install/faithcar_msgs/include/faithcar_msgs/faithcar_msgs/msg/detail
[13.389s] -- Installing: /home/faith/Work/carto_ws/install/faithcar_msgs/include/faithcar_msgs/faithcar_msgs/msg/detail/point_array__rosidl_typesupport_introspection_c.h
[13.389s] -- Installing: /home/faith/Work/carto_ws/install/faithcar_msgs/include/faithcar_msgs/faithcar_msgs/msg/detail/target__type_support.c
[13.390s] -- Installing: /home/faith/Work/carto_ws/install/faithcar_msgs/include/faithcar_msgs/faithcar_msgs/msg/detail/position__rosidl_typesupport_introspection_c.h
[13.390s] -- Installing: /home/faith/Work/carto_ws/install/faithcar_msgs/include/faithcar_msgs/faithcar_msgs/msg/detail/target_array__type_support.c
[13.391s] -- Installing: /home/faith/Work/carto_ws/install/faithcar_msgs/include/faithcar_msgs/faithcar_msgs/msg/detail/image_msg__type_support.c
[13.391s] -- Installing: /home/faith/Work/carto_ws/install/faithcar_msgs/include/faithcar_msgs/faithcar_msgs/msg/detail/point_array__type_support.c
[13.392s] -- Installing: /home/faith/Work/carto_ws/install/faithcar_msgs/include/faithcar_msgs/faithcar_msgs/msg/detail/target__rosidl_typesupport_introspection_c.h
[13.392s] -- Installing: /home/faith/Work/carto_ws/install/faithcar_msgs/include/faithcar_msgs/faithcar_msgs/msg/detail/image_msg__rosidl_typesupport_introspection_c.h
[13.393s] -- Installing: /home/faith/Work/carto_ws/install/faithcar_msgs/include/faithcar_msgs/faithcar_msgs/msg/detail/position__type_support.c
[13.393s] -- Installing: /home/faith/Work/carto_ws/install/faithcar_msgs/include/faithcar_msgs/faithcar_msgs/msg/detail/target_array__rosidl_typesupport_introspection_c.h
[13.394s] -- Installing: /home/faith/Work/carto_ws/install/faithcar_msgs/include/faithcar_msgs/faithcar_msgs/msg/detail/arm_joint__type_support.c
[13.394s] -- Installing: /home/faith/Work/carto_ws/install/faithcar_msgs/include/faithcar_msgs/faithcar_msgs/msg/detail/arm_joint__rosidl_typesupport_introspection_c.h
[13.394s] -- Up-to-date: /home/faith/Work/carto_ws/install/faithcar_msgs/include/faithcar_msgs/faithcar_msgs/msg/rosidl_typesupport_introspection_c__visibility_control.h
[13.395s] -- Installing: /home/faith/Work/carto_ws/install/faithcar_msgs/lib/libfaithcar_msgs__rosidl_typesupport_introspection_c.so
[13.395s] -- Set runtime path of "/home/faith/Work/carto_ws/install/faithcar_msgs/lib/libfaithcar_msgs__rosidl_typesupport_introspection_c.so" to ""
[13.396s] -- Installing: /home/faith/Work/carto_ws/install/faithcar_msgs/lib/libfaithcar_msgs__rosidl_typesupport_c.so
[13.396s] -- Set runtime path of "/home/faith/Work/carto_ws/install/faithcar_msgs/lib/libfaithcar_msgs__rosidl_typesupport_c.so" to ""
[13.396s] -- Up-to-date: /home/faith/Work/carto_ws/install/faithcar_msgs/include/faithcar_msgs/faithcar_msgs
[13.397s] -- Up-to-date: /home/faith/Work/carto_ws/install/faithcar_msgs/include/faithcar_msgs/faithcar_msgs/srv
[13.397s] -- Installing: /home/faith/Work/carto_ws/install/faithcar_msgs/include/faithcar_msgs/faithcar_msgs/srv/kinemarics.hpp
[13.398s] -- Up-to-date: /home/faith/Work/carto_ws/install/faithcar_msgs/include/faithcar_msgs/faithcar_msgs/srv/detail
[13.398s] -- Installing: /home/faith/Work/carto_ws/install/faithcar_msgs/include/faithcar_msgs/faithcar_msgs/srv/detail/robot_arm_array__builder.hpp
[13.398s] -- Installing: /home/faith/Work/carto_ws/install/faithcar_msgs/include/faithcar_msgs/faithcar_msgs/srv/detail/robot_arm_array__struct.hpp
[13.399s] -- Installing: /home/faith/Work/carto_ws/install/faithcar_msgs/include/faithcar_msgs/faithcar_msgs/srv/detail/kinemarics__builder.hpp
[13.399s] -- Installing: /home/faith/Work/carto_ws/install/faithcar_msgs/include/faithcar_msgs/faithcar_msgs/srv/detail/kinemarics__struct.hpp
[13.399s] -- Installing: /home/faith/Work/carto_ws/install/faithcar_msgs/include/faithcar_msgs/faithcar_msgs/srv/detail/robot_arm_array__traits.hpp
[13.400s] -- Installing: /home/faith/Work/carto_ws/install/faithcar_msgs/include/faithcar_msgs/faithcar_msgs/srv/detail/kinemarics__traits.hpp
[13.400s] -- Installing: /home/faith/Work/carto_ws/install/faithcar_msgs/include/faithcar_msgs/faithcar_msgs/srv/robot_arm_array.hpp
[13.400s] -- Up-to-date: /home/faith/Work/carto_ws/install/faithcar_msgs/include/faithcar_msgs/faithcar_msgs/msg
[13.401s] -- Installing: /home/faith/Work/carto_ws/install/faithcar_msgs/include/faithcar_msgs/faithcar_msgs/msg/image_msg.hpp
[13.401s] -- Up-to-date: /home/faith/Work/carto_ws/install/faithcar_msgs/include/faithcar_msgs/faithcar_msgs/msg/detail
[13.401s] -- Installing: /home/faith/Work/carto_ws/install/faithcar_msgs/include/faithcar_msgs/faithcar_msgs/msg/detail/point_array__struct.hpp
[13.402s] -- Installing: /home/faith/Work/carto_ws/install/faithcar_msgs/include/faithcar_msgs/faithcar_msgs/msg/detail/position__builder.hpp
[13.402s] -- Installing: /home/faith/Work/carto_ws/install/faithcar_msgs/include/faithcar_msgs/faithcar_msgs/msg/detail/arm_joint__builder.hpp
[13.402s] -- Installing: /home/faith/Work/carto_ws/install/faithcar_msgs/include/faithcar_msgs/faithcar_msgs/msg/detail/arm_joint__traits.hpp
[13.403s] -- Installing: /home/faith/Work/carto_ws/install/faithcar_msgs/include/faithcar_msgs/faithcar_msgs/msg/detail/position__struct.hpp
[13.403s] -- Installing: /home/faith/Work/carto_ws/install/faithcar_msgs/include/faithcar_msgs/faithcar_msgs/msg/detail/image_msg__builder.hpp
[13.404s] -- Installing: /home/faith/Work/carto_ws/install/faithcar_msgs/include/faithcar_msgs/faithcar_msgs/msg/detail/target_array__traits.hpp
[13.404s] -- Installing: /home/faith/Work/carto_ws/install/faithcar_msgs/include/faithcar_msgs/faithcar_msgs/msg/detail/target_array__struct.hpp
[13.404s] -- Installing: /home/faith/Work/carto_ws/install/faithcar_msgs/include/faithcar_msgs/faithcar_msgs/msg/detail/point_array__builder.hpp
[13.405s] -- Installing: /home/faith/Work/carto_ws/install/faithcar_msgs/include/faithcar_msgs/faithcar_msgs/msg/detail/arm_joint__struct.hpp
[13.405s] -- Installing: /home/faith/Work/carto_ws/install/faithcar_msgs/include/faithcar_msgs/faithcar_msgs/msg/detail/image_msg__traits.hpp
[13.405s] -- Installing: /home/faith/Work/carto_ws/install/faithcar_msgs/include/faithcar_msgs/faithcar_msgs/msg/detail/target__builder.hpp
[13.406s] -- Installing: /home/faith/Work/carto_ws/install/faithcar_msgs/include/faithcar_msgs/faithcar_msgs/msg/detail/point_array__traits.hpp
[13.406s] -- Installing: /home/faith/Work/carto_ws/install/faithcar_msgs/include/faithcar_msgs/faithcar_msgs/msg/detail/target__traits.hpp
[13.407s] -- Installing: /home/faith/Work/carto_ws/install/faithcar_msgs/include/faithcar_msgs/faithcar_msgs/msg/detail/target_array__builder.hpp
[13.407s] -- Installing: /home/faith/Work/carto_ws/install/faithcar_msgs/include/faithcar_msgs/faithcar_msgs/msg/detail/target__struct.hpp
[13.407s] -- Installing: /home/faith/Work/carto_ws/install/faithcar_msgs/include/faithcar_msgs/faithcar_msgs/msg/detail/image_msg__struct.hpp
[13.408s] -- Installing: /home/faith/Work/carto_ws/install/faithcar_msgs/include/faithcar_msgs/faithcar_msgs/msg/detail/position__traits.hpp
[13.408s] -- Installing: /home/faith/Work/carto_ws/install/faithcar_msgs/include/faithcar_msgs/faithcar_msgs/msg/point_array.hpp
[13.408s] -- Installing: /home/faith/Work/carto_ws/install/faithcar_msgs/include/faithcar_msgs/faithcar_msgs/msg/position.hpp
[13.409s] -- Installing: /home/faith/Work/carto_ws/install/faithcar_msgs/include/faithcar_msgs/faithcar_msgs/msg/target.hpp
[13.409s] -- Installing: /home/faith/Work/carto_ws/install/faithcar_msgs/include/faithcar_msgs/faithcar_msgs/msg/target_array.hpp
[13.409s] -- Installing: /home/faith/Work/carto_ws/install/faithcar_msgs/include/faithcar_msgs/faithcar_msgs/msg/arm_joint.hpp
[13.410s] -- Up-to-date: /home/faith/Work/carto_ws/install/faithcar_msgs/include/faithcar_msgs/faithcar_msgs
[13.410s] -- Up-to-date: /home/faith/Work/carto_ws/install/faithcar_msgs/include/faithcar_msgs/faithcar_msgs/srv
[13.410s] -- Up-to-date: /home/faith/Work/carto_ws/install/faithcar_msgs/include/faithcar_msgs/faithcar_msgs/srv/detail
[13.411s] -- Up-to-date: /home/faith/Work/carto_ws/install/faithcar_msgs/include/faithcar_msgs/faithcar_msgs/srv/detail/dds_fastrtps
[13.411s] -- Installing: /home/faith/Work/carto_ws/install/faithcar_msgs/include/faithcar_msgs/faithcar_msgs/srv/detail/robot_arm_array__rosidl_typesupport_fastrtps_cpp.hpp
[13.412s] -- Installing: /home/faith/Work/carto_ws/install/faithcar_msgs/include/faithcar_msgs/faithcar_msgs/srv/detail/kinemarics__rosidl_typesupport_fastrtps_cpp.hpp
[13.412s] -- Up-to-date: /home/faith/Work/carto_ws/install/faithcar_msgs/include/faithcar_msgs/faithcar_msgs/msg
[13.412s] -- Up-to-date: /home/faith/Work/carto_ws/install/faithcar_msgs/include/faithcar_msgs/faithcar_msgs/msg/detail
[13.413s] -- Installing: /home/faith/Work/carto_ws/install/faithcar_msgs/include/faithcar_msgs/faithcar_msgs/msg/detail/target__rosidl_typesupport_fastrtps_cpp.hpp
[13.413s] -- Up-to-date: /home/faith/Work/carto_ws/install/faithcar_msgs/include/faithcar_msgs/faithcar_msgs/msg/detail/dds_fastrtps
[13.413s] -- Installing: /home/faith/Work/carto_ws/install/faithcar_msgs/include/faithcar_msgs/faithcar_msgs/msg/detail/point_array__rosidl_typesupport_fastrtps_cpp.hpp
[13.414s] -- Installing: /home/faith/Work/carto_ws/install/faithcar_msgs/include/faithcar_msgs/faithcar_msgs/msg/detail/image_msg__rosidl_typesupport_fastrtps_cpp.hpp
[13.414s] -- Installing: /home/faith/Work/carto_ws/install/faithcar_msgs/include/faithcar_msgs/faithcar_msgs/msg/detail/arm_joint__rosidl_typesupport_fastrtps_cpp.hpp
[13.414s] -- Installing: /home/faith/Work/carto_ws/install/faithcar_msgs/include/faithcar_msgs/faithcar_msgs/msg/detail/target_array__rosidl_typesupport_fastrtps_cpp.hpp
[13.415s] -- Installing: /home/faith/Work/carto_ws/install/faithcar_msgs/include/faithcar_msgs/faithcar_msgs/msg/detail/position__rosidl_typesupport_fastrtps_cpp.hpp
[13.415s] -- Up-to-date: /home/faith/Work/carto_ws/install/faithcar_msgs/include/faithcar_msgs/faithcar_msgs/msg/rosidl_typesupport_fastrtps_cpp__visibility_control.h
[13.415s] -- Installing: /home/faith/Work/carto_ws/install/faithcar_msgs/lib/libfaithcar_msgs__rosidl_typesupport_fastrtps_cpp.so
[13.416s] -- Set runtime path of "/home/faith/Work/carto_ws/install/faithcar_msgs/lib/libfaithcar_msgs__rosidl_typesupport_fastrtps_cpp.so" to ""
[13.416s] -- Up-to-date: /home/faith/Work/carto_ws/install/faithcar_msgs/include/faithcar_msgs/faithcar_msgs
[13.417s] -- Up-to-date: /home/faith/Work/carto_ws/install/faithcar_msgs/include/faithcar_msgs/faithcar_msgs/srv
[13.417s] -- Up-to-date: /home/faith/Work/carto_ws/install/faithcar_msgs/include/faithcar_msgs/faithcar_msgs/srv/detail
[13.417s] -- Installing: /home/faith/Work/carto_ws/install/faithcar_msgs/include/faithcar_msgs/faithcar_msgs/srv/detail/robot_arm_array__rosidl_typesupport_introspection_cpp.hpp
[13.418s] -- Installing: /home/faith/Work/carto_ws/install/faithcar_msgs/include/faithcar_msgs/faithcar_msgs/srv/detail/kinemarics__rosidl_typesupport_introspection_cpp.hpp
[13.418s] -- Installing: /home/faith/Work/carto_ws/install/faithcar_msgs/include/faithcar_msgs/faithcar_msgs/srv/detail/kinemarics__type_support.cpp
[13.418s] -- Installing: /home/faith/Work/carto_ws/install/faithcar_msgs/include/faithcar_msgs/faithcar_msgs/srv/detail/robot_arm_array__type_support.cpp
[13.419s] -- Up-to-date: /home/faith/Work/carto_ws/install/faithcar_msgs/include/faithcar_msgs/faithcar_msgs/msg
[13.419s] -- Up-to-date: /home/faith/Work/carto_ws/install/faithcar_msgs/include/faithcar_msgs/faithcar_msgs/msg/detail
[13.419s] -- Installing: /home/faith/Work/carto_ws/install/faithcar_msgs/include/faithcar_msgs/faithcar_msgs/msg/detail/image_msg__rosidl_typesupport_introspection_cpp.hpp
[13.420s] -- Installing: /home/faith/Work/carto_ws/install/faithcar_msgs/include/faithcar_msgs/faithcar_msgs/msg/detail/target_array__rosidl_typesupport_introspection_cpp.hpp
[13.420s] -- Installing: /home/faith/Work/carto_ws/install/faithcar_msgs/include/faithcar_msgs/faithcar_msgs/msg/detail/arm_joint__rosidl_typesupport_introspection_cpp.hpp
[13.421s] -- Installing: /home/faith/Work/carto_ws/install/faithcar_msgs/include/faithcar_msgs/faithcar_msgs/msg/detail/arm_joint__type_support.cpp
[13.421s] -- Installing: /home/faith/Work/carto_ws/install/faithcar_msgs/include/faithcar_msgs/faithcar_msgs/msg/detail/target_array__type_support.cpp
[13.421s] -- Installing: /home/faith/Work/carto_ws/install/faithcar_msgs/include/faithcar_msgs/faithcar_msgs/msg/detail/position__type_support.cpp
[13.422s] -- Installing: /home/faith/Work/carto_ws/install/faithcar_msgs/include/faithcar_msgs/faithcar_msgs/msg/detail/image_msg__type_support.cpp
[13.422s] -- Installing: /home/faith/Work/carto_ws/install/faithcar_msgs/include/faithcar_msgs/faithcar_msgs/msg/detail/point_array__type_support.cpp
[13.422s] -- Installing: /home/faith/Work/carto_ws/install/faithcar_msgs/include/faithcar_msgs/faithcar_msgs/msg/detail/target__type_support.cpp
[13.422s] -- Installing: /home/faith/Work/carto_ws/install/faithcar_msgs/include/faithcar_msgs/faithcar_msgs/msg/detail/target__rosidl_typesupport_introspection_cpp.hpp
[13.422s] -- Installing: /home/faith/Work/carto_ws/install/faithcar_msgs/include/faithcar_msgs/faithcar_msgs/msg/detail/point_array__rosidl_typesupport_introspection_cpp.hpp
[13.422s] -- Installing: /home/faith/Work/carto_ws/install/faithcar_msgs/include/faithcar_msgs/faithcar_msgs/msg/detail/position__rosidl_typesupport_introspection_cpp.hpp
[13.422s] -- Installing: /home/faith/Work/carto_ws/install/faithcar_msgs/lib/libfaithcar_msgs__rosidl_typesupport_introspection_cpp.so
[13.422s] -- Set runtime path of "/home/faith/Work/carto_ws/install/faithcar_msgs/lib/libfaithcar_msgs__rosidl_typesupport_introspection_cpp.so" to ""
[13.422s] -- Installing: /home/faith/Work/carto_ws/install/faithcar_msgs/lib/libfaithcar_msgs__rosidl_typesupport_cpp.so
[13.422s] -- Set runtime path of "/home/faith/Work/carto_ws/install/faithcar_msgs/lib/libfaithcar_msgs__rosidl_typesupport_cpp.so" to ""
[13.422s] -- Up-to-date: /home/faith/Work/carto_ws/install/faithcar_msgs/share/faithcar_msgs/environment/pythonpath.sh
[13.423s] -- Installing: /home/faith/Work/carto_ws/install/faithcar_msgs/share/faithcar_msgs/environment/pythonpath.dsv
[13.423s] -- Up-to-date: /home/faith/Work/carto_ws/install/faithcar_msgs/local/lib/python3.10/dist-packages/faithcar_msgs-0.0.0-py3.10.egg-info
[13.423s] -- Installing: /home/faith/Work/carto_ws/install/faithcar_msgs/local/lib/python3.10/dist-packages/faithcar_msgs-0.0.0-py3.10.egg-info/SOURCES.txt
[13.423s] -- Installing: /home/faith/Work/carto_ws/install/faithcar_msgs/local/lib/python3.10/dist-packages/faithcar_msgs-0.0.0-py3.10.egg-info/PKG-INFO
[13.423s] -- Installing: /home/faith/Work/carto_ws/install/faithcar_msgs/local/lib/python3.10/dist-packages/faithcar_msgs-0.0.0-py3.10.egg-info/top_level.txt
[13.423s] -- Installing: /home/faith/Work/carto_ws/install/faithcar_msgs/local/lib/python3.10/dist-packages/faithcar_msgs-0.0.0-py3.10.egg-info/dependency_links.txt
[13.423s] -- Up-to-date: /home/faith/Work/carto_ws/install/faithcar_msgs/local/lib/python3.10/dist-packages/faithcar_msgs
[13.423s] -- Installing: /home/faith/Work/carto_ws/install/faithcar_msgs/local/lib/python3.10/dist-packages/faithcar_msgs/_faithcar_msgs_s.ep.rosidl_typesupport_c.c
[13.423s] -- Installing: /home/faith/Work/carto_ws/install/faithcar_msgs/local/lib/python3.10/dist-packages/faithcar_msgs/faithcar_msgs_s__rosidl_typesupport_fastrtps_c.cpython-310-aarch64-linux-gnu.so
[13.423s] -- Installing: /home/faith/Work/carto_ws/install/faithcar_msgs/local/lib/python3.10/dist-packages/faithcar_msgs/faithcar_msgs_s__rosidl_typesupport_introspection_c.cpython-310-aarch64-linux-gnu.so
[13.423s] -- Up-to-date: /home/faith/Work/carto_ws/install/faithcar_msgs/local/lib/python3.10/dist-packages/faithcar_msgs/srv
[13.423s] -- Installing: /home/faith/Work/carto_ws/install/faithcar_msgs/local/lib/python3.10/dist-packages/faithcar_msgs/srv/_kinemarics_s.c
[13.423s] -- Installing: /home/faith/Work/carto_ws/install/faithcar_msgs/local/lib/python3.10/dist-packages/faithcar_msgs/srv/__init__.py
[13.423s] -- Installing: /home/faith/Work/carto_ws/install/faithcar_msgs/local/lib/python3.10/dist-packages/faithcar_msgs/srv/_kinemarics.py
[13.424s] -- Installing: /home/faith/Work/carto_ws/install/faithcar_msgs/local/lib/python3.10/dist-packages/faithcar_msgs/srv/_robot_arm_array_s.c
[13.424s] -- Installing: /home/faith/Work/carto_ws/install/faithcar_msgs/local/lib/python3.10/dist-packages/faithcar_msgs/srv/_robot_arm_array.py
[13.424s] -- Installing: /home/faith/Work/carto_ws/install/faithcar_msgs/local/lib/python3.10/dist-packages/faithcar_msgs/faithcar_msgs_s__rosidl_typesupport_c.cpython-310-aarch64-linux-gnu.so
[13.424s] -- Installing: /home/faith/Work/carto_ws/install/faithcar_msgs/local/lib/python3.10/dist-packages/faithcar_msgs/_faithcar_msgs_s.ep.rosidl_typesupport_introspection_c.c
[13.424s] -- Installing: /home/faith/Work/carto_ws/install/faithcar_msgs/local/lib/python3.10/dist-packages/faithcar_msgs/libfaithcar_msgs__rosidl_generator_py.so
[13.424s] -- Up-to-date: /home/faith/Work/carto_ws/install/faithcar_msgs/local/lib/python3.10/dist-packages/faithcar_msgs/msg
[13.424s] -- Installing: /home/faith/Work/carto_ws/install/faithcar_msgs/local/lib/python3.10/dist-packages/faithcar_msgs/msg/_position.py
[13.424s] -- Installing: /home/faith/Work/carto_ws/install/faithcar_msgs/local/lib/python3.10/dist-packages/faithcar_msgs/msg/_target.py
[13.424s] -- Installing: /home/faith/Work/carto_ws/install/faithcar_msgs/local/lib/python3.10/dist-packages/faithcar_msgs/msg/_image_msg.py
[13.424s] -- Installing: /home/faith/Work/carto_ws/install/faithcar_msgs/local/lib/python3.10/dist-packages/faithcar_msgs/msg/_image_msg_s.c
[13.424s] -- Installing: /home/faith/Work/carto_ws/install/faithcar_msgs/local/lib/python3.10/dist-packages/faithcar_msgs/msg/_target_array.py
[13.424s] -- Installing: /home/faith/Work/carto_ws/install/faithcar_msgs/local/lib/python3.10/dist-packages/faithcar_msgs/msg/_target_s.c
[13.424s] -- Installing: /home/faith/Work/carto_ws/install/faithcar_msgs/local/lib/python3.10/dist-packages/faithcar_msgs/msg/__init__.py
[13.424s] -- Installing: /home/faith/Work/carto_ws/install/faithcar_msgs/local/lib/python3.10/dist-packages/faithcar_msgs/msg/_arm_joint.py
[13.424s] -- Installing: /home/faith/Work/carto_ws/install/faithcar_msgs/local/lib/python3.10/dist-packages/faithcar_msgs/msg/_target_array_s.c
[13.425s] -- Installing: /home/faith/Work/carto_ws/install/faithcar_msgs/local/lib/python3.10/dist-packages/faithcar_msgs/msg/_arm_joint_s.c
[13.425s] -- Installing: /home/faith/Work/carto_ws/install/faithcar_msgs/local/lib/python3.10/dist-packages/faithcar_msgs/msg/_point_array_s.c
[13.425s] -- Installing: /home/faith/Work/carto_ws/install/faithcar_msgs/local/lib/python3.10/dist-packages/faithcar_msgs/msg/_point_array.py
[13.425s] -- Installing: /home/faith/Work/carto_ws/install/faithcar_msgs/local/lib/python3.10/dist-packages/faithcar_msgs/msg/_position_s.c
[13.425s] -- Installing: /home/faith/Work/carto_ws/install/faithcar_msgs/local/lib/python3.10/dist-packages/faithcar_msgs/__init__.py
[13.425s] -- Installing: /home/faith/Work/carto_ws/install/faithcar_msgs/local/lib/python3.10/dist-packages/faithcar_msgs/_faithcar_msgs_s.ep.rosidl_typesupport_fastrtps_c.c
[13.476s] Listing '/home/faith/Work/carto_ws/install/faithcar_msgs/local/lib/python3.10/dist-packages/faithcar_msgs'...
[13.476s] Compiling '/home/faith/Work/carto_ws/install/faithcar_msgs/local/lib/python3.10/dist-packages/faithcar_msgs/__init__.py'...
[13.476s] Listing '/home/faith/Work/carto_ws/install/faithcar_msgs/local/lib/python3.10/dist-packages/faithcar_msgs/msg'...
[13.476s] Compiling '/home/faith/Work/carto_ws/install/faithcar_msgs/local/lib/python3.10/dist-packages/faithcar_msgs/msg/__init__.py'...
[13.477s] Compiling '/home/faith/Work/carto_ws/install/faithcar_msgs/local/lib/python3.10/dist-packages/faithcar_msgs/msg/_arm_joint.py'...
[13.477s] Compiling '/home/faith/Work/carto_ws/install/faithcar_msgs/local/lib/python3.10/dist-packages/faithcar_msgs/msg/_image_msg.py'...
[13.477s] Compiling '/home/faith/Work/carto_ws/install/faithcar_msgs/local/lib/python3.10/dist-packages/faithcar_msgs/msg/_point_array.py'...
[13.477s] Compiling '/home/faith/Work/carto_ws/install/faithcar_msgs/local/lib/python3.10/dist-packages/faithcar_msgs/msg/_position.py'...
[13.477s] Compiling '/home/faith/Work/carto_ws/install/faithcar_msgs/local/lib/python3.10/dist-packages/faithcar_msgs/msg/_target.py'...
[13.477s] Compiling '/home/faith/Work/carto_ws/install/faithcar_msgs/local/lib/python3.10/dist-packages/faithcar_msgs/msg/_target_array.py'...
[13.477s] Listing '/home/faith/Work/carto_ws/install/faithcar_msgs/local/lib/python3.10/dist-packages/faithcar_msgs/srv'...
[13.477s] Compiling '/home/faith/Work/carto_ws/install/faithcar_msgs/local/lib/python3.10/dist-packages/faithcar_msgs/srv/__init__.py'...
[13.477s] Compiling '/home/faith/Work/carto_ws/install/faithcar_msgs/local/lib/python3.10/dist-packages/faithcar_msgs/srv/_kinemarics.py'...
[13.477s] Compiling '/home/faith/Work/carto_ws/install/faithcar_msgs/local/lib/python3.10/dist-packages/faithcar_msgs/srv/_robot_arm_array.py'...
[13.488s] -- Installing: /home/faith/Work/carto_ws/install/faithcar_msgs/local/lib/python3.10/dist-packages/faithcar_msgs/faithcar_msgs_s__rosidl_typesupport_fastrtps_c.cpython-310-aarch64-linux-gnu.so
[13.488s] -- Set runtime path of "/home/faith/Work/carto_ws/install/faithcar_msgs/local/lib/python3.10/dist-packages/faithcar_msgs/faithcar_msgs_s__rosidl_typesupport_fastrtps_c.cpython-310-aarch64-linux-gnu.so" to ""
[13.488s] -- Installing: /home/faith/Work/carto_ws/install/faithcar_msgs/local/lib/python3.10/dist-packages/faithcar_msgs/faithcar_msgs_s__rosidl_typesupport_introspection_c.cpython-310-aarch64-linux-gnu.so
[13.489s] -- Set runtime path of "/home/faith/Work/carto_ws/install/faithcar_msgs/local/lib/python3.10/dist-packages/faithcar_msgs/faithcar_msgs_s__rosidl_typesupport_introspection_c.cpython-310-aarch64-linux-gnu.so" to ""
[13.489s] -- Installing: /home/faith/Work/carto_ws/install/faithcar_msgs/local/lib/python3.10/dist-packages/faithcar_msgs/faithcar_msgs_s__rosidl_typesupport_c.cpython-310-aarch64-linux-gnu.so
[13.490s] -- Set runtime path of "/home/faith/Work/carto_ws/install/faithcar_msgs/local/lib/python3.10/dist-packages/faithcar_msgs/faithcar_msgs_s__rosidl_typesupport_c.cpython-310-aarch64-linux-gnu.so" to ""
[13.490s] -- Installing: /home/faith/Work/carto_ws/install/faithcar_msgs/lib/libfaithcar_msgs__rosidl_generator_py.so
[13.491s] -- Set runtime path of "/home/faith/Work/carto_ws/install/faithcar_msgs/lib/libfaithcar_msgs__rosidl_generator_py.so" to ""
[13.491s] -- Up-to-date: /home/faith/Work/carto_ws/install/faithcar_msgs/share/faithcar_msgs/msg/Position.idl
[13.491s] -- Up-to-date: /home/faith/Work/carto_ws/install/faithcar_msgs/share/faithcar_msgs/msg/PointArray.idl
[13.492s] -- Up-to-date: /home/faith/Work/carto_ws/install/faithcar_msgs/share/faithcar_msgs/msg/ImageMsg.idl
[13.493s] -- Up-to-date: /home/faith/Work/carto_ws/install/faithcar_msgs/share/faithcar_msgs/msg/Target.idl
[13.493s] -- Installing: /home/faith/Work/carto_ws/install/faithcar_msgs/share/faithcar_msgs/msg/TargetArray.idl
[13.493s] -- Up-to-date: /home/faith/Work/carto_ws/install/faithcar_msgs/share/faithcar_msgs/msg/ArmJoint.idl
[13.494s] -- Up-to-date: /home/faith/Work/carto_ws/install/faithcar_msgs/share/faithcar_msgs/srv/RobotArmArray.idl
[13.494s] -- Up-to-date: /home/faith/Work/carto_ws/install/faithcar_msgs/share/faithcar_msgs/srv/Kinemarics.idl
[13.494s] -- Up-to-date: /home/faith/Work/carto_ws/install/faithcar_msgs/share/faithcar_msgs/msg/Position.msg
[13.495s] -- Up-to-date: /home/faith/Work/carto_ws/install/faithcar_msgs/share/faithcar_msgs/msg/PointArray.msg
[13.495s] -- Up-to-date: /home/faith/Work/carto_ws/install/faithcar_msgs/share/faithcar_msgs/msg/ImageMsg.msg
[13.495s] -- Up-to-date: /home/faith/Work/carto_ws/install/faithcar_msgs/share/faithcar_msgs/msg/Target.msg
[13.496s] -- Installing: /home/faith/Work/carto_ws/install/faithcar_msgs/share/faithcar_msgs/msg/TargetArray.msg
[13.497s] -- Up-to-date: /home/faith/Work/carto_ws/install/faithcar_msgs/share/faithcar_msgs/msg/ArmJoint.msg
[13.498s] -- Up-to-date: /home/faith/Work/carto_ws/install/faithcar_msgs/share/faithcar_msgs/srv/RobotArmArray.srv
[13.498s] -- Up-to-date: /home/faith/Work/carto_ws/install/faithcar_msgs/share/faithcar_msgs/srv/RobotArmArray_Request.msg
[13.499s] -- Up-to-date: /home/faith/Work/carto_ws/install/faithcar_msgs/share/faithcar_msgs/srv/RobotArmArray_Response.msg
[13.499s] -- Up-to-date: /home/faith/Work/carto_ws/install/faithcar_msgs/share/faithcar_msgs/srv/Kinemarics.srv
[13.499s] -- Up-to-date: /home/faith/Work/carto_ws/install/faithcar_msgs/share/faithcar_msgs/srv/Kinemarics_Request.msg
[13.500s] -- Up-to-date: /home/faith/Work/carto_ws/install/faithcar_msgs/share/faithcar_msgs/srv/Kinemarics_Response.msg
[13.500s] -- Up-to-date: /home/faith/Work/carto_ws/install/faithcar_msgs/share/ament_index/resource_index/package_run_dependencies/faithcar_msgs
[13.500s] -- Up-to-date: /home/faith/Work/carto_ws/install/faithcar_msgs/share/ament_index/resource_index/parent_prefix_path/faithcar_msgs
[13.501s] -- Up-to-date: /home/faith/Work/carto_ws/install/faithcar_msgs/share/faithcar_msgs/environment/ament_prefix_path.sh
[13.501s] -- Installing: /home/faith/Work/carto_ws/install/faithcar_msgs/share/faithcar_msgs/environment/ament_prefix_path.dsv
[13.501s] -- Up-to-date: /home/faith/Work/carto_ws/install/faithcar_msgs/share/faithcar_msgs/environment/path.sh
[13.502s] -- Installing: /home/faith/Work/carto_ws/install/faithcar_msgs/share/faithcar_msgs/environment/path.dsv
[13.502s] -- Up-to-date: /home/faith/Work/carto_ws/install/faithcar_msgs/share/faithcar_msgs/local_setup.bash
[13.502s] -- Up-to-date: /home/faith/Work/carto_ws/install/faithcar_msgs/share/faithcar_msgs/local_setup.sh
[13.503s] -- Up-to-date: /home/faith/Work/carto_ws/install/faithcar_msgs/share/faithcar_msgs/local_setup.zsh
[13.503s] -- Installing: /home/faith/Work/carto_ws/install/faithcar_msgs/share/faithcar_msgs/local_setup.dsv
[13.503s] -- Installing: /home/faith/Work/carto_ws/install/faithcar_msgs/share/faithcar_msgs/package.dsv
[13.504s] -- Up-to-date: /home/faith/Work/carto_ws/install/faithcar_msgs/share/ament_index/resource_index/packages/faithcar_msgs
[13.504s] -- Up-to-date: /home/faith/Work/carto_ws/install/faithcar_msgs/share/faithcar_msgs/cmake/export_faithcar_msgs__rosidl_generator_cExport.cmake
[13.505s] -- Up-to-date: /home/faith/Work/carto_ws/install/faithcar_msgs/share/faithcar_msgs/cmake/export_faithcar_msgs__rosidl_generator_cExport-noconfig.cmake
[13.505s] -- Up-to-date: /home/faith/Work/carto_ws/install/faithcar_msgs/share/faithcar_msgs/cmake/export_faithcar_msgs__rosidl_typesupport_fastrtps_cExport.cmake
[13.505s] -- Up-to-date: /home/faith/Work/carto_ws/install/faithcar_msgs/share/faithcar_msgs/cmake/export_faithcar_msgs__rosidl_typesupport_fastrtps_cExport-noconfig.cmake
[13.506s] -- Up-to-date: /home/faith/Work/carto_ws/install/faithcar_msgs/share/faithcar_msgs/cmake/faithcar_msgs__rosidl_typesupport_introspection_cExport.cmake
[13.506s] -- Up-to-date: /home/faith/Work/carto_ws/install/faithcar_msgs/share/faithcar_msgs/cmake/faithcar_msgs__rosidl_typesupport_introspection_cExport-noconfig.cmake
[13.506s] -- Up-to-date: /home/faith/Work/carto_ws/install/faithcar_msgs/share/faithcar_msgs/cmake/faithcar_msgs__rosidl_typesupport_cExport.cmake
[13.507s] -- Up-to-date: /home/faith/Work/carto_ws/install/faithcar_msgs/share/faithcar_msgs/cmake/faithcar_msgs__rosidl_typesupport_cExport-noconfig.cmake
[13.507s] -- Up-to-date: /home/faith/Work/carto_ws/install/faithcar_msgs/share/faithcar_msgs/cmake/export_faithcar_msgs__rosidl_generator_cppExport.cmake
[13.507s] -- Up-to-date: /home/faith/Work/carto_ws/install/faithcar_msgs/share/faithcar_msgs/cmake/export_faithcar_msgs__rosidl_typesupport_fastrtps_cppExport.cmake
[13.508s] -- Up-to-date: /home/faith/Work/carto_ws/install/faithcar_msgs/share/faithcar_msgs/cmake/export_faithcar_msgs__rosidl_typesupport_fastrtps_cppExport-noconfig.cmake
[13.509s] -- Up-to-date: /home/faith/Work/carto_ws/install/faithcar_msgs/share/faithcar_msgs/cmake/faithcar_msgs__rosidl_typesupport_introspection_cppExport.cmake
[13.510s] -- Up-to-date: /home/faith/Work/carto_ws/install/faithcar_msgs/share/faithcar_msgs/cmake/faithcar_msgs__rosidl_typesupport_introspection_cppExport-noconfig.cmake
[13.511s] -- Up-to-date: /home/faith/Work/carto_ws/install/faithcar_msgs/share/faithcar_msgs/cmake/faithcar_msgs__rosidl_typesupport_cppExport.cmake
[13.515s] -- Up-to-date: /home/faith/Work/carto_ws/install/faithcar_msgs/share/faithcar_msgs/cmake/faithcar_msgs__rosidl_typesupport_cppExport-noconfig.cmake
[13.516s] -- Up-to-date: /home/faith/Work/carto_ws/install/faithcar_msgs/share/faithcar_msgs/cmake/export_faithcar_msgs__rosidl_generator_pyExport.cmake
[13.517s] -- Up-to-date: /home/faith/Work/carto_ws/install/faithcar_msgs/share/faithcar_msgs/cmake/export_faithcar_msgs__rosidl_generator_pyExport-noconfig.cmake
[13.518s] -- Installing: /home/faith/Work/carto_ws/install/faithcar_msgs/share/faithcar_msgs/cmake/rosidl_cmake-extras.cmake
[13.520s] -- Up-to-date: /home/faith/Work/carto_ws/install/faithcar_msgs/share/faithcar_msgs/cmake/ament_cmake_export_dependencies-extras.cmake
[13.520s] -- Up-to-date: /home/faith/Work/carto_ws/install/faithcar_msgs/share/faithcar_msgs/cmake/ament_cmake_export_include_directories-extras.cmake
[13.525s] -- Up-to-date: /home/faith/Work/carto_ws/install/faithcar_msgs/share/faithcar_msgs/cmake/ament_cmake_export_libraries-extras.cmake
[13.526s] -- Up-to-date: /home/faith/Work/carto_ws/install/faithcar_msgs/share/faithcar_msgs/cmake/ament_cmake_export_targets-extras.cmake
[13.527s] -- Up-to-date: /home/faith/Work/carto_ws/install/faithcar_msgs/share/faithcar_msgs/cmake/rosidl_cmake_export_typesupport_targets-extras.cmake
[13.527s] -- Up-to-date: /home/faith/Work/carto_ws/install/faithcar_msgs/share/faithcar_msgs/cmake/rosidl_cmake_export_typesupport_libraries-extras.cmake
[13.531s] -- Up-to-date: /home/faith/Work/carto_ws/install/faithcar_msgs/share/faithcar_msgs/cmake/faithcar_msgsConfig.cmake
[13.533s] -- Up-to-date: /home/faith/Work/carto_ws/install/faithcar_msgs/share/faithcar_msgs/cmake/faithcar_msgsConfig-version.cmake
[13.533s] -- Up-to-date: /home/faith/Work/carto_ws/install/faithcar_msgs/share/faithcar_msgs/package.xml
[13.534s] Invoked command in '/home/faith/Work/carto_ws/build/faithcar_msgs' returned '0': CMAKE_PREFIX_PATH=${CMAKE_PREFIX_PATH}:/home/faith/Work/carto_ws/install/yahboomcar_description:/home/faith/Work/carto_ws/install/fishbot_description:/home/faith/Work/carto_ws/install/faithcar_ctrl:/home/faith/Work/carto_ws/install/city_li:/opt/ros/humble /usr/bin/cmake --install /home/faith/Work/carto_ws/build/faithcar_msgs
