[0.025s] Invoking command in '/home/faith/Work/carto_ws/build/astra_camera': CMAKE_PREFIX_PATH=/home/faith/Work/carto_ws/install/astra_camera_msgs:/home/faith/Work/carto_ws/install/sllidar_ros2:/home/faith/Work/carto_ws/install/orbbec_description:/home/faith/Work/carto_ws/install/orbbec_camera:/home/faith/Work/carto_ws/install/orbbec_camera_msgs:/home/faith/Work/carto_ws/install/faithbot_cartographer:/home/faith/Work/carto_ws/install/cartographer_rviz:/home/faith/Work/carto_ws/install/cartographer_ros:/home/faith/Work/carto_ws/install/cartographer_ros_msgs:/home/faith/Work/carto_ws/install/cartographer:/home/faith/Work/carto_ws/install/astra_camera:/home/faith/Work/carto_ws/install/fishbot_description:/opt/ros/humble LD_LIBRARY_PATH=/home/faith/Work/carto_ws/install/astra_camera_msgs/lib:/home/faith/Work/carto_ws/install/orbbec_camera/lib:/home/faith/Work/carto_ws/install/orbbec_camera_msgs/lib:/home/faith/Work/carto_ws/install/cartographer_rviz/lib:/home/faith/Work/carto_ws/install/cartographer_ros/lib:/home/faith/Work/carto_ws/install/cartographer_ros_msgs/lib:/home/faith/Work/carto_ws/install/astra_camera/lib:/opt/ros/humble/opt/rviz_ogre_vendor/lib:/opt/ros/humble/lib/aarch64-linux-gnu:/opt/ros/humble/lib /usr/bin/cmake --build /home/faith/Work/carto_ws/build/astra_camera -- -j8 -l8
[0.180s] [ 87%] Built target astra_camera
[0.260s] [100%] Built target list_devices_node
[0.279s] Invoked command in '/home/faith/Work/carto_ws/build/astra_camera' returned '0': CMAKE_PREFIX_PATH=/home/faith/Work/carto_ws/install/astra_camera_msgs:/home/faith/Work/carto_ws/install/sllidar_ros2:/home/faith/Work/carto_ws/install/orbbec_description:/home/faith/Work/carto_ws/install/orbbec_camera:/home/faith/Work/carto_ws/install/orbbec_camera_msgs:/home/faith/Work/carto_ws/install/faithbot_cartographer:/home/faith/Work/carto_ws/install/cartographer_rviz:/home/faith/Work/carto_ws/install/cartographer_ros:/home/faith/Work/carto_ws/install/cartographer_ros_msgs:/home/faith/Work/carto_ws/install/cartographer:/home/faith/Work/carto_ws/install/astra_camera:/home/faith/Work/carto_ws/install/fishbot_description:/opt/ros/humble LD_LIBRARY_PATH=/home/faith/Work/carto_ws/install/astra_camera_msgs/lib:/home/faith/Work/carto_ws/install/orbbec_camera/lib:/home/faith/Work/carto_ws/install/orbbec_camera_msgs/lib:/home/faith/Work/carto_ws/install/cartographer_rviz/lib:/home/faith/Work/carto_ws/install/cartographer_ros/lib:/home/faith/Work/carto_ws/install/cartographer_ros_msgs/lib:/home/faith/Work/carto_ws/install/astra_camera/lib:/opt/ros/humble/opt/rviz_ogre_vendor/lib:/opt/ros/humble/lib/aarch64-linux-gnu:/opt/ros/humble/lib /usr/bin/cmake --build /home/faith/Work/carto_ws/build/astra_camera -- -j8 -l8
[0.371s] Invoking command in '/home/faith/Work/carto_ws/build/astra_camera': CMAKE_PREFIX_PATH=/home/faith/Work/carto_ws/install/astra_camera_msgs:/home/faith/Work/carto_ws/install/sllidar_ros2:/home/faith/Work/carto_ws/install/orbbec_description:/home/faith/Work/carto_ws/install/orbbec_camera:/home/faith/Work/carto_ws/install/orbbec_camera_msgs:/home/faith/Work/carto_ws/install/faithbot_cartographer:/home/faith/Work/carto_ws/install/cartographer_rviz:/home/faith/Work/carto_ws/install/cartographer_ros:/home/faith/Work/carto_ws/install/cartographer_ros_msgs:/home/faith/Work/carto_ws/install/cartographer:/home/faith/Work/carto_ws/install/astra_camera:/home/faith/Work/carto_ws/install/fishbot_description:/opt/ros/humble LD_LIBRARY_PATH=/home/faith/Work/carto_ws/install/astra_camera_msgs/lib:/home/faith/Work/carto_ws/install/orbbec_camera/lib:/home/faith/Work/carto_ws/install/orbbec_camera_msgs/lib:/home/faith/Work/carto_ws/install/cartographer_rviz/lib:/home/faith/Work/carto_ws/install/cartographer_ros/lib:/home/faith/Work/carto_ws/install/cartographer_ros_msgs/lib:/home/faith/Work/carto_ws/install/astra_camera/lib:/opt/ros/humble/opt/rviz_ogre_vendor/lib:/opt/ros/humble/lib/aarch64-linux-gnu:/opt/ros/humble/lib /usr/bin/cmake --install /home/faith/Work/carto_ws/build/astra_camera
[0.381s] -- Install configuration: "Debug"
[0.381s] -- Up-to-date: /home/faith/Work/carto_ws/install/astra_camera/lib/libastra_camera.so
[0.383s] -- Up-to-date: /home/faith/Work/carto_ws/install/astra_camera/lib/libOpenNI2.so
[0.383s] -- Up-to-date: /home/faith/Work/carto_ws/install/astra_camera/lib//OpenNI2
[0.383s] -- Up-to-date: /home/faith/Work/carto_ws/install/astra_camera/lib//OpenNI2/Drivers
[0.384s] -- Up-to-date: /home/faith/Work/carto_ws/install/astra_camera/lib//OpenNI2/Drivers/OniFile.ini
[0.384s] -- Up-to-date: /home/faith/Work/carto_ws/install/astra_camera/lib//OpenNI2/Drivers/liborbbec.so
[0.384s] -- Up-to-date: /home/faith/Work/carto_ws/install/astra_camera/lib//OpenNI2/Drivers/libOniFile.so
[0.386s] -- Up-to-date: /home/faith/Work/carto_ws/install/astra_camera/lib//OpenNI2/Drivers/orbbec.ini
[0.386s] -- Up-to-date: /home/faith/Work/carto_ws/install/astra_camera/lib/astra_camera/list_devices_node
[0.386s] -- Up-to-date: /home/faith/Work/carto_ws/install/astra_camera/include
[0.387s] -- Up-to-date: /home/faith/Work/carto_ws/install/astra_camera/include/astra_camera
[0.387s] -- Up-to-date: /home/faith/Work/carto_ws/install/astra_camera/include/astra_camera/utils.h
[0.388s] -- Up-to-date: /home/faith/Work/carto_ws/install/astra_camera/include/astra_camera/device_listener.h
[0.388s] -- Up-to-date: /home/faith/Work/carto_ws/install/astra_camera/include/astra_camera/ros_param_backend.h
[0.390s] -- Up-to-date: /home/faith/Work/carto_ws/install/astra_camera/include/astra_camera/types.h
[0.394s] -- Up-to-date: /home/faith/Work/carto_ws/install/astra_camera/include/astra_camera/ob_timer_filter.h
[0.395s] -- Up-to-date: /home/faith/Work/carto_ws/install/astra_camera/include/astra_camera/dynamic_params.h
[0.395s] -- Up-to-date: /home/faith/Work/carto_ws/install/astra_camera/include/astra_camera/uvc_camera_driver.h
[0.396s] -- Up-to-date: /home/faith/Work/carto_ws/install/astra_camera/include/astra_camera/point_cloud_proc
[0.396s] -- Up-to-date: /home/faith/Work/carto_ws/install/astra_camera/include/astra_camera/point_cloud_proc/point_cloud_xyz.h
[0.397s] -- Up-to-date: /home/faith/Work/carto_ws/install/astra_camera/include/astra_camera/point_cloud_proc/point_cloud_xyzrgb.h
[0.397s] -- Up-to-date: /home/faith/Work/carto_ws/install/astra_camera/include/astra_camera/point_cloud_proc/depth_traits.h
[0.398s] -- Up-to-date: /home/faith/Work/carto_ws/install/astra_camera/include/astra_camera/constants.h
[0.398s] -- Up-to-date: /home/faith/Work/carto_ws/install/astra_camera/include/astra_camera/ob_camera_node_factory.h
[0.398s] -- Up-to-date: /home/faith/Work/carto_ws/install/astra_camera/include/astra_camera/ob_frame_listener.h
[0.399s] -- Up-to-date: /home/faith/Work/carto_ws/install/astra_camera/include/astra_camera/ob_camera_node.h
[0.399s] -- Up-to-date: /home/faith/Work/carto_ws/install/astra_camera/include/openni2
[0.400s] -- Up-to-date: /home/faith/Work/carto_ws/install/astra_camera/include/openni2/SonixCamera.h
[0.400s] -- Up-to-date: /home/faith/Work/carto_ws/install/astra_camera/include/openni2/PrimeSense.h
[0.400s] -- Up-to-date: /home/faith/Work/carto_ws/install/astra_camera/include/openni2/openni2_redist
[0.400s] -- Up-to-date: /home/faith/Work/carto_ws/install/astra_camera/include/openni2/openni2_redist/arm
[0.400s] -- Up-to-date: /home/faith/Work/carto_ws/install/astra_camera/include/openni2/openni2_redist/arm/OpenNI2
[0.402s] -- Up-to-date: /home/faith/Work/carto_ws/install/astra_camera/include/openni2/openni2_redist/arm/OpenNI2/Drivers
[0.403s] -- Up-to-date: /home/faith/Work/carto_ws/install/astra_camera/include/openni2/openni2_redist/arm/OpenNI2/Drivers/OniFile.ini
[0.403s] -- Up-to-date: /home/faith/Work/carto_ws/install/astra_camera/include/openni2/openni2_redist/arm/OpenNI2/Drivers/liborbbec.so
[0.403s] -- Up-to-date: /home/faith/Work/carto_ws/install/astra_camera/include/openni2/openni2_redist/arm/OpenNI2/Drivers/libOniFile.so
[0.403s] -- Up-to-date: /home/faith/Work/carto_ws/install/astra_camera/include/openni2/openni2_redist/arm/OpenNI2/Drivers/orbbec.ini
[0.404s] -- Up-to-date: /home/faith/Work/carto_ws/install/astra_camera/include/openni2/openni2_redist/arm/OpenNI.ini
[0.404s] -- Up-to-date: /home/faith/Work/carto_ws/install/astra_camera/include/openni2/openni2_redist/arm/PS1080Console
[0.404s] -- Up-to-date: /home/faith/Work/carto_ws/install/astra_camera/include/openni2/openni2_redist/arm/libDepthUtils.a
[0.405s] -- Up-to-date: /home/faith/Work/carto_ws/install/astra_camera/include/openni2/openni2_redist/arm/SimpleRead
[0.405s] -- Up-to-date: /home/faith/Work/carto_ws/install/astra_camera/include/openni2/openni2_redist/arm/NiViewer
[0.405s] -- Up-to-date: /home/faith/Work/carto_ws/install/astra_camera/include/openni2/openni2_redist/arm/libOpenNI2.so
[0.407s] -- Up-to-date: /home/faith/Work/carto_ws/install/astra_camera/include/openni2/openni2_redist/x64
[0.407s] -- Up-to-date: /home/faith/Work/carto_ws/install/astra_camera/include/openni2/openni2_redist/x64/OpenNI2
[0.408s] -- Up-to-date: /home/faith/Work/carto_ws/install/astra_camera/include/openni2/openni2_redist/x64/OpenNI2/Drivers
[0.408s] -- Up-to-date: /home/faith/Work/carto_ws/install/astra_camera/include/openni2/openni2_redist/x64/OpenNI2/Drivers/OniFile.ini
[0.408s] -- Up-to-date: /home/faith/Work/carto_ws/install/astra_camera/include/openni2/openni2_redist/x64/OpenNI2/Drivers/liborbbec.so
[0.409s] -- Up-to-date: /home/faith/Work/carto_ws/install/astra_camera/include/openni2/openni2_redist/x64/OpenNI2/Drivers/libOniFile.so
[0.410s] -- Up-to-date: /home/faith/Work/carto_ws/install/astra_camera/include/openni2/openni2_redist/x64/OpenNI2/Drivers/orbbec.ini
[0.410s] -- Up-to-date: /home/faith/Work/carto_ws/install/astra_camera/include/openni2/openni2_redist/x64/OpenNI.ini
[0.414s] -- Up-to-date: /home/faith/Work/carto_ws/install/astra_camera/include/openni2/openni2_redist/x64/libOpenNI2.so
[0.415s] -- Up-to-date: /home/faith/Work/carto_ws/install/astra_camera/include/openni2/openni2_redist/arm64
[0.416s] -- Up-to-date: /home/faith/Work/carto_ws/install/astra_camera/include/openni2/openni2_redist/arm64/OpenNI2
[0.417s] -- Up-to-date: /home/faith/Work/carto_ws/install/astra_camera/include/openni2/openni2_redist/arm64/OpenNI2/Drivers
[0.418s] -- Up-to-date: /home/faith/Work/carto_ws/install/astra_camera/include/openni2/openni2_redist/arm64/OpenNI2/Drivers/OniFile.ini
[0.418s] -- Up-to-date: /home/faith/Work/carto_ws/install/astra_camera/include/openni2/openni2_redist/arm64/OpenNI2/Drivers/liborbbec.so
[0.419s] -- Up-to-date: /home/faith/Work/carto_ws/install/astra_camera/include/openni2/openni2_redist/arm64/OpenNI2/Drivers/libOniFile.so
[0.420s] -- Up-to-date: /home/faith/Work/carto_ws/install/astra_camera/include/openni2/openni2_redist/arm64/OpenNI2/Drivers/orbbec.ini
[0.421s] -- Up-to-date: /home/faith/Work/carto_ws/install/astra_camera/include/openni2/openni2_redist/arm64/OpenNI.ini
[0.423s] -- Up-to-date: /home/faith/Work/carto_ws/install/astra_camera/include/openni2/openni2_redist/arm64/PS1080Console
[0.423s] -- Up-to-date: /home/faith/Work/carto_ws/install/astra_camera/include/openni2/openni2_redist/arm64/libDepthUtils.a
[0.424s] -- Up-to-date: /home/faith/Work/carto_ws/install/astra_camera/include/openni2/openni2_redist/arm64/SimpleRead
[0.424s] -- Up-to-date: /home/faith/Work/carto_ws/install/astra_camera/include/openni2/openni2_redist/arm64/NiViewer
[0.425s] -- Up-to-date: /home/faith/Work/carto_ws/install/astra_camera/include/openni2/openni2_redist/arm64/libOpenNI2.so
[0.425s] -- Up-to-date: /home/faith/Work/carto_ws/install/astra_camera/include/openni2/Linux-x86
[0.425s] -- Up-to-date: /home/faith/Work/carto_ws/install/astra_camera/include/openni2/Linux-x86/OniPlatformLinux-x86.h
[0.426s] -- Up-to-date: /home/faith/Work/carto_ws/install/astra_camera/include/openni2/KinectProperties.h
[0.426s] -- Up-to-date: /home/faith/Work/carto_ws/install/astra_camera/include/openni2/Android-Arm
[0.427s] -- Up-to-date: /home/faith/Work/carto_ws/install/astra_camera/include/openni2/Android-Arm/OniPlatformAndroid-Arm.h
[0.427s] -- Up-to-date: /home/faith/Work/carto_ws/install/astra_camera/include/openni2/PS1080.h
[0.428s] -- Up-to-date: /home/faith/Work/carto_ws/install/astra_camera/include/openni2/OniEnums.h
[0.428s] -- Up-to-date: /home/faith/Work/carto_ws/install/astra_camera/include/openni2/Win32
[0.429s] -- Up-to-date: /home/faith/Work/carto_ws/install/astra_camera/include/openni2/Win32/OniPlatformWin32.h
[0.429s] -- Up-to-date: /home/faith/Work/carto_ws/install/astra_camera/include/openni2/OniVersion.h
[0.430s] -- Up-to-date: /home/faith/Work/carto_ws/install/astra_camera/include/openni2/OniPlatform.h
[0.430s] -- Up-to-date: /home/faith/Work/carto_ws/install/astra_camera/include/openni2/OniTest.h
[0.430s] -- Up-to-date: /home/faith/Work/carto_ws/install/astra_camera/include/openni2/util.h
[0.431s] -- Up-to-date: /home/faith/Work/carto_ws/install/astra_camera/include/openni2/OpenNI.h
[0.431s] -- Up-to-date: /home/faith/Work/carto_ws/install/astra_camera/include/openni2/MacOSX
[0.432s] -- Up-to-date: /home/faith/Work/carto_ws/install/astra_camera/include/openni2/MacOSX/OniPlatformMacOSX.h
[0.432s] -- Up-to-date: /home/faith/Work/carto_ws/install/astra_camera/include/openni2/OniProperties.h
[0.433s] -- Up-to-date: /home/faith/Work/carto_ws/install/astra_camera/include/openni2/OniCTypes.h
[0.433s] -- Up-to-date: /home/faith/Work/carto_ws/install/astra_camera/include/openni2/OniCEnums.h
[0.434s] -- Up-to-date: /home/faith/Work/carto_ws/install/astra_camera/include/openni2/PSLink.h
[0.434s] -- Up-to-date: /home/faith/Work/carto_ws/install/astra_camera/include/openni2/OniCAPI.h
[0.435s] -- Up-to-date: /home/faith/Work/carto_ws/install/astra_camera/include/openni2/OniCProperties.h
[0.435s] -- Up-to-date: /home/faith/Work/carto_ws/install/astra_camera/include/openni2/Linux-Arm
[0.436s] -- Up-to-date: /home/faith/Work/carto_ws/install/astra_camera/include/openni2/Linux-Arm/OniPlatformLinux-Arm.h
[0.436s] -- Up-to-date: /home/faith/Work/carto_ws/install/astra_camera/include/openni2/Driver
[0.436s] -- Up-to-date: /home/faith/Work/carto_ws/install/astra_camera/include/openni2/Driver/OniDriverTypes.h
[0.437s] -- Up-to-date: /home/faith/Work/carto_ws/install/astra_camera/include/openni2/Driver/OniDriverAPI.h
[0.437s] -- Up-to-date: /home/faith/Work/carto_ws/install/astra_camera/share/astra_camera//launch
[0.438s] -- Up-to-date: /home/faith/Work/carto_ws/install/astra_camera/share/astra_camera//launch/multi_dabai_dcw.launch.py
[0.438s] -- Up-to-date: /home/faith/Work/carto_ws/install/astra_camera/share/astra_camera//launch/multi_dabai_pro.launch.py
[0.439s] -- Up-to-date: /home/faith/Work/carto_ws/install/astra_camera/share/astra_camera//launch/dabai.launch.py
[0.439s] -- Up-to-date: /home/faith/Work/carto_ws/install/astra_camera/share/astra_camera//launch/.gitkeep
[0.439s] -- Up-to-date: /home/faith/Work/carto_ws/install/astra_camera/share/astra_camera//launch/dabai_pro.launch.py
[0.439s] -- Up-to-date: /home/faith/Work/carto_ws/install/astra_camera/share/astra_camera//launch/multi_dabai.launch.py
[0.439s] -- Up-to-date: /home/faith/Work/carto_ws/install/astra_camera/share/astra_camera//launch/dabai_dw.launch.py
[0.439s] -- Up-to-date: /home/faith/Work/carto_ws/install/astra_camera/share/astra_camera//launch/multi_dabai_dw.launch.py
[0.439s] -- Up-to-date: /home/faith/Work/carto_ws/install/astra_camera/share/astra_camera//launch/multi_astra_mini.launch.py
[0.439s] -- Up-to-date: /home/faith/Work/carto_ws/install/astra_camera/share/astra_camera//launch/dabai_dcw.launch.py
[0.440s] -- Up-to-date: /home/faith/Work/carto_ws/install/astra_camera/share/astra_camera//launch/astra_mini.launch.py
[0.440s] -- Up-to-date: /home/faith/Work/carto_ws/install/astra_camera/share/astra_camera//config
[0.440s] -- Up-to-date: /home/faith/Work/carto_ws/install/astra_camera/share/astra_camera//config/.gitkeep
[0.440s] -- Up-to-date: /home/faith/Work/carto_ws/install/astra_camera/share/astra_camera//params
[0.440s] -- Up-to-date: /home/faith/Work/carto_ws/install/astra_camera/share/astra_camera//params/camera_params_template.yaml
[0.440s] -- Up-to-date: /home/faith/Work/carto_ws/install/astra_camera/share/astra_camera//params/astra_mini_params.yaml
[0.441s] -- Up-to-date: /home/faith/Work/carto_ws/install/astra_camera/share/astra_camera//params/.gitkeep
[0.441s] -- Up-to-date: /home/faith/Work/carto_ws/install/astra_camera/share/astra_camera//params/dabai_dcw_params.yaml
[0.442s] -- Up-to-date: /home/faith/Work/carto_ws/install/astra_camera/share/astra_camera//params/dabai_pro_params.yaml
[0.442s] -- Up-to-date: /home/faith/Work/carto_ws/install/astra_camera/share/astra_camera//params/dabai_dw_params.yaml
[0.443s] -- Up-to-date: /home/faith/Work/carto_ws/install/astra_camera/share/astra_camera//params/dabai_params.yaml
[0.443s] -- Up-to-date: /home/faith/Work/carto_ws/install/astra_camera/share/astra_camera//rviz
[0.444s] -- Up-to-date: /home/faith/Work/carto_ws/install/astra_camera/share/astra_camera//rviz/multi_camera.rviz
[0.444s] -- Up-to-date: /home/faith/Work/carto_ws/install/astra_camera/share/astra_camera//rviz/.gitkeep
[0.445s] -- Up-to-date: /home/faith/Work/carto_ws/install/astra_camera/share/astra_camera//rviz/pointcloud.rviz
[0.445s] -- Up-to-date: /home/faith/Work/carto_ws/install/astra_camera/share/astra_camera/environment/library_path.sh
[0.446s] -- Up-to-date: /home/faith/Work/carto_ws/install/astra_camera/share/astra_camera/environment/library_path.dsv
[0.446s] -- Up-to-date: /home/faith/Work/carto_ws/install/astra_camera/share/ament_index/resource_index/package_run_dependencies/astra_camera
[0.446s] -- Up-to-date: /home/faith/Work/carto_ws/install/astra_camera/share/ament_index/resource_index/parent_prefix_path/astra_camera
[0.447s] -- Up-to-date: /home/faith/Work/carto_ws/install/astra_camera/share/astra_camera/environment/ament_prefix_path.sh
[0.447s] -- Up-to-date: /home/faith/Work/carto_ws/install/astra_camera/share/astra_camera/environment/ament_prefix_path.dsv
[0.448s] -- Up-to-date: /home/faith/Work/carto_ws/install/astra_camera/share/astra_camera/environment/path.sh
[0.448s] -- Up-to-date: /home/faith/Work/carto_ws/install/astra_camera/share/astra_camera/environment/path.dsv
[0.449s] -- Up-to-date: /home/faith/Work/carto_ws/install/astra_camera/share/astra_camera/local_setup.bash
[0.449s] -- Up-to-date: /home/faith/Work/carto_ws/install/astra_camera/share/astra_camera/local_setup.sh
[0.450s] -- Up-to-date: /home/faith/Work/carto_ws/install/astra_camera/share/astra_camera/local_setup.zsh
[0.450s] -- Up-to-date: /home/faith/Work/carto_ws/install/astra_camera/share/astra_camera/local_setup.dsv
[0.451s] -- Installing: /home/faith/Work/carto_ws/install/astra_camera/share/astra_camera/package.dsv
[0.451s] -- Up-to-date: /home/faith/Work/carto_ws/install/astra_camera/share/ament_index/resource_index/packages/astra_camera
[0.451s] -- Up-to-date: /home/faith/Work/carto_ws/install/astra_camera/share/ament_index/resource_index/rclcpp_components/astra_camera
[0.452s] -- Up-to-date: /home/faith/Work/carto_ws/install/astra_camera/share/astra_camera/cmake/ament_cmake_export_include_directories-extras.cmake
[0.453s] -- Up-to-date: /home/faith/Work/carto_ws/install/astra_camera/share/astra_camera/cmake/ament_cmake_export_libraries-extras.cmake
[0.453s] -- Up-to-date: /home/faith/Work/carto_ws/install/astra_camera/share/astra_camera/cmake/ament_cmake_export_dependencies-extras.cmake
[0.454s] -- Up-to-date: /home/faith/Work/carto_ws/install/astra_camera/share/astra_camera/cmake/astra_cameraConfig.cmake
[0.454s] -- Up-to-date: /home/faith/Work/carto_ws/install/astra_camera/share/astra_camera/cmake/astra_cameraConfig-version.cmake
[0.455s] -- Up-to-date: /home/faith/Work/carto_ws/install/astra_camera/share/astra_camera/package.xml
[0.456s] Invoked command in '/home/faith/Work/carto_ws/build/astra_camera' returned '0': CMAKE_PREFIX_PATH=/home/faith/Work/carto_ws/install/astra_camera_msgs:/home/faith/Work/carto_ws/install/sllidar_ros2:/home/faith/Work/carto_ws/install/orbbec_description:/home/faith/Work/carto_ws/install/orbbec_camera:/home/faith/Work/carto_ws/install/orbbec_camera_msgs:/home/faith/Work/carto_ws/install/faithbot_cartographer:/home/faith/Work/carto_ws/install/cartographer_rviz:/home/faith/Work/carto_ws/install/cartographer_ros:/home/faith/Work/carto_ws/install/cartographer_ros_msgs:/home/faith/Work/carto_ws/install/cartographer:/home/faith/Work/carto_ws/install/astra_camera:/home/faith/Work/carto_ws/install/fishbot_description:/opt/ros/humble LD_LIBRARY_PATH=/home/faith/Work/carto_ws/install/astra_camera_msgs/lib:/home/faith/Work/carto_ws/install/orbbec_camera/lib:/home/faith/Work/carto_ws/install/orbbec_camera_msgs/lib:/home/faith/Work/carto_ws/install/cartographer_rviz/lib:/home/faith/Work/carto_ws/install/cartographer_ros/lib:/home/faith/Work/carto_ws/install/cartographer_ros_msgs/lib:/home/faith/Work/carto_ws/install/astra_camera/lib:/opt/ros/humble/opt/rviz_ogre_vendor/lib:/opt/ros/humble/lib/aarch64-linux-gnu:/opt/ros/humble/lib /usr/bin/cmake --install /home/faith/Work/carto_ws/build/astra_camera
