[1.358s] Invoking command in '/home/faith/Work/carto_ws/src/yahboomcar_description': PYTHONPATH=/home/faith/Work/carto_ws/build/yahboomcar_description/prefix_override:/home/faith/Work/carto_ws/install/yahboomcar_description/lib/python3.10/site-packages:${PYTHONPATH} /usr/bin/python3 setup.py egg_info --egg-base ../../build/yahboomcar_description build --build-base /home/faith/Work/carto_ws/build/yahboomcar_description/build install --record /home/faith/Work/carto_ws/build/yahboomcar_description/install.log --single-version-externally-managed
[1.657s] running egg_info
[1.658s] writing ../../build/yahboomcar_description/yahboomcar_description.egg-info/PKG-INFO
[1.658s] writing dependency_links to ../../build/yahboomcar_description/yahboomcar_description.egg-info/dependency_links.txt
[1.658s] writing entry points to ../../build/yahboomcar_description/yahboomcar_description.egg-info/entry_points.txt
[1.659s] writing requirements to ../../build/yahboomcar_description/yahboomcar_description.egg-info/requires.txt
[1.659s] writing top-level names to ../../build/yahboomcar_description/yahboomcar_description.egg-info/top_level.txt
[1.660s] reading manifest file '../../build/yahboomcar_description/yahboomcar_description.egg-info/SOURCES.txt'
[1.662s] writing manifest file '../../build/yahboomcar_description/yahboomcar_description.egg-info/SOURCES.txt'
[1.662s] running build
[1.663s] running build_py
[1.663s] running install
[1.663s] /usr/lib/python3/dist-packages/setuptools/command/install.py:34: SetuptoolsDeprecationWarning: setup.py install is deprecated. Use build and pip and other standards-based tools.
[1.664s]   warnings.warn(
[1.664s] running install_lib
[1.665s] running install_data
[1.665s] creating /home/faith/Work/carto_ws/install/yahboomcar_description/share/yahboomcar_description/launch
[1.665s] copying launch/display_rviz2.launch.py -> /home/faith/Work/carto_ws/install/yahboomcar_description/share/yahboomcar_description/launch
[1.666s] creating /home/faith/Work/carto_ws/install/yahboomcar_description/share/yahboomcar_description/urdf
[1.666s] copying urdf/yahboomcar_X3plus.gazebo.urdf.xacro -> /home/faith/Work/carto_ws/install/yahboomcar_description/share/yahboomcar_description/urdf
[1.667s] copying urdf/yahboomcar_X3.urdf -> /home/faith/Work/carto_ws/install/yahboomcar_description/share/yahboomcar_description/urdf
[1.667s] error: can't copy 'urdf/bak': doesn't exist or not a regular file
[1.746s] Invoked command in '/home/faith/Work/carto_ws/src/yahboomcar_description' returned '1': PYTHONPATH=/home/faith/Work/carto_ws/build/yahboomcar_description/prefix_override:/home/faith/Work/carto_ws/install/yahboomcar_description/lib/python3.10/site-packages:${PYTHONPATH} /usr/bin/python3 setup.py egg_info --egg-base ../../build/yahboomcar_description build --build-base /home/faith/Work/carto_ws/build/yahboomcar_description/build install --record /home/faith/Work/carto_ws/build/yahboomcar_description/install.log --single-version-externally-managed
