[0.061s] Invoking command in '/home/faith/Work/carto_ws/build/cartographer': CMAKE_PREFIX_PATH=${CMAKE_PREFIX_PATH}:/opt/ros/humble /usr/bin/cmake --build /home/faith/Work/carto_ws/build/cartographer -- -j8 -l8
[0.498s] [35m[1mConsolidate compiler generated dependencies of target gtest[0m
[0.499s] [  0%] [34m[1mBuilding documentation.[0m
[0.499s] [  1%] Built target gtest
[0.500s] [35m[1mConsolidate compiler generated dependencies of target gmock[0m
[0.500s] [  1%] Built target cartographer_detect_changes
[0.500s] [  2%] Built target gmock
[0.500s] [35m[1mConsolidate compiler generated dependencies of target gmock_main[0m
[0.501s] [  2%] Built target gmock_main
[0.722s] [35m[1mConsolidate compiler generated dependencies of target cartographer[0m
[1.115s] [01mRunning Sphinx v4.3.2[39;49;00m
[1.481s] [01mloading pickled environment... [39;49;00mdone
[1.491s] [01mbuilding [mo]: [39;49;00mtargets for 0 po files that are out of date
[1.495s] [01mbuilding [html]: [39;49;00mtargets for 0 source files that are out of date
[1.496s] [01mupdating environment: [39;49;00m0 added, 0 changed, 0 removed
[1.496s] [01mlooking for now-outdated files... [39;49;00mnone found
[1.497s] [01mno targets are out of date.[39;49;00m
[1.498s] [01mbuild succeeded.[39;49;00m
[1.498s] 
[1.498s] The HTML pages are in html.
[1.521s] [ 55%] Built target cartographer
[1.543s] [35m[1mConsolidate compiler generated dependencies of target cartographer_print_configuration[0m
[1.550s] [35m[1mConsolidate compiler generated dependencies of target cartographer_compute_relations_metrics[0m
[1.560s] [35m[1mConsolidate compiler generated dependencies of target cartographer_autogenerate_ground_truth[0m
[1.563s] [35m[1mConsolidate compiler generated dependencies of target cartographer_pbstream[0m
[1.568s] [ 55%] Built target cartographer_print_configuration
[1.576s] [35m[1mConsolidate compiler generated dependencies of target cartographer_test_library[0m
[1.585s] [ 56%] Built target cartographer_pbstream
[1.619s] [ 57%] Built target cartographer_autogenerate_ground_truth
[1.639s] [ 57%] Built target cartographer_compute_relations_metrics
[1.676s] [ 58%] Built target cartographer_test_library
[1.701s] [ 58%] Built target build_doc
[1.704s] [35m[1mConsolidate compiler generated dependencies of target cartographer.common.fixed_ratio_sampler_test[0m
[1.718s] [35m[1mConsolidate compiler generated dependencies of target cartographer.common.math_test[0m
[1.726s] [35m[1mConsolidate compiler generated dependencies of target cartographer.common.internal.blocking_queue_test[0m
[1.735s] [35m[1mConsolidate compiler generated dependencies of target cartographer.common.internal.rate_timer_test[0m
[1.735s] [35m[1mConsolidate compiler generated dependencies of target cartographer.common.task_test[0m
[1.735s] [35m[1mConsolidate compiler generated dependencies of target cartographer.common.configuration_files_test[0m
[1.737s] [35m[1mConsolidate compiler generated dependencies of target cartographer.common.lua_parameter_dictionary_test[0m
[1.747s] [ 59%] Built target cartographer.common.fixed_ratio_sampler_test
[1.748s] [35m[1mConsolidate compiler generated dependencies of target cartographer.common.thread_pool_test[0m
[1.765s] [ 60%] Built target cartographer.common.math_test
[1.779s] [35m[1mConsolidate compiler generated dependencies of target cartographer.io.fake_file_writer_test[0m
[1.779s] [ 61%] Built target cartographer.common.internal.rate_timer_test
[1.780s] [ 61%] Built target cartographer.common.configuration_files_test
[1.782s] [ 62%] Built target cartographer.common.thread_pool_test
[1.796s] [ 62%] Built target cartographer.io.fake_file_writer_test
[1.797s] [35m[1mConsolidate compiler generated dependencies of target cartographer.io.points_processor_pipeline_builder_test[0m
[1.797s] [ 62%] Built target cartographer.common.task_test
[1.802s] [ 62%] Built target cartographer.common.lua_parameter_dictionary_test
[1.804s] [35m[1mConsolidate compiler generated dependencies of target cartographer.io.proto_stream_deserializer_test[0m
[1.805s] [35m[1mConsolidate compiler generated dependencies of target cartographer.io.internal.in_memory_proto_stream_test[0m
[1.806s] [ 62%] Built target cartographer.common.internal.blocking_queue_test
[1.821s] [35m[1mConsolidate compiler generated dependencies of target cartographer.io.serialization_format_migration_test[0m
[1.826s] [35m[1mConsolidate compiler generated dependencies of target cartographer.io.probability_grid_points_processor_test[0m
[1.827s] [35m[1mConsolidate compiler generated dependencies of target cartographer.mapping.2d.map_limits_test[0m
[1.835s] [ 63%] Built target cartographer.io.points_processor_pipeline_builder_test
[1.841s] [35m[1mConsolidate compiler generated dependencies of target cartographer.io.proto_stream_test[0m
[1.845s] [35m[1mConsolidate compiler generated dependencies of target cartographer.mapping.2d.probability_grid_test[0m
[1.857s] [ 63%] Built target cartographer.io.probability_grid_points_processor_test
[1.858s] [ 64%] Built target cartographer.io.serialization_format_migration_test
[1.870s] [ 65%] Built target cartographer.io.proto_stream_deserializer_test
[1.877s] [35m[1mConsolidate compiler generated dependencies of target cartographer.mapping.2d.submap_2d_test[0m
[1.877s] [ 66%] Built target cartographer.mapping.2d.probability_grid_test
[1.886s] [35m[1mConsolidate compiler generated dependencies of target cartographer.mapping.2d.xy_index_test[0m
[1.887s] [ 67%] Built target cartographer.io.internal.in_memory_proto_stream_test
[1.887s] [35m[1mConsolidate compiler generated dependencies of target cartographer.mapping.2d.range_data_inserter_2d_test[0m
[1.891s] [ 67%] Built target cartographer.mapping.2d.map_limits_test
[1.909s] [35m[1mConsolidate compiler generated dependencies of target cartographer.mapping.3d.hybrid_grid_test[0m
[1.912s] [ 67%] Built target cartographer.io.proto_stream_test
[1.918s] [35m[1mConsolidate compiler generated dependencies of target cartographer.mapping.3d.range_data_inserter_3d_test[0m
[1.924s] [ 67%] Built target cartographer.mapping.2d.xy_index_test
[1.925s] [35m[1mConsolidate compiler generated dependencies of target cartographer.mapping.3d.submap_3d_test[0m
[1.929s] [ 68%] Built target cartographer.mapping.2d.submap_2d_test
[1.944s] [35m[1mConsolidate compiler generated dependencies of target cartographer.mapping.internal.2d.normal_estimation_2d_test[0m
[1.946s] [35m[1mConsolidate compiler generated dependencies of target cartographer.mapping.id_test[0m
[1.947s] [35m[1mConsolidate compiler generated dependencies of target cartographer.mapping.imu_tracker_test[0m
[1.972s] [ 69%] Built target cartographer.mapping.3d.range_data_inserter_3d_test
[1.973s] [ 69%] Built target cartographer.mapping.3d.hybrid_grid_test
[1.973s] [ 69%] Built target cartographer.mapping.2d.range_data_inserter_2d_test
[1.975s] [35m[1mConsolidate compiler generated dependencies of target cartographer.mapping.internal.2d.overlapping_submaps_trimmer_2d_test[0m
[1.986s] [ 70%] Built target cartographer.mapping.3d.submap_3d_test
[1.996s] [35m[1mConsolidate compiler generated dependencies of target cartographer.mapping.internal.2d.pose_graph_2d_test[0m
[1.997s] [ 71%] Built target cartographer.mapping.imu_tracker_test
[2.009s] [ 71%] Built target cartographer.mapping.id_test
[2.014s] [35m[1mConsolidate compiler generated dependencies of target cartographer.mapping.internal.2d.scan_matching.correlative_scan_matcher_test[0m
[2.014s] [ 71%] Built target cartographer.mapping.internal.2d.normal_estimation_2d_test
[2.027s] [35m[1mConsolidate compiler generated dependencies of target cartographer.mapping.internal.2d.ray_to_pixel_mask_test[0m
[2.028s] [35m[1mConsolidate compiler generated dependencies of target cartographer.mapping.internal.2d.scan_matching.ceres_scan_matcher_2d_test[0m
[2.029s] [ 72%] Built target cartographer.mapping.internal.2d.overlapping_submaps_trimmer_2d_test
[2.047s] [35m[1mConsolidate compiler generated dependencies of target cartographer.mapping.internal.2d.scan_matching.fast_correlative_scan_matcher_2d_test[0m
[2.054s] [ 72%] Built target cartographer.mapping.internal.2d.pose_graph_2d_test
[2.054s] [35m[1mConsolidate compiler generated dependencies of target cartographer.mapping.internal.2d.scan_matching.interpolated_tsdf_2d_test[0m
[2.054s] [35m[1mConsolidate compiler generated dependencies of target cartographer.mapping.internal.2d.scan_matching.real_time_correlative_scan_matcher_2d_test[0m
[2.056s] [ 73%] Built target cartographer.mapping.internal.2d.scan_matching.correlative_scan_matcher_test
[2.060s] [ 74%] Built target cartographer.mapping.internal.2d.ray_to_pixel_mask_test
[2.064s] [ 74%] Built target cartographer.mapping.internal.2d.scan_matching.ceres_scan_matcher_2d_test
[2.074s] [35m[1mConsolidate compiler generated dependencies of target cartographer.mapping.internal.2d.scan_matching.occupied_space_cost_function_2d_test[0m
[2.085s] [ 75%] Built target cartographer.mapping.internal.2d.scan_matching.interpolated_tsdf_2d_test
[2.086s] [35m[1mConsolidate compiler generated dependencies of target cartographer.mapping.internal.2d.tsd_value_converter_test[0m
[2.092s] [35m[1mConsolidate compiler generated dependencies of target cartographer.mapping.internal.2d.scan_matching.tsdf_match_cost_function_2d_test[0m
[2.098s] [ 75%] Built target cartographer.mapping.internal.2d.scan_matching.fast_correlative_scan_matcher_2d_test
[2.100s] [35m[1mConsolidate compiler generated dependencies of target cartographer.mapping.internal.2d.tsdf_range_data_inserter_2d_test[0m
[2.108s] [35m[1mConsolidate compiler generated dependencies of target cartographer.mapping.internal.2d.tsdf_2d_test[0m
[2.110s] [ 76%] Built target cartographer.mapping.internal.2d.scan_matching.real_time_correlative_scan_matcher_2d_test
[2.124s] [35m[1mConsolidate compiler generated dependencies of target cartographer.mapping.internal.3d.pose_graph_3d_test[0m
[2.134s] [35m[1mConsolidate compiler generated dependencies of target cartographer.mapping.internal.3d.scan_matching.ceres_scan_matcher_3d_test[0m
[2.135s] [ 77%] Built target cartographer.mapping.internal.2d.tsdf_range_data_inserter_2d_test
[2.145s] [35m[1mConsolidate compiler generated dependencies of target cartographer.mapping.internal.3d.local_trajectory_builder_3d_test[0m
[2.149s] [ 77%] Built target cartographer.mapping.internal.2d.scan_matching.tsdf_match_cost_function_2d_test
[2.162s] [35m[1mConsolidate compiler generated dependencies of target cartographer.mapping.internal.3d.scan_matching.fast_correlative_scan_matcher_3d_test[0m
[2.163s] [ 78%] Built target cartographer.mapping.internal.2d.tsd_value_converter_test
[2.166s] [ 79%] Built target cartographer.mapping.internal.2d.tsdf_2d_test
[2.166s] [ 79%] Built target cartographer.mapping.internal.3d.pose_graph_3d_test
[2.170s] [ 79%] Built target cartographer.mapping.internal.2d.scan_matching.occupied_space_cost_function_2d_test
[2.180s] [ 80%] Built target cartographer.mapping.internal.3d.scan_matching.ceres_scan_matcher_3d_test
[2.186s] [35m[1mConsolidate compiler generated dependencies of target cartographer.mapping.internal.3d.scan_matching.intensity_cost_function_3d_test[0m
[2.252s] [35m[1mConsolidate compiler generated dependencies of target cartographer.mapping.internal.3d.scan_matching.rotational_scan_matcher_test[0m
[2.253s] [35m[1mConsolidate compiler generated dependencies of target cartographer.mapping.internal.3d.scan_matching.interpolated_grid_test[0m
[2.279s] [35m[1mConsolidate compiler generated dependencies of target cartographer.mapping.internal.3d.scan_matching.real_time_correlative_scan_matcher_3d_test[0m
[2.288s] [35m[1mConsolidate compiler generated dependencies of target cartographer.mapping.internal.3d.scan_matching.precomputation_grid_3d_test[0m
[2.289s] [35m[1mConsolidate compiler generated dependencies of target cartographer.mapping.internal.3d.scan_matching.rotation_delta_cost_functor_3d_test[0m
[2.289s] [ 80%] Built target cartographer.mapping.internal.3d.scan_matching.fast_correlative_scan_matcher_3d_test
[2.289s] [ 80%] Built target cartographer.mapping.internal.3d.local_trajectory_builder_3d_test
[2.289s] [ 81%] Built target cartographer.mapping.internal.3d.scan_matching.intensity_cost_function_3d_test
[2.289s] [ 81%] Built target cartographer.mapping.internal.3d.scan_matching.real_time_correlative_scan_matcher_3d_test
[2.289s] [ 82%] Built target cartographer.mapping.internal.3d.scan_matching.rotation_delta_cost_functor_3d_test
[2.290s] [ 82%] Built target cartographer.mapping.internal.3d.scan_matching.rotational_scan_matcher_test
[2.290s] [ 82%] Built target cartographer.mapping.internal.3d.scan_matching.interpolated_grid_test
[2.299s] [ 83%] Built target cartographer.mapping.internal.3d.scan_matching.precomputation_grid_3d_test
[2.299s] [35m[1mConsolidate compiler generated dependencies of target cartographer.mapping.internal.connected_components_test[0m
[2.310s] [35m[1mConsolidate compiler generated dependencies of target cartographer.mapping.internal.constraints.constraint_builder_2d_test[0m
[2.316s] [35m[1mConsolidate compiler generated dependencies of target cartographer.mapping.internal.constraints.constraint_builder_3d_test[0m
[2.332s] [35m[1mConsolidate compiler generated dependencies of target cartographer.mapping.internal.motion_filter_test[0m
[2.333s] [35m[1mConsolidate compiler generated dependencies of target cartographer.mapping.internal.optimization.cost_functions.landmark_cost_function_2d_test[0m
[2.334s] [ 84%] Built target cartographer.mapping.internal.connected_components_test
[2.337s] [35m[1mConsolidate compiler generated dependencies of target cartographer.mapping.internal.optimization.cost_functions.landmark_cost_function_3d_test[0m
[2.338s] [35m[1mConsolidate compiler generated dependencies of target cartographer.mapping.internal.optimization.cost_functions.spa_cost_function_2d_test[0m
[2.342s] [35m[1mConsolidate compiler generated dependencies of target cartographer.mapping.internal.optimization.optimization_problem_3d_test[0m
[2.374s] [ 84%] Built target cartographer.mapping.internal.constraints.constraint_builder_2d_test
[2.375s] [ 85%] Built target cartographer.mapping.internal.constraints.constraint_builder_3d_test
[2.378s] [35m[1mConsolidate compiler generated dependencies of target cartographer.mapping.internal.range_data_collator_test[0m
[2.384s] [ 86%] Built target cartographer.mapping.internal.optimization.cost_functions.spa_cost_function_2d_test
[2.407s] [35m[1mConsolidate compiler generated dependencies of target cartographer.mapping.internal.trajectory_connectivity_state_test[0m
[2.410s] [35m[1mConsolidate compiler generated dependencies of target cartographer.mapping.map_builder_test[0m
[2.413s] [ 86%] Built target cartographer.mapping.internal.motion_filter_test
[2.415s] [ 86%] Built target cartographer.mapping.internal.optimization.cost_functions.landmark_cost_function_3d_test
[2.423s] [ 86%] Built target cartographer.mapping.internal.optimization.optimization_problem_3d_test
[2.430s] [35m[1mConsolidate compiler generated dependencies of target cartographer.mapping.pose_extrapolator_test[0m
[2.435s] [35m[1mConsolidate compiler generated dependencies of target cartographer.mapping.pose_graph_trimmer_test[0m
[2.438s] [ 87%] Built target cartographer.mapping.internal.optimization.cost_functions.landmark_cost_function_2d_test
[2.444s] [ 88%] Built target cartographer.mapping.internal.range_data_collator_test
[2.448s] [35m[1mConsolidate compiler generated dependencies of target cartographer.mapping.pose_graph_test[0m
[2.457s] [ 89%] Built target cartographer.mapping.map_builder_test
[2.473s] [35m[1mConsolidate compiler generated dependencies of target cartographer.mapping.submaps_test[0m
[2.475s] [35m[1mConsolidate compiler generated dependencies of target cartographer.mapping.probability_values_test[0m
[2.476s] [ 89%] Built target cartographer.mapping.pose_extrapolator_test
[2.479s] [35m[1mConsolidate compiler generated dependencies of target cartographer.mapping.value_conversion_tables_test[0m
[2.486s] [ 89%] Built target cartographer.mapping.pose_graph_trimmer_test
[2.487s] [35m[1mConsolidate compiler generated dependencies of target cartographer.mapping.trajectory_node_test[0m
[2.495s] [ 89%] Built target cartographer.mapping.submaps_test
[2.506s] [ 89%] Built target cartographer.mapping.internal.trajectory_connectivity_state_test
[2.509s] [ 90%] Built target cartographer.mapping.probability_values_test
[2.515s] [35m[1mConsolidate compiler generated dependencies of target cartographer.sensor.compressed_point_cloud_test[0m
[2.519s] [ 91%] Built target cartographer.mapping.trajectory_node_test
[2.524s] [35m[1mConsolidate compiler generated dependencies of target cartographer.sensor.internal.collator_test[0m
[2.533s] [35m[1mConsolidate compiler generated dependencies of target cartographer.sensor.internal.ordered_multi_queue_test[0m
[2.534s] [ 92%] Built target cartographer.mapping.pose_graph_test
[2.538s] [ 92%] Built target cartographer.mapping.value_conversion_tables_test
[2.544s] [35m[1mConsolidate compiler generated dependencies of target cartographer.sensor.internal.trajectory_collator_test[0m
[2.548s] [35m[1mConsolidate compiler generated dependencies of target cartographer.sensor.landmark_data_test[0m
[2.549s] [35m[1mConsolidate compiler generated dependencies of target cartographer.sensor.map_by_time_test[0m
[2.564s] [35m[1mConsolidate compiler generated dependencies of target cartographer.sensor.internal.voxel_filter_test[0m
[2.571s] [ 93%] Built target cartographer.sensor.internal.ordered_multi_queue_test
[2.579s] [ 93%] Built target cartographer.sensor.internal.collator_test
[2.586s] [ 94%] Built target cartographer.sensor.compressed_point_cloud_test
[2.586s] [35m[1mConsolidate compiler generated dependencies of target cartographer.sensor.point_cloud_test[0m
[2.593s] [ 94%] Built target cartographer.sensor.landmark_data_test
[2.595s] [ 95%] Built target cartographer.sensor.map_by_time_test
[2.621s] [ 95%] Built target cartographer.sensor.internal.trajectory_collator_test
[2.621s] [35m[1mConsolidate compiler generated dependencies of target cartographer.sensor.range_data_test[0m
[2.621s] [35m[1mConsolidate compiler generated dependencies of target cartographer.transform.transform_interpolation_buffer_test[0m
[2.624s] [35m[1mConsolidate compiler generated dependencies of target cartographer.transform.timestamped_transform_test[0m
[2.625s] [35m[1mConsolidate compiler generated dependencies of target cartographer.transform.rigid_transform_test[0m
[2.646s] [ 96%] Built target cartographer.sensor.point_cloud_test
[2.649s] [ 97%] Built target cartographer.sensor.internal.voxel_filter_test
[2.651s] [35m[1mConsolidate compiler generated dependencies of target cartographer.transform.transform_test[0m
[2.652s] [ 98%] Built target cartographer.transform.transform_interpolation_buffer_test
[2.657s] [100%] Built target cartographer.transform.rigid_transform_test
[2.668s] [100%] Built target cartographer.transform.timestamped_transform_test
[2.684s] [100%] Built target cartographer.sensor.range_data_test
[2.724s] [100%] Built target cartographer.transform.transform_test
[2.764s] Invoked command in '/home/faith/Work/carto_ws/build/cartographer' returned '0': CMAKE_PREFIX_PATH=${CMAKE_PREFIX_PATH}:/opt/ros/humble /usr/bin/cmake --build /home/faith/Work/carto_ws/build/cartographer -- -j8 -l8
[4.222s] Invoking command in '/home/faith/Work/carto_ws/build/cartographer': CMAKE_PREFIX_PATH=${CMAKE_PREFIX_PATH}:/opt/ros/humble /usr/bin/cmake --install /home/faith/Work/carto_ws/build/cartographer
[4.255s] -- Install configuration: "Release"
[4.256s] -- Up-to-date: /home/faith/Work/carto_ws/install/cartographer/share/cartographer/package.xml
[4.256s] -- Up-to-date: /home/faith/Work/carto_ws/install/cartographer/share/cartographer//configuration_files
[4.257s] -- Up-to-date: /home/faith/Work/carto_ws/install/cartographer/share/cartographer//configuration_files/trajectory_builder_3d.lua
[4.257s] -- Up-to-date: /home/faith/Work/carto_ws/install/cartographer/share/cartographer//configuration_files/trajectory_builder.lua
[4.257s] -- Up-to-date: /home/faith/Work/carto_ws/install/cartographer/share/cartographer//configuration_files/pose_graph.lua
[4.258s] -- Up-to-date: /home/faith/Work/carto_ws/install/cartographer/share/cartographer//configuration_files/map_builder_server.lua
[4.258s] -- Up-to-date: /home/faith/Work/carto_ws/install/cartographer/share/cartographer//configuration_files/map_builder.lua
[4.259s] -- Up-to-date: /home/faith/Work/carto_ws/install/cartographer/share/cartographer//configuration_files/trajectory_builder_2d.lua
[4.259s] -- Up-to-date: /home/faith/Work/carto_ws/install/cartographer/share/cartographer//cmake
[4.259s] -- Up-to-date: /home/faith/Work/carto_ws/install/cartographer/share/cartographer//cmake/functions.cmake
[4.260s] -- Up-to-date: /home/faith/Work/carto_ws/install/cartographer/share/cartographer//cmake/modules
[4.260s] -- Up-to-date: /home/faith/Work/carto_ws/install/cartographer/share/cartographer//cmake/modules/FindGMock.cmake
[4.261s] -- Up-to-date: /home/faith/Work/carto_ws/install/cartographer/share/cartographer//cmake/modules/FindEigen3.cmake
[4.261s] -- Up-to-date: /home/faith/Work/carto_ws/install/cartographer/share/cartographer//cmake/modules/FindLuaGoogle.cmake
[4.261s] -- Up-to-date: /home/faith/Work/carto_ws/install/cartographer/share/cartographer//cmake/modules/FindSphinx.cmake
[4.262s] -- Up-to-date: /home/faith/Work/carto_ws/install/cartographer/bin/cartographer_autogenerate_ground_truth
[4.262s] -- Up-to-date: /home/faith/Work/carto_ws/install/cartographer/bin/cartographer_compute_relations_metrics
[4.262s] -- Up-to-date: /home/faith/Work/carto_ws/install/cartographer/bin/cartographer_pbstream
[4.263s] -- Up-to-date: /home/faith/Work/carto_ws/install/cartographer/bin/cartographer_print_configuration
[4.263s] -- Up-to-date: /home/faith/Work/carto_ws/install/cartographer/lib/libcartographer.a
[4.264s] -- Up-to-date: /home/faith/Work/carto_ws/install/cartographer/include/cartographer/common/configuration_file_resolver.h
[4.265s] -- Up-to-date: /home/faith/Work/carto_ws/install/cartographer/include/cartographer/common/fixed_ratio_sampler.h
[4.265s] -- Up-to-date: /home/faith/Work/carto_ws/install/cartographer/include/cartographer/common/histogram.h
[4.266s] -- Up-to-date: /home/faith/Work/carto_ws/install/cartographer/include/cartographer/common/lua.h
[4.266s] -- Up-to-date: /home/faith/Work/carto_ws/install/cartographer/include/cartographer/common/lua_parameter_dictionary.h
[4.267s] -- Up-to-date: /home/faith/Work/carto_ws/install/cartographer/include/cartographer/common/math.h
[4.267s] -- Up-to-date: /home/faith/Work/carto_ws/install/cartographer/include/cartographer/common/port.h
[4.268s] -- Up-to-date: /home/faith/Work/carto_ws/install/cartographer/include/cartographer/common/task.h
[4.268s] -- Up-to-date: /home/faith/Work/carto_ws/install/cartographer/include/cartographer/common/thread_pool.h
[4.269s] -- Up-to-date: /home/faith/Work/carto_ws/install/cartographer/include/cartographer/common/time.h
[4.270s] -- Up-to-date: /home/faith/Work/carto_ws/install/cartographer/include/cartographer/ground_truth/autogenerate_ground_truth.h
[4.270s] -- Up-to-date: /home/faith/Work/carto_ws/install/cartographer/include/cartographer/ground_truth/relations_text_file.h
[4.271s] -- Up-to-date: /home/faith/Work/carto_ws/install/cartographer/include/cartographer/io/color.h
[4.271s] -- Up-to-date: /home/faith/Work/carto_ws/install/cartographer/include/cartographer/io/coloring_points_processor.h
[4.272s] -- Up-to-date: /home/faith/Work/carto_ws/install/cartographer/include/cartographer/io/counting_points_processor.h
[4.272s] -- Up-to-date: /home/faith/Work/carto_ws/install/cartographer/include/cartographer/io/draw_trajectories.h
[4.273s] -- Up-to-date: /home/faith/Work/carto_ws/install/cartographer/include/cartographer/io/file_writer.h
[4.273s] -- Up-to-date: /home/faith/Work/carto_ws/install/cartographer/include/cartographer/io/fixed_ratio_sampling_points_processor.h
[4.274s] -- Up-to-date: /home/faith/Work/carto_ws/install/cartographer/include/cartographer/io/frame_id_filtering_points_processor.h
[4.275s] -- Up-to-date: /home/faith/Work/carto_ws/install/cartographer/include/cartographer/io/hybrid_grid_points_processor.h
[4.275s] -- Up-to-date: /home/faith/Work/carto_ws/install/cartographer/include/cartographer/io/image.h
[4.276s] -- Up-to-date: /home/faith/Work/carto_ws/install/cartographer/include/cartographer/io/intensity_to_color_points_processor.h
[4.276s] -- Up-to-date: /home/faith/Work/carto_ws/install/cartographer/include/cartographer/io/min_max_range_filtering_points_processor.h
[4.277s] -- Up-to-date: /home/faith/Work/carto_ws/install/cartographer/include/cartographer/io/null_points_processor.h
[4.277s] -- Up-to-date: /home/faith/Work/carto_ws/install/cartographer/include/cartographer/io/outlier_removing_points_processor.h
[4.278s] -- Up-to-date: /home/faith/Work/carto_ws/install/cartographer/include/cartographer/io/pcd_writing_points_processor.h
[4.278s] -- Up-to-date: /home/faith/Work/carto_ws/install/cartographer/include/cartographer/io/ply_writing_points_processor.h
[4.279s] -- Up-to-date: /home/faith/Work/carto_ws/install/cartographer/include/cartographer/io/points_batch.h
[4.279s] -- Up-to-date: /home/faith/Work/carto_ws/install/cartographer/include/cartographer/io/points_processor.h
[4.280s] -- Up-to-date: /home/faith/Work/carto_ws/install/cartographer/include/cartographer/io/points_processor_pipeline_builder.h
[4.280s] -- Up-to-date: /home/faith/Work/carto_ws/install/cartographer/include/cartographer/io/probability_grid_points_processor.h
[4.281s] -- Up-to-date: /home/faith/Work/carto_ws/install/cartographer/include/cartographer/io/proto_stream.h
[4.282s] -- Up-to-date: /home/faith/Work/carto_ws/install/cartographer/include/cartographer/io/proto_stream_deserializer.h
[4.282s] -- Up-to-date: /home/faith/Work/carto_ws/install/cartographer/include/cartographer/io/proto_stream_interface.h
[4.283s] -- Up-to-date: /home/faith/Work/carto_ws/install/cartographer/include/cartographer/io/serialization_format_migration.h
[4.283s] -- Up-to-date: /home/faith/Work/carto_ws/install/cartographer/include/cartographer/io/submap_painter.h
[4.284s] -- Up-to-date: /home/faith/Work/carto_ws/install/cartographer/include/cartographer/io/vertical_range_filtering_points_processor.h
[4.284s] -- Up-to-date: /home/faith/Work/carto_ws/install/cartographer/include/cartographer/io/xray_points_processor.h
[4.285s] -- Up-to-date: /home/faith/Work/carto_ws/install/cartographer/include/cartographer/io/xyz_writing_points_processor.h
[4.285s] -- Up-to-date: /home/faith/Work/carto_ws/install/cartographer/include/cartographer/mapping/2d/grid_2d.h
[4.286s] -- Up-to-date: /home/faith/Work/carto_ws/install/cartographer/include/cartographer/mapping/2d/map_limits.h
[4.286s] -- Up-to-date: /home/faith/Work/carto_ws/install/cartographer/include/cartographer/mapping/2d/probability_grid.h
[4.287s] -- Up-to-date: /home/faith/Work/carto_ws/install/cartographer/include/cartographer/mapping/2d/probability_grid_range_data_inserter_2d.h
[4.287s] -- Up-to-date: /home/faith/Work/carto_ws/install/cartographer/include/cartographer/mapping/2d/submap_2d.h
[4.288s] -- Up-to-date: /home/faith/Work/carto_ws/install/cartographer/include/cartographer/mapping/2d/xy_index.h
[4.288s] -- Up-to-date: /home/faith/Work/carto_ws/install/cartographer/include/cartographer/mapping/3d/hybrid_grid.h
[4.288s] -- Up-to-date: /home/faith/Work/carto_ws/install/cartographer/include/cartographer/mapping/3d/range_data_inserter_3d.h
[4.289s] -- Up-to-date: /home/faith/Work/carto_ws/install/cartographer/include/cartographer/mapping/3d/submap_3d.h
[4.289s] -- Up-to-date: /home/faith/Work/carto_ws/install/cartographer/include/cartographer/mapping/detect_floors.h
[4.290s] -- Up-to-date: /home/faith/Work/carto_ws/install/cartographer/include/cartographer/mapping/grid_interface.h
[4.290s] -- Up-to-date: /home/faith/Work/carto_ws/install/cartographer/include/cartographer/mapping/id.h
[4.290s] -- Up-to-date: /home/faith/Work/carto_ws/install/cartographer/include/cartographer/mapping/imu_tracker.h
[4.291s] -- Up-to-date: /home/faith/Work/carto_ws/install/cartographer/include/cartographer/mapping/map_builder.h
[4.291s] -- Up-to-date: /home/faith/Work/carto_ws/install/cartographer/include/cartographer/mapping/map_builder_interface.h
[4.291s] -- Up-to-date: /home/faith/Work/carto_ws/install/cartographer/include/cartographer/mapping/pose_extrapolator.h
[4.292s] -- Up-to-date: /home/faith/Work/carto_ws/install/cartographer/include/cartographer/mapping/pose_extrapolator_interface.h
[4.292s] -- Up-to-date: /home/faith/Work/carto_ws/install/cartographer/include/cartographer/mapping/pose_graph.h
[4.292s] -- Up-to-date: /home/faith/Work/carto_ws/install/cartographer/include/cartographer/mapping/pose_graph_interface.h
[4.293s] -- Up-to-date: /home/faith/Work/carto_ws/install/cartographer/include/cartographer/mapping/pose_graph_trimmer.h
[4.293s] -- Up-to-date: /home/faith/Work/carto_ws/install/cartographer/include/cartographer/mapping/probability_values.h
[4.294s] -- Up-to-date: /home/faith/Work/carto_ws/install/cartographer/include/cartographer/mapping/range_data_inserter_interface.h
[4.294s] -- Up-to-date: /home/faith/Work/carto_ws/install/cartographer/include/cartographer/mapping/submaps.h
[4.294s] -- Up-to-date: /home/faith/Work/carto_ws/install/cartographer/include/cartographer/mapping/trajectory_builder_interface.h
[4.295s] -- Up-to-date: /home/faith/Work/carto_ws/install/cartographer/include/cartographer/mapping/trajectory_node.h
[4.296s] -- Up-to-date: /home/faith/Work/carto_ws/install/cartographer/include/cartographer/mapping/value_conversion_tables.h
[4.298s] -- Up-to-date: /home/faith/Work/carto_ws/install/cartographer/include/cartographer/metrics/counter.h
[4.298s] -- Up-to-date: /home/faith/Work/carto_ws/install/cartographer/include/cartographer/metrics/family_factory.h
[4.300s] -- Up-to-date: /home/faith/Work/carto_ws/install/cartographer/include/cartographer/metrics/gauge.h
[4.302s] -- Up-to-date: /home/faith/Work/carto_ws/install/cartographer/include/cartographer/metrics/histogram.h
[4.303s] -- Up-to-date: /home/faith/Work/carto_ws/install/cartographer/include/cartographer/metrics/register.h
[4.304s] -- Up-to-date: /home/faith/Work/carto_ws/install/cartographer/include/cartographer/sensor/collator_interface.h
[4.304s] -- Up-to-date: /home/faith/Work/carto_ws/install/cartographer/include/cartographer/sensor/compressed_point_cloud.h
[4.305s] -- Up-to-date: /home/faith/Work/carto_ws/install/cartographer/include/cartographer/sensor/data.h
[4.305s] -- Up-to-date: /home/faith/Work/carto_ws/install/cartographer/include/cartographer/sensor/fixed_frame_pose_data.h
[4.305s] -- Up-to-date: /home/faith/Work/carto_ws/install/cartographer/include/cartographer/sensor/imu_data.h
[4.306s] -- Up-to-date: /home/faith/Work/carto_ws/install/cartographer/include/cartographer/sensor/landmark_data.h
[4.306s] -- Up-to-date: /home/faith/Work/carto_ws/install/cartographer/include/cartographer/sensor/map_by_time.h
[4.307s] -- Up-to-date: /home/faith/Work/carto_ws/install/cartographer/include/cartographer/sensor/odometry_data.h
[4.307s] -- Up-to-date: /home/faith/Work/carto_ws/install/cartographer/include/cartographer/sensor/point_cloud.h
[4.307s] -- Up-to-date: /home/faith/Work/carto_ws/install/cartographer/include/cartographer/sensor/range_data.h
[4.308s] -- Up-to-date: /home/faith/Work/carto_ws/install/cartographer/include/cartographer/sensor/rangefinder_point.h
[4.308s] -- Up-to-date: /home/faith/Work/carto_ws/install/cartographer/include/cartographer/sensor/timed_point_cloud_data.h
[4.308s] -- Up-to-date: /home/faith/Work/carto_ws/install/cartographer/include/cartographer/transform/rigid_transform.h
[4.309s] -- Up-to-date: /home/faith/Work/carto_ws/install/cartographer/include/cartographer/transform/timestamped_transform.h
[4.309s] -- Up-to-date: /home/faith/Work/carto_ws/install/cartographer/include/cartographer/transform/transform.h
[4.309s] -- Up-to-date: /home/faith/Work/carto_ws/install/cartographer/include/cartographer/transform/transform_interpolation_buffer.h
[4.310s] -- Up-to-date: /home/faith/Work/carto_ws/install/cartographer/include/cartographer/io/fake_file_writer.h
[4.310s] -- Up-to-date: /home/faith/Work/carto_ws/install/cartographer/include/cartographer/transform/rigid_transform_test_helpers.h
[4.310s] -- Up-to-date: /home/faith/Work/carto_ws/install/cartographer/include/cartographer/common/proto/ceres_solver_options.pb.h
[4.311s] -- Up-to-date: /home/faith/Work/carto_ws/install/cartographer/include/cartographer/ground_truth/proto/relations.pb.h
[4.311s] -- Up-to-date: /home/faith/Work/carto_ws/install/cartographer/include/cartographer/mapping/proto/cell_limits_2d.pb.h
[4.311s] -- Up-to-date: /home/faith/Work/carto_ws/install/cartographer/include/cartographer/mapping/proto/connected_components.pb.h
[4.312s] -- Up-to-date: /home/faith/Work/carto_ws/install/cartographer/include/cartographer/mapping/proto/grid_2d.pb.h
[4.312s] -- Up-to-date: /home/faith/Work/carto_ws/install/cartographer/include/cartographer/mapping/proto/grid_2d_options.pb.h
[4.312s] -- Up-to-date: /home/faith/Work/carto_ws/install/cartographer/include/cartographer/mapping/proto/hybrid_grid.pb.h
[4.313s] -- Up-to-date: /home/faith/Work/carto_ws/install/cartographer/include/cartographer/mapping/proto/local_trajectory_builder_options_2d.pb.h
[4.313s] -- Up-to-date: /home/faith/Work/carto_ws/install/cartographer/include/cartographer/mapping/proto/local_trajectory_builder_options_3d.pb.h
[4.313s] -- Up-to-date: /home/faith/Work/carto_ws/install/cartographer/include/cartographer/mapping/proto/map_builder_options.pb.h
[4.314s] -- Up-to-date: /home/faith/Work/carto_ws/install/cartographer/include/cartographer/mapping/proto/map_limits.pb.h
[4.314s] -- Up-to-date: /home/faith/Work/carto_ws/install/cartographer/include/cartographer/mapping/proto/motion_filter_options.pb.h
[4.314s] -- Up-to-date: /home/faith/Work/carto_ws/install/cartographer/include/cartographer/mapping/proto/normal_estimation_options_2d.pb.h
[4.315s] -- Up-to-date: /home/faith/Work/carto_ws/install/cartographer/include/cartographer/mapping/proto/pose_extrapolator_options.pb.h
[4.315s] -- Up-to-date: /home/faith/Work/carto_ws/install/cartographer/include/cartographer/mapping/proto/pose_graph.pb.h
[4.315s] -- Up-to-date: /home/faith/Work/carto_ws/install/cartographer/include/cartographer/mapping/proto/pose_graph/constraint_builder_options.pb.h
[4.316s] -- Up-to-date: /home/faith/Work/carto_ws/install/cartographer/include/cartographer/mapping/proto/pose_graph/optimization_problem_options.pb.h
[4.316s] -- Up-to-date: /home/faith/Work/carto_ws/install/cartographer/include/cartographer/mapping/proto/pose_graph_options.pb.h
[4.317s] -- Up-to-date: /home/faith/Work/carto_ws/install/cartographer/include/cartographer/mapping/proto/probability_grid.pb.h
[4.317s] -- Up-to-date: /home/faith/Work/carto_ws/install/cartographer/include/cartographer/mapping/proto/probability_grid_range_data_inserter_options_2d.pb.h
[4.317s] -- Up-to-date: /home/faith/Work/carto_ws/install/cartographer/include/cartographer/mapping/proto/range_data_inserter_options.pb.h
[4.318s] -- Up-to-date: /home/faith/Work/carto_ws/install/cartographer/include/cartographer/mapping/proto/range_data_inserter_options_3d.pb.h
[4.318s] -- Up-to-date: /home/faith/Work/carto_ws/install/cartographer/include/cartographer/mapping/proto/scan_matching/ceres_scan_matcher_options_2d.pb.h
[4.318s] -- Up-to-date: /home/faith/Work/carto_ws/install/cartographer/include/cartographer/mapping/proto/scan_matching/ceres_scan_matcher_options_3d.pb.h
[4.319s] -- Up-to-date: /home/faith/Work/carto_ws/install/cartographer/include/cartographer/mapping/proto/scan_matching/fast_correlative_scan_matcher_options_2d.pb.h
[4.319s] -- Up-to-date: /home/faith/Work/carto_ws/install/cartographer/include/cartographer/mapping/proto/scan_matching/fast_correlative_scan_matcher_options_3d.pb.h
[4.319s] -- Up-to-date: /home/faith/Work/carto_ws/install/cartographer/include/cartographer/mapping/proto/scan_matching/real_time_correlative_scan_matcher_options.pb.h
[4.320s] -- Up-to-date: /home/faith/Work/carto_ws/install/cartographer/include/cartographer/mapping/proto/serialization.pb.h
[4.320s] -- Up-to-date: /home/faith/Work/carto_ws/install/cartographer/include/cartographer/mapping/proto/submap.pb.h
[4.320s] -- Up-to-date: /home/faith/Work/carto_ws/install/cartographer/include/cartographer/mapping/proto/submap_visualization.pb.h
[4.321s] -- Up-to-date: /home/faith/Work/carto_ws/install/cartographer/include/cartographer/mapping/proto/submaps_options_2d.pb.h
[4.321s] -- Up-to-date: /home/faith/Work/carto_ws/install/cartographer/include/cartographer/mapping/proto/submaps_options_3d.pb.h
[4.321s] -- Up-to-date: /home/faith/Work/carto_ws/install/cartographer/include/cartographer/mapping/proto/trajectory.pb.h
[4.322s] -- Up-to-date: /home/faith/Work/carto_ws/install/cartographer/include/cartographer/mapping/proto/trajectory_builder_options.pb.h
[4.322s] -- Up-to-date: /home/faith/Work/carto_ws/install/cartographer/include/cartographer/mapping/proto/trajectory_node_data.pb.h
[4.322s] -- Up-to-date: /home/faith/Work/carto_ws/install/cartographer/include/cartographer/mapping/proto/tsdf_2d.pb.h
[4.323s] -- Up-to-date: /home/faith/Work/carto_ws/install/cartographer/include/cartographer/mapping/proto/tsdf_range_data_inserter_options_2d.pb.h
[4.323s] -- Up-to-date: /home/faith/Work/carto_ws/install/cartographer/include/cartographer/sensor/proto/adaptive_voxel_filter_options.pb.h
[4.323s] -- Up-to-date: /home/faith/Work/carto_ws/install/cartographer/include/cartographer/sensor/proto/sensor.pb.h
[4.324s] -- Up-to-date: /home/faith/Work/carto_ws/install/cartographer/include/cartographer/transform/proto/timestamped_transform.pb.h
[4.324s] -- Up-to-date: /home/faith/Work/carto_ws/install/cartographer/include/cartographer/transform/proto/transform.pb.h
[4.324s] -- Up-to-date: /home/faith/Work/carto_ws/install/cartographer/share/cartographer/cmake/CartographerTargets.cmake
[4.325s] -- Up-to-date: /home/faith/Work/carto_ws/install/cartographer/share/cartographer/cmake/CartographerTargets-release.cmake
[4.325s] -- Up-to-date: /home/faith/Work/carto_ws/install/cartographer/share/cartographer/cartographer-config.cmake
[4.326s] Invoked command in '/home/faith/Work/carto_ws/build/cartographer' returned '0': CMAKE_PREFIX_PATH=${CMAKE_PREFIX_PATH}:/opt/ros/humble /usr/bin/cmake --install /home/faith/Work/carto_ws/build/cartographer
