[0.034s] Invoking command in '/home/faith/Work/carto_ws/build/cartographer_ros': CMAKE_PREFIX_PATH=/home/faith/Work/carto_ws/install/cartographer_ros_msgs:/home/faith/Work/carto_ws/install/cartographer:/home/faith/Work/carto_ws/install/astra_camera:/home/faith/Work/carto_ws/install/astra_camera_msgs:/home/faith/Work/carto_ws/install/sllidar_ros2:/home/faith/Work/carto_ws/install/orbbec_description:/home/faith/Work/carto_ws/install/orbbec_camera:/home/faith/Work/carto_ws/install/orbbec_camera_msgs:/home/faith/Work/carto_ws/install/faithbot_cartographer:/home/faith/Work/carto_ws/install/cartographer_rviz:/home/faith/Work/carto_ws/install/cartographer_ros:/home/faith/Work/carto_ws/install/fishbot_description:/opt/ros/humble LD_LIBRARY_PATH=/home/faith/Work/carto_ws/install/cartographer_ros_msgs/lib:/home/faith/Work/carto_ws/install/astra_camera/lib:/home/faith/Work/carto_ws/install/astra_camera_msgs/lib:/home/faith/Work/carto_ws/install/orbbec_camera/lib:/home/faith/Work/carto_ws/install/orbbec_camera_msgs/lib:/home/faith/Work/carto_ws/install/cartographer_rviz/lib:/home/faith/Work/carto_ws/install/cartographer_ros/lib:/opt/ros/humble/opt/rviz_ogre_vendor/lib:/opt/ros/humble/lib/aarch64-linux-gnu:/opt/ros/humble/lib /usr/bin/cmake --build /home/faith/Work/carto_ws/build/cartographer_ros -- -j8 -l8
[0.343s] [ 60%] Built target cartographer_ros
[0.421s] [ 65%] Built target cartographer_pbstream_map_publisher
[0.422s] [ 71%] Built target cartographer_pbstream_to_ros_map
[0.425s] [ 77%] Built target cartographer_offline_node
[0.429s] [ 82%] Built target cartographer_rosbag_validate
[0.448s] [ 88%] Built target cartographer_assets_writer
[0.462s] [ 94%] Built target cartographer_occupancy_grid_node
[0.481s] [100%] Built target cartographer_node
[0.514s] Invoked command in '/home/faith/Work/carto_ws/build/cartographer_ros' returned '0': CMAKE_PREFIX_PATH=/home/faith/Work/carto_ws/install/cartographer_ros_msgs:/home/faith/Work/carto_ws/install/cartographer:/home/faith/Work/carto_ws/install/astra_camera:/home/faith/Work/carto_ws/install/astra_camera_msgs:/home/faith/Work/carto_ws/install/sllidar_ros2:/home/faith/Work/carto_ws/install/orbbec_description:/home/faith/Work/carto_ws/install/orbbec_camera:/home/faith/Work/carto_ws/install/orbbec_camera_msgs:/home/faith/Work/carto_ws/install/faithbot_cartographer:/home/faith/Work/carto_ws/install/cartographer_rviz:/home/faith/Work/carto_ws/install/cartographer_ros:/home/faith/Work/carto_ws/install/fishbot_description:/opt/ros/humble LD_LIBRARY_PATH=/home/faith/Work/carto_ws/install/cartographer_ros_msgs/lib:/home/faith/Work/carto_ws/install/astra_camera/lib:/home/faith/Work/carto_ws/install/astra_camera_msgs/lib:/home/faith/Work/carto_ws/install/orbbec_camera/lib:/home/faith/Work/carto_ws/install/orbbec_camera_msgs/lib:/home/faith/Work/carto_ws/install/cartographer_rviz/lib:/home/faith/Work/carto_ws/install/cartographer_ros/lib:/opt/ros/humble/opt/rviz_ogre_vendor/lib:/opt/ros/humble/lib/aarch64-linux-gnu:/opt/ros/humble/lib /usr/bin/cmake --build /home/faith/Work/carto_ws/build/cartographer_ros -- -j8 -l8
[0.779s] Invoking command in '/home/faith/Work/carto_ws/build/cartographer_ros': CMAKE_PREFIX_PATH=/home/faith/Work/carto_ws/install/cartographer_ros_msgs:/home/faith/Work/carto_ws/install/cartographer:/home/faith/Work/carto_ws/install/astra_camera:/home/faith/Work/carto_ws/install/astra_camera_msgs:/home/faith/Work/carto_ws/install/sllidar_ros2:/home/faith/Work/carto_ws/install/orbbec_description:/home/faith/Work/carto_ws/install/orbbec_camera:/home/faith/Work/carto_ws/install/orbbec_camera_msgs:/home/faith/Work/carto_ws/install/faithbot_cartographer:/home/faith/Work/carto_ws/install/cartographer_rviz:/home/faith/Work/carto_ws/install/cartographer_ros:/home/faith/Work/carto_ws/install/fishbot_description:/opt/ros/humble LD_LIBRARY_PATH=/home/faith/Work/carto_ws/install/cartographer_ros_msgs/lib:/home/faith/Work/carto_ws/install/astra_camera/lib:/home/faith/Work/carto_ws/install/astra_camera_msgs/lib:/home/faith/Work/carto_ws/install/orbbec_camera/lib:/home/faith/Work/carto_ws/install/orbbec_camera_msgs/lib:/home/faith/Work/carto_ws/install/cartographer_rviz/lib:/home/faith/Work/carto_ws/install/cartographer_ros/lib:/opt/ros/humble/opt/rviz_ogre_vendor/lib:/opt/ros/humble/lib/aarch64-linux-gnu:/opt/ros/humble/lib /usr/bin/cmake --install /home/faith/Work/carto_ws/build/cartographer_ros
[0.817s] -- Install configuration: "Release"
[0.818s] -- Up-to-date: /home/faith/Work/carto_ws/install/cartographer_ros/lib/libcartographer_ros.a
[0.818s] -- Up-to-date: /home/faith/Work/carto_ws/install/cartographer_ros/lib/cartographer_ros/cartographer_node
[0.819s] -- Up-to-date: /home/faith/Work/carto_ws/install/cartographer_ros/lib/cartographer_ros/cartographer_occupancy_grid_node
[0.820s] -- Up-to-date: /home/faith/Work/carto_ws/install/cartographer_ros/lib/cartographer_ros/cartographer_offline_node
[0.821s] -- Up-to-date: /home/faith/Work/carto_ws/install/cartographer_ros/lib/cartographer_ros/cartographer_assets_writer
[0.822s] -- Up-to-date: /home/faith/Work/carto_ws/install/cartographer_ros/lib/cartographer_ros/cartographer_pbstream_map_publisher
[0.823s] -- Up-to-date: /home/faith/Work/carto_ws/install/cartographer_ros/lib/cartographer_ros/cartographer_pbstream_to_ros_map
[0.825s] -- Up-to-date: /home/faith/Work/carto_ws/install/cartographer_ros/lib/cartographer_ros/cartographer_rosbag_validate
[0.825s] -- Up-to-date: /home/faith/Work/carto_ws/install/cartographer_ros/include/
[0.825s] -- Up-to-date: /home/faith/Work/carto_ws/install/cartographer_ros/include//cartographer_ros
[0.826s] -- Up-to-date: /home/faith/Work/carto_ws/install/cartographer_ros/include//cartographer_ros/playable_bag.h
[0.826s] -- Up-to-date: /home/faith/Work/carto_ws/install/cartographer_ros/include//cartographer_ros/assets_writer.h
[0.827s] -- Up-to-date: /home/faith/Work/carto_ws/install/cartographer_ros/include//cartographer_ros/submap.h
[0.827s] -- Up-to-date: /home/faith/Work/carto_ws/install/cartographer_ros/include//cartographer_ros/ros_map_writing_points_processor.h
[0.827s] -- Up-to-date: /home/faith/Work/carto_ws/install/cartographer_ros/include//cartographer_ros/sensor_bridge.h
[0.828s] -- Up-to-date: /home/faith/Work/carto_ws/install/cartographer_ros/include//cartographer_ros/time_conversion.h
[0.828s] -- Up-to-date: /home/faith/Work/carto_ws/install/cartographer_ros/include//cartographer_ros/node_options.h
[0.829s] -- Up-to-date: /home/faith/Work/carto_ws/install/cartographer_ros/include//cartographer_ros/offline_node.h
[0.829s] -- Up-to-date: /home/faith/Work/carto_ws/install/cartographer_ros/include//cartographer_ros/ros_map.h
[0.829s] -- Up-to-date: /home/faith/Work/carto_ws/install/cartographer_ros/include//cartographer_ros/ros_log_sink.h
[0.830s] -- Up-to-date: /home/faith/Work/carto_ws/install/cartographer_ros/include//cartographer_ros/tf_bridge.h
[0.830s] -- Up-to-date: /home/faith/Work/carto_ws/install/cartographer_ros/include//cartographer_ros/node.h
[0.831s] -- Up-to-date: /home/faith/Work/carto_ws/install/cartographer_ros/include//cartographer_ros/node_constants.h
[0.831s] -- Up-to-date: /home/faith/Work/carto_ws/install/cartographer_ros/include//cartographer_ros/metrics
[0.832s] -- Up-to-date: /home/faith/Work/carto_ws/install/cartographer_ros/include//cartographer_ros/metrics/internal
[0.832s] -- Up-to-date: /home/faith/Work/carto_ws/install/cartographer_ros/include//cartographer_ros/metrics/internal/family.h
[0.832s] -- Up-to-date: /home/faith/Work/carto_ws/install/cartographer_ros/include//cartographer_ros/metrics/internal/histogram.h
[0.833s] -- Up-to-date: /home/faith/Work/carto_ws/install/cartographer_ros/include//cartographer_ros/metrics/internal/gauge.h
[0.833s] -- Up-to-date: /home/faith/Work/carto_ws/install/cartographer_ros/include//cartographer_ros/metrics/internal/counter.h
[0.833s] -- Up-to-date: /home/faith/Work/carto_ws/install/cartographer_ros/include//cartographer_ros/metrics/family_factory.h
[0.834s] -- Up-to-date: /home/faith/Work/carto_ws/install/cartographer_ros/include//cartographer_ros/msg_conversion.h
[0.834s] -- Up-to-date: /home/faith/Work/carto_ws/install/cartographer_ros/include//cartographer_ros/urdf_reader.h
[0.834s] -- Up-to-date: /home/faith/Work/carto_ws/install/cartographer_ros/include//cartographer_ros/trajectory_options.h
[0.849s] -- Up-to-date: /home/faith/Work/carto_ws/install/cartographer_ros/include//cartographer_ros/map_builder_bridge.h
[0.850s] -- Up-to-date: /home/faith/Work/carto_ws/install/cartographer_ros/share/cartographer_ros//configuration_files
[0.850s] -- Up-to-date: /home/faith/Work/carto_ws/install/cartographer_ros/share/cartographer_ros//configuration_files/revo_lds.lua
[0.851s] -- Up-to-date: /home/faith/Work/carto_ws/install/cartographer_ros/share/cartographer_ros//configuration_files/taurob_tracker.lua
[0.851s] -- Up-to-date: /home/faith/Work/carto_ws/install/cartographer_ros/share/cartographer_ros//configuration_files/backpack_3d.lua
[0.851s] -- Up-to-date: /home/faith/Work/carto_ws/install/cartographer_ros/share/cartographer_ros//configuration_files/assets_writer_ros_map.lua
[0.852s] -- Up-to-date: /home/faith/Work/carto_ws/install/cartographer_ros/share/cartographer_ros//configuration_files/backpack_2d_server.lua
[0.852s] -- Up-to-date: /home/faith/Work/carto_ws/install/cartographer_ros/share/cartographer_ros//configuration_files/mir-100-mapping.lua
[0.853s] -- Up-to-date: /home/faith/Work/carto_ws/install/cartographer_ros/share/cartographer_ros//configuration_files/pr2.lua
[0.853s] -- Up-to-date: /home/faith/Work/carto_ws/install/cartographer_ros/share/cartographer_ros//configuration_files/backpack_2d.lua
[0.853s] -- Up-to-date: /home/faith/Work/carto_ws/install/cartographer_ros/share/cartographer_ros//configuration_files/visualize_pbstream.lua
[0.854s] -- Up-to-date: /home/faith/Work/carto_ws/install/cartographer_ros/share/cartographer_ros//configuration_files/assets_writer_backpack_3d.lua
[0.854s] -- Up-to-date: /home/faith/Work/carto_ws/install/cartographer_ros/share/cartographer_ros//configuration_files/demo_3d.rviz
[0.854s] -- Up-to-date: /home/faith/Work/carto_ws/install/cartographer_ros/share/cartographer_ros//configuration_files/assets_writer_backpack_2d.lua
[0.855s] -- Up-to-date: /home/faith/Work/carto_ws/install/cartographer_ros/share/cartographer_ros//configuration_files/backpack_2d_localization.lua
[0.855s] -- Up-to-date: /home/faith/Work/carto_ws/install/cartographer_ros/share/cartographer_ros//configuration_files/backpack_3d_localization.lua
[0.855s] -- Up-to-date: /home/faith/Work/carto_ws/install/cartographer_ros/share/cartographer_ros//configuration_files/demo_2d.rviz
[0.856s] -- Up-to-date: /home/faith/Work/carto_ws/install/cartographer_ros/share/cartographer_ros//configuration_files/transform.lua
[0.856s] -- Up-to-date: /home/faith/Work/carto_ws/install/cartographer_ros/share/cartographer_ros//configuration_files/assets_writer_backpack_2d_ci.lua
[0.856s] -- Up-to-date: /home/faith/Work/carto_ws/install/cartographer_ros/share/cartographer_ros//configuration_files/backpack_2d_localization_evaluation.lua
[0.857s] -- Up-to-date: /home/faith/Work/carto_ws/install/cartographer_ros/share/cartographer_ros//urdf
[0.857s] -- Up-to-date: /home/faith/Work/carto_ws/install/cartographer_ros/share/cartographer_ros//urdf/mir-100.urdf
[0.857s] -- Up-to-date: /home/faith/Work/carto_ws/install/cartographer_ros/share/cartographer_ros//urdf/backpack_2d.urdf
[0.858s] -- Up-to-date: /home/faith/Work/carto_ws/install/cartographer_ros/share/cartographer_ros//urdf/backpack_3d.urdf
[0.858s] -- Up-to-date: /home/faith/Work/carto_ws/install/cartographer_ros/share/cartographer_ros//launch
[0.858s] -- Up-to-date: /home/faith/Work/carto_ws/install/cartographer_ros/share/cartographer_ros//launch/assets_writer_backpack_2d.launch.py
[0.859s] -- Up-to-date: /home/faith/Work/carto_ws/install/cartographer_ros/share/cartographer_ros//launch/grpc_demo_backpack_2d_localization.launch
[0.859s] -- Up-to-date: /home/faith/Work/carto_ws/install/cartographer_ros/share/cartographer_ros//launch/grpc_demo_backpack_2d.launch
[0.860s] -- Up-to-date: /home/faith/Work/carto_ws/install/cartographer_ros/share/cartographer_ros//launch/offline_node.launch.py
[0.860s] -- Up-to-date: /home/faith/Work/carto_ws/install/cartographer_ros/share/cartographer_ros//launch/demo_backpack_2d_localization.launch.py
[0.860s] -- Up-to-date: /home/faith/Work/carto_ws/install/cartographer_ros/share/cartographer_ros//launch/demo_backpack_2d.launch.py
[0.861s] -- Up-to-date: /home/faith/Work/carto_ws/install/cartographer_ros/share/cartographer_ros//launch/demo_backpack_3d.launch.py
[0.861s] -- Up-to-date: /home/faith/Work/carto_ws/install/cartographer_ros/share/cartographer_ros//launch/visualize_pbstream.launch.py
[0.861s] -- Up-to-date: /home/faith/Work/carto_ws/install/cartographer_ros/share/cartographer_ros//launch/demo_pr2.launch
[0.862s] -- Up-to-date: /home/faith/Work/carto_ws/install/cartographer_ros/share/cartographer_ros//launch/assets_writer_backpack_3d.launch.py
[0.862s] -- Up-to-date: /home/faith/Work/carto_ws/install/cartographer_ros/share/cartographer_ros//launch/offline_backpack_2d.launch.py
[0.863s] -- Up-to-date: /home/faith/Work/carto_ws/install/cartographer_ros/share/cartographer_ros//launch/demo_taurob_tracker.launch.py
[0.863s] -- Up-to-date: /home/faith/Work/carto_ws/install/cartographer_ros/share/cartographer_ros//launch/backpack_3d.launch.py
[0.863s] -- Up-to-date: /home/faith/Work/carto_ws/install/cartographer_ros/share/cartographer_ros//launch/offline_backpack_3d.launch.py
[0.864s] -- Up-to-date: /home/faith/Work/carto_ws/install/cartographer_ros/share/cartographer_ros//launch/taurob_tracker.launch.py
[0.864s] -- Up-to-date: /home/faith/Work/carto_ws/install/cartographer_ros/share/cartographer_ros//launch/offline_mir_100_rviz.launch.py
[0.864s] -- Up-to-date: /home/faith/Work/carto_ws/install/cartographer_ros/share/cartographer_ros//launch/backpack_2d.launch.py
[0.865s] -- Up-to-date: /home/faith/Work/carto_ws/install/cartographer_ros/share/cartographer_ros//launch/assets_writer_ros_map.launch.py
[0.865s] -- Up-to-date: /home/faith/Work/carto_ws/install/cartographer_ros/share/cartographer_ros//launch/demo_backpack_3d_localization.launch.py
[0.866s] -- Up-to-date: /home/faith/Work/carto_ws/install/cartographer_ros/share/cartographer_ros//launch/demo_revo_lds.launch.py
[0.867s] -- Up-to-date: /home/faith/Work/carto_ws/install/cartographer_ros/share/cartographer_ros/environment/library_path.sh
[0.868s] -- Up-to-date: /home/faith/Work/carto_ws/install/cartographer_ros/share/cartographer_ros/environment/library_path.dsv
[0.869s] -- Up-to-date: /home/faith/Work/carto_ws/install/cartographer_ros/share/ament_index/resource_index/package_run_dependencies/cartographer_ros
[0.870s] -- Up-to-date: /home/faith/Work/carto_ws/install/cartographer_ros/share/ament_index/resource_index/parent_prefix_path/cartographer_ros
[0.870s] -- Up-to-date: /home/faith/Work/carto_ws/install/cartographer_ros/share/cartographer_ros/environment/ament_prefix_path.sh
[0.871s] -- Up-to-date: /home/faith/Work/carto_ws/install/cartographer_ros/share/cartographer_ros/environment/ament_prefix_path.dsv
[0.871s] -- Up-to-date: /home/faith/Work/carto_ws/install/cartographer_ros/share/cartographer_ros/environment/path.sh
[0.872s] -- Up-to-date: /home/faith/Work/carto_ws/install/cartographer_ros/share/cartographer_ros/environment/path.dsv
[0.872s] -- Up-to-date: /home/faith/Work/carto_ws/install/cartographer_ros/share/cartographer_ros/local_setup.bash
[0.873s] -- Up-to-date: /home/faith/Work/carto_ws/install/cartographer_ros/share/cartographer_ros/local_setup.sh
[0.874s] -- Up-to-date: /home/faith/Work/carto_ws/install/cartographer_ros/share/cartographer_ros/local_setup.zsh
[0.875s] -- Up-to-date: /home/faith/Work/carto_ws/install/cartographer_ros/share/cartographer_ros/local_setup.dsv
[0.876s] -- Installing: /home/faith/Work/carto_ws/install/cartographer_ros/share/cartographer_ros/package.dsv
[0.877s] -- Up-to-date: /home/faith/Work/carto_ws/install/cartographer_ros/share/ament_index/resource_index/packages/cartographer_ros
[0.877s] -- Up-to-date: /home/faith/Work/carto_ws/install/cartographer_ros/share/cartographer_ros/cmake/ament_cmake_export_include_directories-extras.cmake
[0.878s] -- Up-to-date: /home/faith/Work/carto_ws/install/cartographer_ros/share/cartographer_ros/cmake/ament_cmake_export_libraries-extras.cmake
[0.879s] -- Up-to-date: /home/faith/Work/carto_ws/install/cartographer_ros/share/cartographer_ros/cmake/ament_cmake_export_dependencies-extras.cmake
[0.880s] -- Up-to-date: /home/faith/Work/carto_ws/install/cartographer_ros/share/cartographer_ros/cmake/cartographer_rosConfig.cmake
[0.880s] -- Up-to-date: /home/faith/Work/carto_ws/install/cartographer_ros/share/cartographer_ros/cmake/cartographer_rosConfig-version.cmake
[0.880s] -- Up-to-date: /home/faith/Work/carto_ws/install/cartographer_ros/share/cartographer_ros/package.xml
[0.881s] Invoked command in '/home/faith/Work/carto_ws/build/cartographer_ros' returned '0': CMAKE_PREFIX_PATH=/home/faith/Work/carto_ws/install/cartographer_ros_msgs:/home/faith/Work/carto_ws/install/cartographer:/home/faith/Work/carto_ws/install/astra_camera:/home/faith/Work/carto_ws/install/astra_camera_msgs:/home/faith/Work/carto_ws/install/sllidar_ros2:/home/faith/Work/carto_ws/install/orbbec_description:/home/faith/Work/carto_ws/install/orbbec_camera:/home/faith/Work/carto_ws/install/orbbec_camera_msgs:/home/faith/Work/carto_ws/install/faithbot_cartographer:/home/faith/Work/carto_ws/install/cartographer_rviz:/home/faith/Work/carto_ws/install/cartographer_ros:/home/faith/Work/carto_ws/install/fishbot_description:/opt/ros/humble LD_LIBRARY_PATH=/home/faith/Work/carto_ws/install/cartographer_ros_msgs/lib:/home/faith/Work/carto_ws/install/astra_camera/lib:/home/faith/Work/carto_ws/install/astra_camera_msgs/lib:/home/faith/Work/carto_ws/install/orbbec_camera/lib:/home/faith/Work/carto_ws/install/orbbec_camera_msgs/lib:/home/faith/Work/carto_ws/install/cartographer_rviz/lib:/home/faith/Work/carto_ws/install/cartographer_ros/lib:/opt/ros/humble/opt/rviz_ogre_vendor/lib:/opt/ros/humble/lib/aarch64-linux-gnu:/opt/ros/humble/lib /usr/bin/cmake --install /home/faith/Work/carto_ws/build/cartographer_ros
