[0.035s] Invoking command in '/home/faith/Work/carto_ws/build/cartographer_ros': CMAKE_PREFIX_PATH=/home/faith/Work/carto_ws/install/cartographer_ros_msgs:/home/faith/Work/carto_ws/install/cartographer:/home/faith/Work/carto_ws/install/sllidar_ros2:/home/faith/Work/carto_ws/install/orbbec_description:/home/faith/Work/carto_ws/install/orbbec_camera:/home/faith/Work/carto_ws/install/orbbec_camera_msgs:/home/faith/Work/carto_ws/install/faithbot_cartographer:/home/faith/Work/carto_ws/install/cartographer_rviz:/home/faith/Work/carto_ws/install/cartographer_ros:/home/faith/Work/carto_ws/install/astra_camera:/home/faith/Work/carto_ws/install/astra_camera_msgs:/home/faith/Work/carto_ws/install/fishbot_description:/opt/ros/humble LD_LIBRARY_PATH=/home/faith/Work/carto_ws/install/cartographer_ros_msgs/lib:/home/faith/Work/carto_ws/install/orbbec_camera/lib:/home/faith/Work/carto_ws/install/orbbec_camera_msgs/lib:/home/faith/Work/carto_ws/install/cartographer_rviz/lib:/home/faith/Work/carto_ws/install/cartographer_ros/lib:/home/faith/Work/carto_ws/install/astra_camera/lib:/home/faith/Work/carto_ws/install/astra_camera_msgs/lib:/opt/ros/humble/opt/rviz_ogre_vendor/lib:/opt/ros/humble/lib/aarch64-linux-gnu:/opt/ros/humble/lib /usr/bin/cmake /home/faith/Work/carto_ws/src/cartographer_ros/cartographer_ros -DCMAKE_INSTALL_PREFIX=/home/faith/Work/carto_ws/install/cartographer_ros
[0.067s] -- Found ament_cmake: 1.3.5 (/opt/ros/humble/share/ament_cmake/cmake)
[0.330s] -- Found builtin_interfaces: 1.2.1 (/opt/ros/humble/share/builtin_interfaces/cmake)
[0.385s] -- Found rosidl_generator_c: 3.1.4 (/opt/ros/humble/share/rosidl_generator_c/cmake)
[0.388s] -- Found rosidl_adapter: 3.1.4 (/opt/ros/humble/share/rosidl_adapter/cmake)
[0.396s] -- Found rosidl_generator_cpp: 3.1.4 (/opt/ros/humble/share/rosidl_generator_cpp/cmake)
[0.412s] -- Using all available rosidl_typesupport_c: rosidl_typesupport_fastrtps_c;rosidl_typesupport_introspection_c
[0.434s] -- Using all available rosidl_typesupport_cpp: rosidl_typesupport_fastrtps_cpp;rosidl_typesupport_introspection_cpp
[0.458s] -- Found required Ceres dependency: Eigen version 3.4.0 in /usr/include/eigen3
[0.460s] -- Found required Ceres dependency: glog
[0.460s] -- Found required Ceres dependency: gflags
[0.461s] -- Found Ceres version: 2.0.0 installed in: /usr with components: [EigenSparse, SparseLinearAlgebraLibrary, LAPACK, SuiteSparse, CXSparse, SchurSpecializations, Multithreading]
[0.472s] -- Found cartographer_ros_msgs: 2.0.9001 (/home/faith/Work/carto_ws/install/cartographer_ros_msgs/share/cartographer_ros_msgs/cmake)
[0.801s] -- Eigen found (include: /usr/include/eigen3, version: 3.4.0)
[0.818s] -- looking for PCL_COMMON
[0.820s] -- Found nav_msgs: 4.2.3 (/opt/ros/humble/share/nav_msgs/cmake)
[0.960s] -- Found pcl_conversions: 2.4.0 (/opt/ros/humble/share/pcl_conversions/cmake)
[1.029s] -- Found rmw_implementation_cmake: 6.1.1 (/opt/ros/humble/share/rmw_implementation_cmake/cmake)
[1.031s] -- Found rmw_fastrtps_cpp: 6.2.2 (/opt/ros/humble/share/rmw_fastrtps_cpp/cmake)
[1.255s] -- Using RMW implementation 'rmw_fastrtps_cpp' as default
[1.875s] -- Found rosbag2_cpp: 0.15.6 (/opt/ros/humble/share/rosbag2_cpp/cmake)
[1.931s] -- Found tf2: 0.25.2 (/opt/ros/humble/share/tf2/cmake)
[1.941s] -- Found tf2_eigen: 0.25.2 (/opt/ros/humble/share/tf2_eigen/cmake)
[2.453s] -- Found urdf: 2.6.0 (/opt/ros/humble/share/urdf/cmake)
[2.466s] -- Found visualization_msgs: 4.2.3 (/opt/ros/humble/share/visualization_msgs/cmake)
[4.038s] -- Configuring done
[4.383s] -- Generating done
[4.388s] -- Build files have been written to: /home/faith/Work/carto_ws/build/cartographer_ros
[4.437s] Invoked command in '/home/faith/Work/carto_ws/build/cartographer_ros' returned '0': CMAKE_PREFIX_PATH=/home/faith/Work/carto_ws/install/cartographer_ros_msgs:/home/faith/Work/carto_ws/install/cartographer:/home/faith/Work/carto_ws/install/sllidar_ros2:/home/faith/Work/carto_ws/install/orbbec_description:/home/faith/Work/carto_ws/install/orbbec_camera:/home/faith/Work/carto_ws/install/orbbec_camera_msgs:/home/faith/Work/carto_ws/install/faithbot_cartographer:/home/faith/Work/carto_ws/install/cartographer_rviz:/home/faith/Work/carto_ws/install/cartographer_ros:/home/faith/Work/carto_ws/install/astra_camera:/home/faith/Work/carto_ws/install/astra_camera_msgs:/home/faith/Work/carto_ws/install/fishbot_description:/opt/ros/humble LD_LIBRARY_PATH=/home/faith/Work/carto_ws/install/cartographer_ros_msgs/lib:/home/faith/Work/carto_ws/install/orbbec_camera/lib:/home/faith/Work/carto_ws/install/orbbec_camera_msgs/lib:/home/faith/Work/carto_ws/install/cartographer_rviz/lib:/home/faith/Work/carto_ws/install/cartographer_ros/lib:/home/faith/Work/carto_ws/install/astra_camera/lib:/home/faith/Work/carto_ws/install/astra_camera_msgs/lib:/opt/ros/humble/opt/rviz_ogre_vendor/lib:/opt/ros/humble/lib/aarch64-linux-gnu:/opt/ros/humble/lib /usr/bin/cmake /home/faith/Work/carto_ws/src/cartographer_ros/cartographer_ros -DCMAKE_INSTALL_PREFIX=/home/faith/Work/carto_ws/install/cartographer_ros
[4.444s] Invoking command in '/home/faith/Work/carto_ws/build/cartographer_ros': CMAKE_PREFIX_PATH=/home/faith/Work/carto_ws/install/cartographer_ros_msgs:/home/faith/Work/carto_ws/install/cartographer:/home/faith/Work/carto_ws/install/sllidar_ros2:/home/faith/Work/carto_ws/install/orbbec_description:/home/faith/Work/carto_ws/install/orbbec_camera:/home/faith/Work/carto_ws/install/orbbec_camera_msgs:/home/faith/Work/carto_ws/install/faithbot_cartographer:/home/faith/Work/carto_ws/install/cartographer_rviz:/home/faith/Work/carto_ws/install/cartographer_ros:/home/faith/Work/carto_ws/install/astra_camera:/home/faith/Work/carto_ws/install/astra_camera_msgs:/home/faith/Work/carto_ws/install/fishbot_description:/opt/ros/humble LD_LIBRARY_PATH=/home/faith/Work/carto_ws/install/cartographer_ros_msgs/lib:/home/faith/Work/carto_ws/install/orbbec_camera/lib:/home/faith/Work/carto_ws/install/orbbec_camera_msgs/lib:/home/faith/Work/carto_ws/install/cartographer_rviz/lib:/home/faith/Work/carto_ws/install/cartographer_ros/lib:/home/faith/Work/carto_ws/install/astra_camera/lib:/home/faith/Work/carto_ws/install/astra_camera_msgs/lib:/opt/ros/humble/opt/rviz_ogre_vendor/lib:/opt/ros/humble/lib/aarch64-linux-gnu:/opt/ros/humble/lib /usr/bin/cmake --build /home/faith/Work/carto_ws/build/cartographer_ros -- -j8 -l8
[4.630s] [35m[1mConsolidate compiler generated dependencies of target cartographer_ros[0m
[4.899s] [ 60%] Built target cartographer_ros
[4.928s] [35m[1mConsolidate compiler generated dependencies of target cartographer_rosbag_validate[0m
[4.929s] [35m[1mConsolidate compiler generated dependencies of target cartographer_assets_writer[0m
[4.943s] [35m[1mConsolidate compiler generated dependencies of target cartographer_pbstream_map_publisher[0m
[4.947s] [35m[1mConsolidate compiler generated dependencies of target cartographer_pbstream_to_ros_map[0m
[4.949s] [35m[1mConsolidate compiler generated dependencies of target cartographer_offline_node[0m
[4.959s] [35m[1mConsolidate compiler generated dependencies of target cartographer_node[0m
[4.959s] [35m[1mConsolidate compiler generated dependencies of target cartographer_occupancy_grid_node[0m
[4.999s] [ 65%] Built target cartographer_offline_node
[5.002s] [ 77%] Built target cartographer_occupancy_grid_node
[5.002s] [ 77%] Built target cartographer_pbstream_to_ros_map
[5.017s] [ 82%] Built target cartographer_rosbag_validate
[5.031s] [ 88%] Built target cartographer_assets_writer
[5.033s] [ 94%] Built target cartographer_pbstream_map_publisher
[5.063s] [100%] Built target cartographer_node
[5.100s] Invoked command in '/home/faith/Work/carto_ws/build/cartographer_ros' returned '0': CMAKE_PREFIX_PATH=/home/faith/Work/carto_ws/install/cartographer_ros_msgs:/home/faith/Work/carto_ws/install/cartographer:/home/faith/Work/carto_ws/install/sllidar_ros2:/home/faith/Work/carto_ws/install/orbbec_description:/home/faith/Work/carto_ws/install/orbbec_camera:/home/faith/Work/carto_ws/install/orbbec_camera_msgs:/home/faith/Work/carto_ws/install/faithbot_cartographer:/home/faith/Work/carto_ws/install/cartographer_rviz:/home/faith/Work/carto_ws/install/cartographer_ros:/home/faith/Work/carto_ws/install/astra_camera:/home/faith/Work/carto_ws/install/astra_camera_msgs:/home/faith/Work/carto_ws/install/fishbot_description:/opt/ros/humble LD_LIBRARY_PATH=/home/faith/Work/carto_ws/install/cartographer_ros_msgs/lib:/home/faith/Work/carto_ws/install/orbbec_camera/lib:/home/faith/Work/carto_ws/install/orbbec_camera_msgs/lib:/home/faith/Work/carto_ws/install/cartographer_rviz/lib:/home/faith/Work/carto_ws/install/cartographer_ros/lib:/home/faith/Work/carto_ws/install/astra_camera/lib:/home/faith/Work/carto_ws/install/astra_camera_msgs/lib:/opt/ros/humble/opt/rviz_ogre_vendor/lib:/opt/ros/humble/lib/aarch64-linux-gnu:/opt/ros/humble/lib /usr/bin/cmake --build /home/faith/Work/carto_ws/build/cartographer_ros -- -j8 -l8
[5.366s] Invoking command in '/home/faith/Work/carto_ws/build/cartographer_ros': CMAKE_PREFIX_PATH=/home/faith/Work/carto_ws/install/cartographer_ros_msgs:/home/faith/Work/carto_ws/install/cartographer:/home/faith/Work/carto_ws/install/sllidar_ros2:/home/faith/Work/carto_ws/install/orbbec_description:/home/faith/Work/carto_ws/install/orbbec_camera:/home/faith/Work/carto_ws/install/orbbec_camera_msgs:/home/faith/Work/carto_ws/install/faithbot_cartographer:/home/faith/Work/carto_ws/install/cartographer_rviz:/home/faith/Work/carto_ws/install/cartographer_ros:/home/faith/Work/carto_ws/install/astra_camera:/home/faith/Work/carto_ws/install/astra_camera_msgs:/home/faith/Work/carto_ws/install/fishbot_description:/opt/ros/humble LD_LIBRARY_PATH=/home/faith/Work/carto_ws/install/cartographer_ros_msgs/lib:/home/faith/Work/carto_ws/install/orbbec_camera/lib:/home/faith/Work/carto_ws/install/orbbec_camera_msgs/lib:/home/faith/Work/carto_ws/install/cartographer_rviz/lib:/home/faith/Work/carto_ws/install/cartographer_ros/lib:/home/faith/Work/carto_ws/install/astra_camera/lib:/home/faith/Work/carto_ws/install/astra_camera_msgs/lib:/opt/ros/humble/opt/rviz_ogre_vendor/lib:/opt/ros/humble/lib/aarch64-linux-gnu:/opt/ros/humble/lib /usr/bin/cmake --install /home/faith/Work/carto_ws/build/cartographer_ros
[5.393s] -- Install configuration: "Release"
[5.393s] -- Up-to-date: /home/faith/Work/carto_ws/install/cartographer_ros/lib/libcartographer_ros.a
[5.395s] -- Up-to-date: /home/faith/Work/carto_ws/install/cartographer_ros/lib/cartographer_ros/cartographer_node
[5.396s] -- Up-to-date: /home/faith/Work/carto_ws/install/cartographer_ros/lib/cartographer_ros/cartographer_occupancy_grid_node
[5.398s] -- Up-to-date: /home/faith/Work/carto_ws/install/cartographer_ros/lib/cartographer_ros/cartographer_offline_node
[5.399s] -- Up-to-date: /home/faith/Work/carto_ws/install/cartographer_ros/lib/cartographer_ros/cartographer_assets_writer
[5.400s] -- Up-to-date: /home/faith/Work/carto_ws/install/cartographer_ros/lib/cartographer_ros/cartographer_pbstream_map_publisher
[5.401s] -- Up-to-date: /home/faith/Work/carto_ws/install/cartographer_ros/lib/cartographer_ros/cartographer_pbstream_to_ros_map
[5.403s] -- Up-to-date: /home/faith/Work/carto_ws/install/cartographer_ros/lib/cartographer_ros/cartographer_rosbag_validate
[5.403s] -- Up-to-date: /home/faith/Work/carto_ws/install/cartographer_ros/include/
[5.403s] -- Up-to-date: /home/faith/Work/carto_ws/install/cartographer_ros/include//cartographer_ros
[5.404s] -- Up-to-date: /home/faith/Work/carto_ws/install/cartographer_ros/include//cartographer_ros/playable_bag.h
[5.405s] -- Up-to-date: /home/faith/Work/carto_ws/install/cartographer_ros/include//cartographer_ros/assets_writer.h
[5.406s] -- Up-to-date: /home/faith/Work/carto_ws/install/cartographer_ros/include//cartographer_ros/submap.h
[5.406s] -- Up-to-date: /home/faith/Work/carto_ws/install/cartographer_ros/include//cartographer_ros/ros_map_writing_points_processor.h
[5.407s] -- Up-to-date: /home/faith/Work/carto_ws/install/cartographer_ros/include//cartographer_ros/sensor_bridge.h
[5.408s] -- Up-to-date: /home/faith/Work/carto_ws/install/cartographer_ros/include//cartographer_ros/time_conversion.h
[5.408s] -- Up-to-date: /home/faith/Work/carto_ws/install/cartographer_ros/include//cartographer_ros/node_options.h
[5.408s] -- Up-to-date: /home/faith/Work/carto_ws/install/cartographer_ros/include//cartographer_ros/offline_node.h
[5.409s] -- Up-to-date: /home/faith/Work/carto_ws/install/cartographer_ros/include//cartographer_ros/ros_map.h
[5.409s] -- Up-to-date: /home/faith/Work/carto_ws/install/cartographer_ros/include//cartographer_ros/ros_log_sink.h
[5.409s] -- Up-to-date: /home/faith/Work/carto_ws/install/cartographer_ros/include//cartographer_ros/tf_bridge.h
[5.410s] -- Up-to-date: /home/faith/Work/carto_ws/install/cartographer_ros/include//cartographer_ros/node.h
[5.410s] -- Up-to-date: /home/faith/Work/carto_ws/install/cartographer_ros/include//cartographer_ros/node_constants.h
[5.411s] -- Up-to-date: /home/faith/Work/carto_ws/install/cartographer_ros/include//cartographer_ros/metrics
[5.411s] -- Up-to-date: /home/faith/Work/carto_ws/install/cartographer_ros/include//cartographer_ros/metrics/internal
[5.413s] -- Up-to-date: /home/faith/Work/carto_ws/install/cartographer_ros/include//cartographer_ros/metrics/internal/family.h
[5.417s] -- Up-to-date: /home/faith/Work/carto_ws/install/cartographer_ros/include//cartographer_ros/metrics/internal/histogram.h
[5.418s] -- Up-to-date: /home/faith/Work/carto_ws/install/cartographer_ros/include//cartographer_ros/metrics/internal/gauge.h
[5.418s] -- Up-to-date: /home/faith/Work/carto_ws/install/cartographer_ros/include//cartographer_ros/metrics/internal/counter.h
[5.419s] -- Up-to-date: /home/faith/Work/carto_ws/install/cartographer_ros/include//cartographer_ros/metrics/family_factory.h
[5.419s] -- Up-to-date: /home/faith/Work/carto_ws/install/cartographer_ros/include//cartographer_ros/msg_conversion.h
[5.420s] -- Up-to-date: /home/faith/Work/carto_ws/install/cartographer_ros/include//cartographer_ros/urdf_reader.h
[5.420s] -- Up-to-date: /home/faith/Work/carto_ws/install/cartographer_ros/include//cartographer_ros/trajectory_options.h
[5.421s] -- Up-to-date: /home/faith/Work/carto_ws/install/cartographer_ros/include//cartographer_ros/map_builder_bridge.h
[5.421s] -- Up-to-date: /home/faith/Work/carto_ws/install/cartographer_ros/share/cartographer_ros//configuration_files
[5.425s] -- Up-to-date: /home/faith/Work/carto_ws/install/cartographer_ros/share/cartographer_ros//configuration_files/revo_lds.lua
[5.426s] -- Up-to-date: /home/faith/Work/carto_ws/install/cartographer_ros/share/cartographer_ros//configuration_files/taurob_tracker.lua
[5.426s] -- Up-to-date: /home/faith/Work/carto_ws/install/cartographer_ros/share/cartographer_ros//configuration_files/backpack_3d.lua
[5.427s] -- Up-to-date: /home/faith/Work/carto_ws/install/cartographer_ros/share/cartographer_ros//configuration_files/assets_writer_ros_map.lua
[5.428s] -- Up-to-date: /home/faith/Work/carto_ws/install/cartographer_ros/share/cartographer_ros//configuration_files/backpack_2d_server.lua
[5.429s] -- Up-to-date: /home/faith/Work/carto_ws/install/cartographer_ros/share/cartographer_ros//configuration_files/mir-100-mapping.lua
[5.432s] -- Up-to-date: /home/faith/Work/carto_ws/install/cartographer_ros/share/cartographer_ros//configuration_files/pr2.lua
[5.433s] -- Up-to-date: /home/faith/Work/carto_ws/install/cartographer_ros/share/cartographer_ros//configuration_files/backpack_2d.lua
[5.434s] -- Up-to-date: /home/faith/Work/carto_ws/install/cartographer_ros/share/cartographer_ros//configuration_files/visualize_pbstream.lua
[5.435s] -- Up-to-date: /home/faith/Work/carto_ws/install/cartographer_ros/share/cartographer_ros//configuration_files/assets_writer_backpack_3d.lua
[5.436s] -- Up-to-date: /home/faith/Work/carto_ws/install/cartographer_ros/share/cartographer_ros//configuration_files/demo_3d.rviz
[5.437s] -- Up-to-date: /home/faith/Work/carto_ws/install/cartographer_ros/share/cartographer_ros//configuration_files/assets_writer_backpack_2d.lua
[5.437s] -- Up-to-date: /home/faith/Work/carto_ws/install/cartographer_ros/share/cartographer_ros//configuration_files/backpack_2d_localization.lua
[5.438s] -- Up-to-date: /home/faith/Work/carto_ws/install/cartographer_ros/share/cartographer_ros//configuration_files/backpack_3d_localization.lua
[5.439s] -- Up-to-date: /home/faith/Work/carto_ws/install/cartographer_ros/share/cartographer_ros//configuration_files/demo_2d.rviz
[5.440s] -- Up-to-date: /home/faith/Work/carto_ws/install/cartographer_ros/share/cartographer_ros//configuration_files/transform.lua
[5.441s] -- Up-to-date: /home/faith/Work/carto_ws/install/cartographer_ros/share/cartographer_ros//configuration_files/assets_writer_backpack_2d_ci.lua
[5.441s] -- Up-to-date: /home/faith/Work/carto_ws/install/cartographer_ros/share/cartographer_ros//configuration_files/backpack_2d_localization_evaluation.lua
[5.441s] -- Up-to-date: /home/faith/Work/carto_ws/install/cartographer_ros/share/cartographer_ros//urdf
[5.441s] -- Up-to-date: /home/faith/Work/carto_ws/install/cartographer_ros/share/cartographer_ros//urdf/mir-100.urdf
[5.441s] -- Up-to-date: /home/faith/Work/carto_ws/install/cartographer_ros/share/cartographer_ros//urdf/backpack_2d.urdf
[5.441s] -- Up-to-date: /home/faith/Work/carto_ws/install/cartographer_ros/share/cartographer_ros//urdf/backpack_3d.urdf
[5.441s] -- Up-to-date: /home/faith/Work/carto_ws/install/cartographer_ros/share/cartographer_ros//launch
[5.441s] -- Up-to-date: /home/faith/Work/carto_ws/install/cartographer_ros/share/cartographer_ros//launch/assets_writer_backpack_2d.launch.py
[5.441s] -- Up-to-date: /home/faith/Work/carto_ws/install/cartographer_ros/share/cartographer_ros//launch/grpc_demo_backpack_2d_localization.launch
[5.442s] -- Up-to-date: /home/faith/Work/carto_ws/install/cartographer_ros/share/cartographer_ros//launch/grpc_demo_backpack_2d.launch
[5.442s] -- Up-to-date: /home/faith/Work/carto_ws/install/cartographer_ros/share/cartographer_ros//launch/offline_node.launch.py
[5.442s] -- Up-to-date: /home/faith/Work/carto_ws/install/cartographer_ros/share/cartographer_ros//launch/demo_backpack_2d_localization.launch.py
[5.442s] -- Up-to-date: /home/faith/Work/carto_ws/install/cartographer_ros/share/cartographer_ros//launch/demo_backpack_2d.launch.py
[5.442s] -- Up-to-date: /home/faith/Work/carto_ws/install/cartographer_ros/share/cartographer_ros//launch/demo_backpack_3d.launch.py
[5.442s] -- Up-to-date: /home/faith/Work/carto_ws/install/cartographer_ros/share/cartographer_ros//launch/visualize_pbstream.launch.py
[5.442s] -- Up-to-date: /home/faith/Work/carto_ws/install/cartographer_ros/share/cartographer_ros//launch/demo_pr2.launch
[5.442s] -- Up-to-date: /home/faith/Work/carto_ws/install/cartographer_ros/share/cartographer_ros//launch/assets_writer_backpack_3d.launch.py
[5.442s] -- Up-to-date: /home/faith/Work/carto_ws/install/cartographer_ros/share/cartographer_ros//launch/offline_backpack_2d.launch.py
[5.442s] -- Up-to-date: /home/faith/Work/carto_ws/install/cartographer_ros/share/cartographer_ros//launch/demo_taurob_tracker.launch.py
[5.442s] -- Up-to-date: /home/faith/Work/carto_ws/install/cartographer_ros/share/cartographer_ros//launch/backpack_3d.launch.py
[5.442s] -- Up-to-date: /home/faith/Work/carto_ws/install/cartographer_ros/share/cartographer_ros//launch/offline_backpack_3d.launch.py
[5.442s] -- Up-to-date: /home/faith/Work/carto_ws/install/cartographer_ros/share/cartographer_ros//launch/taurob_tracker.launch.py
[5.443s] -- Up-to-date: /home/faith/Work/carto_ws/install/cartographer_ros/share/cartographer_ros//launch/offline_mir_100_rviz.launch.py
[5.443s] -- Up-to-date: /home/faith/Work/carto_ws/install/cartographer_ros/share/cartographer_ros//launch/backpack_2d.launch.py
[5.443s] -- Up-to-date: /home/faith/Work/carto_ws/install/cartographer_ros/share/cartographer_ros//launch/assets_writer_ros_map.launch.py
[5.443s] -- Up-to-date: /home/faith/Work/carto_ws/install/cartographer_ros/share/cartographer_ros//launch/demo_backpack_3d_localization.launch.py
[5.443s] -- Up-to-date: /home/faith/Work/carto_ws/install/cartographer_ros/share/cartographer_ros//launch/demo_revo_lds.launch.py
[5.443s] -- Up-to-date: /home/faith/Work/carto_ws/install/cartographer_ros/share/cartographer_ros/environment/library_path.sh
[5.443s] -- Installing: /home/faith/Work/carto_ws/install/cartographer_ros/share/cartographer_ros/environment/library_path.dsv
[5.443s] -- Up-to-date: /home/faith/Work/carto_ws/install/cartographer_ros/share/ament_index/resource_index/package_run_dependencies/cartographer_ros
[5.443s] -- Installing: /home/faith/Work/carto_ws/install/cartographer_ros/share/ament_index/resource_index/parent_prefix_path/cartographer_ros
[5.443s] -- Up-to-date: /home/faith/Work/carto_ws/install/cartographer_ros/share/cartographer_ros/environment/ament_prefix_path.sh
[5.443s] -- Installing: /home/faith/Work/carto_ws/install/cartographer_ros/share/cartographer_ros/environment/ament_prefix_path.dsv
[5.443s] -- Up-to-date: /home/faith/Work/carto_ws/install/cartographer_ros/share/cartographer_ros/environment/path.sh
[5.443s] -- Installing: /home/faith/Work/carto_ws/install/cartographer_ros/share/cartographer_ros/environment/path.dsv
[5.444s] -- Up-to-date: /home/faith/Work/carto_ws/install/cartographer_ros/share/cartographer_ros/local_setup.bash
[5.444s] -- Up-to-date: /home/faith/Work/carto_ws/install/cartographer_ros/share/cartographer_ros/local_setup.sh
[5.444s] -- Up-to-date: /home/faith/Work/carto_ws/install/cartographer_ros/share/cartographer_ros/local_setup.zsh
[5.444s] -- Installing: /home/faith/Work/carto_ws/install/cartographer_ros/share/cartographer_ros/local_setup.dsv
[5.444s] -- Installing: /home/faith/Work/carto_ws/install/cartographer_ros/share/cartographer_ros/package.dsv
[5.444s] -- Up-to-date: /home/faith/Work/carto_ws/install/cartographer_ros/share/ament_index/resource_index/packages/cartographer_ros
[5.444s] -- Up-to-date: /home/faith/Work/carto_ws/install/cartographer_ros/share/cartographer_ros/cmake/ament_cmake_export_include_directories-extras.cmake
[5.444s] -- Up-to-date: /home/faith/Work/carto_ws/install/cartographer_ros/share/cartographer_ros/cmake/ament_cmake_export_libraries-extras.cmake
[5.444s] -- Up-to-date: /home/faith/Work/carto_ws/install/cartographer_ros/share/cartographer_ros/cmake/ament_cmake_export_dependencies-extras.cmake
[5.444s] -- Up-to-date: /home/faith/Work/carto_ws/install/cartographer_ros/share/cartographer_ros/cmake/cartographer_rosConfig.cmake
[5.444s] -- Up-to-date: /home/faith/Work/carto_ws/install/cartographer_ros/share/cartographer_ros/cmake/cartographer_rosConfig-version.cmake
[5.444s] -- Up-to-date: /home/faith/Work/carto_ws/install/cartographer_ros/share/cartographer_ros/package.xml
[5.445s] Invoked command in '/home/faith/Work/carto_ws/build/cartographer_ros' returned '0': CMAKE_PREFIX_PATH=/home/faith/Work/carto_ws/install/cartographer_ros_msgs:/home/faith/Work/carto_ws/install/cartographer:/home/faith/Work/carto_ws/install/sllidar_ros2:/home/faith/Work/carto_ws/install/orbbec_description:/home/faith/Work/carto_ws/install/orbbec_camera:/home/faith/Work/carto_ws/install/orbbec_camera_msgs:/home/faith/Work/carto_ws/install/faithbot_cartographer:/home/faith/Work/carto_ws/install/cartographer_rviz:/home/faith/Work/carto_ws/install/cartographer_ros:/home/faith/Work/carto_ws/install/astra_camera:/home/faith/Work/carto_ws/install/astra_camera_msgs:/home/faith/Work/carto_ws/install/fishbot_description:/opt/ros/humble LD_LIBRARY_PATH=/home/faith/Work/carto_ws/install/cartographer_ros_msgs/lib:/home/faith/Work/carto_ws/install/orbbec_camera/lib:/home/faith/Work/carto_ws/install/orbbec_camera_msgs/lib:/home/faith/Work/carto_ws/install/cartographer_rviz/lib:/home/faith/Work/carto_ws/install/cartographer_ros/lib:/home/faith/Work/carto_ws/install/astra_camera/lib:/home/faith/Work/carto_ws/install/astra_camera_msgs/lib:/opt/ros/humble/opt/rviz_ogre_vendor/lib:/opt/ros/humble/lib/aarch64-linux-gnu:/opt/ros/humble/lib /usr/bin/cmake --install /home/faith/Work/carto_ws/build/cartographer_ros
