[0.025s] Invoking command in '/home/faith/Work/carto_ws/build/sllidar_ros2': CMAKE_PREFIX_PATH=${CMAKE_PREFIX_PATH}:/opt/ros/humble /usr/bin/cmake /home/faith/Work/carto_ws/src/sllidar_ros2 -DAMENT_CMAKE_SYMLINK_INSTALL=1 -DCMAKE_INSTALL_PREFIX=/home/faith/Work/carto_ws/install/sllidar_ros2
[0.214s] -- The C compiler identification is GNU 11.3.0
[0.387s] -- The CXX compiler identification is GNU 11.3.0
[0.414s] -- Detecting C compiler ABI info
[0.637s] -- Detecting C compiler ABI info - done
[0.674s] -- Check for working C compiler: /usr/bin/cc - skipped
[0.675s] -- Detecting C compile features
[0.677s] -- Detecting C compile features - done
[0.689s] -- Detecting CXX compiler ABI info
[0.921s] -- Detecting CXX compiler ABI info - done
[0.960s] -- Check for working CXX compiler: /usr/bin/c++ - skipped
[0.962s] -- Detecting CXX compile features
[0.964s] -- Detecting CXX compile features - done
[0.973s] -- Found ament_cmake: 1.3.4 (/opt/ros/humble/share/ament_cmake/cmake)
[1.368s] -- Found Python3: /usr/bin/python3.10 (found version "3.10.6") found components: Interpreter 
[1.494s] -- Override CMake install command with custom implementation using symlinks instead of copying resources
[1.554s] -- Found rclcpp: 16.0.4 (/opt/ros/humble/share/rclcpp/cmake)
[1.607s] -- Found rosidl_generator_c: 3.1.4 (/opt/ros/humble/share/rosidl_generator_c/cmake)
[1.613s] -- Found rosidl_adapter: 3.1.4 (/opt/ros/humble/share/rosidl_adapter/cmake)
[1.624s] -- Found rosidl_generator_cpp: 3.1.4 (/opt/ros/humble/share/rosidl_generator_cpp/cmake)
[1.642s] -- Using all available rosidl_typesupport_c: rosidl_typesupport_fastrtps_c;rosidl_typesupport_introspection_c
[1.668s] -- Using all available rosidl_typesupport_cpp: rosidl_typesupport_fastrtps_cpp;rosidl_typesupport_introspection_cpp
[1.763s] -- Found rmw_implementation_cmake: 6.1.1 (/opt/ros/humble/share/rmw_implementation_cmake/cmake)
[1.766s] -- Found rmw_fastrtps_cpp: 6.2.2 (/opt/ros/humble/share/rmw_fastrtps_cpp/cmake)
[1.963s] -- Found OpenSSL: /usr/lib/aarch64-linux-gnu/libcrypto.so (found version "3.0.2")  
[2.011s] -- Found FastRTPS: /opt/ros/humble/include  
[2.088s] -- Using RMW implementation 'rmw_fastrtps_cpp' as default
[2.100s] -- Looking for pthread.h
[2.317s] -- Looking for pthread.h - found
[2.318s] -- Performing Test CMAKE_HAVE_LIBC_PTHREAD
[2.575s] -- Performing Test CMAKE_HAVE_LIBC_PTHREAD - Success
[2.576s] -- Found Threads: TRUE  
[2.838s] -- Found sensor_msgs: 4.2.3 (/opt/ros/humble/share/sensor_msgs/cmake)
[3.027s] -- Found std_srvs: 4.2.3 (/opt/ros/humble/share/std_srvs/cmake)
[3.350s] -- Configuring done
[3.372s] -- Generating done
[3.375s] -- Build files have been written to: /home/faith/Work/carto_ws/build/sllidar_ros2
[3.401s] Invoked command in '/home/faith/Work/carto_ws/build/sllidar_ros2' returned '0': CMAKE_PREFIX_PATH=${CMAKE_PREFIX_PATH}:/opt/ros/humble /usr/bin/cmake /home/faith/Work/carto_ws/src/sllidar_ros2 -DAMENT_CMAKE_SYMLINK_INSTALL=1 -DCMAKE_INSTALL_PREFIX=/home/faith/Work/carto_ws/install/sllidar_ros2
[3.404s] Invoking command in '/home/faith/Work/carto_ws/build/sllidar_ros2': CMAKE_PREFIX_PATH=${CMAKE_PREFIX_PATH}:/opt/ros/humble /usr/bin/cmake --build /home/faith/Work/carto_ws/build/sllidar_ros2 -- -j8 -l8
[3.544s] [ 28%] [32mBuilding CXX object CMakeFiles/sllidar_node.dir/sdk/src/rplidar_driver.cpp.o[0m
[3.544s] [ 28%] [32mBuilding CXX object CMakeFiles/sllidar_node.dir/sdk/src/sl_crc.cpp.o[0m
[3.544s] [ 28%] [32mBuilding CXX object CMakeFiles/sllidar_node.dir/sdk/src/arch/linux/net_serial.cpp.o[0m
[3.544s] [ 28%] [32mBuilding CXX object CMakeFiles/sllidar_node.dir/src/sllidar_node.cpp.o[0m
[3.556s] [ 35%] [32mBuilding CXX object CMakeFiles/sllidar_node.dir/sdk/src/arch/linux/net_socket.cpp.o[0m
[3.558s] [ 42%] [32mBuilding CXX object CMakeFiles/sllidar_node.dir/sdk/src/hal/thread.cpp.o[0m
[3.559s] [ 50%] [32mBuilding CXX object CMakeFiles/sllidar_node.dir/sdk/src/arch/linux/timer.cpp.o[0m
[3.574s] In file included from [01m[K/home/faith/Work/carto_ws/src/sllidar_ros2/./sdk/include/sl_lidar_cmd.h:36[m[K,
[3.574s]                  from [01m[K/home/faith/Work/carto_ws/src/sllidar_ros2/./sdk/include/sl_crc.h:36[m[K,
[3.575s]                  from [01m[K/home/faith/Work/carto_ws/src/sllidar_ros2/sdk/src/sl_crc.cpp:33[m[K:
[3.575s] [01m[K/home/faith/Work/carto_ws/src/sllidar_ros2/./sdk/include/sl_lidar_protocol.h:58:16:[m[K [01;35m[Kwarning: [m[KISO C++ forbids zero-size array ‘[01m[Kdata[m[K’ [[01;35m[K-Wpedantic[m[K]
[3.575s]    58 |     sl_u8 data[[01;35m[K0[m[K];
[3.575s]       |                [01;35m[K^[m[K
[3.575s] In file included from [01m[K/home/faith/Work/carto_ws/src/sllidar_ros2/./sdk/include/sl_crc.h:36[m[K,
[3.575s]                  from [01m[K/home/faith/Work/carto_ws/src/sllidar_ros2/sdk/src/sl_crc.cpp:33[m[K:
[3.575s] [01m[K/home/faith/Work/carto_ws/src/sllidar_ros2/./sdk/include/sl_lidar_cmd.h:295:20:[m[K [01;35m[Kwarning: [m[KISO C++ forbids zero-size array ‘[01m[Kpayload[m[K’ [[01;35m[K-Wpedantic[m[K]
[3.575s]   295 |     sl_u8  payload[[01;35m[K0[m[K];
[3.575s]       |                    [01;35m[K^[m[K
[3.575s] [01m[K/home/faith/Work/carto_ws/src/sllidar_ros2/sdk/src/sl_crc.cpp:[m[K In function ‘[01m[Ksl_u32 sl::crc32::cal(sl_u32, void*, sl_u16)[m[K’:
[3.576s] [01m[K/home/faith/Work/carto_ws/src/sllidar_ros2/sdk/src/sl_crc.cpp:77:29:[m[K [01;35m[Kwarning: [m[Ksuggest parentheses around ‘[01m[K-[m[K’ in operand of ‘[01m[K&[m[K’ [[01;35m[K-Wparentheses[m[K]
[3.576s]    77 |         sl_u8 leftBytes = [01;35m[K4 - len[m[K & 0x3;
[3.576s]       |                           [01;35m[K~~^~~~~[m[K
[3.577s] [ 57%] [32mBuilding CXX object CMakeFiles/sllidar_client.dir/src/sllidar_client.cpp.o[0m
[3.633s] [ 64%] [32mBuilding CXX object CMakeFiles/sllidar_node.dir/sdk/src/sl_lidar_driver.cpp.o[0m
[3.707s] In file included from [01m[K/home/faith/Work/carto_ws/src/sllidar_ros2/sdk/src/sdkcommon.h:47[m[K,
[3.707s]                  from [01m[K/home/faith/Work/carto_ws/src/sllidar_ros2/sdk/src/rplidar_driver.cpp:33[m[K:
[3.707s] [01m[K/home/faith/Work/carto_ws/src/sllidar_ros2/sdk/src/hal/assert.h:1:1:[m[K [01;35m[Kwarning: [m[Knull character(s) ignored
[3.707s]     1 | [01;35m[K [m[K                                                                                                                                                                                                                                                                                                                        
[3.707s]       | [01;35m[K^[m[K
[3.709s] In file included from [01m[K/home/faith/Work/carto_ws/src/sllidar_ros2/./sdk/src/sdkcommon.h:47[m[K,
[3.709s]                  from [01m[K/home/faith/Work/carto_ws/src/sllidar_ros2/sdk/src/arch/linux/net_socket.cpp:10[m[K:
[3.709s] [01m[K/home/faith/Work/carto_ws/src/sllidar_ros2/./sdk/src/hal/assert.h:1:1:[m[K [01;35m[Kwarning: [m[Knull character(s) ignored
[3.709s]     1 | [01;35m[K [m[K                                                                                                                                                                                                                                                                                                                        
[3.709s]       | [01;35m[K^[m[K
[3.726s] In file included from [01m[K/home/faith/Work/carto_ws/src/sllidar_ros2/sdk/src/rplidar_driver.cpp:37[m[K:
[3.726s] [01m[K/home/faith/Work/carto_ws/src/sllidar_ros2/sdk/src/hal/assert.h:1:1:[m[K [01;35m[Kwarning: [m[Knull character(s) ignored
[3.726s]     1 | [01;35m[K [m[K                                                                                                                                                                                                                                                                                                                        
[3.726s]       | [01;35m[K^[m[K
[4.060s] In file included from [01m[K/home/faith/Work/carto_ws/src/sllidar_ros2/./sdk/include/rplidar_protocol.h:36[m[K,
[4.061s]                  from [01m[K/home/faith/Work/carto_ws/src/sllidar_ros2/./sdk/include/rplidar.h:39[m[K,
[4.061s]                  from [01m[K/home/faith/Work/carto_ws/src/sllidar_ros2/./sdk/src/sdkcommon.h:49[m[K,
[4.061s]                  from [01m[K/home/faith/Work/carto_ws/src/sllidar_ros2/sdk/src/arch/linux/net_socket.cpp:10[m[K:
[4.061s] [01m[K/home/faith/Work/carto_ws/src/sllidar_ros2/./sdk/include/sl_lidar_protocol.h:58:16:[m[K [01;35m[Kwarning: [m[KISO C++ forbids zero-size array ‘[01m[Kdata[m[K’ [[01;35m[K-Wpedantic[m[K]
[4.061s]    58 |     sl_u8 data[[01;35m[K0[m[K];
[4.061s]       |                [01;35m[K^[m[K
[4.061s] In file included from [01m[K/home/faith/Work/carto_ws/src/sllidar_ros2/./sdk/include/rplidar_cmd.h:36[m[K,
[4.061s]                  from [01m[K/home/faith/Work/carto_ws/src/sllidar_ros2/./sdk/include/rplidar.h:40[m[K,
[4.061s]                  from [01m[K/home/faith/Work/carto_ws/src/sllidar_ros2/./sdk/src/sdkcommon.h:49[m[K,
[4.061s]                  from [01m[K/home/faith/Work/carto_ws/src/sllidar_ros2/sdk/src/arch/linux/net_socket.cpp:10[m[K:
[4.061s] [01m[K/home/faith/Work/carto_ws/src/sllidar_ros2/./sdk/include/sl_lidar_cmd.h:295:20:[m[K [01;35m[Kwarning: [m[KISO C++ forbids zero-size array ‘[01m[Kpayload[m[K’ [[01;35m[K-Wpedantic[m[K]
[4.061s]   295 |     sl_u8  payload[[01;35m[K0[m[K];
[4.062s]       |                    [01;35m[K^[m[K
[4.065s] In file included from [01m[K/home/faith/Work/carto_ws/src/sllidar_ros2/./sdk/src/sdkcommon.h:47[m[K,
[4.065s]                  from [01m[K/home/faith/Work/carto_ws/src/sllidar_ros2/sdk/src/hal/thread.cpp:35[m[K:
[4.065s] [01m[K/home/faith/Work/carto_ws/src/sllidar_ros2/./sdk/src/hal/assert.h:1:1:[m[K [01;35m[Kwarning: [m[Knull character(s) ignored
[4.065s]     1 | [01;35m[K [m[K                                                                                                                                                                                                                                                                                                                        
[4.066s]       | [01;35m[K^[m[K
[4.084s] In file included from [01m[K/home/faith/Work/carto_ws/src/sllidar_ros2/./sdk/include/rplidar_protocol.h:36[m[K,
[4.084s]                  from [01m[K/home/faith/Work/carto_ws/src/sllidar_ros2/./sdk/include/rplidar.h:39[m[K,
[4.084s]                  from [01m[K/home/faith/Work/carto_ws/src/sllidar_ros2/sdk/src/sdkcommon.h:49[m[K,
[4.084s]                  from [01m[K/home/faith/Work/carto_ws/src/sllidar_ros2/sdk/src/rplidar_driver.cpp:33[m[K:
[4.084s] [01m[K/home/faith/Work/carto_ws/src/sllidar_ros2/./sdk/include/sl_lidar_protocol.h:58:16:[m[K [01;35m[Kwarning: [m[KISO C++ forbids zero-size array ‘[01m[Kdata[m[K’ [[01;35m[K-Wpedantic[m[K]
[4.085s]    58 |     sl_u8 data[[01;35m[K0[m[K];
[4.085s]       |                [01;35m[K^[m[K
[4.086s] In file included from [01m[K/home/faith/Work/carto_ws/src/sllidar_ros2/./sdk/include/rplidar_cmd.h:36[m[K,
[4.086s]                  from [01m[K/home/faith/Work/carto_ws/src/sllidar_ros2/./sdk/include/rplidar.h:40[m[K,
[4.086s]                  from [01m[K/home/faith/Work/carto_ws/src/sllidar_ros2/sdk/src/sdkcommon.h:49[m[K,
[4.086s]                  from [01m[K/home/faith/Work/carto_ws/src/sllidar_ros2/sdk/src/rplidar_driver.cpp:33[m[K:
[4.086s] [01m[K/home/faith/Work/carto_ws/src/sllidar_ros2/./sdk/include/sl_lidar_cmd.h:295:20:[m[K [01;35m[Kwarning: [m[KISO C++ forbids zero-size array ‘[01m[Kpayload[m[K’ [[01;35m[K-Wpedantic[m[K]
[4.086s]   295 |     sl_u8  payload[[01;35m[K0[m[K];
[4.086s]       |                    [01;35m[K^[m[K
[4.136s] [01m[K/home/faith/Work/carto_ws/src/sllidar_ros2/sdk/src/arch/linux/net_socket.cpp:[m[K In member function ‘[01m[Kvirtual u_result rp::arch::net::StreamSocketImpl::send(const void*, size_t)[m[K’:
[4.136s] [01m[K/home/faith/Work/carto_ws/src/sllidar_ros2/sdk/src/arch/linux/net_socket.cpp:438:17:[m[K [01;35m[Kwarning: [m[Kcomparison of integer expressions of different signedness: ‘[01m[Ksize_t[m[K’ {aka ‘[01m[Klong unsigned int[m[K’} and ‘[01m[Kint[m[K’ [[01;35m[K-Wsign-compare[m[K]
[4.136s]   438 |         if ([01;35m[Kans == (int)len[m[K) {
[4.137s]       |             [01;35m[K~~~~^~~~~~~~~~~[m[K
[4.140s] [01m[K/home/faith/Work/carto_ws/src/sllidar_ros2/sdk/src/arch/linux/net_socket.cpp:[m[K In member function ‘[01m[Kvirtual u_result rp::arch::net::DGramSocketImpl::sendTo(const rp::net::SocketAddress&, const void*, size_t)[m[K’:
[4.140s] [01m[K/home/faith/Work/carto_ws/src/sllidar_ros2/sdk/src/arch/linux/net_socket.cpp:722:39:[m[K [01;35m[Kwarning: [m[Kthe compiler can assume that the address of ‘[01m[Ktarget[m[K’ will never be NULL [[01;35m[K-Waddress[m[K]
[4.141s]   722 |         const struct sockaddr* addr = [01;35m[K&target[m[K ? reinterpret_cast<const struct sockaddr*>(target.getPlatformData()) : NULL;
[4.141s]       |                                       [01;35m[K^~~~~~~[m[K
[4.141s] In file included from [01m[K/home/faith/Work/carto_ws/src/sllidar_ros2/./sdk/src/arch/linux/arch_linux.h:42[m[K,
[4.141s]                  from [01m[K/home/faith/Work/carto_ws/src/sllidar_ros2/./sdk/src/sdkcommon.h:41[m[K,
[4.141s]                  from [01m[K/home/faith/Work/carto_ws/src/sllidar_ros2/sdk/src/arch/linux/net_socket.cpp:10[m[K:
[4.141s] [01m[K/home/faith/Work/carto_ws/src/sllidar_ros2/sdk/src/arch/linux/net_socket.cpp:726:24:[m[K [01;35m[Kwarning: [m[Kcomparison of integer expressions of different signedness: ‘[01m[Ksize_t[m[K’ {aka ‘[01m[Klong unsigned int[m[K’} and ‘[01m[Kint[m[K’ [[01;35m[K-Wsign-compare[m[K]
[4.141s]   726 |             assert([01;35m[Kans == (int)len[m[K);
[4.141s]       |                    [01;35m[K~~~~^~~~~~~~~~~[m[K
[4.142s] In file included from [01m[K/home/faith/Work/carto_ws/src/sllidar_ros2/sdk/src/sdkcommon.h:47[m[K,
[4.142s]                  from [01m[K/home/faith/Work/carto_ws/src/sllidar_ros2/sdk/src/sl_lidar_driver.cpp:33[m[K:
[4.142s] [01m[K/home/faith/Work/carto_ws/src/sllidar_ros2/sdk/src/hal/assert.h:1:1:[m[K [01;35m[Kwarning: [m[Knull character(s) ignored
[4.142s]     1 | [01;35m[K [m[K                                                                                                                                                                                                                                                                                                                        
[4.142s]       | [01;35m[K^[m[K
[4.198s] In file included from [01m[K/home/faith/Work/carto_ws/src/sllidar_ros2/sdk/src/sl_lidar_driver.cpp:37[m[K:
[4.198s] [01m[K/home/faith/Work/carto_ws/src/sllidar_ros2/sdk/src/hal/assert.h:1:1:[m[K [01;35m[Kwarning: [m[Knull character(s) ignored
[4.198s]     1 | [01;35m[K [m[K                                                                                                                                                                                                                                                                                                                        
[4.198s]       | [01;35m[K^[m[K
[4.248s] [01m[K/home/faith/Work/carto_ws/src/sllidar_ros2/sdk/src/arch/linux/net_socket.cpp:722:47:[m[K [01;35m[Kwarning: [m[K‘[01m[Knonnull[m[K’ argument ‘[01m[Ktarget[m[K’ compared to NULL [[01;35m[K-Wnonnull-compare[m[K]
[4.248s]   722 |         const struct sockaddr* addr = &target [01;35m[K?[m[K reinterpret_cast<const struct sockaddr*>(target.getPlatformData()) : NULL;
[4.249s]       |                                               [01;35m[K^[m[K
[4.299s] [01m[K/home/faith/Work/carto_ws/src/sllidar_ros2/sdk/src/rplidar_driver.cpp:[m[K In member function ‘[01m[Ku_result rp::standalone::rplidar::RPlidarDriver::connect(const char*, _u32, _u32)[m[K’:
[4.300s] [01m[K/home/faith/Work/carto_ws/src/sllidar_ros2/sdk/src/rplidar_driver.cpp:67:77:[m[K [01;35m[Kwarning: [m[Kunused parameter ‘[01m[Kflag[m[K’ [[01;35m[K-Wunused-parameter[m[K]
[4.300s]    67 |     u_result RPlidarDriver::connect(const char *path, _u32 portOrBaud, [01;35m[K_u32 flag[m[K)
[4.301s]       |                                                                        [01;35m[K~~~~~^~~~[m[K
[4.301s] [01m[K/home/faith/Work/carto_ws/src/sllidar_ros2/sdk/src/rplidar_driver.cpp:[m[K In member function ‘[01m[Ku_result rp::standalone::rplidar::RPlidarDriver::reset(_u32)[m[K’:
[4.301s] [01m[K/home/faith/Work/carto_ws/src/sllidar_ros2/sdk/src/rplidar_driver.cpp:101:40:[m[K [01;35m[Kwarning: [m[Kunused parameter ‘[01m[Ktimeout[m[K’ [[01;35m[K-Wunused-parameter[m[K]
[4.302s]   101 |     u_result RPlidarDriver::reset([01;35m[K_u32 timeout[m[K)
[4.302s]       |                                   [01;35m[K~~~~~^~~~~~~[m[K
[4.303s] [01m[K/home/faith/Work/carto_ws/src/sllidar_ros2/sdk/src/rplidar_driver.cpp:[m[K In member function ‘[01m[Ku_result rp::standalone::rplidar::RPlidarDriver::getScanDataWithInterval(rplidar_response_measurement_node_t*, size_t&)[m[K’:
[4.304s] [01m[K/home/faith/Work/carto_ws/src/sllidar_ros2/sdk/src/rplidar_driver.cpp:175:91:[m[K [01;35m[Kwarning: [m[Kunused parameter ‘[01m[Knodebuffer[m[K’ [[01;35m[K-Wunused-parameter[m[K]
[4.304s]   175 |     u_result RPlidarDriver::getScanDataWithInterval([01;35m[Krplidar_response_measurement_node_t * nodebuffer[m[K, size_t & count)
[4.305s]       |                                                     [01;35m[K~~~~~~~~~~~~~~~~~~~~~~~~~~~~~~~~~~~~~~^~~~~~~~~~[m[K
[4.305s] [01m[K/home/faith/Work/carto_ws/src/sllidar_ros2/sdk/src/rplidar_driver.cpp:175:112:[m[K [01;35m[Kwarning: [m[Kunused parameter ‘[01m[Kcount[m[K’ [[01;35m[K-Wunused-parameter[m[K]
[4.306s]   175 |     u_result RPlidarDriver::getScanDataWithInterval(rplidar_response_measurement_node_t * nodebuffer, [01;35m[Ksize_t & count[m[K)
[4.306s]       |                                                                                                       [01;35m[K~~~~~~~~~^~~~~[m[K
[4.395s] [ 71%] [32mBuilding CXX object CMakeFiles/sllidar_node.dir/sdk/src/sl_serial_channel.cpp.o[0m
[4.411s] [01m[K/home/faith/Work/carto_ws/src/sllidar_ros2/sdk/src/sl_serial_channel.cpp:33:9:[m[K [01;35m[Kwarning: [m[K#pragma once in main file
[4.411s]    33 | #pragma [01;35m[Konce[m[K
[4.411s]       |         [01;35m[K^~~~[m[K
[4.448s] [ 78%] [32mBuilding CXX object CMakeFiles/sllidar_node.dir/sdk/src/sl_tcp_channel.cpp.o[0m
[4.464s] [01m[K/home/faith/Work/carto_ws/src/sllidar_ros2/sdk/src/sl_tcp_channel.cpp:33:9:[m[K [01;35m[Kwarning: [m[K#pragma once in main file
[4.464s]    33 | #pragma [01;35m[Konce[m[K
[4.464s]       |         [01;35m[K^~~~[m[K
[4.728s] In file included from [01m[K/home/faith/Work/carto_ws/src/sllidar_ros2/./sdk/include/sl_lidar_cmd.h:36[m[K,
[4.728s]                  from [01m[K/home/faith/Work/carto_ws/src/sllidar_ros2/./sdk/include/sl_lidar_driver.h:54[m[K,
[4.728s]                  from [01m[K/home/faith/Work/carto_ws/src/sllidar_ros2/sdk/src/sl_serial_channel.cpp:34[m[K:
[4.728s] [01m[K/home/faith/Work/carto_ws/src/sllidar_ros2/./sdk/include/sl_lidar_protocol.h:58:16:[m[K [01;35m[Kwarning: [m[KISO C++ forbids zero-size array ‘[01m[Kdata[m[K’ [[01;35m[K-Wpedantic[m[K]
[4.729s]    58 |     sl_u8 data[[01;35m[K0[m[K];
[4.729s]       |                [01;35m[K^[m[K
[4.729s] In file included from [01m[K/home/faith/Work/carto_ws/src/sllidar_ros2/./sdk/include/sl_lidar_driver.h:54[m[K,
[4.729s]                  from [01m[K/home/faith/Work/carto_ws/src/sllidar_ros2/sdk/src/sl_serial_channel.cpp:34[m[K:
[4.729s] [01m[K/home/faith/Work/carto_ws/src/sllidar_ros2/./sdk/include/sl_lidar_cmd.h:295:20:[m[K [01;35m[Kwarning: [m[KISO C++ forbids zero-size array ‘[01m[Kpayload[m[K’ [[01;35m[K-Wpedantic[m[K]
[4.729s]   295 |     sl_u8  payload[[01;35m[K0[m[K];
[4.729s]       |                    [01;35m[K^[m[K
[4.782s] In file included from [01m[K/home/faith/Work/carto_ws/src/sllidar_ros2/./sdk/include/sl_lidar_cmd.h:36[m[K,
[4.782s]                  from [01m[K/home/faith/Work/carto_ws/src/sllidar_ros2/./sdk/include/sl_lidar_driver.h:54[m[K,
[4.783s]                  from [01m[K/home/faith/Work/carto_ws/src/sllidar_ros2/sdk/src/sl_tcp_channel.cpp:34[m[K:
[4.783s] [01m[K/home/faith/Work/carto_ws/src/sllidar_ros2/./sdk/include/sl_lidar_protocol.h:58:16:[m[K [01;35m[Kwarning: [m[KISO C++ forbids zero-size array ‘[01m[Kdata[m[K’ [[01;35m[K-Wpedantic[m[K]
[4.783s]    58 |     sl_u8 data[[01;35m[K0[m[K];
[4.783s]       |                [01;35m[K^[m[K
[4.783s] In file included from [01m[K/home/faith/Work/carto_ws/src/sllidar_ros2/./sdk/include/sl_lidar_driver.h:54[m[K,
[4.783s]                  from [01m[K/home/faith/Work/carto_ws/src/sllidar_ros2/sdk/src/sl_tcp_channel.cpp:34[m[K:
[4.783s] [01m[K/home/faith/Work/carto_ws/src/sllidar_ros2/./sdk/include/sl_lidar_cmd.h:295:20:[m[K [01;35m[Kwarning: [m[KISO C++ forbids zero-size array ‘[01m[Kpayload[m[K’ [[01;35m[K-Wpedantic[m[K]
[4.783s]   295 |     sl_u8  payload[[01;35m[K0[m[K];
[4.783s]       |                    [01;35m[K^[m[K
[4.789s] [01m[K/home/faith/Work/carto_ws/src/sllidar_ros2/sdk/src/sl_tcp_channel.cpp:[m[K In member function ‘[01m[Kvoid sl::TcpChannel::setStatus(_u32)[m[K’:
[4.789s] [01m[K/home/faith/Work/carto_ws/src/sllidar_ros2/sdk/src/sl_tcp_channel.cpp:95:29:[m[K [01;35m[Kwarning: [m[Kunused parameter ‘[01m[Kflag[m[K’ [[01;35m[K-Wunused-parameter[m[K]
[4.789s]    95 |         void setStatus([01;35m[K_u32 flag[m[K){}
[4.790s]       |                        [01;35m[K~~~~~^~~~[m[K
[4.819s] [ 85%] [32mBuilding CXX object CMakeFiles/sllidar_node.dir/sdk/src/sl_udp_channel.cpp.o[0m
[4.834s] [01m[K/home/faith/Work/carto_ws/src/sllidar_ros2/sdk/src/sl_udp_channel.cpp:33:9:[m[K [01;35m[Kwarning: [m[K#pragma once in main file
[4.834s]    33 | #pragma [01;35m[Konce[m[K
[4.834s]       |         [01;35m[K^~~~[m[K
[5.151s] [01m[K/home/faith/Work/carto_ws/src/sllidar_ros2/sdk/src/arch/linux/net_serial.cpp:[m[K In member function ‘[01m[Kbool rp::arch::net::raw_serial::open(const char*, uint32_t, uint32_t)[m[K’:
[5.152s] [01m[K/home/faith/Work/carto_ws/src/sllidar_ros2/sdk/src/arch/linux/net_serial.cpp:97:74:[m[K [01;35m[Kwarning: [m[Kunused parameter ‘[01m[Kflags[m[K’ [[01;35m[K-Wunused-parameter[m[K]
[5.152s]    97 | bool raw_serial::open(const char * portname, uint32_t baudrate, [01;35m[Kuint32_t flags[m[K)
[5.153s]       |                                                                 [01;35m[K~~~~~~~~~^~~~~[m[K
[5.153s] [01m[K/home/faith/Work/carto_ws/src/sllidar_ros2/sdk/src/arch/linux/net_serial.cpp:[m[K In member function ‘[01m[Kvirtual void rp::arch::net::raw_serial::flush(_u32)[m[K’:
[5.154s] [01m[K/home/faith/Work/carto_ws/src/sllidar_ros2/sdk/src/arch/linux/net_serial.cpp:281:30:[m[K [01;35m[Kwarning: [m[Kunused parameter ‘[01m[Kflags[m[K’ [[01;35m[K-Wunused-parameter[m[K]
[5.155s]   281 | void raw_serial::flush( [01;35m[K_u32 flags[m[K)
[5.155s]       |                         [01;35m[K~~~~~^~~~~[m[K
[5.156s] [01m[K/home/faith/Work/carto_ws/src/sllidar_ros2/sdk/src/arch/linux/net_serial.cpp:[m[K In member function ‘[01m[Kvirtual int rp::arch::net::raw_serial::waitforsent(_u32, size_t*)[m[K’:
[5.156s] [01m[K/home/faith/Work/carto_ws/src/sllidar_ros2/sdk/src/arch/linux/net_serial.cpp:286:34:[m[K [01;35m[Kwarning: [m[Kunused parameter ‘[01m[Ktimeout[m[K’ [[01;35m[K-Wunused-parameter[m[K]
[5.156s]   286 | int raw_serial::waitforsent([01;35m[K_u32 timeout[m[K, size_t * returned_size)
[5.157s]       |                             [01;35m[K~~~~~^~~~~~~[m[K
[5.157s] [01m[K/home/faith/Work/carto_ws/src/sllidar_ros2/sdk/src/arch/linux/net_serial.cpp:[m[K In member function ‘[01m[Kvirtual int rp::arch::net::raw_serial::waitforrecv(_u32, size_t*)[m[K’:
[5.158s] [01m[K/home/faith/Work/carto_ws/src/sllidar_ros2/sdk/src/arch/linux/net_serial.cpp:292:34:[m[K [01;35m[Kwarning: [m[Kunused parameter ‘[01m[Ktimeout[m[K’ [[01;35m[K-Wunused-parameter[m[K]
[5.158s]   292 | int raw_serial::waitforrecv([01;35m[K_u32 timeout[m[K, size_t * returned_size)
[5.158s]       |                             [01;35m[K~~~~~^~~~~~~[m[K
[5.159s] In file included from [01m[K/home/faith/Work/carto_ws/src/sllidar_ros2/./sdk/include/sl_lidar_cmd.h:36[m[K,
[5.159s]                  from [01m[K/home/faith/Work/carto_ws/src/sllidar_ros2/./sdk/include/sl_lidar_driver.h:54[m[K,
[5.159s]                  from [01m[K/home/faith/Work/carto_ws/src/sllidar_ros2/sdk/src/sl_udp_channel.cpp:34[m[K:
[5.160s] [01m[K/home/faith/Work/carto_ws/src/sllidar_ros2/./sdk/include/sl_lidar_protocol.h:58:16:[m[K [01;35m[Kwarning: [m[KISO C++ forbids zero-size array ‘[01m[Kdata[m[K’ [[01;35m[K-Wpedantic[m[K]
[5.160s]    58 |     sl_u8 data[[01;35m[K0[m[K];
[5.161s]       |                [01;35m[K^[m[K
[5.161s] In file included from [01m[K/home/faith/Work/carto_ws/src/sllidar_ros2/./sdk/include/sl_lidar_driver.h:54[m[K,
[5.162s]                  from [01m[K/home/faith/Work/carto_ws/src/sllidar_ros2/sdk/src/sl_udp_channel.cpp:34[m[K:
[5.162s] [01m[K/home/faith/Work/carto_ws/src/sllidar_ros2/./sdk/include/sl_lidar_cmd.h:295:20:[m[K [01;35m[Kwarning: [m[KISO C++ forbids zero-size array ‘[01m[Kpayload[m[K’ [[01;35m[K-Wpedantic[m[K]
[5.163s]   295 |     sl_u8  payload[[01;35m[K0[m[K];
[5.163s]       |                    [01;35m[K^[m[K
[5.163s] [01m[K/home/faith/Work/carto_ws/src/sllidar_ros2/sdk/src/sl_udp_channel.cpp:[m[K In member function ‘[01m[Kvoid sl::UdpChannel::setStatus(_u32)[m[K’:
[5.164s] [01m[K/home/faith/Work/carto_ws/src/sllidar_ros2/sdk/src/sl_udp_channel.cpp:103:29:[m[K [01;35m[Kwarning: [m[Kunused parameter ‘[01m[Kflag[m[K’ [[01;35m[K-Wunused-parameter[m[K]
[5.164s]   103 |         void setStatus([01;35m[K_u32 flag[m[K){}
[5.164s]       |                        [01;35m[K~~~~~^~~~[m[K
[5.281s] In file included from [01m[K/home/faith/Work/carto_ws/src/sllidar_ros2/./sdk/include/rplidar_protocol.h:36[m[K,
[5.282s]                  from [01m[K/home/faith/Work/carto_ws/src/sllidar_ros2/./sdk/include/rplidar.h:39[m[K,
[5.283s]                  from [01m[K/home/faith/Work/carto_ws/src/sllidar_ros2/./sdk/src/sdkcommon.h:49[m[K,
[5.283s]                  from [01m[K/home/faith/Work/carto_ws/src/sllidar_ros2/sdk/src/hal/thread.cpp:35[m[K:
[5.284s] [01m[K/home/faith/Work/carto_ws/src/sllidar_ros2/./sdk/include/sl_lidar_protocol.h:58:16:[m[K [01;35m[Kwarning: [m[KISO C++ forbids zero-size array ‘[01m[Kdata[m[K’ [[01;35m[K-Wpedantic[m[K]
[5.284s]    58 |     sl_u8 data[[01;35m[K0[m[K];
[5.285s]       |                [01;35m[K^[m[K
[5.285s] In file included from [01m[K/home/faith/Work/carto_ws/src/sllidar_ros2/./sdk/include/rplidar_protocol.h:36[m[K,
[5.285s]                  from [01m[K/home/faith/Work/carto_ws/src/sllidar_ros2/./sdk/include/rplidar.h:39[m[K,
[5.286s]                  from [01m[K/home/faith/Work/carto_ws/src/sllidar_ros2/sdk/src/sdkcommon.h:49[m[K,
[5.286s]                  from [01m[K/home/faith/Work/carto_ws/src/sllidar_ros2/sdk/src/sl_lidar_driver.cpp:33[m[K:
[5.286s] [01m[K/home/faith/Work/carto_ws/src/sllidar_ros2/./sdk/include/sl_lidar_protocol.h:58:16:[m[K [01;35m[Kwarning: [m[KISO C++ forbids zero-size array ‘[01m[Kdata[m[K’ [[01;35m[K-Wpedantic[m[K]
[5.287s]    58 |     sl_u8 data[[01;35m[K0[m[K];
[5.287s]       |                [01;35m[K^[m[K
[5.288s] In file included from [01m[K/home/faith/Work/carto_ws/src/sllidar_ros2/./sdk/include/rplidar_cmd.h:36[m[K,
[5.288s]                  from [01m[K/home/faith/Work/carto_ws/src/sllidar_ros2/./sdk/include/rplidar.h:40[m[K,
[5.288s]                  from [01m[K/home/faith/Work/carto_ws/src/sllidar_ros2/sdk/src/sdkcommon.h:49[m[K,
[5.289s]                  from [01m[K/home/faith/Work/carto_ws/src/sllidar_ros2/sdk/src/sl_lidar_driver.cpp:33[m[K:
[5.289s] [01m[K/home/faith/Work/carto_ws/src/sllidar_ros2/./sdk/include/sl_lidar_cmd.h:295:20:[m[K [01;35m[Kwarning: [m[KISO C++ forbids zero-size array ‘[01m[Kpayload[m[K’ [[01;35m[K-Wpedantic[m[K]
[5.289s]   295 |     sl_u8  payload[[01;35m[K0[m[K];
[5.290s]       |                    [01;35m[K^[m[K
[5.290s] In file included from [01m[K/home/faith/Work/carto_ws/src/sllidar_ros2/./sdk/include/rplidar_cmd.h:36[m[K,
[5.291s]                  from [01m[K/home/faith/Work/carto_ws/src/sllidar_ros2/./sdk/include/rplidar.h:40[m[K,
[5.291s]                  from [01m[K/home/faith/Work/carto_ws/src/sllidar_ros2/./sdk/src/sdkcommon.h:49[m[K,
[5.291s]                  from [01m[K/home/faith/Work/carto_ws/src/sllidar_ros2/sdk/src/hal/thread.cpp:35[m[K:
[5.292s] [01m[K/home/faith/Work/carto_ws/src/sllidar_ros2/./sdk/include/sl_lidar_cmd.h:295:20:[m[K [01;35m[Kwarning: [m[KISO C++ forbids zero-size array ‘[01m[Kpayload[m[K’ [[01;35m[K-Wpedantic[m[K]
[5.292s]   295 |     sl_u8  payload[[01;35m[K0[m[K];
[5.292s]       |                    [01;35m[K^[m[K
[5.374s] In file included from [01m[K/home/faith/Work/carto_ws/src/sllidar_ros2/sdk/src/hal/thread.cpp:43[m[K:
[5.375s] [01m[K/home/faith/Work/carto_ws/src/sllidar_ros2/./sdk/src/arch/linux/thread.hpp:[m[K In static member function ‘[01m[Kstatic rp::hal::Thread rp::hal::Thread::create(thread_proc_t, void*)[m[K’:
[5.375s] [01m[K/home/faith/Work/carto_ws/src/sllidar_ros2/./sdk/src/arch/linux/thread.hpp:48:57:[m[K [01;35m[Kwarning: [m[Kcast between incompatible function types from ‘[01m[Kthread_proc_t[m[K’ {aka ‘[01m[Klong unsigned int (*)(void*)[m[K’} to ‘[01m[Kvoid* (*)(void*)[m[K’ [[01;35m[K-Wcast-function-type[m[K]
[5.375s]    48 |     pthread_create((pthread_t *)&newborn._handle, NULL, [01;35m[K(void * (*)(void *))proc[m[K, data);
[5.376s]       |                                                         [01;35m[K^~~~~~~~~~~~~~~~~~~~~~~~[m[K
[5.376s] [01m[K/home/faith/Work/carto_ws/src/sllidar_ros2/./sdk/src/arch/linux/thread.hpp:[m[K In member function ‘[01m[Ku_result rp::hal::Thread::join(long unsigned int)[m[K’:
[5.377s] [01m[K/home/faith/Work/carto_ws/src/sllidar_ros2/./sdk/src/arch/linux/thread.hpp:129:37:[m[K [01;35m[Kwarning: [m[Kunused parameter ‘[01m[Ktimeout[m[K’ [[01;35m[K-Wunused-parameter[m[K]
[5.377s]   129 | u_result Thread::join([01;35m[Kunsigned long timeout[m[K)
[5.377s]       |                       [01;35m[K~~~~~~~~~~~~~~^~~~~~~[m[K
[5.479s] [01m[K/home/faith/Work/carto_ws/src/sllidar_ros2/sdk/src/sl_lidar_driver.cpp:[m[K In member function ‘[01m[Kvirtual sl_result sl::SlamtecLidarDriver::reset(sl_u32)[m[K’:
[5.479s] [01m[K/home/faith/Work/carto_ws/src/sllidar_ros2/sdk/src/sl_lidar_driver.cpp:273:32:[m[K [01;35m[Kwarning: [m[Kunused parameter ‘[01m[KtimeoutInMs[m[K’ [[01;35m[K-Wunused-parameter[m[K]
[5.480s]   273 |         sl_result reset([01;35m[Ksl_u32 timeoutInMs = DEFAULT_TIMEOUT[m[K)
[5.480s]       |                         [01;35m[K~~~~~~~^~~~~~~~~~~~~~~~~~~~~~~~~~~~~[m[K
[5.482s] [01m[K/home/faith/Work/carto_ws/src/sllidar_ros2/sdk/src/sl_lidar_driver.cpp:[m[K In member function ‘[01m[Kvirtual sl_result sl::SlamtecLidarDriver::getAllSupportedScanModes(std::vector<sl::LidarScanMode>&, sl_u32)[m[K’:
[5.482s] [01m[K/home/faith/Work/carto_ws/src/sllidar_ros2/sdk/src/sl_lidar_driver.cpp:286:89:[m[K [01;35m[Kwarning: [m[Kunused parameter ‘[01m[KtimeoutInMs[m[K’ [[01;35m[K-Wunused-parameter[m[K]
[5.483s]   286 |         sl_result getAllSupportedScanModes(std::vector<LidarScanMode>& outModes, [01;35m[Ksl_u32 timeoutInMs = DEFAULT_TIMEOUT[m[K)
[5.483s]       |                                                                                  [01;35m[K~~~~~~~^~~~~~~~~~~~~~~~~~~~~~~~~~~~~[m[K
[5.484s] [01m[K/home/faith/Work/carto_ws/src/sllidar_ros2/sdk/src/sl_lidar_driver.cpp:[m[K In member function ‘[01m[Kvirtual sl_result sl::SlamtecLidarDriver::startScan(bool, bool, sl_u32, sl::LidarScanMode*)[m[K’:
[5.484s] [01m[K/home/faith/Work/carto_ws/src/sllidar_ros2/sdk/src/sl_lidar_driver.cpp:347:69:[m[K [01;35m[Kwarning: [m[Kunused parameter ‘[01m[Koptions[m[K’ [[01;35m[K-Wunused-parameter[m[K]
[5.484s]   347 |         sl_result startScan(bool force, bool useTypicalScan, [01;35m[Ksl_u32 options = 0[m[K, LidarScanMode* outUsedScanMode = nullptr)
[5.485s]       |                                                              [01;35m[K~~~~~~~^~~~~~~~~~~[m[K
[5.486s] [01m[K/home/faith/Work/carto_ws/src/sllidar_ros2/sdk/src/sl_lidar_driver.cpp:[m[K In member function ‘[01m[Kvirtual sl_result sl::SlamtecLidarDriver::stop(sl_u32)[m[K’:
[5.486s] [01m[K/home/faith/Work/carto_ws/src/sllidar_ros2/sdk/src/sl_lidar_driver.cpp:534:31:[m[K [01;35m[Kwarning: [m[Kunused parameter ‘[01m[Ktimeout[m[K’ [[01;35m[K-Wunused-parameter[m[K]
[5.487s]   534 |         sl_result stop([01;35m[Ksl_u32 timeout = DEFAULT_TIMEOUT[m[K)
[5.487s]       |                        [01;35m[K~~~~~~~^~~~~~~~~~~~~~~~~~~~~~~~~[m[K
[5.488s] [01m[K/home/faith/Work/carto_ws/src/sllidar_ros2/sdk/src/sl_lidar_driver.cpp:[m[K In member function ‘[01m[Kvirtual sl_result sl::SlamtecLidarDriver::getDeviceInfo(sl_lidar_response_device_info_t&, sl_u32)[m[K’:
[5.488s] [01m[K/home/faith/Work/carto_ws/src/sllidar_ros2/sdk/src/sl_lidar_driver.cpp:579:79:[m[K [01;35m[Kwarning: [m[Kunused parameter ‘[01m[Ktimeout[m[K’ [[01;35m[K-Wunused-parameter[m[K]
[5.489s]   579 |         sl_result getDeviceInfo(sl_lidar_response_device_info_t& info, [01;35m[Ksl_u32 timeout = DEFAULT_TIMEOUT[m[K)
[5.489s]       |                                                                        [01;35m[K~~~~~~~^~~~~~~~~~~~~~~~~~~~~~~~~[m[K
[5.489s] [01m[K/home/faith/Work/carto_ws/src/sllidar_ros2/sdk/src/sl_lidar_driver.cpp:[m[K In member function ‘[01m[Kvirtual sl_result sl::SlamtecLidarDriver::checkMotorCtrlSupport(sl::MotorCtrlSupport&, sl_u32)[m[K’:
[5.490s] [01m[K/home/faith/Work/carto_ws/src/sllidar_ros2/sdk/src/sl_lidar_driver.cpp:592:76:[m[K [01;35m[Kwarning: [m[Kunused parameter ‘[01m[Ktimeout[m[K’ [[01;35m[K-Wunused-parameter[m[K]
[5.490s]   592 |         sl_result checkMotorCtrlSupport(MotorCtrlSupport & support, [01;35m[Ksl_u32 timeout = DEFAULT_TIMEOUT[m[K)
[5.491s]       |                                                                     [01;35m[K~~~~~~~^~~~~~~~~~~~~~~~~~~~~~~~~[m[K
[5.491s] [01m[K/home/faith/Work/carto_ws/src/sllidar_ros2/sdk/src/sl_lidar_driver.cpp:[m[K In member function ‘[01m[Kvirtual sl_result sl::SlamtecLidarDriver::getFrequency(const sl::LidarScanMode&, const sl_lidar_response_measurement_node_hq_t*, size_t, float&)[m[K’:
[5.491s] [01m[K/home/faith/Work/carto_ws/src/sllidar_ros2/sdk/src/sl_lidar_driver.cpp:627:110:[m[K [01;35m[Kwarning: [m[Kunused parameter ‘[01m[Knodes[m[K’ [[01;35m[K-Wunused-parameter[m[K]
[5.492s]   627 |         sl_result getFrequency(const LidarScanMode& scanMode, [01;35m[Kconst sl_lidar_response_measurement_node_hq_t* nodes[m[K, size_t count, float& frequency)
[5.492s]       |                                                               [01;35m[K~~~~~~~~~~~~~~~~~~~~~~~~~~~~~~~~~~~~~~~~~~~~~~~^~~~~[m[K
[5.492s] [01m[K/home/faith/Work/carto_ws/src/sllidar_ros2/sdk/src/sl_lidar_driver.cpp:[m[K In member function ‘[01m[Kvirtual sl_result sl::SlamtecLidarDriver::getHealth(sl_lidar_response_device_health_t&, sl_u32)[m[K’:
[5.493s] [01m[K/home/faith/Work/carto_ws/src/sllidar_ros2/sdk/src/sl_lidar_driver.cpp:640:79:[m[K [01;35m[Kwarning: [m[Kunused parameter ‘[01m[Ktimeout[m[K’ [[01;35m[K-Wunused-parameter[m[K]
[5.493s]   640 |         sl_result getHealth(sl_lidar_response_device_health_t& health, [01;35m[Ksl_u32 timeout = DEFAULT_TIMEOUT[m[K)
[5.494s]       |                                                                        [01;35m[K~~~~~~~^~~~~~~~~~~~~~~~~~~~~~~~~[m[K
[5.494s] [01m[K/home/faith/Work/carto_ws/src/sllidar_ros2/sdk/src/sl_lidar_driver.cpp:[m[K In member function ‘[01m[Kvirtual sl_result sl::SlamtecLidarDriver::getMotorInfo(sl::LidarMotorInfo&, sl_u32)[m[K’:
[5.494s] [01m[K/home/faith/Work/carto_ws/src/sllidar_ros2/sdk/src/sl_lidar_driver.cpp:730:66:[m[K [01;35m[Kwarning: [m[Kunused parameter ‘[01m[KtimeoutInMs[m[K’ [[01;35m[K-Wunused-parameter[m[K]
[5.495s]   730 |         sl_result getMotorInfo(LidarMotorInfo &motorInfo, [01;35m[Ksl_u32 timeoutInMs[m[K)
[5.495s]       |                                                           [01;35m[K~~~~~~~^~~~~~~~~~~[m[K
[5.495s] [01m[K/home/faith/Work/carto_ws/src/sllidar_ros2/sdk/src/sl_lidar_driver.cpp:[m[K In member function ‘[01m[Ksl_result sl::SlamtecLidarDriver::_sendCommand(sl_u16, const void*, size_t)[m[K’:
[5.496s] [01m[K/home/faith/Work/carto_ws/src/sllidar_ros2/sdk/src/sl_lidar_driver.cpp:1089:35:[m[K [01;35m[Kwarning: [m[Kcomparison of integer expressions of different signedness: ‘[01m[Kint[m[K’ and ‘[01m[Kstd::vector<unsigned char>::size_type[m[K’ {aka ‘[01m[Klong unsigned int[m[K’} [[01;35m[K-Wsign-compare[m[K]
[5.496s]  1089 |             for (int pos = 0; [01;35m[Kpos < cmd_packet.size()[m[K; pos++) {
[5.496s]       |                               [01;35m[K~~~~^~~~~~~~~~~~~~~~~~~[m[K
[5.497s] [01m[K/home/faith/Work/carto_ws/src/sllidar_ros2/sdk/src/sl_lidar_driver.cpp:1058:19:[m[K [01;35m[Kwarning: [m[Kunused variable ‘[01m[Kpkt_header[m[K’ [[01;35m[K-Wunused-variable[m[K]
[5.497s]  1058 |             sl_u8 [01;35m[Kpkt_header[m[K[10];
[5.498s]       |                   [01;35m[K^~~~~~~~~~[m[K
[5.498s] [01m[K/home/faith/Work/carto_ws/src/sllidar_ros2/sdk/src/sl_lidar_driver.cpp:[m[K In member function ‘[01m[Kvoid sl::SlamtecLidarDriver::_ultraCapsuleToNormal(const sl_lidar_response_ultra_capsule_measurement_nodes_t&, sl_lidar_response_measurement_node_hq_t*, size_t&)[m[K’:
[5.498s] [01m[K/home/faith/Work/carto_ws/src/sllidar_ros2/sdk/src/sl_lidar_driver.cpp:1370:40:[m[K [01;35m[Kwarning: [m[Kcomparison of integer expressions of different signedness: ‘[01m[Kint[m[K’ and ‘[01m[Kunsigned int[m[K’ [[01;35m[K-Wsign-compare[m[K]
[5.499s]  1370 |                     if (([01;35m[Kdist_predict1 == 0xFFFFFE00[m[K) || (dist_predict1 == 0x1FF)) {
[5.499s]       |                          [01;35m[K~~~~~~~~~~~~~~^~~~~~~~~~~~~[m[K
[5.499s] [01m[K/home/faith/Work/carto_ws/src/sllidar_ros2/sdk/src/sl_lidar_driver.cpp:1379:40:[m[K [01;35m[Kwarning: [m[Kcomparison of integer expressions of different signedness: ‘[01m[Kint[m[K’ and ‘[01m[Kunsigned int[m[K’ [[01;35m[K-Wsign-compare[m[K]
[5.500s]  1379 |                     if (([01;35m[Kdist_predict2 == 0xFFFFFE00[m[K) || (dist_predict2 == 0x1FF)) {
[5.500s]       |                          [01;35m[K~~~~~~~~~~~~~~^~~~~~~~~~~~~[m[K
[5.501s] [01m[K/home/faith/Work/carto_ws/src/sllidar_ros2/sdk/src/sl_lidar_driver.cpp:[m[K In member function ‘[01m[Kvoid sl::SlamtecLidarDriver::_dense_capsuleToNormal(const sl_lidar_response_capsule_measurement_nodes_t&, sl_lidar_response_measurement_node_hq_t*, size_t&)[m[K’:
[5.501s] [01m[K/home/faith/Work/carto_ws/src/sllidar_ros2/sdk/src/sl_lidar_driver.cpp:1577:38:[m[K [01;35m[Kwarning: [m[Ktype qualifiers ignored on cast result type [[01;35m[K-Wignored-qualifiers[m[K]
[5.501s]  1577 |                     const int dist = [01;35m[Kstatic_cast<const int>(_cached_previous_dense_capsuledata.cabins[pos].distance)[m[K;
[5.502s]       |                                      [01;35m[K^~~~~~~~~~~~~~~~~~~~~~~~~~~~~~~~~~~~~~~~~~~~~~~~~~~~~~~~~~~~~~~~~~~~~~~~~~~~~~~[m[K
[5.537s] /home/faith/Work/carto_ws/src/sllidar_ros2/sdk/src/sl_lidar_driver.cpp: In instantiation of ‘[01m[Ksl_result sl::ascendScanData_(TNode*, size_t) [with TNode = sl_lidar_response_measurement_node_hq_t; sl_result = unsigned int; size_t = long unsigned int][m[K’:
[5.538s] [01m[K/home/faith/Work/carto_ws/src/sllidar_ros2/sdk/src/sl_lidar_driver.cpp:677:76:[m[K   required from here
[5.538s] [01m[K/home/faith/Work/carto_ws/src/sllidar_ros2/sdk/src/sl_lidar_driver.cpp:178:31:[m[K [01;35m[Kwarning: [m[Kcomparison of unsigned expression in ‘[01m[K>= 0[m[K’ is always true [[01;35m[K-Wtype-limits[m[K]
[5.539s]   178 |         for (i = count - 1; [01;35m[Ki >= 0[m[K; i--) {
[5.539s]       |                             [01;35m[K~~^~~~[m[K
[5.633s] [01m[K/home/faith/Work/carto_ws/src/sllidar_ros2/sdk/src/sl_lidar_driver.cpp:[m[K At global scope:
[5.633s] [01m[K/home/faith/Work/carto_ws/src/sllidar_ros2/sdk/src/sl_lidar_driver.cpp:72:17:[m[K [01;35m[Kwarning: [m[K‘[01m[Kvoid sl::convert(const sl_lidar_response_measurement_node_hq_t&, sl_lidar_response_measurement_node_t&)[m[K’ defined but not used [[01;35m[K-Wunused-function[m[K]
[5.634s]    72 |     static void [01;35m[Kconvert[m[K(const sl_lidar_response_measurement_node_hq_t& from, sl_lidar_response_measurement_node_t& to)
[5.634s]       |                 [01;35m[K^~~~~~~[m[K
[5.635s] [01m[K/home/faith/Work/carto_ws/src/sllidar_ros2/sdk/src/sl_lidar_driver.cpp:59:17:[m[K [01;35m[Kwarning: [m[K‘[01m[Kvoid sl::printDeprecationWarn(const char*, const char*)[m[K’ defined but not used [[01;35m[K-Wunused-function[m[K]
[5.635s]    59 |     static void [01;35m[KprintDeprecationWarn[m[K(const char* fn, const char* replacement)
[5.635s]       |                 [01;35m[K^~~~~~~~~~~~~~~~~~~~[m[K
[7.128s] In file included from [01m[K/home/faith/Work/carto_ws/src/sllidar_ros2/./sdk/include/sl_lidar_cmd.h:36[m[K,
[7.128s]                  from [01m[K/home/faith/Work/carto_ws/src/sllidar_ros2/./sdk/include/sl_lidar_driver.h:54[m[K,
[7.129s]                  from [01m[K/home/faith/Work/carto_ws/src/sllidar_ros2/./sdk/include/sl_lidar.h:36[m[K,
[7.129s]                  from [01m[K/home/faith/Work/carto_ws/src/sllidar_ros2/src/sllidar_node.cpp:38[m[K:
[7.129s] [01m[K/home/faith/Work/carto_ws/src/sllidar_ros2/./sdk/include/sl_lidar_protocol.h:58:16:[m[K [01;35m[Kwarning: [m[KISO C++ forbids zero-size array ‘[01m[Kdata[m[K’ [[01;35m[K-Wpedantic[m[K]
[7.130s]    58 |     sl_u8 data[[01;35m[K0[m[K];
[7.130s]       |                [01;35m[K^[m[K
[7.131s] In file included from [01m[K/home/faith/Work/carto_ws/src/sllidar_ros2/./sdk/include/sl_lidar_driver.h:54[m[K,
[7.131s]                  from [01m[K/home/faith/Work/carto_ws/src/sllidar_ros2/./sdk/include/sl_lidar.h:36[m[K,
[7.131s]                  from [01m[K/home/faith/Work/carto_ws/src/sllidar_ros2/src/sllidar_node.cpp:38[m[K:
[7.132s] [01m[K/home/faith/Work/carto_ws/src/sllidar_ros2/./sdk/include/sl_lidar_cmd.h:295:20:[m[K [01;35m[Kwarning: [m[KISO C++ forbids zero-size array ‘[01m[Kpayload[m[K’ [[01;35m[K-Wpedantic[m[K]
[7.132s]   295 |     sl_u8  payload[[01;35m[K0[m[K];
[7.132s]       |                    [01;35m[K^[m[K
[8.666s] [01m[K/home/faith/Work/carto_ws/src/sllidar_ros2/src/sllidar_node.cpp:[m[K In member function ‘[01m[Kbool SLlidarNode::checkSLLIDARHealth(sl::ILidarDriver*)[m[K’:
[8.667s] [01m[K/home/faith/Work/carto_ws/src/sllidar_ros2/src/sllidar_node.cpp:147:5:[m[K [01;35m[Kwarning: [m[Kcontrol reaches end of non-void function [[01;35m[K-Wreturn-type[m[K]
[8.667s]   147 |     [01;35m[K}[m[K
[8.667s]       |     [01;35m[K^[m[K
[11.254s] [ 92%] [32m[1mLinking CXX executable sllidar_node[0m
[11.816s] [ 92%] Built target sllidar_node
[17.064s] [100%] [32m[1mLinking CXX executable sllidar_client[0m
[18.014s] [100%] Built target sllidar_client
[18.059s] Invoked command in '/home/faith/Work/carto_ws/build/sllidar_ros2' returned '0': CMAKE_PREFIX_PATH=${CMAKE_PREFIX_PATH}:/opt/ros/humble /usr/bin/cmake --build /home/faith/Work/carto_ws/build/sllidar_ros2 -- -j8 -l8
[18.228s] Invoking command in '/home/faith/Work/carto_ws/build/sllidar_ros2': CMAKE_PREFIX_PATH=${CMAKE_PREFIX_PATH}:/opt/ros/humble /usr/bin/cmake --install /home/faith/Work/carto_ws/build/sllidar_ros2
[18.254s] -- Install configuration: ""
[18.256s] -- Execute custom install script
[18.258s] -- Symlinking: /home/faith/Work/carto_ws/install/sllidar_ros2/share/sllidar_ros2/launch/sllidar_a3_launch.py
[18.290s] -- Symlinking: /home/faith/Work/carto_ws/install/sllidar_ros2/share/sllidar_ros2/launch/sllidar_launch.py
[18.335s] -- Symlinking: /home/faith/Work/carto_ws/install/sllidar_ros2/share/sllidar_ros2/launch/sllidar_s1_launch.py
[18.363s] -- Symlinking: /home/faith/Work/carto_ws/install/sllidar_ros2/share/sllidar_ros2/launch/sllidar_s1_tcp_launch.py
[18.397s] -- Symlinking: /home/faith/Work/carto_ws/install/sllidar_ros2/share/sllidar_ros2/launch/sllidar_s2_launch.py
[18.434s] -- Symlinking: /home/faith/Work/carto_ws/install/sllidar_ros2/share/sllidar_ros2/launch/sllidar_s2e_launch.py
[18.472s] -- Symlinking: /home/faith/Work/carto_ws/install/sllidar_ros2/share/sllidar_ros2/launch/sllidar_t1_launch.py
[18.500s] -- Symlinking: /home/faith/Work/carto_ws/install/sllidar_ros2/share/sllidar_ros2/launch/view_sllidar_a3_launch.py
[18.532s] -- Symlinking: /home/faith/Work/carto_ws/install/sllidar_ros2/share/sllidar_ros2/launch/view_sllidar_launch.py
[18.562s] -- Symlinking: /home/faith/Work/carto_ws/install/sllidar_ros2/share/sllidar_ros2/launch/view_sllidar_s1_launch.py
[18.594s] -- Symlinking: /home/faith/Work/carto_ws/install/sllidar_ros2/share/sllidar_ros2/launch/view_sllidar_s1_tcp_launch.py
[18.623s] -- Symlinking: /home/faith/Work/carto_ws/install/sllidar_ros2/share/sllidar_ros2/launch/view_sllidar_s2_launch.py
[18.654s] -- Symlinking: /home/faith/Work/carto_ws/install/sllidar_ros2/share/sllidar_ros2/launch/view_sllidar_s2e_launch.py
[18.687s] -- Symlinking: /home/faith/Work/carto_ws/install/sllidar_ros2/share/sllidar_ros2/launch/view_sllidar_t1_launch.py
[18.719s] -- Symlinking: /home/faith/Work/carto_ws/install/sllidar_ros2/share/sllidar_ros2/rviz/sllidar_ros2.rviz
[18.754s] -- Symlinking: /home/faith/Work/carto_ws/install/sllidar_ros2/lib/sllidar_ros2/sllidar_node
[18.786s] -- Symlinking: /home/faith/Work/carto_ws/install/sllidar_ros2/lib/sllidar_ros2/sllidar_client
[18.814s] -- Symlinking: /home/faith/Work/carto_ws/install/sllidar_ros2/share/ament_index/resource_index/package_run_dependencies/sllidar_ros2
[18.844s] -- Symlinking: /home/faith/Work/carto_ws/install/sllidar_ros2/share/ament_index/resource_index/parent_prefix_path/sllidar_ros2
[18.878s] -- Symlinking: /home/faith/Work/carto_ws/install/sllidar_ros2/share/sllidar_ros2/environment/ament_prefix_path.sh
[18.907s] -- Symlinking: /home/faith/Work/carto_ws/install/sllidar_ros2/share/sllidar_ros2/environment/ament_prefix_path.dsv
[18.941s] -- Symlinking: /home/faith/Work/carto_ws/install/sllidar_ros2/share/sllidar_ros2/environment/path.sh
[18.974s] -- Symlinking: /home/faith/Work/carto_ws/install/sllidar_ros2/share/sllidar_ros2/environment/path.dsv
[19.008s] -- Symlinking: /home/faith/Work/carto_ws/install/sllidar_ros2/share/sllidar_ros2/local_setup.bash
[19.041s] -- Symlinking: /home/faith/Work/carto_ws/install/sllidar_ros2/share/sllidar_ros2/local_setup.sh
[19.070s] -- Symlinking: /home/faith/Work/carto_ws/install/sllidar_ros2/share/sllidar_ros2/local_setup.zsh
[19.103s] -- Symlinking: /home/faith/Work/carto_ws/install/sllidar_ros2/share/sllidar_ros2/local_setup.dsv
[19.135s] -- Symlinking: /home/faith/Work/carto_ws/install/sllidar_ros2/share/sllidar_ros2/package.dsv
[19.168s] -- Symlinking: /home/faith/Work/carto_ws/install/sllidar_ros2/share/ament_index/resource_index/packages/sllidar_ros2
[19.197s] -- Symlinking: /home/faith/Work/carto_ws/install/sllidar_ros2/share/sllidar_ros2/cmake/ament_cmake_export_dependencies-extras.cmake
[19.231s] -- Symlinking: /home/faith/Work/carto_ws/install/sllidar_ros2/share/sllidar_ros2/cmake/ament_cmake_export_include_directories-extras.cmake
[19.263s] -- Symlinking: /home/faith/Work/carto_ws/install/sllidar_ros2/share/sllidar_ros2/cmake/sllidar_ros2Config.cmake
[19.292s] -- Symlinking: /home/faith/Work/carto_ws/install/sllidar_ros2/share/sllidar_ros2/cmake/sllidar_ros2Config-version.cmake
[19.326s] -- Symlinking: /home/faith/Work/carto_ws/install/sllidar_ros2/share/sllidar_ros2/package.xml
[19.379s] Invoked command in '/home/faith/Work/carto_ws/build/sllidar_ros2' returned '0': CMAKE_PREFIX_PATH=${CMAKE_PREFIX_PATH}:/opt/ros/humble /usr/bin/cmake --install /home/faith/Work/carto_ws/build/sllidar_ros2
