[1.518s] Invoking command in '/home/faith/Work/carto_ws/src/yahboomcar_description': PYTHONPATH=/home/faith/Work/carto_ws/build/yahboomcar_description/prefix_override:/home/faith/Work/carto_ws/install/yahboomcar_description/lib/python3.10/site-packages:${PYTHONPATH} /usr/bin/python3 setup.py egg_info --egg-base ../../build/yahboomcar_description build --build-base /home/faith/Work/carto_ws/build/yahboomcar_description/build install --record /home/faith/Work/carto_ws/build/yahboomcar_description/install.log --single-version-externally-managed
[1.964s] running egg_info
[1.965s] creating ../../build/yahboomcar_description/yahboomcar_description.egg-info
[1.966s] writing ../../build/yahboomcar_description/yahboomcar_description.egg-info/PKG-INFO
[1.967s] writing dependency_links to ../../build/yahboomcar_description/yahboomcar_description.egg-info/dependency_links.txt
[1.967s] writing entry points to ../../build/yahboomcar_description/yahboomcar_description.egg-info/entry_points.txt
[1.967s] writing requirements to ../../build/yahboomcar_description/yahboomcar_description.egg-info/requires.txt
[1.968s] writing top-level names to ../../build/yahboomcar_description/yahboomcar_description.egg-info/top_level.txt
[1.968s] writing manifest file '../../build/yahboomcar_description/yahboomcar_description.egg-info/SOURCES.txt'
[1.973s] reading manifest file '../../build/yahboomcar_description/yahboomcar_description.egg-info/SOURCES.txt'
[1.974s] writing manifest file '../../build/yahboomcar_description/yahboomcar_description.egg-info/SOURCES.txt'
[1.975s] running build
[1.975s] running build_py
[1.976s] creating /home/faith/Work/carto_ws/build/yahboomcar_description/build
[1.976s] creating /home/faith/Work/carto_ws/build/yahboomcar_description/build/lib
[1.977s] creating /home/faith/Work/carto_ws/build/yahboomcar_description/build/lib/yahboomcar_description
[1.977s] copying yahboomcar_description/__init__.py -> /home/faith/Work/carto_ws/build/yahboomcar_description/build/lib/yahboomcar_description
[1.978s] running install
[1.978s] /usr/lib/python3/dist-packages/setuptools/command/install.py:34: SetuptoolsDeprecationWarning: setup.py install is deprecated. Use build and pip and other standards-based tools.
[1.979s]   warnings.warn(
[1.979s] running install_lib
[1.980s] creating /home/faith/Work/carto_ws/install/yahboomcar_description/lib/python3.10/site-packages/yahboomcar_description
[1.980s] copying /home/faith/Work/carto_ws/build/yahboomcar_description/build/lib/yahboomcar_description/__init__.py -> /home/faith/Work/carto_ws/install/yahboomcar_description/lib/python3.10/site-packages/yahboomcar_description
[1.980s] byte-compiling /home/faith/Work/carto_ws/install/yahboomcar_description/lib/python3.10/site-packages/yahboomcar_description/__init__.py to __init__.cpython-310.pyc
[1.981s] running install_data
[1.981s] creating /home/faith/Work/carto_ws/install/yahboomcar_description/share/ament_index
[1.981s] creating /home/faith/Work/carto_ws/install/yahboomcar_description/share/ament_index/resource_index
[1.982s] creating /home/faith/Work/carto_ws/install/yahboomcar_description/share/ament_index/resource_index/packages
[1.982s] copying resource/yahboomcar_description -> /home/faith/Work/carto_ws/install/yahboomcar_description/share/ament_index/resource_index/packages
[1.983s] copying package.xml -> /home/faith/Work/carto_ws/install/yahboomcar_description/share/yahboomcar_description
[1.983s] running install_egg_info
[1.983s] Copying ../../build/yahboomcar_description/yahboomcar_description.egg-info to /home/faith/Work/carto_ws/install/yahboomcar_description/lib/python3.10/site-packages/yahboomcar_description-0.0.0-py3.10.egg-info
[1.984s] running install_scripts
[2.021s] writing list of installed files to '/home/faith/Work/carto_ws/build/yahboomcar_description/install.log'
[2.119s] Invoked command in '/home/faith/Work/carto_ws/src/yahboomcar_description' returned '0': PYTHONPATH=/home/faith/Work/carto_ws/build/yahboomcar_description/prefix_override:/home/faith/Work/carto_ws/install/yahboomcar_description/lib/python3.10/site-packages:${PYTHONPATH} /usr/bin/python3 setup.py egg_info --egg-base ../../build/yahboomcar_description build --build-base /home/faith/Work/carto_ws/build/yahboomcar_description/build install --record /home/faith/Work/carto_ws/build/yahboomcar_description/install.log --single-version-externally-managed
