[0.043s] Invoking command in '/home/faith/Work/carto_ws/build/cartographer_rviz': CMAKE_PREFIX_PATH=/home/faith/Work/carto_ws/install/cartographer_ros:/home/faith/Work/carto_ws/install/cartographer_ros_msgs:/home/faith/Work/carto_ws/install/cartographer:/home/faith/Work/carto_ws/install/sllidar_ros2:/home/faith/Work/carto_ws/install/orbbec_description:/home/faith/Work/carto_ws/install/orbbec_camera:/home/faith/Work/carto_ws/install/orbbec_camera_msgs:/home/faith/Work/carto_ws/install/faithbot_cartographer:/home/faith/Work/carto_ws/install/cartographer_rviz:/home/faith/Work/carto_ws/install/astra_camera:/home/faith/Work/carto_ws/install/astra_camera_msgs:/home/faith/Work/carto_ws/install/fishbot_description:/opt/ros/humble LD_LIBRARY_PATH=/home/faith/Work/carto_ws/install/cartographer_ros_msgs/lib:/home/faith/Work/carto_ws/install/orbbec_camera/lib:/home/faith/Work/carto_ws/install/orbbec_camera_msgs/lib:/home/faith/Work/carto_ws/install/cartographer_rviz/lib:/home/faith/Work/carto_ws/install/cartographer_ros/lib:/home/faith/Work/carto_ws/install/astra_camera/lib:/home/faith/Work/carto_ws/install/astra_camera_msgs/lib:/opt/ros/humble/opt/rviz_ogre_vendor/lib:/opt/ros/humble/lib/aarch64-linux-gnu:/opt/ros/humble/lib /usr/bin/cmake /home/faith/Work/carto_ws/src/cartographer_ros/cartographer_rviz -DCMAKE_INSTALL_PREFIX=/home/faith/Work/carto_ws/install/cartographer_rviz
[0.076s] -- Found ament_cmake: 1.3.5 (/opt/ros/humble/share/ament_cmake/cmake)
[0.342s] -- Found required Ceres dependency: Eigen version 3.4.0 in /usr/include/eigen3
[0.343s] -- Found required Ceres dependency: glog
[0.344s] -- Found required Ceres dependency: gflags
[0.345s] -- Found Ceres version: 2.0.0 installed in: /usr with components: [EigenSparse, SparseLinearAlgebraLibrary, LAPACK, SuiteSparse, CXSparse, SchurSpecializations, Multithreading]
[0.356s] -- Build type: Release
[0.364s] -- Found cartographer_ros: 2.0.9001 (/home/faith/Work/carto_ws/install/cartographer_ros/share/cartographer_ros/cmake)
[0.400s] -- Found rosidl_generator_c: 3.1.4 (/opt/ros/humble/share/rosidl_generator_c/cmake)
[0.403s] -- Found rosidl_adapter: 3.1.4 (/opt/ros/humble/share/rosidl_adapter/cmake)
[0.411s] -- Found rosidl_generator_cpp: 3.1.4 (/opt/ros/humble/share/rosidl_generator_cpp/cmake)
[0.426s] -- Using all available rosidl_typesupport_c: rosidl_typesupport_fastrtps_c;rosidl_typesupport_introspection_c
[0.448s] -- Using all available rosidl_typesupport_cpp: rosidl_typesupport_fastrtps_cpp;rosidl_typesupport_introspection_cpp
[0.979s] -- Found rmw_implementation_cmake: 6.1.1 (/opt/ros/humble/share/rmw_implementation_cmake/cmake)
[0.981s] -- Found rmw_fastrtps_cpp: 6.2.2 (/opt/ros/humble/share/rmw_fastrtps_cpp/cmake)
[1.187s] -- Using RMW implementation 'rmw_fastrtps_cpp' as default
[2.857s] -- Found rviz_common: 11.2.5 (/opt/ros/humble/share/rviz_common/cmake)
[2.899s] -- Setting OGRE_DIR to: '/opt/ros/humble/share/rviz_ogre_vendor/cmake/../../../opt/rviz_ogre_vendor/lib/OGRE/cmake'
[2.902s] -- Found OGRE
[2.903s] --   static     : OFF
[2.903s] --   components : HLMS;MeshLodGenerator;Overlay;Paging;Property;RTShaderSystem;Terrain;Volume
[2.904s] --   plugins    : Plugin_BSPSceneManager;Plugin_OctreeSceneManager;Plugin_PCZSceneManager;Plugin_ParticleFX;RenderSystem_GL;RenderSystem_GL3Plus;Codec_STBI
[2.904s] --   media      : /opt/ros/humble/opt/rviz_ogre_vendor/share/OGRE/Media
[2.904s] -- OGRE_LIBRARIES: OgreHLMS;OgreMeshLodGenerator;OgreOverlay;OgrePaging;OgreProperty;OgreRTShaderSystem;OgreTerrain;OgreVolume;OgreMain
[2.905s] -- OGRE_LIBRARY_DIRS: /opt/ros/humble/opt/rviz_ogre_vendor/lib
[2.905s] -- OGRE_PLUGINS: Plugin_BSPSceneManager;Plugin_OctreeSceneManager;Plugin_PCZSceneManager;Plugin_ParticleFX;RenderSystem_GL;RenderSystem_GL3Plus;Codec_STBI
[2.905s] -- OGRE_PLUGIN_DIR: /opt/ros/humble/opt/rviz_ogre_vendor/lib/OGRE
[2.906s] -- rviz_ogre_vendor::OgreOverlay for IMPORTED_LOCATION_RELEASE: /opt/ros/humble/opt/rviz_ogre_vendor/lib/libOgreOverlay.so
[2.906s] -- rviz_ogre_vendor::OgreOverlay for IMPORTED_LOCATION_DEBUG: /opt/ros/humble/opt/rviz_ogre_vendor/lib/libOgreOverlay.so
[2.907s] -- rviz_ogre_vendor::OgreMain for IMPORTED_LOCATION_RELEASE: /opt/ros/humble/opt/rviz_ogre_vendor/lib/libOgreMain.so
[2.907s] -- rviz_ogre_vendor::OgreMain for IMPORTED_LOCATION_DEBUG: /opt/ros/humble/opt/rviz_ogre_vendor/lib/libOgreMain.so
[2.907s] -- Could not find freeimage library
[2.997s] -- rviz_ogre_vendor::RenderSystem_GL for IMPORTED_LOCATION_RELEASE: _render_system_gl_static_library_abs-NOTFOUND
[2.998s] -- rviz_ogre_vendor::RenderSystem_GL for IMPORTED_LOCATION_DEBUG: _render_system_gl_static_library_abs-NOTFOUND
[3.057s] -- library: /usr/lib/aarch64-linux-gnu/libcurl.so
[3.126s] -- Ensuring Eigen3 include directory is part of orocos-kdl CMake target
[4.048s] -- Deploy OGRE media
[4.059s] -- Configuring done
[4.222s] -- Generating done
[4.226s] -- Build files have been written to: /home/faith/Work/carto_ws/build/cartographer_rviz
[4.253s] Invoked command in '/home/faith/Work/carto_ws/build/cartographer_rviz' returned '0': CMAKE_PREFIX_PATH=/home/faith/Work/carto_ws/install/cartographer_ros:/home/faith/Work/carto_ws/install/cartographer_ros_msgs:/home/faith/Work/carto_ws/install/cartographer:/home/faith/Work/carto_ws/install/sllidar_ros2:/home/faith/Work/carto_ws/install/orbbec_description:/home/faith/Work/carto_ws/install/orbbec_camera:/home/faith/Work/carto_ws/install/orbbec_camera_msgs:/home/faith/Work/carto_ws/install/faithbot_cartographer:/home/faith/Work/carto_ws/install/cartographer_rviz:/home/faith/Work/carto_ws/install/astra_camera:/home/faith/Work/carto_ws/install/astra_camera_msgs:/home/faith/Work/carto_ws/install/fishbot_description:/opt/ros/humble LD_LIBRARY_PATH=/home/faith/Work/carto_ws/install/cartographer_ros_msgs/lib:/home/faith/Work/carto_ws/install/orbbec_camera/lib:/home/faith/Work/carto_ws/install/orbbec_camera_msgs/lib:/home/faith/Work/carto_ws/install/cartographer_rviz/lib:/home/faith/Work/carto_ws/install/cartographer_ros/lib:/home/faith/Work/carto_ws/install/astra_camera/lib:/home/faith/Work/carto_ws/install/astra_camera_msgs/lib:/opt/ros/humble/opt/rviz_ogre_vendor/lib:/opt/ros/humble/lib/aarch64-linux-gnu:/opt/ros/humble/lib /usr/bin/cmake /home/faith/Work/carto_ws/src/cartographer_ros/cartographer_rviz -DCMAKE_INSTALL_PREFIX=/home/faith/Work/carto_ws/install/cartographer_rviz
[4.261s] Invoking command in '/home/faith/Work/carto_ws/build/cartographer_rviz': CMAKE_PREFIX_PATH=/home/faith/Work/carto_ws/install/cartographer_ros:/home/faith/Work/carto_ws/install/cartographer_ros_msgs:/home/faith/Work/carto_ws/install/cartographer:/home/faith/Work/carto_ws/install/sllidar_ros2:/home/faith/Work/carto_ws/install/orbbec_description:/home/faith/Work/carto_ws/install/orbbec_camera:/home/faith/Work/carto_ws/install/orbbec_camera_msgs:/home/faith/Work/carto_ws/install/faithbot_cartographer:/home/faith/Work/carto_ws/install/cartographer_rviz:/home/faith/Work/carto_ws/install/astra_camera:/home/faith/Work/carto_ws/install/astra_camera_msgs:/home/faith/Work/carto_ws/install/fishbot_description:/opt/ros/humble LD_LIBRARY_PATH=/home/faith/Work/carto_ws/install/cartographer_ros_msgs/lib:/home/faith/Work/carto_ws/install/orbbec_camera/lib:/home/faith/Work/carto_ws/install/orbbec_camera_msgs/lib:/home/faith/Work/carto_ws/install/cartographer_rviz/lib:/home/faith/Work/carto_ws/install/cartographer_ros/lib:/home/faith/Work/carto_ws/install/astra_camera/lib:/home/faith/Work/carto_ws/install/astra_camera_msgs/lib:/opt/ros/humble/opt/rviz_ogre_vendor/lib:/opt/ros/humble/lib/aarch64-linux-gnu:/opt/ros/humble/lib /usr/bin/cmake --build /home/faith/Work/carto_ws/build/cartographer_rviz -- -j8 -l8
[4.423s] [ 16%] [34m[1mAutomatic MOC for target cartographer_rviz[0m
[4.431s] [ 16%] Built target cartographer_rviz_detect_changes
[4.523s] [ 16%] Built target cartographer_rviz_autogen
[4.573s] [35m[1mConsolidate compiler generated dependencies of target cartographer_rviz[0m
[4.685s] [100%] Built target cartographer_rviz
[4.721s] Invoked command in '/home/faith/Work/carto_ws/build/cartographer_rviz' returned '0': CMAKE_PREFIX_PATH=/home/faith/Work/carto_ws/install/cartographer_ros:/home/faith/Work/carto_ws/install/cartographer_ros_msgs:/home/faith/Work/carto_ws/install/cartographer:/home/faith/Work/carto_ws/install/sllidar_ros2:/home/faith/Work/carto_ws/install/orbbec_description:/home/faith/Work/carto_ws/install/orbbec_camera:/home/faith/Work/carto_ws/install/orbbec_camera_msgs:/home/faith/Work/carto_ws/install/faithbot_cartographer:/home/faith/Work/carto_ws/install/cartographer_rviz:/home/faith/Work/carto_ws/install/astra_camera:/home/faith/Work/carto_ws/install/astra_camera_msgs:/home/faith/Work/carto_ws/install/fishbot_description:/opt/ros/humble LD_LIBRARY_PATH=/home/faith/Work/carto_ws/install/cartographer_ros_msgs/lib:/home/faith/Work/carto_ws/install/orbbec_camera/lib:/home/faith/Work/carto_ws/install/orbbec_camera_msgs/lib:/home/faith/Work/carto_ws/install/cartographer_rviz/lib:/home/faith/Work/carto_ws/install/cartographer_ros/lib:/home/faith/Work/carto_ws/install/astra_camera/lib:/home/faith/Work/carto_ws/install/astra_camera_msgs/lib:/opt/ros/humble/opt/rviz_ogre_vendor/lib:/opt/ros/humble/lib/aarch64-linux-gnu:/opt/ros/humble/lib /usr/bin/cmake --build /home/faith/Work/carto_ws/build/cartographer_rviz -- -j8 -l8
[4.829s] Invoking command in '/home/faith/Work/carto_ws/build/cartographer_rviz': CMAKE_PREFIX_PATH=/home/faith/Work/carto_ws/install/cartographer_ros:/home/faith/Work/carto_ws/install/cartographer_ros_msgs:/home/faith/Work/carto_ws/install/cartographer:/home/faith/Work/carto_ws/install/sllidar_ros2:/home/faith/Work/carto_ws/install/orbbec_description:/home/faith/Work/carto_ws/install/orbbec_camera:/home/faith/Work/carto_ws/install/orbbec_camera_msgs:/home/faith/Work/carto_ws/install/faithbot_cartographer:/home/faith/Work/carto_ws/install/cartographer_rviz:/home/faith/Work/carto_ws/install/astra_camera:/home/faith/Work/carto_ws/install/astra_camera_msgs:/home/faith/Work/carto_ws/install/fishbot_description:/opt/ros/humble LD_LIBRARY_PATH=/home/faith/Work/carto_ws/install/cartographer_ros_msgs/lib:/home/faith/Work/carto_ws/install/orbbec_camera/lib:/home/faith/Work/carto_ws/install/orbbec_camera_msgs/lib:/home/faith/Work/carto_ws/install/cartographer_rviz/lib:/home/faith/Work/carto_ws/install/cartographer_ros/lib:/home/faith/Work/carto_ws/install/astra_camera/lib:/home/faith/Work/carto_ws/install/astra_camera_msgs/lib:/opt/ros/humble/opt/rviz_ogre_vendor/lib:/opt/ros/humble/lib/aarch64-linux-gnu:/opt/ros/humble/lib /usr/bin/cmake --install /home/faith/Work/carto_ws/build/cartographer_rviz
[4.851s] -- Install configuration: "Release"
[4.853s] -- Up-to-date: /home/faith/Work/carto_ws/install/cartographer_rviz/share/cartographer_rviz/rviz_plugin_description.xml
[4.853s] -- Up-to-date: /home/faith/Work/carto_ws/install/cartographer_rviz/lib/libcartographer_rviz.so
[4.854s] -- Up-to-date: /home/faith/Work/carto_ws/install/cartographer_rviz/include/
[4.854s] -- Up-to-date: /home/faith/Work/carto_ws/install/cartographer_rviz/include//cartographer_rviz
[4.855s] -- Up-to-date: /home/faith/Work/carto_ws/install/cartographer_rviz/include//cartographer_rviz/drawable_submap.h
[4.855s] -- Up-to-date: /home/faith/Work/carto_ws/install/cartographer_rviz/include//cartographer_rviz/submaps_display.h
[4.856s] -- Up-to-date: /home/faith/Work/carto_ws/install/cartographer_rviz/include//cartographer_rviz/ogre_slice.h
[4.856s] -- Up-to-date: /home/faith/Work/carto_ws/install/cartographer_rviz/share/cartographer_rviz/environment/library_path.sh
[4.857s] -- Installing: /home/faith/Work/carto_ws/install/cartographer_rviz/share/cartographer_rviz/environment/library_path.dsv
[4.857s] -- Up-to-date: /home/faith/Work/carto_ws/install/cartographer_rviz/share/ament_index/resource_index/package_run_dependencies/cartographer_rviz
[4.857s] -- Installing: /home/faith/Work/carto_ws/install/cartographer_rviz/share/ament_index/resource_index/parent_prefix_path/cartographer_rviz
[4.858s] -- Up-to-date: /home/faith/Work/carto_ws/install/cartographer_rviz/share/cartographer_rviz/environment/ament_prefix_path.sh
[4.858s] -- Installing: /home/faith/Work/carto_ws/install/cartographer_rviz/share/cartographer_rviz/environment/ament_prefix_path.dsv
[4.859s] -- Up-to-date: /home/faith/Work/carto_ws/install/cartographer_rviz/share/cartographer_rviz/environment/path.sh
[4.859s] -- Installing: /home/faith/Work/carto_ws/install/cartographer_rviz/share/cartographer_rviz/environment/path.dsv
[4.859s] -- Up-to-date: /home/faith/Work/carto_ws/install/cartographer_rviz/share/cartographer_rviz/local_setup.bash
[4.860s] -- Up-to-date: /home/faith/Work/carto_ws/install/cartographer_rviz/share/cartographer_rviz/local_setup.sh
[4.860s] -- Up-to-date: /home/faith/Work/carto_ws/install/cartographer_rviz/share/cartographer_rviz/local_setup.zsh
[4.861s] -- Installing: /home/faith/Work/carto_ws/install/cartographer_rviz/share/cartographer_rviz/local_setup.dsv
[4.861s] -- Installing: /home/faith/Work/carto_ws/install/cartographer_rviz/share/cartographer_rviz/package.dsv
[4.862s] -- Up-to-date: /home/faith/Work/carto_ws/install/cartographer_rviz/share/ament_index/resource_index/packages/cartographer_rviz
[4.864s] -- Up-to-date: /home/faith/Work/carto_ws/install/cartographer_rviz/share/ament_index/resource_index/rviz_common__pluginlib__plugin/cartographer_rviz
[4.875s] -- Up-to-date: /home/faith/Work/carto_ws/install/cartographer_rviz/share/cartographer_rviz/ogre_media/materials/glsl120
[4.877s] -- Up-to-date: /home/faith/Work/carto_ws/install/cartographer_rviz/share/cartographer_rviz/ogre_media/materials/glsl120/glsl120.program
[4.878s] -- Up-to-date: /home/faith/Work/carto_ws/install/cartographer_rviz/share/cartographer_rviz/ogre_media/materials/glsl120/submap.vert
[4.881s] -- Up-to-date: /home/faith/Work/carto_ws/install/cartographer_rviz/share/cartographer_rviz/ogre_media/materials/glsl120/submap.frag
[4.882s] -- Up-to-date: /home/faith/Work/carto_ws/install/cartographer_rviz/share/cartographer_rviz/ogre_media/materials/scripts
[4.883s] -- Up-to-date: /home/faith/Work/carto_ws/install/cartographer_rviz/share/cartographer_rviz/ogre_media/materials/scripts/submap.material
[4.883s] -- Up-to-date: /home/faith/Work/carto_ws/install/cartographer_rviz/share/ament_index/resource_index/rviz_ogre_media_exports/cartographer_rviz
[4.884s] -- Up-to-date: /home/faith/Work/carto_ws/install/cartographer_rviz/share/cartographer_rviz/cmake/cartographer_rvizExport.cmake
[4.885s] -- Up-to-date: /home/faith/Work/carto_ws/install/cartographer_rviz/share/cartographer_rviz/cmake/cartographer_rvizExport-release.cmake
[4.886s] -- Up-to-date: /home/faith/Work/carto_ws/install/cartographer_rviz/share/cartographer_rviz/cmake/ament_cmake_export_include_directories-extras.cmake
[4.886s] -- Up-to-date: /home/faith/Work/carto_ws/install/cartographer_rviz/share/cartographer_rviz/cmake/ament_cmake_export_targets-extras.cmake
[4.887s] -- Up-to-date: /home/faith/Work/carto_ws/install/cartographer_rviz/share/cartographer_rviz/cmake/ament_cmake_export_dependencies-extras.cmake
[4.887s] -- Up-to-date: /home/faith/Work/carto_ws/install/cartographer_rviz/share/cartographer_rviz/cmake/cartographer_rvizConfig.cmake
[4.887s] -- Up-to-date: /home/faith/Work/carto_ws/install/cartographer_rviz/share/cartographer_rviz/cmake/cartographer_rvizConfig-version.cmake
[4.888s] -- Up-to-date: /home/faith/Work/carto_ws/install/cartographer_rviz/share/cartographer_rviz/package.xml
[4.889s] Invoked command in '/home/faith/Work/carto_ws/build/cartographer_rviz' returned '0': CMAKE_PREFIX_PATH=/home/faith/Work/carto_ws/install/cartographer_ros:/home/faith/Work/carto_ws/install/cartographer_ros_msgs:/home/faith/Work/carto_ws/install/cartographer:/home/faith/Work/carto_ws/install/sllidar_ros2:/home/faith/Work/carto_ws/install/orbbec_description:/home/faith/Work/carto_ws/install/orbbec_camera:/home/faith/Work/carto_ws/install/orbbec_camera_msgs:/home/faith/Work/carto_ws/install/faithbot_cartographer:/home/faith/Work/carto_ws/install/cartographer_rviz:/home/faith/Work/carto_ws/install/astra_camera:/home/faith/Work/carto_ws/install/astra_camera_msgs:/home/faith/Work/carto_ws/install/fishbot_description:/opt/ros/humble LD_LIBRARY_PATH=/home/faith/Work/carto_ws/install/cartographer_ros_msgs/lib:/home/faith/Work/carto_ws/install/orbbec_camera/lib:/home/faith/Work/carto_ws/install/orbbec_camera_msgs/lib:/home/faith/Work/carto_ws/install/cartographer_rviz/lib:/home/faith/Work/carto_ws/install/cartographer_ros/lib:/home/faith/Work/carto_ws/install/astra_camera/lib:/home/faith/Work/carto_ws/install/astra_camera_msgs/lib:/opt/ros/humble/opt/rviz_ogre_vendor/lib:/opt/ros/humble/lib/aarch64-linux-gnu:/opt/ros/humble/lib /usr/bin/cmake --install /home/faith/Work/carto_ws/build/cartographer_rviz
