[1.332s] Invoking command in '/home/faith/Work/carto_ws/src/faithcar_bringup': CMAKE_PREFIX_PATH=/home/faith/Work/carto_ws/install/faithcar_msgs:/home/faith/Work/carto_ws/install/sllidar_ros2:/home/faith/Work/carto_ws/install/orbbec_description:/home/faith/Work/carto_ws/install/orbbec_camera:/home/faith/Work/carto_ws/install/orbbec_camera_msgs:/home/faith/Work/carto_ws/install/faithbot_cartographer:/home/faith/Work/carto_ws/install/city_w:/home/faith/Work/carto_ws/install/cartographer_rviz:/home/faith/Work/carto_ws/install/cartographer_ros:/home/faith/Work/carto_ws/install/cartographer_ros_msgs:/home/faith/Work/carto_ws/install/cartographer:/home/faith/Work/carto_ws/install/astra_camera:/home/faith/Work/carto_ws/install/astra_camera_msgs LD_LIBRARY_PATH=/home/faith/Work/carto_ws/install/faithcar_msgs/lib:/home/faith/Work/carto_ws/install/orbbec_camera/lib:/home/faith/Work/carto_ws/install/orbbec_camera_msgs/lib:/home/faith/Work/carto_ws/install/cartographer_rviz/lib:/home/faith/Work/carto_ws/install/cartographer_ros/lib:/home/faith/Work/carto_ws/install/cartographer_ros_msgs/lib:/home/faith/Work/carto_ws/install/astra_camera/lib:/home/faith/Work/carto_ws/install/astra_camera_msgs/lib:/opt/ros/humble/opt/rviz_ogre_vendor/lib:/opt/ros/humble/lib/aarch64-linux-gnu:/opt/ros/humble/lib PYTHONPATH=/home/faith/Work/carto_ws/build/faithcar_bringup/prefix_override:/home/faith/Work/carto_ws/install/faithcar_bringup/lib/python3.10/site-packages:${PYTHONPATH} /usr/bin/python3 setup.py egg_info --egg-base ../../build/faithcar_bringup build --build-base /home/faith/Work/carto_ws/build/faithcar_bringup/build install --record /home/faith/Work/carto_ws/build/faithcar_bringup/install.log --single-version-externally-managed
[1.732s] running egg_info
[1.733s] writing ../../build/faithcar_bringup/faithcar_bringup.egg-info/PKG-INFO
[1.734s] writing dependency_links to ../../build/faithcar_bringup/faithcar_bringup.egg-info/dependency_links.txt
[1.734s] writing entry points to ../../build/faithcar_bringup/faithcar_bringup.egg-info/entry_points.txt
[1.735s] writing requirements to ../../build/faithcar_bringup/faithcar_bringup.egg-info/requires.txt
[1.735s] writing top-level names to ../../build/faithcar_bringup/faithcar_bringup.egg-info/top_level.txt
[1.741s] reading manifest file '../../build/faithcar_bringup/faithcar_bringup.egg-info/SOURCES.txt'
[1.742s] writing manifest file '../../build/faithcar_bringup/faithcar_bringup.egg-info/SOURCES.txt'
[1.743s] running build
[1.743s] running build_py
[1.744s] copying faithcar_bringup/faithcar_driver_without_driver.py -> /home/faith/Work/carto_ws/build/faithcar_bringup/build/lib/faithcar_bringup
[1.744s] running install
[1.744s] running install_lib
[1.746s] copying /home/faith/Work/carto_ws/build/faithcar_bringup/build/lib/faithcar_bringup/faithcar_driver_without_driver.py -> /home/faith/Work/carto_ws/install/faithcar_bringup/lib/python3.10/site-packages/faithcar_bringup
[1.747s] byte-compiling /home/faith/Work/carto_ws/install/faithcar_bringup/lib/python3.10/site-packages/faithcar_bringup/faithcar_driver_without_driver.py to faithcar_driver_without_driver.cpython-310.pyc
[1.748s] running install_data
[1.750s] running install_egg_info
[1.753s] removing '/home/faith/Work/carto_ws/install/faithcar_bringup/lib/python3.10/site-packages/faithcar_bringup-0.0.0-py3.10.egg-info' (and everything under it)
[1.753s] Copying ../../build/faithcar_bringup/faithcar_bringup.egg-info to /home/faith/Work/carto_ws/install/faithcar_bringup/lib/python3.10/site-packages/faithcar_bringup-0.0.0-py3.10.egg-info
[1.755s] running install_scripts
[1.793s] Installing faithcar_driver_node=faithcar_bringup.faithcar_driver:mainfaithcar_driver_test_node script to /home/faith/Work/carto_ws/install/faithcar_bringup/lib/faithcar_bringup
[1.794s] writing list of installed files to '/home/faith/Work/carto_ws/build/faithcar_bringup/install.log'
[1.880s] Invoked command in '/home/faith/Work/carto_ws/src/faithcar_bringup' returned '0': CMAKE_PREFIX_PATH=/home/faith/Work/carto_ws/install/faithcar_msgs:/home/faith/Work/carto_ws/install/sllidar_ros2:/home/faith/Work/carto_ws/install/orbbec_description:/home/faith/Work/carto_ws/install/orbbec_camera:/home/faith/Work/carto_ws/install/orbbec_camera_msgs:/home/faith/Work/carto_ws/install/faithbot_cartographer:/home/faith/Work/carto_ws/install/city_w:/home/faith/Work/carto_ws/install/cartographer_rviz:/home/faith/Work/carto_ws/install/cartographer_ros:/home/faith/Work/carto_ws/install/cartographer_ros_msgs:/home/faith/Work/carto_ws/install/cartographer:/home/faith/Work/carto_ws/install/astra_camera:/home/faith/Work/carto_ws/install/astra_camera_msgs LD_LIBRARY_PATH=/home/faith/Work/carto_ws/install/faithcar_msgs/lib:/home/faith/Work/carto_ws/install/orbbec_camera/lib:/home/faith/Work/carto_ws/install/orbbec_camera_msgs/lib:/home/faith/Work/carto_ws/install/cartographer_rviz/lib:/home/faith/Work/carto_ws/install/cartographer_ros/lib:/home/faith/Work/carto_ws/install/cartographer_ros_msgs/lib:/home/faith/Work/carto_ws/install/astra_camera/lib:/home/faith/Work/carto_ws/install/astra_camera_msgs/lib:/opt/ros/humble/opt/rviz_ogre_vendor/lib:/opt/ros/humble/lib/aarch64-linux-gnu:/opt/ros/humble/lib PYTHONPATH=/home/faith/Work/carto_ws/build/faithcar_bringup/prefix_override:/home/faith/Work/carto_ws/install/faithcar_bringup/lib/python3.10/site-packages:${PYTHONPATH} /usr/bin/python3 setup.py egg_info --egg-base ../../build/faithcar_bringup build --build-base /home/faith/Work/carto_ws/build/faithcar_bringup/build install --record /home/faith/Work/carto_ws/build/faithcar_bringup/install.log --single-version-externally-managed
