[1.194s] Invoking command in '/home/faith/Work/carto_ws/src/city_li': PYTHONPATH=/home/faith/Work/carto_ws/build/city_li/prefix_override:/home/faith/Work/carto_ws/install/city_li/lib/python3.10/site-packages:${PYTHONPATH} /usr/bin/python3 setup.py egg_info --egg-base ../../build/city_li build --build-base /home/faith/Work/carto_ws/build/city_li/build install --record /home/faith/Work/carto_ws/build/city_li/install.log --single-version-externally-managed
[1.519s] running egg_info
[1.521s] writing ../../build/city_li/city_li.egg-info/PKG-INFO
[1.522s] writing dependency_links to ../../build/city_li/city_li.egg-info/dependency_links.txt
[1.523s] writing entry points to ../../build/city_li/city_li.egg-info/entry_points.txt
[1.523s] writing requirements to ../../build/city_li/city_li.egg-info/requires.txt
[1.524s] writing top-level names to ../../build/city_li/city_li.egg-info/top_level.txt
[1.527s] reading manifest file '../../build/city_li/city_li.egg-info/SOURCES.txt'
[1.528s] writing manifest file '../../build/city_li/city_li.egg-info/SOURCES.txt'
[1.529s] running build
[1.529s] running build_py
[1.529s] copying city_li/li4.py -> /home/faith/Work/carto_ws/build/city_li/build/lib/city_li
[1.529s] running install
[1.530s] /usr/lib/python3/dist-packages/setuptools/command/install.py:34: SetuptoolsDeprecationWarning: setup.py install is deprecated. Use build and pip and other standards-based tools.
[1.530s]   warnings.warn(
[1.530s] running install_lib
[1.532s] copying /home/faith/Work/carto_ws/build/city_li/build/lib/city_li/li4.py -> /home/faith/Work/carto_ws/install/city_li/lib/python3.10/site-packages/city_li
[1.533s] byte-compiling /home/faith/Work/carto_ws/install/city_li/lib/python3.10/site-packages/city_li/li4.py to li4.cpython-310.pyc
[1.534s] running install_data
[1.536s] running install_egg_info
[1.540s] removing '/home/faith/Work/carto_ws/install/city_li/lib/python3.10/site-packages/city_li-0.0.0-py3.10.egg-info' (and everything under it)
[1.541s] Copying ../../build/city_li/city_li.egg-info to /home/faith/Work/carto_ws/install/city_li/lib/python3.10/site-packages/city_li-0.0.0-py3.10.egg-info
[1.542s] running install_scripts
[1.578s] Installing li4_node script to /home/faith/Work/carto_ws/install/city_li/lib/city_li
[1.579s] writing list of installed files to '/home/faith/Work/carto_ws/build/city_li/install.log'
[1.636s] Invoked command in '/home/faith/Work/carto_ws/src/city_li' returned '0': PYTHONPATH=/home/faith/Work/carto_ws/build/city_li/prefix_override:/home/faith/Work/carto_ws/install/city_li/lib/python3.10/site-packages:${PYTHONPATH} /usr/bin/python3 setup.py egg_info --egg-base ../../build/city_li build --build-base /home/faith/Work/carto_ws/build/city_li/build install --record /home/faith/Work/carto_ws/build/city_li/install.log --single-version-externally-managed
