[0.675s] Invoking command in '/home/faith/Work/carto_ws/build/orbbec_description': CMAKE_PREFIX_PATH=${CMAKE_PREFIX_PATH}:/home/faith/Work/carto_ws/install/fishbot_description:/opt/ros/humble /usr/bin/cmake --build /home/faith/Work/carto_ws/build/orbbec_description -- -j8 -l8
[0.866s] Invoked command in '/home/faith/Work/carto_ws/build/orbbec_description' returned '0': CMAKE_PREFIX_PATH=${CMAKE_PREFIX_PATH}:/home/faith/Work/carto_ws/install/fishbot_description:/opt/ros/humble /usr/bin/cmake --build /home/faith/Work/carto_ws/build/orbbec_description -- -j8 -l8
[0.954s] Invoking command in '/home/faith/Work/carto_ws/build/orbbec_description': CMAKE_PREFIX_PATH=${CMAKE_PREFIX_PATH}:/home/faith/Work/carto_ws/install/fishbot_description:/opt/ros/humble /usr/bin/cmake --install /home/faith/Work/carto_ws/build/orbbec_description
[0.980s] -- Install configuration: "Release"
[0.981s] -- Up-to-date: /home/faith/Work/carto_ws/install/orbbec_description/share/ament_index/resource_index/package_run_dependencies/orbbec_description
[0.981s] -- Up-to-date: /home/faith/Work/carto_ws/install/orbbec_description/share/ament_index/resource_index/parent_prefix_path/orbbec_description
[0.981s] -- Up-to-date: /home/faith/Work/carto_ws/install/orbbec_description/share/orbbec_description/environment/ament_prefix_path.sh
[0.981s] -- Up-to-date: /home/faith/Work/carto_ws/install/orbbec_description/share/orbbec_description/environment/ament_prefix_path.dsv
[0.982s] -- Up-to-date: /home/faith/Work/carto_ws/install/orbbec_description/share/orbbec_description/environment/path.sh
[0.982s] -- Up-to-date: /home/faith/Work/carto_ws/install/orbbec_description/share/orbbec_description/environment/path.dsv
[0.982s] -- Up-to-date: /home/faith/Work/carto_ws/install/orbbec_description/share/orbbec_description/local_setup.bash
[0.982s] -- Up-to-date: /home/faith/Work/carto_ws/install/orbbec_description/share/orbbec_description/local_setup.sh
[0.982s] -- Up-to-date: /home/faith/Work/carto_ws/install/orbbec_description/share/orbbec_description/local_setup.zsh
[0.983s] -- Up-to-date: /home/faith/Work/carto_ws/install/orbbec_description/share/orbbec_description/local_setup.dsv
[0.983s] -- Installing: /home/faith/Work/carto_ws/install/orbbec_description/share/orbbec_description/package.dsv
[0.984s] -- Up-to-date: /home/faith/Work/carto_ws/install/orbbec_description/share/ament_index/resource_index/packages/orbbec_description
[0.985s] -- Up-to-date: /home/faith/Work/carto_ws/install/orbbec_description/share/orbbec_description/cmake/orbbec_descriptionConfig.cmake
[0.985s] -- Up-to-date: /home/faith/Work/carto_ws/install/orbbec_description/share/orbbec_description/cmake/orbbec_descriptionConfig-version.cmake
[0.985s] -- Up-to-date: /home/faith/Work/carto_ws/install/orbbec_description/share/orbbec_description/package.xml
[1.132s] Invoked command in '/home/faith/Work/carto_ws/build/orbbec_description' returned '0': CMAKE_PREFIX_PATH=${CMAKE_PREFIX_PATH}:/home/faith/Work/carto_ws/install/fishbot_description:/opt/ros/humble /usr/bin/cmake --install /home/faith/Work/carto_ws/build/orbbec_description
