[0.024s] Invoking command in '/home/faith/Work/carto_ws/build/city_w': CMAKE_PREFIX_PATH=${CMAKE_PREFIX_PATH}:/home/faith/Work/carto_ws/install/yahboomcar_description:/home/faith/Work/carto_ws/install/fishbot_description:/home/faith/Work/carto_ws/install/city_li:/opt/ros/humble /usr/bin/cmake --build /home/faith/Work/carto_ws/build/city_w -- -j8 -l8
[0.159s] [35m[1mConsolidate compiler generated dependencies of target wang2_node[0m
[0.200s] [ 50%] [32mBuilding CXX object CMakeFiles/wang2_node.dir/src/wang2.cpp.o[0m
[4.328s] [100%] [32m[1mLinking CXX executable wang2_node[0m
[4.590s] [100%] Built target wang2_node
[4.630s] Invoked command in '/home/faith/Work/carto_ws/build/city_w' returned '0': CMAKE_PREFIX_PATH=${CMAKE_PREFIX_PATH}:/home/faith/Work/carto_ws/install/yahboomcar_description:/home/faith/Work/carto_ws/install/fishbot_description:/home/faith/Work/carto_ws/install/city_li:/opt/ros/humble /usr/bin/cmake --build /home/faith/Work/carto_ws/build/city_w -- -j8 -l8
[4.729s] Invoking command in '/home/faith/Work/carto_ws/build/city_w': CMAKE_PREFIX_PATH=${CMAKE_PREFIX_PATH}:/home/faith/Work/carto_ws/install/yahboomcar_description:/home/faith/Work/carto_ws/install/fishbot_description:/home/faith/Work/carto_ws/install/city_li:/opt/ros/humble /usr/bin/cmake --install /home/faith/Work/carto_ws/build/city_w
[4.757s] -- Install configuration: ""
[4.758s] -- Up-to-date: /home/faith/Work/carto_ws/install/city_w/share/ament_index/resource_index/package_run_dependencies/city_w
[4.759s] -- Up-to-date: /home/faith/Work/carto_ws/install/city_w/share/ament_index/resource_index/parent_prefix_path/city_w
[4.759s] -- Up-to-date: /home/faith/Work/carto_ws/install/city_w/share/city_w/environment/ament_prefix_path.sh
[4.759s] -- Up-to-date: /home/faith/Work/carto_ws/install/city_w/share/city_w/environment/ament_prefix_path.dsv
[4.760s] -- Up-to-date: /home/faith/Work/carto_ws/install/city_w/share/city_w/environment/path.sh
[4.760s] -- Up-to-date: /home/faith/Work/carto_ws/install/city_w/share/city_w/environment/path.dsv
[4.761s] -- Up-to-date: /home/faith/Work/carto_ws/install/city_w/share/city_w/local_setup.bash
[4.765s] -- Up-to-date: /home/faith/Work/carto_ws/install/city_w/share/city_w/local_setup.sh
[4.766s] -- Up-to-date: /home/faith/Work/carto_ws/install/city_w/share/city_w/local_setup.zsh
[4.768s] -- Up-to-date: /home/faith/Work/carto_ws/install/city_w/share/city_w/local_setup.dsv
[4.770s] -- Installing: /home/faith/Work/carto_ws/install/city_w/share/city_w/package.dsv
[4.771s] -- Up-to-date: /home/faith/Work/carto_ws/install/city_w/share/ament_index/resource_index/packages/city_w
[4.772s] -- Up-to-date: /home/faith/Work/carto_ws/install/city_w/share/city_w/cmake/city_wConfig.cmake
[4.773s] -- Up-to-date: /home/faith/Work/carto_ws/install/city_w/share/city_w/cmake/city_wConfig-version.cmake
[4.775s] -- Up-to-date: /home/faith/Work/carto_ws/install/city_w/share/city_w/package.xml
[4.775s] -- Installing: /home/faith/Work/carto_ws/install/city_w/lib/city_w/wang2_node
[4.777s] -- Set runtime path of "/home/faith/Work/carto_ws/install/city_w/lib/city_w/wang2_node" to ""
[4.778s] Invoked command in '/home/faith/Work/carto_ws/build/city_w' returned '0': CMAKE_PREFIX_PATH=${CMAKE_PREFIX_PATH}:/home/faith/Work/carto_ws/install/yahboomcar_description:/home/faith/Work/carto_ws/install/fishbot_description:/home/faith/Work/carto_ws/install/city_li:/opt/ros/humble /usr/bin/cmake --install /home/faith/Work/carto_ws/build/city_w
