[1.569s] Invoking command in '/home/faith/Work/carto_ws/src/fishbot_description': PYTHONPATH=/home/faith/Work/carto_ws/build/fishbot_description/prefix_override:/home/faith/Work/carto_ws/install/fishbot_description/lib/python3.10/site-packages:${PYTHONPATH} /usr/bin/python3 setup.py egg_info --egg-base ../../build/fishbot_description build --build-base /home/faith/Work/carto_ws/build/fishbot_description/build install --record /home/faith/Work/carto_ws/build/fishbot_description/install.log --single-version-externally-managed
[1.886s] running egg_info
[1.887s] writing ../../build/fishbot_description/fishbot_description.egg-info/PKG-INFO
[1.889s] writing dependency_links to ../../build/fishbot_description/fishbot_description.egg-info/dependency_links.txt
[1.889s] writing entry points to ../../build/fishbot_description/fishbot_description.egg-info/entry_points.txt
[1.889s] writing requirements to ../../build/fishbot_description/fishbot_description.egg-info/requires.txt
[1.890s] writing top-level names to ../../build/fishbot_description/fishbot_description.egg-info/top_level.txt
[1.895s] reading manifest file '../../build/fishbot_description/fishbot_description.egg-info/SOURCES.txt'
[1.896s] writing manifest file '../../build/fishbot_description/fishbot_description.egg-info/SOURCES.txt'
[1.896s] running build
[1.896s] running build_py
[1.897s] running install
[1.898s] /usr/lib/python3/dist-packages/setuptools/command/install.py:34: SetuptoolsDeprecationWarning: setup.py install is deprecated. Use build and pip and other standards-based tools.
[1.898s]   warnings.warn(
[1.898s] running install_lib
[1.901s] running install_data
[1.901s] copying urdf/fishbot_base.urdf -> /home/faith/Work/carto_ws/install/fishbot_description/share/fishbot_description/urdf
[1.902s] running install_egg_info
[1.904s] removing '/home/faith/Work/carto_ws/install/fishbot_description/lib/python3.10/site-packages/fishbot_description-0.0.0-py3.10.egg-info' (and everything under it)
[1.905s] Copying ../../build/fishbot_description/fishbot_description.egg-info to /home/faith/Work/carto_ws/install/fishbot_description/lib/python3.10/site-packages/fishbot_description-0.0.0-py3.10.egg-info
[1.906s] running install_scripts
[1.943s] writing list of installed files to '/home/faith/Work/carto_ws/build/fishbot_description/install.log'
[2.031s] Invoked command in '/home/faith/Work/carto_ws/src/fishbot_description' returned '0': PYTHONPATH=/home/faith/Work/carto_ws/build/fishbot_description/prefix_override:/home/faith/Work/carto_ws/install/fishbot_description/lib/python3.10/site-packages:${PYTHONPATH} /usr/bin/python3 setup.py egg_info --egg-base ../../build/fishbot_description build --build-base /home/faith/Work/carto_ws/build/fishbot_description/build install --record /home/faith/Work/carto_ws/build/fishbot_description/install.log --single-version-externally-managed
