[0.489s] Invoking command in '/home/faith/Work/carto_ws/build/orbbec_description': CMAKE_PREFIX_PATH=${CMAKE_PREFIX_PATH}:/home/faith/Work/carto_ws/install/fishbot_description:/opt/ros/humble /usr/bin/cmake /home/faith/Work/carto_ws/src/OrbbecSDK_ROS2/orbbec_description -DCMAKE_INSTALL_PREFIX=/home/faith/Work/carto_ws/install/orbbec_description
[0.538s] -- Found ament_cmake: 1.3.5 (/opt/ros/humble/share/ament_cmake/cmake)
[1.045s] -- Found ament_lint_auto: 0.12.6 (/opt/ros/humble/share/ament_lint_auto/cmake)
[1.208s] -- Added test 'copyright' to check source files copyright and LICENSE
[1.217s] -- Added test 'lint_cmake' to check CMake code style
[1.222s] -- Added test 'xmllint' to check XML markup files
[1.226s] -- Configuring done
[1.241s] -- Generating done
[1.246s] -- Build files have been written to: /home/faith/Work/carto_ws/build/orbbec_description
[1.262s] Invoked command in '/home/faith/Work/carto_ws/build/orbbec_description' returned '0': CMAKE_PREFIX_PATH=${CMAKE_PREFIX_PATH}:/home/faith/Work/carto_ws/install/fishbot_description:/opt/ros/humble /usr/bin/cmake /home/faith/Work/carto_ws/src/OrbbecSDK_ROS2/orbbec_description -DCMAKE_INSTALL_PREFIX=/home/faith/Work/carto_ws/install/orbbec_description
[1.268s] Invoking command in '/home/faith/Work/carto_ws/build/orbbec_description': CMAKE_PREFIX_PATH=${CMAKE_PREFIX_PATH}:/home/faith/Work/carto_ws/install/fishbot_description:/opt/ros/humble /usr/bin/cmake --build /home/faith/Work/carto_ws/build/orbbec_description -- -j8 -l8
[1.358s] Invoked command in '/home/faith/Work/carto_ws/build/orbbec_description' returned '0': CMAKE_PREFIX_PATH=${CMAKE_PREFIX_PATH}:/home/faith/Work/carto_ws/install/fishbot_description:/opt/ros/humble /usr/bin/cmake --build /home/faith/Work/carto_ws/build/orbbec_description -- -j8 -l8
[1.442s] Invoking command in '/home/faith/Work/carto_ws/build/orbbec_description': CMAKE_PREFIX_PATH=${CMAKE_PREFIX_PATH}:/home/faith/Work/carto_ws/install/fishbot_description:/opt/ros/humble /usr/bin/cmake --install /home/faith/Work/carto_ws/build/orbbec_description
[1.682s] -- Install configuration: "Release"
[1.683s] -- Up-to-date: /home/faith/Work/carto_ws/install/orbbec_description/share/ament_index/resource_index/package_run_dependencies/orbbec_description
[1.687s] -- Installing: /home/faith/Work/carto_ws/install/orbbec_description/share/ament_index/resource_index/parent_prefix_path/orbbec_description
[1.688s] -- Up-to-date: /home/faith/Work/carto_ws/install/orbbec_description/share/orbbec_description/environment/ament_prefix_path.sh
[1.694s] -- Installing: /home/faith/Work/carto_ws/install/orbbec_description/share/orbbec_description/environment/ament_prefix_path.dsv
[1.707s] -- Up-to-date: /home/faith/Work/carto_ws/install/orbbec_description/share/orbbec_description/environment/path.sh
[1.709s] -- Installing: /home/faith/Work/carto_ws/install/orbbec_description/share/orbbec_description/environment/path.dsv
[1.711s] -- Up-to-date: /home/faith/Work/carto_ws/install/orbbec_description/share/orbbec_description/local_setup.bash
[1.712s] -- Up-to-date: /home/faith/Work/carto_ws/install/orbbec_description/share/orbbec_description/local_setup.sh
[1.712s] -- Up-to-date: /home/faith/Work/carto_ws/install/orbbec_description/share/orbbec_description/local_setup.zsh
[1.714s] -- Installing: /home/faith/Work/carto_ws/install/orbbec_description/share/orbbec_description/local_setup.dsv
[1.715s] -- Installing: /home/faith/Work/carto_ws/install/orbbec_description/share/orbbec_description/package.dsv
[1.716s] -- Up-to-date: /home/faith/Work/carto_ws/install/orbbec_description/share/ament_index/resource_index/packages/orbbec_description
[1.716s] -- Up-to-date: /home/faith/Work/carto_ws/install/orbbec_description/share/orbbec_description/cmake/orbbec_descriptionConfig.cmake
[1.718s] -- Up-to-date: /home/faith/Work/carto_ws/install/orbbec_description/share/orbbec_description/cmake/orbbec_descriptionConfig-version.cmake
[1.719s] -- Up-to-date: /home/faith/Work/carto_ws/install/orbbec_description/share/orbbec_description/package.xml
[1.753s] Invoked command in '/home/faith/Work/carto_ws/build/orbbec_description' returned '0': CMAKE_PREFIX_PATH=${CMAKE_PREFIX_PATH}:/home/faith/Work/carto_ws/install/fishbot_description:/opt/ros/humble /usr/bin/cmake --install /home/faith/Work/carto_ws/build/orbbec_description
