[0.115s] Invoking command in '/home/faith/Work/carto_ws/build/astra_camera_msgs': CMAKE_PREFIX_PATH=${CMAKE_PREFIX_PATH}:/home/faith/Work/carto_ws/install/fishbot_description:/opt/ros/humble /usr/bin/cmake /home/faith/Work/carto_ws/src/ros2_astra_camera/astra_camera_msgs -DCMAKE_BUILD_TYPE=Release -DCMAKE_INSTALL_PREFIX=/home/faith/Work/carto_ws/install/astra_camera_msgs
[0.630s] -- Found ament_cmake: 1.3.5 (/opt/ros/humble/share/ament_cmake/cmake)
[0.630s] -- Found rosidl_default_generators: 1.2.0 (/opt/ros/humble/share/rosidl_default_generators/cmake)
[0.631s] -- Using all available rosidl_typesupport_c: rosidl_typesupport_fastrtps_c;rosidl_typesupport_introspection_c
[0.631s] -- Found rosidl_adapter: 3.1.4 (/opt/ros/humble/share/rosidl_adapter/cmake)
[0.632s] -- Using all available rosidl_typesupport_cpp: rosidl_typesupport_fastrtps_cpp;rosidl_typesupport_introspection_cpp
[0.641s] -- Found sensor_msgs: 4.2.3 (/opt/ros/humble/share/sensor_msgs/cmake)
[1.702s] -- Found ament_cmake_ros: 0.10.0 (/opt/ros/humble/share/ament_cmake_ros/cmake)
[2.530s] -- Using all available rosidl_typesupport_c: rosidl_typesupport_fastrtps_c;rosidl_typesupport_introspection_c
[3.445s] -- Using all available rosidl_typesupport_cpp: rosidl_typesupport_fastrtps_cpp;rosidl_typesupport_introspection_cpp
[3.495s] -- Found python_cmake_module: 0.10.0 (/opt/ros/humble/share/python_cmake_module/cmake)
[3.552s] -- Using PYTHON_EXECUTABLE: /usr/bin/python3
[3.552s] -- Using PYTHON_INCLUDE_DIRS: /usr/include/python3.10
[3.553s] -- Using PYTHON_LIBRARIES: /usr/lib/aarch64-linux-gnu/libpython3.10.so
[3.656s] -- Found ament_lint_auto: 0.12.6 (/opt/ros/humble/share/ament_lint_auto/cmake)
[3.667s] -- Added test 'copyright' to check source files copyright and LICENSE
[3.670s] -- Added test 'lint_cmake' to check CMake code style
[3.671s] -- Added test 'xmllint' to check XML markup files
[3.673s] -- Configuring done
[3.768s] -- Generating done
[3.778s] -- Build files have been written to: /home/faith/Work/carto_ws/build/astra_camera_msgs
[3.798s] Invoked command in '/home/faith/Work/carto_ws/build/astra_camera_msgs' returned '0': CMAKE_PREFIX_PATH=${CMAKE_PREFIX_PATH}:/home/faith/Work/carto_ws/install/fishbot_description:/opt/ros/humble /usr/bin/cmake /home/faith/Work/carto_ws/src/ros2_astra_camera/astra_camera_msgs -DCMAKE_BUILD_TYPE=Release -DCMAKE_INSTALL_PREFIX=/home/faith/Work/carto_ws/install/astra_camera_msgs
[3.806s] Invoking command in '/home/faith/Work/carto_ws/build/astra_camera_msgs': CMAKE_PREFIX_PATH=${CMAKE_PREFIX_PATH}:/home/faith/Work/carto_ws/install/fishbot_description:/opt/ros/humble /usr/bin/cmake --build /home/faith/Work/carto_ws/build/astra_camera_msgs -- -j8 -l8
[3.922s] [35m[1mConsolidate compiler generated dependencies of target astra_camera_msgs__rosidl_generator_c[0m
[3.937s] [  0%] Built target ament_cmake_python_copy_astra_camera_msgs
[3.952s] [  1%] Built target astra_camera_msgs__cpp
[3.953s] [ 12%] Built target astra_camera_msgs__rosidl_generator_c
[3.974s] [35m[1mConsolidate compiler generated dependencies of target astra_camera_msgs__rosidl_typesupport_c[0m
[3.979s] [35m[1mConsolidate compiler generated dependencies of target astra_camera_msgs__rosidl_typesupport_introspection_cpp[0m
[3.997s] [35m[1mConsolidate compiler generated dependencies of target astra_camera_msgs__rosidl_typesupport_introspection_c[0m
[3.999s] [ 24%] Built target astra_camera_msgs__rosidl_typesupport_c
[4.003s] [35m[1mConsolidate compiler generated dependencies of target astra_camera_msgs__rosidl_typesupport_fastrtps_cpp[0m
[4.008s] [35m[1mConsolidate compiler generated dependencies of target astra_camera_msgs__rosidl_typesupport_fastrtps_c[0m
[4.028s] [ 35%] Built target astra_camera_msgs__rosidl_typesupport_introspection_cpp
[4.046s] [35m[1mConsolidate compiler generated dependencies of target astra_camera_msgs__rosidl_typesupport_cpp[0m
[4.047s] [ 47%] Built target astra_camera_msgs__rosidl_typesupport_fastrtps_c
[4.047s] [ 58%] Built target astra_camera_msgs__rosidl_typesupport_introspection_c
[4.060s] [ 70%] Built target astra_camera_msgs__rosidl_typesupport_fastrtps_cpp
[4.115s] [ 82%] Built target astra_camera_msgs__rosidl_typesupport_cpp
[4.186s] [ 82%] Built target astra_camera_msgs
[4.242s] [ 83%] Built target astra_camera_msgs__py
[4.286s] [35m[1mConsolidate compiler generated dependencies of target astra_camera_msgs__rosidl_generator_py[0m
[4.336s] running egg_info
[4.338s] writing astra_camera_msgs.egg-info/PKG-INFO
[4.338s] writing dependency_links to astra_camera_msgs.egg-info/dependency_links.txt
[4.338s] writing top-level names to astra_camera_msgs.egg-info/top_level.txt
[4.341s] [ 93%] Built target astra_camera_msgs__rosidl_generator_py
[4.342s] reading manifest file 'astra_camera_msgs.egg-info/SOURCES.txt'
[4.343s] writing manifest file 'astra_camera_msgs.egg-info/SOURCES.txt'
[4.361s] [35m[1mConsolidate compiler generated dependencies of target astra_camera_msgs__rosidl_typesupport_fastrtps_c__pyext[0m
[4.370s] [35m[1mConsolidate compiler generated dependencies of target astra_camera_msgs__rosidl_typesupport_c__pyext[0m
[4.382s] [ 95%] Built target astra_camera_msgs__rosidl_typesupport_fastrtps_c__pyext
[4.386s] [35m[1mConsolidate compiler generated dependencies of target astra_camera_msgs__rosidl_typesupport_introspection_c__pyext[0m
[4.392s] [ 97%] Built target astra_camera_msgs__rosidl_typesupport_c__pyext
[4.415s] [ 97%] Built target ament_cmake_python_build_astra_camera_msgs_egg
[4.425s] [100%] Built target astra_camera_msgs__rosidl_typesupport_introspection_c__pyext
[4.445s] Invoked command in '/home/faith/Work/carto_ws/build/astra_camera_msgs' returned '0': CMAKE_PREFIX_PATH=${CMAKE_PREFIX_PATH}:/home/faith/Work/carto_ws/install/fishbot_description:/opt/ros/humble /usr/bin/cmake --build /home/faith/Work/carto_ws/build/astra_camera_msgs -- -j8 -l8
[4.817s] Invoking command in '/home/faith/Work/carto_ws/build/astra_camera_msgs': CMAKE_PREFIX_PATH=${CMAKE_PREFIX_PATH}:/home/faith/Work/carto_ws/install/fishbot_description:/opt/ros/humble /usr/bin/cmake --install /home/faith/Work/carto_ws/build/astra_camera_msgs
[4.827s] -- Install configuration: "Release"
[4.828s] -- Up-to-date: /home/faith/Work/carto_ws/install/astra_camera_msgs/share/ament_index/resource_index/rosidl_interfaces/astra_camera_msgs
[4.829s] -- Up-to-date: /home/faith/Work/carto_ws/install/astra_camera_msgs/include/astra_camera_msgs/astra_camera_msgs
[4.830s] -- Up-to-date: /home/faith/Work/carto_ws/install/astra_camera_msgs/include/astra_camera_msgs/astra_camera_msgs/srv
[4.831s] -- Up-to-date: /home/faith/Work/carto_ws/install/astra_camera_msgs/include/astra_camera_msgs/astra_camera_msgs/srv/get_device_info.h
[4.832s] -- Up-to-date: /home/faith/Work/carto_ws/install/astra_camera_msgs/include/astra_camera_msgs/astra_camera_msgs/srv/set_int32.h
[4.832s] -- Up-to-date: /home/faith/Work/carto_ws/install/astra_camera_msgs/include/astra_camera_msgs/astra_camera_msgs/srv/get_camera_info.h
[4.833s] -- Up-to-date: /home/faith/Work/carto_ws/install/astra_camera_msgs/include/astra_camera_msgs/astra_camera_msgs/srv/detail
[4.834s] -- Up-to-date: /home/faith/Work/carto_ws/install/astra_camera_msgs/include/astra_camera_msgs/astra_camera_msgs/srv/detail/get_string__functions.c
[4.835s] -- Up-to-date: /home/faith/Work/carto_ws/install/astra_camera_msgs/include/astra_camera_msgs/astra_camera_msgs/srv/detail/get_device_info__type_support.h
[4.836s] -- Up-to-date: /home/faith/Work/carto_ws/install/astra_camera_msgs/include/astra_camera_msgs/astra_camera_msgs/srv/detail/set_int32__functions.h
[4.837s] -- Up-to-date: /home/faith/Work/carto_ws/install/astra_camera_msgs/include/astra_camera_msgs/astra_camera_msgs/srv/detail/get_camera_info__functions.c
[4.838s] -- Up-to-date: /home/faith/Work/carto_ws/install/astra_camera_msgs/include/astra_camera_msgs/astra_camera_msgs/srv/detail/get_camera_params__functions.c
[4.838s] -- Up-to-date: /home/faith/Work/carto_ws/install/astra_camera_msgs/include/astra_camera_msgs/astra_camera_msgs/srv/detail/get_camera_info__type_support.h
[4.839s] -- Up-to-date: /home/faith/Work/carto_ws/install/astra_camera_msgs/include/astra_camera_msgs/astra_camera_msgs/srv/detail/get_camera_params__functions.h
[4.839s] -- Up-to-date: /home/faith/Work/carto_ws/install/astra_camera_msgs/include/astra_camera_msgs/astra_camera_msgs/srv/detail/get_camera_info__struct.h
[4.840s] -- Up-to-date: /home/faith/Work/carto_ws/install/astra_camera_msgs/include/astra_camera_msgs/astra_camera_msgs/srv/detail/get_camera_params__type_support.h
[4.840s] -- Up-to-date: /home/faith/Work/carto_ws/install/astra_camera_msgs/include/astra_camera_msgs/astra_camera_msgs/srv/detail/set_int32__type_support.h
[4.841s] -- Up-to-date: /home/faith/Work/carto_ws/install/astra_camera_msgs/include/astra_camera_msgs/astra_camera_msgs/srv/detail/get_int32__functions.c
[4.841s] -- Up-to-date: /home/faith/Work/carto_ws/install/astra_camera_msgs/include/astra_camera_msgs/astra_camera_msgs/srv/detail/get_string__functions.h
[4.842s] -- Up-to-date: /home/faith/Work/carto_ws/install/astra_camera_msgs/include/astra_camera_msgs/astra_camera_msgs/srv/detail/get_string__struct.h
[4.842s] -- Up-to-date: /home/faith/Work/carto_ws/install/astra_camera_msgs/include/astra_camera_msgs/astra_camera_msgs/srv/detail/get_int32__functions.h
[4.843s] -- Up-to-date: /home/faith/Work/carto_ws/install/astra_camera_msgs/include/astra_camera_msgs/astra_camera_msgs/srv/detail/get_camera_params__struct.h
[4.843s] -- Up-to-date: /home/faith/Work/carto_ws/install/astra_camera_msgs/include/astra_camera_msgs/astra_camera_msgs/srv/detail/get_int32__type_support.h
[4.844s] -- Up-to-date: /home/faith/Work/carto_ws/install/astra_camera_msgs/include/astra_camera_msgs/astra_camera_msgs/srv/detail/get_string__type_support.h
[4.844s] -- Up-to-date: /home/faith/Work/carto_ws/install/astra_camera_msgs/include/astra_camera_msgs/astra_camera_msgs/srv/detail/get_device_info__functions.h
[4.845s] -- Up-to-date: /home/faith/Work/carto_ws/install/astra_camera_msgs/include/astra_camera_msgs/astra_camera_msgs/srv/detail/set_int32__functions.c
[4.846s] -- Up-to-date: /home/faith/Work/carto_ws/install/astra_camera_msgs/include/astra_camera_msgs/astra_camera_msgs/srv/detail/get_int32__struct.h
[4.847s] -- Up-to-date: /home/faith/Work/carto_ws/install/astra_camera_msgs/include/astra_camera_msgs/astra_camera_msgs/srv/detail/get_device_info__struct.h
[4.847s] -- Up-to-date: /home/faith/Work/carto_ws/install/astra_camera_msgs/include/astra_camera_msgs/astra_camera_msgs/srv/detail/get_device_info__functions.c
[4.848s] -- Up-to-date: /home/faith/Work/carto_ws/install/astra_camera_msgs/include/astra_camera_msgs/astra_camera_msgs/srv/detail/get_camera_info__functions.h
[4.849s] -- Up-to-date: /home/faith/Work/carto_ws/install/astra_camera_msgs/include/astra_camera_msgs/astra_camera_msgs/srv/detail/set_int32__struct.h
[4.849s] -- Up-to-date: /home/faith/Work/carto_ws/install/astra_camera_msgs/include/astra_camera_msgs/astra_camera_msgs/srv/get_string.h
[4.850s] -- Up-to-date: /home/faith/Work/carto_ws/install/astra_camera_msgs/include/astra_camera_msgs/astra_camera_msgs/srv/get_camera_params.h
[4.850s] -- Up-to-date: /home/faith/Work/carto_ws/install/astra_camera_msgs/include/astra_camera_msgs/astra_camera_msgs/srv/get_int32.h
[4.851s] -- Up-to-date: /home/faith/Work/carto_ws/install/astra_camera_msgs/include/astra_camera_msgs/astra_camera_msgs/msg
[4.851s] -- Up-to-date: /home/faith/Work/carto_ws/install/astra_camera_msgs/include/astra_camera_msgs/astra_camera_msgs/msg/detail
[4.852s] -- Up-to-date: /home/faith/Work/carto_ws/install/astra_camera_msgs/include/astra_camera_msgs/astra_camera_msgs/msg/detail/extrinsics__functions.c
[4.853s] -- Up-to-date: /home/faith/Work/carto_ws/install/astra_camera_msgs/include/astra_camera_msgs/astra_camera_msgs/msg/detail/metadata__functions.c
[4.854s] -- Up-to-date: /home/faith/Work/carto_ws/install/astra_camera_msgs/include/astra_camera_msgs/astra_camera_msgs/msg/detail/extrinsics__functions.h
[4.855s] -- Up-to-date: /home/faith/Work/carto_ws/install/astra_camera_msgs/include/astra_camera_msgs/astra_camera_msgs/msg/detail/device_info__functions.c
[4.855s] -- Up-to-date: /home/faith/Work/carto_ws/install/astra_camera_msgs/include/astra_camera_msgs/astra_camera_msgs/msg/detail/metadata__type_support.h
[4.855s] -- Up-to-date: /home/faith/Work/carto_ws/install/astra_camera_msgs/include/astra_camera_msgs/astra_camera_msgs/msg/detail/metadata__struct.h
[4.855s] -- Up-to-date: /home/faith/Work/carto_ws/install/astra_camera_msgs/include/astra_camera_msgs/astra_camera_msgs/msg/detail/extrinsics__type_support.h
[4.856s] -- Up-to-date: /home/faith/Work/carto_ws/install/astra_camera_msgs/include/astra_camera_msgs/astra_camera_msgs/msg/detail/metadata__functions.h
[4.856s] -- Up-to-date: /home/faith/Work/carto_ws/install/astra_camera_msgs/include/astra_camera_msgs/astra_camera_msgs/msg/detail/device_info__functions.h
[4.856s] -- Up-to-date: /home/faith/Work/carto_ws/install/astra_camera_msgs/include/astra_camera_msgs/astra_camera_msgs/msg/detail/device_info__type_support.h
[4.856s] -- Up-to-date: /home/faith/Work/carto_ws/install/astra_camera_msgs/include/astra_camera_msgs/astra_camera_msgs/msg/detail/extrinsics__struct.h
[4.856s] -- Up-to-date: /home/faith/Work/carto_ws/install/astra_camera_msgs/include/astra_camera_msgs/astra_camera_msgs/msg/detail/device_info__struct.h
[4.856s] -- Up-to-date: /home/faith/Work/carto_ws/install/astra_camera_msgs/include/astra_camera_msgs/astra_camera_msgs/msg/device_info.h
[4.856s] -- Up-to-date: /home/faith/Work/carto_ws/install/astra_camera_msgs/include/astra_camera_msgs/astra_camera_msgs/msg/rosidl_generator_c__visibility_control.h
[4.856s] -- Up-to-date: /home/faith/Work/carto_ws/install/astra_camera_msgs/include/astra_camera_msgs/astra_camera_msgs/msg/metadata.h
[4.856s] -- Up-to-date: /home/faith/Work/carto_ws/install/astra_camera_msgs/include/astra_camera_msgs/astra_camera_msgs/msg/extrinsics.h
[4.856s] -- Up-to-date: /home/faith/Work/carto_ws/install/astra_camera_msgs/share/astra_camera_msgs/environment/library_path.sh
[4.857s] -- Installing: /home/faith/Work/carto_ws/install/astra_camera_msgs/share/astra_camera_msgs/environment/library_path.dsv
[4.857s] -- Up-to-date: /home/faith/Work/carto_ws/install/astra_camera_msgs/lib/libastra_camera_msgs__rosidl_generator_c.so
[4.857s] -- Up-to-date: /home/faith/Work/carto_ws/install/astra_camera_msgs/include/astra_camera_msgs/astra_camera_msgs
[4.857s] -- Up-to-date: /home/faith/Work/carto_ws/install/astra_camera_msgs/include/astra_camera_msgs/astra_camera_msgs/srv
[4.857s] -- Up-to-date: /home/faith/Work/carto_ws/install/astra_camera_msgs/include/astra_camera_msgs/astra_camera_msgs/srv/detail
[4.857s] -- Up-to-date: /home/faith/Work/carto_ws/install/astra_camera_msgs/include/astra_camera_msgs/astra_camera_msgs/srv/detail/get_device_info__rosidl_typesupport_fastrtps_c.h
[4.857s] -- Up-to-date: /home/faith/Work/carto_ws/install/astra_camera_msgs/include/astra_camera_msgs/astra_camera_msgs/srv/detail/set_int32__rosidl_typesupport_fastrtps_c.h
[4.858s] -- Up-to-date: /home/faith/Work/carto_ws/install/astra_camera_msgs/include/astra_camera_msgs/astra_camera_msgs/srv/detail/get_string__rosidl_typesupport_fastrtps_c.h
[4.858s] -- Up-to-date: /home/faith/Work/carto_ws/install/astra_camera_msgs/include/astra_camera_msgs/astra_camera_msgs/srv/detail/get_int32__rosidl_typesupport_fastrtps_c.h
[4.859s] -- Up-to-date: /home/faith/Work/carto_ws/install/astra_camera_msgs/include/astra_camera_msgs/astra_camera_msgs/srv/detail/get_camera_info__rosidl_typesupport_fastrtps_c.h
[4.860s] -- Up-to-date: /home/faith/Work/carto_ws/install/astra_camera_msgs/include/astra_camera_msgs/astra_camera_msgs/srv/detail/get_camera_params__rosidl_typesupport_fastrtps_c.h
[4.860s] -- Up-to-date: /home/faith/Work/carto_ws/install/astra_camera_msgs/include/astra_camera_msgs/astra_camera_msgs/msg
[4.861s] -- Up-to-date: /home/faith/Work/carto_ws/install/astra_camera_msgs/include/astra_camera_msgs/astra_camera_msgs/msg/detail
[4.861s] -- Up-to-date: /home/faith/Work/carto_ws/install/astra_camera_msgs/include/astra_camera_msgs/astra_camera_msgs/msg/detail/metadata__rosidl_typesupport_fastrtps_c.h
[4.862s] -- Up-to-date: /home/faith/Work/carto_ws/install/astra_camera_msgs/include/astra_camera_msgs/astra_camera_msgs/msg/detail/extrinsics__rosidl_typesupport_fastrtps_c.h
[4.863s] -- Up-to-date: /home/faith/Work/carto_ws/install/astra_camera_msgs/include/astra_camera_msgs/astra_camera_msgs/msg/detail/device_info__rosidl_typesupport_fastrtps_c.h
[4.863s] -- Up-to-date: /home/faith/Work/carto_ws/install/astra_camera_msgs/include/astra_camera_msgs/astra_camera_msgs/msg/rosidl_typesupport_fastrtps_c__visibility_control.h
[4.864s] -- Up-to-date: /home/faith/Work/carto_ws/install/astra_camera_msgs/lib/libastra_camera_msgs__rosidl_typesupport_fastrtps_c.so
[4.864s] -- Up-to-date: /home/faith/Work/carto_ws/install/astra_camera_msgs/include/astra_camera_msgs/astra_camera_msgs
[4.865s] -- Up-to-date: /home/faith/Work/carto_ws/install/astra_camera_msgs/include/astra_camera_msgs/astra_camera_msgs/srv
[4.865s] -- Up-to-date: /home/faith/Work/carto_ws/install/astra_camera_msgs/include/astra_camera_msgs/astra_camera_msgs/srv/detail
[4.866s] -- Up-to-date: /home/faith/Work/carto_ws/install/astra_camera_msgs/include/astra_camera_msgs/astra_camera_msgs/srv/detail/get_camera_info__type_support.c
[4.866s] -- Up-to-date: /home/faith/Work/carto_ws/install/astra_camera_msgs/include/astra_camera_msgs/astra_camera_msgs/srv/detail/get_int32__type_support.c
[4.867s] -- Up-to-date: /home/faith/Work/carto_ws/install/astra_camera_msgs/include/astra_camera_msgs/astra_camera_msgs/srv/detail/get_camera_params__type_support.c
[4.867s] -- Up-to-date: /home/faith/Work/carto_ws/install/astra_camera_msgs/include/astra_camera_msgs/astra_camera_msgs/srv/detail/get_device_info__rosidl_typesupport_introspection_c.h
[4.868s] -- Up-to-date: /home/faith/Work/carto_ws/install/astra_camera_msgs/include/astra_camera_msgs/astra_camera_msgs/srv/detail/get_camera_info__rosidl_typesupport_introspection_c.h
[4.868s] -- Up-to-date: /home/faith/Work/carto_ws/install/astra_camera_msgs/include/astra_camera_msgs/astra_camera_msgs/srv/detail/get_string__type_support.c
[4.869s] -- Up-to-date: /home/faith/Work/carto_ws/install/astra_camera_msgs/include/astra_camera_msgs/astra_camera_msgs/srv/detail/get_string__rosidl_typesupport_introspection_c.h
[4.870s] -- Up-to-date: /home/faith/Work/carto_ws/install/astra_camera_msgs/include/astra_camera_msgs/astra_camera_msgs/srv/detail/get_camera_params__rosidl_typesupport_introspection_c.h
[4.871s] -- Up-to-date: /home/faith/Work/carto_ws/install/astra_camera_msgs/include/astra_camera_msgs/astra_camera_msgs/srv/detail/get_int32__rosidl_typesupport_introspection_c.h
[4.874s] -- Up-to-date: /home/faith/Work/carto_ws/install/astra_camera_msgs/include/astra_camera_msgs/astra_camera_msgs/srv/detail/set_int32__type_support.c
[4.876s] -- Up-to-date: /home/faith/Work/carto_ws/install/astra_camera_msgs/include/astra_camera_msgs/astra_camera_msgs/srv/detail/set_int32__rosidl_typesupport_introspection_c.h
[4.878s] -- Up-to-date: /home/faith/Work/carto_ws/install/astra_camera_msgs/include/astra_camera_msgs/astra_camera_msgs/srv/detail/get_device_info__type_support.c
[4.879s] -- Up-to-date: /home/faith/Work/carto_ws/install/astra_camera_msgs/include/astra_camera_msgs/astra_camera_msgs/msg
[4.880s] -- Up-to-date: /home/faith/Work/carto_ws/install/astra_camera_msgs/include/astra_camera_msgs/astra_camera_msgs/msg/detail
[4.880s] -- Up-to-date: /home/faith/Work/carto_ws/install/astra_camera_msgs/include/astra_camera_msgs/astra_camera_msgs/msg/detail/device_info__rosidl_typesupport_introspection_c.h
[4.881s] -- Up-to-date: /home/faith/Work/carto_ws/install/astra_camera_msgs/include/astra_camera_msgs/astra_camera_msgs/msg/detail/extrinsics__rosidl_typesupport_introspection_c.h
[4.881s] -- Up-to-date: /home/faith/Work/carto_ws/install/astra_camera_msgs/include/astra_camera_msgs/astra_camera_msgs/msg/detail/metadata__rosidl_typesupport_introspection_c.h
[4.882s] -- Up-to-date: /home/faith/Work/carto_ws/install/astra_camera_msgs/include/astra_camera_msgs/astra_camera_msgs/msg/detail/device_info__type_support.c
[4.882s] -- Up-to-date: /home/faith/Work/carto_ws/install/astra_camera_msgs/include/astra_camera_msgs/astra_camera_msgs/msg/detail/metadata__type_support.c
[4.883s] -- Up-to-date: /home/faith/Work/carto_ws/install/astra_camera_msgs/include/astra_camera_msgs/astra_camera_msgs/msg/detail/extrinsics__type_support.c
[4.883s] -- Up-to-date: /home/faith/Work/carto_ws/install/astra_camera_msgs/include/astra_camera_msgs/astra_camera_msgs/msg/rosidl_typesupport_introspection_c__visibility_control.h
[4.883s] -- Up-to-date: /home/faith/Work/carto_ws/install/astra_camera_msgs/lib/libastra_camera_msgs__rosidl_typesupport_introspection_c.so
[4.884s] -- Up-to-date: /home/faith/Work/carto_ws/install/astra_camera_msgs/lib/libastra_camera_msgs__rosidl_typesupport_c.so
[4.884s] -- Up-to-date: /home/faith/Work/carto_ws/install/astra_camera_msgs/include/astra_camera_msgs/astra_camera_msgs
[4.885s] -- Up-to-date: /home/faith/Work/carto_ws/install/astra_camera_msgs/include/astra_camera_msgs/astra_camera_msgs/srv
[4.885s] -- Up-to-date: /home/faith/Work/carto_ws/install/astra_camera_msgs/include/astra_camera_msgs/astra_camera_msgs/srv/detail
[4.886s] -- Up-to-date: /home/faith/Work/carto_ws/install/astra_camera_msgs/include/astra_camera_msgs/astra_camera_msgs/srv/detail/get_string__traits.hpp
[4.886s] -- Up-to-date: /home/faith/Work/carto_ws/install/astra_camera_msgs/include/astra_camera_msgs/astra_camera_msgs/srv/detail/get_int32__traits.hpp
[4.886s] -- Up-to-date: /home/faith/Work/carto_ws/install/astra_camera_msgs/include/astra_camera_msgs/astra_camera_msgs/srv/detail/get_string__builder.hpp
[4.887s] -- Up-to-date: /home/faith/Work/carto_ws/install/astra_camera_msgs/include/astra_camera_msgs/astra_camera_msgs/srv/detail/get_camera_params__builder.hpp
[4.887s] -- Up-to-date: /home/faith/Work/carto_ws/install/astra_camera_msgs/include/astra_camera_msgs/astra_camera_msgs/srv/detail/get_camera_info__traits.hpp
[4.888s] -- Up-to-date: /home/faith/Work/carto_ws/install/astra_camera_msgs/include/astra_camera_msgs/astra_camera_msgs/srv/detail/get_int32__builder.hpp
[4.888s] -- Up-to-date: /home/faith/Work/carto_ws/install/astra_camera_msgs/include/astra_camera_msgs/astra_camera_msgs/srv/detail/get_camera_params__traits.hpp
[4.889s] -- Up-to-date: /home/faith/Work/carto_ws/install/astra_camera_msgs/include/astra_camera_msgs/astra_camera_msgs/srv/detail/set_int32__builder.hpp
[4.889s] -- Up-to-date: /home/faith/Work/carto_ws/install/astra_camera_msgs/include/astra_camera_msgs/astra_camera_msgs/srv/detail/get_camera_info__struct.hpp
[4.890s] -- Up-to-date: /home/faith/Work/carto_ws/install/astra_camera_msgs/include/astra_camera_msgs/astra_camera_msgs/srv/detail/get_camera_params__struct.hpp
[4.890s] -- Up-to-date: /home/faith/Work/carto_ws/install/astra_camera_msgs/include/astra_camera_msgs/astra_camera_msgs/srv/detail/get_camera_info__builder.hpp
[4.891s] -- Up-to-date: /home/faith/Work/carto_ws/install/astra_camera_msgs/include/astra_camera_msgs/astra_camera_msgs/srv/detail/set_int32__traits.hpp
[4.891s] -- Up-to-date: /home/faith/Work/carto_ws/install/astra_camera_msgs/include/astra_camera_msgs/astra_camera_msgs/srv/detail/get_device_info__traits.hpp
[4.892s] -- Up-to-date: /home/faith/Work/carto_ws/install/astra_camera_msgs/include/astra_camera_msgs/astra_camera_msgs/srv/detail/set_int32__struct.hpp
[4.892s] -- Up-to-date: /home/faith/Work/carto_ws/install/astra_camera_msgs/include/astra_camera_msgs/astra_camera_msgs/srv/detail/get_int32__struct.hpp
[4.893s] -- Up-to-date: /home/faith/Work/carto_ws/install/astra_camera_msgs/include/astra_camera_msgs/astra_camera_msgs/srv/detail/get_string__struct.hpp
[4.893s] -- Up-to-date: /home/faith/Work/carto_ws/install/astra_camera_msgs/include/astra_camera_msgs/astra_camera_msgs/srv/detail/get_device_info__struct.hpp
[4.894s] -- Up-to-date: /home/faith/Work/carto_ws/install/astra_camera_msgs/include/astra_camera_msgs/astra_camera_msgs/srv/detail/get_device_info__builder.hpp
[4.894s] -- Up-to-date: /home/faith/Work/carto_ws/install/astra_camera_msgs/include/astra_camera_msgs/astra_camera_msgs/srv/get_camera_params.hpp
[4.895s] -- Up-to-date: /home/faith/Work/carto_ws/install/astra_camera_msgs/include/astra_camera_msgs/astra_camera_msgs/srv/get_device_info.hpp
[4.896s] -- Up-to-date: /home/faith/Work/carto_ws/install/astra_camera_msgs/include/astra_camera_msgs/astra_camera_msgs/srv/get_int32.hpp
[4.897s] -- Up-to-date: /home/faith/Work/carto_ws/install/astra_camera_msgs/include/astra_camera_msgs/astra_camera_msgs/srv/set_int32.hpp
[4.897s] -- Up-to-date: /home/faith/Work/carto_ws/install/astra_camera_msgs/include/astra_camera_msgs/astra_camera_msgs/srv/get_camera_info.hpp
[4.897s] -- Up-to-date: /home/faith/Work/carto_ws/install/astra_camera_msgs/include/astra_camera_msgs/astra_camera_msgs/srv/get_string.hpp
[4.897s] -- Up-to-date: /home/faith/Work/carto_ws/install/astra_camera_msgs/include/astra_camera_msgs/astra_camera_msgs/msg
[4.897s] -- Up-to-date: /home/faith/Work/carto_ws/install/astra_camera_msgs/include/astra_camera_msgs/astra_camera_msgs/msg/device_info.hpp
[4.898s] -- Up-to-date: /home/faith/Work/carto_ws/install/astra_camera_msgs/include/astra_camera_msgs/astra_camera_msgs/msg/detail
[4.898s] -- Up-to-date: /home/faith/Work/carto_ws/install/astra_camera_msgs/include/astra_camera_msgs/astra_camera_msgs/msg/detail/extrinsics__traits.hpp
[4.898s] -- Up-to-date: /home/faith/Work/carto_ws/install/astra_camera_msgs/include/astra_camera_msgs/astra_camera_msgs/msg/detail/metadata__struct.hpp
[4.898s] -- Up-to-date: /home/faith/Work/carto_ws/install/astra_camera_msgs/include/astra_camera_msgs/astra_camera_msgs/msg/detail/device_info__builder.hpp
[4.899s] -- Up-to-date: /home/faith/Work/carto_ws/install/astra_camera_msgs/include/astra_camera_msgs/astra_camera_msgs/msg/detail/extrinsics__builder.hpp
[4.899s] -- Up-to-date: /home/faith/Work/carto_ws/install/astra_camera_msgs/include/astra_camera_msgs/astra_camera_msgs/msg/detail/extrinsics__struct.hpp
[4.900s] -- Up-to-date: /home/faith/Work/carto_ws/install/astra_camera_msgs/include/astra_camera_msgs/astra_camera_msgs/msg/detail/device_info__traits.hpp
[4.900s] -- Up-to-date: /home/faith/Work/carto_ws/install/astra_camera_msgs/include/astra_camera_msgs/astra_camera_msgs/msg/detail/metadata__traits.hpp
[4.900s] -- Up-to-date: /home/faith/Work/carto_ws/install/astra_camera_msgs/include/astra_camera_msgs/astra_camera_msgs/msg/detail/metadata__builder.hpp
[4.900s] -- Up-to-date: /home/faith/Work/carto_ws/install/astra_camera_msgs/include/astra_camera_msgs/astra_camera_msgs/msg/detail/device_info__struct.hpp
[4.900s] -- Up-to-date: /home/faith/Work/carto_ws/install/astra_camera_msgs/include/astra_camera_msgs/astra_camera_msgs/msg/extrinsics.hpp
[4.901s] -- Up-to-date: /home/faith/Work/carto_ws/install/astra_camera_msgs/include/astra_camera_msgs/astra_camera_msgs/msg/metadata.hpp
[4.901s] -- Up-to-date: /home/faith/Work/carto_ws/install/astra_camera_msgs/include/astra_camera_msgs/astra_camera_msgs
[4.901s] -- Up-to-date: /home/faith/Work/carto_ws/install/astra_camera_msgs/include/astra_camera_msgs/astra_camera_msgs/srv
[4.902s] -- Up-to-date: /home/faith/Work/carto_ws/install/astra_camera_msgs/include/astra_camera_msgs/astra_camera_msgs/srv/detail
[4.903s] -- Up-to-date: /home/faith/Work/carto_ws/install/astra_camera_msgs/include/astra_camera_msgs/astra_camera_msgs/srv/detail/dds_fastrtps
[4.904s] -- Up-to-date: /home/faith/Work/carto_ws/install/astra_camera_msgs/include/astra_camera_msgs/astra_camera_msgs/srv/detail/get_int32__rosidl_typesupport_fastrtps_cpp.hpp
[4.906s] -- Up-to-date: /home/faith/Work/carto_ws/install/astra_camera_msgs/include/astra_camera_msgs/astra_camera_msgs/srv/detail/get_camera_info__rosidl_typesupport_fastrtps_cpp.hpp
[4.909s] -- Up-to-date: /home/faith/Work/carto_ws/install/astra_camera_msgs/include/astra_camera_msgs/astra_camera_msgs/srv/detail/get_string__rosidl_typesupport_fastrtps_cpp.hpp
[4.909s] -- Up-to-date: /home/faith/Work/carto_ws/install/astra_camera_msgs/include/astra_camera_msgs/astra_camera_msgs/srv/detail/set_int32__rosidl_typesupport_fastrtps_cpp.hpp
[4.909s] -- Up-to-date: /home/faith/Work/carto_ws/install/astra_camera_msgs/include/astra_camera_msgs/astra_camera_msgs/srv/detail/get_device_info__rosidl_typesupport_fastrtps_cpp.hpp
[4.909s] -- Up-to-date: /home/faith/Work/carto_ws/install/astra_camera_msgs/include/astra_camera_msgs/astra_camera_msgs/srv/detail/get_camera_params__rosidl_typesupport_fastrtps_cpp.hpp
[4.910s] -- Up-to-date: /home/faith/Work/carto_ws/install/astra_camera_msgs/include/astra_camera_msgs/astra_camera_msgs/msg
[4.910s] -- Up-to-date: /home/faith/Work/carto_ws/install/astra_camera_msgs/include/astra_camera_msgs/astra_camera_msgs/msg/detail
[4.910s] -- Up-to-date: /home/faith/Work/carto_ws/install/astra_camera_msgs/include/astra_camera_msgs/astra_camera_msgs/msg/detail/dds_fastrtps
[4.911s] -- Up-to-date: /home/faith/Work/carto_ws/install/astra_camera_msgs/include/astra_camera_msgs/astra_camera_msgs/msg/detail/device_info__rosidl_typesupport_fastrtps_cpp.hpp
[4.911s] -- Up-to-date: /home/faith/Work/carto_ws/install/astra_camera_msgs/include/astra_camera_msgs/astra_camera_msgs/msg/detail/extrinsics__rosidl_typesupport_fastrtps_cpp.hpp
[4.912s] -- Up-to-date: /home/faith/Work/carto_ws/install/astra_camera_msgs/include/astra_camera_msgs/astra_camera_msgs/msg/detail/metadata__rosidl_typesupport_fastrtps_cpp.hpp
[4.912s] -- Up-to-date: /home/faith/Work/carto_ws/install/astra_camera_msgs/include/astra_camera_msgs/astra_camera_msgs/msg/rosidl_typesupport_fastrtps_cpp__visibility_control.h
[4.912s] -- Up-to-date: /home/faith/Work/carto_ws/install/astra_camera_msgs/lib/libastra_camera_msgs__rosidl_typesupport_fastrtps_cpp.so
[4.913s] -- Up-to-date: /home/faith/Work/carto_ws/install/astra_camera_msgs/include/astra_camera_msgs/astra_camera_msgs
[4.914s] -- Up-to-date: /home/faith/Work/carto_ws/install/astra_camera_msgs/include/astra_camera_msgs/astra_camera_msgs/srv
[4.919s] -- Up-to-date: /home/faith/Work/carto_ws/install/astra_camera_msgs/include/astra_camera_msgs/astra_camera_msgs/srv/detail
[4.926s] -- Up-to-date: /home/faith/Work/carto_ws/install/astra_camera_msgs/include/astra_camera_msgs/astra_camera_msgs/srv/detail/set_int32__type_support.cpp
[4.926s] -- Up-to-date: /home/faith/Work/carto_ws/install/astra_camera_msgs/include/astra_camera_msgs/astra_camera_msgs/srv/detail/set_int32__rosidl_typesupport_introspection_cpp.hpp
[4.927s] -- Up-to-date: /home/faith/Work/carto_ws/install/astra_camera_msgs/include/astra_camera_msgs/astra_camera_msgs/srv/detail/get_camera_info__type_support.cpp
[4.927s] -- Up-to-date: /home/faith/Work/carto_ws/install/astra_camera_msgs/include/astra_camera_msgs/astra_camera_msgs/srv/detail/get_string__rosidl_typesupport_introspection_cpp.hpp
[4.927s] -- Up-to-date: /home/faith/Work/carto_ws/install/astra_camera_msgs/include/astra_camera_msgs/astra_camera_msgs/srv/detail/get_device_info__rosidl_typesupport_introspection_cpp.hpp
[4.927s] -- Up-to-date: /home/faith/Work/carto_ws/install/astra_camera_msgs/include/astra_camera_msgs/astra_camera_msgs/srv/detail/get_int32__type_support.cpp
[4.928s] -- Up-to-date: /home/faith/Work/carto_ws/install/astra_camera_msgs/include/astra_camera_msgs/astra_camera_msgs/srv/detail/get_string__type_support.cpp
[4.928s] -- Up-to-date: /home/faith/Work/carto_ws/install/astra_camera_msgs/include/astra_camera_msgs/astra_camera_msgs/srv/detail/get_camera_info__rosidl_typesupport_introspection_cpp.hpp
[4.928s] -- Up-to-date: /home/faith/Work/carto_ws/install/astra_camera_msgs/include/astra_camera_msgs/astra_camera_msgs/srv/detail/get_camera_params__rosidl_typesupport_introspection_cpp.hpp
[4.929s] -- Up-to-date: /home/faith/Work/carto_ws/install/astra_camera_msgs/include/astra_camera_msgs/astra_camera_msgs/srv/detail/get_camera_params__type_support.cpp
[4.929s] -- Up-to-date: /home/faith/Work/carto_ws/install/astra_camera_msgs/include/astra_camera_msgs/astra_camera_msgs/srv/detail/get_int32__rosidl_typesupport_introspection_cpp.hpp
[4.930s] -- Up-to-date: /home/faith/Work/carto_ws/install/astra_camera_msgs/include/astra_camera_msgs/astra_camera_msgs/srv/detail/get_device_info__type_support.cpp
[4.931s] -- Up-to-date: /home/faith/Work/carto_ws/install/astra_camera_msgs/include/astra_camera_msgs/astra_camera_msgs/msg
[4.932s] -- Up-to-date: /home/faith/Work/carto_ws/install/astra_camera_msgs/include/astra_camera_msgs/astra_camera_msgs/msg/detail
[4.932s] -- Up-to-date: /home/faith/Work/carto_ws/install/astra_camera_msgs/include/astra_camera_msgs/astra_camera_msgs/msg/detail/metadata__rosidl_typesupport_introspection_cpp.hpp
[4.932s] -- Up-to-date: /home/faith/Work/carto_ws/install/astra_camera_msgs/include/astra_camera_msgs/astra_camera_msgs/msg/detail/device_info__type_support.cpp
[4.932s] -- Up-to-date: /home/faith/Work/carto_ws/install/astra_camera_msgs/include/astra_camera_msgs/astra_camera_msgs/msg/detail/device_info__rosidl_typesupport_introspection_cpp.hpp
[4.932s] -- Up-to-date: /home/faith/Work/carto_ws/install/astra_camera_msgs/include/astra_camera_msgs/astra_camera_msgs/msg/detail/extrinsics__rosidl_typesupport_introspection_cpp.hpp
[4.933s] -- Up-to-date: /home/faith/Work/carto_ws/install/astra_camera_msgs/include/astra_camera_msgs/astra_camera_msgs/msg/detail/extrinsics__type_support.cpp
[4.933s] -- Up-to-date: /home/faith/Work/carto_ws/install/astra_camera_msgs/include/astra_camera_msgs/astra_camera_msgs/msg/detail/metadata__type_support.cpp
[4.933s] -- Up-to-date: /home/faith/Work/carto_ws/install/astra_camera_msgs/lib/libastra_camera_msgs__rosidl_typesupport_introspection_cpp.so
[4.933s] -- Up-to-date: /home/faith/Work/carto_ws/install/astra_camera_msgs/lib/libastra_camera_msgs__rosidl_typesupport_cpp.so
[4.933s] -- Up-to-date: /home/faith/Work/carto_ws/install/astra_camera_msgs/share/astra_camera_msgs/environment/pythonpath.sh
[4.933s] -- Installing: /home/faith/Work/carto_ws/install/astra_camera_msgs/share/astra_camera_msgs/environment/pythonpath.dsv
[4.933s] -- Up-to-date: /home/faith/Work/carto_ws/install/astra_camera_msgs/local/lib/python3.10/dist-packages/astra_camera_msgs-1.0.1-py3.10.egg-info
[4.934s] -- Installing: /home/faith/Work/carto_ws/install/astra_camera_msgs/local/lib/python3.10/dist-packages/astra_camera_msgs-1.0.1-py3.10.egg-info/SOURCES.txt
[4.934s] -- Installing: /home/faith/Work/carto_ws/install/astra_camera_msgs/local/lib/python3.10/dist-packages/astra_camera_msgs-1.0.1-py3.10.egg-info/PKG-INFO
[4.934s] -- Installing: /home/faith/Work/carto_ws/install/astra_camera_msgs/local/lib/python3.10/dist-packages/astra_camera_msgs-1.0.1-py3.10.egg-info/top_level.txt
[4.934s] -- Installing: /home/faith/Work/carto_ws/install/astra_camera_msgs/local/lib/python3.10/dist-packages/astra_camera_msgs-1.0.1-py3.10.egg-info/dependency_links.txt
[4.934s] -- Up-to-date: /home/faith/Work/carto_ws/install/astra_camera_msgs/local/lib/python3.10/dist-packages/astra_camera_msgs
[4.934s] -- Up-to-date: /home/faith/Work/carto_ws/install/astra_camera_msgs/local/lib/python3.10/dist-packages/astra_camera_msgs/_astra_camera_msgs_s.ep.rosidl_typesupport_introspection_c.c
[4.935s] -- Up-to-date: /home/faith/Work/carto_ws/install/astra_camera_msgs/local/lib/python3.10/dist-packages/astra_camera_msgs/astra_camera_msgs_s__rosidl_typesupport_introspection_c.cpython-310-aarch64-linux-gnu.so
[4.935s] -- Up-to-date: /home/faith/Work/carto_ws/install/astra_camera_msgs/local/lib/python3.10/dist-packages/astra_camera_msgs/_astra_camera_msgs_s.ep.rosidl_typesupport_c.c
[4.935s] -- Up-to-date: /home/faith/Work/carto_ws/install/astra_camera_msgs/local/lib/python3.10/dist-packages/astra_camera_msgs/srv
[4.935s] -- Up-to-date: /home/faith/Work/carto_ws/install/astra_camera_msgs/local/lib/python3.10/dist-packages/astra_camera_msgs/srv/_get_camera_info_s.c
[4.935s] -- Up-to-date: /home/faith/Work/carto_ws/install/astra_camera_msgs/local/lib/python3.10/dist-packages/astra_camera_msgs/srv/_get_string_s.c
[4.935s] -- Up-to-date: /home/faith/Work/carto_ws/install/astra_camera_msgs/local/lib/python3.10/dist-packages/astra_camera_msgs/srv/_get_camera_info.py
[4.935s] -- Up-to-date: /home/faith/Work/carto_ws/install/astra_camera_msgs/local/lib/python3.10/dist-packages/astra_camera_msgs/srv/_set_int32.py
[4.936s] -- Up-to-date: /home/faith/Work/carto_ws/install/astra_camera_msgs/local/lib/python3.10/dist-packages/astra_camera_msgs/srv/_get_camera_params_s.c
[4.936s] -- Up-to-date: /home/faith/Work/carto_ws/install/astra_camera_msgs/local/lib/python3.10/dist-packages/astra_camera_msgs/srv/_get_device_info.py
[4.936s] -- Up-to-date: /home/faith/Work/carto_ws/install/astra_camera_msgs/local/lib/python3.10/dist-packages/astra_camera_msgs/srv/_get_camera_params.py
[4.936s] -- Up-to-date: /home/faith/Work/carto_ws/install/astra_camera_msgs/local/lib/python3.10/dist-packages/astra_camera_msgs/srv/_get_device_info_s.c
[4.936s] -- Up-to-date: /home/faith/Work/carto_ws/install/astra_camera_msgs/local/lib/python3.10/dist-packages/astra_camera_msgs/srv/_get_int32_s.c
[4.937s] -- Up-to-date: /home/faith/Work/carto_ws/install/astra_camera_msgs/local/lib/python3.10/dist-packages/astra_camera_msgs/srv/_get_string.py
[4.937s] -- Up-to-date: /home/faith/Work/carto_ws/install/astra_camera_msgs/local/lib/python3.10/dist-packages/astra_camera_msgs/srv/__init__.py
[4.937s] -- Up-to-date: /home/faith/Work/carto_ws/install/astra_camera_msgs/local/lib/python3.10/dist-packages/astra_camera_msgs/srv/_set_int32_s.c
[4.937s] -- Up-to-date: /home/faith/Work/carto_ws/install/astra_camera_msgs/local/lib/python3.10/dist-packages/astra_camera_msgs/srv/_get_int32.py
[4.937s] -- Up-to-date: /home/faith/Work/carto_ws/install/astra_camera_msgs/local/lib/python3.10/dist-packages/astra_camera_msgs/astra_camera_msgs_s__rosidl_typesupport_fastrtps_c.cpython-310-aarch64-linux-gnu.so
[4.937s] -- Up-to-date: /home/faith/Work/carto_ws/install/astra_camera_msgs/local/lib/python3.10/dist-packages/astra_camera_msgs/msg
[4.937s] -- Up-to-date: /home/faith/Work/carto_ws/install/astra_camera_msgs/local/lib/python3.10/dist-packages/astra_camera_msgs/msg/_extrinsics.py
[4.938s] -- Up-to-date: /home/faith/Work/carto_ws/install/astra_camera_msgs/local/lib/python3.10/dist-packages/astra_camera_msgs/msg/_metadata_s.c
[4.938s] -- Up-to-date: /home/faith/Work/carto_ws/install/astra_camera_msgs/local/lib/python3.10/dist-packages/astra_camera_msgs/msg/_metadata.py
[4.938s] -- Up-to-date: /home/faith/Work/carto_ws/install/astra_camera_msgs/local/lib/python3.10/dist-packages/astra_camera_msgs/msg/_device_info_s.c
[4.938s] -- Up-to-date: /home/faith/Work/carto_ws/install/astra_camera_msgs/local/lib/python3.10/dist-packages/astra_camera_msgs/msg/__init__.py
[4.938s] -- Up-to-date: /home/faith/Work/carto_ws/install/astra_camera_msgs/local/lib/python3.10/dist-packages/astra_camera_msgs/msg/_device_info.py
[4.938s] -- Up-to-date: /home/faith/Work/carto_ws/install/astra_camera_msgs/local/lib/python3.10/dist-packages/astra_camera_msgs/msg/_extrinsics_s.c
[4.939s] -- Installing: /home/faith/Work/carto_ws/install/astra_camera_msgs/local/lib/python3.10/dist-packages/astra_camera_msgs/__init__.py
[4.939s] -- Up-to-date: /home/faith/Work/carto_ws/install/astra_camera_msgs/local/lib/python3.10/dist-packages/astra_camera_msgs/libastra_camera_msgs__rosidl_generator_py.so
[4.939s] -- Up-to-date: /home/faith/Work/carto_ws/install/astra_camera_msgs/local/lib/python3.10/dist-packages/astra_camera_msgs/astra_camera_msgs_s__rosidl_typesupport_c.cpython-310-aarch64-linux-gnu.so
[4.939s] -- Up-to-date: /home/faith/Work/carto_ws/install/astra_camera_msgs/local/lib/python3.10/dist-packages/astra_camera_msgs/_astra_camera_msgs_s.ep.rosidl_typesupport_fastrtps_c.c
[4.940s] Listing '/home/faith/Work/carto_ws/install/astra_camera_msgs/local/lib/python3.10/dist-packages/astra_camera_msgs'...
[4.940s] Compiling '/home/faith/Work/carto_ws/install/astra_camera_msgs/local/lib/python3.10/dist-packages/astra_camera_msgs/__init__.py'...
[4.940s] Listing '/home/faith/Work/carto_ws/install/astra_camera_msgs/local/lib/python3.10/dist-packages/astra_camera_msgs/msg'...
[4.941s] Listing '/home/faith/Work/carto_ws/install/astra_camera_msgs/local/lib/python3.10/dist-packages/astra_camera_msgs/srv'...
[4.941s] -- Up-to-date: /home/faith/Work/carto_ws/install/astra_camera_msgs/local/lib/python3.10/dist-packages/astra_camera_msgs/astra_camera_msgs_s__rosidl_typesupport_fastrtps_c.cpython-310-aarch64-linux-gnu.so
[4.941s] -- Up-to-date: /home/faith/Work/carto_ws/install/astra_camera_msgs/local/lib/python3.10/dist-packages/astra_camera_msgs/astra_camera_msgs_s__rosidl_typesupport_introspection_c.cpython-310-aarch64-linux-gnu.so
[4.941s] -- Up-to-date: /home/faith/Work/carto_ws/install/astra_camera_msgs/local/lib/python3.10/dist-packages/astra_camera_msgs/astra_camera_msgs_s__rosidl_typesupport_c.cpython-310-aarch64-linux-gnu.so
[4.941s] -- Up-to-date: /home/faith/Work/carto_ws/install/astra_camera_msgs/lib/libastra_camera_msgs__rosidl_generator_py.so
[4.942s] -- Up-to-date: /home/faith/Work/carto_ws/install/astra_camera_msgs/share/astra_camera_msgs/msg/DeviceInfo.idl
[4.944s] -- Up-to-date: /home/faith/Work/carto_ws/install/astra_camera_msgs/share/astra_camera_msgs/msg/Extrinsics.idl
[4.944s] -- Up-to-date: /home/faith/Work/carto_ws/install/astra_camera_msgs/share/astra_camera_msgs/msg/Metadata.idl
[4.945s] -- Up-to-date: /home/faith/Work/carto_ws/install/astra_camera_msgs/share/astra_camera_msgs/srv/GetDeviceInfo.idl
[4.945s] -- Up-to-date: /home/faith/Work/carto_ws/install/astra_camera_msgs/share/astra_camera_msgs/srv/GetCameraInfo.idl
[4.945s] -- Up-to-date: /home/faith/Work/carto_ws/install/astra_camera_msgs/share/astra_camera_msgs/srv/GetCameraParams.idl
[4.946s] -- Up-to-date: /home/faith/Work/carto_ws/install/astra_camera_msgs/share/astra_camera_msgs/srv/GetInt32.idl
[4.946s] -- Up-to-date: /home/faith/Work/carto_ws/install/astra_camera_msgs/share/astra_camera_msgs/srv/GetString.idl
[4.946s] -- Up-to-date: /home/faith/Work/carto_ws/install/astra_camera_msgs/share/astra_camera_msgs/srv/SetInt32.idl
[4.946s] -- Up-to-date: /home/faith/Work/carto_ws/install/astra_camera_msgs/share/astra_camera_msgs/msg/DeviceInfo.msg
[4.946s] -- Up-to-date: /home/faith/Work/carto_ws/install/astra_camera_msgs/share/astra_camera_msgs/msg/Extrinsics.msg
[4.947s] -- Up-to-date: /home/faith/Work/carto_ws/install/astra_camera_msgs/share/astra_camera_msgs/msg/Metadata.msg
[4.947s] -- Up-to-date: /home/faith/Work/carto_ws/install/astra_camera_msgs/share/astra_camera_msgs/srv/GetDeviceInfo.srv
[4.948s] -- Up-to-date: /home/faith/Work/carto_ws/install/astra_camera_msgs/share/astra_camera_msgs/srv/GetDeviceInfo_Request.msg
[4.948s] -- Up-to-date: /home/faith/Work/carto_ws/install/astra_camera_msgs/share/astra_camera_msgs/srv/GetDeviceInfo_Response.msg
[4.950s] -- Up-to-date: /home/faith/Work/carto_ws/install/astra_camera_msgs/share/astra_camera_msgs/srv/GetCameraInfo.srv
[4.951s] -- Up-to-date: /home/faith/Work/carto_ws/install/astra_camera_msgs/share/astra_camera_msgs/srv/GetCameraInfo_Request.msg
[4.951s] -- Up-to-date: /home/faith/Work/carto_ws/install/astra_camera_msgs/share/astra_camera_msgs/srv/GetCameraInfo_Response.msg
[4.951s] -- Up-to-date: /home/faith/Work/carto_ws/install/astra_camera_msgs/share/astra_camera_msgs/srv/GetCameraParams.srv
[4.951s] -- Up-to-date: /home/faith/Work/carto_ws/install/astra_camera_msgs/share/astra_camera_msgs/srv/GetCameraParams_Request.msg
[4.952s] -- Up-to-date: /home/faith/Work/carto_ws/install/astra_camera_msgs/share/astra_camera_msgs/srv/GetCameraParams_Response.msg
[4.952s] -- Up-to-date: /home/faith/Work/carto_ws/install/astra_camera_msgs/share/astra_camera_msgs/srv/GetInt32.srv
[4.952s] -- Up-to-date: /home/faith/Work/carto_ws/install/astra_camera_msgs/share/astra_camera_msgs/srv/GetInt32_Request.msg
[4.953s] -- Up-to-date: /home/faith/Work/carto_ws/install/astra_camera_msgs/share/astra_camera_msgs/srv/GetInt32_Response.msg
[4.953s] -- Up-to-date: /home/faith/Work/carto_ws/install/astra_camera_msgs/share/astra_camera_msgs/srv/GetString.srv
[4.954s] -- Up-to-date: /home/faith/Work/carto_ws/install/astra_camera_msgs/share/astra_camera_msgs/srv/GetString_Request.msg
[4.956s] -- Up-to-date: /home/faith/Work/carto_ws/install/astra_camera_msgs/share/astra_camera_msgs/srv/GetString_Response.msg
[4.956s] -- Up-to-date: /home/faith/Work/carto_ws/install/astra_camera_msgs/share/astra_camera_msgs/srv/SetInt32.srv
[4.957s] -- Up-to-date: /home/faith/Work/carto_ws/install/astra_camera_msgs/share/astra_camera_msgs/srv/SetInt32_Request.msg
[4.957s] -- Up-to-date: /home/faith/Work/carto_ws/install/astra_camera_msgs/share/astra_camera_msgs/srv/SetInt32_Response.msg
[4.957s] -- Up-to-date: /home/faith/Work/carto_ws/install/astra_camera_msgs/share/ament_index/resource_index/package_run_dependencies/astra_camera_msgs
[4.958s] -- Up-to-date: /home/faith/Work/carto_ws/install/astra_camera_msgs/share/ament_index/resource_index/parent_prefix_path/astra_camera_msgs
[4.958s] -- Up-to-date: /home/faith/Work/carto_ws/install/astra_camera_msgs/share/astra_camera_msgs/environment/ament_prefix_path.sh
[4.959s] -- Installing: /home/faith/Work/carto_ws/install/astra_camera_msgs/share/astra_camera_msgs/environment/ament_prefix_path.dsv
[4.959s] -- Up-to-date: /home/faith/Work/carto_ws/install/astra_camera_msgs/share/astra_camera_msgs/environment/path.sh
[4.959s] -- Installing: /home/faith/Work/carto_ws/install/astra_camera_msgs/share/astra_camera_msgs/environment/path.dsv
[4.959s] -- Up-to-date: /home/faith/Work/carto_ws/install/astra_camera_msgs/share/astra_camera_msgs/local_setup.bash
[4.960s] -- Up-to-date: /home/faith/Work/carto_ws/install/astra_camera_msgs/share/astra_camera_msgs/local_setup.sh
[4.960s] -- Up-to-date: /home/faith/Work/carto_ws/install/astra_camera_msgs/share/astra_camera_msgs/local_setup.zsh
[4.960s] -- Installing: /home/faith/Work/carto_ws/install/astra_camera_msgs/share/astra_camera_msgs/local_setup.dsv
[4.961s] -- Installing: /home/faith/Work/carto_ws/install/astra_camera_msgs/share/astra_camera_msgs/package.dsv
[4.961s] -- Up-to-date: /home/faith/Work/carto_ws/install/astra_camera_msgs/share/ament_index/resource_index/packages/astra_camera_msgs
[4.962s] -- Up-to-date: /home/faith/Work/carto_ws/install/astra_camera_msgs/share/astra_camera_msgs/cmake/export_astra_camera_msgs__rosidl_generator_cExport.cmake
[4.963s] -- Up-to-date: /home/faith/Work/carto_ws/install/astra_camera_msgs/share/astra_camera_msgs/cmake/export_astra_camera_msgs__rosidl_generator_cExport-release.cmake
[4.963s] -- Up-to-date: /home/faith/Work/carto_ws/install/astra_camera_msgs/share/astra_camera_msgs/cmake/export_astra_camera_msgs__rosidl_typesupport_fastrtps_cExport.cmake
[4.963s] -- Up-to-date: /home/faith/Work/carto_ws/install/astra_camera_msgs/share/astra_camera_msgs/cmake/export_astra_camera_msgs__rosidl_typesupport_fastrtps_cExport-release.cmake
[4.963s] -- Up-to-date: /home/faith/Work/carto_ws/install/astra_camera_msgs/share/astra_camera_msgs/cmake/astra_camera_msgs__rosidl_typesupport_introspection_cExport.cmake
[4.963s] -- Up-to-date: /home/faith/Work/carto_ws/install/astra_camera_msgs/share/astra_camera_msgs/cmake/astra_camera_msgs__rosidl_typesupport_introspection_cExport-release.cmake
[4.963s] -- Up-to-date: /home/faith/Work/carto_ws/install/astra_camera_msgs/share/astra_camera_msgs/cmake/astra_camera_msgs__rosidl_typesupport_cExport.cmake
[4.963s] -- Up-to-date: /home/faith/Work/carto_ws/install/astra_camera_msgs/share/astra_camera_msgs/cmake/astra_camera_msgs__rosidl_typesupport_cExport-release.cmake
[4.963s] -- Up-to-date: /home/faith/Work/carto_ws/install/astra_camera_msgs/share/astra_camera_msgs/cmake/export_astra_camera_msgs__rosidl_generator_cppExport.cmake
[4.963s] -- Up-to-date: /home/faith/Work/carto_ws/install/astra_camera_msgs/share/astra_camera_msgs/cmake/export_astra_camera_msgs__rosidl_typesupport_fastrtps_cppExport.cmake
[4.963s] -- Up-to-date: /home/faith/Work/carto_ws/install/astra_camera_msgs/share/astra_camera_msgs/cmake/export_astra_camera_msgs__rosidl_typesupport_fastrtps_cppExport-release.cmake
[4.964s] -- Up-to-date: /home/faith/Work/carto_ws/install/astra_camera_msgs/share/astra_camera_msgs/cmake/astra_camera_msgs__rosidl_typesupport_introspection_cppExport.cmake
[4.964s] -- Up-to-date: /home/faith/Work/carto_ws/install/astra_camera_msgs/share/astra_camera_msgs/cmake/astra_camera_msgs__rosidl_typesupport_introspection_cppExport-release.cmake
[4.964s] -- Up-to-date: /home/faith/Work/carto_ws/install/astra_camera_msgs/share/astra_camera_msgs/cmake/astra_camera_msgs__rosidl_typesupport_cppExport.cmake
[4.964s] -- Up-to-date: /home/faith/Work/carto_ws/install/astra_camera_msgs/share/astra_camera_msgs/cmake/astra_camera_msgs__rosidl_typesupport_cppExport-release.cmake
[4.964s] -- Up-to-date: /home/faith/Work/carto_ws/install/astra_camera_msgs/share/astra_camera_msgs/cmake/export_astra_camera_msgs__rosidl_generator_pyExport.cmake
[4.964s] -- Up-to-date: /home/faith/Work/carto_ws/install/astra_camera_msgs/share/astra_camera_msgs/cmake/export_astra_camera_msgs__rosidl_generator_pyExport-release.cmake
[4.964s] -- Up-to-date: /home/faith/Work/carto_ws/install/astra_camera_msgs/share/astra_camera_msgs/cmake/rosidl_cmake-extras.cmake
[4.964s] -- Up-to-date: /home/faith/Work/carto_ws/install/astra_camera_msgs/share/astra_camera_msgs/cmake/ament_cmake_export_dependencies-extras.cmake
[4.964s] -- Up-to-date: /home/faith/Work/carto_ws/install/astra_camera_msgs/share/astra_camera_msgs/cmake/ament_cmake_export_include_directories-extras.cmake
[4.964s] -- Up-to-date: /home/faith/Work/carto_ws/install/astra_camera_msgs/share/astra_camera_msgs/cmake/ament_cmake_export_libraries-extras.cmake
[4.964s] -- Up-to-date: /home/faith/Work/carto_ws/install/astra_camera_msgs/share/astra_camera_msgs/cmake/ament_cmake_export_targets-extras.cmake
[4.964s] -- Up-to-date: /home/faith/Work/carto_ws/install/astra_camera_msgs/share/astra_camera_msgs/cmake/rosidl_cmake_export_typesupport_targets-extras.cmake
[4.965s] -- Up-to-date: /home/faith/Work/carto_ws/install/astra_camera_msgs/share/astra_camera_msgs/cmake/rosidl_cmake_export_typesupport_libraries-extras.cmake
[4.965s] -- Up-to-date: /home/faith/Work/carto_ws/install/astra_camera_msgs/share/astra_camera_msgs/cmake/astra_camera_msgsConfig.cmake
[4.965s] -- Up-to-date: /home/faith/Work/carto_ws/install/astra_camera_msgs/share/astra_camera_msgs/cmake/astra_camera_msgsConfig-version.cmake
[4.965s] -- Up-to-date: /home/faith/Work/carto_ws/install/astra_camera_msgs/share/astra_camera_msgs/package.xml
[4.965s] Invoked command in '/home/faith/Work/carto_ws/build/astra_camera_msgs' returned '0': CMAKE_PREFIX_PATH=${CMAKE_PREFIX_PATH}:/home/faith/Work/carto_ws/install/fishbot_description:/opt/ros/humble /usr/bin/cmake --install /home/faith/Work/carto_ws/build/astra_camera_msgs
